[2025-06-03T00:03:38.001Z] [error]: Redis error: Error: Socket closed unexpectedly
[2025-06-03T00:03:42.132Z] [error]: Redis error: Error: Failed to connect
[2025-06-03T00:03:42.140Z] [error]: Redis error: Error: Failed to connect
[2025-06-03T00:03:42.201Z] [error]: Redis error: Error: Failed to connect
[2025-06-03T00:03:42.309Z] [error]: Redis error: Error: Failed to connect
[2025-06-03T00:03:42.464Z] [error]: Redis error: Error: Failed to connect
[2025-06-03T00:03:42.669Z] [error]: Redis error: Error: Failed to connect
[2025-06-03T00:03:42.925Z] [error]: Redis error: Error: Failed to connect
[2025-06-03T00:03:43.290Z] [error]: Redis error: Error: Failed to connect
[2025-06-03T00:03:43.648Z] [error]: Redis error: Error: Failed to connect
[2025-06-03T00:03:44.054Z] [error]: Redis error: Error: Failed to connect
[2025-06-03T00:03:44.510Z] [error]: Redis error: Error: Failed to connect
[2025-06-03T00:03:45.016Z] [error]: Redis error: Error: Failed to connect
[2025-06-03T00:03:45.524Z] [error]: Redis error: Error: Failed to connect
[2025-06-03T00:03:46.029Z] [error]: Redis error: Error: Failed to connect
[2025-06-03T00:03:46.533Z] [error]: Redis error: Error: Failed to connect
[2025-06-03T00:03:47.040Z] [error]: Redis error: Error: Failed to connect
[2025-06-03T00:03:47.548Z] [error]: Redis error: Error: Failed to connect
[2025-06-03T00:03:48.059Z] [error]: Redis error: Error: Failed to connect
[2025-06-03T00:03:48.590Z] [error]: Redis error: Error: Failed to connect
[2025-06-03T00:03:49.095Z] [error]: Redis error: Error: Failed to connect
[2025-06-03T00:03:49.599Z] [error]: Redis error: Error: Failed to connect
[2025-06-03T00:03:50.104Z] [error]: Redis error: Error: Failed to connect
[2025-06-03T00:03:50.611Z] [error]: Redis error: Error: Failed to connect
[2025-06-03T00:03:51.116Z] [error]: Redis error: Error: Failed to connect
[2025-06-03T00:03:51.620Z] [error]: Redis error: Error: Failed to connect
[2025-06-03T00:03:52.125Z] [error]: Redis error: Error: Failed to connect
[2025-06-03T00:03:52.635Z] [error]: Redis error: Error: Failed to connect
[2025-06-03T00:03:53.139Z] [error]: Redis error: Error: Failed to connect
[2025-06-03T00:03:53.644Z] [error]: Redis error: Error: Failed to connect
[2025-06-03T00:03:54.149Z] [error]: Redis error: Error: Failed to connect
[2025-06-03T00:03:54.656Z] [error]: Redis error: Error: Failed to connect
[2025-06-03T00:03:55.142Z] [error]: Redis error: Error: Failed to connect
[2025-06-03T00:03:55.613Z] [error]: Redis error: Error: Failed to connect
[2025-06-03T00:03:56.080Z] [error]: Redis error: Error: Failed to connect
[2025-06-03T00:03:56.543Z] [error]: Redis error: Error: Failed to connect
[2025-06-03T00:03:57.012Z] [error]: Redis error: Error: Failed to connect
[2025-06-03T00:03:57.482Z] [error]: Redis error: Error: Failed to connect
[2025-06-03T00:03:57.949Z] [error]: Redis error: Error: Failed to connect
[2025-06-03T00:03:58.417Z] [error]: Redis error: Error: Failed to connect
[2025-06-03T00:03:58.882Z] [error]: Redis error: Error: Failed to connect
[2025-06-03T00:03:59.345Z] [error]: Redis error: Error: Failed to connect
[2025-06-03T00:03:59.807Z] [error]: Redis error: Error: Failed to connect
[2025-06-03T00:04:00.268Z] [error]: Redis error: Error: Failed to connect
[2025-06-03T00:04:00.732Z] [error]: Redis error: Error: Failed to connect
[2025-06-03T00:04:01.199Z] [error]: Redis error: Error: Failed to connect
[2025-06-03T00:04:01.665Z] [error]: Redis error: Error: Failed to connect
[2025-06-03T00:04:02.132Z] [error]: Redis error: Error: Failed to connect
[2025-06-03T00:04:02.595Z] [error]: Redis error: Error: Failed to connect
[2025-06-03T00:04:03.057Z] [error]: Redis error: Error: Failed to connect
[2025-06-03T00:04:03.528Z] [error]: Redis error: Error: Failed to connect
[2025-06-03T00:04:03.993Z] [error]: Redis error: Error: Failed to connect
[2025-06-03T00:04:04.454Z] [error]: Redis error: Error: Failed to connect
[2025-06-03T00:04:04.919Z] [error]: Redis error: Error: Failed to connect
[2025-06-03T00:04:05.387Z] [error]: Redis error: Error: Failed to connect
[2025-06-03T00:04:05.860Z] [error]: Redis error: Error: Failed to connect
[2025-06-03T00:04:06.332Z] [error]: Redis error: Error: Failed to connect
[2025-06-03T00:04:06.804Z] [error]: Redis error: Error: Failed to connect
[2025-06-03T00:04:07.330Z] [error]: Redis error: Error: Failed to connect
[2025-06-03T00:04:08.816Z] [error]: Redis error: Error: Failed to connect
[2025-06-03T00:04:09.286Z] [error]: Redis error: Error: Failed to connect
[2025-06-03T00:04:09.753Z] [error]: Redis error: Error: Failed to connect
[2025-06-03T00:04:10.220Z] [error]: Redis error: Error: Failed to connect
[2025-06-03T00:04:10.688Z] [error]: Redis error: Error: Failed to connect
[2025-06-03T00:04:11.154Z] [error]: Redis error: Error: Failed to connect
[2025-06-03T00:04:11.618Z] [error]: Redis error: Error: Failed to connect
[2025-06-03T00:04:12.098Z] [error]: Redis error: Error: Failed to connect
[2025-06-03T00:04:12.607Z] [error]: Redis error: Error: Failed to connect
[2025-06-03T00:04:13.113Z] [error]: Redis error: Error: Failed to connect
[2025-06-03T00:04:13.620Z] [error]: Redis error: Error: Failed to connect
[2025-06-03T00:04:14.128Z] [error]: Redis error: Error: Failed to connect
[2025-06-03T00:04:14.635Z] [error]: Redis error: Error: Failed to connect
[2025-06-03T00:04:15.144Z] [error]: Redis error: Error: Failed to connect
[2025-06-03T00:04:15.650Z] [error]: Redis error: Error: Failed to connect
[2025-06-03T00:04:16.158Z] [error]: Redis error: Error: Failed to connect
[2025-06-03T00:04:16.663Z] [error]: Redis error: Error: Failed to connect
[2025-06-03T00:04:17.173Z] [error]: Redis error: Error: Failed to connect
[2025-06-03T00:04:17.679Z] [error]: Redis error: Error: Failed to connect
[2025-06-03T00:04:18.184Z] [error]: Redis error: Error: Failed to connect
[2025-06-03T00:04:18.688Z] [error]: Redis error: Error: Failed to connect
[2025-06-03T00:04:19.192Z] [error]: Redis error: Error: Failed to connect
[2025-06-03T00:04:19.696Z] [error]: Redis error: Error: Failed to connect
[2025-06-03T00:04:20.200Z] [error]: Redis error: Error: Failed to connect
[2025-06-03T00:04:20.704Z] [error]: Redis error: Error: Failed to connect
[2025-06-03T00:04:21.209Z] [error]: Redis error: Error: Failed to connect
[2025-06-03T00:04:21.715Z] [error]: Redis error: Error: Failed to connect
[2025-06-03T00:04:22.220Z] [error]: Redis error: Error: Failed to connect
[2025-06-03T00:04:22.725Z] [error]: Redis error: Error: Failed to connect
[2025-06-03T00:04:23.229Z] [error]: Redis error: Error: Failed to connect
[2025-06-03T00:04:23.734Z] [error]: Redis error: Error: Failed to connect
[2025-06-03T00:04:24.240Z] [error]: Redis error: Error: Failed to connect
[2025-06-03T00:04:24.746Z] [error]: Redis error: Error: Failed to connect
[2025-06-03T00:04:25.254Z] [error]: Redis error: Error: Failed to connect
[2025-06-03T00:04:25.759Z] [error]: Redis error: Error: Failed to connect
[2025-06-03T00:04:26.267Z] [error]: Redis error: Error: Failed to connect
[2025-06-03T00:04:26.775Z] [error]: Redis error: Error: Failed to connect
[2025-06-03T00:04:27.282Z] [error]: Redis error: Error: Failed to connect
[2025-06-03T00:04:27.790Z] [error]: Redis error: Error: Failed to connect
[2025-06-03T00:04:28.297Z] [error]: Redis error: Error: Failed to connect
[2025-06-03T00:04:28.804Z] [error]: Redis error: Error: Failed to connect
[2025-06-03T00:04:28.937Z] [error]: Failed to connect
[2025-06-03T00:04:29.310Z] [error]: Redis error: Error: Failed to connect
[2025-06-03T00:04:29.821Z] [error]: Redis error: Error: Failed to connect
[2025-06-03T00:04:30.326Z] [error]: Redis error: Error: Failed to connect
[2025-06-03T00:04:30.840Z] [error]: Redis error: Error: Failed to connect
[2025-06-03T00:04:31.345Z] [error]: Redis error: Error: Failed to connect
[2025-06-03T00:04:31.848Z] [error]: Redis error: Error: Failed to connect
[2025-06-03T00:04:32.355Z] [error]: Redis error: Error: Failed to connect
[2025-06-03T00:04:32.865Z] [error]: Redis error: Error: Failed to connect
[2025-06-03T00:04:33.369Z] [error]: Redis error: Error: Failed to connect
[2025-06-03T00:04:33.873Z] [error]: Redis error: Error: Failed to connect
[2025-06-03T00:04:34.378Z] [error]: Redis error: Error: Failed to connect
[2025-06-03T00:04:34.882Z] [error]: Redis error: Error: Failed to connect
[2025-06-03T00:04:35.387Z] [error]: Redis error: Error: Failed to connect
[2025-06-03T00:04:35.893Z] [error]: Redis error: Error: Failed to connect
[2025-06-03T00:04:36.398Z] [error]: Redis error: Error: Failed to connect
[2025-06-03T00:04:36.903Z] [error]: Redis error: Error: Failed to connect
[2025-06-03T00:04:37.407Z] [error]: Redis error: Error: Failed to connect
[2025-06-03T00:04:37.918Z] [error]: Redis error: Error: Failed to connect
[2025-06-03T00:04:38.422Z] [error]: Redis error: Error: Failed to connect
[2025-06-03T00:04:38.927Z] [error]: Redis error: Error: Failed to connect
[2025-06-03T00:04:39.431Z] [error]: Redis error: Error: Failed to connect
[2025-06-03T00:04:39.938Z] [error]: Redis error: Error: Failed to connect
[2025-06-03T00:04:40.442Z] [error]: Redis error: Error: Failed to connect
[2025-06-03T00:04:40.949Z] [error]: Redis error: Error: Failed to connect
[2025-06-03T00:04:41.456Z] [error]: Redis error: Error: Failed to connect
[2025-06-03T00:04:41.960Z] [error]: Redis error: Error: Failed to connect
[2025-06-03T00:04:42.470Z] [error]: Redis error: Error: Failed to connect
[2025-06-03T00:04:42.975Z] [error]: Redis error: Error: Failed to connect
[2025-06-03T00:04:43.480Z] [error]: Redis error: Error: Failed to connect
[2025-06-03T00:04:43.984Z] [error]: Redis error: Error: Failed to connect
[2025-06-03T00:04:44.491Z] [error]: Redis error: Error: Failed to connect
[2025-06-03T00:04:44.996Z] [error]: Redis error: Error: Failed to connect
[2025-06-03T00:04:45.501Z] [error]: Redis error: Error: Failed to connect
[2025-06-03T00:04:46.005Z] [error]: Redis error: Error: Failed to connect
[2025-06-03T00:04:46.509Z] [error]: Redis error: Error: Failed to connect
[2025-06-03T00:04:47.013Z] [error]: Redis error: Error: Failed to connect
[2025-06-03T00:04:47.517Z] [error]: Redis error: Error: Failed to connect
[2025-06-03T00:04:48.023Z] [error]: Redis error: Error: Failed to connect
[2025-06-03T00:04:48.530Z] [error]: Redis error: Error: Failed to connect
[2025-06-03T00:04:49.035Z] [error]: Redis error: Error: Failed to connect
[2025-06-03T00:04:49.539Z] [error]: Redis error: Error: Failed to connect
[2025-06-03T00:04:50.044Z] [error]: Redis error: Error: Failed to connect
[2025-06-03T00:04:50.548Z] [error]: Redis error: Error: Failed to connect
[2025-06-03T00:04:51.052Z] [error]: Redis error: Error: Failed to connect
[2025-06-03T00:04:51.558Z] [error]: Redis error: Error: Failed to connect
[2025-06-03T00:04:52.073Z] [error]: Redis error: Error: Failed to connect
[2025-06-03T00:04:52.581Z] [error]: Redis error: Error: Failed to connect
[2025-06-03T00:04:53.085Z] [error]: Redis error: Error: Failed to connect
[2025-06-03T00:04:53.589Z] [error]: Redis error: Error: Failed to connect
[2025-06-03T00:04:54.094Z] [error]: Redis error: Error: Failed to connect
[2025-06-03T00:04:54.598Z] [error]: Redis error: Error: Failed to connect
[2025-06-03T00:04:55.102Z] [error]: Redis error: Error: Failed to connect
[2025-06-03T00:04:55.606Z] [error]: Redis error: Error: Failed to connect
[2025-06-03T00:04:56.110Z] [error]: Redis error: Error: Failed to connect
[2025-06-03T00:04:56.618Z] [error]: Redis error: Error: Failed to connect
[2025-06-03T00:04:57.122Z] [error]: Redis error: Error: Failed to connect
[2025-06-03T00:04:57.627Z] [error]: Redis error: Error: Failed to connect
[2025-06-03T00:04:58.131Z] [error]: Redis error: Error: Failed to connect
[2025-06-03T00:04:58.637Z] [error]: Redis error: Error: Failed to connect
[2025-06-03T00:04:59.143Z] [error]: Redis error: Error: Failed to connect
[2025-06-03T00:04:59.648Z] [error]: Redis error: Error: Failed to connect
[2025-06-03T00:05:00.155Z] [error]: Redis error: Error: Failed to connect
[2025-06-03T00:05:00.661Z] [error]: Redis error: Error: Failed to connect
[2025-06-03T00:05:01.168Z] [error]: Redis error: Error: Failed to connect
[2025-06-03T00:05:01.673Z] [error]: Redis error: Error: Failed to connect
[2025-06-03T00:05:02.180Z] [error]: Redis error: Error: Failed to connect
[2025-06-03T00:05:02.685Z] [error]: Redis error: Error: Failed to connect
[2025-06-03T00:05:03.193Z] [error]: Redis error: Error: Failed to connect
[2025-06-03T00:05:03.698Z] [error]: Redis error: Error: Failed to connect
[2025-06-03T00:05:04.203Z] [error]: Redis error: Error: Failed to connect
[2025-06-03T00:05:04.709Z] [error]: Redis error: Error: Failed to connect
[2025-06-03T00:05:05.214Z] [error]: Redis error: Error: Failed to connect
[2025-06-03T00:05:05.719Z] [error]: Redis error: Error: Failed to connect
[2025-06-03T00:05:06.227Z] [error]: Redis error: Error: Failed to connect
[2025-06-03T00:05:06.732Z] [error]: Redis error: Error: Failed to connect
[2025-06-03T00:05:07.237Z] [error]: Redis error: Error: Failed to connect
[2025-06-03T00:05:07.743Z] [error]: Redis error: Error: Failed to connect
[2025-06-03T00:05:08.247Z] [error]: Redis error: Error: Failed to connect
[2025-06-03T00:05:08.763Z] [error]: Redis error: Error: Failed to connect
[2025-06-03T00:05:09.268Z] [error]: Redis error: Error: Failed to connect
[2025-06-03T00:05:09.779Z] [error]: Redis error: Error: Failed to connect
[2025-06-03T00:05:10.285Z] [error]: Redis error: Error: Failed to connect
[2025-06-03T00:05:10.790Z] [error]: Redis error: Error: Failed to connect
[2025-06-03T00:05:11.296Z] [error]: Redis error: Error: Failed to connect
[2025-06-03T00:05:11.802Z] [error]: Redis error: Error: Failed to connect
[2025-06-03T00:05:12.309Z] [error]: Redis error: Error: Failed to connect
[2025-06-03T00:05:12.816Z] [error]: Redis error: Error: Failed to connect
[2025-06-03T00:05:13.320Z] [error]: Redis error: Error: Failed to connect
[2025-06-03T00:05:13.824Z] [error]: Redis error: Error: Failed to connect
[2025-06-03T00:05:14.328Z] [error]: Redis error: Error: Failed to connect
[2025-06-03T00:05:14.835Z] [error]: Redis error: Error: Failed to connect
[2025-06-03T00:05:15.351Z] [error]: Redis error: Error: Failed to connect
[2025-06-03T00:05:15.859Z] [error]: Redis error: Error: Failed to connect
[2025-06-03T00:05:16.371Z] [error]: Redis error: Error: Failed to connect
[2025-06-03T00:05:16.880Z] [error]: Redis error: Error: Failed to connect
[2025-06-03T00:05:17.391Z] [error]: Redis error: Error: Failed to connect
[2025-06-03T00:05:17.901Z] [error]: Redis error: Error: Failed to connect
[2025-06-03T00:05:18.411Z] [error]: Redis error: Error: Failed to connect
[2025-06-03T00:05:18.927Z] [error]: Redis error: Error: Failed to connect
[2025-06-03T00:05:19.438Z] [error]: Redis error: Error: Failed to connect
[2025-06-03T00:05:19.947Z] [error]: Redis error: Error: Failed to connect
[2025-06-03T00:05:20.467Z] [error]: Redis error: Error: Failed to connect
[2025-06-03T00:05:20.975Z] [error]: Redis error: Error: Failed to connect
[2025-06-03T00:05:21.480Z] [error]: Redis error: Error: Failed to connect
[2025-06-03T00:05:21.992Z] [error]: Redis error: Error: Failed to connect
[2025-06-03T00:05:22.497Z] [error]: Redis error: Error: Failed to connect
[2025-06-03T00:05:23.015Z] [error]: Redis error: Error: Failed to connect
[2025-06-03T00:05:23.526Z] [error]: Redis error: Error: Failed to connect
[2025-06-03T00:05:24.033Z] [error]: Redis error: Error: Failed to connect
[2025-06-03T00:05:24.548Z] [error]: Redis error: Error: Failed to connect
[2025-06-03T00:05:25.060Z] [error]: Redis error: Error: Failed to connect
[2025-06-03T00:05:25.569Z] [error]: Redis error: Error: Failed to connect
[2025-06-03T00:05:26.081Z] [error]: Redis error: Error: Failed to connect
[2025-06-03T00:05:26.600Z] [error]: Redis error: Error: Failed to connect
[2025-06-03T00:05:27.104Z] [error]: Redis error: Error: Failed to connect
[2025-06-03T00:05:27.625Z] [error]: Redis error: Error: Failed to connect
[2025-06-03T00:05:28.132Z] [error]: Redis error: Error: Failed to connect
[2025-06-03T00:05:28.639Z] [error]: Redis error: Error: Failed to connect
[2025-06-03T00:05:29.146Z] [error]: Redis error: Error: Failed to connect
[2025-06-03T00:05:29.667Z] [error]: Redis error: Error: Failed to connect
[2025-06-03T00:05:30.007Z] [error]: Failed to connect
[2025-06-03T00:05:30.181Z] [error]: Redis error: Error: Failed to connect
[2025-06-03T00:05:30.685Z] [error]: Redis error: Error: Failed to connect
[2025-06-03T00:05:31.190Z] [error]: Redis error: Error: Failed to connect
[2025-06-03T00:05:31.696Z] [error]: Redis error: Error: Failed to connect
[2025-06-03T00:05:32.200Z] [error]: Redis error: Error: Failed to connect
[2025-06-03T00:05:32.705Z] [error]: Redis error: Error: Failed to connect
[2025-06-03T00:05:33.209Z] [error]: Redis error: Error: Failed to connect
[2025-06-03T00:05:33.713Z] [error]: Redis error: Error: Failed to connect
[2025-06-03T00:05:34.216Z] [error]: Redis error: Error: Failed to connect
[2025-06-03T00:05:35.730Z] [error]: Redis error: Error: Failed to connect
[2025-06-03T00:05:36.234Z] [error]: Redis error: Error: Failed to connect
[2025-06-03T00:05:36.843Z] [error]: Redis error: Error: Failed to connect
[2025-06-03T00:05:37.457Z] [error]: Redis error: Error: Failed to connect
[2025-06-03T00:05:38.072Z] [error]: Redis error: Error: Failed to connect
[2025-06-03T00:05:38.577Z] [error]: Redis error: Error: Failed to connect
[2025-06-03T00:05:39.081Z] [error]: Redis error: Error: Failed to connect
[2025-06-03T00:11:40.137Z] [error]: Redis error: Error: Failed to connect
[2025-06-03T00:11:40.640Z] [error]: Redis error: Error: Failed to connect
[2025-06-03T00:11:41.143Z] [error]: Redis error: Error: Failed to connect
[2025-06-03T00:11:41.646Z] [error]: Redis error: Error: Failed to connect
[2025-06-03T00:11:42.149Z] [error]: Redis error: Error: Failed to connect
[2025-06-03T00:12:55.779Z] [error]: Redis error: Error: Failed to connect
[2025-06-03T00:12:56.282Z] [error]: Redis error: Error: Failed to connect
[2025-06-03T00:12:56.785Z] [error]: Redis error: Error: Failed to connect
[2025-06-03T00:12:57.287Z] [error]: Redis error: Error: Failed to connect
[2025-06-03T00:12:57.789Z] [error]: Redis error: Error: Failed to connect
[2025-06-03T00:12:58.291Z] [error]: Redis error: Error: Failed to connect
[2025-06-03T00:12:58.794Z] [error]: Redis error: Error: Failed to connect
[2025-06-03T00:12:59.347Z] [error]: Redis error: Error: Failed to connect
[2025-06-03T00:12:59.949Z] [error]: Redis error: Error: Failed to connect
[2025-06-03T00:13:00.460Z] [error]: Redis error: Error: Failed to connect
[2025-06-03T00:13:00.969Z] [error]: Redis error: Error: Failed to connect
[2025-06-03T00:13:01.471Z] [error]: Redis error: Error: Failed to connect
[2025-06-03T00:13:19.302Z] [error]: Failed to connect
[2025-06-03T00:14:30.006Z] [error]: Failed to connect
[2025-06-03T00:14:50.768Z] [error]: HIDE::404::NotFound::Not found file!::
[2025-06-03T00:18:03.740Z] [error]: HIDE::404::NotFound::Not found file!::
[2025-06-03T00:28:40.005Z] [error]: HIDE::404::NotFound::Not found file!::
[2025-06-03T00:28:40.740Z] [error]: HIDE::404::NotFound::Not found file!::
[2025-06-03T00:29:47.537Z] [error]: HIDE::404::NotFound::Not found file!::
[2025-06-03T06:10:21.613Z] [error]: HIDE::404::NotFound::SPU not found!::
[2025-06-03T06:10:35.153Z] [error]: HIDE::404::NotFound::SPU not found!::
[2025-06-03T09:12:15.674Z] [error]: Redis error: Error: Socket closed unexpectedly
[2025-06-03T09:12:41.776Z] [error]: Redis error: Error: Socket closed unexpectedly
[2025-06-03T09:13:35.753Z] [error]: Redis error: Error: Socket closed unexpectedly
[2025-06-03T09:14:43.719Z] [error]: Redis error: Error: Socket closed unexpectedly
[2025-06-03T09:23:22.854Z] [error]: Redis error: Error: Socket closed unexpectedly
[2025-06-03T13:02:14.231Z] [error]: Redis error: Error: Socket closed unexpectedly
[2025-06-03T13:02:22.705Z] [error]: Redis error: Error: Socket closed unexpectedly
[2025-06-03T14:52:05.765Z] [error]: HIDE::403::Forbidden::Invalid token!::
[2025-06-03T14:52:31.989Z] [error]: HIDE::404::NotFound::Route is not exists::
[2025-06-03T14:52:32.090Z] [error]: HIDE::404::NotFound::Route is not exists::
[2025-06-03T14:57:03.538Z] [error]: HIDE::404::NotFound::Route is not exists::
[2025-06-03T14:57:03.689Z] [error]: HIDE::404::NotFound::Route is not exists::
[2025-06-03T14:59:32.955Z] [error]: HIDE::403::Forbidden::Token not found!::
[2025-06-03T14:59:32.983Z] [error]: HIDE::403::Forbidden::Token not found!::
[2025-06-03T15:17:00.367Z] [error]: HIDE::403::Forbidden::Token not found!::
[2025-06-03T16:00:55.159Z] [error]: HIDE::404::NotFound::Route is not exists::
[2025-06-03T16:04:33.881Z] [error]: HIDE::403::Forbidden::Username or password is not correct!::
[2025-06-03T16:04:36.727Z] [error]: HIDE::403::Forbidden::Username or password is not correct!::
[2025-06-03T16:05:05.148Z] [error]: HIDE::400::MongoServerError::E11000 duplicate key error collection: test.conversations index: customer_id_1_shop_id_1 dup key: { customer_id: null, shop_id: null }::
[2025-06-03T16:05:38.030Z] [error]: HIDE::400::MongoServerError::E11000 duplicate key error collection: test.conversations index: customer_id_1_shop_id_1 dup key: { customer_id: null, shop_id: null }::
[2025-06-03T16:07:40.116Z] [error]: HIDE::400::MongoServerError::E11000 duplicate key error collection: test.conversations index: customer_id_1_shop_id_1 dup key: { customer_id: null, shop_id: null }::
[2025-06-03T16:10:25.540Z] [error]: HIDE::400::BadRequest::[
  {
    "validation": "regex",
    "code": "invalid_string",
    "message": "Invalid MongoDB ObjectId",
    "path": [
      "shopId"
    ]
  }
]::
[2025-06-03T16:10:25.542Z] [error]: HIDE::400::BadRequest::[
  {
    "validation": "regex",
    "code": "invalid_string",
    "message": "Invalid MongoDB ObjectId",
    "path": [
      "shopId"
    ]
  }
]::
[2025-06-03T16:10:25.570Z] [error]: HIDE::400::BadRequest::[
  {
    "validation": "regex",
    "code": "invalid_string",
    "message": "Invalid MongoDB ObjectId",
    "path": [
      "shopId"
    ]
  }
]::
[2025-06-03T16:10:25.585Z] [error]: HIDE::400::BadRequest::[
  {
    "validation": "regex",
    "code": "invalid_string",
    "message": "Invalid MongoDB ObjectId",
    "path": [
      "shopId"
    ]
  }
]::
[2025-06-03T16:10:28.360Z] [error]: HIDE::404::NotFound::Not found file!::
[2025-06-03T16:10:28.402Z] [error]: HIDE::404::NotFound::Not found file!::
[2025-06-03T16:10:28.411Z] [error]: HIDE::404::NotFound::Not found file!::
[2025-06-03T16:10:28.421Z] [error]: HIDE::404::NotFound::Not found file!::
[2025-06-03T16:11:56.286Z] [error]: HIDE::404::NotFound::Route is not exists::
[2025-06-03T16:12:09.530Z] [error]: HIDE::403::Forbidden::Token is expired or invalid!::
[2025-06-03T16:12:09.687Z] [error]: HIDE::403::Forbidden::Token is expired or invalid!::
[2025-06-03T16:12:09.860Z] [error]: HIDE::403::Forbidden::Token is expired or invalid!::
[2025-06-03T16:12:10.063Z] [error]: HIDE::403::Forbidden::Token is expired or invalid!::
[2025-06-03T16:12:10.845Z] [error]: HIDE::403::Forbidden::Token is expired or invalid!::
[2025-06-03T16:12:10.847Z] [error]: HIDE::403::Forbidden::Token is expired or invalid!::
[2025-06-03T16:12:10.976Z] [error]: HIDE::403::Forbidden::Token is expired or invalid!::
[2025-06-03T16:12:10.978Z] [error]: HIDE::403::Forbidden::Token is expired or invalid!::
[2025-06-03T16:12:15.170Z] [error]: HIDE::404::NotFound::Not found file!::
[2025-06-03T16:12:20.661Z] [error]: HIDE::403::Forbidden::Username or password is not correct!::
[2025-06-03T16:17:53.115Z] [error]: HIDE::404::NotFound::Not found file!::
[2025-06-03T16:18:29.073Z] [error]: HIDE::403::Forbidden::Username or password is not correct!::
[2025-06-03T16:22:14.498Z] [error]: HIDE::404::NotFound::Not found file!::
[2025-06-03T16:31:42.797Z] [error]: HIDE::404::NotFound::Not found file!::
[2025-06-03T16:31:42.805Z] [error]: HIDE::404::NotFound::Not found file!::
[2025-06-03T16:31:42.808Z] [error]: HIDE::404::NotFound::Not found file!::
[2025-06-03T16:31:42.951Z] [error]: HIDE::404::NotFound::Not found file!::
[2025-06-03T16:32:40.663Z] [error]: HIDE::404::NotFound::Not found file!::
[2025-06-03T16:32:49.294Z] [error]: HIDE::404::NotFound::Not found file!::
[2025-06-03T16:33:05.866Z] [error]: HIDE::404::NotFound::Not found file!::
[2025-06-03T16:33:05.931Z] [error]: HIDE::404::NotFound::Not found file!::
[2025-06-03T16:33:05.938Z] [error]: HIDE::404::NotFound::Not found file!::
[2025-06-03T16:33:05.964Z] [error]: HIDE::404::NotFound::Not found file!::
[2025-06-03T16:33:23.870Z] [error]: HIDE::404::NotFound::Not found file!::
[2025-06-03T16:33:23.936Z] [error]: HIDE::404::NotFound::Not found file!::
[2025-06-03T16:33:23.940Z] [error]: HIDE::404::NotFound::Not found file!::
[2025-06-03T16:33:23.944Z] [error]: HIDE::404::NotFound::Not found file!::
[2025-06-03T16:33:24.770Z] [error]: HIDE::404::NotFound::Not found file!::
[2025-06-03T16:33:24.827Z] [error]: HIDE::404::NotFound::Not found file!::
[2025-06-03T16:33:24.831Z] [error]: HIDE::404::NotFound::Not found file!::
[2025-06-03T16:33:24.832Z] [error]: HIDE::404::NotFound::Not found file!::
[2025-06-03T16:33:27.368Z] [error]: HIDE::403::Forbidden::Token is expired or invalid!::
[2025-06-03T16:33:34.211Z] [error]: HIDE::404::NotFound::Not found file!::
[2025-06-03T16:33:34.279Z] [error]: HIDE::404::NotFound::Not found file!::
[2025-06-03T16:33:34.282Z] [error]: HIDE::404::NotFound::Not found file!::
[2025-06-03T16:33:34.293Z] [error]: HIDE::404::NotFound::Not found file!::
[2025-06-03T16:42:04.353Z] [error]: HIDE::404::NotFound::Not found file!::
[2025-06-03T16:42:37.067Z] [error]: HIDE::404::NotFound::Not found file!::
[2025-06-03T16:42:46.220Z] [error]: HIDE::404::NotFound::Not found file!::
[2025-06-03T16:42:48.414Z] [error]: HIDE::404::NotFound::Not found file!::
[2025-06-03T16:42:59.383Z] [error]: HIDE::404::NotFound::Not found file!::
[2025-06-03T16:43:47.852Z] [error]: HIDE::404::NotFound::Route is not exists::
[2025-06-03T16:43:48.182Z] [error]: HIDE::404::NotFound::Route is not exists::
[2025-06-03T16:43:57.866Z] [error]: HIDE::403::Forbidden::Token not found!::
[2025-06-03T16:43:58.191Z] [error]: HIDE::404::NotFound::Route is not exists::
[2025-06-03T16:43:59.478Z] [error]: HIDE::404::NotFound::Route is not exists::
[2025-06-03T16:44:00.252Z] [error]: HIDE::404::NotFound::Not found file!::
[2025-06-03T16:48:21.525Z] [error]: HIDE::404::NotFound::Not found file!::
[2025-06-03T16:48:37.435Z] [error]: HIDE::404::NotFound::Not found file!::
[2025-06-03T16:48:55.878Z] [error]: HIDE::404::NotFound::Not found file!::
[2025-06-03T16:49:26.198Z] [error]: HIDE::404::NotFound::Not found file!::
[2025-06-03T16:49:27.964Z] [error]: HIDE::404::NotFound::Not found file!::
[2025-06-03T16:49:29.969Z] [error]: HIDE::404::NotFound::Not found file!::
[2025-06-03T16:49:33.346Z] [error]: HIDE::404::NotFound::Not found file!::
[2025-06-03T16:49:35.591Z] [error]: HIDE::404::NotFound::Not found file!::
[2025-06-03T16:49:35.976Z] [error]: HIDE::404::NotFound::Not found file!::
[2025-06-03T16:49:37.884Z] [error]: HIDE::404::NotFound::Not found file!::
[2025-06-03T16:49:38.457Z] [error]: HIDE::404::NotFound::Not found file!::
[2025-06-03T16:49:38.679Z] [error]: HIDE::404::NotFound::Not found file!::
[2025-06-03T16:49:38.990Z] [error]: HIDE::404::NotFound::Not found file!::
[2025-06-03T16:49:39.438Z] [error]: HIDE::404::NotFound::Not found file!::
[2025-06-03T16:49:40.999Z] [error]: HIDE::404::NotFound::Not found file!::
[2025-06-03T16:49:56.124Z] [error]: HIDE::404::NotFound::Not found file!::
[2025-06-03T16:50:58.930Z] [error]: HIDE::404::NotFound::Not found file!::
[2025-06-03T16:51:00.430Z] [error]: HIDE::404::NotFound::Not found file!::
[2025-06-03T16:51:22.540Z] [error]: HIDE::404::NotFound::Not found file!::
[2025-06-03T16:51:24.704Z] [error]: HIDE::404::NotFound::Not found file!::
[2025-06-03T16:53:31.732Z] [error]: HIDE::403::Forbidden::Token is expired or invalid!::
[2025-06-03T16:53:31.808Z] [error]: HIDE::403::Forbidden::Token is expired or invalid!::
[2025-06-03T16:55:47.713Z] [error]: HIDE::404::NotFound::Username or password is not correct!::
[2025-06-03T16:56:18.483Z] [error]: HIDE::404::NotFound::Username or password is not correct!::
[2025-06-03T16:58:17.763Z] [error]: HIDE::403::Forbidden::Invalid token!::
[2025-06-03T16:58:28.993Z] [error]: HIDE::400::BadRequest::[
  {
    "validation": "regex",
    "code": "invalid_string",
    "message": "Invalid phone number format",
    "path": [
      "phoneNumber"
    ]
  }
]::
[2025-06-03T16:58:45.591Z] [error]: HIDE::409::Conflict::User is exists!::
[2025-06-03T16:58:59.198Z] [error]: HIDE::409::Conflict::User is exists!::
[2025-06-03T16:59:12.710Z] [error]: HIDE::409::Conflict::User is exists!::
[2025-06-03T16:59:37.211Z] [error]: HIDE::404::NotFound::Fields is exists!::
[2025-06-03T16:59:51.544Z] [error]: HIDE::404::NotFound::Fields is exists!::
[2025-06-03T17:00:04.564Z] [error]: HIDE::404::NotFound::Not found file!::
[2025-06-03T17:00:04.594Z] [error]: HIDE::404::NotFound::Not found file!::
[2025-06-03T17:00:04.639Z] [error]: HIDE::404::NotFound::Not found file!::
[2025-06-03T17:00:04.644Z] [error]: HIDE::404::NotFound::Not found file!::
[2025-06-03T17:00:36.201Z] [error]: HIDE::403::Forbidden::Invalid token!::
[2025-06-03T17:00:37.062Z] [error]: HIDE::403::Forbidden::Invalid token!::
[2025-06-03T17:00:37.064Z] [error]: HIDE::404::NotFound::Key token not found!::
[2025-06-03T17:00:37.111Z] [error]: HIDE::403::Forbidden::Token not found!::
[2025-06-03T17:00:53.124Z] [error]: HIDE::404::NotFound::Not found file!::
[2025-06-03T17:00:53.126Z] [error]: HIDE::404::NotFound::Not found file!::
[2025-06-03T17:00:53.133Z] [error]: HIDE::404::NotFound::Not found file!::
[2025-06-03T17:00:53.135Z] [error]: HIDE::404::NotFound::Not found file!::
[2025-06-03T17:00:53.137Z] [error]: HIDE::404::NotFound::Not found file!::
[2025-06-03T17:00:53.137Z] [error]: HIDE::404::NotFound::Not found file!::
[2025-06-03T17:00:53.256Z] [error]: HIDE::404::NotFound::Not found file!::
[2025-06-03T17:00:53.261Z] [error]: HIDE::404::NotFound::Not found file!::
[2025-06-03T17:00:53.262Z] [error]: HIDE::404::NotFound::Not found file!::
[2025-06-03T17:00:53.263Z] [error]: HIDE::404::NotFound::Not found file!::
[2025-06-03T17:00:53.265Z] [error]: HIDE::404::NotFound::Not found file!::
[2025-06-03T17:00:53.278Z] [error]: HIDE::404::NotFound::Not found file!::
[2025-06-03T17:00:53.364Z] [error]: HIDE::404::NotFound::Not found file!::
[2025-06-03T17:00:53.373Z] [error]: HIDE::404::NotFound::Not found file!::
[2025-06-03T17:00:53.375Z] [error]: HIDE::404::NotFound::Not found file!::
[2025-06-03T17:00:53.376Z] [error]: HIDE::404::NotFound::Not found file!::
[2025-06-03T17:00:53.377Z] [error]: HIDE::404::NotFound::Not found file!::
[2025-06-03T17:00:57.630Z] [error]: HIDE::404::NotFound::Not found file!::
[2025-06-03T17:00:57.695Z] [error]: HIDE::404::NotFound::Not found file!::
[2025-06-03T17:00:57.708Z] [error]: HIDE::404::NotFound::Not found file!::
[2025-06-03T17:00:57.710Z] [error]: HIDE::404::NotFound::Not found file!::
[2025-06-03T17:00:57.713Z] [error]: HIDE::404::NotFound::Not found file!::
[2025-06-03T17:00:57.728Z] [error]: HIDE::404::NotFound::Not found file!::
[2025-06-03T17:00:57.730Z] [error]: HIDE::404::NotFound::Not found file!::
[2025-06-03T17:00:57.782Z] [error]: HIDE::404::NotFound::Not found file!::
[2025-06-03T17:00:57.810Z] [error]: HIDE::404::NotFound::Not found file!::
[2025-06-03T17:00:57.859Z] [error]: HIDE::404::NotFound::Not found file!::
[2025-06-03T17:00:57.864Z] [error]: HIDE::404::NotFound::Not found file!::
[2025-06-03T17:00:57.888Z] [error]: HIDE::404::NotFound::Not found file!::
[2025-06-03T17:00:57.898Z] [error]: HIDE::404::NotFound::Not found file!::
[2025-06-03T17:00:57.944Z] [error]: HIDE::404::NotFound::Not found file!::
[2025-06-03T17:00:57.985Z] [error]: HIDE::404::NotFound::Not found file!::
[2025-06-03T17:00:57.988Z] [error]: HIDE::404::NotFound::Not found file!::
[2025-06-03T17:00:57.990Z] [error]: HIDE::404::NotFound::Not found file!::
[2025-06-03T17:01:01.488Z] [error]: HIDE::400::BadRequest::Cannot approve shop with status active::
[2025-06-03T17:05:39.670Z] [error]: HIDE::404::NotFound::Not found file!::
[2025-06-03T17:05:39.673Z] [error]: HIDE::404::NotFound::Not found file!::
[2025-06-03T17:05:39.674Z] [error]: HIDE::404::NotFound::Not found file!::
[2025-06-03T17:05:39.675Z] [error]: HIDE::404::NotFound::Not found file!::
[2025-06-03T17:06:01.853Z] [error]: HIDE::400::MongoServerError::E11000 duplicate key error collection: test.conversations index: customer_id_1_shop_id_1 dup key: { customer_id: null, shop_id: null }::
[2025-06-03T17:16:22.454Z] [error]: Socket authentication failed: HIDE::403::Forbidden::Token not found!::
[2025-06-03T17:16:52.913Z] [error]: HIDE::404::NotFound::Route is not exists::
[2025-06-03T17:49:23.197Z] [error]: HIDE::404::NotFound::Not found file!::
[2025-06-03T17:49:23.224Z] [error]: HIDE::404::NotFound::Not found file!::
[2025-06-03T17:49:23.233Z] [error]: HIDE::404::NotFound::Not found file!::
[2025-06-03T17:49:23.243Z] [error]: HIDE::404::NotFound::Not found file!::
[2025-06-03T18:16:33.577Z] [error]: HIDE::404::NotFound::Not found file!::
[2025-06-03T18:16:33.580Z] [error]: HIDE::404::NotFound::Not found file!::
[2025-06-03T18:16:33.581Z] [error]: HIDE::404::NotFound::Not found file!::
[2025-06-03T18:16:33.587Z] [error]: HIDE::404::NotFound::Not found file!::
[2025-06-03T18:23:27.677Z] [error]: HIDE::404::NotFound::Route is not exists::
[2025-06-03T18:27:25.728Z] [error]: HIDE::404::NotFound::Not found file!::
[2025-06-03T18:27:25.775Z] [error]: HIDE::404::NotFound::Not found file!::
[2025-06-03T18:27:25.780Z] [error]: HIDE::404::NotFound::Not found file!::
[2025-06-03T18:27:25.790Z] [error]: HIDE::404::NotFound::Not found file!::
[2025-06-03T18:31:39.336Z] [error]: HIDE::404::NotFound::Not found file!::
[2025-06-03T18:31:39.356Z] [error]: HIDE::404::NotFound::Not found file!::
[2025-06-03T18:31:39.370Z] [error]: HIDE::404::NotFound::Not found file!::
[2025-06-03T18:31:39.388Z] [error]: HIDE::404::NotFound::Not found file!::
[2025-06-03T18:32:29.823Z] [error]: HIDE::404::NotFound::Not found file!::
[2025-06-03T18:32:29.885Z] [error]: HIDE::404::NotFound::Not found file!::
[2025-06-03T18:32:29.903Z] [error]: HIDE::404::NotFound::Not found file!::
[2025-06-03T18:32:29.906Z] [error]: HIDE::404::NotFound::Not found file!::
[2025-06-03T18:32:56.948Z] [error]: HIDE::404::NotFound::Route is not exists::
[2025-06-03T18:39:50.081Z] [error]: HIDE::404::NotFound::Not found file!::
[2025-06-03T18:39:50.226Z] [error]: HIDE::404::NotFound::Not found file!::
[2025-06-03T18:39:50.233Z] [error]: HIDE::404::NotFound::Not found file!::
[2025-06-03T18:39:50.242Z] [error]: HIDE::404::NotFound::Not found file!::
[2025-06-03T18:41:37.799Z] [error]: HIDE::404::NotFound::Not found file!::
[2025-06-03T18:41:37.823Z] [error]: HIDE::404::NotFound::Not found file!::
[2025-06-03T18:41:37.825Z] [error]: HIDE::404::NotFound::Not found file!::
[2025-06-03T18:41:38.106Z] [error]: HIDE::404::NotFound::Not found file!::
