[2025-03-06T04:12:17.700Z] [error]: HIDE::400::ErrorResponse::"product_id" is required::
[2025-03-06T04:12:32.931Z] [error]: HIDE::400::ErrorResponse::"product_id" is not allowed to be empty::
[2025-03-06T04:12:35.897Z] [error]: HIDE::400::ErrorResponse::"product_category" is required::
[2025-03-06T04:12:52.929Z] [error]: HIDE::400::ErrorResponse::"product_category" must be one of [Phone, Clothes]::
[2025-03-06T04:19:04.412Z] [error]: read ECONNRESET
[2025-03-06T04:19:04.413Z] [error]: read ECONNRESET
[2025-03-06T04:41:32.676Z] [error]: HIDE::403::Forbidden::Token is expired or invalid!::
[2025-03-06T04:42:51.341Z] [error]: HIDE::404::NotFound::Not found payload to update::
[2025-03-06T04:46:10.181Z] [error]: HIDE::500::CastError::Cast to ObjectId failed for value "123" (type string) at path "_id" for model "Product"::
[2025-03-06T05:05:58.223Z] [error]: HIDE::403::Forbidden::Token is expired or invalid!::
[2025-03-06T05:20:28.768Z] [error]: HIDE::400::ErrorResponse::"is_publish" is required::
[2025-03-06T05:36:33.901Z] [error]: HIDE::403::Forbidden::Token is expired or invalid!::
[2025-03-06T05:38:10.319Z] [error]: HIDE::500::SyntaxError::Expected double-quoted property name in JSON at position 425 (line 14 column 1)::
[2025-03-06T05:47:35.003Z] [error]: HIDE::400::ErrorResponse::"product_category" is required::
[2025-03-06T05:47:48.250Z] [error]: HIDE::400::BadRequest::Save product failed::
[2025-03-06T05:48:45.127Z] [error]: HIDE::400::ErrorResponse::"product_attributes.size" is required::
[2025-03-06T05:48:52.391Z] [error]: HIDE::400::ErrorResponse::"product_attributes.phone_processor" is required::
[2025-03-06T05:49:00.008Z] [error]: Client must be connected before running operations
[2025-03-06T05:49:00.012Z] [error]: Client must be connected before running operations
[2025-03-06T05:50:00.048Z] [error]: Client must be connected before running operations
[2025-03-06T05:50:00.051Z] [error]: Client must be connected before running operations
[2025-03-06T05:51:00.065Z] [error]: Client must be connected before running operations
[2025-03-06T05:51:30.364Z] [error]: HIDE::500::SyntaxError::Expected double-quoted property name in JSON at position 347 (line 10 column 1)::
[2025-03-06T05:51:35.257Z] [error]: HIDE::400::ErrorResponse::"product_attributes" is required::
[2025-03-06T05:51:48.540Z] [error]: HIDE::403::Forbidden::Token is expired or invalid!::
[2025-03-06T05:51:53.678Z] [error]: HIDE::400::ErrorResponse::"product_attributes.size" is required::
[2025-03-06T05:55:57.236Z] [error]: HIDE::400::ErrorResponse::"product_category" is required::
[2025-03-06T05:59:13.578Z] [error]: HIDE::400::ErrorResponse::"product_category" is required::
[2025-03-06T05:59:26.306Z] [error]: HIDE::400::ErrorResponse::"product_category" must be one of [Phone, Clothes]::
[2025-03-06T06:05:19.115Z] [error]: HIDE::500::SyntaxError::Expected double-quoted property name in JSON at position 120 (line 5 column 1)::
[2025-03-06T06:05:22.707Z] [error]: HIDE::400::ErrorResponse::"product_attributes" is required::
[2025-03-06T06:06:08.071Z] [error]: HIDE::400::ErrorResponse::"product_attributes.phonename" is not allowed::
[2025-03-06T06:06:21.731Z] [error]: HIDE::400::ErrorResponse::"product_attributes.phone_memory" is not allowed::
[2025-03-06T06:06:34.847Z] [error]: HIDE::400::ErrorResponse::"product_attributes.phone_memory" is not allowed to be empty::
[2025-03-06T06:06:48.972Z] [error]: HIDE::400::ErrorResponse::"product_attributes.phone_memory" is not allowed to be empty::
[2025-03-06T06:06:52.067Z] [error]: HIDE::403::Forbidden::Token is expired or invalid!::
[2025-03-06T06:06:58.523Z] [error]: HIDE::400::ErrorResponse::"product_attributes.phone_me213mory" is not allowed::
[2025-03-06T06:07:17.491Z] [error]: HIDE::400::ErrorResponse::"product_attributes.phone_memory" is not allowed::
[2025-03-06T06:07:23.753Z] [error]: HIDE::400::ErrorResponse::"product_attributes.size" is not allowed to be empty::
[2025-03-06T06:08:48.488Z] [error]: HIDE::400::ErrorResponse::"product_attributes.213" is not allowed::
[2025-03-06T06:09:00.117Z] [error]: Client must be connected before running operations
[2025-03-06T06:10:00.025Z] [error]: Client must be connected before running operations
[2025-03-06T06:20:45.456Z] [error]: HIDE::500::CastError::Cast to ObjectId failed for value "67c83803e19119e4215227df9" (type string) at path "_id" for model "Product"::
[2025-03-06T06:20:56.605Z] [error]: HIDE::400::ErrorResponse::"product_attributes.213" is not allowed::
[2025-03-06T06:21:11.870Z] [error]: HIDE::404::NotFound::Not found product::
[2025-03-06T06:21:14.444Z] [error]: HIDE::500::CastError::Cast to ObjectId failed for value "67c83803e1919e4215227d9" (type string) at path "_id" for model "Product"::
[2025-03-06T06:28:18.238Z] [error]: HIDE::403::Forbidden::Token is expired or invalid!::
[2025-03-06T06:46:31.710Z] [error]: HIDE::403::Forbidden::Token is expired or invalid!::
[2025-03-06T06:46:37.819Z] [error]: HIDE::400::ErrorResponse::"_id" is required::
[2025-03-06T06:49:27.109Z] [error]: HIDE::404::NotFound::Not found product::
[2025-03-06T06:49:33.105Z] [error]: HIDE::500::CastError::Cast to ObjectId failed for value "67c83803e1919e4215227df" (type string) at path "_id" for model "Product"::
[2025-03-06T07:23:05.457Z] [error]: HIDE::403::Forbidden::Token is expired or invalid!::
[2025-03-06T07:23:11.279Z] [error]: HIDE::400::ErrorResponse::"product_id" is required::
[2025-03-06T07:39:35.576Z] [error]: HIDE::403::Forbidden::Token is expired or invalid!::
[2025-03-06T08:19:44.552Z] [error]: HIDE::403::Forbidden::Token is expired or invalid!::
[2025-03-06T08:20:08.379Z] [error]: HIDE::400::ErrorResponse::"product_attributes.size" is required::
[2025-03-06T08:23:00.046Z] [error]: Client must be connected before running operations
[2025-03-06T08:23:00.050Z] [error]: Client must be connected before running operations
[2025-03-06T08:23:31.589Z] [error]: HIDE::400::ErrorResponse::"product_attributes.phone_processor" is required::
[2025-03-06T08:23:44.031Z] [error]: HIDE::400::BadRequest::Invalid product category::
[2025-03-06T08:23:48.587Z] [error]: HIDE::400::BadRequest::Invalid product category::
[2025-03-06T08:24:00.062Z] [error]: Client must be connected before running operations
[2025-03-06T08:24:00.064Z] [error]: Client must be connected before running operations
[2025-03-06T08:24:00.645Z] [error]: HIDE::400::BadRequest::Invalid product category::
[2025-03-06T08:24:21.282Z] [error]: HIDE::400::BadRequest::Invalid product category::
[2025-03-06T08:24:32.027Z] [error]: HIDE::400::ErrorResponse::"product_category" must be one of [Phone, Clothes]::
[2025-03-06T08:24:38.605Z] [error]: HIDE::400::BadRequest::Invalid product category::
[2025-03-06T08:24:46.697Z] [error]: HIDE::400::ErrorResponse::"product_category" must be one of [Phone, Clothes]::
[2025-03-06T08:24:54.939Z] [error]: HIDE::400::BadRequest::Invalid product category::
[2025-03-06T08:25:00.018Z] [error]: Client must be connected before running operations
[2025-03-06T08:25:00.021Z] [error]: Client must be connected before running operations
[2025-03-06T08:26:00.061Z] [error]: Client must be connected before running operations
[2025-03-06T08:26:00.063Z] [error]: Client must be connected before running operations
[2025-03-06T08:27:00.003Z] [error]: Client must be connected before running operations
[2025-03-06T08:27:00.006Z] [error]: Client must be connected before running operations
[2025-03-06T08:28:00.062Z] [error]: Client must be connected before running operations
[2025-03-06T08:28:00.064Z] [error]: Client must be connected before running operations
[2025-03-06T08:29:00.004Z] [error]: Client must be connected before running operations
[2025-03-06T08:29:00.006Z] [error]: Client must be connected before running operations
[2025-03-06T08:30:00.062Z] [error]: Client must be connected before running operations
[2025-03-06T08:30:00.065Z] [error]: Client must be connected before running operations
[2025-03-06T08:31:00.061Z] [error]: Client must be connected before running operations
[2025-03-06T08:31:00.063Z] [error]: Client must be connected before running operations
[2025-03-06T08:32:00.063Z] [error]: Client must be connected before running operations
[2025-03-06T08:32:00.065Z] [error]: Client must be connected before running operations
[2025-03-06T08:33:00.064Z] [error]: Client must be connected before running operations
[2025-03-06T08:33:00.066Z] [error]: Client must be connected before running operations
[2025-03-06T08:34:00.057Z] [error]: Client must be connected before running operations
[2025-03-06T08:34:00.058Z] [error]: Client must be connected before running operations
[2025-03-06T08:34:31.721Z] [error]: HIDE::400::BadRequest::Current product category not is 'Clothes'::
[2025-03-06T08:34:39.118Z] [error]: HIDE::400::ErrorResponse::"product_attributes.size" is required::
[2025-03-06T08:35:00.062Z] [error]: Client must be connected before running operations
[2025-03-06T08:35:00.063Z] [error]: Client must be connected before running operations
[2025-03-06T08:35:27.576Z] [error]: HIDE::403::Forbidden::Token is expired or invalid!::
[2025-03-06T08:36:00.008Z] [error]: Client must be connected before running operations
[2025-03-06T08:36:00.009Z] [error]: Client must be connected before running operations
[2025-03-06T08:36:50.085Z] [error]: HIDE::400::ErrorResponse::"product_desription" is not allowed::
[2025-03-06T08:37:00.062Z] [error]: Client must be connected before running operations
[2025-03-06T08:37:00.063Z] [error]: Client must be connected before running operations
[2025-03-06T08:37:20.371Z] [error]: HIDE::400::ErrorResponse::"product_attributes.phone_processor" is required::
[2025-03-06T08:37:42.902Z] [error]: HIDE::400::ErrorResponse::"product_attributes.phone_processor" is required::
[2025-03-06T08:38:00.064Z] [error]: Client must be connected before running operations
[2025-03-06T08:38:00.066Z] [error]: Client must be connected before running operations
[2025-03-06T08:38:21.629Z] [error]: HIDE::400::ErrorResponse::"product_rating_avg" is not allowed::
[2025-03-06T08:38:35.033Z] [error]: HIDE::400::ErrorResponse::"product_slug" is not allowed::
[2025-03-06T08:38:44.371Z] [error]: HIDE::400::ErrorResponse::"is_draft" must be a boolean::
[2025-03-06T08:39:00.062Z] [error]: Client must be connected before running operations
[2025-03-06T08:39:00.065Z] [error]: Client must be connected before running operations
[2025-03-06T08:39:05.440Z] [error]: HIDE::400::ErrorResponse::"is_pusblish" is not allowed::
[2025-03-06T08:39:55.862Z] [error]: HIDE::400::ErrorResponse::"product_shop" is not allowed::
[2025-03-06T08:40:00.062Z] [error]: Client must be connected before running operations
[2025-03-06T08:40:00.065Z] [error]: Client must be connected before running operations
[2025-03-06T08:41:00.048Z] [error]: Client must be connected before running operations
[2025-03-06T08:41:00.050Z] [error]: Client must be connected before running operations
[2025-03-06T08:42:00.020Z] [error]: Client must be connected before running operations
[2025-03-06T08:42:00.022Z] [error]: Client must be connected before running operations
[2025-03-06T08:43:00.064Z] [error]: Client must be connected before running operations
[2025-03-06T08:43:00.066Z] [error]: Client must be connected before running operations
[2025-03-06T08:44:00.063Z] [error]: Client must be connected before running operations
[2025-03-06T08:44:00.066Z] [error]: Client must be connected before running operations
[2025-03-06T08:45:00.062Z] [error]: Client must be connected before running operations
[2025-03-06T08:45:00.064Z] [error]: Client must be connected before running operations
[2025-03-06T08:46:00.014Z] [error]: Client must be connected before running operations
[2025-03-06T08:46:00.017Z] [error]: Client must be connected before running operations
[2025-03-06T08:47:00.062Z] [error]: Client must be connected before running operations
[2025-03-06T08:47:00.064Z] [error]: Client must be connected before running operations
[2025-03-06T08:48:00.059Z] [error]: Client must be connected before running operations
[2025-03-06T08:48:00.060Z] [error]: Client must be connected before running operations
[2025-03-06T08:49:00.063Z] [error]: Client must be connected before running operations
[2025-03-06T08:49:00.065Z] [error]: Client must be connected before running operations
[2025-03-06T08:50:00.063Z] [error]: Client must be connected before running operations
[2025-03-06T08:50:00.065Z] [error]: Client must be connected before running operations
[2025-03-06T08:50:11.248Z] [error]: HIDE::400::BadRequest::Current product category not is 'Phone'::
[2025-03-06T08:51:00.066Z] [error]: Client must be connected before running operations
[2025-03-06T08:51:00.068Z] [error]: Client must be connected before running operations
[2025-03-06T08:52:00.062Z] [error]: Client must be connected before running operations
[2025-03-06T08:52:00.064Z] [error]: Client must be connected before running operations
[2025-03-06T08:53:00.063Z] [error]: Client must be connected before running operations
[2025-03-06T08:53:00.065Z] [error]: Client must be connected before running operations
[2025-03-06T08:54:00.059Z] [error]: Client must be connected before running operations
[2025-03-06T08:54:00.061Z] [error]: Client must be connected before running operations
[2025-03-06T08:55:00.064Z] [error]: Client must be connected before running operations
[2025-03-06T08:55:00.066Z] [error]: Client must be connected before running operations
[2025-03-06T08:56:00.061Z] [error]: Client must be connected before running operations
[2025-03-06T08:56:00.063Z] [error]: Client must be connected before running operations
[2025-03-06T08:57:00.011Z] [error]: Client must be connected before running operations
[2025-03-06T08:57:00.014Z] [error]: Client must be connected before running operations
[2025-03-06T08:57:00.063Z] [error]: Client must be connected before running operations
[2025-03-06T08:57:00.066Z] [error]: Client must be connected before running operations
[2025-03-06T08:57:13.497Z] [error]: HIDE::403::Forbidden::Token is expired or invalid!::
[2025-03-06T08:57:25.601Z] [error]: HIDE::404::NotFound::Product not found!::
[2025-03-06T08:58:00.062Z] [error]: Client must be connected before running operations
[2025-03-06T08:58:00.063Z] [error]: Client must be connected before running operations
[2025-03-06T08:58:00.065Z] [error]: Client must be connected before running operations
[2025-03-06T08:58:00.066Z] [error]: Client must be connected before running operations
[2025-03-06T08:59:00.062Z] [error]: Client must be connected before running operations
[2025-03-06T08:59:00.062Z] [error]: Client must be connected before running operations
[2025-03-06T08:59:00.064Z] [error]: Client must be connected before running operations
[2025-03-06T08:59:00.065Z] [error]: Client must be connected before running operations
[2025-03-06T09:00:00.017Z] [error]: Client must be connected before running operations
[2025-03-06T09:00:00.019Z] [error]: Client must be connected before running operations
[2025-03-06T09:00:00.066Z] [error]: Client must be connected before running operations
[2025-03-06T09:00:00.068Z] [error]: Client must be connected before running operations
[2025-03-06T09:01:00.059Z] [error]: Client must be connected before running operations
[2025-03-06T09:01:00.059Z] [error]: Client must be connected before running operations
[2025-03-06T09:01:00.061Z] [error]: Client must be connected before running operations
[2025-03-06T09:01:00.062Z] [error]: Client must be connected before running operations
[2025-03-06T09:02:00.005Z] [error]: Client must be connected before running operations
[2025-03-06T09:02:00.008Z] [error]: Client must be connected before running operations
[2025-03-06T09:02:00.029Z] [error]: Client must be connected before running operations
[2025-03-06T09:02:00.031Z] [error]: Client must be connected before running operations
[2025-03-06T09:03:00.064Z] [error]: Client must be connected before running operations
[2025-03-06T09:03:00.066Z] [error]: Client must be connected before running operations
[2025-03-06T09:03:00.068Z] [error]: Client must be connected before running operations
[2025-03-06T09:03:00.070Z] [error]: Client must be connected before running operations
[2025-03-06T09:04:00.058Z] [error]: Client must be connected before running operations
[2025-03-06T09:04:00.060Z] [error]: Client must be connected before running operations
[2025-03-06T09:04:00.062Z] [error]: Client must be connected before running operations
[2025-03-06T09:04:00.066Z] [error]: Client must be connected before running operations
[2025-03-06T09:05:00.015Z] [error]: Client must be connected before running operations
[2025-03-06T09:05:00.019Z] [error]: Client must be connected before running operations
[2025-03-06T09:05:00.066Z] [error]: Client must be connected before running operations
[2025-03-06T09:05:00.066Z] [error]: Client must be connected before running operations
[2025-03-06T09:05:00.068Z] [error]: Client must be connected before running operations
[2025-03-06T09:05:00.069Z] [error]: Client must be connected before running operations
[2025-03-06T09:06:00.009Z] [error]: Client must be connected before running operations
[2025-03-06T09:06:00.012Z] [error]: Client must be connected before running operations
[2025-03-06T09:06:00.056Z] [error]: Client must be connected before running operations
[2025-03-06T09:06:00.060Z] [error]: Client must be connected before running operations
[2025-03-06T09:06:00.063Z] [error]: Client must be connected before running operations
[2025-03-06T09:06:00.064Z] [error]: Client must be connected before running operations
[2025-03-06T09:07:00.010Z] [error]: Client must be connected before running operations
[2025-03-06T09:07:00.014Z] [error]: Client must be connected before running operations
[2025-03-06T09:07:00.066Z] [error]: Client must be connected before running operations
[2025-03-06T09:07:00.066Z] [error]: Client must be connected before running operations
[2025-03-06T09:07:00.066Z] [error]: Client must be connected before running operations
[2025-03-06T09:08:00.061Z] [error]: Client must be connected before running operations
[2025-03-06T09:08:00.064Z] [error]: Client must be connected before running operations
[2025-03-06T09:09:00.063Z] [error]: Client must be connected before running operations
[2025-03-06T09:09:00.067Z] [error]: Client must be connected before running operations
[2025-03-06T09:10:00.065Z] [error]: Client must be connected before running operations
[2025-03-06T09:10:00.068Z] [error]: Client must be connected before running operations
[2025-03-06T09:11:00.064Z] [error]: Client must be connected before running operations
[2025-03-06T09:11:00.067Z] [error]: Client must be connected before running operations
[2025-03-06T09:12:00.039Z] [error]: Client must be connected before running operations
[2025-03-06T09:12:00.041Z] [error]: Client must be connected before running operations
[2025-03-06T09:12:59.689Z] [error]: HIDE::403::Forbidden::Token is expired or invalid!::
[2025-03-06T09:13:00.060Z] [error]: Client must be connected before running operations
[2025-03-06T09:13:00.063Z] [error]: Client must be connected before running operations
[2025-03-06T09:14:00.038Z] [error]: Client must be connected before running operations
[2025-03-06T09:14:00.041Z] [error]: Client must be connected before running operations
[2025-03-06T09:14:16.169Z] [error]: HIDE::500::MongoServerError::Cannot apply $addToSet to non-array field. Field named 'product_attributes' has non-array type object::
[2025-03-06T09:15:00.066Z] [error]: Client must be connected before running operations
[2025-03-06T09:15:00.068Z] [error]: Client must be connected before running operations
[2025-03-06T09:16:00.062Z] [error]: Client must be connected before running operations
[2025-03-06T09:16:00.065Z] [error]: Client must be connected before running operations
[2025-03-06T09:16:15.082Z] [error]: HIDE::500::MongoServerError::The positional operator did not find the match needed from the query.::
[2025-03-06T09:16:41.968Z] [error]: HIDE::500::MongoServerError::The positional operator did not find the match needed from the query.::
[2025-03-06T09:17:00.065Z] [error]: Client must be connected before running operations
[2025-03-06T09:17:00.068Z] [error]: Client must be connected before running operations
[2025-03-06T09:18:00.065Z] [error]: Client must be connected before running operations
[2025-03-06T09:18:00.069Z] [error]: Client must be connected before running operations
[2025-03-06T09:19:00.009Z] [error]: Client must be connected before running operations
[2025-03-06T09:19:00.012Z] [error]: Client must be connected before running operations
[2025-03-06T09:20:00.062Z] [error]: Client must be connected before running operations
[2025-03-06T09:20:00.064Z] [error]: Client must be connected before running operations
[2025-03-06T09:21:00.065Z] [error]: Client must be connected before running operations
[2025-03-06T09:21:00.067Z] [error]: Client must be connected before running operations
[2025-03-06T09:22:00.059Z] [error]: Client must be connected before running operations
[2025-03-06T09:22:00.062Z] [error]: Client must be connected before running operations
[2025-03-06T09:23:00.064Z] [error]: Client must be connected before running operations
[2025-03-06T09:23:00.066Z] [error]: Client must be connected before running operations
[2025-03-06T09:24:00.063Z] [error]: Client must be connected before running operations
[2025-03-06T09:24:00.065Z] [error]: Client must be connected before running operations
[2025-03-06T09:25:00.060Z] [error]: Client must be connected before running operations
[2025-03-06T09:25:00.062Z] [error]: Client must be connected before running operations
[2025-03-06T09:26:00.038Z] [error]: Client must be connected before running operations
[2025-03-06T09:26:00.041Z] [error]: Client must be connected before running operations
[2025-03-06T09:27:00.063Z] [error]: Client must be connected before running operations
[2025-03-06T09:27:00.066Z] [error]: Client must be connected before running operations
[2025-03-06T09:28:00.064Z] [error]: Client must be connected before running operations
[2025-03-06T09:28:00.067Z] [error]: Client must be connected before running operations
[2025-03-06T09:29:00.062Z] [error]: Client must be connected before running operations
[2025-03-06T09:29:00.065Z] [error]: Client must be connected before running operations
[2025-03-06T09:30:00.063Z] [error]: Client must be connected before running operations
[2025-03-06T09:30:00.066Z] [error]: Client must be connected before running operations
[2025-03-06T09:31:00.065Z] [error]: Client must be connected before running operations
[2025-03-06T09:31:00.067Z] [error]: Client must be connected before running operations
[2025-03-06T09:32:00.062Z] [error]: Client must be connected before running operations
[2025-03-06T09:32:00.064Z] [error]: Client must be connected before running operations
[2025-03-06T09:33:00.063Z] [error]: Client must be connected before running operations
[2025-03-06T09:33:00.064Z] [error]: Client must be connected before running operations
[2025-03-06T09:33:51.881Z] [error]: HIDE::403::Forbidden::Token is expired or invalid!::
[2025-03-06T09:34:00.062Z] [error]: Client must be connected before running operations
[2025-03-06T09:34:00.065Z] [error]: Client must be connected before running operations
[2025-03-06T09:34:32.835Z] [error]: HIDE::500::MongoServerError::Modifiers operate on fields but we found type array instead. For example: {$mod: {<field>: ...}} not {$set: [ null ]}::
[2025-03-06T09:35:00.062Z] [error]: Client must be connected before running operations
[2025-03-06T09:35:00.064Z] [error]: Client must be connected before running operations
[2025-03-06T09:36:00.063Z] [error]: Client must be connected before running operations
[2025-03-06T09:36:00.065Z] [error]: Client must be connected before running operations
[2025-03-06T09:36:25.816Z] [error]: HIDE::400::ErrorResponse::"product_attributes.123" is not allowed::
[2025-03-06T09:36:26.258Z] [error]: HIDE::400::ErrorResponse::"product_attributes.123" is not allowed::
[2025-03-06T09:37:00.031Z] [error]: Client must be connected before running operations
[2025-03-06T09:37:00.064Z] [error]: Client must be connected before running operations
[2025-03-06T09:59:21.067Z] [error]: HIDE::500::SyntaxError::Expected double-quoted property name in JSON at position 369 (line 12 column 5)::
[2025-03-06T09:59:24.124Z] [error]: HIDE::403::Forbidden::Token is expired or invalid!::
[2025-03-06T10:02:00.013Z] [error]: Client must be connected before running operations
[2025-03-06T10:07:00.034Z] [error]: Client must be connected before running operations
[2025-03-06T10:07:00.036Z] [error]: Client must be connected before running operations
[2025-03-06T10:08:00.066Z] [error]: Client must be connected before running operations
[2025-03-06T10:08:00.075Z] [error]: Client must be connected before running operations
[2025-03-06T10:09:00.063Z] [error]: Client must be connected before running operations
[2025-03-06T10:09:00.065Z] [error]: Client must be connected before running operations
[2025-03-06T10:10:00.063Z] [error]: Client must be connected before running operations
[2025-03-06T10:10:00.065Z] [error]: Client must be connected before running operations
[2025-03-06T10:11:00.008Z] [error]: Client must be connected before running operations
[2025-03-06T10:11:00.011Z] [error]: Client must be connected before running operations
[2025-03-06T10:11:00.064Z] [error]: Client must be connected before running operations
[2025-03-06T10:11:00.066Z] [error]: Client must be connected before running operations
[2025-03-06T10:12:00.064Z] [error]: Client must be connected before running operations
[2025-03-06T10:12:00.064Z] [error]: Client must be connected before running operations
[2025-03-06T10:15:27.618Z] [error]: HIDE::403::Forbidden::Token is expired or invalid!::
[2025-03-06T10:16:11.591Z] [error]: HIDE::400::ErrorResponse::"product_attributes.is_smartphone" must be a boolean::
[2025-03-06T10:17:00.026Z] [error]: Client must be connected before running operations
[2025-03-06T10:17:00.029Z] [error]: Client must be connected before running operations
[2025-03-06T10:18:00.058Z] [error]: Client must be connected before running operations
[2025-03-06T10:18:00.060Z] [error]: Client must be connected before running operations
[2025-03-06T10:19:00.065Z] [error]: Client must be connected before running operations
[2025-03-06T10:19:00.068Z] [error]: Client must be connected before running operations
[2025-03-06T10:20:00.063Z] [error]: Client must be connected before running operations
[2025-03-06T10:20:00.068Z] [error]: Client must be connected before running operations
[2025-03-06T10:21:00.066Z] [error]: Client must be connected before running operations
[2025-03-06T10:21:00.069Z] [error]: Client must be connected before running operations
[2025-03-06T10:22:00.018Z] [error]: Client must be connected before running operations
[2025-03-06T10:22:00.020Z] [error]: Client must be connected before running operations
[2025-03-06T10:23:00.063Z] [error]: Client must be connected before running operations
[2025-03-06T10:23:00.071Z] [error]: Client must be connected before running operations
[2025-03-06T10:24:00.063Z] [error]: Client must be connected before running operations
[2025-03-06T10:24:00.066Z] [error]: Client must be connected before running operations
[2025-03-06T10:25:00.065Z] [error]: Client must be connected before running operations
[2025-03-06T10:25:00.068Z] [error]: Client must be connected before running operations
[2025-03-06T10:26:00.068Z] [error]: Client must be connected before running operations
[2025-03-06T10:26:00.070Z] [error]: Client must be connected before running operations
[2025-03-06T10:27:00.069Z] [error]: Client must be connected before running operations
[2025-03-06T10:27:00.079Z] [error]: Client must be connected before running operations
[2025-03-06T10:28:00.066Z] [error]: Client must be connected before running operations
[2025-03-06T10:28:00.069Z] [error]: Client must be connected before running operations
[2025-03-06T10:29:00.062Z] [error]: Client must be connected before running operations
[2025-03-06T10:29:00.064Z] [error]: Client must be connected before running operations
[2025-03-06T10:30:00.063Z] [error]: Client must be connected before running operations
[2025-03-06T10:30:00.066Z] [error]: Client must be connected before running operations
[2025-03-06T10:31:00.063Z] [error]: Client must be connected before running operations
[2025-03-06T10:31:00.065Z] [error]: Client must be connected before running operations
[2025-03-06T10:32:00.062Z] [error]: Client must be connected before running operations
[2025-03-06T10:32:00.064Z] [error]: Client must be connected before running operations
[2025-03-06T10:33:00.039Z] [error]: Client must be connected before running operations
[2025-03-06T10:33:00.042Z] [error]: Client must be connected before running operations
[2025-03-06T10:34:00.038Z] [error]: Client must be connected before running operations
[2025-03-06T10:34:00.040Z] [error]: Client must be connected before running operations
[2025-03-06T10:35:00.063Z] [error]: Client must be connected before running operations
[2025-03-06T10:35:00.066Z] [error]: Client must be connected before running operations
[2025-03-06T10:36:00.063Z] [error]: Client must be connected before running operations
[2025-03-06T10:36:00.065Z] [error]: Client must be connected before running operations
[2025-03-06T10:37:00.016Z] [error]: Client must be connected before running operations
[2025-03-06T10:37:00.018Z] [error]: Client must be connected before running operations
[2025-03-06T10:38:00.040Z] [error]: Client must be connected before running operations
[2025-03-06T10:38:00.044Z] [error]: Client must be connected before running operations
[2025-03-06T10:39:00.064Z] [error]: Client must be connected before running operations
[2025-03-06T10:39:00.069Z] [error]: Client must be connected before running operations
[2025-03-06T10:40:00.076Z] [error]: Client must be connected before running operations
[2025-03-06T10:40:00.083Z] [error]: Client must be connected before running operations
[2025-03-06T10:41:00.065Z] [error]: Client must be connected before running operations
[2025-03-06T10:41:00.068Z] [error]: Client must be connected before running operations
[2025-03-06T10:42:00.075Z] [error]: Client must be connected before running operations
[2025-03-06T10:42:00.078Z] [error]: Client must be connected before running operations
[2025-03-06T10:43:00.058Z] [error]: Client must be connected before running operations
[2025-03-06T10:43:00.065Z] [error]: Client must be connected before running operations
[2025-03-06T10:44:00.062Z] [error]: Client must be connected before running operations
[2025-03-06T10:44:00.064Z] [error]: Client must be connected before running operations
[2025-03-06T10:45:00.064Z] [error]: Client must be connected before running operations
[2025-03-06T10:45:00.066Z] [error]: Client must be connected before running operations
[2025-03-06T10:46:00.065Z] [error]: Client must be connected before running operations
[2025-03-06T10:46:00.066Z] [error]: Client must be connected before running operations
[2025-03-06T10:47:00.064Z] [error]: Client must be connected before running operations
[2025-03-06T10:47:00.067Z] [error]: Client must be connected before running operations
[2025-03-06T10:48:00.061Z] [error]: Client must be connected before running operations
[2025-03-06T10:48:00.062Z] [error]: Client must be connected before running operations
[2025-03-06T10:49:00.062Z] [error]: Client must be connected before running operations
[2025-03-06T10:49:00.065Z] [error]: Client must be connected before running operations
[2025-03-06T10:50:00.066Z] [error]: Client must be connected before running operations
[2025-03-06T10:50:00.068Z] [error]: Client must be connected before running operations
[2025-03-06T10:51:00.063Z] [error]: Client must be connected before running operations
[2025-03-06T10:51:00.067Z] [error]: Client must be connected before running operations
[2025-03-06T10:52:00.062Z] [error]: Client must be connected before running operations
[2025-03-06T10:52:00.065Z] [error]: Client must be connected before running operations
[2025-03-06T10:53:00.063Z] [error]: Client must be connected before running operations
[2025-03-06T10:53:00.065Z] [error]: Client must be connected before running operations
[2025-03-06T10:53:54.817Z] [error]: HIDE::403::Forbidden::Token is expired or invalid!::
[2025-03-06T10:54:00.068Z] [error]: Client must be connected before running operations
[2025-03-06T10:54:43.433Z] [error]: HIDE::404::NotFound::Route not exist!::
[2025-03-06T10:54:46.993Z] [error]: HIDE::404::NotFound::Route not exist!::
[2025-03-06T10:54:49.581Z] [error]: HIDE::404::NotFound::Route not exist!::
[2025-03-06T10:55:55.905Z] [error]: HIDE::404::NotFound::Route not exist!::
[2025-03-06T10:57:10.043Z] [error]: Operation `key_tokens.find()` buffering timed out after 10000ms
[2025-03-06T10:57:10.047Z] [error]: Operation `products.aggregate()` buffering timed out after 10000ms
[2025-03-06T11:18:42.062Z] [error]: HIDE::403::Forbidden::Token is expired or invalid!::
[2025-03-06T11:18:53.041Z] [error]: HIDE::404::NotFound::Route not exist!::
[2025-03-06T11:18:59.864Z] [error]: HIDE::403::Forbidden::Validate itemPerPage, currentPage failed!::
[2025-03-06T11:19:05.397Z] [error]: HIDE::403::Forbidden::Validate itemPerPage, currentPage failed!::
[2025-03-06T11:19:14.284Z] [error]: HIDE::403::Forbidden::Validate itemPerPage, currentPage failed!::
[2025-03-06T11:34:08.581Z] [error]: HIDE::403::Forbidden::Token is expired or invalid!::
[2025-03-06T11:34:34.505Z] [error]: HIDE::404::NotFound::User not found!::
[2025-03-06T11:34:44.694Z] [error]: HIDE::403::Forbidden::Can not permission to change this product!::
[2025-03-06T11:36:00.018Z] [error]: Client must be connected before running operations
[2025-03-06T11:47:00.009Z] [error]: Client must be connected before running operations
[2025-03-06T11:47:00.016Z] [error]: Client must be connected before running operations
[2025-03-06T11:48:00.038Z] [error]: Client must be connected before running operations
[2025-03-06T12:28:17.922Z] [error]: HIDE::404::NotFound::User not found!::
[2025-03-06T12:34:00.012Z] [error]: Client must be connected before running operations
[2025-03-06T12:34:00.019Z] [error]: Client must be connected before running operations
[2025-03-06T12:35:00.046Z] [error]: Client must be connected before running operations
[2025-03-06T12:41:22.816Z] [error]: HIDE::400::BadRequest::Remove product failed::
[2025-03-06T12:42:00.019Z] [error]: Client must be connected before running operations
[2025-03-06T12:42:00.022Z] [error]: Client must be connected before running operations
[2025-03-06T14:59:35.467Z] [error]: HIDE::403::Forbidden::Token is expired or invalid!::
[2025-03-06T15:08:14.952Z] [error]: HIDE::404::NotFound::Not found product shop!::
[2025-03-06T15:08:18.157Z] [error]: HIDE::404::NotFound::Not found product shop!::
[2025-03-06T15:13:59.922Z] [error]: HIDE::404::NotFound::Token not found!::
[2025-03-06T15:13:59.937Z] [error]: HIDE::404::NotFound::Token not found!::
[2025-03-06T15:13:59.951Z] [error]: HIDE::404::NotFound::Token not found!::
[2025-03-06T15:13:59.973Z] [error]: HIDE::404::NotFound::Token not found!::
[2025-03-06T15:13:59.978Z] [error]: HIDE::404::NotFound::Token not found!::
[2025-03-06T15:13:59.981Z] [error]: HIDE::404::NotFound::Token not found!::
[2025-03-06T15:14:00.001Z] [error]: HIDE::404::NotFound::Token not found!::
[2025-03-06T15:14:00.011Z] [error]: HIDE::404::NotFound::Token not found!::
[2025-03-06T15:14:00.094Z] [error]: HIDE::404::NotFound::Token not found!::
[2025-03-06T15:14:00.183Z] [error]: HIDE::404::NotFound::Token not found!::
[2025-03-06T15:14:00.612Z] [error]: HIDE::404::NotFound::Token not found!::
[2025-03-06T15:14:00.728Z] [error]: HIDE::404::NotFound::Token not found!::
[2025-03-06T15:14:00.836Z] [error]: HIDE::404::NotFound::Token not found!::
[2025-03-06T15:14:00.928Z] [error]: HIDE::404::NotFound::Token not found!::
[2025-03-06T15:14:02.342Z] [error]: HIDE::404::NotFound::Token not found!::
[2025-03-06T15:14:02.569Z] [error]: HIDE::404::NotFound::Token not found!::
[2025-03-06T15:14:02.579Z] [error]: HIDE::404::NotFound::Token not found!::
[2025-03-06T15:14:02.660Z] [error]: HIDE::404::NotFound::Token not found!::
[2025-03-06T15:14:02.704Z] [error]: HIDE::404::NotFound::Token not found!::
[2025-03-06T15:14:02.718Z] [error]: HIDE::404::NotFound::Token not found!::
[2025-03-06T15:14:02.741Z] [error]: HIDE::404::NotFound::Token not found!::
[2025-03-06T15:14:02.901Z] [error]: HIDE::404::NotFound::Token not found!::
[2025-03-06T15:14:03.215Z] [error]: HIDE::404::NotFound::Token not found!::
[2025-03-06T15:14:03.238Z] [error]: HIDE::404::NotFound::Token not found!::
[2025-03-06T15:14:03.302Z] [error]: HIDE::404::NotFound::Token not found!::
[2025-03-06T15:14:03.398Z] [error]: HIDE::404::NotFound::Token not found!::
[2025-03-06T15:14:03.402Z] [error]: HIDE::404::NotFound::Token not found!::
[2025-03-06T15:14:03.436Z] [error]: HIDE::404::NotFound::Token not found!::
[2025-03-06T15:14:03.440Z] [error]: HIDE::404::NotFound::Token not found!::
[2025-03-06T15:14:03.443Z] [error]: HIDE::404::NotFound::Token not found!::
[2025-03-06T15:14:03.470Z] [error]: HIDE::404::NotFound::Token not found!::
[2025-03-06T15:14:03.481Z] [error]: HIDE::404::NotFound::Token not found!::
[2025-03-06T15:14:03.486Z] [error]: HIDE::404::NotFound::Token not found!::
[2025-03-06T15:14:03.494Z] [error]: HIDE::404::NotFound::Token not found!::
[2025-03-06T15:14:03.495Z] [error]: HIDE::404::NotFound::Token not found!::
[2025-03-06T15:14:03.535Z] [error]: HIDE::404::NotFound::Token not found!::
[2025-03-06T15:14:03.804Z] [error]: HIDE::404::NotFound::Token not found!::
[2025-03-06T15:14:03.805Z] [error]: HIDE::404::NotFound::Token not found!::
[2025-03-06T15:14:03.819Z] [error]: HIDE::404::NotFound::Token not found!::
[2025-03-06T15:14:03.820Z] [error]: HIDE::404::NotFound::Token not found!::
[2025-03-06T15:14:04.012Z] [error]: HIDE::404::NotFound::Token not found!::
[2025-03-06T15:14:04.013Z] [error]: HIDE::404::NotFound::Token not found!::
[2025-03-06T15:14:04.071Z] [error]: HIDE::404::NotFound::Token not found!::
[2025-03-06T15:14:04.087Z] [error]: HIDE::404::NotFound::Token not found!::
[2025-03-06T15:14:04.130Z] [error]: HIDE::404::NotFound::Token not found!::
[2025-03-06T15:14:04.204Z] [error]: HIDE::404::NotFound::Token not found!::
[2025-03-06T15:14:04.236Z] [error]: HIDE::404::NotFound::Token not found!::
[2025-03-06T15:14:04.339Z] [error]: HIDE::404::NotFound::Token not found!::
[2025-03-06T15:14:04.354Z] [error]: HIDE::404::NotFound::Token not found!::
[2025-03-06T15:14:04.355Z] [error]: HIDE::404::NotFound::Token not found!::
[2025-03-06T15:14:04.413Z] [error]: HIDE::404::NotFound::Token not found!::
[2025-03-06T15:14:04.428Z] [error]: HIDE::404::NotFound::Token not found!::
[2025-03-06T15:14:04.502Z] [error]: HIDE::404::NotFound::Token not found!::
[2025-03-06T15:14:04.607Z] [error]: HIDE::404::NotFound::Token not found!::
[2025-03-06T15:14:04.621Z] [error]: HIDE::404::NotFound::Token not found!::
[2025-03-06T15:14:04.693Z] [error]: HIDE::404::NotFound::Token not found!::
[2025-03-06T15:14:04.768Z] [error]: HIDE::404::NotFound::Token not found!::
[2025-03-06T15:14:04.784Z] [error]: HIDE::404::NotFound::Token not found!::
[2025-03-06T15:14:04.997Z] [error]: HIDE::404::NotFound::Token not found!::
[2025-03-06T15:14:05.053Z] [error]: HIDE::404::NotFound::Token not found!::
[2025-03-06T15:14:05.097Z] [error]: HIDE::404::NotFound::Token not found!::
[2025-03-06T15:14:05.184Z] [error]: HIDE::404::NotFound::Token not found!::
[2025-03-06T15:14:05.288Z] [error]: HIDE::404::NotFound::Token not found!::
[2025-03-06T15:14:05.302Z] [error]: HIDE::404::NotFound::Token not found!::
[2025-03-06T15:14:05.336Z] [error]: HIDE::404::NotFound::Token not found!::
[2025-03-06T15:14:05.376Z] [error]: HIDE::404::NotFound::Token not found!::
[2025-03-06T15:14:05.405Z] [error]: HIDE::404::NotFound::Token not found!::
[2025-03-06T15:14:05.421Z] [error]: HIDE::404::NotFound::Token not found!::
[2025-03-06T15:14:05.450Z] [error]: HIDE::404::NotFound::Token not found!::
[2025-03-06T15:14:05.455Z] [error]: HIDE::404::NotFound::Token not found!::
[2025-03-06T15:14:05.480Z] [error]: HIDE::404::NotFound::Token not found!::
[2025-03-06T15:14:05.509Z] [error]: HIDE::404::NotFound::Token not found!::
[2025-03-06T15:14:05.510Z] [error]: HIDE::404::NotFound::Token not found!::
[2025-03-06T15:14:05.627Z] [error]: HIDE::404::NotFound::Token not found!::
[2025-03-06T15:14:05.687Z] [error]: HIDE::404::NotFound::Token not found!::
[2025-03-06T15:14:05.775Z] [error]: HIDE::404::NotFound::Token not found!::
[2025-03-06T15:14:05.862Z] [error]: HIDE::404::NotFound::Token not found!::
[2025-03-06T15:14:05.937Z] [error]: HIDE::404::NotFound::Token not found!::
[2025-03-06T15:14:05.938Z] [error]: HIDE::404::NotFound::Token not found!::
[2025-03-06T15:14:05.939Z] [error]: HIDE::404::NotFound::Token not found!::
[2025-03-06T15:14:06.025Z] [error]: HIDE::404::NotFound::Token not found!::
[2025-03-06T15:14:06.156Z] [error]: HIDE::404::NotFound::Token not found!::
[2025-03-06T15:14:06.171Z] [error]: HIDE::404::NotFound::Token not found!::
[2025-03-06T15:14:06.188Z] [error]: HIDE::404::NotFound::Token not found!::
[2025-03-06T15:14:06.202Z] [error]: HIDE::404::NotFound::Token not found!::
[2025-03-06T15:14:06.523Z] [error]: HIDE::404::NotFound::Token not found!::
[2025-03-06T15:14:06.536Z] [error]: HIDE::404::NotFound::Token not found!::
[2025-03-06T15:14:06.566Z] [error]: HIDE::404::NotFound::Token not found!::
[2025-03-06T15:14:06.594Z] [error]: HIDE::404::NotFound::Token not found!::
[2025-03-06T15:14:06.612Z] [error]: HIDE::404::NotFound::Token not found!::
[2025-03-06T15:14:06.643Z] [error]: HIDE::404::NotFound::Token not found!::
[2025-03-06T15:14:06.657Z] [error]: HIDE::404::NotFound::Token not found!::
[2025-03-06T15:14:06.717Z] [error]: HIDE::404::NotFound::Token not found!::
[2025-03-06T15:14:06.717Z] [error]: HIDE::404::NotFound::Token not found!::
[2025-03-06T15:14:06.774Z] [error]: HIDE::404::NotFound::Token not found!::
[2025-03-06T15:14:06.820Z] [error]: HIDE::404::NotFound::Token not found!::
[2025-03-06T15:14:06.838Z] [error]: HIDE::404::NotFound::Token not found!::
[2025-03-06T15:14:06.868Z] [error]: HIDE::404::NotFound::Token not found!::
[2025-03-06T15:14:06.869Z] [error]: HIDE::404::NotFound::Token not found!::
[2025-03-06T15:14:06.881Z] [error]: HIDE::404::NotFound::Token not found!::
[2025-03-06T15:14:07.226Z] [error]: HIDE::404::NotFound::Token not found!::
[2025-03-06T15:14:07.239Z] [error]: HIDE::404::NotFound::Token not found!::
[2025-03-06T15:14:07.323Z] [error]: HIDE::404::NotFound::Token not found!::
[2025-03-06T15:14:07.356Z] [error]: HIDE::404::NotFound::Token not found!::
[2025-03-06T15:14:07.414Z] [error]: HIDE::404::NotFound::Token not found!::
[2025-03-06T15:14:07.447Z] [error]: HIDE::404::NotFound::Token not found!::
[2025-03-06T15:14:07.449Z] [error]: HIDE::404::NotFound::Token not found!::
[2025-03-06T15:14:07.474Z] [error]: HIDE::404::NotFound::Token not found!::
[2025-03-06T15:14:07.521Z] [error]: HIDE::404::NotFound::Token not found!::
[2025-03-06T15:14:07.563Z] [error]: HIDE::404::NotFound::Token not found!::
[2025-03-06T15:14:07.592Z] [error]: HIDE::404::NotFound::Token not found!::
[2025-03-06T15:14:07.595Z] [error]: HIDE::404::NotFound::Token not found!::
[2025-03-06T15:14:07.724Z] [error]: HIDE::404::NotFound::Token not found!::
[2025-03-06T15:14:07.725Z] [error]: HIDE::404::NotFound::Token not found!::
[2025-03-06T15:14:07.729Z] [error]: HIDE::404::NotFound::Token not found!::
[2025-03-06T15:14:07.860Z] [error]: HIDE::404::NotFound::Token not found!::
[2025-03-06T15:14:07.875Z] [error]: HIDE::404::NotFound::Token not found!::
[2025-03-06T15:14:07.978Z] [error]: HIDE::404::NotFound::Token not found!::
[2025-03-06T15:14:08.099Z] [error]: HIDE::404::NotFound::Token not found!::
[2025-03-06T15:14:08.129Z] [error]: HIDE::404::NotFound::Token not found!::
[2025-03-06T15:14:08.177Z] [error]: HIDE::404::NotFound::Token not found!::
[2025-03-06T15:14:08.190Z] [error]: HIDE::404::NotFound::Token not found!::
[2025-03-06T15:14:08.204Z] [error]: HIDE::404::NotFound::Token not found!::
[2025-03-06T15:14:08.278Z] [error]: HIDE::404::NotFound::Token not found!::
[2025-03-06T15:14:08.341Z] [error]: HIDE::404::NotFound::Token not found!::
[2025-03-06T15:14:08.431Z] [error]: HIDE::404::NotFound::Token not found!::
[2025-03-06T15:14:08.461Z] [error]: HIDE::404::NotFound::Token not found!::
[2025-03-06T15:14:08.505Z] [error]: HIDE::404::NotFound::Token not found!::
[2025-03-06T15:14:08.672Z] [error]: HIDE::404::NotFound::Token not found!::
[2025-03-06T15:14:08.749Z] [error]: HIDE::404::NotFound::Token not found!::
[2025-03-06T15:14:08.762Z] [error]: HIDE::404::NotFound::Token not found!::
[2025-03-06T15:14:08.809Z] [error]: HIDE::404::NotFound::Token not found!::
[2025-03-06T15:14:08.899Z] [error]: HIDE::404::NotFound::Token not found!::
[2025-03-06T15:14:08.961Z] [error]: HIDE::404::NotFound::Token not found!::
[2025-03-06T15:14:08.962Z] [error]: HIDE::404::NotFound::Token not found!::
[2025-03-06T15:14:08.974Z] [error]: HIDE::404::NotFound::Token not found!::
[2025-03-06T15:14:09.049Z] [error]: HIDE::404::NotFound::Token not found!::
[2025-03-06T15:14:09.050Z] [error]: HIDE::404::NotFound::Token not found!::
[2025-03-06T15:14:09.064Z] [error]: HIDE::404::NotFound::Token not found!::
[2025-03-06T15:14:09.094Z] [error]: HIDE::404::NotFound::Token not found!::
[2025-03-06T15:14:09.139Z] [error]: HIDE::404::NotFound::Token not found!::
[2025-03-06T15:14:09.156Z] [error]: HIDE::404::NotFound::Token not found!::
[2025-03-06T15:14:09.170Z] [error]: HIDE::404::NotFound::Token not found!::
[2025-03-06T15:14:09.230Z] [error]: HIDE::404::NotFound::Token not found!::
[2025-03-06T15:14:09.329Z] [error]: HIDE::404::NotFound::Token not found!::
[2025-03-06T15:14:09.368Z] [error]: HIDE::404::NotFound::Token not found!::
[2025-03-06T15:14:09.469Z] [error]: HIDE::404::NotFound::Token not found!::
[2025-03-06T15:14:09.527Z] [error]: HIDE::404::NotFound::Token not found!::
[2025-03-06T15:14:09.602Z] [error]: HIDE::404::NotFound::Token not found!::
[2025-03-06T15:14:09.694Z] [error]: HIDE::404::NotFound::Token not found!::
[2025-03-06T15:14:09.759Z] [error]: HIDE::404::NotFound::Token not found!::
[2025-03-06T15:14:09.773Z] [error]: HIDE::404::NotFound::Token not found!::
[2025-03-06T15:14:09.924Z] [error]: HIDE::404::NotFound::Token not found!::
[2025-03-06T15:14:10.000Z] [error]: HIDE::404::NotFound::Token not found!::
[2025-03-06T15:14:10.016Z] [error]: HIDE::404::NotFound::Token not found!::
[2025-03-06T15:14:10.017Z] [error]: HIDE::404::NotFound::Token not found!::
[2025-03-06T15:14:10.075Z] [error]: HIDE::404::NotFound::Token not found!::
[2025-03-06T15:14:10.151Z] [error]: HIDE::404::NotFound::Token not found!::
[2025-03-06T15:14:10.211Z] [error]: HIDE::404::NotFound::Token not found!::
[2025-03-06T15:14:10.226Z] [error]: HIDE::404::NotFound::Token not found!::
[2025-03-06T15:14:10.258Z] [error]: HIDE::404::NotFound::Token not found!::
[2025-03-06T15:15:01.356Z] [error]: HIDE::404::NotFound::Token not found!::
[2025-03-06T15:15:01.444Z] [error]: HIDE::404::NotFound::Token not found!::
[2025-03-06T15:15:01.448Z] [error]: HIDE::404::NotFound::Token not found!::
[2025-03-06T15:15:01.487Z] [error]: HIDE::404::NotFound::Token not found!::
[2025-03-06T15:15:01.501Z] [error]: HIDE::404::NotFound::Token not found!::
[2025-03-06T15:15:01.524Z] [error]: HIDE::404::NotFound::Token not found!::
[2025-03-06T15:15:01.528Z] [error]: HIDE::404::NotFound::Token not found!::
[2025-03-06T15:15:01.533Z] [error]: HIDE::404::NotFound::Token not found!::
[2025-03-06T15:15:01.542Z] [error]: HIDE::404::NotFound::Token not found!::
[2025-03-06T15:15:01.566Z] [error]: HIDE::404::NotFound::Token not found!::
[2025-03-06T15:15:02.138Z] [error]: HIDE::404::NotFound::Token not found!::
[2025-03-06T15:15:02.176Z] [error]: HIDE::404::NotFound::Token not found!::
[2025-03-06T15:15:02.257Z] [error]: HIDE::404::NotFound::Token not found!::
[2025-03-06T15:15:02.435Z] [error]: HIDE::404::NotFound::Token not found!::
[2025-03-06T15:15:02.570Z] [error]: HIDE::404::NotFound::Token not found!::
[2025-03-06T15:15:02.585Z] [error]: HIDE::404::NotFound::Token not found!::
[2025-03-06T15:15:02.686Z] [error]: HIDE::404::NotFound::Token not found!::
[2025-03-06T15:15:02.788Z] [error]: HIDE::404::NotFound::Token not found!::
[2025-03-06T15:15:02.849Z] [error]: HIDE::404::NotFound::Token not found!::
[2025-03-06T15:15:02.878Z] [error]: HIDE::404::NotFound::Token not found!::
[2025-03-06T15:15:03.028Z] [error]: HIDE::404::NotFound::Token not found!::
[2025-03-06T15:15:03.095Z] [error]: HIDE::404::NotFound::Token not found!::
[2025-03-06T15:15:03.330Z] [error]: HIDE::404::NotFound::Token not found!::
[2025-03-06T15:15:03.345Z] [error]: HIDE::404::NotFound::Token not found!::
[2025-03-06T15:15:03.556Z] [error]: HIDE::404::NotFound::Token not found!::
[2025-03-06T15:15:03.567Z] [error]: HIDE::404::NotFound::Token not found!::
[2025-03-06T15:15:03.568Z] [error]: HIDE::404::NotFound::Token not found!::
[2025-03-06T15:15:03.618Z] [error]: HIDE::404::NotFound::Token not found!::
[2025-03-06T15:15:03.692Z] [error]: HIDE::404::NotFound::Token not found!::
[2025-03-06T15:15:03.787Z] [error]: HIDE::404::NotFound::Token not found!::
[2025-03-06T15:15:03.812Z] [error]: HIDE::404::NotFound::Token not found!::
[2025-03-06T15:15:03.823Z] [error]: HIDE::404::NotFound::Token not found!::
[2025-03-06T15:15:03.850Z] [error]: HIDE::404::NotFound::Token not found!::
[2025-03-06T15:15:03.853Z] [error]: HIDE::404::NotFound::Token not found!::
[2025-03-06T15:15:03.897Z] [error]: HIDE::404::NotFound::Token not found!::
[2025-03-06T15:15:03.904Z] [error]: HIDE::404::NotFound::Token not found!::
[2025-03-06T15:15:03.906Z] [error]: HIDE::404::NotFound::Token not found!::
[2025-03-06T15:15:03.965Z] [error]: HIDE::404::NotFound::Token not found!::
[2025-03-06T15:15:03.969Z] [error]: HIDE::404::NotFound::Token not found!::
[2025-03-06T15:15:04.024Z] [error]: HIDE::404::NotFound::Token not found!::
[2025-03-06T15:15:04.070Z] [error]: HIDE::404::NotFound::Token not found!::
[2025-03-06T15:15:04.222Z] [error]: HIDE::404::NotFound::Token not found!::
[2025-03-06T15:15:04.300Z] [error]: HIDE::404::NotFound::Token not found!::
[2025-03-06T15:15:04.403Z] [error]: HIDE::404::NotFound::Token not found!::
[2025-03-06T15:15:04.491Z] [error]: HIDE::404::NotFound::Token not found!::
[2025-03-06T15:15:04.504Z] [error]: HIDE::404::NotFound::Token not found!::
[2025-03-06T15:15:04.548Z] [error]: HIDE::404::NotFound::Token not found!::
[2025-03-06T15:15:04.707Z] [error]: HIDE::404::NotFound::Token not found!::
[2025-03-06T15:15:04.722Z] [error]: HIDE::404::NotFound::Token not found!::
[2025-03-06T15:15:04.752Z] [error]: HIDE::404::NotFound::Token not found!::
[2025-03-06T15:15:04.770Z] [error]: HIDE::404::NotFound::Token not found!::
[2025-03-06T15:15:04.774Z] [error]: HIDE::404::NotFound::Token not found!::
[2025-03-06T15:15:04.842Z] [error]: HIDE::404::NotFound::Token not found!::
[2025-03-06T15:15:04.843Z] [error]: HIDE::404::NotFound::Token not found!::
[2025-03-06T15:15:04.931Z] [error]: HIDE::404::NotFound::Token not found!::
[2025-03-06T15:15:05.035Z] [error]: HIDE::404::NotFound::Token not found!::
[2025-03-06T15:15:05.065Z] [error]: HIDE::404::NotFound::Token not found!::
[2025-03-06T15:15:05.108Z] [error]: HIDE::404::NotFound::Token not found!::
[2025-03-06T15:15:05.138Z] [error]: HIDE::404::NotFound::Token not found!::
[2025-03-06T15:15:05.168Z] [error]: HIDE::404::NotFound::Token not found!::
[2025-03-06T15:15:05.183Z] [error]: HIDE::404::NotFound::Token not found!::
[2025-03-06T15:15:05.319Z] [error]: HIDE::404::NotFound::Token not found!::
[2025-03-06T15:15:05.366Z] [error]: HIDE::404::NotFound::Token not found!::
[2025-03-06T15:15:05.379Z] [error]: HIDE::404::NotFound::Token not found!::
[2025-03-06T15:15:05.422Z] [error]: HIDE::404::NotFound::Token not found!::
[2025-03-06T15:15:05.499Z] [error]: HIDE::404::NotFound::Token not found!::
[2025-03-06T15:15:05.572Z] [error]: HIDE::404::NotFound::Token not found!::
[2025-03-06T15:15:05.616Z] [error]: HIDE::404::NotFound::Token not found!::
[2025-03-06T15:15:05.618Z] [error]: HIDE::404::NotFound::Token not found!::
[2025-03-06T15:15:05.753Z] [error]: HIDE::404::NotFound::Token not found!::
[2025-03-06T15:15:05.772Z] [error]: HIDE::404::NotFound::Token not found!::
[2025-03-06T15:15:05.775Z] [error]: HIDE::404::NotFound::Token not found!::
[2025-03-06T15:15:05.834Z] [error]: HIDE::404::NotFound::Token not found!::
[2025-03-06T15:15:05.953Z] [error]: HIDE::404::NotFound::Token not found!::
[2025-03-06T15:15:05.954Z] [error]: HIDE::404::NotFound::Token not found!::
[2025-03-06T15:15:05.998Z] [error]: HIDE::404::NotFound::Token not found!::
[2025-03-06T15:15:06.012Z] [error]: HIDE::404::NotFound::Token not found!::
[2025-03-06T15:15:06.268Z] [error]: HIDE::404::NotFound::Token not found!::
[2025-03-06T15:15:06.268Z] [error]: HIDE::404::NotFound::Token not found!::
[2025-03-06T15:15:06.283Z] [error]: HIDE::404::NotFound::Token not found!::
[2025-03-06T15:15:06.344Z] [error]: HIDE::404::NotFound::Token not found!::
[2025-03-06T15:15:06.345Z] [error]: HIDE::404::NotFound::Token not found!::
[2025-03-06T15:15:06.417Z] [error]: HIDE::404::NotFound::Token not found!::
[2025-03-06T15:15:06.463Z] [error]: HIDE::404::NotFound::Token not found!::
[2025-03-06T15:15:06.478Z] [error]: HIDE::404::NotFound::Token not found!::
[2025-03-06T15:15:06.523Z] [error]: HIDE::404::NotFound::Token not found!::
[2025-03-06T15:15:06.655Z] [error]: HIDE::404::NotFound::Token not found!::
[2025-03-06T15:15:06.655Z] [error]: HIDE::404::NotFound::Token not found!::
[2025-03-06T15:15:06.779Z] [error]: HIDE::404::NotFound::Token not found!::
[2025-03-06T15:15:06.868Z] [error]: HIDE::404::NotFound::Token not found!::
[2025-03-06T15:15:06.898Z] [error]: HIDE::404::NotFound::Token not found!::
[2025-03-06T15:15:06.942Z] [error]: HIDE::404::NotFound::Token not found!::
[2025-03-06T15:15:06.987Z] [error]: HIDE::404::NotFound::Token not found!::
[2025-03-06T15:15:07.050Z] [error]: HIDE::404::NotFound::Token not found!::
[2025-03-06T15:15:07.082Z] [error]: HIDE::404::NotFound::Token not found!::
[2025-03-06T15:15:07.125Z] [error]: HIDE::404::NotFound::Token not found!::
[2025-03-06T15:15:07.130Z] [error]: HIDE::404::NotFound::Token not found!::
[2025-03-06T15:15:07.139Z] [error]: HIDE::404::NotFound::Token not found!::
[2025-03-06T15:15:07.199Z] [error]: HIDE::404::NotFound::Token not found!::
[2025-03-06T15:15:07.214Z] [error]: HIDE::404::NotFound::Token not found!::
[2025-03-06T15:15:07.289Z] [error]: HIDE::404::NotFound::Token not found!::
[2025-03-06T15:15:07.412Z] [error]: HIDE::404::NotFound::Token not found!::
[2025-03-06T15:15:07.413Z] [error]: HIDE::404::NotFound::Token not found!::
[2025-03-06T15:15:07.692Z] [error]: HIDE::404::NotFound::Token not found!::
[2025-03-06T15:15:07.736Z] [error]: HIDE::404::NotFound::Token not found!::
[2025-03-06T15:15:07.796Z] [error]: HIDE::404::NotFound::Token not found!::
[2025-03-06T15:15:07.797Z] [error]: HIDE::404::NotFound::Token not found!::
[2025-03-06T15:15:07.884Z] [error]: HIDE::404::NotFound::Token not found!::
[2025-03-06T15:15:07.928Z] [error]: HIDE::404::NotFound::Token not found!::
[2025-03-06T15:15:07.929Z] [error]: HIDE::404::NotFound::Token not found!::
[2025-03-06T15:15:07.987Z] [error]: HIDE::404::NotFound::Token not found!::
[2025-03-06T15:15:07.991Z] [error]: HIDE::404::NotFound::Token not found!::
[2025-03-06T15:15:07.997Z] [error]: HIDE::404::NotFound::Token not found!::
[2025-03-06T15:15:08.029Z] [error]: HIDE::404::NotFound::Token not found!::
[2025-03-06T15:15:08.030Z] [error]: HIDE::404::NotFound::Token not found!::
[2025-03-06T15:15:08.041Z] [error]: HIDE::404::NotFound::Token not found!::
[2025-03-06T15:15:08.134Z] [error]: HIDE::404::NotFound::Token not found!::
[2025-03-06T15:15:08.294Z] [error]: HIDE::404::NotFound::Token not found!::
[2025-03-06T15:15:08.353Z] [error]: HIDE::404::NotFound::Token not found!::
[2025-03-06T15:15:08.354Z] [error]: HIDE::404::NotFound::Token not found!::
[2025-03-06T15:15:08.469Z] [error]: HIDE::404::NotFound::Token not found!::
[2025-03-06T15:15:08.487Z] [error]: HIDE::404::NotFound::Token not found!::
[2025-03-06T15:15:40.650Z] [error]: HIDE::404::NotFound::Token not found!::
[2025-03-06T15:15:40.662Z] [error]: HIDE::404::NotFound::Token not found!::
[2025-03-06T15:15:40.667Z] [error]: HIDE::404::NotFound::Token not found!::
[2025-03-06T15:15:40.689Z] [error]: HIDE::404::NotFound::Token not found!::
[2025-03-06T15:15:40.694Z] [error]: HIDE::404::NotFound::Token not found!::
[2025-03-06T15:15:40.732Z] [error]: HIDE::404::NotFound::Token not found!::
[2025-03-06T15:15:40.835Z] [error]: HIDE::404::NotFound::Token not found!::
[2025-03-06T15:15:40.838Z] [error]: HIDE::404::NotFound::Token not found!::
[2025-03-06T15:15:40.860Z] [error]: HIDE::404::NotFound::Token not found!::
[2025-03-06T15:15:40.877Z] [error]: HIDE::404::NotFound::Token not found!::
[2025-03-06T15:15:41.407Z] [error]: HIDE::404::NotFound::Token not found!::
[2025-03-06T15:15:41.433Z] [error]: HIDE::404::NotFound::Token not found!::
[2025-03-06T15:15:41.438Z] [error]: HIDE::404::NotFound::Token not found!::
[2025-03-06T15:15:41.641Z] [error]: HIDE::404::NotFound::Token not found!::
[2025-03-06T15:15:41.806Z] [error]: HIDE::404::NotFound::Token not found!::
[2025-03-06T15:15:41.842Z] [error]: HIDE::404::NotFound::Token not found!::
[2025-03-06T15:15:41.900Z] [error]: HIDE::404::NotFound::Token not found!::
[2025-03-06T15:15:42.080Z] [error]: HIDE::404::NotFound::Token not found!::
[2025-03-06T15:15:42.136Z] [error]: HIDE::404::NotFound::Token not found!::
[2025-03-06T15:15:42.225Z] [error]: HIDE::404::NotFound::Token not found!::
[2025-03-06T15:15:42.299Z] [error]: HIDE::404::NotFound::Token not found!::
[2025-03-06T15:15:42.374Z] [error]: HIDE::404::NotFound::Token not found!::
[2025-03-06T15:15:42.497Z] [error]: HIDE::404::NotFound::Token not found!::
[2025-03-06T15:15:42.511Z] [error]: HIDE::404::NotFound::Token not found!::
[2025-03-06T15:15:44.003Z] [error]: HIDE::404::NotFound::Token not found!::
[2025-03-06T15:15:44.050Z] [error]: HIDE::404::NotFound::Token not found!::
[2025-03-06T15:15:44.141Z] [error]: HIDE::404::NotFound::Token not found!::
[2025-03-06T15:15:44.177Z] [error]: HIDE::404::NotFound::Token not found!::
[2025-03-06T15:15:44.181Z] [error]: HIDE::404::NotFound::Token not found!::
[2025-03-06T15:15:44.207Z] [error]: HIDE::404::NotFound::Token not found!::
[2025-03-06T15:15:44.259Z] [error]: HIDE::404::NotFound::Token not found!::
[2025-03-06T15:15:44.271Z] [error]: HIDE::404::NotFound::Token not found!::
[2025-03-06T15:15:44.313Z] [error]: HIDE::404::NotFound::Token not found!::
[2025-03-06T15:15:44.331Z] [error]: HIDE::404::NotFound::Token not found!::
[2025-03-06T15:15:44.365Z] [error]: HIDE::404::NotFound::Token not found!::
[2025-03-06T15:15:44.379Z] [error]: HIDE::404::NotFound::Token not found!::
[2025-03-06T15:15:44.383Z] [error]: HIDE::404::NotFound::Token not found!::
[2025-03-06T15:15:44.394Z] [error]: HIDE::404::NotFound::Token not found!::
[2025-03-06T15:15:44.608Z] [error]: HIDE::404::NotFound::Token not found!::
[2025-03-06T15:15:44.728Z] [error]: HIDE::404::NotFound::Token not found!::
[2025-03-06T15:15:44.987Z] [error]: HIDE::404::NotFound::Token not found!::
[2025-03-06T15:15:45.029Z] [error]: HIDE::404::NotFound::Token not found!::
[2025-03-06T15:15:45.060Z] [error]: HIDE::404::NotFound::Token not found!::
[2025-03-06T15:15:45.075Z] [error]: HIDE::404::NotFound::Token not found!::
[2025-03-06T15:15:45.120Z] [error]: HIDE::404::NotFound::Token not found!::
[2025-03-06T15:15:45.181Z] [error]: HIDE::404::NotFound::Token not found!::
[2025-03-06T15:15:45.182Z] [error]: HIDE::404::NotFound::Token not found!::
[2025-03-06T15:15:45.183Z] [error]: HIDE::404::NotFound::Token not found!::
[2025-03-06T15:15:45.210Z] [error]: HIDE::404::NotFound::Token not found!::
[2025-03-06T15:15:45.225Z] [error]: HIDE::404::NotFound::Token not found!::
[2025-03-06T15:15:45.329Z] [error]: HIDE::404::NotFound::Token not found!::
[2025-03-06T15:15:45.374Z] [error]: HIDE::404::NotFound::Token not found!::
[2025-03-06T15:15:45.406Z] [error]: HIDE::404::NotFound::Token not found!::
[2025-03-06T15:15:45.419Z] [error]: HIDE::404::NotFound::Token not found!::
[2025-03-06T15:15:45.480Z] [error]: HIDE::404::NotFound::Token not found!::
[2025-03-06T15:15:45.496Z] [error]: HIDE::404::NotFound::Token not found!::
[2025-03-06T15:15:45.510Z] [error]: HIDE::404::NotFound::Token not found!::
[2025-03-06T15:15:45.649Z] [error]: HIDE::404::NotFound::Token not found!::
[2025-03-06T15:15:45.800Z] [error]: HIDE::404::NotFound::Token not found!::
[2025-03-06T15:15:45.917Z] [error]: HIDE::404::NotFound::Token not found!::
[2025-03-06T15:15:45.946Z] [error]: HIDE::404::NotFound::Token not found!::
[2025-03-06T15:15:45.962Z] [error]: HIDE::404::NotFound::Token not found!::
[2025-03-06T15:15:45.967Z] [error]: HIDE::404::NotFound::Token not found!::
[2025-03-06T15:15:45.976Z] [error]: HIDE::404::NotFound::Token not found!::
[2025-03-06T15:15:45.991Z] [error]: HIDE::404::NotFound::Token not found!::
[2025-03-06T15:15:46.007Z] [error]: HIDE::404::NotFound::Token not found!::
[2025-03-06T15:15:46.051Z] [error]: HIDE::404::NotFound::Token not found!::
[2025-03-06T15:15:46.099Z] [error]: HIDE::404::NotFound::Token not found!::
[2025-03-06T15:15:46.219Z] [error]: HIDE::404::NotFound::Token not found!::
[2025-03-06T15:15:46.326Z] [error]: HIDE::404::NotFound::Token not found!::
[2025-03-06T15:15:46.340Z] [error]: HIDE::404::NotFound::Token not found!::
[2025-03-06T15:15:46.377Z] [error]: HIDE::404::NotFound::Token not found!::
[2025-03-06T15:15:46.391Z] [error]: HIDE::404::NotFound::Token not found!::
[2025-03-06T15:15:46.512Z] [error]: HIDE::404::NotFound::Token not found!::
[2025-03-06T15:15:46.526Z] [error]: HIDE::404::NotFound::Token not found!::
[2025-03-06T15:15:46.540Z] [error]: HIDE::404::NotFound::Token not found!::
[2025-03-06T15:15:46.541Z] [error]: HIDE::404::NotFound::Token not found!::
[2025-03-06T15:15:46.568Z] [error]: HIDE::404::NotFound::Token not found!::
[2025-03-06T15:15:46.583Z] [error]: HIDE::404::NotFound::Token not found!::
[2025-03-06T15:15:46.598Z] [error]: HIDE::404::NotFound::Token not found!::
[2025-03-06T15:15:46.762Z] [error]: HIDE::404::NotFound::Token not found!::
[2025-03-06T15:15:46.937Z] [error]: HIDE::404::NotFound::Token not found!::
[2025-03-06T15:15:47.053Z] [error]: HIDE::404::NotFound::Token not found!::
[2025-03-06T15:15:47.125Z] [error]: HIDE::404::NotFound::Token not found!::
[2025-03-06T15:15:47.165Z] [error]: HIDE::404::NotFound::Token not found!::
[2025-03-06T15:15:47.178Z] [error]: HIDE::404::NotFound::Token not found!::
[2025-03-06T15:15:47.207Z] [error]: HIDE::404::NotFound::Token not found!::
[2025-03-06T15:15:47.221Z] [error]: HIDE::404::NotFound::Token not found!::
[2025-03-06T15:15:47.357Z] [error]: HIDE::404::NotFound::Token not found!::
[2025-03-06T15:15:47.389Z] [error]: HIDE::404::NotFound::Token not found!::
[2025-03-06T15:15:47.402Z] [error]: HIDE::404::NotFound::Token not found!::
[2025-03-06T15:15:47.403Z] [error]: HIDE::404::NotFound::Token not found!::
[2025-03-06T15:15:47.446Z] [error]: HIDE::404::NotFound::Token not found!::
[2025-03-06T15:15:47.523Z] [error]: HIDE::404::NotFound::Token not found!::
[2025-03-06T15:15:47.610Z] [error]: HIDE::404::NotFound::Token not found!::
[2025-03-06T15:15:47.669Z] [error]: HIDE::404::NotFound::Token not found!::
[2025-03-06T15:15:47.859Z] [error]: HIDE::404::NotFound::Token not found!::
[2025-03-06T15:15:47.874Z] [error]: HIDE::404::NotFound::Token not found!::
[2025-03-06T15:15:47.919Z] [error]: HIDE::404::NotFound::Token not found!::
[2025-03-06T15:15:47.980Z] [error]: HIDE::404::NotFound::Token not found!::
[2025-03-06T15:15:48.025Z] [error]: HIDE::404::NotFound::Token not found!::
[2025-03-06T15:15:48.055Z] [error]: HIDE::404::NotFound::Token not found!::
[2025-03-06T15:15:48.159Z] [error]: HIDE::404::NotFound::Token not found!::
[2025-03-06T15:15:48.213Z] [error]: HIDE::404::NotFound::Token not found!::
[2025-03-06T15:15:48.219Z] [error]: HIDE::404::NotFound::Token not found!::
[2025-03-06T15:15:48.264Z] [error]: HIDE::404::NotFound::Token not found!::
[2025-03-06T15:15:48.294Z] [error]: HIDE::404::NotFound::Token not found!::
[2025-03-06T15:15:48.322Z] [error]: HIDE::404::NotFound::Token not found!::
[2025-03-06T15:15:48.442Z] [error]: HIDE::404::NotFound::Token not found!::
[2025-03-06T15:15:48.473Z] [error]: HIDE::404::NotFound::Token not found!::
[2025-03-06T15:15:48.488Z] [error]: HIDE::404::NotFound::Token not found!::
[2025-03-06T15:15:48.489Z] [error]: HIDE::404::NotFound::Token not found!::
[2025-03-06T15:15:48.541Z] [error]: HIDE::404::NotFound::Token not found!::
[2025-03-06T15:15:48.703Z] [error]: HIDE::404::NotFound::Token not found!::
[2025-03-06T15:15:48.793Z] [error]: HIDE::404::NotFound::Token not found!::
[2025-03-06T15:15:48.840Z] [error]: HIDE::404::NotFound::Token not found!::
[2025-03-06T15:15:48.854Z] [error]: HIDE::404::NotFound::Token not found!::
[2025-03-06T15:15:48.886Z] [error]: HIDE::404::NotFound::Token not found!::
[2025-03-06T15:15:48.959Z] [error]: HIDE::404::NotFound::Token not found!::
[2025-03-06T15:15:48.959Z] [error]: HIDE::404::NotFound::Token not found!::
[2025-03-06T15:15:49.033Z] [error]: HIDE::404::NotFound::Token not found!::
[2025-03-06T15:15:49.213Z] [error]: HIDE::404::NotFound::Token not found!::
[2025-03-06T15:15:49.257Z] [error]: HIDE::404::NotFound::Token not found!::
[2025-03-06T15:15:49.441Z] [error]: HIDE::404::NotFound::Token not found!::
[2025-03-06T15:15:49.442Z] [error]: HIDE::404::NotFound::Token not found!::
[2025-03-06T15:15:49.498Z] [error]: HIDE::404::NotFound::Token not found!::
[2025-03-06T15:15:49.549Z] [error]: HIDE::404::NotFound::Token not found!::
[2025-03-06T15:15:49.549Z] [error]: HIDE::404::NotFound::Token not found!::
[2025-03-06T15:15:49.608Z] [error]: HIDE::404::NotFound::Token not found!::
[2025-03-06T15:15:49.623Z] [error]: HIDE::404::NotFound::Token not found!::
[2025-03-06T15:15:49.697Z] [error]: HIDE::404::NotFound::Token not found!::
[2025-03-06T15:15:49.728Z] [error]: HIDE::404::NotFound::Token not found!::
[2025-03-06T15:15:49.803Z] [error]: HIDE::404::NotFound::Token not found!::
[2025-03-06T15:15:49.806Z] [error]: HIDE::404::NotFound::Token not found!::
[2025-03-06T15:15:49.819Z] [error]: HIDE::404::NotFound::Token not found!::
[2025-03-06T15:15:49.864Z] [error]: HIDE::404::NotFound::Token not found!::
[2025-03-06T16:34:07.558Z] [error]: read ECONNRESET
[2025-03-06T16:34:07.559Z] [error]: read ECONNRESET
