[2025-03-14T03:51:28.043Z] [error]: HIDE::403::Forbidden::Token is expired or invalid!::
[2025-03-14T03:51:56.050Z] [error]: Token was stolen! User id: 67c994cb52def8bd1623cc49
[2025-03-14T03:51:56.051Z] [error]: HIDE::403::Forbidden::Token was deleted!::
[2025-03-14T03:52:09.023Z] [error]: HIDE::404::NotFound::Route not exist!::
[2025-03-14T03:52:29.225Z] [error]: HIDE::404::NotFound::Route not exist!::
[2025-03-14T03:52:52.980Z] [error]: HIDE::404::NotFound::Route not exist!::
[2025-03-14T03:57:11.809Z] [error]: HIDE::500::ValidationError::"discount_type" must be one of [percentage, fixed]::
[2025-03-14T03:57:23.176Z] [error]: HIDE::500::SyntaxError::Expected double-quoted property name in JSON at position 116 (line 18 column 1)::
[2025-03-14T03:57:24.905Z] [error]: HIDE::500::ValidationError::"discount_name" is required::
[2025-03-14T03:57:49.913Z] [error]: HIDE::500::ValidationError::"discount_code" is required::
[2025-03-14T03:57:51.103Z] [error]: HIDE::500::ValidationError::"discount_code" is required::
[2025-03-14T03:57:56.953Z] [error]: HIDE::500::ValidationError::"discount_code" is required::
[2025-03-14T03:57:59.357Z] [error]: HIDE::500::ValidationError::"discount_code" is required::
[2025-03-14T03:58:04.930Z] [error]: HIDE::500::ValidationError::"discount_name" is required::
[2025-03-14T03:58:05.892Z] [error]: HIDE::500::ValidationError::"discount_name" is required::
[2025-03-14T05:00:33.683Z] [error]: HIDE::403::Forbidden::Token is expired or invalid!::
[2025-03-14T05:00:45.998Z] [error]: HIDE::403::Forbidden::Token is expired or invalid!::
[2025-03-14T05:01:26.542Z] [error]: HIDE::500::ValidationError::"discount_value" is required::
[2025-03-14T05:24:25.146Z] [error]: HIDE::403::Forbidden::Token is expired or invalid!::
[2025-03-14T05:24:30.800Z] [error]: HIDE::400::InvalidPayload::Start and end time must greater than now!::
[2025-03-14T05:25:31.953Z] [error]: HIDE::400::InvalidPayload::Start and end time must greater than now!::
[2025-03-14T05:25:33.357Z] [error]: HIDE::400::InvalidPayload::Start and end time must greater than now!::
[2025-03-14T05:26:59.561Z] [error]: HIDE::400::BadRequest::Conflict with discount: Khuyến mãi mùa hè!::
[2025-03-14T05:27:50.758Z] [error]: HIDE::400::BadRequest::Conflict with discount: Khuyến mãi mùa hè!::
[2025-03-14T05:27:52.028Z] [error]: HIDE::400::BadRequest::Conflict with discount: Khuyến mãi mùa hè!::
[2025-03-14T05:27:59.525Z] [error]: HIDE::400::BadRequest::Conflict with discount: Khuyến mãi mùa hè!::
[2025-03-14T05:28:18.060Z] [error]: HIDE::400::BadRequest::Conflict with discount: Khuyến mãi mùa hè!::
[2025-03-14T05:29:41.112Z] [error]: HIDE::400::BadRequest::Conflict with discount: Khuyến mãi mùa hè!::
[2025-03-14T07:35:00.022Z] [error]: Client must be connected before running operations
[2025-03-14T07:35:00.024Z] [error]: Client must be connected before running operations
[2025-03-14T07:36:00.014Z] [error]: Client must be connected before running operations
[2025-03-14T07:36:00.019Z] [error]: Client must be connected before running operations
[2025-03-14T07:36:00.062Z] [error]: Client must be connected before running operations
[2025-03-14T07:36:00.063Z] [error]: Client must be connected before running operations
[2025-03-14T07:37:00.012Z] [error]: Client must be connected before running operations
[2025-03-14T07:37:00.013Z] [error]: Client must be connected before running operations
[2025-03-14T07:37:00.062Z] [error]: Client must be connected before running operations
[2025-03-14T07:37:00.064Z] [error]: Client must be connected before running operations
[2025-03-14T07:38:00.061Z] [error]: Client must be connected before running operations
[2025-03-14T07:38:00.062Z] [error]: Client must be connected before running operations
[2025-03-14T07:38:00.063Z] [error]: Client must be connected before running operations
[2025-03-14T07:38:00.064Z] [error]: Client must be connected before running operations
[2025-03-14T07:39:00.047Z] [error]: Client must be connected before running operations
[2025-03-14T07:39:00.048Z] [error]: Client must be connected before running operations
[2025-03-14T07:39:00.061Z] [error]: Client must be connected before running operations
[2025-03-14T07:39:00.063Z] [error]: Client must be connected before running operations
[2025-03-14T07:40:00.062Z] [error]: Client must be connected before running operations
[2025-03-14T07:40:00.062Z] [error]: Client must be connected before running operations
[2025-03-14T07:40:00.064Z] [error]: Client must be connected before running operations
[2025-03-14T07:40:00.064Z] [error]: Client must be connected before running operations
[2025-03-14T07:41:00.061Z] [error]: Client must be connected before running operations
[2025-03-14T07:41:00.062Z] [error]: Client must be connected before running operations
[2025-03-14T07:41:00.063Z] [error]: Client must be connected before running operations
[2025-03-14T07:41:00.064Z] [error]: Client must be connected before running operations
[2025-03-14T07:42:00.061Z] [error]: Client must be connected before running operations
[2025-03-14T07:42:00.061Z] [error]: Client must be connected before running operations
[2025-03-14T07:42:00.062Z] [error]: Client must be connected before running operations
[2025-03-14T07:42:00.063Z] [error]: Client must be connected before running operations
[2025-03-14T07:43:00.058Z] [error]: Client must be connected before running operations
[2025-03-14T07:43:00.061Z] [error]: Client must be connected before running operations
[2025-03-14T07:43:00.062Z] [error]: Client must be connected before running operations
[2025-03-14T07:43:00.065Z] [error]: Client must be connected before running operations
[2025-03-14T07:44:00.058Z] [error]: Client must be connected before running operations
[2025-03-14T07:44:00.060Z] [error]: Client must be connected before running operations
[2025-03-14T07:44:00.061Z] [error]: Client must be connected before running operations
[2025-03-14T07:44:00.063Z] [error]: Client must be connected before running operations
[2025-03-14T07:45:00.001Z] [error]: Client must be connected before running operations
[2025-03-14T07:45:00.003Z] [error]: Client must be connected before running operations
[2025-03-14T07:45:00.062Z] [error]: Client must be connected before running operations
[2025-03-14T07:45:00.063Z] [error]: Client must be connected before running operations
[2025-03-14T07:46:00.058Z] [error]: Client must be connected before running operations
[2025-03-14T07:46:00.059Z] [error]: Client must be connected before running operations
[2025-03-14T07:46:00.061Z] [error]: Client must be connected before running operations
[2025-03-14T07:46:00.062Z] [error]: Client must be connected before running operations
[2025-03-14T07:47:00.058Z] [error]: Client must be connected before running operations
[2025-03-14T07:47:00.058Z] [error]: Client must be connected before running operations
[2025-03-14T07:47:00.059Z] [error]: Client must be connected before running operations
[2025-03-14T07:47:00.059Z] [error]: Client must be connected before running operations
[2025-03-14T07:48:00.062Z] [error]: Client must be connected before running operations
[2025-03-14T07:48:00.062Z] [error]: Client must be connected before running operations
[2025-03-14T07:48:00.064Z] [error]: Client must be connected before running operations
[2025-03-14T07:48:00.066Z] [error]: Client must be connected before running operations
[2025-03-14T07:49:00.061Z] [error]: Client must be connected before running operations
[2025-03-14T07:49:00.061Z] [error]: Client must be connected before running operations
[2025-03-14T07:58:00.008Z] [error]: Client must be connected before running operations
[2025-03-14T07:58:00.010Z] [error]: Client must be connected before running operations
[2025-03-14T07:59:00.062Z] [error]: Client must be connected before running operations
[2025-03-14T07:59:00.063Z] [error]: Client must be connected before running operations
[2025-03-14T08:00:00.012Z] [error]: Client must be connected before running operations
[2025-03-14T08:00:00.015Z] [error]: Client must be connected before running operations
[2025-03-14T08:00:00.018Z] [error]: Client must be connected before running operations
[2025-03-14T08:00:00.020Z] [error]: Client must be connected before running operations
[2025-03-14T08:00:00.061Z] [error]: Client must be connected before running operations
[2025-03-14T08:00:00.063Z] [error]: Client must be connected before running operations
[2025-03-14T08:01:00.024Z] [error]: Client must be connected before running operations
[2025-03-14T08:01:00.026Z] [error]: Client must be connected before running operations
[2025-03-14T08:01:00.041Z] [error]: Client must be connected before running operations
[2025-03-14T08:01:00.043Z] [error]: Client must be connected before running operations
[2025-03-14T08:01:00.062Z] [error]: Client must be connected before running operations
[2025-03-14T08:01:00.063Z] [error]: Client must be connected before running operations
[2025-03-14T08:02:00.005Z] [error]: Client must be connected before running operations
[2025-03-14T08:02:00.009Z] [error]: Client must be connected before running operations
[2025-03-14T08:02:00.014Z] [error]: Client must be connected before running operations
[2025-03-14T08:02:00.016Z] [error]: Client must be connected before running operations
[2025-03-14T08:02:00.034Z] [error]: Client must be connected before running operations
[2025-03-14T08:02:00.035Z] [error]: Client must be connected before running operations
[2025-03-14T08:02:00.061Z] [error]: Client must be connected before running operations
[2025-03-14T08:02:00.062Z] [error]: Client must be connected before running operations
[2025-03-14T08:02:00.063Z] [error]: Client must be connected before running operations
[2025-03-14T08:02:00.065Z] [error]: Client must be connected before running operations
[2025-03-14T08:03:00.009Z] [error]: Client must be connected before running operations
[2025-03-14T08:03:00.011Z] [error]: Client must be connected before running operations
[2025-03-14T08:03:00.039Z] [error]: Client must be connected before running operations
[2025-03-14T08:03:00.041Z] [error]: Client must be connected before running operations
[2025-03-14T08:03:00.051Z] [error]: Client must be connected before running operations
[2025-03-14T08:03:00.053Z] [error]: Client must be connected before running operations
[2025-03-14T08:03:00.058Z] [error]: Client must be connected before running operations
[2025-03-14T08:03:00.059Z] [error]: Client must be connected before running operations
[2025-03-14T08:03:00.062Z] [error]: Client must be connected before running operations
[2025-03-14T08:03:00.062Z] [error]: Client must be connected before running operations
[2025-03-14T08:03:00.064Z] [error]: Client must be connected before running operations
[2025-03-14T08:03:00.065Z] [error]: Client must be connected before running operations
[2025-03-14T08:04:00.058Z] [error]: Client must be connected before running operations
[2025-03-14T08:04:00.059Z] [error]: Client must be connected before running operations
[2025-03-14T08:04:00.062Z] [error]: Client must be connected before running operations
[2025-03-14T08:04:00.062Z] [error]: Client must be connected before running operations
[2025-03-14T08:04:00.062Z] [error]: Client must be connected before running operations
[2025-03-14T08:04:00.063Z] [error]: Client must be connected before running operations
[2025-03-14T08:04:00.064Z] [error]: Client must be connected before running operations
[2025-03-14T08:04:00.064Z] [error]: Client must be connected before running operations
[2025-03-14T08:04:00.064Z] [error]: Client must be connected before running operations
[2025-03-14T08:04:00.065Z] [error]: Client must be connected before running operations
[2025-03-14T08:04:00.066Z] [error]: Client must be connected before running operations
[2025-03-14T08:04:00.067Z] [error]: Client must be connected before running operations
[2025-03-14T08:05:00.018Z] [error]: Client must be connected before running operations
[2025-03-14T08:05:00.019Z] [error]: Client must be connected before running operations
[2025-03-14T08:05:00.058Z] [error]: Client must be connected before running operations
[2025-03-14T08:05:00.059Z] [error]: Client must be connected before running operations
[2025-03-14T08:05:00.059Z] [error]: Client must be connected before running operations
[2025-03-14T08:05:00.061Z] [error]: Client must be connected before running operations
[2025-03-14T08:05:00.062Z] [error]: Client must be connected before running operations
[2025-03-14T08:05:00.063Z] [error]: Client must be connected before running operations
[2025-03-14T08:05:00.063Z] [error]: Client must be connected before running operations
[2025-03-14T08:05:00.063Z] [error]: Client must be connected before running operations
[2025-03-14T08:05:00.065Z] [error]: Client must be connected before running operations
[2025-03-14T08:05:00.066Z] [error]: Client must be connected before running operations
