[2025-03-24T04:37:57.986Z] [error]: HIDE::403::Forbidden::Username or password is not correct!::
[2025-03-24T04:44:42.129Z] [error]: HIDE::404::NotFound::Route not exist!::
[2025-03-24T04:44:42.370Z] [error]: HIDE::404::NotFound::Route not exist!::
[2025-03-24T04:44:43.451Z] [error]: HIDE::404::NotFound::Route not exist!::
[2025-03-24T04:44:45.492Z] [error]: HIDE::404::NotFound::Route not exist!::
[2025-03-24T04:44:49.549Z] [error]: HIDE::404::NotFound::Route not exist!::
[2025-03-24T04:44:57.570Z] [error]: HIDE::404::NotFound::Route not exist!::
[2025-03-24T04:45:13.593Z] [error]: HIDE::404::NotFound::Route not exist!::
[2025-03-24T04:45:46.308Z] [error]: HIDE::404::NotFound::Route not exist!::
[2025-03-24T04:46:51.316Z] [error]: HIDE::404::NotFound::Route not exist!::
[2025-03-24T04:49:00.316Z] [error]: HIDE::404::NotFound::Route not exist!::
[2025-03-24T04:55:53.677Z] [error]: HIDE::404::NotFound::Route not exist!::
[2025-03-24T07:09:12.108Z] [error]: HIDE::404::NotFound::Token not found!::
[2025-03-24T07:21:00.008Z] [error]: Client must be connected before running operations
[2025-03-24T07:21:00.011Z] [error]: Client must be connected before running operations
[2025-03-24T07:22:00.059Z] [error]: Client must be connected before running operations
[2025-03-24T07:22:00.061Z] [error]: Client must be connected before running operations
[2025-03-24T07:22:02.561Z] [error]: HIDE::500::CastError::Cast to ObjectId failed for value "thanh-pho-rach-gia" (type string) at path "_id" for model "City"::
[2025-03-24T07:23:00.062Z] [error]: Client must be connected before running operations
[2025-03-24T07:23:00.063Z] [error]: Client must be connected before running operations
[2025-03-24T07:24:00.061Z] [error]: Client must be connected before running operations
[2025-03-24T07:24:00.063Z] [error]: Client must be connected before running operations
[2025-03-24T07:25:00.059Z] [error]: Client must be connected before running operations
[2025-03-24T07:25:00.061Z] [error]: Client must be connected before running operations
[2025-03-24T07:26:00.064Z] [error]: Client must be connected before running operations
[2025-03-24T07:26:00.068Z] [error]: Client must be connected before running operations
[2025-03-24T07:27:00.048Z] [error]: Client must be connected before running operations
[2025-03-24T07:27:00.049Z] [error]: Client must be connected before running operations
[2025-03-24T07:28:00.020Z] [error]: Client must be connected before running operations
[2025-03-24T07:28:00.022Z] [error]: Client must be connected before running operations
[2025-03-24T07:29:00.002Z] [error]: Client must be connected before running operations
[2025-03-24T07:29:00.005Z] [error]: Client must be connected before running operations
[2025-03-24T07:30:00.062Z] [error]: Client must be connected before running operations
[2025-03-24T07:30:00.065Z] [error]: Client must be connected before running operations
[2025-03-24T07:31:00.049Z] [error]: Client must be connected before running operations
[2025-03-24T07:31:00.051Z] [error]: Client must be connected before running operations
[2025-03-24T07:32:00.061Z] [error]: Client must be connected before running operations
[2025-03-24T07:32:00.063Z] [error]: Client must be connected before running operations
[2025-03-24T07:33:00.051Z] [error]: Client must be connected before running operations
[2025-03-24T07:33:00.052Z] [error]: Client must be connected before running operations
[2025-03-24T07:34:00.061Z] [error]: Client must be connected before running operations
[2025-03-24T07:34:00.062Z] [error]: Client must be connected before running operations
[2025-03-24T07:35:00.061Z] [error]: Client must be connected before running operations
[2025-03-24T07:35:00.063Z] [error]: Client must be connected before running operations
[2025-03-24T07:36:00.061Z] [error]: Client must be connected before running operations
[2025-03-24T07:36:00.062Z] [error]: Client must be connected before running operations
[2025-03-24T07:37:00.057Z] [error]: Client must be connected before running operations
[2025-03-24T07:37:00.058Z] [error]: Client must be connected before running operations
[2025-03-24T07:38:00.061Z] [error]: Client must be connected before running operations
[2025-03-24T07:38:00.062Z] [error]: Client must be connected before running operations
[2025-03-24T07:39:00.058Z] [error]: Client must be connected before running operations
[2025-03-24T07:39:00.059Z] [error]: Client must be connected before running operations
[2025-03-24T07:40:00.061Z] [error]: Client must be connected before running operations
[2025-03-24T07:40:00.063Z] [error]: Client must be connected before running operations
[2025-03-24T07:41:00.061Z] [error]: Client must be connected before running operations
[2025-03-24T07:41:00.062Z] [error]: Client must be connected before running operations
[2025-03-24T07:42:00.059Z] [error]: Client must be connected before running operations
[2025-03-24T07:42:00.060Z] [error]: Client must be connected before running operations
[2025-03-24T07:43:00.061Z] [error]: Client must be connected before running operations
[2025-03-24T07:43:00.063Z] [error]: Client must be connected before running operations
[2025-03-24T07:44:00.047Z] [error]: Client must be connected before running operations
[2025-03-24T07:44:00.049Z] [error]: Client must be connected before running operations
[2025-03-24T07:45:00.051Z] [error]: Client must be connected before running operations
[2025-03-24T07:45:00.053Z] [error]: Client must be connected before running operations
[2025-03-24T07:46:00.007Z] [error]: Client must be connected before running operations
[2025-03-24T07:46:00.008Z] [error]: Client must be connected before running operations
[2025-03-24T07:47:00.023Z] [error]: Client must be connected before running operations
[2025-03-24T07:47:00.024Z] [error]: Client must be connected before running operations
[2025-03-24T07:48:00.057Z] [error]: Client must be connected before running operations
[2025-03-24T07:48:00.058Z] [error]: Client must be connected before running operations
[2025-03-24T07:49:00.004Z] [error]: Client must be connected before running operations
[2025-03-24T07:49:00.006Z] [error]: Client must be connected before running operations
[2025-03-24T07:50:00.051Z] [error]: Client must be connected before running operations
[2025-03-24T07:50:00.052Z] [error]: Client must be connected before running operations
[2025-03-24T07:51:00.014Z] [error]: Client must be connected before running operations
[2025-03-24T07:51:00.015Z] [error]: Client must be connected before running operations
[2025-03-24T07:52:00.060Z] [error]: Client must be connected before running operations
[2025-03-24T07:52:00.062Z] [error]: Client must be connected before running operations
[2025-03-24T07:53:00.048Z] [error]: Client must be connected before running operations
[2025-03-24T07:53:00.049Z] [error]: Client must be connected before running operations
[2025-03-24T07:54:00.023Z] [error]: Client must be connected before running operations
[2025-03-24T07:54:00.024Z] [error]: Client must be connected before running operations
[2025-03-24T07:55:00.066Z] [error]: Client must be connected before running operations
[2025-03-24T07:55:00.069Z] [error]: Client must be connected before running operations
[2025-03-24T07:56:00.061Z] [error]: Client must be connected before running operations
[2025-03-24T07:56:00.068Z] [error]: Client must be connected before running operations
[2025-03-24T07:57:00.066Z] [error]: Client must be connected before running operations
[2025-03-24T07:57:00.070Z] [error]: Client must be connected before running operations
[2025-03-24T07:58:00.063Z] [error]: Client must be connected before running operations
[2025-03-24T07:58:00.068Z] [error]: Client must be connected before running operations
[2025-03-24T07:59:00.067Z] [error]: Client must be connected before running operations
[2025-03-24T07:59:00.074Z] [error]: Client must be connected before running operations
[2025-03-24T08:00:00.063Z] [error]: Client must be connected before running operations
[2025-03-24T08:00:00.071Z] [error]: Client must be connected before running operations
[2025-03-24T08:01:00.065Z] [error]: Client must be connected before running operations
[2025-03-24T08:01:00.072Z] [error]: Client must be connected before running operations
[2025-03-24T08:02:00.065Z] [error]: Client must be connected before running operations
[2025-03-24T08:02:00.071Z] [error]: Client must be connected before running operations
[2025-03-24T08:03:00.066Z] [error]: Client must be connected before running operations
[2025-03-24T08:03:00.072Z] [error]: Client must be connected before running operations
[2025-03-24T08:04:00.068Z] [error]: Client must be connected before running operations
[2025-03-24T08:04:00.075Z] [error]: Client must be connected before running operations
[2025-03-24T08:05:00.066Z] [error]: Client must be connected before running operations
[2025-03-24T08:05:00.072Z] [error]: Client must be connected before running operations
[2025-03-24T08:06:00.065Z] [error]: Client must be connected before running operations
[2025-03-24T08:06:00.071Z] [error]: Client must be connected before running operations
[2025-03-24T08:07:00.051Z] [error]: Client must be connected before running operations
[2025-03-24T08:07:00.058Z] [error]: Client must be connected before running operations
[2025-03-24T08:08:00.065Z] [error]: Client must be connected before running operations
[2025-03-24T08:08:00.072Z] [error]: Client must be connected before running operations
[2025-03-24T08:09:00.065Z] [error]: Client must be connected before running operations
[2025-03-24T08:09:00.071Z] [error]: Client must be connected before running operations
[2025-03-24T08:10:00.066Z] [error]: Client must be connected before running operations
[2025-03-24T08:10:00.072Z] [error]: Client must be connected before running operations
[2025-03-24T08:11:00.064Z] [error]: Client must be connected before running operations
[2025-03-24T08:11:00.072Z] [error]: Client must be connected before running operations
[2025-03-24T08:12:00.062Z] [error]: Client must be connected before running operations
[2025-03-24T08:12:00.069Z] [error]: Client must be connected before running operations
[2025-03-24T08:13:00.066Z] [error]: Client must be connected before running operations
[2025-03-24T08:13:00.072Z] [error]: Client must be connected before running operations
[2025-03-24T08:14:00.062Z] [error]: Client must be connected before running operations
[2025-03-24T08:14:00.068Z] [error]: Client must be connected before running operations
[2025-03-24T08:15:00.066Z] [error]: Client must be connected before running operations
[2025-03-24T08:15:00.071Z] [error]: Client must be connected before running operations
[2025-03-24T08:16:00.062Z] [error]: Client must be connected before running operations
[2025-03-24T08:16:00.069Z] [error]: Client must be connected before running operations
[2025-03-24T08:17:00.065Z] [error]: Client must be connected before running operations
[2025-03-24T08:17:00.069Z] [error]: Client must be connected before running operations
[2025-03-24T08:18:00.064Z] [error]: Client must be connected before running operations
[2025-03-24T08:18:00.069Z] [error]: Client must be connected before running operations
[2025-03-24T08:19:00.065Z] [error]: Client must be connected before running operations
[2025-03-24T08:19:00.070Z] [error]: Client must be connected before running operations
[2025-03-24T08:20:00.067Z] [error]: Client must be connected before running operations
[2025-03-24T08:20:00.072Z] [error]: Client must be connected before running operations
[2025-03-24T08:21:00.065Z] [error]: Client must be connected before running operations
[2025-03-24T08:21:00.069Z] [error]: Client must be connected before running operations
[2025-03-24T08:22:00.063Z] [error]: Client must be connected before running operations
[2025-03-24T08:22:00.068Z] [error]: Client must be connected before running operations
[2025-03-24T08:23:00.064Z] [error]: Client must be connected before running operations
[2025-03-24T08:23:00.067Z] [error]: Client must be connected before running operations
[2025-03-24T08:24:00.065Z] [error]: Client must be connected before running operations
[2025-03-24T08:24:00.070Z] [error]: Client must be connected before running operations
[2025-03-24T08:25:00.062Z] [error]: Client must be connected before running operations
[2025-03-24T08:25:00.066Z] [error]: Client must be connected before running operations
[2025-03-24T08:26:00.066Z] [error]: Client must be connected before running operations
[2025-03-24T08:26:00.071Z] [error]: Client must be connected before running operations
[2025-03-24T08:27:00.065Z] [error]: Client must be connected before running operations
[2025-03-24T08:27:00.070Z] [error]: Client must be connected before running operations
[2025-03-24T08:28:00.059Z] [error]: Client must be connected before running operations
[2025-03-24T08:28:00.061Z] [error]: Client must be connected before running operations
[2025-03-24T08:29:00.067Z] [error]: Client must be connected before running operations
[2025-03-24T08:29:00.071Z] [error]: Client must be connected before running operations
[2025-03-24T08:30:00.067Z] [error]: Client must be connected before running operations
[2025-03-24T08:30:00.072Z] [error]: Client must be connected before running operations
[2025-03-24T08:31:00.064Z] [error]: Client must be connected before running operations
[2025-03-24T08:31:00.071Z] [error]: Client must be connected before running operations
[2025-03-24T08:32:00.056Z] [error]: Client must be connected before running operations
[2025-03-24T08:32:00.061Z] [error]: Client must be connected before running operations
[2025-03-24T08:33:00.006Z] [error]: Client must be connected before running operations
[2025-03-24T08:33:00.011Z] [error]: Client must be connected before running operations
[2025-03-24T08:34:00.063Z] [error]: Client must be connected before running operations
[2025-03-24T08:34:00.066Z] [error]: Client must be connected before running operations
[2025-03-24T08:35:00.066Z] [error]: Client must be connected before running operations
[2025-03-24T08:35:00.070Z] [error]: Client must be connected before running operations
[2025-03-24T08:36:00.064Z] [error]: Client must be connected before running operations
[2025-03-24T08:36:00.069Z] [error]: Client must be connected before running operations
[2025-03-24T08:37:00.063Z] [error]: Client must be connected before running operations
[2025-03-24T08:37:00.067Z] [error]: Client must be connected before running operations
[2025-03-24T08:38:00.038Z] [error]: Client must be connected before running operations
[2025-03-24T08:38:00.042Z] [error]: Client must be connected before running operations
[2025-03-24T08:39:00.041Z] [error]: Client must be connected before running operations
[2025-03-24T08:39:00.045Z] [error]: Client must be connected before running operations
[2025-03-24T08:40:00.063Z] [error]: Client must be connected before running operations
[2025-03-24T08:40:00.068Z] [error]: Client must be connected before running operations
[2025-03-24T08:41:00.064Z] [error]: Client must be connected before running operations
[2025-03-24T08:41:00.067Z] [error]: Client must be connected before running operations
[2025-03-24T08:42:00.062Z] [error]: Client must be connected before running operations
[2025-03-24T08:42:00.066Z] [error]: Client must be connected before running operations
[2025-03-24T08:43:00.010Z] [error]: Client must be connected before running operations
[2025-03-24T08:43:00.013Z] [error]: Client must be connected before running operations
[2025-03-24T08:44:00.060Z] [error]: Client must be connected before running operations
[2025-03-24T08:44:00.065Z] [error]: Client must be connected before running operations
[2025-03-24T08:45:00.065Z] [error]: Client must be connected before running operations
[2025-03-24T08:45:00.069Z] [error]: Client must be connected before running operations
[2025-03-24T08:46:00.060Z] [error]: Client must be connected before running operations
[2025-03-24T08:46:00.065Z] [error]: Client must be connected before running operations
[2025-03-24T08:47:00.065Z] [error]: Client must be connected before running operations
[2025-03-24T08:47:00.069Z] [error]: Client must be connected before running operations
[2025-03-24T08:48:00.007Z] [error]: Client must be connected before running operations
[2025-03-24T08:48:00.012Z] [error]: Client must be connected before running operations
[2025-03-24T08:49:00.061Z] [error]: Client must be connected before running operations
[2025-03-24T08:49:00.064Z] [error]: Client must be connected before running operations
[2025-03-24T08:50:00.052Z] [error]: Client must be connected before running operations
[2025-03-24T08:50:00.055Z] [error]: Client must be connected before running operations
[2025-03-24T08:51:00.065Z] [error]: Client must be connected before running operations
[2025-03-24T08:51:00.069Z] [error]: Client must be connected before running operations
[2025-03-24T08:52:00.061Z] [error]: Client must be connected before running operations
[2025-03-24T08:52:00.065Z] [error]: Client must be connected before running operations
[2025-03-24T08:53:00.064Z] [error]: Client must be connected before running operations
[2025-03-24T08:53:00.068Z] [error]: Client must be connected before running operations
[2025-03-24T08:54:00.066Z] [error]: Client must be connected before running operations
[2025-03-24T08:54:00.069Z] [error]: Client must be connected before running operations
[2025-03-24T08:55:00.068Z] [error]: Client must be connected before running operations
[2025-03-24T08:55:00.075Z] [error]: Client must be connected before running operations
[2025-03-24T08:56:00.065Z] [error]: Client must be connected before running operations
[2025-03-24T08:56:00.069Z] [error]: Client must be connected before running operations
[2025-03-24T08:57:00.064Z] [error]: Client must be connected before running operations
[2025-03-24T08:57:00.068Z] [error]: Client must be connected before running operations
[2025-03-24T08:58:00.042Z] [error]: Client must be connected before running operations
[2025-03-24T08:58:00.046Z] [error]: Client must be connected before running operations
[2025-03-24T08:59:00.064Z] [error]: Client must be connected before running operations
[2025-03-24T08:59:00.067Z] [error]: Client must be connected before running operations
[2025-03-24T09:00:00.065Z] [error]: Client must be connected before running operations
[2025-03-24T09:00:00.071Z] [error]: Client must be connected before running operations
[2025-03-24T09:01:00.065Z] [error]: Client must be connected before running operations
[2025-03-24T09:01:00.070Z] [error]: Client must be connected before running operations
[2025-03-24T09:02:00.061Z] [error]: Client must be connected before running operations
[2025-03-24T09:02:00.067Z] [error]: Client must be connected before running operations
[2025-03-24T09:03:08.441Z] [error]: Client must be connected before running operations
[2025-03-24T09:03:08.446Z] [error]: Client must be connected before running operations
[2025-03-24T09:04:00.057Z] [error]: Client must be connected before running operations
[2025-03-24T09:04:00.065Z] [error]: Client must be connected before running operations
[2025-03-24T09:05:00.065Z] [error]: Client must be connected before running operations
[2025-03-24T09:05:00.071Z] [error]: Client must be connected before running operations
[2025-03-24T09:06:00.067Z] [error]: Client must be connected before running operations
[2025-03-24T09:06:00.076Z] [error]: Client must be connected before running operations
[2025-03-24T09:07:00.069Z] [error]: Client must be connected before running operations
[2025-03-24T09:07:00.078Z] [error]: Client must be connected before running operations
[2025-03-24T09:08:00.068Z] [error]: Client must be connected before running operations
[2025-03-24T09:08:00.077Z] [error]: Client must be connected before running operations
[2025-03-24T09:09:00.068Z] [error]: Client must be connected before running operations
[2025-03-24T09:09:00.075Z] [error]: Client must be connected before running operations
[2025-03-24T09:10:00.064Z] [error]: Client must be connected before running operations
[2025-03-24T09:10:00.071Z] [error]: Client must be connected before running operations
[2025-03-24T09:11:00.046Z] [error]: Client must be connected before running operations
[2025-03-24T09:11:00.054Z] [error]: Client must be connected before running operations
[2025-03-24T09:12:00.066Z] [error]: Client must be connected before running operations
[2025-03-24T09:12:00.073Z] [error]: Client must be connected before running operations
[2025-03-24T09:13:00.067Z] [error]: Client must be connected before running operations
[2025-03-24T09:13:00.072Z] [error]: Client must be connected before running operations
[2025-03-24T09:14:00.068Z] [error]: Client must be connected before running operations
[2025-03-24T09:14:00.074Z] [error]: Client must be connected before running operations
[2025-03-24T09:15:00.061Z] [error]: Client must be connected before running operations
[2025-03-24T09:15:00.065Z] [error]: Client must be connected before running operations
[2025-03-24T09:16:00.068Z] [error]: Client must be connected before running operations
[2025-03-24T09:16:00.077Z] [error]: Client must be connected before running operations
[2025-03-24T09:17:00.065Z] [error]: Client must be connected before running operations
[2025-03-24T09:17:00.072Z] [error]: Client must be connected before running operations
[2025-03-24T09:18:00.065Z] [error]: Client must be connected before running operations
[2025-03-24T09:18:00.071Z] [error]: Client must be connected before running operations
[2025-03-24T09:19:00.064Z] [error]: Client must be connected before running operations
[2025-03-24T09:19:00.071Z] [error]: Client must be connected before running operations
[2025-03-24T09:20:00.064Z] [error]: Client must be connected before running operations
[2025-03-24T09:20:00.071Z] [error]: Client must be connected before running operations
[2025-03-24T09:21:00.067Z] [error]: Client must be connected before running operations
[2025-03-24T09:21:00.076Z] [error]: Client must be connected before running operations
[2025-03-24T09:22:00.067Z] [error]: Client must be connected before running operations
[2025-03-24T09:22:00.073Z] [error]: Client must be connected before running operations
[2025-03-24T09:23:00.045Z] [error]: Client must be connected before running operations
[2025-03-24T09:23:00.051Z] [error]: Client must be connected before running operations
[2025-03-24T09:24:00.066Z] [error]: Client must be connected before running operations
[2025-03-24T09:24:00.073Z] [error]: Client must be connected before running operations
[2025-03-24T09:25:00.063Z] [error]: Client must be connected before running operations
[2025-03-24T09:25:00.069Z] [error]: Client must be connected before running operations
[2025-03-24T09:26:00.064Z] [error]: Client must be connected before running operations
[2025-03-24T09:26:00.069Z] [error]: Client must be connected before running operations
[2025-03-24T09:27:00.068Z] [error]: Client must be connected before running operations
[2025-03-24T09:27:00.074Z] [error]: Client must be connected before running operations
[2025-03-24T09:28:00.063Z] [error]: Client must be connected before running operations
[2025-03-24T09:28:00.071Z] [error]: Client must be connected before running operations
[2025-03-24T09:29:00.069Z] [error]: Client must be connected before running operations
[2025-03-24T09:29:00.079Z] [error]: Client must be connected before running operations
[2025-03-24T09:30:00.063Z] [error]: Client must be connected before running operations
[2025-03-24T09:30:00.070Z] [error]: Client must be connected before running operations
[2025-03-24T09:31:00.066Z] [error]: Client must be connected before running operations
[2025-03-24T09:31:00.072Z] [error]: Client must be connected before running operations
[2025-03-24T09:32:00.064Z] [error]: Client must be connected before running operations
[2025-03-24T09:32:00.070Z] [error]: Client must be connected before running operations
[2025-03-24T09:33:00.026Z] [error]: Client must be connected before running operations
[2025-03-24T09:33:00.031Z] [error]: Client must be connected before running operations
[2025-03-24T09:34:00.065Z] [error]: Client must be connected before running operations
[2025-03-24T09:34:00.069Z] [error]: Client must be connected before running operations
[2025-03-24T09:35:00.066Z] [error]: Client must be connected before running operations
[2025-03-24T09:35:00.070Z] [error]: Client must be connected before running operations
[2025-03-24T09:36:00.064Z] [error]: Client must be connected before running operations
[2025-03-24T09:36:00.068Z] [error]: Client must be connected before running operations
[2025-03-24T09:37:00.526Z] [error]: Client must be connected before running operations
[2025-03-24T09:37:00.532Z] [error]: Client must be connected before running operations
[2025-03-24T09:38:00.064Z] [error]: Client must be connected before running operations
[2025-03-24T09:38:00.067Z] [error]: Client must be connected before running operations
[2025-03-24T09:39:00.042Z] [error]: Client must be connected before running operations
[2025-03-24T09:39:00.046Z] [error]: Client must be connected before running operations
[2025-03-24T09:40:00.064Z] [error]: Client must be connected before running operations
[2025-03-24T09:40:00.069Z] [error]: Client must be connected before running operations
[2025-03-24T09:41:00.066Z] [error]: Client must be connected before running operations
[2025-03-24T09:41:00.074Z] [error]: Client must be connected before running operations
[2025-03-24T09:42:00.016Z] [error]: Client must be connected before running operations
[2025-03-24T09:42:00.025Z] [error]: Client must be connected before running operations
[2025-03-24T09:42:40.824Z] [error]: HIDE::500::MongoServerError::Cannot do exclusion on field __v in inclusion projection::
[2025-03-24T09:43:00.067Z] [error]: Client must be connected before running operations
[2025-03-24T09:43:00.076Z] [error]: Client must be connected before running operations
[2025-03-24T09:43:01.737Z] [error]: HIDE::500::MongoServerError::Cannot do exclusion on field __v in inclusion projection::
[2025-03-24T09:43:54.708Z] [error]: HIDE::500::MongoServerError::Cannot do exclusion on field __v in inclusion projection::
[2025-03-24T09:44:00.065Z] [error]: Client must be connected before running operations
[2025-03-24T09:44:00.075Z] [error]: Client must be connected before running operations
[2025-03-24T09:45:00.064Z] [error]: Client must be connected before running operations
[2025-03-24T09:45:00.070Z] [error]: Client must be connected before running operations
[2025-03-24T09:45:49.789Z] [error]: HIDE::500::MongoServerError::Cannot do exclusion on field created_at in inclusion projection::
[2025-03-24T09:46:00.065Z] [error]: Client must be connected before running operations
[2025-03-24T09:46:00.070Z] [error]: Client must be connected before running operations
[2025-03-24T09:47:00.067Z] [error]: Client must be connected before running operations
[2025-03-24T09:47:00.073Z] [error]: Client must be connected before running operations
[2025-03-24T09:48:00.064Z] [error]: Client must be connected before running operations
[2025-03-24T09:48:00.068Z] [error]: Client must be connected before running operations
[2025-03-24T09:49:00.062Z] [error]: Client must be connected before running operations
[2025-03-24T09:49:00.066Z] [error]: Client must be connected before running operations
[2025-03-24T09:49:56.179Z] [error]: HIDE::500::TypeError::findOneCity(...).populated is not a function::
[2025-03-24T09:50:00.062Z] [error]: Client must be connected before running operations
[2025-03-24T09:50:00.068Z] [error]: Client must be connected before running operations
[2025-03-24T09:51:00.064Z] [error]: Client must be connected before running operations
[2025-03-24T09:51:00.071Z] [error]: Client must be connected before running operations
[2025-03-24T09:52:00.065Z] [error]: Client must be connected before running operations
[2025-03-24T09:52:00.076Z] [error]: Client must be connected before running operations
[2025-03-24T09:53:00.060Z] [error]: Client must be connected before running operations
[2025-03-24T09:53:00.063Z] [error]: Client must be connected before running operations
[2025-03-24T09:54:00.061Z] [error]: Client must be connected before running operations
[2025-03-24T09:54:00.065Z] [error]: Client must be connected before running operations
[2025-03-24T09:55:00.061Z] [error]: Client must be connected before running operations
[2025-03-24T09:55:00.064Z] [error]: Client must be connected before running operations
[2025-03-24T09:56:00.062Z] [error]: Client must be connected before running operations
[2025-03-24T09:56:00.072Z] [error]: Client must be connected before running operations
[2025-03-24T09:57:00.064Z] [error]: Client must be connected before running operations
[2025-03-24T09:57:00.070Z] [error]: Client must be connected before running operations
[2025-03-24T09:58:00.063Z] [error]: Client must be connected before running operations
[2025-03-24T09:58:00.068Z] [error]: Client must be connected before running operations
[2025-03-24T09:59:00.065Z] [error]: Client must be connected before running operations
[2025-03-24T09:59:00.071Z] [error]: Client must be connected before running operations
[2025-03-24T10:00:00.067Z] [error]: Client must be connected before running operations
[2025-03-24T10:00:00.076Z] [error]: Client must be connected before running operations
[2025-03-24T10:01:00.061Z] [error]: Client must be connected before running operations
[2025-03-24T10:01:00.065Z] [error]: Client must be connected before running operations
[2025-03-24T10:02:00.065Z] [error]: Client must be connected before running operations
[2025-03-24T10:02:00.069Z] [error]: Client must be connected before running operations
[2025-03-24T10:03:00.063Z] [error]: Client must be connected before running operations
[2025-03-24T10:03:00.066Z] [error]: Client must be connected before running operations
[2025-03-24T10:04:00.062Z] [error]: Client must be connected before running operations
[2025-03-24T10:04:00.066Z] [error]: Client must be connected before running operations
[2025-03-24T10:05:00.063Z] [error]: Client must be connected before running operations
[2025-03-24T10:05:00.066Z] [error]: Client must be connected before running operations
[2025-03-24T10:06:00.063Z] [error]: Client must be connected before running operations
[2025-03-24T10:06:00.066Z] [error]: Client must be connected before running operations
[2025-03-24T10:07:00.062Z] [error]: Client must be connected before running operations
[2025-03-24T10:07:00.065Z] [error]: Client must be connected before running operations
[2025-03-24T10:08:00.065Z] [error]: Client must be connected before running operations
[2025-03-24T10:08:00.071Z] [error]: Client must be connected before running operations
[2025-03-24T10:09:00.068Z] [error]: Client must be connected before running operations
[2025-03-24T10:09:00.076Z] [error]: Client must be connected before running operations
[2025-03-24T10:10:00.060Z] [error]: Client must be connected before running operations
[2025-03-24T10:10:00.062Z] [error]: Client must be connected before running operations
[2025-03-24T10:11:00.062Z] [error]: Client must be connected before running operations
[2025-03-24T10:11:00.064Z] [error]: Client must be connected before running operations
[2025-03-24T10:12:00.040Z] [error]: Client must be connected before running operations
[2025-03-24T10:12:00.042Z] [error]: Client must be connected before running operations
[2025-03-24T10:13:00.033Z] [error]: Client must be connected before running operations
[2025-03-24T10:13:00.035Z] [error]: Client must be connected before running operations
[2025-03-24T10:14:00.059Z] [error]: Client must be connected before running operations
[2025-03-24T10:14:00.060Z] [error]: Client must be connected before running operations
[2025-03-24T10:15:00.060Z] [error]: Client must be connected before running operations
[2025-03-24T10:15:00.061Z] [error]: Client must be connected before running operations
[2025-03-24T10:16:00.060Z] [error]: Client must be connected before running operations
[2025-03-24T10:16:00.062Z] [error]: Client must be connected before running operations
[2025-03-24T10:17:00.059Z] [error]: Client must be connected before running operations
[2025-03-24T10:17:00.060Z] [error]: Client must be connected before running operations
[2025-03-24T10:18:00.059Z] [error]: Client must be connected before running operations
[2025-03-24T10:18:00.060Z] [error]: Client must be connected before running operations
[2025-03-24T10:19:00.059Z] [error]: Client must be connected before running operations
[2025-03-24T10:19:00.061Z] [error]: Client must be connected before running operations
[2025-03-24T10:20:00.061Z] [error]: Client must be connected before running operations
[2025-03-24T10:20:00.063Z] [error]: Client must be connected before running operations
[2025-03-24T10:21:00.059Z] [error]: Client must be connected before running operations
[2025-03-24T10:21:00.060Z] [error]: Client must be connected before running operations
[2025-03-24T10:22:00.059Z] [error]: Client must be connected before running operations
[2025-03-24T10:22:00.060Z] [error]: Client must be connected before running operations
[2025-03-24T10:23:00.059Z] [error]: Client must be connected before running operations
[2025-03-24T10:23:00.060Z] [error]: Client must be connected before running operations
[2025-03-24T10:24:00.060Z] [error]: Client must be connected before running operations
[2025-03-24T10:24:00.061Z] [error]: Client must be connected before running operations
[2025-03-24T10:25:00.059Z] [error]: Client must be connected before running operations
[2025-03-24T10:25:00.060Z] [error]: Client must be connected before running operations
[2025-03-24T10:26:00.059Z] [error]: Client must be connected before running operations
[2025-03-24T10:26:00.061Z] [error]: Client must be connected before running operations
[2025-03-24T10:27:00.061Z] [error]: Client must be connected before running operations
[2025-03-24T10:27:00.063Z] [error]: Client must be connected before running operations
[2025-03-24T10:28:00.059Z] [error]: Client must be connected before running operations
[2025-03-24T10:28:00.060Z] [error]: Client must be connected before running operations
[2025-03-24T10:29:00.059Z] [error]: Client must be connected before running operations
[2025-03-24T10:29:00.060Z] [error]: Client must be connected before running operations
[2025-03-24T10:30:00.059Z] [error]: Client must be connected before running operations
[2025-03-24T10:30:00.060Z] [error]: Client must be connected before running operations
[2025-03-24T10:31:00.059Z] [error]: Client must be connected before running operations
[2025-03-24T10:31:00.060Z] [error]: Client must be connected before running operations
[2025-03-24T10:32:00.052Z] [error]: Client must be connected before running operations
[2025-03-24T10:32:00.053Z] [error]: Client must be connected before running operations
[2025-03-24T10:33:00.059Z] [error]: Client must be connected before running operations
[2025-03-24T10:33:00.060Z] [error]: Client must be connected before running operations
[2025-03-24T10:34:00.050Z] [error]: Client must be connected before running operations
[2025-03-24T10:34:00.051Z] [error]: Client must be connected before running operations
[2025-03-24T10:35:00.063Z] [error]: Client must be connected before running operations
[2025-03-24T10:35:00.064Z] [error]: Client must be connected before running operations
[2025-03-24T10:36:00.062Z] [error]: Client must be connected before running operations
[2025-03-24T10:36:00.064Z] [error]: Client must be connected before running operations
[2025-03-24T10:37:00.061Z] [error]: Client must be connected before running operations
[2025-03-24T10:37:00.063Z] [error]: Client must be connected before running operations
[2025-03-24T10:38:00.059Z] [error]: Client must be connected before running operations
[2025-03-24T10:38:00.060Z] [error]: Client must be connected before running operations
[2025-03-24T10:39:00.061Z] [error]: Client must be connected before running operations
[2025-03-24T10:39:00.062Z] [error]: Client must be connected before running operations
[2025-03-24T10:40:00.059Z] [error]: Client must be connected before running operations
[2025-03-24T10:40:00.060Z] [error]: Client must be connected before running operations
[2025-03-24T10:41:00.059Z] [error]: Client must be connected before running operations
[2025-03-24T10:41:00.060Z] [error]: Client must be connected before running operations
[2025-03-24T10:42:00.063Z] [error]: Client must be connected before running operations
[2025-03-24T10:42:00.069Z] [error]: Client must be connected before running operations
[2025-03-24T10:43:00.066Z] [error]: Client must be connected before running operations
[2025-03-24T10:43:00.069Z] [error]: Client must be connected before running operations
[2025-03-24T10:44:00.066Z] [error]: Client must be connected before running operations
[2025-03-24T10:44:00.073Z] [error]: Client must be connected before running operations
[2025-03-24T10:45:00.067Z] [error]: Client must be connected before running operations
[2025-03-24T10:45:00.072Z] [error]: Client must be connected before running operations
[2025-03-24T10:46:00.062Z] [error]: Client must be connected before running operations
[2025-03-24T10:46:00.066Z] [error]: Client must be connected before running operations
[2025-03-24T10:47:00.064Z] [error]: Client must be connected before running operations
[2025-03-24T10:47:00.068Z] [error]: Client must be connected before running operations
[2025-03-24T10:48:00.062Z] [error]: Client must be connected before running operations
[2025-03-24T10:48:00.067Z] [error]: Client must be connected before running operations
[2025-03-24T10:49:00.066Z] [error]: Client must be connected before running operations
[2025-03-24T10:49:00.072Z] [error]: Client must be connected before running operations
[2025-03-24T10:50:00.062Z] [error]: Client must be connected before running operations
[2025-03-24T10:50:00.066Z] [error]: Client must be connected before running operations
[2025-03-24T10:51:00.063Z] [error]: Client must be connected before running operations
[2025-03-24T10:51:00.068Z] [error]: Client must be connected before running operations
[2025-03-24T10:52:00.062Z] [error]: Client must be connected before running operations
[2025-03-24T10:52:00.064Z] [error]: Client must be connected before running operations
[2025-03-24T10:53:00.059Z] [error]: Client must be connected before running operations
[2025-03-24T10:53:00.061Z] [error]: Client must be connected before running operations
[2025-03-24T10:54:00.061Z] [error]: Client must be connected before running operations
[2025-03-24T10:54:00.063Z] [error]: Client must be connected before running operations
[2025-03-24T10:55:00.060Z] [error]: Client must be connected before running operations
[2025-03-24T10:55:00.062Z] [error]: Client must be connected before running operations
[2025-03-24T10:56:00.061Z] [error]: Client must be connected before running operations
[2025-03-24T10:56:00.064Z] [error]: Client must be connected before running operations
[2025-03-24T10:57:00.062Z] [error]: Client must be connected before running operations
[2025-03-24T10:57:00.066Z] [error]: Client must be connected before running operations
[2025-03-24T10:58:00.061Z] [error]: Client must be connected before running operations
[2025-03-24T10:58:00.063Z] [error]: Client must be connected before running operations
[2025-03-24T10:59:00.060Z] [error]: Client must be connected before running operations
[2025-03-24T10:59:00.063Z] [error]: Client must be connected before running operations
[2025-03-24T11:00:00.060Z] [error]: Client must be connected before running operations
[2025-03-24T11:00:00.062Z] [error]: Client must be connected before running operations
[2025-03-24T11:01:00.059Z] [error]: Client must be connected before running operations
[2025-03-24T11:01:00.061Z] [error]: Client must be connected before running operations
[2025-03-24T11:02:00.060Z] [error]: Client must be connected before running operations
[2025-03-24T11:02:00.062Z] [error]: Client must be connected before running operations
[2025-03-24T11:03:00.060Z] [error]: Client must be connected before running operations
[2025-03-24T11:03:00.065Z] [error]: Client must be connected before running operations
[2025-03-24T11:04:00.059Z] [error]: Client must be connected before running operations
[2025-03-24T11:04:00.062Z] [error]: Client must be connected before running operations
[2025-03-24T11:05:00.059Z] [error]: Client must be connected before running operations
[2025-03-24T11:05:00.061Z] [error]: Client must be connected before running operations
[2025-03-24T11:06:00.059Z] [error]: Client must be connected before running operations
[2025-03-24T11:06:00.062Z] [error]: Client must be connected before running operations
[2025-03-24T11:07:00.059Z] [error]: Client must be connected before running operations
[2025-03-24T11:07:00.060Z] [error]: Client must be connected before running operations
[2025-03-24T11:08:00.059Z] [error]: Client must be connected before running operations
[2025-03-24T11:08:00.061Z] [error]: Client must be connected before running operations
[2025-03-24T11:09:00.060Z] [error]: Client must be connected before running operations
[2025-03-24T11:09:00.062Z] [error]: Client must be connected before running operations
[2025-03-24T11:10:00.059Z] [error]: Client must be connected before running operations
[2025-03-24T11:10:00.061Z] [error]: Client must be connected before running operations
[2025-03-24T11:11:00.060Z] [error]: Client must be connected before running operations
[2025-03-24T11:11:00.061Z] [error]: Client must be connected before running operations
[2025-03-24T11:12:00.059Z] [error]: Client must be connected before running operations
[2025-03-24T11:12:00.061Z] [error]: Client must be connected before running operations
[2025-03-24T11:13:00.060Z] [error]: Client must be connected before running operations
[2025-03-24T11:13:00.061Z] [error]: Client must be connected before running operations
[2025-03-24T11:14:00.060Z] [error]: Client must be connected before running operations
[2025-03-24T11:14:00.063Z] [error]: Client must be connected before running operations
[2025-03-24T11:15:00.061Z] [error]: Client must be connected before running operations
[2025-03-24T11:15:00.063Z] [error]: Client must be connected before running operations
[2025-03-24T11:16:00.059Z] [error]: Client must be connected before running operations
[2025-03-24T11:16:00.061Z] [error]: Client must be connected before running operations
[2025-03-24T11:17:00.059Z] [error]: Client must be connected before running operations
[2025-03-24T11:17:00.061Z] [error]: Client must be connected before running operations
[2025-03-24T11:18:00.063Z] [error]: Client must be connected before running operations
[2025-03-24T11:18:00.067Z] [error]: Client must be connected before running operations
[2025-03-24T11:19:00.064Z] [error]: Client must be connected before running operations
[2025-03-24T11:19:00.070Z] [error]: Client must be connected before running operations
[2025-03-24T11:20:00.062Z] [error]: Client must be connected before running operations
[2025-03-24T11:20:00.065Z] [error]: Client must be connected before running operations
[2025-03-24T11:21:00.059Z] [error]: Client must be connected before running operations
[2025-03-24T11:21:00.061Z] [error]: Client must be connected before running operations
[2025-03-24T11:22:00.063Z] [error]: Client must be connected before running operations
[2025-03-24T11:22:00.068Z] [error]: Client must be connected before running operations
[2025-03-24T11:23:00.062Z] [error]: Client must be connected before running operations
[2025-03-24T11:23:00.063Z] [error]: Client must be connected before running operations
[2025-03-24T11:24:00.060Z] [error]: Client must be connected before running operations
[2025-03-24T11:24:00.062Z] [error]: Client must be connected before running operations
[2025-03-24T11:25:00.059Z] [error]: Client must be connected before running operations
[2025-03-24T11:25:00.061Z] [error]: Client must be connected before running operations
[2025-03-24T11:26:00.059Z] [error]: Client must be connected before running operations
[2025-03-24T11:26:00.060Z] [error]: Client must be connected before running operations
[2025-03-24T11:27:00.062Z] [error]: Client must be connected before running operations
[2025-03-24T11:27:00.063Z] [error]: Client must be connected before running operations
[2025-03-24T11:28:00.012Z] [error]: Client must be connected before running operations
[2025-03-24T11:28:00.014Z] [error]: Client must be connected before running operations
[2025-03-24T11:29:00.036Z] [error]: Client must be connected before running operations
[2025-03-24T11:29:00.037Z] [error]: Client must be connected before running operations
[2025-03-24T11:30:00.023Z] [error]: Client must be connected before running operations
