[2025-03-24T04:38:00.011Z] [info]: Cleanup key token: 0 key token cleaned
[2025-03-24T04:38:00.011Z] [info]: Cleanup key token: 0 refresh token used cleaned
[2025-03-24T04:38:00.025Z] [info]: Cleanup product: Cleaned 0 products
[2025-03-24T04:39:00.011Z] [info]: Cleanup key token: 0 key token cleaned
[2025-03-24T04:39:00.012Z] [info]: Cleanup key token: 0 refresh token used cleaned
[2025-03-24T04:39:00.015Z] [info]: Cleanup product: Cleaned 0 products
[2025-03-24T04:40:00.006Z] [info]: Cleanup key token: 0 key token cleaned
[2025-03-24T04:40:00.006Z] [info]: Cleanup key token: 0 refresh token used cleaned
[2025-03-24T04:40:00.008Z] [info]: Cleanup product: Cleaned 0 products
[2025-03-24T04:41:00.006Z] [info]: Cleanup key token: 0 key token cleaned
[2025-03-24T04:41:00.006Z] [info]: Cleanup key token: 0 refresh token used cleaned
[2025-03-24T04:41:00.009Z] [info]: Cleanup product: Cleaned 0 products
[2025-03-24T04:42:00.006Z] [info]: Cleanup key token: 0 key token cleaned
[2025-03-24T04:42:00.007Z] [info]: Cleanup key token: 0 refresh token used cleaned
[2025-03-24T04:42:00.010Z] [info]: Cleanup product: Cleaned 0 products
[2025-03-24T04:43:00.007Z] [info]: Cleanup product: Cleaned 0 products
[2025-03-24T04:43:00.008Z] [info]: Cleanup key token: 0 key token cleaned
[2025-03-24T04:43:00.009Z] [info]: Cleanup key token: 0 refresh token used cleaned
[2025-03-24T04:44:00.008Z] [info]: Cleanup key token: 0 key token cleaned
[2025-03-24T04:44:00.009Z] [info]: Cleanup key token: 0 refresh token used cleaned
[2025-03-24T04:44:00.009Z] [info]: Cleanup product: Cleaned 0 products
[2025-03-24T04:45:00.009Z] [info]: Cleanup key token: 0 key token cleaned
[2025-03-24T04:45:00.009Z] [info]: Cleanup key token: 0 refresh token used cleaned
[2025-03-24T04:45:00.009Z] [info]: Cleanup product: Cleaned 0 products
[2025-03-24T04:46:00.010Z] [info]: Cleanup key token: 0 key token cleaned
[2025-03-24T04:46:00.010Z] [info]: Cleanup key token: 0 refresh token used cleaned
[2025-03-24T04:46:00.011Z] [info]: Cleanup product: Cleaned 0 products
[2025-03-24T04:47:00.007Z] [info]: Cleanup key token: 0 key token cleaned
[2025-03-24T04:47:00.007Z] [info]: Cleanup key token: 0 refresh token used cleaned
[2025-03-24T04:47:00.008Z] [info]: Cleanup product: Cleaned 0 products
[2025-03-24T04:48:00.006Z] [info]: Cleanup key token: 0 key token cleaned
[2025-03-24T04:48:00.006Z] [info]: Cleanup key token: 0 refresh token used cleaned
[2025-03-24T04:48:00.008Z] [info]: Cleanup product: Cleaned 0 products
[2025-03-24T04:49:00.006Z] [info]: Cleanup key token: 0 key token cleaned
[2025-03-24T04:49:00.006Z] [info]: Cleanup key token: 0 refresh token used cleaned
[2025-03-24T04:49:00.007Z] [info]: Cleanup product: Cleaned 0 products
[2025-03-24T04:52:36.283Z] [info]: Cleanup key token: 0 key token cleaned
[2025-03-24T04:52:36.283Z] [info]: Cleanup key token: 0 refresh token used cleaned
[2025-03-24T04:52:36.284Z] [info]: Cleanup product: Cleaned 0 products
[2025-03-24T04:53:00.006Z] [info]: Cleanup key token: 0 key token cleaned
[2025-03-24T04:53:00.006Z] [info]: Cleanup key token: 0 refresh token used cleaned
[2025-03-24T04:53:00.006Z] [info]: Cleanup product: Cleaned 0 products
[2025-03-24T04:54:00.006Z] [info]: Cleanup key token: 0 key token cleaned
[2025-03-24T04:54:00.007Z] [info]: Cleanup key token: 0 refresh token used cleaned
[2025-03-24T04:54:00.007Z] [info]: Cleanup product: Cleaned 0 products
[2025-03-24T04:55:00.051Z] [info]: Cleanup key token: 0 key token cleaned
[2025-03-24T04:55:00.053Z] [info]: Cleanup key token: 0 refresh token used cleaned
[2025-03-24T04:55:00.056Z] [info]: Cleanup product: Cleaned 0 products
[2025-03-24T04:56:00.062Z] [info]: Cleanup key token: 0 key token cleaned
[2025-03-24T04:56:00.064Z] [info]: Cleanup key token: 0 refresh token used cleaned
[2025-03-24T04:56:00.068Z] [info]: Cleanup product: Cleaned 0 products
[2025-03-24T06:04:00.102Z] [info]: Cleanup key token: 0 key token cleaned
[2025-03-24T06:04:00.105Z] [info]: Cleanup key token: 0 refresh token used cleaned
[2025-03-24T06:04:00.111Z] [info]: Cleanup product: Cleaned 0 products
[2025-03-24T06:05:00.033Z] [info]: Cleanup key token: 0 key token cleaned
[2025-03-24T06:05:00.035Z] [info]: Cleanup key token: 0 refresh token used cleaned
[2025-03-24T06:05:00.036Z] [info]: Cleanup product: Cleaned 0 products
[2025-03-24T06:06:00.026Z] [info]: Cleanup key token: 0 key token cleaned
[2025-03-24T06:06:00.026Z] [info]: Cleanup key token: 0 refresh token used cleaned
[2025-03-24T06:06:00.030Z] [info]: Cleanup product: Cleaned 0 products
[2025-03-24T06:07:00.008Z] [info]: Cleanup key token: 0 key token cleaned
[2025-03-24T06:07:00.008Z] [info]: Cleanup key token: 0 refresh token used cleaned
[2025-03-24T06:07:00.008Z] [info]: Cleanup product: Cleaned 0 products
[2025-03-24T06:08:00.008Z] [info]: Cleanup key token: 0 key token cleaned
[2025-03-24T06:08:00.009Z] [info]: Cleanup key token: 0 refresh token used cleaned
[2025-03-24T06:08:00.009Z] [info]: Cleanup product: Cleaned 0 products
[2025-03-24T06:09:00.012Z] [info]: Cleanup key token: 0 key token cleaned
[2025-03-24T06:09:00.013Z] [info]: Cleanup key token: 0 refresh token used cleaned
[2025-03-24T06:09:00.017Z] [info]: Cleanup product: Cleaned 0 products
[2025-03-24T06:10:00.010Z] [info]: Cleanup key token: 0 key token cleaned
[2025-03-24T06:10:00.010Z] [info]: Cleanup key token: 0 refresh token used cleaned
[2025-03-24T06:10:00.011Z] [info]: Cleanup product: Cleaned 0 products
[2025-03-24T06:11:00.008Z] [info]: Cleanup key token: 0 key token cleaned
[2025-03-24T06:11:00.008Z] [info]: Cleanup key token: 0 refresh token used cleaned
[2025-03-24T06:11:00.011Z] [info]: Cleanup product: Cleaned 0 products
[2025-03-24T06:12:00.006Z] [info]: Cleanup key token: 0 key token cleaned
[2025-03-24T06:12:00.006Z] [info]: Cleanup key token: 0 refresh token used cleaned
[2025-03-24T06:12:00.009Z] [info]: Cleanup product: Cleaned 0 products
[2025-03-24T06:13:00.917Z] [info]: Cleanup key token: 0 key token cleaned
[2025-03-24T06:13:00.917Z] [info]: Cleanup key token: 0 refresh token used cleaned
[2025-03-24T06:13:00.919Z] [info]: Cleanup product: Cleaned 0 products
[2025-03-24T06:14:00.005Z] [info]: Cleanup key token: 0 key token cleaned
[2025-03-24T06:14:00.006Z] [info]: Cleanup key token: 0 refresh token used cleaned
[2025-03-24T06:14:00.007Z] [info]: Cleanup product: Cleaned 0 products
[2025-03-24T06:15:00.008Z] [info]: Cleanup key token: 0 key token cleaned
[2025-03-24T06:15:00.008Z] [info]: Cleanup key token: 0 refresh token used cleaned
[2025-03-24T06:15:00.010Z] [info]: Cleanup product: Cleaned 0 products
[2025-03-24T06:16:00.007Z] [info]: Cleanup key token: 0 key token cleaned
[2025-03-24T06:16:00.007Z] [info]: Cleanup key token: 0 refresh token used cleaned
[2025-03-24T06:16:00.007Z] [info]: Cleanup product: Cleaned 0 products
[2025-03-24T06:17:00.006Z] [info]: Cleanup key token: 0 key token cleaned
[2025-03-24T06:17:00.007Z] [info]: Cleanup key token: 0 refresh token used cleaned
[2025-03-24T06:17:00.008Z] [info]: Cleanup product: Cleaned 0 products
[2025-03-24T06:18:00.016Z] [info]: Cleanup key token: 0 key token cleaned
[2025-03-24T06:18:00.016Z] [info]: Cleanup key token: 0 refresh token used cleaned
[2025-03-24T06:18:00.018Z] [info]: Cleanup product: Cleaned 0 products
[2025-03-24T06:19:00.008Z] [info]: Cleanup key token: 0 key token cleaned
[2025-03-24T06:19:00.008Z] [info]: Cleanup key token: 0 refresh token used cleaned
[2025-03-24T06:19:00.008Z] [info]: Cleanup product: Cleaned 0 products
[2025-03-24T06:20:00.004Z] [info]: Cleanup key token: 0 key token cleaned
[2025-03-24T06:20:00.004Z] [info]: Cleanup key token: 0 refresh token used cleaned
[2025-03-24T06:20:00.007Z] [info]: Cleanup product: Cleaned 0 products
[2025-03-24T06:21:00.005Z] [info]: Cleanup key token: 0 key token cleaned
[2025-03-24T06:21:00.005Z] [info]: Cleanup key token: 0 refresh token used cleaned
[2025-03-24T06:21:00.009Z] [info]: Cleanup product: Cleaned 0 products
[2025-03-24T06:22:00.005Z] [info]: Cleanup key token: 0 key token cleaned
[2025-03-24T06:22:00.005Z] [info]: Cleanup key token: 0 refresh token used cleaned
[2025-03-24T06:22:00.008Z] [info]: Cleanup product: Cleaned 0 products
[2025-03-24T06:23:00.006Z] [info]: Cleanup key token: 0 key token cleaned
[2025-03-24T06:23:00.006Z] [info]: Cleanup key token: 0 refresh token used cleaned
[2025-03-24T06:23:00.007Z] [info]: Cleanup product: Cleaned 0 products
[2025-03-24T06:24:00.037Z] [info]: Cleanup key token: 0 key token cleaned
[2025-03-24T06:24:00.038Z] [info]: Cleanup key token: 0 refresh token used cleaned
[2025-03-24T06:24:00.039Z] [info]: Cleanup product: Cleaned 0 products
[2025-03-24T06:25:00.025Z] [info]: Cleanup key token: 0 key token cleaned
[2025-03-24T06:25:00.026Z] [info]: Cleanup key token: 0 refresh token used cleaned
[2025-03-24T06:25:00.033Z] [info]: Cleanup product: Cleaned 0 products
[2025-03-24T06:26:00.030Z] [info]: Cleanup key token: 0 key token cleaned
[2025-03-24T06:26:00.031Z] [info]: Cleanup key token: 0 refresh token used cleaned
[2025-03-24T06:26:00.035Z] [info]: Cleanup product: Cleaned 0 products
[2025-03-24T06:27:00.031Z] [info]: Cleanup key token: 0 key token cleaned
[2025-03-24T06:27:00.032Z] [info]: Cleanup key token: 0 refresh token used cleaned
[2025-03-24T06:27:00.033Z] [info]: Cleanup product: Cleaned 0 products
[2025-03-24T06:28:00.039Z] [info]: Cleanup key token: 0 key token cleaned
[2025-03-24T06:28:00.040Z] [info]: Cleanup key token: 0 refresh token used cleaned
[2025-03-24T06:28:00.044Z] [info]: Cleanup product: Cleaned 0 products
[2025-03-24T06:29:00.044Z] [info]: Cleanup key token: 0 key token cleaned
[2025-03-24T06:29:00.045Z] [info]: Cleanup key token: 0 refresh token used cleaned
[2025-03-24T06:29:00.049Z] [info]: Cleanup product: Cleaned 0 products
[2025-03-24T06:30:00.030Z] [info]: Cleanup key token: 0 key token cleaned
[2025-03-24T06:30:00.030Z] [info]: Cleanup key token: 0 refresh token used cleaned
[2025-03-24T06:30:00.033Z] [info]: Cleanup product: Cleaned 0 products
[2025-03-24T06:31:00.014Z] [info]: Cleanup product: Cleaned 0 products
[2025-03-24T06:31:00.015Z] [info]: Cleanup key token: 0 key token cleaned
[2025-03-24T06:31:00.016Z] [info]: Cleanup key token: 0 refresh token used cleaned
[2025-03-24T06:32:00.084Z] [info]: Cleanup key token: 0 key token cleaned
[2025-03-24T06:32:00.085Z] [info]: Cleanup key token: 0 refresh token used cleaned
[2025-03-24T06:32:00.091Z] [info]: Cleanup product: Cleaned 0 products
[2025-03-24T06:33:00.043Z] [info]: Cleanup key token: 0 key token cleaned
[2025-03-24T06:33:00.044Z] [info]: Cleanup key token: 0 refresh token used cleaned
[2025-03-24T06:33:00.045Z] [info]: Cleanup product: Cleaned 0 products
[2025-03-24T06:34:00.026Z] [info]: Cleanup key token: 0 key token cleaned
[2025-03-24T06:34:00.027Z] [info]: Cleanup key token: 0 refresh token used cleaned
[2025-03-24T06:34:00.030Z] [info]: Cleanup product: Cleaned 0 products
[2025-03-24T06:35:00.040Z] [info]: Cleanup key token: 0 key token cleaned
[2025-03-24T06:35:00.041Z] [info]: Cleanup key token: 0 refresh token used cleaned
[2025-03-24T06:35:00.042Z] [info]: Cleanup product: Cleaned 0 products
[2025-03-24T06:36:00.009Z] [info]: Cleanup key token: 0 key token cleaned
[2025-03-24T06:36:00.010Z] [info]: Cleanup key token: 0 refresh token used cleaned
[2025-03-24T06:36:00.010Z] [info]: Cleanup product: Cleaned 0 products
[2025-03-24T06:37:00.008Z] [info]: Cleanup key token: 0 key token cleaned
[2025-03-24T06:37:00.009Z] [info]: Cleanup key token: 0 refresh token used cleaned
[2025-03-24T06:37:00.009Z] [info]: Cleanup product: Cleaned 0 products
[2025-03-24T06:38:00.027Z] [info]: Cleanup key token: 0 key token cleaned
[2025-03-24T06:38:00.028Z] [info]: Cleanup key token: 0 refresh token used cleaned
[2025-03-24T06:38:00.032Z] [info]: Cleanup product: Cleaned 0 products
[2025-03-24T06:40:00.034Z] [info]: Cleanup key token: 0 key token cleaned
[2025-03-24T06:40:00.035Z] [info]: Cleanup key token: 0 refresh token used cleaned
[2025-03-24T06:40:00.036Z] [info]: Cleanup product: Cleaned 0 products
[2025-03-24T06:41:00.028Z] [info]: Cleanup key token: 0 key token cleaned
[2025-03-24T06:41:00.029Z] [info]: Cleanup key token: 0 refresh token used cleaned
[2025-03-24T06:41:00.030Z] [info]: Cleanup product: Cleaned 0 products
[2025-03-24T06:42:00.010Z] [info]: Cleanup key token: 0 key token cleaned
[2025-03-24T06:42:00.011Z] [info]: Cleanup key token: 0 refresh token used cleaned
[2025-03-24T06:42:00.013Z] [info]: Cleanup product: Cleaned 0 products
[2025-03-24T06:43:00.007Z] [info]: Cleanup key token: 0 key token cleaned
[2025-03-24T06:43:00.008Z] [info]: Cleanup key token: 0 refresh token used cleaned
[2025-03-24T06:43:00.010Z] [info]: Cleanup product: Cleaned 0 products
[2025-03-24T06:44:00.008Z] [info]: Cleanup key token: 0 key token cleaned
[2025-03-24T06:44:00.009Z] [info]: Cleanup key token: 0 refresh token used cleaned
[2025-03-24T06:44:00.013Z] [info]: Cleanup product: Cleaned 0 products
[2025-03-24T06:45:00.010Z] [info]: Cleanup product: Cleaned 0 products
[2025-03-24T06:45:00.010Z] [info]: Cleanup key token: 0 key token cleaned
[2025-03-24T06:45:00.011Z] [info]: Cleanup key token: 0 refresh token used cleaned
[2025-03-24T06:46:00.005Z] [info]: Cleanup key token: 0 key token cleaned
[2025-03-24T06:46:00.005Z] [info]: Cleanup key token: 0 refresh token used cleaned
[2025-03-24T06:46:00.008Z] [info]: Cleanup product: Cleaned 0 products
[2025-03-24T06:48:00.053Z] [info]: Cleanup key token: 0 key token cleaned
[2025-03-24T06:48:00.054Z] [info]: Cleanup key token: 0 refresh token used cleaned
[2025-03-24T06:48:00.060Z] [info]: Cleanup product: Cleaned 0 products
[2025-03-24T06:49:00.034Z] [info]: Cleanup key token: 0 key token cleaned
[2025-03-24T06:49:00.035Z] [info]: Cleanup key token: 0 refresh token used cleaned
[2025-03-24T06:49:00.036Z] [info]: Cleanup product: Cleaned 0 products
[2025-03-24T06:50:00.034Z] [info]: Cleanup key token: 0 key token cleaned
[2025-03-24T06:50:00.035Z] [info]: Cleanup key token: 0 refresh token used cleaned
[2025-03-24T06:50:00.040Z] [info]: Cleanup product: Cleaned 0 products
[2025-03-24T07:01:00.025Z] [info]: Cleanup key token: 0 key token cleaned
[2025-03-24T07:01:00.025Z] [info]: Cleanup key token: 0 refresh token used cleaned
[2025-03-24T07:01:00.029Z] [info]: Cleanup product: Cleaned 0 products
[2025-03-24T07:02:00.031Z] [info]: Cleanup key token: 0 key token cleaned
[2025-03-24T07:02:00.032Z] [info]: Cleanup key token: 0 refresh token used cleaned
[2025-03-24T07:02:00.036Z] [info]: Cleanup product: Cleaned 0 products
[2025-03-24T07:03:00.025Z] [info]: Cleanup key token: 0 key token cleaned
[2025-03-24T07:03:00.026Z] [info]: Cleanup key token: 0 refresh token used cleaned
[2025-03-24T07:03:00.029Z] [info]: Cleanup product: Cleaned 0 products
[2025-03-24T07:05:00.061Z] [info]: Cleanup key token: 0 key token cleaned
[2025-03-24T07:05:00.062Z] [info]: Cleanup key token: 0 refresh token used cleaned
[2025-03-24T07:05:00.065Z] [info]: Cleanup product: Cleaned 0 products
[2025-03-24T07:06:00.008Z] [info]: Cleanup key token: 0 key token cleaned
[2025-03-24T07:06:00.009Z] [info]: Cleanup key token: 0 refresh token used cleaned
[2025-03-24T07:06:00.014Z] [info]: Cleanup product: Cleaned 0 products
[2025-03-24T07:07:03.765Z] [info]: Cleanup key token: 0 key token cleaned
[2025-03-24T07:07:03.766Z] [info]: Cleanup key token: 0 refresh token used cleaned
[2025-03-24T07:07:03.768Z] [info]: Cleanup product: Cleaned 0 products
[2025-03-24T07:08:00.079Z] [info]: Cleanup key token: 0 key token cleaned
[2025-03-24T07:08:00.080Z] [info]: Cleanup key token: 0 refresh token used cleaned
[2025-03-24T07:08:00.087Z] [info]: Cleanup product: Cleaned 0 products
[2025-03-24T07:09:00.012Z] [info]: Cleanup key token: 0 key token cleaned
[2025-03-24T07:09:00.012Z] [info]: Cleanup key token: 0 refresh token used cleaned
[2025-03-24T07:09:00.017Z] [info]: Cleanup product: Cleaned 0 products
[2025-03-24T07:10:00.012Z] [info]: Cleanup key token: 0 key token cleaned
[2025-03-24T07:10:00.013Z] [info]: Cleanup key token: 0 refresh token used cleaned
[2025-03-24T07:10:00.020Z] [info]: Cleanup product: Cleaned 0 products
[2025-03-24T07:11:00.011Z] [info]: Cleanup key token: 0 key token cleaned
[2025-03-24T07:11:00.012Z] [info]: Cleanup key token: 0 refresh token used cleaned
[2025-03-24T07:11:00.015Z] [info]: Cleanup product: Cleaned 0 products
[2025-03-24T07:12:00.063Z] [info]: Cleanup key token: 0 key token cleaned
[2025-03-24T07:12:00.064Z] [info]: Cleanup key token: 0 refresh token used cleaned
[2025-03-24T07:12:00.071Z] [info]: Cleanup product: Cleaned 0 products
[2025-03-24T07:13:00.062Z] [info]: Cleanup key token: 0 key token cleaned
[2025-03-24T07:13:00.063Z] [info]: Cleanup key token: 0 refresh token used cleaned
[2025-03-24T07:13:00.071Z] [info]: Cleanup product: Cleaned 0 products
[2025-03-24T07:14:03.764Z] [info]: Cleanup key token: 0 key token cleaned
[2025-03-24T07:14:03.766Z] [info]: Cleanup key token: 0 refresh token used cleaned
[2025-03-24T07:14:03.776Z] [info]: Cleanup product: Cleaned 0 products
[2025-03-24T07:15:00.025Z] [info]: Cleanup key token: 0 key token cleaned
[2025-03-24T07:15:00.026Z] [info]: Cleanup key token: 0 refresh token used cleaned
[2025-03-24T07:15:00.027Z] [info]: Cleanup product: Cleaned 0 products
[2025-03-24T07:16:00.063Z] [info]: Cleanup key token: 0 key token cleaned
[2025-03-24T07:16:00.065Z] [info]: Cleanup key token: 0 refresh token used cleaned
[2025-03-24T07:16:00.073Z] [info]: Cleanup product: Cleaned 0 products
[2025-03-24T07:18:00.877Z] [info]: Cleanup key token: 0 key token cleaned
[2025-03-24T07:18:00.878Z] [info]: Cleanup key token: 0 refresh token used cleaned
[2025-03-24T07:18:00.887Z] [info]: Cleanup product: Cleaned 0 products
[2025-03-24T07:19:00.026Z] [info]: Cleanup key token: 0 key token cleaned
[2025-03-24T07:19:00.027Z] [info]: Cleanup key token: 0 refresh token used cleaned
[2025-03-24T07:19:00.030Z] [info]: Cleanup product: Cleaned 0 products
[2025-03-24T07:20:00.033Z] [info]: Cleanup key token: 0 key token cleaned
[2025-03-24T07:20:00.034Z] [info]: Cleanup key token: 0 refresh token used cleaned
[2025-03-24T07:20:00.038Z] [info]: Cleanup product: Cleaned 0 products
[2025-03-24T07:20:17.845Z] [info]: Server closed
[2025-03-24T07:20:17.864Z] [info]: Server closed
[2025-03-24T07:20:17.865Z] [info]: Server closed
[2025-03-24T07:22:00.028Z] [info]: Cleanup key token: 0 key token cleaned
[2025-03-24T07:22:00.028Z] [info]: Cleanup key token: 0 refresh token used cleaned
[2025-03-24T07:22:00.029Z] [info]: Cleanup product: Cleaned 0 products
[2025-03-24T07:23:00.009Z] [info]: Cleanup key token: 0 key token cleaned
[2025-03-24T07:23:00.009Z] [info]: Cleanup key token: 0 refresh token used cleaned
[2025-03-24T07:23:00.010Z] [info]: Cleanup product: Cleaned 0 products
[2025-03-24T07:24:00.007Z] [info]: Cleanup key token: 0 key token cleaned
[2025-03-24T07:24:00.008Z] [info]: Cleanup key token: 0 refresh token used cleaned
[2025-03-24T07:24:00.011Z] [info]: Cleanup product: Cleaned 0 products
[2025-03-24T07:25:00.037Z] [info]: Cleanup key token: 0 key token cleaned
[2025-03-24T07:25:00.038Z] [info]: Cleanup key token: 0 refresh token used cleaned
[2025-03-24T07:25:00.039Z] [info]: Cleanup product: Cleaned 0 products
[2025-03-24T07:26:00.031Z] [info]: Cleanup key token: 0 key token cleaned
[2025-03-24T07:26:00.032Z] [info]: Cleanup key token: 0 refresh token used cleaned
[2025-03-24T07:26:00.038Z] [info]: Cleanup product: Cleaned 0 products
[2025-03-24T07:27:00.026Z] [info]: Cleanup key token: 0 key token cleaned
[2025-03-24T07:27:00.027Z] [info]: Cleanup key token: 0 refresh token used cleaned
[2025-03-24T07:27:00.031Z] [info]: Cleanup product: Cleaned 0 products
[2025-03-24T07:28:00.007Z] [info]: Cleanup key token: 0 key token cleaned
[2025-03-24T07:28:00.007Z] [info]: Cleanup key token: 0 refresh token used cleaned
[2025-03-24T07:28:00.009Z] [info]: Cleanup product: Cleaned 0 products
[2025-03-24T07:29:00.006Z] [info]: Cleanup key token: 0 key token cleaned
[2025-03-24T07:29:00.006Z] [info]: Cleanup key token: 0 refresh token used cleaned
[2025-03-24T07:29:00.009Z] [info]: Cleanup product: Cleaned 0 products
[2025-03-24T07:30:00.009Z] [info]: Cleanup key token: 0 key token cleaned
[2025-03-24T07:30:00.010Z] [info]: Cleanup key token: 0 refresh token used cleaned
[2025-03-24T07:30:00.012Z] [info]: Cleanup product: Cleaned 0 products
[2025-03-24T07:31:00.005Z] [info]: Cleanup key token: 0 key token cleaned
[2025-03-24T07:31:00.006Z] [info]: Cleanup key token: 0 refresh token used cleaned
[2025-03-24T07:31:00.008Z] [info]: Cleanup product: Cleaned 0 products
[2025-03-24T07:32:00.006Z] [info]: Cleanup key token: 0 key token cleaned
[2025-03-24T07:32:00.006Z] [info]: Cleanup key token: 0 refresh token used cleaned
[2025-03-24T07:32:00.006Z] [info]: Cleanup product: Cleaned 0 products
[2025-03-24T07:33:00.006Z] [info]: Cleanup key token: 0 key token cleaned
[2025-03-24T07:33:00.007Z] [info]: Cleanup key token: 0 refresh token used cleaned
[2025-03-24T07:33:00.009Z] [info]: Cleanup product: Cleaned 0 products
[2025-03-24T07:34:00.005Z] [info]: Cleanup key token: 0 key token cleaned
[2025-03-24T07:34:00.005Z] [info]: Cleanup key token: 0 refresh token used cleaned
[2025-03-24T07:34:00.007Z] [info]: Cleanup product: Cleaned 0 products
[2025-03-24T07:35:00.006Z] [info]: Cleanup key token: 0 key token cleaned
[2025-03-24T07:35:00.007Z] [info]: Cleanup key token: 0 refresh token used cleaned
[2025-03-24T07:35:00.008Z] [info]: Cleanup product: Cleaned 0 products
[2025-03-24T07:36:00.005Z] [info]: Cleanup key token: 0 key token cleaned
[2025-03-24T07:36:00.005Z] [info]: Cleanup key token: 0 refresh token used cleaned
[2025-03-24T07:36:00.008Z] [info]: Cleanup product: Cleaned 0 products
[2025-03-24T07:37:00.005Z] [info]: Cleanup key token: 0 key token cleaned
[2025-03-24T07:37:00.005Z] [info]: Cleanup key token: 0 refresh token used cleaned
[2025-03-24T07:37:00.008Z] [info]: Cleanup product: Cleaned 0 products
[2025-03-24T07:38:00.005Z] [info]: Cleanup key token: 0 key token cleaned
[2025-03-24T07:38:00.005Z] [info]: Cleanup key token: 0 refresh token used cleaned
[2025-03-24T07:38:00.007Z] [info]: Cleanup product: Cleaned 0 products
[2025-03-24T07:39:00.005Z] [info]: Cleanup key token: 0 key token cleaned
[2025-03-24T07:39:00.005Z] [info]: Cleanup key token: 0 refresh token used cleaned
[2025-03-24T07:39:00.007Z] [info]: Cleanup product: Cleaned 0 products
[2025-03-24T07:40:00.005Z] [info]: Cleanup key token: 0 key token cleaned
[2025-03-24T07:40:00.005Z] [info]: Cleanup key token: 0 refresh token used cleaned
[2025-03-24T07:40:00.006Z] [info]: Cleanup product: Cleaned 0 products
[2025-03-24T07:41:00.006Z] [info]: Cleanup key token: 0 key token cleaned
[2025-03-24T07:41:00.006Z] [info]: Cleanup key token: 0 refresh token used cleaned
[2025-03-24T07:41:00.006Z] [info]: Cleanup product: Cleaned 0 products
[2025-03-24T07:42:00.006Z] [info]: Cleanup product: Cleaned 0 products
[2025-03-24T07:42:00.006Z] [info]: Cleanup key token: 0 key token cleaned
[2025-03-24T07:42:00.006Z] [info]: Cleanup key token: 0 refresh token used cleaned
[2025-03-24T07:43:00.004Z] [info]: Cleanup key token: 0 key token cleaned
[2025-03-24T07:43:00.005Z] [info]: Cleanup key token: 0 refresh token used cleaned
[2025-03-24T07:43:00.007Z] [info]: Cleanup product: Cleaned 0 products
[2025-03-24T07:44:00.006Z] [info]: Cleanup key token: 0 key token cleaned
[2025-03-24T07:44:00.006Z] [info]: Cleanup key token: 0 refresh token used cleaned
[2025-03-24T07:44:00.006Z] [info]: Cleanup product: Cleaned 0 products
[2025-03-24T07:45:00.005Z] [info]: Cleanup key token: 0 key token cleaned
[2025-03-24T07:45:00.005Z] [info]: Cleanup key token: 0 refresh token used cleaned
[2025-03-24T07:45:00.007Z] [info]: Cleanup product: Cleaned 0 products
[2025-03-24T07:46:00.006Z] [info]: Cleanup key token: 0 key token cleaned
[2025-03-24T07:46:00.007Z] [info]: Cleanup key token: 0 refresh token used cleaned
[2025-03-24T07:46:00.011Z] [info]: Cleanup product: Cleaned 0 products
[2025-03-24T07:47:00.007Z] [info]: Cleanup key token: 0 key token cleaned
[2025-03-24T07:47:00.007Z] [info]: Cleanup key token: 0 refresh token used cleaned
[2025-03-24T07:47:00.007Z] [info]: Cleanup product: Cleaned 0 products
[2025-03-24T07:48:00.005Z] [info]: Cleanup key token: 0 key token cleaned
[2025-03-24T07:48:00.005Z] [info]: Cleanup key token: 0 refresh token used cleaned
[2025-03-24T07:48:00.005Z] [info]: Cleanup product: Cleaned 0 products
[2025-03-24T07:49:00.007Z] [info]: Cleanup product: Cleaned 0 products
[2025-03-24T07:49:00.007Z] [info]: Cleanup key token: 0 key token cleaned
[2025-03-24T07:49:00.007Z] [info]: Cleanup key token: 0 refresh token used cleaned
[2025-03-24T07:50:00.007Z] [info]: Cleanup key token: 0 key token cleaned
[2025-03-24T07:50:00.007Z] [info]: Cleanup key token: 0 refresh token used cleaned
[2025-03-24T07:50:00.008Z] [info]: Cleanup product: Cleaned 0 products
[2025-03-24T07:51:00.005Z] [info]: Cleanup key token: 0 key token cleaned
[2025-03-24T07:51:00.005Z] [info]: Cleanup key token: 0 refresh token used cleaned
[2025-03-24T07:51:00.007Z] [info]: Cleanup product: Cleaned 0 products
[2025-03-24T07:52:00.004Z] [info]: Cleanup key token: 0 key token cleaned
[2025-03-24T07:52:00.004Z] [info]: Cleanup key token: 0 refresh token used cleaned
[2025-03-24T07:52:00.006Z] [info]: Cleanup product: Cleaned 0 products
[2025-03-24T07:53:00.006Z] [info]: Cleanup key token: 0 key token cleaned
[2025-03-24T07:53:00.007Z] [info]: Cleanup key token: 0 refresh token used cleaned
[2025-03-24T07:53:00.007Z] [info]: Cleanup product: Cleaned 0 products
[2025-03-24T07:54:00.005Z] [info]: Cleanup key token: 0 key token cleaned
[2025-03-24T07:54:00.005Z] [info]: Cleanup key token: 0 refresh token used cleaned
[2025-03-24T07:54:00.008Z] [info]: Cleanup product: Cleaned 0 products
[2025-03-24T07:55:00.012Z] [info]: Cleanup key token: 0 key token cleaned
[2025-03-24T07:55:00.012Z] [info]: Cleanup key token: 0 refresh token used cleaned
[2025-03-24T07:55:00.017Z] [info]: Cleanup product: Cleaned 0 products
[2025-03-24T07:56:00.017Z] [info]: Cleanup key token: 0 key token cleaned
[2025-03-24T07:56:00.017Z] [info]: Cleanup key token: 0 refresh token used cleaned
[2025-03-24T07:56:00.019Z] [info]: Cleanup product: Cleaned 0 products
[2025-03-24T07:57:00.014Z] [info]: Cleanup key token: 0 key token cleaned
[2025-03-24T07:57:00.014Z] [info]: Cleanup key token: 0 refresh token used cleaned
[2025-03-24T07:57:00.015Z] [info]: Cleanup product: Cleaned 0 products
[2025-03-24T07:58:00.021Z] [info]: Cleanup key token: 0 key token cleaned
[2025-03-24T07:58:00.022Z] [info]: Cleanup key token: 0 refresh token used cleaned
[2025-03-24T07:58:00.023Z] [info]: Cleanup product: Cleaned 0 products
[2025-03-24T07:59:00.022Z] [info]: Cleanup key token: 0 key token cleaned
[2025-03-24T07:59:00.023Z] [info]: Cleanup key token: 0 refresh token used cleaned
[2025-03-24T07:59:00.025Z] [info]: Cleanup product: Cleaned 0 products
[2025-03-24T08:00:00.029Z] [info]: Cleanup key token: 0 key token cleaned
[2025-03-24T08:00:00.030Z] [info]: Cleanup key token: 0 refresh token used cleaned
[2025-03-24T08:00:00.031Z] [info]: Cleanup product: Cleaned 0 products
[2025-03-24T08:01:00.023Z] [info]: Cleanup key token: 0 key token cleaned
[2025-03-24T08:01:00.024Z] [info]: Cleanup key token: 0 refresh token used cleaned
[2025-03-24T08:01:00.035Z] [info]: Cleanup product: Cleaned 0 products
[2025-03-24T08:02:00.025Z] [info]: Cleanup key token: 0 key token cleaned
[2025-03-24T08:02:00.025Z] [info]: Cleanup key token: 0 refresh token used cleaned
[2025-03-24T08:02:00.033Z] [info]: Cleanup product: Cleaned 0 products
[2025-03-24T08:03:00.026Z] [info]: Cleanup key token: 0 key token cleaned
[2025-03-24T08:03:00.027Z] [info]: Cleanup key token: 0 refresh token used cleaned
[2025-03-24T08:03:00.035Z] [info]: Cleanup product: Cleaned 0 products
[2025-03-24T08:04:00.020Z] [info]: Cleanup key token: 0 key token cleaned
[2025-03-24T08:04:00.021Z] [info]: Cleanup key token: 0 refresh token used cleaned
[2025-03-24T08:04:00.030Z] [info]: Cleanup product: Cleaned 0 products
[2025-03-24T08:05:00.026Z] [info]: Cleanup key token: 0 key token cleaned
[2025-03-24T08:05:00.027Z] [info]: Cleanup key token: 0 refresh token used cleaned
[2025-03-24T08:05:00.034Z] [info]: Cleanup product: Cleaned 0 products
[2025-03-24T08:06:00.020Z] [info]: Cleanup key token: 0 key token cleaned
[2025-03-24T08:06:00.020Z] [info]: Cleanup key token: 0 refresh token used cleaned
[2025-03-24T08:06:00.028Z] [info]: Cleanup product: Cleaned 0 products
[2025-03-24T08:07:00.023Z] [info]: Cleanup key token: 0 key token cleaned
[2025-03-24T08:07:00.024Z] [info]: Cleanup key token: 0 refresh token used cleaned
[2025-03-24T08:07:00.025Z] [info]: Cleanup product: Cleaned 0 products
[2025-03-24T08:08:00.021Z] [info]: Cleanup key token: 0 key token cleaned
[2025-03-24T08:08:00.021Z] [info]: Cleanup key token: 0 refresh token used cleaned
[2025-03-24T08:08:00.030Z] [info]: Cleanup product: Cleaned 0 products
[2025-03-24T08:09:00.020Z] [info]: Cleanup key token: 0 key token cleaned
[2025-03-24T08:09:00.021Z] [info]: Cleanup key token: 0 refresh token used cleaned
[2025-03-24T08:09:00.029Z] [info]: Cleanup product: Cleaned 0 products
[2025-03-24T08:10:00.019Z] [info]: Cleanup key token: 0 key token cleaned
[2025-03-24T08:10:00.020Z] [info]: Cleanup key token: 0 refresh token used cleaned
[2025-03-24T08:10:00.028Z] [info]: Cleanup product: Cleaned 0 products
[2025-03-24T08:11:00.025Z] [info]: Cleanup key token: 0 key token cleaned
[2025-03-24T08:11:00.026Z] [info]: Cleanup key token: 0 refresh token used cleaned
[2025-03-24T08:11:00.034Z] [info]: Cleanup product: Cleaned 0 products
[2025-03-24T08:12:00.019Z] [info]: Cleanup key token: 0 key token cleaned
[2025-03-24T08:12:00.020Z] [info]: Cleanup key token: 0 refresh token used cleaned
[2025-03-24T08:12:00.029Z] [info]: Cleanup product: Cleaned 0 products
[2025-03-24T08:13:00.020Z] [info]: Cleanup key token: 0 key token cleaned
[2025-03-24T08:13:00.021Z] [info]: Cleanup key token: 0 refresh token used cleaned
[2025-03-24T08:13:00.028Z] [info]: Cleanup product: Cleaned 0 products
[2025-03-24T08:14:00.019Z] [info]: Cleanup key token: 0 key token cleaned
[2025-03-24T08:14:00.020Z] [info]: Cleanup key token: 0 refresh token used cleaned
[2025-03-24T08:14:00.028Z] [info]: Cleanup product: Cleaned 0 products
[2025-03-24T08:15:00.014Z] [info]: Cleanup key token: 0 key token cleaned
[2025-03-24T08:15:00.015Z] [info]: Cleanup key token: 0 refresh token used cleaned
[2025-03-24T08:15:00.020Z] [info]: Cleanup product: Cleaned 0 products
[2025-03-24T08:16:00.015Z] [info]: Cleanup key token: 0 key token cleaned
[2025-03-24T08:16:00.015Z] [info]: Cleanup key token: 0 refresh token used cleaned
[2025-03-24T08:16:00.017Z] [info]: Cleanup product: Cleaned 0 products
[2025-03-24T08:17:00.015Z] [info]: Cleanup key token: 0 key token cleaned
[2025-03-24T08:17:00.016Z] [info]: Cleanup key token: 0 refresh token used cleaned
[2025-03-24T08:17:00.017Z] [info]: Cleanup product: Cleaned 0 products
[2025-03-24T08:18:00.018Z] [info]: Cleanup key token: 0 key token cleaned
[2025-03-24T08:18:00.018Z] [info]: Cleanup key token: 0 refresh token used cleaned
[2025-03-24T08:18:00.026Z] [info]: Cleanup product: Cleaned 0 products
[2025-03-24T08:19:00.013Z] [info]: Cleanup key token: 0 key token cleaned
[2025-03-24T08:19:00.014Z] [info]: Cleanup key token: 0 refresh token used cleaned
[2025-03-24T08:19:00.018Z] [info]: Cleanup product: Cleaned 0 products
[2025-03-24T08:20:00.017Z] [info]: Cleanup key token: 0 key token cleaned
[2025-03-24T08:20:00.017Z] [info]: Cleanup key token: 0 refresh token used cleaned
[2025-03-24T08:20:00.022Z] [info]: Cleanup product: Cleaned 0 products
[2025-03-24T08:21:00.014Z] [info]: Cleanup key token: 0 key token cleaned
[2025-03-24T08:21:00.014Z] [info]: Cleanup key token: 0 refresh token used cleaned
[2025-03-24T08:21:00.020Z] [info]: Cleanup product: Cleaned 0 products
[2025-03-24T08:22:00.013Z] [info]: Cleanup key token: 0 key token cleaned
[2025-03-24T08:22:00.013Z] [info]: Cleanup key token: 0 refresh token used cleaned
[2025-03-24T08:22:00.018Z] [info]: Cleanup product: Cleaned 0 products
[2025-03-24T08:23:00.015Z] [info]: Cleanup key token: 0 key token cleaned
[2025-03-24T08:23:00.015Z] [info]: Cleanup key token: 0 refresh token used cleaned
[2025-03-24T08:23:00.020Z] [info]: Cleanup product: Cleaned 0 products
[2025-03-24T08:24:00.015Z] [info]: Cleanup key token: 0 key token cleaned
[2025-03-24T08:24:00.015Z] [info]: Cleanup key token: 0 refresh token used cleaned
[2025-03-24T08:24:00.017Z] [info]: Cleanup product: Cleaned 0 products
[2025-03-24T08:25:00.014Z] [info]: Cleanup key token: 0 key token cleaned
[2025-03-24T08:25:00.014Z] [info]: Cleanup key token: 0 refresh token used cleaned
[2025-03-24T08:25:00.015Z] [info]: Cleanup product: Cleaned 0 products
[2025-03-24T08:26:00.016Z] [info]: Cleanup key token: 0 key token cleaned
[2025-03-24T08:26:00.016Z] [info]: Cleanup key token: 0 refresh token used cleaned
[2025-03-24T08:26:00.017Z] [info]: Cleanup product: Cleaned 0 products
[2025-03-24T08:27:00.014Z] [info]: Cleanup key token: 0 key token cleaned
[2025-03-24T08:27:00.015Z] [info]: Cleanup key token: 0 refresh token used cleaned
[2025-03-24T08:27:00.020Z] [info]: Cleanup product: Cleaned 0 products
[2025-03-24T08:28:00.015Z] [info]: Cleanup key token: 0 key token cleaned
[2025-03-24T08:28:00.016Z] [info]: Cleanup key token: 0 refresh token used cleaned
[2025-03-24T08:28:00.021Z] [info]: Cleanup product: Cleaned 0 products
[2025-03-24T08:29:00.016Z] [info]: Cleanup key token: 0 key token cleaned
[2025-03-24T08:29:00.017Z] [info]: Cleanup key token: 0 refresh token used cleaned
[2025-03-24T08:29:00.026Z] [info]: Cleanup product: Cleaned 0 products
[2025-03-24T08:30:00.020Z] [info]: Cleanup key token: 0 key token cleaned
[2025-03-24T08:30:00.020Z] [info]: Cleanup key token: 0 refresh token used cleaned
[2025-03-24T08:30:00.025Z] [info]: Cleanup product: Cleaned 0 products
[2025-03-24T08:31:00.027Z] [info]: Cleanup key token: 0 key token cleaned
[2025-03-24T08:31:00.028Z] [info]: Cleanup key token: 0 refresh token used cleaned
[2025-03-24T08:31:00.038Z] [info]: Cleanup product: Cleaned 0 products
[2025-03-24T08:32:00.016Z] [info]: Cleanup key token: 0 key token cleaned
[2025-03-24T08:32:00.017Z] [info]: Cleanup key token: 0 refresh token used cleaned
[2025-03-24T08:32:00.023Z] [info]: Cleanup product: Cleaned 0 products
[2025-03-24T08:33:00.016Z] [info]: Cleanup key token: 0 key token cleaned
[2025-03-24T08:33:00.016Z] [info]: Cleanup key token: 0 refresh token used cleaned
[2025-03-24T08:33:00.018Z] [info]: Cleanup product: Cleaned 0 products
[2025-03-24T08:34:00.015Z] [info]: Cleanup key token: 0 key token cleaned
[2025-03-24T08:34:00.016Z] [info]: Cleanup key token: 0 refresh token used cleaned
[2025-03-24T08:34:00.024Z] [info]: Cleanup product: Cleaned 0 products
[2025-03-24T08:35:00.015Z] [info]: Cleanup key token: 0 key token cleaned
[2025-03-24T08:35:00.015Z] [info]: Cleanup key token: 0 refresh token used cleaned
[2025-03-24T08:35:00.016Z] [info]: Cleanup product: Cleaned 0 products
[2025-03-24T08:36:00.017Z] [info]: Cleanup key token: 0 key token cleaned
[2025-03-24T08:36:00.017Z] [info]: Cleanup key token: 0 refresh token used cleaned
[2025-03-24T08:36:00.019Z] [info]: Cleanup product: Cleaned 0 products
[2025-03-24T08:37:00.015Z] [info]: Cleanup key token: 0 key token cleaned
[2025-03-24T08:37:00.016Z] [info]: Cleanup key token: 0 refresh token used cleaned
[2025-03-24T08:37:00.017Z] [info]: Cleanup product: Cleaned 0 products
[2025-03-24T08:38:00.011Z] [info]: Cleanup key token: 0 key token cleaned
[2025-03-24T08:38:00.012Z] [info]: Cleanup key token: 0 refresh token used cleaned
[2025-03-24T08:38:00.017Z] [info]: Cleanup product: Cleaned 0 products
[2025-03-24T08:39:00.013Z] [info]: Cleanup key token: 0 key token cleaned
[2025-03-24T08:39:00.014Z] [info]: Cleanup key token: 0 refresh token used cleaned
[2025-03-24T08:39:00.019Z] [info]: Cleanup product: Cleaned 0 products
[2025-03-24T08:40:00.014Z] [info]: Cleanup key token: 0 key token cleaned
[2025-03-24T08:40:00.014Z] [info]: Cleanup key token: 0 refresh token used cleaned
[2025-03-24T08:40:00.016Z] [info]: Cleanup product: Cleaned 0 products
[2025-03-24T08:41:00.016Z] [info]: Cleanup key token: 0 key token cleaned
[2025-03-24T08:41:00.017Z] [info]: Cleanup key token: 0 refresh token used cleaned
[2025-03-24T08:41:00.021Z] [info]: Cleanup product: Cleaned 0 products
[2025-03-24T08:42:00.010Z] [info]: Cleanup key token: 0 key token cleaned
[2025-03-24T08:42:00.011Z] [info]: Cleanup key token: 0 refresh token used cleaned
[2025-03-24T08:42:00.016Z] [info]: Cleanup product: Cleaned 0 products
[2025-03-24T08:43:00.014Z] [info]: Cleanup key token: 0 key token cleaned
[2025-03-24T08:43:00.015Z] [info]: Cleanup key token: 0 refresh token used cleaned
[2025-03-24T08:43:00.021Z] [info]: Cleanup product: Cleaned 0 products
[2025-03-24T08:44:00.014Z] [info]: Cleanup key token: 0 key token cleaned
[2025-03-24T08:44:00.014Z] [info]: Cleanup key token: 0 refresh token used cleaned
[2025-03-24T08:44:00.015Z] [info]: Cleanup product: Cleaned 0 products
[2025-03-24T08:45:00.014Z] [info]: Cleanup key token: 0 key token cleaned
[2025-03-24T08:45:00.015Z] [info]: Cleanup key token: 0 refresh token used cleaned
[2025-03-24T08:45:00.016Z] [info]: Cleanup product: Cleaned 0 products
[2025-03-24T08:46:00.022Z] [info]: Cleanup key token: 0 key token cleaned
[2025-03-24T08:46:00.022Z] [info]: Cleanup key token: 0 refresh token used cleaned
[2025-03-24T08:46:00.029Z] [info]: Cleanup product: Cleaned 0 products
[2025-03-24T08:47:00.013Z] [info]: Cleanup key token: 0 key token cleaned
[2025-03-24T08:47:00.014Z] [info]: Cleanup key token: 0 refresh token used cleaned
[2025-03-24T08:47:00.021Z] [info]: Cleanup product: Cleaned 0 products
[2025-03-24T08:48:00.022Z] [info]: Cleanup key token: 0 key token cleaned
[2025-03-24T08:48:00.023Z] [info]: Cleanup key token: 0 refresh token used cleaned
[2025-03-24T08:48:00.029Z] [info]: Cleanup product: Cleaned 0 products
[2025-03-24T08:49:00.084Z] [info]: Cleanup key token: 0 key token cleaned
[2025-03-24T08:49:00.085Z] [info]: Cleanup key token: 0 refresh token used cleaned
[2025-03-24T08:49:00.103Z] [info]: Cleanup product: Cleaned 0 products
[2025-03-24T08:50:00.025Z] [info]: Cleanup key token: 0 key token cleaned
[2025-03-24T08:50:00.025Z] [info]: Cleanup key token: 0 refresh token used cleaned
[2025-03-24T08:50:00.032Z] [info]: Cleanup product: Cleaned 0 products
[2025-03-24T08:51:00.017Z] [info]: Cleanup key token: 0 key token cleaned
[2025-03-24T08:51:00.017Z] [info]: Cleanup key token: 0 refresh token used cleaned
[2025-03-24T08:51:00.023Z] [info]: Cleanup product: Cleaned 0 products
[2025-03-24T08:52:00.017Z] [info]: Cleanup key token: 0 key token cleaned
[2025-03-24T08:52:00.018Z] [info]: Cleanup key token: 0 refresh token used cleaned
[2025-03-24T08:52:00.023Z] [info]: Cleanup product: Cleaned 0 products
[2025-03-24T08:53:00.016Z] [info]: Cleanup key token: 0 key token cleaned
[2025-03-24T08:53:00.016Z] [info]: Cleanup key token: 0 refresh token used cleaned
[2025-03-24T08:53:00.023Z] [info]: Cleanup product: Cleaned 0 products
[2025-03-24T08:54:00.016Z] [info]: Cleanup key token: 0 key token cleaned
[2025-03-24T08:54:00.016Z] [info]: Cleanup key token: 0 refresh token used cleaned
[2025-03-24T08:54:00.021Z] [info]: Cleanup product: Cleaned 0 products
[2025-03-24T08:55:00.022Z] [info]: Cleanup key token: 0 key token cleaned
[2025-03-24T08:55:00.023Z] [info]: Cleanup key token: 0 refresh token used cleaned
[2025-03-24T08:55:00.031Z] [info]: Cleanup product: Cleaned 0 products
[2025-03-24T08:56:00.016Z] [info]: Cleanup key token: 0 key token cleaned
[2025-03-24T08:56:00.016Z] [info]: Cleanup key token: 0 refresh token used cleaned
[2025-03-24T08:56:00.022Z] [info]: Cleanup product: Cleaned 0 products
[2025-03-24T08:57:00.022Z] [info]: Cleanup key token: 0 key token cleaned
[2025-03-24T08:57:00.022Z] [info]: Cleanup key token: 0 refresh token used cleaned
[2025-03-24T08:57:00.028Z] [info]: Cleanup product: Cleaned 0 products
[2025-03-24T08:58:00.020Z] [info]: Cleanup key token: 0 key token cleaned
[2025-03-24T08:58:00.021Z] [info]: Cleanup key token: 0 refresh token used cleaned
[2025-03-24T08:58:00.027Z] [info]: Cleanup product: Cleaned 0 products
[2025-03-24T08:59:00.014Z] [info]: Cleanup key token: 0 key token cleaned
[2025-03-24T08:59:00.014Z] [info]: Cleanup key token: 0 refresh token used cleaned
[2025-03-24T08:59:00.020Z] [info]: Cleanup product: Cleaned 0 products
[2025-03-24T09:00:00.106Z] [info]: Cleanup key token: 0 key token cleaned
[2025-03-24T09:00:00.108Z] [info]: Cleanup key token: 0 refresh token used cleaned
[2025-03-24T09:00:00.122Z] [info]: Cleanup product: Cleaned 0 products
[2025-03-24T09:01:00.033Z] [info]: Cleanup key token: 0 key token cleaned
[2025-03-24T09:01:00.034Z] [info]: Cleanup key token: 0 refresh token used cleaned
[2025-03-24T09:01:00.044Z] [info]: Cleanup product: Cleaned 0 products
[2025-03-24T09:02:00.029Z] [info]: Cleanup key token: 0 key token cleaned
[2025-03-24T09:02:00.030Z] [info]: Cleanup key token: 0 refresh token used cleaned
[2025-03-24T09:02:00.034Z] [info]: Cleanup product: Cleaned 0 products
[2025-03-24T09:03:08.427Z] [info]: Cleanup key token: 0 key token cleaned
[2025-03-24T09:03:08.429Z] [info]: Cleanup key token: 0 refresh token used cleaned
[2025-03-24T09:03:08.432Z] [info]: Cleanup product: Cleaned 0 products
[2025-03-24T09:04:00.029Z] [info]: Cleanup key token: 0 key token cleaned
[2025-03-24T09:04:00.029Z] [info]: Cleanup key token: 0 refresh token used cleaned
[2025-03-24T09:04:00.039Z] [info]: Cleanup product: Cleaned 0 products
[2025-03-24T09:05:00.026Z] [info]: Cleanup key token: 0 key token cleaned
[2025-03-24T09:05:00.027Z] [info]: Cleanup key token: 0 refresh token used cleaned
[2025-03-24T09:05:00.037Z] [info]: Cleanup product: Cleaned 0 products
[2025-03-24T09:06:00.037Z] [info]: Cleanup key token: 0 key token cleaned
[2025-03-24T09:06:00.037Z] [info]: Cleanup key token: 0 refresh token used cleaned
[2025-03-24T09:06:00.039Z] [info]: Cleanup product: Cleaned 0 products
[2025-03-24T09:07:00.048Z] [info]: Cleanup key token: 0 key token cleaned
[2025-03-24T09:07:00.049Z] [info]: Cleanup key token: 0 refresh token used cleaned
[2025-03-24T09:07:00.052Z] [info]: Cleanup product: Cleaned 0 products
[2025-03-24T09:08:00.059Z] [info]: Cleanup key token: 0 key token cleaned
[2025-03-24T09:08:00.060Z] [info]: Cleanup key token: 0 refresh token used cleaned
[2025-03-24T09:08:00.064Z] [info]: Cleanup product: Cleaned 0 products
[2025-03-24T09:09:00.027Z] [info]: Cleanup key token: 0 key token cleaned
[2025-03-24T09:09:00.028Z] [info]: Cleanup key token: 0 refresh token used cleaned
[2025-03-24T09:09:00.030Z] [info]: Cleanup product: Cleaned 0 products
[2025-03-24T09:10:00.024Z] [info]: Cleanup key token: 0 key token cleaned
[2025-03-24T09:10:00.025Z] [info]: Cleanup key token: 0 refresh token used cleaned
[2025-03-24T09:10:00.033Z] [info]: Cleanup product: Cleaned 0 products
[2025-03-24T09:11:00.027Z] [info]: Cleanup key token: 0 key token cleaned
[2025-03-24T09:11:00.027Z] [info]: Cleanup key token: 0 refresh token used cleaned
[2025-03-24T09:11:00.037Z] [info]: Cleanup product: Cleaned 0 products
[2025-03-24T09:12:00.022Z] [info]: Cleanup key token: 0 key token cleaned
[2025-03-24T09:12:00.023Z] [info]: Cleanup key token: 0 refresh token used cleaned
[2025-03-24T09:12:00.031Z] [info]: Cleanup product: Cleaned 0 products
[2025-03-24T09:13:00.020Z] [info]: Cleanup key token: 0 key token cleaned
[2025-03-24T09:13:00.020Z] [info]: Cleanup key token: 0 refresh token used cleaned
[2025-03-24T09:13:00.029Z] [info]: Cleanup product: Cleaned 0 products
[2025-03-24T09:14:00.024Z] [info]: Cleanup key token: 0 key token cleaned
[2025-03-24T09:14:00.025Z] [info]: Cleanup key token: 0 refresh token used cleaned
[2025-03-24T09:14:00.033Z] [info]: Cleanup product: Cleaned 0 products
[2025-03-24T09:15:00.021Z] [info]: Cleanup key token: 0 key token cleaned
[2025-03-24T09:15:00.021Z] [info]: Cleanup key token: 0 refresh token used cleaned
[2025-03-24T09:15:00.030Z] [info]: Cleanup product: Cleaned 0 products
[2025-03-24T09:16:00.027Z] [info]: Cleanup key token: 0 key token cleaned
[2025-03-24T09:16:00.028Z] [info]: Cleanup key token: 0 refresh token used cleaned
[2025-03-24T09:16:00.030Z] [info]: Cleanup product: Cleaned 0 products
[2025-03-24T09:17:00.035Z] [info]: Cleanup key token: 0 key token cleaned
[2025-03-24T09:17:00.037Z] [info]: Cleanup key token: 0 refresh token used cleaned
[2025-03-24T09:17:00.039Z] [info]: Cleanup product: Cleaned 0 products
[2025-03-24T09:18:00.028Z] [info]: Cleanup key token: 0 key token cleaned
[2025-03-24T09:18:00.029Z] [info]: Cleanup key token: 0 refresh token used cleaned
[2025-03-24T09:18:00.030Z] [info]: Cleanup product: Cleaned 0 products
[2025-03-24T09:19:00.038Z] [info]: Cleanup key token: 0 key token cleaned
[2025-03-24T09:19:00.039Z] [info]: Cleanup key token: 0 refresh token used cleaned
[2025-03-24T09:19:00.041Z] [info]: Cleanup product: Cleaned 0 products
[2025-03-24T09:20:00.032Z] [info]: Cleanup key token: 0 key token cleaned
[2025-03-24T09:20:00.033Z] [info]: Cleanup key token: 0 refresh token used cleaned
[2025-03-24T09:20:00.035Z] [info]: Cleanup product: Cleaned 0 products
[2025-03-24T09:21:00.026Z] [info]: Cleanup key token: 0 key token cleaned
[2025-03-24T09:21:00.027Z] [info]: Cleanup key token: 0 refresh token used cleaned
[2025-03-24T09:21:00.029Z] [info]: Cleanup product: Cleaned 0 products
[2025-03-24T09:22:00.027Z] [info]: Cleanup key token: 0 key token cleaned
[2025-03-24T09:22:00.028Z] [info]: Cleanup key token: 0 refresh token used cleaned
[2025-03-24T09:22:00.030Z] [info]: Cleanup product: Cleaned 0 products
[2025-03-24T09:23:00.033Z] [info]: Cleanup key token: 0 key token cleaned
[2025-03-24T09:23:00.033Z] [info]: Cleanup key token: 0 refresh token used cleaned
[2025-03-24T09:23:00.035Z] [info]: Cleanup product: Cleaned 0 products
[2025-03-24T09:24:00.027Z] [info]: Cleanup key token: 0 key token cleaned
[2025-03-24T09:24:00.029Z] [info]: Cleanup key token: 0 refresh token used cleaned
[2025-03-24T09:24:00.031Z] [info]: Cleanup product: Cleaned 0 products
[2025-03-24T09:25:00.024Z] [info]: Cleanup key token: 0 key token cleaned
[2025-03-24T09:25:00.025Z] [info]: Cleanup key token: 0 refresh token used cleaned
[2025-03-24T09:25:00.027Z] [info]: Cleanup product: Cleaned 0 products
[2025-03-24T09:26:00.019Z] [info]: Cleanup key token: 0 key token cleaned
[2025-03-24T09:26:00.020Z] [info]: Cleanup key token: 0 refresh token used cleaned
[2025-03-24T09:26:00.027Z] [info]: Cleanup product: Cleaned 0 products
[2025-03-24T09:27:00.023Z] [info]: Cleanup key token: 0 key token cleaned
[2025-03-24T09:27:00.023Z] [info]: Cleanup key token: 0 refresh token used cleaned
[2025-03-24T09:27:00.026Z] [info]: Cleanup product: Cleaned 0 products
[2025-03-24T09:28:00.036Z] [info]: Cleanup key token: 0 key token cleaned
[2025-03-24T09:28:00.037Z] [info]: Cleanup key token: 0 refresh token used cleaned
[2025-03-24T09:28:00.040Z] [info]: Cleanup product: Cleaned 0 products
[2025-03-24T09:29:00.042Z] [info]: Cleanup key token: 0 key token cleaned
[2025-03-24T09:29:00.043Z] [info]: Cleanup key token: 0 refresh token used cleaned
[2025-03-24T09:29:00.046Z] [info]: Cleanup product: Cleaned 0 products
[2025-03-24T09:30:00.030Z] [info]: Cleanup key token: 0 key token cleaned
[2025-03-24T09:30:00.030Z] [info]: Cleanup key token: 0 refresh token used cleaned
[2025-03-24T09:30:00.032Z] [info]: Cleanup product: Cleaned 0 products
[2025-03-24T09:31:00.023Z] [info]: Cleanup key token: 0 key token cleaned
[2025-03-24T09:31:00.023Z] [info]: Cleanup key token: 0 refresh token used cleaned
[2025-03-24T09:31:00.026Z] [info]: Cleanup product: Cleaned 0 products
[2025-03-24T09:32:00.023Z] [info]: Cleanup key token: 0 key token cleaned
[2025-03-24T09:32:00.023Z] [info]: Cleanup key token: 0 refresh token used cleaned
[2025-03-24T09:32:00.031Z] [info]: Cleanup product: Cleaned 0 products
[2025-03-24T09:33:00.011Z] [info]: Cleanup key token: 0 key token cleaned
[2025-03-24T09:33:00.011Z] [info]: Cleanup key token: 0 refresh token used cleaned
[2025-03-24T09:33:00.016Z] [info]: Cleanup product: Cleaned 0 products
[2025-03-24T09:34:00.016Z] [info]: Cleanup key token: 0 key token cleaned
[2025-03-24T09:34:00.016Z] [info]: Cleanup key token: 0 refresh token used cleaned
[2025-03-24T09:34:00.017Z] [info]: Cleanup product: Cleaned 0 products
[2025-03-24T09:35:00.017Z] [info]: Cleanup key token: 0 key token cleaned
[2025-03-24T09:35:00.017Z] [info]: Cleanup key token: 0 refresh token used cleaned
[2025-03-24T09:35:00.019Z] [info]: Cleanup product: Cleaned 0 products
[2025-03-24T09:36:00.015Z] [info]: Cleanup key token: 0 key token cleaned
[2025-03-24T09:36:00.015Z] [info]: Cleanup key token: 0 refresh token used cleaned
[2025-03-24T09:36:00.017Z] [info]: Cleanup product: Cleaned 0 products
[2025-03-24T09:37:00.510Z] [info]: Cleanup key token: 0 key token cleaned
[2025-03-24T09:37:00.510Z] [info]: Cleanup key token: 0 refresh token used cleaned
[2025-03-24T09:37:00.512Z] [info]: Cleanup product: Cleaned 0 products
[2025-03-24T09:38:00.015Z] [info]: Cleanup key token: 0 key token cleaned
[2025-03-24T09:38:00.016Z] [info]: Cleanup key token: 0 refresh token used cleaned
[2025-03-24T09:38:00.017Z] [info]: Cleanup product: Cleaned 0 products
[2025-03-24T09:39:00.011Z] [info]: Cleanup key token: 0 key token cleaned
[2025-03-24T09:39:00.012Z] [info]: Cleanup key token: 0 refresh token used cleaned
[2025-03-24T09:39:00.018Z] [info]: Cleanup product: Cleaned 0 products
[2025-03-24T09:40:00.017Z] [info]: Cleanup key token: 0 key token cleaned
[2025-03-24T09:40:00.018Z] [info]: Cleanup key token: 0 refresh token used cleaned
[2025-03-24T09:40:00.027Z] [info]: Cleanup product: Cleaned 0 products
[2025-03-24T09:41:11.780Z] [info]: Cleanup key token: 0 key token cleaned
[2025-03-24T09:41:11.784Z] [info]: Cleanup key token: 0 refresh token used cleaned
[2025-03-24T09:41:11.831Z] [info]: Cleanup product: Cleaned 0 products
[2025-03-24T09:42:00.051Z] [info]: Cleanup key token: 0 key token cleaned
[2025-03-24T09:42:00.053Z] [info]: Cleanup key token: 0 refresh token used cleaned
[2025-03-24T09:42:00.055Z] [info]: Cleanup product: Cleaned 0 products
[2025-03-24T09:43:00.034Z] [info]: Cleanup key token: 0 key token cleaned
[2025-03-24T09:43:00.035Z] [info]: Cleanup key token: 0 refresh token used cleaned
[2025-03-24T09:43:00.039Z] [info]: Cleanup product: Cleaned 0 products
[2025-03-24T09:44:00.070Z] [info]: Cleanup key token: 0 key token cleaned
[2025-03-24T09:44:00.072Z] [info]: Cleanup key token: 0 refresh token used cleaned
[2025-03-24T09:44:00.076Z] [info]: Cleanup product: Cleaned 0 products
[2025-03-24T09:45:00.112Z] [info]: Cleanup key token: 0 key token cleaned
[2025-03-24T09:45:00.114Z] [info]: Cleanup key token: 0 refresh token used cleaned
[2025-03-24T09:45:00.122Z] [info]: Cleanup product: Cleaned 0 products
[2025-03-24T09:46:00.030Z] [info]: Cleanup key token: 0 key token cleaned
[2025-03-24T09:46:00.031Z] [info]: Cleanup key token: 0 refresh token used cleaned
[2025-03-24T09:46:00.039Z] [info]: Cleanup product: Cleaned 0 products
[2025-03-24T09:48:00.104Z] [info]: Cleanup key token: 0 key token cleaned
[2025-03-24T09:48:00.107Z] [info]: Cleanup key token: 0 refresh token used cleaned
[2025-03-24T09:48:00.116Z] [info]: Cleanup product: Cleaned 0 products
[2025-03-24T09:49:00.093Z] [info]: Cleanup key token: 0 key token cleaned
[2025-03-24T09:49:00.094Z] [info]: Cleanup key token: 0 refresh token used cleaned
[2025-03-24T09:49:00.104Z] [info]: Cleanup product: Cleaned 0 products
[2025-03-24T09:50:00.385Z] [info]: Cleanup key token: 0 key token cleaned
[2025-03-24T09:50:00.386Z] [info]: Cleanup key token: 0 refresh token used cleaned
[2025-03-24T09:50:00.387Z] [info]: Cleanup product: Cleaned 0 products
[2025-03-24T09:51:01.218Z] [info]: Cleanup key token: 0 key token cleaned
[2025-03-24T09:51:01.219Z] [info]: Cleanup key token: 0 refresh token used cleaned
[2025-03-24T09:51:01.221Z] [info]: Cleanup product: Cleaned 0 products
[2025-03-24T09:53:00.081Z] [info]: Cleanup key token: 0 key token cleaned
[2025-03-24T09:53:00.082Z] [info]: Cleanup key token: 0 refresh token used cleaned
[2025-03-24T09:53:00.083Z] [info]: Cleanup product: Cleaned 0 products
[2025-03-24T09:54:00.095Z] [info]: Cleanup key token: 0 key token cleaned
[2025-03-24T09:54:00.096Z] [info]: Cleanup key token: 0 refresh token used cleaned
[2025-03-24T09:54:00.098Z] [info]: Cleanup product: Cleaned 0 products
[2025-03-24T09:55:05.158Z] [info]: Cleanup key token: 0 key token cleaned
[2025-03-24T09:55:05.159Z] [info]: Cleanup key token: 0 refresh token used cleaned
[2025-03-24T09:55:05.165Z] [info]: Cleanup product: Cleaned 0 products
[2025-03-24T09:56:03.977Z] [info]: Cleanup key token: 0 key token cleaned
[2025-03-24T09:56:03.978Z] [info]: Cleanup key token: 0 refresh token used cleaned
[2025-03-24T09:56:03.988Z] [info]: Cleanup product: Cleaned 0 products
[2025-03-24T09:57:00.136Z] [info]: Cleanup product: Cleaned 0 products
[2025-03-24T09:57:00.140Z] [info]: Cleanup key token: 0 key token cleaned
[2025-03-24T09:57:00.140Z] [info]: Cleanup key token: 0 refresh token used cleaned
[2025-03-24T09:58:00.044Z] [info]: Cleanup key token: 0 key token cleaned
[2025-03-24T09:58:00.047Z] [info]: Cleanup key token: 0 refresh token used cleaned
[2025-03-24T09:58:00.051Z] [info]: Cleanup product: Cleaned 0 products
[2025-03-24T09:59:00.030Z] [info]: Cleanup key token: 0 key token cleaned
[2025-03-24T09:59:00.031Z] [info]: Cleanup key token: 0 refresh token used cleaned
[2025-03-24T09:59:00.033Z] [info]: Cleanup product: Cleaned 0 products
[2025-03-24T10:00:02.633Z] [info]: Cleanup key token: 0 key token cleaned
[2025-03-24T10:00:02.635Z] [info]: Cleanup key token: 0 refresh token used cleaned
[2025-03-24T10:00:02.643Z] [info]: Cleanup product: Cleaned 0 products
[2025-03-24T10:01:00.100Z] [info]: Cleanup key token: 0 key token cleaned
[2025-03-24T10:01:00.102Z] [info]: Cleanup key token: 0 refresh token used cleaned
[2025-03-24T10:01:00.110Z] [info]: Cleanup product: Cleaned 0 products
[2025-03-24T10:02:00.027Z] [info]: Cleanup key token: 0 key token cleaned
[2025-03-24T10:02:00.028Z] [info]: Cleanup key token: 0 refresh token used cleaned
[2025-03-24T10:02:00.032Z] [info]: Cleanup product: Cleaned 0 products
[2025-03-24T10:03:00.016Z] [info]: Cleanup key token: 0 key token cleaned
[2025-03-24T10:03:00.016Z] [info]: Cleanup key token: 0 refresh token used cleaned
[2025-03-24T10:03:00.018Z] [info]: Cleanup product: Cleaned 0 products
[2025-03-24T10:04:00.018Z] [info]: Cleanup key token: 0 key token cleaned
[2025-03-24T10:04:00.019Z] [info]: Cleanup key token: 0 refresh token used cleaned
[2025-03-24T10:04:00.030Z] [info]: Cleanup product: Cleaned 0 products
[2025-03-24T10:05:00.020Z] [info]: Cleanup key token: 0 key token cleaned
[2025-03-24T10:05:00.022Z] [info]: Cleanup key token: 0 refresh token used cleaned
[2025-03-24T10:05:00.023Z] [info]: Cleanup product: Cleaned 0 products
[2025-03-24T10:06:00.016Z] [info]: Cleanup key token: 0 key token cleaned
[2025-03-24T10:06:00.017Z] [info]: Cleanup key token: 0 refresh token used cleaned
[2025-03-24T10:06:00.024Z] [info]: Cleanup product: Cleaned 0 products
[2025-03-24T10:07:00.019Z] [info]: Cleanup key token: 0 key token cleaned
[2025-03-24T10:07:00.019Z] [info]: Cleanup key token: 0 refresh token used cleaned
[2025-03-24T10:07:00.020Z] [info]: Cleanup product: Cleaned 0 products
[2025-03-24T10:08:00.025Z] [info]: Cleanup key token: 0 key token cleaned
[2025-03-24T10:08:00.026Z] [info]: Cleanup key token: 0 refresh token used cleaned
[2025-03-24T10:08:00.028Z] [info]: Cleanup product: Cleaned 0 products
[2025-03-24T10:09:00.033Z] [info]: Cleanup key token: 0 key token cleaned
[2025-03-24T10:09:00.033Z] [info]: Cleanup key token: 0 refresh token used cleaned
[2025-03-24T10:09:00.035Z] [info]: Cleanup product: Cleaned 0 products
[2025-03-24T10:10:00.006Z] [info]: Cleanup key token: 0 key token cleaned
[2025-03-24T10:10:00.006Z] [info]: Cleanup key token: 0 refresh token used cleaned
[2025-03-24T10:10:00.007Z] [info]: Cleanup product: Cleaned 0 products
[2025-03-24T10:11:00.007Z] [info]: Cleanup key token: 0 key token cleaned
[2025-03-24T10:11:00.007Z] [info]: Cleanup key token: 0 refresh token used cleaned
[2025-03-24T10:11:00.011Z] [info]: Cleanup product: Cleaned 0 products
[2025-03-24T10:12:00.007Z] [info]: Cleanup key token: 0 key token cleaned
[2025-03-24T10:12:00.007Z] [info]: Cleanup key token: 0 refresh token used cleaned
[2025-03-24T10:12:00.007Z] [info]: Cleanup product: Cleaned 0 products
[2025-03-24T10:13:00.010Z] [info]: Cleanup key token: 0 key token cleaned
[2025-03-24T10:13:00.010Z] [info]: Cleanup key token: 0 refresh token used cleaned
[2025-03-24T10:13:00.011Z] [info]: Cleanup product: Cleaned 0 products
[2025-03-24T10:14:00.010Z] [info]: Cleanup key token: 0 key token cleaned
[2025-03-24T10:14:00.011Z] [info]: Cleanup key token: 0 refresh token used cleaned
[2025-03-24T10:14:00.011Z] [info]: Cleanup product: Cleaned 0 products
[2025-03-24T10:15:00.031Z] [info]: Cleanup key token: 0 key token cleaned
[2025-03-24T10:15:00.032Z] [info]: Cleanup key token: 0 refresh token used cleaned
[2025-03-24T10:15:00.036Z] [info]: Cleanup product: Cleaned 0 products
[2025-03-24T10:16:00.012Z] [info]: Cleanup key token: 0 key token cleaned
[2025-03-24T10:16:00.012Z] [info]: Cleanup key token: 0 refresh token used cleaned
[2025-03-24T10:16:00.017Z] [info]: Cleanup product: Cleaned 0 products
[2025-03-24T10:17:00.007Z] [info]: Cleanup key token: 0 key token cleaned
[2025-03-24T10:17:00.008Z] [info]: Cleanup key token: 0 refresh token used cleaned
[2025-03-24T10:17:00.011Z] [info]: Cleanup product: Cleaned 0 products
[2025-03-24T10:18:00.006Z] [info]: Cleanup key token: 0 key token cleaned
[2025-03-24T10:18:00.007Z] [info]: Cleanup key token: 0 refresh token used cleaned
[2025-03-24T10:18:00.010Z] [info]: Cleanup product: Cleaned 0 products
[2025-03-24T10:19:00.008Z] [info]: Cleanup key token: 0 key token cleaned
[2025-03-24T10:19:00.008Z] [info]: Cleanup key token: 0 refresh token used cleaned
[2025-03-24T10:19:00.012Z] [info]: Cleanup product: Cleaned 0 products
[2025-03-24T10:20:00.008Z] [info]: Cleanup key token: 0 key token cleaned
[2025-03-24T10:20:00.008Z] [info]: Cleanup key token: 0 refresh token used cleaned
[2025-03-24T10:20:00.012Z] [info]: Cleanup product: Cleaned 0 products
[2025-03-24T10:21:00.006Z] [info]: Cleanup key token: 0 key token cleaned
[2025-03-24T10:21:00.006Z] [info]: Cleanup key token: 0 refresh token used cleaned
[2025-03-24T10:21:00.011Z] [info]: Cleanup product: Cleaned 0 products
[2025-03-24T10:22:00.011Z] [info]: Cleanup key token: 0 key token cleaned
[2025-03-24T10:22:00.011Z] [info]: Cleanup key token: 0 refresh token used cleaned
[2025-03-24T10:22:00.014Z] [info]: Cleanup product: Cleaned 0 products
[2025-03-24T10:23:00.009Z] [info]: Cleanup key token: 0 key token cleaned
[2025-03-24T10:23:00.009Z] [info]: Cleanup key token: 0 refresh token used cleaned
[2025-03-24T10:23:00.013Z] [info]: Cleanup product: Cleaned 0 products
[2025-03-24T10:24:00.007Z] [info]: Cleanup key token: 0 key token cleaned
[2025-03-24T10:24:00.008Z] [info]: Cleanup key token: 0 refresh token used cleaned
[2025-03-24T10:24:00.011Z] [info]: Cleanup product: Cleaned 0 products
[2025-03-24T10:25:00.008Z] [info]: Cleanup key token: 0 key token cleaned
[2025-03-24T10:25:00.009Z] [info]: Cleanup key token: 0 refresh token used cleaned
[2025-03-24T10:25:00.011Z] [info]: Cleanup product: Cleaned 0 products
[2025-03-24T10:26:00.012Z] [info]: Cleanup key token: 0 key token cleaned
[2025-03-24T10:26:00.012Z] [info]: Cleanup key token: 0 refresh token used cleaned
[2025-03-24T10:26:00.016Z] [info]: Cleanup product: Cleaned 0 products
[2025-03-24T10:27:00.022Z] [info]: Cleanup key token: 0 key token cleaned
[2025-03-24T10:27:00.022Z] [info]: Cleanup key token: 0 refresh token used cleaned
[2025-03-24T10:27:00.023Z] [info]: Cleanup product: Cleaned 0 products
[2025-03-24T10:28:00.030Z] [info]: Cleanup key token: 0 key token cleaned
[2025-03-24T10:28:00.031Z] [info]: Cleanup key token: 0 refresh token used cleaned
[2025-03-24T10:28:00.032Z] [info]: Cleanup product: Cleaned 0 products
[2025-03-24T10:29:00.007Z] [info]: Cleanup key token: 0 key token cleaned
[2025-03-24T10:29:00.008Z] [info]: Cleanup key token: 0 refresh token used cleaned
[2025-03-24T10:29:00.011Z] [info]: Cleanup product: Cleaned 0 products
[2025-03-24T10:30:00.008Z] [info]: Cleanup key token: 0 key token cleaned
[2025-03-24T10:30:00.008Z] [info]: Cleanup key token: 0 refresh token used cleaned
[2025-03-24T10:30:00.009Z] [info]: Cleanup product: Cleaned 0 products
[2025-03-24T10:31:00.013Z] [info]: Cleanup key token: 0 key token cleaned
[2025-03-24T10:31:00.014Z] [info]: Cleanup key token: 0 refresh token used cleaned
[2025-03-24T10:31:00.015Z] [info]: Cleanup product: Cleaned 0 products
[2025-03-24T10:32:00.010Z] [info]: Cleanup key token: 0 key token cleaned
[2025-03-24T10:32:00.010Z] [info]: Cleanup key token: 0 refresh token used cleaned
[2025-03-24T10:32:00.011Z] [info]: Cleanup product: Cleaned 0 products
[2025-03-24T10:33:00.008Z] [info]: Cleanup key token: 0 key token cleaned
[2025-03-24T10:33:00.009Z] [info]: Cleanup key token: 0 refresh token used cleaned
[2025-03-24T10:33:00.010Z] [info]: Cleanup product: Cleaned 0 products
[2025-03-24T10:34:00.010Z] [info]: Cleanup key token: 0 key token cleaned
[2025-03-24T10:34:00.011Z] [info]: Cleanup key token: 0 refresh token used cleaned
[2025-03-24T10:34:00.011Z] [info]: Cleanup product: Cleaned 0 products
[2025-03-24T10:35:00.008Z] [info]: Cleanup key token: 0 key token cleaned
[2025-03-24T10:35:00.008Z] [info]: Cleanup key token: 0 refresh token used cleaned
[2025-03-24T10:35:00.010Z] [info]: Cleanup product: Cleaned 0 products
[2025-03-24T10:36:00.006Z] [info]: Cleanup key token: 0 key token cleaned
[2025-03-24T10:36:00.006Z] [info]: Cleanup key token: 0 refresh token used cleaned
[2025-03-24T10:36:00.009Z] [info]: Cleanup product: Cleaned 0 products
[2025-03-24T10:37:00.006Z] [info]: Cleanup key token: 0 key token cleaned
[2025-03-24T10:37:00.007Z] [info]: Cleanup key token: 0 refresh token used cleaned
[2025-03-24T10:37:00.008Z] [info]: Cleanup product: Cleaned 0 products
[2025-03-24T10:38:00.006Z] [info]: Cleanup key token: 0 key token cleaned
[2025-03-24T10:38:00.007Z] [info]: Cleanup key token: 0 refresh token used cleaned
[2025-03-24T10:38:00.010Z] [info]: Cleanup product: Cleaned 0 products
[2025-03-24T10:39:00.011Z] [info]: Cleanup key token: 0 key token cleaned
[2025-03-24T10:39:00.011Z] [info]: Cleanup key token: 0 refresh token used cleaned
[2025-03-24T10:39:00.014Z] [info]: Cleanup product: Cleaned 0 products
[2025-03-24T10:40:00.008Z] [info]: Cleanup key token: 0 key token cleaned
[2025-03-24T10:40:00.008Z] [info]: Cleanup key token: 0 refresh token used cleaned
[2025-03-24T10:40:00.011Z] [info]: Cleanup product: Cleaned 0 products
[2025-03-24T10:41:00.034Z] [info]: Cleanup key token: 0 key token cleaned
[2025-03-24T10:41:00.034Z] [info]: Cleanup key token: 0 refresh token used cleaned
[2025-03-24T10:41:00.038Z] [info]: Cleanup product: Cleaned 0 products
[2025-03-24T10:42:00.035Z] [info]: Cleanup key token: 0 key token cleaned
[2025-03-24T10:42:00.036Z] [info]: Cleanup key token: 0 refresh token used cleaned
[2025-03-24T10:42:00.046Z] [info]: Cleanup product: Cleaned 0 products
[2025-03-24T10:43:00.024Z] [info]: Cleanup key token: 0 key token cleaned
[2025-03-24T10:43:00.025Z] [info]: Cleanup key token: 0 refresh token used cleaned
[2025-03-24T10:43:00.035Z] [info]: Cleanup product: Cleaned 0 products
[2025-03-24T10:44:00.035Z] [info]: Cleanup key token: 0 key token cleaned
[2025-03-24T10:44:00.036Z] [info]: Cleanup key token: 0 refresh token used cleaned
[2025-03-24T10:44:00.038Z] [info]: Cleanup product: Cleaned 0 products
[2025-03-24T10:45:00.029Z] [info]: Cleanup key token: 0 key token cleaned
[2025-03-24T10:45:00.030Z] [info]: Cleanup key token: 0 refresh token used cleaned
[2025-03-24T10:45:00.032Z] [info]: Cleanup product: Cleaned 0 products
[2025-03-24T10:46:00.029Z] [info]: Cleanup key token: 0 key token cleaned
[2025-03-24T10:46:00.030Z] [info]: Cleanup key token: 0 refresh token used cleaned
[2025-03-24T10:46:00.032Z] [info]: Cleanup product: Cleaned 0 products
[2025-03-24T10:47:00.024Z] [info]: Cleanup key token: 0 key token cleaned
[2025-03-24T10:47:00.024Z] [info]: Cleanup key token: 0 refresh token used cleaned
[2025-03-24T10:47:00.026Z] [info]: Cleanup product: Cleaned 0 products
[2025-03-24T10:48:00.035Z] [info]: Cleanup key token: 0 key token cleaned
[2025-03-24T10:48:00.035Z] [info]: Cleanup key token: 0 refresh token used cleaned
[2025-03-24T10:48:00.036Z] [info]: Cleanup product: Cleaned 0 products
[2025-03-24T10:49:00.028Z] [info]: Cleanup key token: 0 key token cleaned
[2025-03-24T10:49:00.029Z] [info]: Cleanup key token: 0 refresh token used cleaned
[2025-03-24T10:49:00.031Z] [info]: Cleanup product: Cleaned 0 products
[2025-03-24T10:50:00.012Z] [info]: Cleanup key token: 0 key token cleaned
[2025-03-24T10:50:00.012Z] [info]: Cleanup key token: 0 refresh token used cleaned
[2025-03-24T10:50:00.017Z] [info]: Cleanup product: Cleaned 0 products
[2025-03-24T10:51:00.021Z] [info]: Cleanup key token: 0 key token cleaned
[2025-03-24T10:51:00.022Z] [info]: Cleanup key token: 0 refresh token used cleaned
[2025-03-24T10:51:00.031Z] [info]: Cleanup product: Cleaned 0 products
[2025-03-24T10:52:00.016Z] [info]: Cleanup key token: 0 key token cleaned
[2025-03-24T10:52:00.016Z] [info]: Cleanup key token: 0 refresh token used cleaned
[2025-03-24T10:52:00.016Z] [info]: Cleanup product: Cleaned 0 products
[2025-03-24T10:53:00.012Z] [info]: Cleanup key token: 0 key token cleaned
[2025-03-24T10:53:00.013Z] [info]: Cleanup key token: 0 refresh token used cleaned
[2025-03-24T10:53:00.013Z] [info]: Cleanup product: Cleaned 0 products
[2025-03-24T10:54:00.010Z] [info]: Cleanup key token: 0 key token cleaned
[2025-03-24T10:54:00.011Z] [info]: Cleanup key token: 0 refresh token used cleaned
[2025-03-24T10:54:00.012Z] [info]: Cleanup product: Cleaned 0 products
[2025-03-24T10:55:00.010Z] [info]: Cleanup key token: 0 key token cleaned
[2025-03-24T10:55:00.010Z] [info]: Cleanup key token: 0 refresh token used cleaned
[2025-03-24T10:55:00.014Z] [info]: Cleanup product: Cleaned 0 products
[2025-03-24T10:56:00.014Z] [info]: Cleanup key token: 0 key token cleaned
[2025-03-24T10:56:00.014Z] [info]: Cleanup key token: 0 refresh token used cleaned
[2025-03-24T10:56:00.015Z] [info]: Cleanup product: Cleaned 0 products
[2025-03-24T10:57:00.016Z] [info]: Cleanup key token: 0 key token cleaned
[2025-03-24T10:57:00.016Z] [info]: Cleanup key token: 0 refresh token used cleaned
[2025-03-24T10:57:00.020Z] [info]: Cleanup product: Cleaned 0 products
[2025-03-24T10:58:00.019Z] [info]: Cleanup key token: 0 key token cleaned
[2025-03-24T10:58:00.019Z] [info]: Cleanup key token: 0 refresh token used cleaned
[2025-03-24T10:58:00.025Z] [info]: Cleanup product: Cleaned 0 products
[2025-03-24T10:59:00.019Z] [info]: Cleanup key token: 0 key token cleaned
[2025-03-24T10:59:00.019Z] [info]: Cleanup key token: 0 refresh token used cleaned
[2025-03-24T10:59:00.021Z] [info]: Cleanup product: Cleaned 0 products
[2025-03-24T11:00:00.014Z] [info]: Cleanup key token: 0 key token cleaned
[2025-03-24T11:00:00.014Z] [info]: Cleanup key token: 0 refresh token used cleaned
[2025-03-24T11:00:00.015Z] [info]: Cleanup product: Cleaned 0 products
[2025-03-24T11:01:00.015Z] [info]: Cleanup key token: 0 key token cleaned
[2025-03-24T11:01:00.015Z] [info]: Cleanup key token: 0 refresh token used cleaned
[2025-03-24T11:01:00.016Z] [info]: Cleanup product: Cleaned 0 products
[2025-03-24T11:02:00.013Z] [info]: Cleanup key token: 0 key token cleaned
[2025-03-24T11:02:00.014Z] [info]: Cleanup key token: 0 refresh token used cleaned
[2025-03-24T11:02:00.014Z] [info]: Cleanup product: Cleaned 0 products
[2025-03-24T11:03:00.018Z] [info]: Cleanup key token: 0 key token cleaned
[2025-03-24T11:03:00.018Z] [info]: Cleanup key token: 0 refresh token used cleaned
[2025-03-24T11:03:00.020Z] [info]: Cleanup product: Cleaned 0 products
[2025-03-24T11:04:00.013Z] [info]: Cleanup key token: 0 key token cleaned
[2025-03-24T11:04:00.014Z] [info]: Cleanup key token: 0 refresh token used cleaned
[2025-03-24T11:04:00.015Z] [info]: Cleanup product: Cleaned 0 products
[2025-03-24T11:05:00.010Z] [info]: Cleanup key token: 0 key token cleaned
[2025-03-24T11:05:00.010Z] [info]: Cleanup key token: 0 refresh token used cleaned
[2025-03-24T11:05:00.014Z] [info]: Cleanup product: Cleaned 0 products
[2025-03-24T11:06:00.011Z] [info]: Cleanup key token: 0 key token cleaned
[2025-03-24T11:06:00.012Z] [info]: Cleanup key token: 0 refresh token used cleaned
[2025-03-24T11:06:00.017Z] [info]: Cleanup product: Cleaned 0 products
[2025-03-24T11:07:00.010Z] [info]: Cleanup key token: 0 key token cleaned
[2025-03-24T11:07:00.010Z] [info]: Cleanup key token: 0 refresh token used cleaned
[2025-03-24T11:07:00.010Z] [info]: Cleanup product: Cleaned 0 products
[2025-03-24T11:08:00.008Z] [info]: Cleanup key token: 0 key token cleaned
[2025-03-24T11:08:00.008Z] [info]: Cleanup key token: 0 refresh token used cleaned
[2025-03-24T11:08:00.010Z] [info]: Cleanup product: Cleaned 0 products
[2025-03-24T11:09:00.009Z] [info]: Cleanup key token: 0 key token cleaned
[2025-03-24T11:09:00.009Z] [info]: Cleanup key token: 0 refresh token used cleaned
[2025-03-24T11:09:00.010Z] [info]: Cleanup product: Cleaned 0 products
[2025-03-24T11:10:00.008Z] [info]: Cleanup key token: 0 key token cleaned
[2025-03-24T11:10:00.008Z] [info]: Cleanup key token: 0 refresh token used cleaned
[2025-03-24T11:10:00.008Z] [info]: Cleanup product: Cleaned 0 products
[2025-03-24T11:11:00.008Z] [info]: Cleanup key token: 0 key token cleaned
[2025-03-24T11:11:00.008Z] [info]: Cleanup key token: 0 refresh token used cleaned
[2025-03-24T11:11:00.009Z] [info]: Cleanup product: Cleaned 0 products
[2025-03-24T11:12:00.008Z] [info]: Cleanup key token: 0 key token cleaned
[2025-03-24T11:12:00.008Z] [info]: Cleanup key token: 0 refresh token used cleaned
[2025-03-24T11:12:00.008Z] [info]: Cleanup product: Cleaned 0 products
[2025-03-24T11:13:00.007Z] [info]: Cleanup key token: 0 key token cleaned
[2025-03-24T11:13:00.007Z] [info]: Cleanup key token: 0 refresh token used cleaned
[2025-03-24T11:13:00.008Z] [info]: Cleanup product: Cleaned 0 products
[2025-03-24T11:14:00.014Z] [info]: Cleanup key token: 0 key token cleaned
[2025-03-24T11:14:00.014Z] [info]: Cleanup key token: 0 refresh token used cleaned
[2025-03-24T11:14:00.015Z] [info]: Cleanup product: Cleaned 0 products
[2025-03-24T11:15:00.010Z] [info]: Cleanup key token: 0 key token cleaned
[2025-03-24T11:15:00.010Z] [info]: Cleanup key token: 0 refresh token used cleaned
[2025-03-24T11:15:00.011Z] [info]: Cleanup product: Cleaned 0 products
[2025-03-24T11:16:00.007Z] [info]: Cleanup key token: 0 key token cleaned
[2025-03-24T11:16:00.007Z] [info]: Cleanup key token: 0 refresh token used cleaned
[2025-03-24T11:16:00.008Z] [info]: Cleanup product: Cleaned 0 products
[2025-03-24T11:17:00.005Z] [info]: Cleanup key token: 0 key token cleaned
[2025-03-24T11:17:00.005Z] [info]: Cleanup key token: 0 refresh token used cleaned
[2025-03-24T11:17:00.006Z] [info]: Cleanup product: Cleaned 0 products
[2025-03-24T11:18:00.021Z] [info]: Cleanup key token: 0 key token cleaned
[2025-03-24T11:18:00.022Z] [info]: Cleanup key token: 0 refresh token used cleaned
[2025-03-24T11:18:00.023Z] [info]: Cleanup product: Cleaned 0 products
[2025-03-24T11:19:00.014Z] [info]: Cleanup key token: 0 key token cleaned
[2025-03-24T11:19:00.014Z] [info]: Cleanup key token: 0 refresh token used cleaned
[2025-03-24T11:19:00.016Z] [info]: Cleanup product: Cleaned 0 products
[2025-03-24T11:20:00.010Z] [info]: Cleanup key token: 0 key token cleaned
[2025-03-24T11:20:00.011Z] [info]: Cleanup key token: 0 refresh token used cleaned
[2025-03-24T11:20:00.012Z] [info]: Cleanup product: Cleaned 0 products
[2025-03-24T11:21:00.007Z] [info]: Cleanup key token: 0 key token cleaned
[2025-03-24T11:21:00.007Z] [info]: Cleanup key token: 0 refresh token used cleaned
[2025-03-24T11:21:00.007Z] [info]: Cleanup product: Cleaned 0 products
[2025-03-24T11:22:00.024Z] [info]: Cleanup key token: 0 key token cleaned
[2025-03-24T11:22:00.025Z] [info]: Cleanup key token: 0 refresh token used cleaned
[2025-03-24T11:22:00.026Z] [info]: Cleanup product: Cleaned 0 products
[2025-03-24T11:23:00.008Z] [info]: Cleanup key token: 0 key token cleaned
[2025-03-24T11:23:00.008Z] [info]: Cleanup key token: 0 refresh token used cleaned
[2025-03-24T11:23:00.009Z] [info]: Cleanup product: Cleaned 0 products
[2025-03-24T11:24:00.009Z] [info]: Cleanup key token: 0 key token cleaned
[2025-03-24T11:24:00.010Z] [info]: Cleanup key token: 0 refresh token used cleaned
[2025-03-24T11:24:00.010Z] [info]: Cleanup product: Cleaned 0 products
[2025-03-24T11:25:00.012Z] [info]: Cleanup key token: 0 key token cleaned
[2025-03-24T11:25:00.012Z] [info]: Cleanup key token: 0 refresh token used cleaned
[2025-03-24T11:25:00.015Z] [info]: Cleanup product: Cleaned 0 products
[2025-03-24T11:26:00.006Z] [info]: Cleanup key token: 0 key token cleaned
[2025-03-24T11:26:00.006Z] [info]: Cleanup key token: 0 refresh token used cleaned
[2025-03-24T11:26:00.009Z] [info]: Cleanup product: Cleaned 0 products
[2025-03-24T11:27:00.005Z] [info]: Cleanup key token: 0 key token cleaned
[2025-03-24T11:27:00.005Z] [info]: Cleanup key token: 0 refresh token used cleaned
[2025-03-24T11:27:00.007Z] [info]: Cleanup product: Cleaned 0 products
[2025-03-24T11:28:00.005Z] [info]: Cleanup key token: 0 key token cleaned
[2025-03-24T11:28:00.005Z] [info]: Cleanup key token: 0 refresh token used cleaned
[2025-03-24T11:28:00.008Z] [info]: Cleanup product: Cleaned 0 products
[2025-03-24T11:29:00.004Z] [info]: Cleanup key token: 0 key token cleaned
[2025-03-24T11:29:00.004Z] [info]: Cleanup key token: 0 refresh token used cleaned
[2025-03-24T11:29:00.006Z] [info]: Cleanup product: Cleaned 0 products
