[2025-05-29T03:08:51.586Z] [error]: HIDE::400::BadRequest::[
  {
    "code": "too_small",
    "minimum": 1,
    "type": "string",
    "inclusive": true,
    "exact": false,
    "message": "String must contain at least 1 character(s)",
    "path": [
      "shopsDiscount",
      0,
      "discountCode"
    ]
  }
]::
[2025-05-29T03:09:50.840Z] [error]: HIDE::404::NotFound::Not found address!::
[2025-05-29T03:11:21.106Z] [error]: HIDE::404::NotFound::Not found address!::
[2025-05-29T03:14:46.351Z] [error]: HIDE::404::NotFound::Username or password is not correct!::
[2025-05-29T03:14:52.905Z] [error]: HIDE::404::NotFound::Default role not found!::
[2025-05-29T03:14:56.143Z] [error]: HIDE::404::NotFound::Default role not found!::
[2025-05-29T03:15:24.285Z] [error]: HIDE::404::NotFound::Default role not found!::
[2025-05-29T03:16:15.116Z] [error]: HIDE::400::BadRequest::Get coordinates failed!::
[2025-05-29T03:25:26.356Z] [error]: HIDE::400::BadRequest::Your account already is shop!::
[2025-05-29T03:25:36.886Z] [error]: HIDE::404::NotFound::Shop not found!::
[2025-05-29T03:25:38.033Z] [error]: HIDE::404::NotFound::Shop not found!::
[2025-05-29T03:25:38.789Z] [error]: HIDE::404::NotFound::Shop not found!::
[2025-05-29T03:26:05.256Z] [error]: HIDE::400::BadRequest::Your account already is shop!::
[2025-05-29T03:26:10.631Z] [error]: HIDE::400::BadRequest::Your account already is shop!::
[2025-05-29T03:27:42.346Z] [error]: HIDE::400::BadRequest::[
  {
    "code": "invalid_type",
    "expected": "string",
    "received": "undefined",
    "path": [
      "shopId"
    ],
    "message": "Required"
  }
]::
[2025-05-29T03:27:43.573Z] [error]: HIDE::400::BadRequest::[
  {
    "code": "invalid_type",
    "expected": "string",
    "received": "undefined",
    "path": [
      "shopId"
    ],
    "message": "Required"
  }
]::
[2025-05-29T03:34:46.127Z] [error]: HIDE::403::Forbidden::Permission denied!::
[2025-05-29T03:36:09.582Z] [error]: HIDE::403::Forbidden::Permission denied!::
[2025-05-29T03:36:34.513Z] [error]: HIDE::409::Conflict::User is exists!::
[2025-05-29T03:36:42.935Z] [error]: HIDE::400::BadRequest::[
  {
    "code": "invalid_union",
    "unionErrors": [
      {
        "issues": [
          {
            "code": "invalid_type",
            "expected": "array",
            "received": "undefined",
            "path": [
              "product_variations",
              0,
              "variation_images"
            ],
            "message": "Required"
          }
        ],
        "name": "ZodError"
      },
      {
        "issues": [
          {
            "code": "invalid_type",
            "expected": "array",
            "received": "undefined",
            "path": [
              "product_variations",
              0,
              "variation_images"
            ],
            "message": "Required"
          }
        ],
        "name": "ZodError"
      }
    ],
    "path": [
      "product_variations",
      0,
      "variation_images"
    ],
    "message": "Invalid input"
  },
  {
    "code": "invalid_union",
    "unionErrors": [
      {
        "issues": [
          {
            "code": "invalid_type",
            "expected": "array",
            "received": "undefined",
            "path": [
              "product_variations",
              1,
              "variation_images"
            ],
            "message": "Required"
          }
        ],
        "name": "ZodError"
      },
      {
        "issues": [
          {
            "code": "invalid_type",
            "expected": "array",
            "received": "undefined",
            "path": [
              "product_variations",
              1,
              "variation_images"
            ],
            "message": "Required"
          }
        ],
        "name": "ZodError"
      }
    ],
    "path": [
      "product_variations",
      1,
      "variation_images"
    ],
    "message": "Invalid input"
  },
  {
    "code": "invalid_type",
    "expected": "number",
    "received": "string",
    "path": [
      "sku_images_map",
      0
    ],
    "message": "Expected number, received string"
  },
  {
    "code": "invalid_type",
    "expected": "number",
    "received": "string",
    "path": [
      "sku_images_map",
      1
    ],
    "message": "Expected number, received string"
  },
  {
    "code": "invalid_type",
    "expected": "number",
    "received": "string",
    "path": [
      "sku_list",
      0,
      "sku_price"
    ],
    "message": "Expected number, received string"
  },
  {
    "code": "invalid_type",
    "expected": "number",
    "received": "string",
    "path": [
      "sku_list",
      0,
      "sku_stock"
    ],
    "message": "Expected number, received string"
  },
  {
    "code": "invalid_type",
    "expected": "number",
    "received": "string",
    "path": [
      "sku_list",
      0,
      "sku_tier_idx",
      0
    ],
    "message": "Expected number, received string"
  },
  {
    "code": "invalid_type",
    "expected": "number",
    "received": "string",
    "path": [
      "sku_list",
      0,
      "sku_tier_idx",
      1
    ],
    "message": "Expected number, received string"
  },
  {
    "code": "invalid_type",
    "expected": "number",
    "received": "string",
    "path": [
      "sku_list",
      1,
      "sku_price"
    ],
    "message": "Expected number, received string"
  },
  {
    "code": "invalid_type",
    "expected": "number",
    "received": "string",
    "path": [
      "sku_list",
      1,
      "sku_stock"
    ],
    "message": "Expected number, received string"
  },
  {
    "code": "invalid_type",
    "expected": "number",
    "received": "string",
    "path": [
      "sku_list",
      1,
      "sku_tier_idx",
      0
    ],
    "message": "Expected number, received string"
  },
  {
    "code": "invalid_type",
    "expected": "number",
    "received": "string",
    "path": [
      "sku_list",
      1,
      "sku_tier_idx",
      1
    ],
    "message": "Expected number, received string"
  }
]::
[2025-05-29T03:39:57.022Z] [error]: HIDE::400::BadRequest::[
  {
    "code": "invalid_union",
    "unionErrors": [
      {
        "issues": [
          {
            "code": "invalid_type",
            "expected": "array",
            "received": "undefined",
            "path": [
              "product_variations",
              0,
              "variation_images"
            ],
            "message": "Required"
          }
        ],
        "name": "ZodError"
      },
      {
        "issues": [
          {
            "code": "invalid_type",
            "expected": "array",
            "received": "undefined",
            "path": [
              "product_variations",
              0,
              "variation_images"
            ],
            "message": "Required"
          }
        ],
        "name": "ZodError"
      }
    ],
    "path": [
      "product_variations",
      0,
      "variation_images"
    ],
    "message": "Invalid input"
  },
  {
    "code": "invalid_union",
    "unionErrors": [
      {
        "issues": [
          {
            "code": "invalid_type",
            "expected": "array",
            "received": "undefined",
            "path": [
              "product_variations",
              1,
              "variation_images"
            ],
            "message": "Required"
          }
        ],
        "name": "ZodError"
      },
      {
        "issues": [
          {
            "code": "invalid_type",
            "expected": "array",
            "received": "undefined",
            "path": [
              "product_variations",
              1,
              "variation_images"
            ],
            "message": "Required"
          }
        ],
        "name": "ZodError"
      }
    ],
    "path": [
      "product_variations",
      1,
      "variation_images"
    ],
    "message": "Invalid input"
  },
  {
    "code": "invalid_type",
    "expected": "number",
    "received": "string",
    "path": [
      "sku_images_map",
      0
    ],
    "message": "Expected number, received string"
  },
  {
    "code": "invalid_type",
    "expected": "number",
    "received": "string",
    "path": [
      "sku_images_map",
      1
    ],
    "message": "Expected number, received string"
  },
  {
    "code": "invalid_type",
    "expected": "number",
    "received": "string",
    "path": [
      "sku_list",
      0,
      "sku_price"
    ],
    "message": "Expected number, received string"
  },
  {
    "code": "invalid_type",
    "expected": "number",
    "received": "string",
    "path": [
      "sku_list",
      0,
      "sku_stock"
    ],
    "message": "Expected number, received string"
  },
  {
    "code": "invalid_type",
    "expected": "number",
    "received": "string",
    "path": [
      "sku_list",
      0,
      "sku_tier_idx",
      0
    ],
    "message": "Expected number, received string"
  },
  {
    "code": "invalid_type",
    "expected": "number",
    "received": "string",
    "path": [
      "sku_list",
      0,
      "sku_tier_idx",
      1
    ],
    "message": "Expected number, received string"
  },
  {
    "code": "invalid_type",
    "expected": "number",
    "received": "string",
    "path": [
      "sku_list",
      1,
      "sku_price"
    ],
    "message": "Expected number, received string"
  },
  {
    "code": "invalid_type",
    "expected": "number",
    "received": "string",
    "path": [
      "sku_list",
      1,
      "sku_stock"
    ],
    "message": "Expected number, received string"
  },
  {
    "code": "invalid_type",
    "expected": "number",
    "received": "string",
    "path": [
      "sku_list",
      1,
      "sku_tier_idx",
      0
    ],
    "message": "Expected number, received string"
  },
  {
    "code": "invalid_type",
    "expected": "number",
    "received": "string",
    "path": [
      "sku_list",
      1,
      "sku_tier_idx",
      1
    ],
    "message": "Expected number, received string"
  }
]::
[2025-05-29T03:40:17.780Z] [error]: HIDE::400::BadRequest::[
  {
    "code": "invalid_union",
    "unionErrors": [
      {
        "issues": [
          {
            "code": "invalid_type",
            "expected": "array",
            "received": "undefined",
            "path": [
              "product_variations",
              0,
              "variation_images"
            ],
            "message": "Required"
          }
        ],
        "name": "ZodError"
      },
      {
        "issues": [
          {
            "code": "invalid_type",
            "expected": "array",
            "received": "undefined",
            "path": [
              "product_variations",
              0,
              "variation_images"
            ],
            "message": "Required"
          }
        ],
        "name": "ZodError"
      }
    ],
    "path": [
      "product_variations",
      0,
      "variation_images"
    ],
    "message": "Invalid input"
  },
  {
    "code": "invalid_union",
    "unionErrors": [
      {
        "issues": [
          {
            "code": "invalid_type",
            "expected": "array",
            "received": "undefined",
            "path": [
              "product_variations",
              1,
              "variation_images"
            ],
            "message": "Required"
          }
        ],
        "name": "ZodError"
      },
      {
        "issues": [
          {
            "code": "invalid_type",
            "expected": "array",
            "received": "undefined",
            "path": [
              "product_variations",
              1,
              "variation_images"
            ],
            "message": "Required"
          }
        ],
        "name": "ZodError"
      }
    ],
    "path": [
      "product_variations",
      1,
      "variation_images"
    ],
    "message": "Invalid input"
  },
  {
    "code": "invalid_type",
    "expected": "number",
    "received": "string",
    "path": [
      "sku_images_map",
      0
    ],
    "message": "Expected number, received string"
  },
  {
    "code": "invalid_type",
    "expected": "number",
    "received": "string",
    "path": [
      "sku_images_map",
      1
    ],
    "message": "Expected number, received string"
  },
  {
    "code": "invalid_type",
    "expected": "number",
    "received": "string",
    "path": [
      "sku_list",
      0,
      "sku_price"
    ],
    "message": "Expected number, received string"
  },
  {
    "code": "invalid_type",
    "expected": "number",
    "received": "string",
    "path": [
      "sku_list",
      0,
      "sku_stock"
    ],
    "message": "Expected number, received string"
  },
  {
    "code": "invalid_type",
    "expected": "number",
    "received": "string",
    "path": [
      "sku_list",
      0,
      "sku_tier_idx",
      0
    ],
    "message": "Expected number, received string"
  },
  {
    "code": "invalid_type",
    "expected": "number",
    "received": "string",
    "path": [
      "sku_list",
      0,
      "sku_tier_idx",
      1
    ],
    "message": "Expected number, received string"
  },
  {
    "code": "invalid_type",
    "expected": "number",
    "received": "string",
    "path": [
      "sku_list",
      1,
      "sku_price"
    ],
    "message": "Expected number, received string"
  },
  {
    "code": "invalid_type",
    "expected": "number",
    "received": "string",
    "path": [
      "sku_list",
      1,
      "sku_stock"
    ],
    "message": "Expected number, received string"
  },
  {
    "code": "invalid_type",
    "expected": "number",
    "received": "string",
    "path": [
      "sku_list",
      1,
      "sku_tier_idx",
      0
    ],
    "message": "Expected number, received string"
  },
  {
    "code": "invalid_type",
    "expected": "number",
    "received": "string",
    "path": [
      "sku_list",
      1,
      "sku_tier_idx",
      1
    ],
    "message": "Expected number, received string"
  }
]::
[2025-05-29T03:42:30.771Z] [error]: HIDE::400::BadRequest::[
  {
    "code": "invalid_type",
    "expected": "number",
    "received": "string",
    "path": [
      "sku_images_map",
      0
    ],
    "message": "Expected number, received string"
  },
  {
    "code": "invalid_type",
    "expected": "number",
    "received": "string",
    "path": [
      "sku_images_map",
      1
    ],
    "message": "Expected number, received string"
  },
  {
    "code": "invalid_type",
    "expected": "number",
    "received": "string",
    "path": [
      "sku_list",
      0,
      "sku_price"
    ],
    "message": "Expected number, received string"
  },
  {
    "code": "invalid_type",
    "expected": "number",
    "received": "string",
    "path": [
      "sku_list",
      0,
      "sku_stock"
    ],
    "message": "Expected number, received string"
  },
  {
    "code": "invalid_type",
    "expected": "number",
    "received": "string",
    "path": [
      "sku_list",
      0,
      "sku_tier_idx",
      0
    ],
    "message": "Expected number, received string"
  },
  {
    "code": "invalid_type",
    "expected": "number",
    "received": "string",
    "path": [
      "sku_list",
      0,
      "sku_tier_idx",
      1
    ],
    "message": "Expected number, received string"
  },
  {
    "code": "invalid_type",
    "expected": "number",
    "received": "string",
    "path": [
      "sku_list",
      1,
      "sku_price"
    ],
    "message": "Expected number, received string"
  },
  {
    "code": "invalid_type",
    "expected": "number",
    "received": "string",
    "path": [
      "sku_list",
      1,
      "sku_stock"
    ],
    "message": "Expected number, received string"
  },
  {
    "code": "invalid_type",
    "expected": "number",
    "received": "string",
    "path": [
      "sku_list",
      1,
      "sku_tier_idx",
      0
    ],
    "message": "Expected number, received string"
  },
  {
    "code": "invalid_type",
    "expected": "number",
    "received": "string",
    "path": [
      "sku_list",
      1,
      "sku_tier_idx",
      1
    ],
    "message": "Expected number, received string"
  }
]::
[2025-05-29T03:47:20.897Z] [error]: HIDE::400::BadRequest::[
  {
    "code": "custom",
    "message": "SKU images map must be an array of strings",
    "path": [
      "sku_images_map",
      0
    ]
  },
  {
    "code": "custom",
    "message": "SKU images map must be an array of strings",
    "path": [
      "sku_images_map",
      1
    ]
  },
  {
    "code": "invalid_type",
    "expected": "number",
    "received": "string",
    "path": [
      "sku_list",
      0,
      "sku_price"
    ],
    "message": "Expected number, received string"
  },
  {
    "code": "invalid_type",
    "expected": "number",
    "received": "string",
    "path": [
      "sku_list",
      0,
      "sku_stock"
    ],
    "message": "Expected number, received string"
  },
  {
    "code": "invalid_type",
    "expected": "number",
    "received": "string",
    "path": [
      "sku_list",
      0,
      "sku_tier_idx",
      0
    ],
    "message": "Expected number, received string"
  },
  {
    "code": "invalid_type",
    "expected": "number",
    "received": "string",
    "path": [
      "sku_list",
      0,
      "sku_tier_idx",
      1
    ],
    "message": "Expected number, received string"
  },
  {
    "code": "invalid_type",
    "expected": "number",
    "received": "string",
    "path": [
      "sku_list",
      1,
      "sku_price"
    ],
    "message": "Expected number, received string"
  },
  {
    "code": "invalid_type",
    "expected": "number",
    "received": "string",
    "path": [
      "sku_list",
      1,
      "sku_stock"
    ],
    "message": "Expected number, received string"
  },
  {
    "code": "invalid_type",
    "expected": "number",
    "received": "string",
    "path": [
      "sku_list",
      1,
      "sku_tier_idx",
      0
    ],
    "message": "Expected number, received string"
  },
  {
    "code": "invalid_type",
    "expected": "number",
    "received": "string",
    "path": [
      "sku_list",
      1,
      "sku_tier_idx",
      1
    ],
    "message": "Expected number, received string"
  }
]::
[2025-05-29T03:48:39.935Z] [error]: HIDE::400::BadRequest::[
  {
    "code": "custom",
    "message": "SKU images map must be an array of strings",
    "path": [
      "sku_images_map",
      0
    ]
  },
  {
    "code": "custom",
    "message": "SKU images map must be an array of strings",
    "path": [
      "sku_images_map",
      1
    ]
  },
  {
    "code": "custom",
    "message": "SKU tier index must be a number and greater than 0",
    "path": [
      "sku_list",
      0,
      "sku_tier_idx",
      0
    ]
  },
  {
    "code": "custom",
    "message": "SKU tier index must be a number and greater than 0",
    "path": [
      "sku_list",
      0,
      "sku_tier_idx",
      1
    ]
  }
]::
[2025-05-29T03:49:59.935Z] [error]: HIDE::400::BadRequest::[
  {
    "code": "custom",
    "message": "SKU images map must be an array of strings",
    "path": [
      "sku_images_map",
      0
    ]
  },
  {
    "code": "custom",
    "message": "SKU images map must be an array of strings",
    "path": [
      "sku_images_map",
      1
    ]
  }
]::
[2025-05-29T03:50:45.444Z] [error]: HIDE::400::BadRequest::Create SKU failed!::
[2025-05-29T03:52:34.828Z] [error]: HIDE::400::BadRequest::Create SKU failed!::
[2025-05-29T03:53:20.473Z] [error]: HIDE::403::Forbidden::Token is expired or invalid!::
[2025-05-29T03:53:20.475Z] [error]: HIDE::403::Forbidden::Token is expired or invalid!::
[2025-05-29T03:53:20.491Z] [error]: HIDE::403::Forbidden::Token is expired or invalid!::
[2025-05-29T03:53:20.493Z] [error]: HIDE::403::Forbidden::Token is expired or invalid!::
[2025-05-29T03:53:20.506Z] [error]: HIDE::403::Forbidden::Token is expired or invalid!::
[2025-05-29T03:53:20.518Z] [error]: HIDE::403::Forbidden::Token is expired or invalid!::
[2025-05-29T03:53:26.334Z] [error]: HIDE::400::MongoServerError::Plan executor error during findAndModify :: caused by :: The positional operator did not find the match needed from the query.::
[2025-05-29T03:54:09.186Z] [error]: HIDE::409::Conflict::User is exists!::
[2025-05-29T03:56:32.464Z] [error]: HIDE::400::BadRequest::[
  {
    "code": "invalid_type",
    "expected": "number",
    "received": "string",
    "path": [
      "limit"
    ],
    "message": "Expected number, received string"
  }
]::
[2025-05-29T03:56:32.537Z] [error]: HIDE::400::BadRequest::[
  {
    "code": "invalid_type",
    "expected": "number",
    "received": "string",
    "path": [
      "limit"
    ],
    "message": "Expected number, received string"
  }
]::
[2025-05-29T03:56:48.307Z] [error]: HIDE::400::BadRequest::[
  {
    "code": "invalid_type",
    "expected": "number",
    "received": "string",
    "path": [
      "limit"
    ],
    "message": "Expected number, received string"
  }
]::
[2025-05-29T03:56:55.010Z] [error]: HIDE::400::BadRequest::[
  {
    "code": "invalid_type",
    "expected": "number",
    "received": "string",
    "path": [
      "limit"
    ],
    "message": "Expected number, received string"
  }
]::
[2025-05-29T03:57:26.079Z] [error]: HIDE::404::NotFound::Not found shop!::
[2025-05-29T03:57:28.056Z] [error]: HIDE::404::NotFound::Not found shop!::
[2025-05-29T04:02:07.166Z] [error]: HIDE::400::BadRequest::[
  {
    "code": "invalid_type",
    "expected": "number",
    "received": "string",
    "path": [
      "limit"
    ],
    "message": "Expected number, received string"
  }
]::
[2025-05-29T04:02:07.197Z] [error]: HIDE::400::BadRequest::[
  {
    "code": "invalid_type",
    "expected": "number",
    "received": "string",
    "path": [
      "limit"
    ],
    "message": "Expected number, received string"
  }
]::
[2025-05-29T04:02:07.335Z] [error]: HIDE::400::BadRequest::[
  {
    "code": "invalid_type",
    "expected": "number",
    "received": "string",
    "path": [
      "limit"
    ],
    "message": "Expected number, received string"
  }
]::
[2025-05-29T04:02:07.353Z] [error]: HIDE::400::BadRequest::[
  {
    "code": "invalid_type",
    "expected": "number",
    "received": "string",
    "path": [
      "limit"
    ],
    "message": "Expected number, received string"
  }
]::
[2025-05-29T04:03:57.558Z] [error]: HIDE::400::BadRequest::[
  {
    "code": "invalid_type",
    "expected": "number",
    "received": "string",
    "path": [
      "limit"
    ],
    "message": "Expected number, received string"
  }
]::
[2025-05-29T04:05:50.880Z] [error]: HIDE::400::BadRequest::[
  {
    "code": "invalid_type",
    "expected": "number",
    "received": "string",
    "path": [
      "limit"
    ],
    "message": "Expected number, received string"
  }
]::
[2025-05-29T04:05:50.893Z] [error]: HIDE::400::BadRequest::[
  {
    "code": "invalid_type",
    "expected": "number",
    "received": "string",
    "path": [
      "limit"
    ],
    "message": "Expected number, received string"
  }
]::
[2025-05-29T04:05:50.987Z] [error]: HIDE::400::BadRequest::[
  {
    "code": "invalid_type",
    "expected": "number",
    "received": "string",
    "path": [
      "limit"
    ],
    "message": "Expected number, received string"
  }
]::
[2025-05-29T04:05:50.995Z] [error]: HIDE::400::BadRequest::[
  {
    "code": "invalid_type",
    "expected": "number",
    "received": "string",
    "path": [
      "limit"
    ],
    "message": "Expected number, received string"
  }
]::
[2025-05-29T04:15:05.382Z] [error]: HIDE::400::BadRequest::[
  {
    "code": "invalid_type",
    "expected": "number",
    "received": "string",
    "path": [
      "limit"
    ],
    "message": "Expected number, received string"
  }
]::
[2025-05-29T04:15:05.396Z] [error]: HIDE::400::BadRequest::[
  {
    "code": "invalid_type",
    "expected": "number",
    "received": "string",
    "path": [
      "limit"
    ],
    "message": "Expected number, received string"
  }
]::
[2025-05-29T04:15:05.605Z] [error]: HIDE::400::BadRequest::[
  {
    "code": "invalid_type",
    "expected": "number",
    "received": "string",
    "path": [
      "limit"
    ],
    "message": "Expected number, received string"
  }
]::
[2025-05-29T04:15:05.635Z] [error]: HIDE::400::BadRequest::[
  {
    "code": "invalid_type",
    "expected": "number",
    "received": "string",
    "path": [
      "limit"
    ],
    "message": "Expected number, received string"
  }
]::
[2025-05-29T04:17:07.753Z] [error]: HIDE::400::BadRequest::[
  {
    "code": "invalid_type",
    "expected": "number",
    "received": "string",
    "path": [
      "limit"
    ],
    "message": "Expected number, received string"
  }
]::
[2025-05-29T04:17:13.153Z] [error]: HIDE::400::BadRequest::[
  {
    "code": "invalid_type",
    "expected": "number",
    "received": "string",
    "path": [
      "limit"
    ],
    "message": "Expected number, received string"
  }
]::
[2025-05-29T04:17:13.884Z] [error]: HIDE::400::BadRequest::[
  {
    "code": "invalid_type",
    "expected": "number",
    "received": "string",
    "path": [
      "limit"
    ],
    "message": "Expected number, received string"
  }
]::
[2025-05-29T05:06:25.645Z] [error]: HIDE::404::NotFound::Not found shop!::
[2025-05-29T05:20:30.771Z] [error]: HIDE::404::NotFound::Not found shop!::
[2025-05-29T05:20:46.239Z] [error]: HIDE::404::NotFound::Not found shop!::
[2025-05-29T05:22:17.354Z] [error]: HIDE::404::NotFound::Not found shop!::
[2025-05-29T05:22:18.334Z] [error]: HIDE::404::NotFound::Not found shop!::
[2025-05-29T05:22:18.606Z] [error]: HIDE::404::NotFound::Not found shop!::
[2025-05-29T05:22:18.752Z] [error]: HIDE::404::NotFound::Not found shop!::
[2025-05-29T05:22:19.926Z] [error]: HIDE::404::NotFound::Not found shop!::
[2025-05-29T05:22:20.097Z] [error]: HIDE::404::NotFound::Not found shop!::
[2025-05-29T05:22:20.242Z] [error]: HIDE::404::NotFound::Not found shop!::
[2025-05-29T05:22:20.392Z] [error]: HIDE::404::NotFound::Not found shop!::
[2025-05-29T05:22:20.542Z] [error]: HIDE::404::NotFound::Not found shop!::
[2025-05-29T05:22:20.684Z] [error]: HIDE::404::NotFound::Not found shop!::
[2025-05-29T05:22:20.829Z] [error]: HIDE::404::NotFound::Not found shop!::
[2025-05-29T05:22:21.017Z] [error]: HIDE::404::NotFound::Not found shop!::
[2025-05-29T05:23:11.986Z] [error]: HIDE::404::NotFound::Not found shop!::
[2025-05-29T05:23:12.542Z] [error]: HIDE::404::NotFound::Not found shop!::
[2025-05-29T05:23:12.708Z] [error]: HIDE::404::NotFound::Not found shop!::
[2025-05-29T05:23:12.854Z] [error]: HIDE::404::NotFound::Not found shop!::
[2025-05-29T05:23:13.012Z] [error]: HIDE::404::NotFound::Not found shop!::
[2025-05-29T05:23:23.924Z] [error]: HIDE::403::Forbidden::Token is expired or invalid!::
[2025-05-29T05:23:47.070Z] [error]: HIDE::400::BadRequest::[
  {
    "code": "invalid_type",
    "expected": "array",
    "received": "undefined",
    "path": [
      "shopsDiscount"
    ],
    "message": "Required"
  },
  {
    "code": "invalid_type",
    "expected": "string",
    "received": "undefined",
    "path": [
      "addressId"
    ],
    "message": "Required"
  }
]::
[2025-05-29T05:24:00.625Z] [error]: HIDE::400::BadRequest::[
  {
    "code": "invalid_type",
    "expected": "array",
    "received": "undefined",
    "path": [
      "shopsDiscount"
    ],
    "message": "Required"
  },
  {
    "code": "invalid_type",
    "expected": "string",
    "received": "undefined",
    "path": [
      "addressId"
    ],
    "message": "Required"
  }
]::
[2025-05-29T05:24:01.748Z] [error]: HIDE::400::BadRequest::[
  {
    "code": "invalid_type",
    "expected": "array",
    "received": "undefined",
    "path": [
      "shopsDiscount"
    ],
    "message": "Required"
  },
  {
    "code": "invalid_type",
    "expected": "string",
    "received": "undefined",
    "path": [
      "addressId"
    ],
    "message": "Required"
  }
]::
[2025-05-29T05:25:32.879Z] [error]: HIDE::400::Error::Bad Request::
[2025-05-29T05:31:17.140Z] [error]: HIDE::400::BadRequest::[
  {
    "code": "invalid_type",
    "expected": "array",
    "received": "undefined",
    "path": [
      "shopsDiscount"
    ],
    "message": "Required"
  },
  {
    "code": "invalid_type",
    "expected": "string",
    "received": "undefined",
    "path": [
      "addressId"
    ],
    "message": "Required"
  }
]::
[2025-05-29T05:33:35.852Z] [error]: HIDE::400::BadRequest::[
  {
    "code": "invalid_type",
    "expected": "array",
    "received": "undefined",
    "path": [
      "shopsDiscount"
    ],
    "message": "Required"
  }
]::
[2025-05-29T05:33:51.254Z] [error]: HIDE::404::NotFound::Route is not exists::
[2025-05-29T05:36:26.570Z] [error]: HIDE::400::AbortError::The operation was aborted.::
[2025-05-29T05:36:59.602Z] [error]: HIDE::400::Error::Bad Request::
[2025-05-29T05:38:18.413Z] [error]: HIDE::400::AbortError::The operation was aborted.::
[2025-05-29T05:38:42.914Z] [error]: HIDE::400::Error::Bad Request::
[2025-05-29T05:39:13.486Z] [error]: HIDE::400::Error::Bad Request::
[2025-05-29T05:39:34.097Z] [error]: HIDE::400::Error::Bad Request::
[2025-05-29T06:13:11.714Z] [error]: HIDE::400::AbortError::The operation was aborted.::
[2025-05-29T06:13:54.992Z] [error]: HIDE::400::Error::Bad Request::
[2025-05-29T07:28:51.306Z] [error]: HIDE::400::TypeError::Spread syntax requires ...iterable not be null or undefined::
[2025-05-29T08:32:38.682Z] [error]: HIDE::400::CastError::Cast to ObjectId failed for value "[object Object]" (type string) at path "_id" for model "Location"::
[2025-05-29T08:33:32.408Z] [error]: HIDE::400::CastError::Cast to ObjectId failed for value "[object Object]" (type string) at path "_id" for model "Location"::
[2025-05-29T09:44:17.371Z] [error]: HIDE::400::ReferenceError::FEE_SHIP_DEFAULT is not defined::
[2025-05-29T09:56:34.886Z] [error]: HIDE::400::ReferenceError::FEE_SHIP_DEFAULT is not defined::
