[2025-03-19T19:21:00.034Z] [info]: Cleanup key token: 1 key token cleaned
[2025-03-19T19:21:00.034Z] [info]: Cleanup key token: 0 refresh token used cleaned
[2025-03-19T19:21:00.035Z] [info]: Cleanup product: Cleaned 0 products
[2025-03-19T19:22:00.006Z] [info]: Cleanup key token: 0 key token cleaned
[2025-03-19T19:22:00.006Z] [info]: Cleanup key token: 0 refresh token used cleaned
[2025-03-19T19:22:00.009Z] [info]: Cleanup product: Cleaned 0 products
[2025-03-19T19:23:00.005Z] [info]: Cleanup key token: 0 key token cleaned
[2025-03-19T19:23:00.005Z] [info]: Cleanup key token: 0 refresh token used cleaned
[2025-03-19T19:23:00.008Z] [info]: Cleanup product: Cleaned 0 products
[2025-03-19T19:24:00.004Z] [info]: Cleanup key token: 0 key token cleaned
[2025-03-19T19:24:00.005Z] [info]: Cleanup key token: 0 refresh token used cleaned
[2025-03-19T19:24:00.007Z] [info]: Cleanup product: Cleaned 0 products
[2025-03-19T19:25:00.004Z] [info]: Cleanup key token: 0 key token cleaned
[2025-03-19T19:25:00.005Z] [info]: Cleanup key token: 0 refresh token used cleaned
[2025-03-19T19:25:00.008Z] [info]: Cleanup product: Cleaned 0 products
[2025-03-19T19:26:00.004Z] [info]: Cleanup key token: 0 key token cleaned
[2025-03-19T19:26:00.005Z] [info]: Cleanup key token: 0 refresh token used cleaned
[2025-03-19T19:26:00.007Z] [info]: Cleanup product: Cleaned 0 products
[2025-03-19T19:27:00.004Z] [info]: Cleanup key token: 0 key token cleaned
[2025-03-19T19:27:00.004Z] [info]: Cleanup key token: 0 refresh token used cleaned
[2025-03-19T19:27:00.007Z] [info]: Cleanup product: Cleaned 0 products
[2025-03-19T19:28:00.004Z] [info]: Cleanup key token: 0 key token cleaned
[2025-03-19T19:28:00.004Z] [info]: Cleanup key token: 0 refresh token used cleaned
[2025-03-19T19:28:00.006Z] [info]: Cleanup product: Cleaned 0 products
[2025-03-19T19:29:00.005Z] [info]: Cleanup key token: 0 key token cleaned
[2025-03-19T19:29:00.006Z] [info]: Cleanup key token: 0 refresh token used cleaned
[2025-03-19T19:29:00.010Z] [info]: Cleanup product: Cleaned 0 products
[2025-03-19T19:30:00.003Z] [info]: Cleanup key token: 0 key token cleaned
[2025-03-19T19:30:00.003Z] [info]: Cleanup key token: 0 refresh token used cleaned
[2025-03-19T19:30:00.007Z] [info]: Cleanup product: Cleaned 0 products
[2025-03-19T19:31:00.003Z] [info]: Cleanup key token: 0 key token cleaned
[2025-03-19T19:31:00.004Z] [info]: Cleanup key token: 0 refresh token used cleaned
[2025-03-19T19:31:00.006Z] [info]: Cleanup product: Cleaned 0 products
[2025-03-19T19:32:00.006Z] [info]: Cleanup key token: 0 key token cleaned
[2025-03-19T19:32:00.006Z] [info]: Cleanup key token: 0 refresh token used cleaned
[2025-03-19T19:32:00.009Z] [info]: Cleanup product: Cleaned 0 products
[2025-03-19T19:33:00.004Z] [info]: Cleanup key token: 0 key token cleaned
[2025-03-19T19:33:00.004Z] [info]: Cleanup key token: 0 refresh token used cleaned
[2025-03-19T19:33:00.009Z] [info]: Cleanup product: Cleaned 0 products
[2025-03-19T19:34:00.006Z] [info]: Cleanup key token: 0 key token cleaned
[2025-03-19T19:34:00.006Z] [info]: Cleanup key token: 0 refresh token used cleaned
[2025-03-19T19:34:00.009Z] [info]: Cleanup product: Cleaned 0 products
[2025-03-19T19:35:00.004Z] [info]: Cleanup key token: 0 key token cleaned
[2025-03-19T19:35:00.004Z] [info]: Cleanup key token: 0 refresh token used cleaned
[2025-03-19T19:35:00.007Z] [info]: Cleanup product: Cleaned 0 products
[2025-03-19T19:36:00.004Z] [info]: Cleanup key token: 0 key token cleaned
[2025-03-19T19:36:00.004Z] [info]: Cleanup key token: 0 refresh token used cleaned
[2025-03-19T19:36:00.007Z] [info]: Cleanup product: Cleaned 0 products
[2025-03-19T19:37:00.004Z] [info]: Cleanup key token: 0 key token cleaned
[2025-03-19T19:37:00.005Z] [info]: Cleanup key token: 0 refresh token used cleaned
[2025-03-19T19:37:00.006Z] [info]: Cleanup product: Cleaned 0 products
[2025-03-19T19:38:00.004Z] [info]: Cleanup key token: 0 key token cleaned
[2025-03-19T19:38:00.004Z] [info]: Cleanup key token: 0 refresh token used cleaned
[2025-03-19T19:38:00.007Z] [info]: Cleanup product: Cleaned 0 products
[2025-03-19T19:39:00.004Z] [info]: Cleanup key token: 0 key token cleaned
[2025-03-19T19:39:00.004Z] [info]: Cleanup key token: 0 refresh token used cleaned
[2025-03-19T19:39:00.006Z] [info]: Cleanup product: Cleaned 0 products
[2025-03-19T19:40:00.004Z] [info]: Cleanup key token: 0 key token cleaned
[2025-03-19T19:40:00.004Z] [info]: Cleanup key token: 0 refresh token used cleaned
[2025-03-19T19:40:00.006Z] [info]: Cleanup product: Cleaned 0 products
[2025-03-19T19:41:00.004Z] [info]: Cleanup key token: 0 key token cleaned
[2025-03-19T19:41:00.004Z] [info]: Cleanup key token: 0 refresh token used cleaned
[2025-03-19T19:41:00.006Z] [info]: Cleanup product: Cleaned 0 products
[2025-03-19T19:42:00.005Z] [info]: Cleanup key token: 0 key token cleaned
[2025-03-19T19:42:00.006Z] [info]: Cleanup key token: 0 refresh token used cleaned
[2025-03-19T19:42:00.008Z] [info]: Cleanup product: Cleaned 0 products
[2025-03-19T19:43:00.004Z] [info]: Cleanup key token: 0 key token cleaned
[2025-03-19T19:43:00.004Z] [info]: Cleanup key token: 0 refresh token used cleaned
[2025-03-19T19:43:00.006Z] [info]: Cleanup product: Cleaned 0 products
[2025-03-19T19:44:00.005Z] [info]: Cleanup key token: 0 key token cleaned
[2025-03-19T19:44:00.005Z] [info]: Cleanup key token: 0 refresh token used cleaned
[2025-03-19T19:44:00.007Z] [info]: Cleanup product: Cleaned 0 products
[2025-03-19T19:45:00.004Z] [info]: Cleanup key token: 0 key token cleaned
[2025-03-19T19:45:00.004Z] [info]: Cleanup key token: 0 refresh token used cleaned
[2025-03-19T19:45:00.008Z] [info]: Cleanup product: Cleaned 0 products
[2025-03-19T19:46:00.004Z] [info]: Cleanup key token: 0 key token cleaned
[2025-03-19T19:46:00.004Z] [info]: Cleanup key token: 0 refresh token used cleaned
[2025-03-19T19:46:00.008Z] [info]: Cleanup product: Cleaned 0 products
[2025-03-19T19:47:00.003Z] [info]: Cleanup key token: 0 key token cleaned
[2025-03-19T19:47:00.004Z] [info]: Cleanup key token: 0 refresh token used cleaned
[2025-03-19T19:47:00.007Z] [info]: Cleanup product: Cleaned 0 products
[2025-03-19T19:48:00.004Z] [info]: Cleanup key token: 0 key token cleaned
[2025-03-19T19:48:00.004Z] [info]: Cleanup key token: 0 refresh token used cleaned
[2025-03-19T19:48:00.007Z] [info]: Cleanup product: Cleaned 0 products
[2025-03-19T19:49:00.003Z] [info]: Cleanup key token: 0 key token cleaned
[2025-03-19T19:49:00.003Z] [info]: Cleanup key token: 0 refresh token used cleaned
[2025-03-19T19:49:00.006Z] [info]: Cleanup product: Cleaned 0 products
[2025-03-19T19:50:00.003Z] [info]: Cleanup key token: 0 key token cleaned
[2025-03-19T19:50:00.003Z] [info]: Cleanup key token: 0 refresh token used cleaned
[2025-03-19T19:50:00.007Z] [info]: Cleanup product: Cleaned 0 products
[2025-03-19T19:51:00.003Z] [info]: Cleanup key token: 0 key token cleaned
[2025-03-19T19:51:00.003Z] [info]: Cleanup key token: 0 refresh token used cleaned
[2025-03-19T19:51:00.007Z] [info]: Cleanup product: Cleaned 0 products
[2025-03-19T19:52:00.004Z] [info]: Cleanup key token: 0 key token cleaned
[2025-03-19T19:52:00.004Z] [info]: Cleanup key token: 0 refresh token used cleaned
[2025-03-19T19:52:00.008Z] [info]: Cleanup product: Cleaned 0 products
[2025-03-19T19:53:00.003Z] [info]: Cleanup key token: 0 key token cleaned
[2025-03-19T19:53:00.003Z] [info]: Cleanup key token: 0 refresh token used cleaned
[2025-03-19T19:53:00.007Z] [info]: Cleanup product: Cleaned 0 products
[2025-03-19T19:54:00.004Z] [info]: Cleanup key token: 0 key token cleaned
[2025-03-19T19:54:00.004Z] [info]: Cleanup key token: 0 refresh token used cleaned
[2025-03-19T19:54:00.008Z] [info]: Cleanup product: Cleaned 0 products
[2025-03-19T19:55:00.004Z] [info]: Cleanup key token: 0 key token cleaned
[2025-03-19T19:55:00.005Z] [info]: Cleanup key token: 0 refresh token used cleaned
[2025-03-19T19:55:00.008Z] [info]: Cleanup product: Cleaned 0 products
[2025-03-19T19:56:00.003Z] [info]: Cleanup key token: 0 key token cleaned
[2025-03-19T19:56:00.003Z] [info]: Cleanup key token: 0 refresh token used cleaned
[2025-03-19T19:56:00.006Z] [info]: Cleanup product: Cleaned 0 products
[2025-03-19T19:57:00.003Z] [info]: Cleanup key token: 0 key token cleaned
[2025-03-19T19:57:00.003Z] [info]: Cleanup key token: 0 refresh token used cleaned
[2025-03-19T19:57:00.006Z] [info]: Cleanup product: Cleaned 0 products
[2025-03-19T19:58:00.002Z] [info]: Cleanup key token: 0 key token cleaned
[2025-03-19T19:58:00.003Z] [info]: Cleanup key token: 0 refresh token used cleaned
[2025-03-19T19:58:00.006Z] [info]: Cleanup product: Cleaned 0 products
[2025-03-19T19:59:00.003Z] [info]: Cleanup key token: 0 key token cleaned
[2025-03-19T19:59:00.004Z] [info]: Cleanup key token: 0 refresh token used cleaned
[2025-03-19T19:59:00.007Z] [info]: Cleanup product: Cleaned 0 products
[2025-03-19T20:00:00.004Z] [info]: Cleanup key token: 0 key token cleaned
[2025-03-19T20:00:00.004Z] [info]: Cleanup key token: 0 refresh token used cleaned
[2025-03-19T20:00:00.006Z] [info]: Cleanup product: Cleaned 0 products
[2025-03-19T20:01:00.003Z] [info]: Cleanup key token: 0 key token cleaned
[2025-03-19T20:01:00.003Z] [info]: Cleanup key token: 0 refresh token used cleaned
[2025-03-19T20:01:00.006Z] [info]: Cleanup product: Cleaned 0 products
[2025-03-19T20:02:00.002Z] [info]: Cleanup key token: 0 key token cleaned
[2025-03-19T20:02:00.002Z] [info]: Cleanup key token: 0 refresh token used cleaned
[2025-03-19T20:02:00.006Z] [info]: Cleanup product: Cleaned 0 products
[2025-03-19T20:03:00.003Z] [info]: Cleanup key token: 0 key token cleaned
[2025-03-19T20:03:00.003Z] [info]: Cleanup key token: 0 refresh token used cleaned
[2025-03-19T20:03:00.006Z] [info]: Cleanup product: Cleaned 0 products
[2025-03-19T20:04:00.004Z] [info]: Cleanup key token: 0 key token cleaned
[2025-03-19T20:04:00.004Z] [info]: Cleanup key token: 0 refresh token used cleaned
[2025-03-19T20:04:00.007Z] [info]: Cleanup product: Cleaned 0 products
[2025-03-19T20:05:00.005Z] [info]: Cleanup key token: 0 key token cleaned
[2025-03-19T20:05:00.005Z] [info]: Cleanup key token: 0 refresh token used cleaned
[2025-03-19T20:05:00.008Z] [info]: Cleanup product: Cleaned 0 products
[2025-03-19T20:06:00.003Z] [info]: Cleanup key token: 0 key token cleaned
[2025-03-19T20:06:00.003Z] [info]: Cleanup key token: 0 refresh token used cleaned
[2025-03-19T20:06:00.006Z] [info]: Cleanup product: Cleaned 0 products
[2025-03-19T20:07:00.004Z] [info]: Cleanup key token: 0 key token cleaned
[2025-03-19T20:07:00.004Z] [info]: Cleanup key token: 0 refresh token used cleaned
[2025-03-19T20:07:00.006Z] [info]: Cleanup product: Cleaned 0 products
[2025-03-19T20:08:00.002Z] [info]: Cleanup key token: 0 key token cleaned
[2025-03-19T20:08:00.002Z] [info]: Cleanup key token: 0 refresh token used cleaned
[2025-03-19T20:08:00.005Z] [info]: Cleanup product: Cleaned 0 products
[2025-03-19T20:09:00.005Z] [info]: Cleanup key token: 0 key token cleaned
[2025-03-19T20:09:00.005Z] [info]: Cleanup key token: 0 refresh token used cleaned
[2025-03-19T20:09:00.005Z] [info]: Cleanup product: Cleaned 0 products
[2025-03-19T20:10:00.004Z] [info]: Cleanup key token: 0 key token cleaned
[2025-03-19T20:10:00.004Z] [info]: Cleanup key token: 0 refresh token used cleaned
[2025-03-19T20:10:00.005Z] [info]: Cleanup product: Cleaned 0 products
[2025-03-19T20:11:00.004Z] [info]: Cleanup key token: 0 key token cleaned
[2025-03-19T20:11:00.004Z] [info]: Cleanup key token: 0 refresh token used cleaned
[2025-03-19T20:11:00.007Z] [info]: Cleanup product: Cleaned 0 products
[2025-03-19T20:12:00.003Z] [info]: Cleanup key token: 0 key token cleaned
[2025-03-19T20:12:00.003Z] [info]: Cleanup key token: 0 refresh token used cleaned
[2025-03-19T20:12:00.006Z] [info]: Cleanup product: Cleaned 0 products
[2025-03-19T20:13:00.004Z] [info]: Cleanup key token: 0 key token cleaned
[2025-03-19T20:13:00.004Z] [info]: Cleanup key token: 0 refresh token used cleaned
[2025-03-19T20:13:00.006Z] [info]: Cleanup product: Cleaned 0 products
[2025-03-19T20:14:00.004Z] [info]: Cleanup key token: 0 key token cleaned
[2025-03-19T20:14:00.004Z] [info]: Cleanup key token: 0 refresh token used cleaned
[2025-03-19T20:14:00.006Z] [info]: Cleanup product: Cleaned 0 products
[2025-03-19T20:15:00.003Z] [info]: Cleanup key token: 0 key token cleaned
[2025-03-19T20:15:00.003Z] [info]: Cleanup key token: 0 refresh token used cleaned
[2025-03-19T20:15:00.007Z] [info]: Cleanup product: Cleaned 0 products
[2025-03-19T20:16:00.004Z] [info]: Cleanup key token: 0 key token cleaned
[2025-03-19T20:16:00.004Z] [info]: Cleanup key token: 0 refresh token used cleaned
[2025-03-19T20:16:00.007Z] [info]: Cleanup product: Cleaned 0 products
[2025-03-19T20:17:00.003Z] [info]: Cleanup key token: 0 key token cleaned
[2025-03-19T20:17:00.003Z] [info]: Cleanup key token: 0 refresh token used cleaned
[2025-03-19T20:17:00.007Z] [info]: Cleanup product: Cleaned 0 products
[2025-03-19T20:18:00.004Z] [info]: Cleanup key token: 0 key token cleaned
[2025-03-19T20:18:00.004Z] [info]: Cleanup key token: 0 refresh token used cleaned
[2025-03-19T20:18:00.006Z] [info]: Cleanup product: Cleaned 0 products
[2025-03-19T20:19:00.003Z] [info]: Cleanup key token: 0 key token cleaned
[2025-03-19T20:19:00.003Z] [info]: Cleanup key token: 0 refresh token used cleaned
[2025-03-19T20:19:00.006Z] [info]: Cleanup product: Cleaned 0 products
[2025-03-19T20:20:00.004Z] [info]: Cleanup key token: 0 key token cleaned
[2025-03-19T20:20:00.004Z] [info]: Cleanup key token: 0 refresh token used cleaned
[2025-03-19T20:20:00.007Z] [info]: Cleanup product: Cleaned 0 products
[2025-03-19T20:21:00.003Z] [info]: Cleanup key token: 0 key token cleaned
[2025-03-19T20:21:00.003Z] [info]: Cleanup key token: 0 refresh token used cleaned
[2025-03-19T20:21:00.007Z] [info]: Cleanup product: Cleaned 0 products
[2025-03-19T20:22:00.004Z] [info]: Cleanup key token: 0 key token cleaned
[2025-03-19T20:22:00.004Z] [info]: Cleanup key token: 0 refresh token used cleaned
[2025-03-19T20:22:00.006Z] [info]: Cleanup product: Cleaned 0 products
[2025-03-19T20:23:00.003Z] [info]: Cleanup key token: 0 key token cleaned
[2025-03-19T20:23:00.003Z] [info]: Cleanup key token: 0 refresh token used cleaned
[2025-03-19T20:23:00.005Z] [info]: Cleanup product: Cleaned 0 products
[2025-03-19T20:24:00.004Z] [info]: Cleanup key token: 0 key token cleaned
[2025-03-19T20:24:00.004Z] [info]: Cleanup key token: 0 refresh token used cleaned
[2025-03-19T20:24:00.006Z] [info]: Cleanup product: Cleaned 0 products
[2025-03-19T20:25:00.008Z] [info]: Cleanup key token: 0 key token cleaned
[2025-03-19T20:25:00.008Z] [info]: Cleanup key token: 0 refresh token used cleaned
[2025-03-19T20:25:00.009Z] [info]: Cleanup product: Cleaned 0 products
[2025-03-19T20:26:00.003Z] [info]: Cleanup key token: 0 key token cleaned
[2025-03-19T20:26:00.003Z] [info]: Cleanup key token: 0 refresh token used cleaned
[2025-03-19T20:26:00.007Z] [info]: Cleanup product: Cleaned 0 products
[2025-03-19T20:27:00.002Z] [info]: Cleanup key token: 0 key token cleaned
[2025-03-19T20:27:00.003Z] [info]: Cleanup key token: 0 refresh token used cleaned
[2025-03-19T20:27:00.005Z] [info]: Cleanup product: Cleaned 0 products
[2025-03-19T20:28:00.006Z] [info]: Cleanup key token: 0 key token cleaned
[2025-03-19T20:28:00.006Z] [info]: Cleanup key token: 0 refresh token used cleaned
[2025-03-19T20:28:00.007Z] [info]: Cleanup product: Cleaned 0 products
[2025-03-19T20:29:00.004Z] [info]: Cleanup key token: 0 key token cleaned
[2025-03-19T20:29:00.004Z] [info]: Cleanup key token: 0 refresh token used cleaned
[2025-03-19T20:29:00.006Z] [info]: Cleanup product: Cleaned 0 products
[2025-03-19T20:30:00.004Z] [info]: Cleanup key token: 0 key token cleaned
[2025-03-19T20:30:00.004Z] [info]: Cleanup key token: 0 refresh token used cleaned
[2025-03-19T20:30:00.005Z] [info]: Cleanup product: Cleaned 0 products
[2025-03-19T20:31:00.003Z] [info]: Cleanup key token: 0 key token cleaned
[2025-03-19T20:31:00.003Z] [info]: Cleanup key token: 0 refresh token used cleaned
[2025-03-19T20:31:00.006Z] [info]: Cleanup product: Cleaned 0 products
[2025-03-19T20:32:00.003Z] [info]: Cleanup key token: 0 key token cleaned
[2025-03-19T20:32:00.003Z] [info]: Cleanup key token: 0 refresh token used cleaned
[2025-03-19T20:32:00.006Z] [info]: Cleanup product: Cleaned 0 products
[2025-03-19T20:33:00.004Z] [info]: Cleanup key token: 0 key token cleaned
[2025-03-19T20:33:00.005Z] [info]: Cleanup key token: 0 refresh token used cleaned
[2025-03-19T20:33:00.007Z] [info]: Cleanup product: Cleaned 0 products
[2025-03-19T20:34:00.004Z] [info]: Cleanup key token: 0 key token cleaned
[2025-03-19T20:34:00.004Z] [info]: Cleanup key token: 0 refresh token used cleaned
[2025-03-19T20:34:00.007Z] [info]: Cleanup product: Cleaned 0 products
[2025-03-19T20:35:00.003Z] [info]: Cleanup key token: 0 key token cleaned
[2025-03-19T20:35:00.003Z] [info]: Cleanup key token: 0 refresh token used cleaned
[2025-03-19T20:35:00.006Z] [info]: Cleanup product: Cleaned 0 products
[2025-03-19T20:36:00.004Z] [info]: Cleanup key token: 0 key token cleaned
[2025-03-19T20:36:00.004Z] [info]: Cleanup key token: 0 refresh token used cleaned
[2025-03-19T20:36:00.006Z] [info]: Cleanup product: Cleaned 0 products
[2025-03-19T20:37:00.003Z] [info]: Cleanup key token: 0 key token cleaned
[2025-03-19T20:37:00.004Z] [info]: Cleanup key token: 0 refresh token used cleaned
[2025-03-19T20:37:00.005Z] [info]: Cleanup product: Cleaned 0 products
[2025-03-19T20:38:00.005Z] [info]: Cleanup key token: 0 key token cleaned
[2025-03-19T20:38:00.005Z] [info]: Cleanup key token: 0 refresh token used cleaned
[2025-03-19T20:38:00.008Z] [info]: Cleanup product: Cleaned 0 products
[2025-03-19T20:39:00.003Z] [info]: Cleanup key token: 0 key token cleaned
[2025-03-19T20:39:00.003Z] [info]: Cleanup key token: 0 refresh token used cleaned
[2025-03-19T20:39:00.008Z] [info]: Cleanup product: Cleaned 0 products
[2025-03-19T20:40:00.003Z] [info]: Cleanup key token: 0 key token cleaned
[2025-03-19T20:40:00.003Z] [info]: Cleanup key token: 0 refresh token used cleaned
[2025-03-19T20:40:00.005Z] [info]: Cleanup product: Cleaned 0 products
[2025-03-19T20:41:00.003Z] [info]: Cleanup key token: 0 key token cleaned
[2025-03-19T20:41:00.003Z] [info]: Cleanup key token: 0 refresh token used cleaned
[2025-03-19T20:41:00.006Z] [info]: Cleanup product: Cleaned 0 products
[2025-03-19T20:42:00.003Z] [info]: Cleanup key token: 0 key token cleaned
[2025-03-19T20:42:00.003Z] [info]: Cleanup key token: 0 refresh token used cleaned
[2025-03-19T20:42:00.005Z] [info]: Cleanup product: Cleaned 0 products
[2025-03-19T20:43:00.004Z] [info]: Cleanup key token: 0 key token cleaned
[2025-03-19T20:43:00.004Z] [info]: Cleanup key token: 0 refresh token used cleaned
[2025-03-19T20:43:00.008Z] [info]: Cleanup product: Cleaned 0 products
[2025-03-19T20:44:00.003Z] [info]: Cleanup key token: 0 key token cleaned
[2025-03-19T20:44:00.004Z] [info]: Cleanup key token: 0 refresh token used cleaned
[2025-03-19T20:44:00.006Z] [info]: Cleanup product: Cleaned 0 products
[2025-03-19T20:45:00.003Z] [info]: Cleanup key token: 0 key token cleaned
[2025-03-19T20:45:00.003Z] [info]: Cleanup key token: 0 refresh token used cleaned
[2025-03-19T20:45:00.007Z] [info]: Cleanup product: Cleaned 0 products
[2025-03-19T20:46:00.005Z] [info]: Cleanup key token: 0 key token cleaned
[2025-03-19T20:46:00.005Z] [info]: Cleanup key token: 0 refresh token used cleaned
[2025-03-19T20:46:00.007Z] [info]: Cleanup product: Cleaned 0 products
[2025-03-19T20:47:00.003Z] [info]: Cleanup key token: 0 key token cleaned
[2025-03-19T20:47:00.004Z] [info]: Cleanup key token: 0 refresh token used cleaned
[2025-03-19T20:47:00.007Z] [info]: Cleanup product: Cleaned 0 products
[2025-03-19T20:48:00.004Z] [info]: Cleanup key token: 0 key token cleaned
[2025-03-19T20:48:00.004Z] [info]: Cleanup key token: 0 refresh token used cleaned
[2025-03-19T20:48:00.006Z] [info]: Cleanup product: Cleaned 0 products
[2025-03-19T20:49:00.004Z] [info]: Cleanup key token: 0 key token cleaned
[2025-03-19T20:49:00.004Z] [info]: Cleanup key token: 0 refresh token used cleaned
[2025-03-19T20:49:00.007Z] [info]: Cleanup product: Cleaned 0 products
[2025-03-19T20:50:00.005Z] [info]: Cleanup key token: 0 key token cleaned
[2025-03-19T20:50:00.006Z] [info]: Cleanup key token: 0 refresh token used cleaned
[2025-03-19T20:50:00.008Z] [info]: Cleanup product: Cleaned 0 products
[2025-03-19T20:51:00.003Z] [info]: Cleanup key token: 0 key token cleaned
[2025-03-19T20:51:00.003Z] [info]: Cleanup key token: 0 refresh token used cleaned
[2025-03-19T20:51:00.006Z] [info]: Cleanup product: Cleaned 0 products
[2025-03-19T20:52:00.003Z] [info]: Cleanup key token: 0 key token cleaned
[2025-03-19T20:52:00.003Z] [info]: Cleanup key token: 0 refresh token used cleaned
[2025-03-19T20:52:00.006Z] [info]: Cleanup product: Cleaned 0 products
[2025-03-19T20:53:00.003Z] [info]: Cleanup key token: 0 key token cleaned
[2025-03-19T20:53:00.003Z] [info]: Cleanup key token: 0 refresh token used cleaned
[2025-03-19T20:53:00.005Z] [info]: Cleanup product: Cleaned 0 products
[2025-03-19T20:54:00.003Z] [info]: Cleanup key token: 0 key token cleaned
[2025-03-19T20:54:00.003Z] [info]: Cleanup key token: 0 refresh token used cleaned
[2025-03-19T20:54:00.005Z] [info]: Cleanup product: Cleaned 0 products
[2025-03-19T20:55:00.005Z] [info]: Cleanup key token: 0 key token cleaned
[2025-03-19T20:55:00.005Z] [info]: Cleanup key token: 0 refresh token used cleaned
[2025-03-19T20:55:00.007Z] [info]: Cleanup product: Cleaned 0 products
[2025-03-19T20:56:00.004Z] [info]: Cleanup key token: 0 key token cleaned
[2025-03-19T20:56:00.004Z] [info]: Cleanup key token: 0 refresh token used cleaned
[2025-03-19T20:56:00.008Z] [info]: Cleanup product: Cleaned 0 products
[2025-03-19T20:57:00.004Z] [info]: Cleanup key token: 0 key token cleaned
[2025-03-19T20:57:00.004Z] [info]: Cleanup key token: 0 refresh token used cleaned
[2025-03-19T20:57:00.007Z] [info]: Cleanup product: Cleaned 0 products
[2025-03-19T20:58:00.003Z] [info]: Cleanup key token: 0 key token cleaned
[2025-03-19T20:58:00.003Z] [info]: Cleanup key token: 0 refresh token used cleaned
[2025-03-19T20:58:00.006Z] [info]: Cleanup product: Cleaned 0 products
[2025-03-19T20:59:00.003Z] [info]: Cleanup key token: 0 key token cleaned
[2025-03-19T20:59:00.004Z] [info]: Cleanup key token: 0 refresh token used cleaned
[2025-03-19T20:59:00.005Z] [info]: Cleanup product: Cleaned 0 products
[2025-03-19T21:00:00.004Z] [info]: Cleanup key token: 0 key token cleaned
[2025-03-19T21:00:00.004Z] [info]: Cleanup key token: 0 refresh token used cleaned
[2025-03-19T21:00:00.006Z] [info]: Cleanup product: Cleaned 0 products
[2025-03-19T21:01:00.006Z] [info]: Cleanup key token: 0 key token cleaned
[2025-03-19T21:01:00.006Z] [info]: Cleanup key token: 0 refresh token used cleaned
[2025-03-19T21:01:00.006Z] [info]: Cleanup product: Cleaned 0 products
[2025-03-19T21:02:00.003Z] [info]: Cleanup key token: 0 key token cleaned
[2025-03-19T21:02:00.003Z] [info]: Cleanup key token: 0 refresh token used cleaned
[2025-03-19T21:02:00.005Z] [info]: Cleanup product: Cleaned 0 products
[2025-03-19T21:03:00.003Z] [info]: Cleanup key token: 0 key token cleaned
[2025-03-19T21:03:00.003Z] [info]: Cleanup key token: 0 refresh token used cleaned
[2025-03-19T21:03:00.005Z] [info]: Cleanup product: Cleaned 0 products
[2025-03-19T21:04:00.003Z] [info]: Cleanup key token: 0 key token cleaned
[2025-03-19T21:04:00.003Z] [info]: Cleanup key token: 0 refresh token used cleaned
[2025-03-19T21:04:00.005Z] [info]: Cleanup product: Cleaned 0 products
[2025-03-19T21:05:00.003Z] [info]: Cleanup key token: 0 key token cleaned
[2025-03-19T21:05:00.003Z] [info]: Cleanup key token: 0 refresh token used cleaned
[2025-03-19T21:05:00.009Z] [info]: Cleanup product: Cleaned 0 products
[2025-03-19T21:06:00.002Z] [info]: Cleanup key token: 0 key token cleaned
[2025-03-19T21:06:00.002Z] [info]: Cleanup key token: 0 refresh token used cleaned
[2025-03-19T21:06:00.005Z] [info]: Cleanup product: Cleaned 0 products
[2025-03-19T21:07:00.003Z] [info]: Cleanup key token: 0 key token cleaned
[2025-03-19T21:07:00.003Z] [info]: Cleanup key token: 0 refresh token used cleaned
[2025-03-19T21:07:00.006Z] [info]: Cleanup product: Cleaned 0 products
[2025-03-19T21:08:00.003Z] [info]: Cleanup key token: 0 key token cleaned
[2025-03-19T21:08:00.004Z] [info]: Cleanup key token: 0 refresh token used cleaned
[2025-03-19T21:08:00.006Z] [info]: Cleanup product: Cleaned 0 products
[2025-03-19T21:09:00.003Z] [info]: Cleanup key token: 0 key token cleaned
[2025-03-19T21:09:00.003Z] [info]: Cleanup key token: 0 refresh token used cleaned
[2025-03-19T21:09:00.006Z] [info]: Cleanup product: Cleaned 0 products
[2025-03-19T21:10:00.003Z] [info]: Cleanup key token: 0 key token cleaned
[2025-03-19T21:10:00.004Z] [info]: Cleanup key token: 0 refresh token used cleaned
[2025-03-19T21:10:00.006Z] [info]: Cleanup product: Cleaned 0 products
[2025-03-19T21:11:00.004Z] [info]: Cleanup key token: 0 key token cleaned
[2025-03-19T21:11:00.004Z] [info]: Cleanup key token: 0 refresh token used cleaned
[2025-03-19T21:11:00.007Z] [info]: Cleanup product: Cleaned 0 products
[2025-03-19T21:12:00.003Z] [info]: Cleanup key token: 0 key token cleaned
[2025-03-19T21:12:00.003Z] [info]: Cleanup key token: 0 refresh token used cleaned
[2025-03-19T21:12:00.005Z] [info]: Cleanup product: Cleaned 0 products
[2025-03-19T21:13:00.003Z] [info]: Cleanup key token: 0 key token cleaned
[2025-03-19T21:13:00.003Z] [info]: Cleanup key token: 0 refresh token used cleaned
[2025-03-19T21:13:00.006Z] [info]: Cleanup product: Cleaned 0 products
[2025-03-19T21:14:00.003Z] [info]: Cleanup key token: 0 key token cleaned
[2025-03-19T21:14:00.003Z] [info]: Cleanup key token: 0 refresh token used cleaned
[2025-03-19T21:14:00.005Z] [info]: Cleanup product: Cleaned 0 products
[2025-03-19T21:15:00.003Z] [info]: Cleanup key token: 0 key token cleaned
[2025-03-19T21:15:00.003Z] [info]: Cleanup key token: 0 refresh token used cleaned
[2025-03-19T21:15:00.006Z] [info]: Cleanup product: Cleaned 0 products
[2025-03-19T21:16:00.003Z] [info]: Cleanup key token: 0 key token cleaned
[2025-03-19T21:16:00.003Z] [info]: Cleanup key token: 0 refresh token used cleaned
[2025-03-19T21:16:00.006Z] [info]: Cleanup product: Cleaned 0 products
[2025-03-19T21:17:00.005Z] [info]: Cleanup key token: 0 key token cleaned
[2025-03-19T21:17:00.006Z] [info]: Cleanup key token: 0 refresh token used cleaned
[2025-03-19T21:17:00.009Z] [info]: Cleanup product: Cleaned 0 products
[2025-03-19T21:18:00.003Z] [info]: Cleanup key token: 0 key token cleaned
[2025-03-19T21:18:00.003Z] [info]: Cleanup key token: 0 refresh token used cleaned
[2025-03-19T21:18:00.005Z] [info]: Cleanup product: Cleaned 0 products
[2025-03-19T21:19:00.003Z] [info]: Cleanup key token: 0 key token cleaned
[2025-03-19T21:19:00.003Z] [info]: Cleanup key token: 0 refresh token used cleaned
[2025-03-19T21:19:00.006Z] [info]: Cleanup product: Cleaned 0 products
[2025-03-19T21:20:00.002Z] [info]: Cleanup key token: 0 key token cleaned
[2025-03-19T21:20:00.002Z] [info]: Cleanup key token: 0 refresh token used cleaned
[2025-03-19T21:20:00.005Z] [info]: Cleanup product: Cleaned 0 products
[2025-03-19T21:21:00.003Z] [info]: Cleanup key token: 0 key token cleaned
[2025-03-19T21:21:00.003Z] [info]: Cleanup key token: 0 refresh token used cleaned
[2025-03-19T21:21:00.006Z] [info]: Cleanup product: Cleaned 0 products
[2025-03-19T21:22:00.003Z] [info]: Cleanup key token: 0 key token cleaned
[2025-03-19T21:22:00.003Z] [info]: Cleanup key token: 0 refresh token used cleaned
[2025-03-19T21:22:00.006Z] [info]: Cleanup product: Cleaned 0 products
[2025-03-19T21:23:00.003Z] [info]: Cleanup key token: 0 key token cleaned
[2025-03-19T21:23:00.003Z] [info]: Cleanup key token: 0 refresh token used cleaned
[2025-03-19T21:23:00.006Z] [info]: Cleanup product: Cleaned 0 products
[2025-03-19T21:24:00.003Z] [info]: Cleanup key token: 0 key token cleaned
[2025-03-19T21:24:00.003Z] [info]: Cleanup key token: 0 refresh token used cleaned
[2025-03-19T21:24:00.006Z] [info]: Cleanup product: Cleaned 0 products
[2025-03-19T21:25:00.003Z] [info]: Cleanup key token: 0 key token cleaned
[2025-03-19T21:25:00.003Z] [info]: Cleanup key token: 0 refresh token used cleaned
[2025-03-19T21:25:00.006Z] [info]: Cleanup product: Cleaned 0 products
[2025-03-19T21:26:00.004Z] [info]: Cleanup key token: 0 key token cleaned
[2025-03-19T21:26:00.004Z] [info]: Cleanup key token: 0 refresh token used cleaned
[2025-03-19T21:26:00.008Z] [info]: Cleanup product: Cleaned 0 products
[2025-03-19T21:27:00.003Z] [info]: Cleanup key token: 0 key token cleaned
[2025-03-19T21:27:00.003Z] [info]: Cleanup key token: 0 refresh token used cleaned
[2025-03-19T21:27:00.004Z] [info]: Cleanup product: Cleaned 0 products
[2025-03-19T21:28:00.003Z] [info]: Cleanup key token: 0 key token cleaned
[2025-03-19T21:28:00.003Z] [info]: Cleanup key token: 0 refresh token used cleaned
[2025-03-19T21:28:00.004Z] [info]: Cleanup product: Cleaned 0 products
[2025-03-19T21:29:00.005Z] [info]: Cleanup key token: 0 key token cleaned
[2025-03-19T21:29:00.005Z] [info]: Cleanup key token: 0 refresh token used cleaned
[2025-03-19T21:29:00.007Z] [info]: Cleanup product: Cleaned 0 products
[2025-03-19T21:30:00.003Z] [info]: Cleanup key token: 0 key token cleaned
[2025-03-19T21:30:00.003Z] [info]: Cleanup key token: 0 refresh token used cleaned
[2025-03-19T21:30:00.006Z] [info]: Cleanup product: Cleaned 0 products
[2025-03-19T21:31:00.004Z] [info]: Cleanup key token: 0 key token cleaned
[2025-03-19T21:31:00.004Z] [info]: Cleanup key token: 0 refresh token used cleaned
[2025-03-19T21:31:00.008Z] [info]: Cleanup product: Cleaned 0 products
[2025-03-20T01:30:30.010Z] [info]: Server closed
[2025-03-20T01:30:30.032Z] [info]: Server closed
[2025-03-20T01:30:30.040Z] [info]: Server closed
[2025-03-20T01:30:30.041Z] [info]: Server closed
[2025-03-20T02:24:00.029Z] [info]: Cleanup key token: 0 key token cleaned
[2025-03-20T02:24:00.029Z] [info]: Cleanup key token: 0 refresh token used cleaned
[2025-03-20T02:24:00.041Z] [info]: Cleanup product: Cleaned 0 products
[2025-03-20T02:25:00.027Z] [info]: Cleanup key token: 0 key token cleaned
[2025-03-20T02:25:00.027Z] [info]: Cleanup key token: 0 refresh token used cleaned
[2025-03-20T02:25:00.037Z] [info]: Cleanup product: Cleaned 0 products
[2025-03-20T02:26:00.004Z] [info]: Cleanup key token: 0 key token cleaned
[2025-03-20T02:26:00.004Z] [info]: Cleanup key token: 0 refresh token used cleaned
[2025-03-20T02:26:00.007Z] [info]: Cleanup product: Cleaned 0 products
[2025-03-20T02:27:00.003Z] [info]: Cleanup key token: 0 key token cleaned
[2025-03-20T02:27:00.003Z] [info]: Cleanup key token: 0 refresh token used cleaned
[2025-03-20T02:27:00.007Z] [info]: Cleanup product: Cleaned 0 products
[2025-03-20T02:28:00.007Z] [info]: Cleanup key token: 0 key token cleaned
[2025-03-20T02:28:00.007Z] [info]: Cleanup key token: 0 refresh token used cleaned
[2025-03-20T02:28:00.013Z] [info]: Cleanup product: Cleaned 0 products
[2025-03-20T02:29:00.007Z] [info]: Cleanup key token: 0 key token cleaned
[2025-03-20T02:29:00.007Z] [info]: Cleanup key token: 0 refresh token used cleaned
[2025-03-20T02:29:00.010Z] [info]: Cleanup product: Cleaned 0 products
[2025-03-20T02:30:00.004Z] [info]: Cleanup key token: 0 key token cleaned
[2025-03-20T02:30:00.005Z] [info]: Cleanup key token: 0 refresh token used cleaned
[2025-03-20T02:30:00.009Z] [info]: Cleanup product: Cleaned 0 products
[2025-03-20T02:31:00.006Z] [info]: Cleanup key token: 0 key token cleaned
[2025-03-20T02:31:00.006Z] [info]: Cleanup key token: 0 refresh token used cleaned
[2025-03-20T02:31:00.012Z] [info]: Cleanup product: Cleaned 0 products
[2025-03-20T02:32:00.024Z] [info]: Cleanup key token: 0 key token cleaned
[2025-03-20T02:32:00.025Z] [info]: Cleanup key token: 0 refresh token used cleaned
[2025-03-20T02:32:00.031Z] [info]: Cleanup product: Cleaned 0 products
[2025-03-20T02:33:00.005Z] [info]: Cleanup key token: 0 key token cleaned
[2025-03-20T02:33:00.006Z] [info]: Cleanup key token: 0 refresh token used cleaned
[2025-03-20T02:33:00.010Z] [info]: Cleanup product: Cleaned 0 products
[2025-03-20T02:34:00.005Z] [info]: Cleanup key token: 0 key token cleaned
[2025-03-20T02:34:00.006Z] [info]: Cleanup key token: 0 refresh token used cleaned
[2025-03-20T02:34:00.011Z] [info]: Cleanup product: Cleaned 0 products
[2025-03-20T02:35:00.006Z] [info]: Cleanup key token: 0 key token cleaned
[2025-03-20T02:35:00.006Z] [info]: Cleanup key token: 0 refresh token used cleaned
[2025-03-20T02:35:00.010Z] [info]: Cleanup product: Cleaned 0 products
[2025-03-20T02:36:00.007Z] [info]: Cleanup key token: 0 key token cleaned
[2025-03-20T02:36:00.007Z] [info]: Cleanup key token: 0 refresh token used cleaned
[2025-03-20T02:36:00.012Z] [info]: Cleanup product: Cleaned 0 products
[2025-03-20T02:37:00.008Z] [info]: Cleanup key token: 0 key token cleaned
[2025-03-20T02:37:00.009Z] [info]: Cleanup key token: 0 refresh token used cleaned
[2025-03-20T02:37:00.014Z] [info]: Cleanup product: Cleaned 0 products
[2025-03-20T02:38:00.006Z] [info]: Cleanup key token: 0 key token cleaned
[2025-03-20T02:38:00.006Z] [info]: Cleanup key token: 0 refresh token used cleaned
[2025-03-20T02:38:00.010Z] [info]: Cleanup product: Cleaned 0 products
[2025-03-20T02:39:00.010Z] [info]: Cleanup key token: 0 key token cleaned
[2025-03-20T02:39:00.010Z] [info]: Cleanup key token: 0 refresh token used cleaned
[2025-03-20T02:39:00.015Z] [info]: Cleanup product: Cleaned 0 products
[2025-03-20T02:40:00.003Z] [info]: Cleanup key token: 0 key token cleaned
[2025-03-20T02:40:00.004Z] [info]: Cleanup key token: 0 refresh token used cleaned
[2025-03-20T02:40:00.006Z] [info]: Cleanup product: Cleaned 0 products
[2025-03-20T02:41:00.004Z] [info]: Cleanup key token: 0 key token cleaned
[2025-03-20T02:41:00.004Z] [info]: Cleanup key token: 0 refresh token used cleaned
[2025-03-20T02:41:00.006Z] [info]: Cleanup product: Cleaned 0 products
[2025-03-20T02:42:00.007Z] [info]: Cleanup key token: 0 key token cleaned
[2025-03-20T02:42:00.007Z] [info]: Cleanup key token: 0 refresh token used cleaned
[2025-03-20T02:42:00.010Z] [info]: Cleanup product: Cleaned 0 products
[2025-03-20T02:43:00.006Z] [info]: Cleanup key token: 0 key token cleaned
[2025-03-20T02:43:00.006Z] [info]: Cleanup key token: 0 refresh token used cleaned
[2025-03-20T02:43:00.009Z] [info]: Cleanup product: Cleaned 0 products
[2025-03-20T02:44:00.008Z] [info]: Cleanup key token: 0 key token cleaned
[2025-03-20T02:44:00.008Z] [info]: Cleanup key token: 0 refresh token used cleaned
[2025-03-20T02:44:00.010Z] [info]: Cleanup product: Cleaned 0 products
[2025-03-20T02:45:00.005Z] [info]: Cleanup key token: 0 key token cleaned
[2025-03-20T02:45:00.005Z] [info]: Cleanup key token: 0 refresh token used cleaned
[2025-03-20T02:45:00.007Z] [info]: Cleanup product: Cleaned 0 products
[2025-03-20T02:46:00.003Z] [info]: Cleanup key token: 0 key token cleaned
[2025-03-20T02:46:00.003Z] [info]: Cleanup key token: 0 refresh token used cleaned
[2025-03-20T02:46:00.008Z] [info]: Cleanup product: Cleaned 0 products
[2025-03-20T02:47:00.029Z] [info]: Cleanup key token: 0 key token cleaned
[2025-03-20T02:47:00.030Z] [info]: Cleanup key token: 0 refresh token used cleaned
[2025-03-20T02:47:00.034Z] [info]: Cleanup product: Cleaned 0 products
[2025-03-20T02:48:00.030Z] [info]: Cleanup key token: 0 key token cleaned
[2025-03-20T02:48:00.030Z] [info]: Cleanup key token: 0 refresh token used cleaned
[2025-03-20T02:48:00.036Z] [info]: Cleanup product: Cleaned 0 products
[2025-03-20T02:49:00.026Z] [info]: Cleanup key token: 0 key token cleaned
[2025-03-20T02:49:00.027Z] [info]: Cleanup key token: 0 refresh token used cleaned
[2025-03-20T02:49:00.032Z] [info]: Cleanup product: Cleaned 0 products
[2025-03-20T02:50:00.037Z] [info]: Cleanup key token: 0 key token cleaned
[2025-03-20T02:50:00.038Z] [info]: Cleanup key token: 0 refresh token used cleaned
[2025-03-20T02:50:00.043Z] [info]: Cleanup product: Cleaned 0 products
[2025-03-20T02:51:00.094Z] [info]: Cleanup key token: 0 key token cleaned
[2025-03-20T02:51:00.094Z] [info]: Cleanup key token: 0 refresh token used cleaned
[2025-03-20T02:51:00.104Z] [info]: Cleanup product: Cleaned 0 products
[2025-03-20T02:52:00.022Z] [info]: Cleanup key token: 0 key token cleaned
[2025-03-20T02:52:00.023Z] [info]: Cleanup key token: 0 refresh token used cleaned
[2025-03-20T02:52:00.029Z] [info]: Cleanup product: Cleaned 0 products
[2025-03-20T02:53:00.021Z] [info]: Cleanup key token: 0 key token cleaned
[2025-03-20T02:53:00.021Z] [info]: Cleanup key token: 0 refresh token used cleaned
[2025-03-20T02:53:00.028Z] [info]: Cleanup product: Cleaned 0 products
[2025-03-20T02:54:00.032Z] [info]: Cleanup key token: 0 key token cleaned
[2025-03-20T02:54:00.033Z] [info]: Cleanup key token: 0 refresh token used cleaned
[2025-03-20T02:54:00.037Z] [info]: Cleanup product: Cleaned 0 products
[2025-03-20T02:55:00.033Z] [info]: Cleanup key token: 0 key token cleaned
[2025-03-20T02:55:00.034Z] [info]: Cleanup key token: 0 refresh token used cleaned
[2025-03-20T02:55:00.043Z] [info]: Cleanup product: Cleaned 0 products
[2025-03-20T02:56:00.008Z] [info]: Cleanup key token: 0 key token cleaned
[2025-03-20T02:56:00.008Z] [info]: Cleanup key token: 0 refresh token used cleaned
[2025-03-20T02:56:00.012Z] [info]: Cleanup product: Cleaned 0 products
[2025-03-20T02:57:00.023Z] [info]: Cleanup key token: 0 key token cleaned
[2025-03-20T02:57:00.024Z] [info]: Cleanup key token: 0 refresh token used cleaned
[2025-03-20T02:57:00.029Z] [info]: Cleanup product: Cleaned 0 products
[2025-03-20T02:58:00.021Z] [info]: Cleanup key token: 0 key token cleaned
[2025-03-20T02:58:00.021Z] [info]: Cleanup key token: 0 refresh token used cleaned
[2025-03-20T02:58:00.027Z] [info]: Cleanup product: Cleaned 0 products
[2025-03-20T02:59:00.005Z] [info]: Cleanup key token: 0 key token cleaned
[2025-03-20T02:59:00.005Z] [info]: Cleanup key token: 0 refresh token used cleaned
[2025-03-20T02:59:00.010Z] [info]: Cleanup product: Cleaned 0 products
[2025-03-20T03:00:00.004Z] [info]: Cleanup key token: 0 key token cleaned
[2025-03-20T03:00:00.004Z] [info]: Cleanup key token: 0 refresh token used cleaned
[2025-03-20T03:00:00.009Z] [info]: Cleanup product: Cleaned 0 products
[2025-03-20T03:01:00.004Z] [info]: Cleanup key token: 0 key token cleaned
[2025-03-20T03:01:00.004Z] [info]: Cleanup key token: 0 refresh token used cleaned
[2025-03-20T03:01:00.006Z] [info]: Cleanup product: Cleaned 0 products
[2025-03-20T03:02:00.004Z] [info]: Cleanup key token: 0 key token cleaned
[2025-03-20T03:02:00.004Z] [info]: Cleanup key token: 0 refresh token used cleaned
[2025-03-20T03:02:00.007Z] [info]: Cleanup product: Cleaned 0 products
[2025-03-20T03:03:00.008Z] [info]: Cleanup key token: 0 key token cleaned
[2025-03-20T03:03:00.008Z] [info]: Cleanup key token: 0 refresh token used cleaned
[2025-03-20T03:03:00.010Z] [info]: Cleanup product: Cleaned 0 products
[2025-03-20T03:04:00.004Z] [info]: Cleanup key token: 0 key token cleaned
[2025-03-20T03:04:00.004Z] [info]: Cleanup key token: 0 refresh token used cleaned
[2025-03-20T03:04:00.006Z] [info]: Cleanup product: Cleaned 0 products
[2025-03-20T03:05:00.047Z] [info]: Cleanup key token: 0 key token cleaned
[2025-03-20T03:05:00.048Z] [info]: Cleanup key token: 0 refresh token used cleaned
[2025-03-20T03:05:00.061Z] [info]: Cleanup product: Cleaned 0 products
[2025-03-20T03:06:00.005Z] [info]: Cleanup key token: 0 key token cleaned
[2025-03-20T03:06:00.005Z] [info]: Cleanup key token: 0 refresh token used cleaned
[2025-03-20T03:06:00.010Z] [info]: Cleanup product: Cleaned 0 products
[2025-03-20T03:07:00.009Z] [info]: Cleanup key token: 0 key token cleaned
[2025-03-20T03:07:00.009Z] [info]: Cleanup key token: 0 refresh token used cleaned
[2025-03-20T03:07:00.013Z] [info]: Cleanup product: Cleaned 0 products
[2025-03-20T03:08:00.007Z] [info]: Cleanup key token: 0 key token cleaned
[2025-03-20T03:08:00.007Z] [info]: Cleanup key token: 0 refresh token used cleaned
[2025-03-20T03:08:00.014Z] [info]: Cleanup product: Cleaned 0 products
[2025-03-20T03:09:00.006Z] [info]: Cleanup key token: 0 key token cleaned
[2025-03-20T03:09:00.006Z] [info]: Cleanup key token: 0 refresh token used cleaned
[2025-03-20T03:09:00.009Z] [info]: Cleanup product: Cleaned 0 products
[2025-03-20T03:10:00.008Z] [info]: Cleanup key token: 0 key token cleaned
[2025-03-20T03:10:00.008Z] [info]: Cleanup key token: 0 refresh token used cleaned
[2025-03-20T03:10:00.010Z] [info]: Cleanup product: Cleaned 0 products
[2025-03-20T03:11:00.005Z] [info]: Cleanup key token: 0 key token cleaned
[2025-03-20T03:11:00.005Z] [info]: Cleanup key token: 0 refresh token used cleaned
[2025-03-20T03:11:00.009Z] [info]: Cleanup product: Cleaned 0 products
[2025-03-20T03:12:00.007Z] [info]: Cleanup key token: 0 key token cleaned
[2025-03-20T03:12:00.008Z] [info]: Cleanup key token: 0 refresh token used cleaned
[2025-03-20T03:12:00.011Z] [info]: Cleanup product: Cleaned 0 products
[2025-03-20T03:13:00.022Z] [info]: Cleanup key token: 0 key token cleaned
[2025-03-20T03:13:00.023Z] [info]: Cleanup key token: 0 refresh token used cleaned
[2025-03-20T03:13:00.030Z] [info]: Cleanup product: Cleaned 0 products
[2025-03-20T03:14:00.027Z] [info]: Cleanup key token: 0 key token cleaned
[2025-03-20T03:14:00.028Z] [info]: Cleanup key token: 0 refresh token used cleaned
[2025-03-20T03:14:00.037Z] [info]: Cleanup product: Cleaned 0 products
[2025-03-20T03:15:00.007Z] [info]: Cleanup key token: 0 key token cleaned
[2025-03-20T03:15:00.007Z] [info]: Cleanup key token: 0 refresh token used cleaned
[2025-03-20T03:15:00.013Z] [info]: Cleanup product: Cleaned 0 products
[2025-03-20T03:16:00.005Z] [info]: Cleanup key token: 0 key token cleaned
[2025-03-20T03:16:00.005Z] [info]: Cleanup key token: 0 refresh token used cleaned
[2025-03-20T03:16:00.011Z] [info]: Cleanup product: Cleaned 0 products
[2025-03-20T03:16:15.486Z] [info]: Server closed
[2025-03-20T03:16:15.507Z] [info]: Server closed
[2025-03-20T03:16:15.517Z] [info]: Server closed
[2025-03-20T03:16:15.517Z] [info]: Server closed
[2025-03-20T03:16:22.573Z] [info]: Server closed
[2025-03-20T03:16:22.586Z] [info]: Server closed
[2025-03-20T03:16:22.588Z] [info]: Server closed
[2025-03-20T03:19:18.637Z] [info]: Server closed
[2025-03-20T03:19:18.651Z] [info]: Server closed
[2025-03-20T03:19:18.652Z] [info]: Server closed
[2025-03-20T03:19:18.652Z] [info]: Server closed
[2025-03-20T03:20:00.021Z] [info]: Cleanup key token: 0 key token cleaned
[2025-03-20T03:20:00.021Z] [info]: Cleanup key token: 0 refresh token used cleaned
[2025-03-20T03:20:00.031Z] [info]: Cleanup product: Cleaned 0 products
