[2025-03-26T12:20:38.742Z] [error]: HIDE::500::ValidationError::"shop_name" is required::
[2025-03-26T12:21:18.404Z] [error]: HIDE::500::ValidationError::"shop_name" is required::
[2025-03-26T12:21:19.960Z] [error]: HIDE::500::ValidationError::"shop_name" is required::
[2025-03-26T12:21:20.695Z] [error]: HIDE::500::ValidationError::"shop_name" is required::
[2025-03-26T12:21:21.276Z] [error]: HIDE::500::ValidationError::"shop_name" is required::
[2025-03-26T12:21:21.910Z] [error]: HIDE::500::ValidationError::"shop_name" is required::
[2025-03-26T12:21:22.491Z] [error]: HIDE::500::ValidationError::"shop_name" is required::
[2025-03-26T12:22:48.003Z] [error]: HIDE::500::ValidationError::"shop_name" is required::
[2025-03-26T12:22:48.989Z] [error]: HIDE::500::ValidationError::"shop_name" is required::
[2025-03-26T12:22:49.660Z] [error]: HIDE::500::ValidationError::"shop_name" is required::
[2025-03-26T12:23:16.723Z] [error]: HIDE::500::ValidationError::"shop_name" is required::
[2025-03-26T12:25:34.710Z] [error]: HIDE::404::NotFound::Token not found!::
[2025-03-26T12:25:42.495Z] [error]: HIDE::404::NotFound::Token not found!::
[2025-03-26T12:25:53.865Z] [error]: HIDE::404::NotFound::Token not found!::
[2025-03-26T12:25:54.922Z] [error]: HIDE::404::NotFound::Token not found!::
[2025-03-26T12:33:41.622Z] [error]: HIDE::400::InvalidPayload::Invalid file type::
[2025-03-26T12:34:11.546Z] [error]: HIDE::400::InvalidPayload::Invalid file type::
[2025-03-26T12:34:46.823Z] [error]: HIDE::400::InvalidPayload::Invalid file extension::
[2025-03-26T12:35:09.398Z] [error]: HIDE::400::InvalidPayload::Invalid file extension::
[2025-03-26T12:35:37.056Z] [error]: HIDE::400::InvalidPayload::Invalid file extension::
[2025-03-26T12:36:08.669Z] [error]: HIDE::400::InvalidPayload::Invalid file mime type::
[2025-03-26T12:45:15.506Z] [error]: HIDE::500::ValidationError::"shop_name" is required::
[2025-03-26T12:46:28.598Z] [error]: HIDE::500::MulterError::Unexpected field::
[2025-03-26T12:47:05.796Z] [error]: HIDE::500::MulterError::Unexpected field::
[2025-03-26T12:47:36.735Z] [error]: HIDE::500::MulterError::Unexpected field::
[2025-03-26T12:47:36.744Z] [error]: HIDE::500::MulterError::Unexpected field::
[2025-03-26T12:47:40.872Z] [error]: HIDE::500::MulterError::Unexpected field::
[2025-03-26T12:48:21.377Z] [error]: HIDE::500::ValidationError::"shop_name" is required::
[2025-03-26T12:48:25.950Z] [error]: HIDE::500::ValidationError::"shop_email" is required::
[2025-03-26T13:12:12.745Z] [error]: HIDE::500::ErrorResponse::INTERNAL_SERVER_ERROR::
[2025-03-26T13:12:37.801Z] [error]: HIDE::500::ReferenceError::InternalServerErrorResponse is not defined::
[2025-03-26T13:15:45.144Z] [error]: HIDE::500::ValidationError::"media_parent" is required::
[2025-03-26T13:16:17.942Z] [error]: HIDE::500::ValidationError::"media_parent" is required::
[2025-03-26T13:20:26.645Z] [error]: HIDE::500::ValidationError::"media_parent" is required::
[2025-03-26T13:29:06.019Z] [error]: HIDE::500::ValidationError::"media_parent" is required::
[2025-03-26T13:29:26.418Z] [error]: HIDE::500::ValidationError::"media_parent" is required::
[2025-03-26T13:31:25.963Z] [error]: HIDE::500::ValidationError::"media_parent" must be a string::
[2025-03-26T13:31:38.530Z] [error]: HIDE::500::ValidationError::"media_parent" is not allowed to be empty::
[2025-03-26T13:31:39.904Z] [error]: HIDE::500::ValidationError::"media_parent" is not allowed to be empty::
[2025-03-26T13:31:51.653Z] [error]: HIDE::500::ValidationError::"media_parent" length must be 24 characters long::
[2025-03-26T13:32:31.395Z] [error]: HIDE::500::ValidationError::"media_parent" is required::
[2025-03-26T13:36:20.104Z] [error]: HIDE::500::ValidationError::"shop_email" is required::
[2025-03-26T13:40:37.021Z] [error]: HIDE::500::ValidationError::"shop_email" is required::
[2025-03-26T15:03:51.595Z] [error]: HIDE::500::ValidationError::"shop_email" is required::
[2025-03-26T15:04:06.157Z] [error]: HIDE::500::ValidationError::"shop_email" is required::
[2025-03-26T15:04:33.621Z] [error]: HIDE::500::ValidationError::"shop_email" is required::
[2025-03-26T15:04:43.957Z] [error]: HIDE::500::ValidationError::"shop_type" is required::
[2025-03-26T15:04:49.250Z] [error]: HIDE::500::ValidationError::"shop_email" must be a valid email::
[2025-03-26T15:04:54.802Z] [error]: HIDE::500::ValidationError::"shop_type" is required::
[2025-03-26T15:04:57.649Z] [error]: HIDE::500::ValidationError::"shop_type" must be one of [INDIVIDUAL, COMPANY, PARTNERSHIP]::
[2025-03-26T15:05:06.002Z] [error]: HIDE::500::ValidationError::"shop_certificate" is required::
[2025-03-26T15:05:09.978Z] [error]: HIDE::500::ValidationError::"shop_certificate" is not allowed to be empty::
[2025-03-26T15:05:12.453Z] [error]: HIDE::500::ValidationError::"shop_phoneNumber" is required::
[2025-03-26T15:05:16.658Z] [error]: HIDE::500::ValidationError::"shop_phoneNumber" is not allowed to be empty::
[2025-03-26T15:05:19.041Z] [error]: HIDE::500::TypeError::fs.exists is not a function::
[2025-03-26T15:11:49.008Z] [error]: HIDE::500::TypeError::Cannot read properties of undefined (reading 'ward')::
[2025-03-26T15:23:38.231Z] [error]: HIDE::500::ValidationError::"shop_owner_fullName" is required::
[2025-03-26T15:24:10.662Z] [error]: HIDE::500::ValidationError::"shop_owner_email" is required::
[2025-03-26T15:24:20.843Z] [error]: HIDE::500::ValidationError::"shop_owner_phoneNumber" is required::
[2025-03-26T15:24:28.970Z] [error]: HIDE::500::ValidationError::"shop_owner_phoneNumber" is not allowed to be empty::
[2025-03-26T15:24:31.105Z] [error]: HIDE::500::ValidationError::"shop_owner_phoneNumber" with value "1" fails to match the required pattern: /(\+84|84|0[3|5|7|8|9])+([0-9]{8})\b/::
[2025-03-26T15:24:37.460Z] [error]: HIDE::500::ValidationError::"shop_owner_phoneNumber" with value "12" fails to match the required pattern: /(\+84|84|0[3|5|7|8|9])+([0-9]{8})\b/::
[2025-03-26T15:24:48.408Z] [error]: HIDE::500::ValidationError::"shop_owner_cardID" is required::
[2025-03-26T15:24:53.361Z] [error]: HIDE::500::TypeError::Cannot read properties of undefined (reading 'ward')::
[2025-03-26T15:26:27.491Z] [error]: HIDE::500::TypeError::Cannot read properties of undefined (reading 'ward')::
[2025-03-26T15:26:59.948Z] [error]: HIDE::500::ValidationError::"shop_warehouses" is required::
[2025-03-26T15:27:16.909Z] [error]: HIDE::500::ValidationError::"shop_location" is required::
[2025-03-26T15:27:22.990Z] [error]: HIDE::500::ValidationError::"shop_location" must be of type object::
[2025-03-26T15:27:36.489Z] [error]: HIDE::500::ValidationError::"shop_location.province" length must be 24 characters long::
[2025-03-26T15:28:03.383Z] [error]: HIDE::500::ValidationError::"shop_location.district" is required::
[2025-03-26T15:28:17.503Z] [error]: HIDE::500::ValidationError::"shop_location.address" is required::
[2025-03-26T15:28:44.519Z] [error]: HIDE::500::ValidationError::"shop_warehouses" is required::
[2025-03-26T15:28:58.099Z] [error]: HIDE::500::ValidationError::"shop_warehouses[0].name" is required::
[2025-03-26T15:29:19.584Z] [error]: HIDE::500::ValidationError::"shop_warehouses[0].phoneNumber" is required::
[2025-03-26T15:29:33.153Z] [error]: HIDE::500::ValidationError::"shop_warehouses[0].province" is not allowed::
[2025-03-26T15:29:47.857Z] [error]: HIDE::500::ValidationError::"shop_warehouses[0].province" is not allowed::
[2025-03-26T15:29:54.071Z] [error]: HIDE::500::ValidationError::"shop_warehouses[0].address.district" is required::
[2025-03-26T15:30:08.459Z] [error]: HIDE::500::ValidationError::"shop_warehouses[0].address.address" is required::
[2025-03-26T15:30:24.023Z] [error]: HIDE::400::BadRequest::Province is invalid!::
[2025-03-26T15:31:02.567Z] [error]: HIDE::400::BadRequest::District is invalid!::
[2025-03-26T15:32:04.386Z] [error]: HIDE::400::BadRequest::Ward is invalid!::
[2025-03-26T15:32:24.996Z] [error]: HIDE::400::BadRequest::Province is invalid!::
[2025-03-26T15:35:34.344Z] [error]: HIDE::404::NotFound::Shop is exists!::
[2025-03-26T15:36:07.144Z] [error]: HIDE::404::NotFound::Shop is exists!::
[2025-03-26T15:43:14.526Z] [error]: HIDE::404::NotFound::Shop is exists!::
[2025-03-26T15:43:32.287Z] [error]: HIDE::404::NotFound::Shop is exists!::
[2025-03-26T16:16:34.310Z] [error]: Error while cleanup avatar!
[2025-03-26T16:16:34.312Z] [error]: HIDE::500::MulterError::Unexpected field::
