[2025-06-09T02:10:21.778Z] [error]: HIDE::404::NotFound::Route is not exists::
[2025-06-09T02:10:21.846Z] [error]: HIDE::404::NotFound::Route is not exists::
[2025-06-09T02:11:03.594Z] [error]: HIDE::403::Forbidden::Token is expired or invalid!::
[2025-06-09T02:12:04.456Z] [error]: HIDE::404::NotFound::Not found file!::
[2025-06-09T02:12:11.616Z] [error]: HIDE::404::NotFound::Not found file!::
[2025-06-09T02:12:31.238Z] [error]: HIDE::404::NotFound::Not found file!::
[2025-06-09T02:12:38.870Z] [error]: HIDE::404::NotFound::Not found file!::
[2025-06-09T02:13:03.051Z] [error]: HIDE::403::Forbidden::Token is expired or invalid!::
[2025-06-09T02:13:03.082Z] [error]: Socket authentication failed: HIDE::403::Forbidden::Token is expired or invalid!::
[2025-06-09T02:13:03.122Z] [error]: HIDE::403::Forbidden::Token is expired or invalid!::
[2025-06-09T02:13:03.247Z] [error]: Socket authentication failed: HIDE::403::Forbidden::Token is expired or invalid!::
[2025-06-09T02:13:05.670Z] [error]: Socket authentication failed: HIDE::403::Forbidden::Token is expired or invalid!::
[2025-06-09T02:13:06.792Z] [error]: Socket authentication failed: HIDE::403::Forbidden::Token is expired or invalid!::
[2025-06-09T02:13:07.255Z] [error]: Socket authentication failed: HIDE::403::Forbidden::Token is expired or invalid!::
[2025-06-09T02:13:11.640Z] [error]: Socket authentication failed: HIDE::403::Forbidden::Token is expired or invalid!::
[2025-06-09T02:13:11.771Z] [error]: Socket authentication failed: HIDE::403::Forbidden::Token is expired or invalid!::
[2025-06-09T02:13:18.597Z] [error]: Socket authentication failed: HIDE::403::Forbidden::Token is expired or invalid!::
[2025-06-09T02:13:28.974Z] [error]: Socket authentication failed: HIDE::403::Forbidden::Token is expired or invalid!::
[2025-06-09T02:13:29.119Z] [error]: Socket authentication failed: HIDE::403::Forbidden::Token is expired or invalid!::
[2025-06-09T02:13:33.283Z] [error]: Socket authentication failed: HIDE::403::Forbidden::Token is expired or invalid!::
[2025-06-09T02:13:48.074Z] [error]: Socket authentication failed: HIDE::403::Forbidden::Token is expired or invalid!::
[2025-06-09T02:13:48.223Z] [error]: Socket authentication failed: HIDE::403::Forbidden::Token is expired or invalid!::
[2025-06-09T02:14:31.699Z] [error]: HIDE::403::Forbidden::Token is expired or invalid!::
[2025-06-09T02:14:31.965Z] [error]: HIDE::403::Forbidden::Token is expired or invalid!::
[2025-06-09T02:15:35.192Z] [error]: HIDE::404::NotFound::Not found file!::
[2025-06-09T02:15:50.893Z] [error]: HIDE::403::Forbidden::Token is expired or invalid!::
[2025-06-09T02:15:50.981Z] [error]: HIDE::403::Forbidden::Token is expired or invalid!::
[2025-06-09T02:15:51.498Z] [error]: HIDE::404::NotFound::Not found file!::
[2025-06-09T02:16:25.338Z] [error]: HIDE::403::Forbidden::Invalid token!::
[2025-06-09T02:17:27.422Z] [error]: HIDE::403::Forbidden::Token is expired or invalid!::
[2025-06-09T02:17:27.627Z] [error]: HIDE::404::NotFound::Not found file!::
[2025-06-09T02:18:26.733Z] [error]: HIDE::404::NotFound::Not found file!::
[2025-06-09T02:18:47.238Z] [error]: HIDE::404::NotFound::Not found file!::
[2025-06-09T02:18:51.238Z] [error]: HIDE::404::NotFound::Not found file!::
[2025-06-09T02:18:53.215Z] [error]: HIDE::404::NotFound::Not found file!::
[2025-06-09T02:19:31.794Z] [error]: HIDE::404::NotFound::Not found file!::
[2025-06-09T02:20:37.626Z] [error]: HIDE::404::NotFound::Not found file!::
[2025-06-09T02:21:34.988Z] [error]: HIDE::404::NotFound::Not found file!::
[2025-06-09T02:22:56.131Z] [error]: HIDE::404::NotFound::Not found file!::
[2025-06-09T02:23:24.128Z] [error]: HIDE::403::Forbidden::Token is expired or invalid!::
[2025-06-09T02:23:57.169Z] [error]: HIDE::403::Forbidden::Token is expired or invalid!::
[2025-06-09T02:23:57.245Z] [error]: HIDE::403::Forbidden::Token is expired or invalid!::
[2025-06-09T02:24:09.795Z] [error]: HIDE::404::NotFound::Not found file!::
[2025-06-09T02:24:10.159Z] [error]: HIDE::404::NotFound::Not found file!::
[2025-06-09T02:24:10.555Z] [error]: HIDE::404::NotFound::Not found file!::
[2025-06-09T02:24:13.744Z] [error]: HIDE::404::NotFound::Not found file!::
[2025-06-09T02:24:21.948Z] [error]: HIDE::404::NotFound::Not found file!::
[2025-06-09T02:25:51.253Z] [error]: HIDE::403::Forbidden::Token is expired or invalid!::
[2025-06-09T02:25:51.278Z] [error]: HIDE::403::Forbidden::Token is expired or invalid!::
[2025-06-09T02:25:51.301Z] [error]: Socket authentication failed: HIDE::403::Forbidden::Token is expired or invalid!::
[2025-06-09T02:25:51.331Z] [error]: HIDE::403::Forbidden::Token is expired or invalid!::
[2025-06-09T02:25:51.491Z] [error]: Socket authentication failed: HIDE::403::Forbidden::Token is expired or invalid!::
[2025-06-09T02:25:51.654Z] [error]: Socket authentication failed: HIDE::403::Forbidden::Token is expired or invalid!::
[2025-06-09T02:25:52.776Z] [error]: Socket authentication failed: HIDE::403::Forbidden::Token is expired or invalid!::
[2025-06-09T02:25:52.907Z] [error]: Socket authentication failed: HIDE::403::Forbidden::Token is expired or invalid!::
[2025-06-09T02:25:55.006Z] [error]: Socket authentication failed: HIDE::403::Forbidden::Token is expired or invalid!::
[2025-06-09T02:25:55.193Z] [error]: Socket authentication failed: HIDE::403::Forbidden::Token is expired or invalid!::
[2025-06-09T02:25:59.681Z] [error]: Socket authentication failed: HIDE::403::Forbidden::Token is expired or invalid!::
[2025-06-09T02:25:59.828Z] [error]: Socket authentication failed: HIDE::403::Forbidden::Token is expired or invalid!::
[2025-06-09T02:26:11.476Z] [error]: Socket authentication failed: HIDE::403::Forbidden::Token is expired or invalid!::
[2025-06-09T02:26:23.735Z] [error]: Socket authentication failed: HIDE::403::Forbidden::Token is expired or invalid!::
[2025-06-09T02:26:29.822Z] [error]: Socket authentication failed: HIDE::403::Forbidden::Token is expired or invalid!::
[2025-06-09T02:26:30.276Z] [error]: Socket authentication failed: HIDE::403::Forbidden::Token is expired or invalid!::
[2025-06-09T02:27:14.988Z] [error]: HIDE::403::Forbidden::Token is expired or invalid!::
[2025-06-09T02:27:15.097Z] [error]: HIDE::403::Forbidden::Token is expired or invalid!::
[2025-06-09T02:37:52.646Z] [error]: HIDE::400::BadRequest::[
  {
    "validation": "regex",
    "code": "invalid_string",
    "message": "Password must contain at least one uppercase letter, one lowercase letter, one number, and one special character",
    "path": [
      "password"
    ]
  }
]::
[2025-06-09T02:38:01.210Z] [error]: HIDE::400::BadRequest::[
  {
    "validation": "regex",
    "code": "invalid_string",
    "message": "Password must contain at least one uppercase letter, one lowercase letter, one number, and one special character",
    "path": [
      "password"
    ]
  }
]::
[2025-06-09T02:38:13.370Z] [error]: HIDE::400::BadRequest::[
  {
    "validation": "regex",
    "code": "invalid_string",
    "message": "Password must contain at least one uppercase letter, one lowercase letter, one number, and one special character",
    "path": [
      "password"
    ]
  }
]::
[2025-06-09T02:38:45.073Z] [error]: HIDE::400::BadRequest::[
  {
    "validation": "regex",
    "code": "invalid_string",
    "message": "Password must contain at least one uppercase letter, one lowercase letter, one number, and one special character",
    "path": [
      "password"
    ]
  }
]::
[2025-06-09T02:38:55.191Z] [error]: HIDE::400::BadRequest::[
  {
    "validation": "regex",
    "code": "invalid_string",
    "message": "Password must contain at least one uppercase letter, one lowercase letter, one number, and one special character",
    "path": [
      "password"
    ]
  }
]::
[2025-06-09T02:39:16.438Z] [error]: HIDE::400::BadRequest::[
  {
    "validation": "regex",
    "code": "invalid_string",
    "message": "Password must contain at least one uppercase letter, one lowercase letter, one number, and one special character",
    "path": [
      "password"
    ]
  }
]::
[2025-06-09T02:39:24.925Z] [error]: HIDE::404::NotFound::Not found file!::
[2025-06-09T02:40:13.865Z] [error]: HIDE::400::BadRequest::[
  {
    "validation": "regex",
    "code": "invalid_string",
    "message": "Password must contain at least one uppercase letter, one lowercase letter, one number, and one special character",
    "path": [
      "password"
    ]
  }
]::
[2025-06-09T02:40:25.208Z] [error]: HIDE::400::BadRequest::[
  {
    "validation": "regex",
    "code": "invalid_string",
    "message": "Password must contain at least one uppercase letter, one lowercase letter, one number, and one special character",
    "path": [
      "password"
    ]
  }
]::
[2025-06-09T02:40:48.632Z] [error]: HIDE::404::NotFound::Not found file!::
[2025-06-09T02:41:00.653Z] [error]: HIDE::404::NotFound::Not found file!::
[2025-06-09T02:46:00.495Z] [error]: HIDE::404::NotFound::Not found file!::
[2025-06-09T02:46:49.751Z] [error]: HIDE::400::BadRequest::Warehouses not found!::
[2025-06-09T02:46:52.728Z] [error]: HIDE::404::NotFound::Not found file!::
[2025-06-09T02:47:49.525Z] [error]: HIDE::404::NotFound::Not found file!::
[2025-06-09T02:50:16.171Z] [error]: HIDE::404::NotFound::Not found file!::
[2025-06-09T02:50:25.388Z] [error]: HIDE::404::NotFound::Not found file!::
[2025-06-09T02:57:18.019Z] [error]: HIDE::404::NotFound::Not found file!::
[2025-06-09T02:58:15.273Z] [error]: HIDE::404::NotFound::Not found file!::
[2025-06-09T03:00:40.968Z] [error]: HIDE::403::Forbidden::Token is expired or invalid!::
[2025-06-09T03:01:36.130Z] [error]: Socket authentication failed: HIDE::403::Forbidden::Token is expired or invalid!::
[2025-06-09T03:01:36.309Z] [error]: Socket authentication failed: HIDE::403::Forbidden::Token is expired or invalid!::
[2025-06-09T03:01:36.501Z] [error]: Socket authentication failed: HIDE::403::Forbidden::Token is expired or invalid!::
[2025-06-09T03:01:39.211Z] [error]: Socket authentication failed: HIDE::403::Forbidden::Token is expired or invalid!::
[2025-06-09T03:01:39.388Z] [error]: Socket authentication failed: HIDE::403::Forbidden::Token is expired or invalid!::
[2025-06-09T03:01:43.821Z] [error]: HIDE::403::Forbidden::Token is expired or invalid!::
[2025-06-09T03:01:43.882Z] [error]: Socket authentication failed: HIDE::403::Forbidden::Token is expired or invalid!::
[2025-06-09T03:01:43.923Z] [error]: HIDE::403::Forbidden::Token is expired or invalid!::
[2025-06-09T03:01:44.032Z] [error]: Socket authentication failed: HIDE::403::Forbidden::Token is expired or invalid!::
[2025-06-09T03:01:50.220Z] [error]: HIDE::403::Forbidden::Token is expired or invalid!::
[2025-06-09T03:01:50.299Z] [error]: HIDE::403::Forbidden::Token is expired or invalid!::
[2025-06-09T03:01:54.382Z] [error]: Socket authentication failed: HIDE::403::Forbidden::Token is expired or invalid!::
[2025-06-09T03:01:54.558Z] [error]: Socket authentication failed: HIDE::403::Forbidden::Token is expired or invalid!::
[2025-06-09T03:02:11.597Z] [error]: Socket authentication failed: HIDE::403::Forbidden::Token is expired or invalid!::
[2025-06-09T03:02:11.785Z] [error]: Socket authentication failed: HIDE::403::Forbidden::Token is expired or invalid!::
[2025-06-09T03:02:22.284Z] [error]: HIDE::404::NotFound::Not found file!::
[2025-06-09T03:03:23.735Z] [error]: HIDE::404::NotFound::Not found file!::
[2025-06-09T03:04:15.523Z] [error]: HIDE::403::Forbidden::Token is expired or invalid!::
[2025-06-09T03:04:27.656Z] [error]: HIDE::403::Forbidden::Token is expired or invalid!::
[2025-06-09T03:04:54.275Z] [error]: HIDE::404::NotFound::Not found file!::
[2025-06-09T03:05:00.082Z] [error]: HIDE::404::NotFound::Not found file!::
[2025-06-09T03:05:23.324Z] [error]: HIDE::403::Forbidden::Token is expired or invalid!::
[2025-06-09T03:05:45.672Z] [error]: HIDE::403::Forbidden::Token is expired or invalid!::
[2025-06-09T03:07:19.144Z] [error]: HIDE::404::NotFound::Route is not exists::
[2025-06-09T03:07:23.788Z] [error]: HIDE::403::Forbidden::Token is expired or invalid!::
[2025-06-09T03:09:20.526Z] [error]: HIDE::404::NotFound::Not found file!::
[2025-06-09T03:09:42.571Z] [error]: HIDE::403::Forbidden::Token is expired or invalid!::
[2025-06-09T03:10:11.162Z] [error]: HIDE::403::Forbidden::Token is expired or invalid!::
[2025-06-09T03:10:11.272Z] [error]: HIDE::403::Forbidden::Token is expired or invalid!::
[2025-06-09T03:10:36.188Z] [error]: HIDE::404::NotFound::Not found file!::
[2025-06-09T03:11:02.581Z] [error]: HIDE::404::NotFound::Not found file!::
[2025-06-09T03:12:17.432Z] [error]: HIDE::404::NotFound::Not found file!::
[2025-06-09T03:15:59.167Z] [error]: HIDE::403::Forbidden::Token is expired or invalid!::
[2025-06-09T03:16:08.789Z] [error]: HIDE::403::Forbidden::Token not found!::
[2025-06-09T03:16:08.802Z] [error]: HIDE::403::Forbidden::Token not found!::
[2025-06-09T03:16:09.373Z] [error]: HIDE::404::NotFound::Not found file!::
[2025-06-09T03:16:15.706Z] [error]: HIDE::403::Forbidden::Token not found!::
[2025-06-09T03:16:15.845Z] [error]: HIDE::403::Forbidden::Token not found!::
[2025-06-09T03:16:16.010Z] [error]: HIDE::403::Forbidden::Token not found!::
[2025-06-09T03:16:16.025Z] [error]: HIDE::403::Forbidden::Token not found!::
[2025-06-09T03:16:37.397Z] [error]: HIDE::403::Forbidden::Token not found!::
[2025-06-09T03:18:09.849Z] [error]: HIDE::404::NotFound::Not found file!::
[2025-06-09T03:18:26.094Z] [error]: HIDE::404::NotFound::Not found file!::
[2025-06-09T03:18:27.814Z] [error]: HIDE::404::NotFound::Not found file!::
[2025-06-09T03:19:05.458Z] [error]: HIDE::404::NotFound::Not found file!::
[2025-06-09T03:19:08.073Z] [error]: HIDE::404::NotFound::Not found file!::
[2025-06-09T03:21:23.518Z] [error]: HIDE::404::NotFound::Not found file!::
[2025-06-09T03:23:59.144Z] [error]: HIDE::404::NotFound::Not found file!::
[2025-06-09T03:24:38.311Z] [error]: HIDE::404::NotFound::Not found file!::
[2025-06-09T03:24:42.823Z] [error]: HIDE::404::NotFound::Not found file!::
[2025-06-09T03:26:53.685Z] [error]: HIDE::400::BadRequest::Some product in discount code is not available!::
[2025-06-09T03:27:42.314Z] [error]: HIDE::400::BadRequest::[
  {
    "code": "custom",
    "message": "Discount start date cannot be in the past",
    "path": [
      "discount_start_at"
    ]
  }
]::
[2025-06-09T03:28:02.665Z] [error]: HIDE::400::BadRequest::[
  {
    "code": "custom",
    "message": "Discount start date cannot be in the past",
    "path": [
      "discount_start_at"
    ]
  }
]::
[2025-06-09T03:28:31.504Z] [error]: HIDE::400::BadRequest::[
  {
    "code": "custom",
    "message": "Discount start date cannot be in the past",
    "path": [
      "discount_start_at"
    ]
  }
]::
[2025-06-09T03:28:56.367Z] [error]: HIDE::404::NotFound::Not found file!::
[2025-06-09T03:30:07.884Z] [error]: HIDE::400::BadRequest::[
  {
    "code": "custom",
    "message": "Discount start date cannot be in the past",
    "path": [
      "discount_start_at"
    ]
  }
]::
[2025-06-09T03:30:19.779Z] [error]: HIDE::400::BadRequest::[
  {
    "code": "custom",
    "message": "Discount start date cannot be in the past",
    "path": [
      "discount_start_at"
    ]
  }
]::
[2025-06-09T03:31:14.082Z] [error]: HIDE::400::BadRequest::[
  {
    "code": "custom",
    "message": "Discount start date cannot be in the past",
    "path": [
      "discount_start_at"
    ]
  }
]::
[2025-06-09T03:33:32.484Z] [error]: HIDE::400::BadRequest::Some product in discount code is not available!::
[2025-06-09T03:33:40.372Z] [error]: HIDE::400::BadRequest::Some product in discount code is not available!::
[2025-06-09T03:37:40.374Z] [error]: HIDE::400::BadRequest::[
  {
    "code": "custom",
    "message": "Discount start date cannot be in the past",
    "path": [
      "discount_start_at"
    ]
  }
]::
[2025-06-09T03:37:52.594Z] [error]: HIDE::400::BadRequest::[
  {
    "code": "custom",
    "message": "Discount start date cannot be in the past",
    "path": [
      "discount_start_at"
    ]
  }
]::
[2025-06-09T03:38:26.005Z] [error]: HIDE::400::BadRequest::[
  {
    "code": "custom",
    "message": "Discount start date cannot be in the past",
    "path": [
      "discount_start_at"
    ]
  }
]::
[2025-06-09T03:38:27.119Z] [error]: HIDE::400::BadRequest::[
  {
    "code": "custom",
    "message": "Discount start date cannot be in the past",
    "path": [
      "discount_start_at"
    ]
  }
]::
[2025-06-09T03:38:58.916Z] [error]: HIDE::400::BadRequest::[
  {
    "code": "custom",
    "message": "Discount start date cannot be in the past",
    "path": [
      "discount_start_at"
    ]
  }
]::
[2025-06-09T03:40:24.288Z] [error]: HIDE::400::BadRequest::[
  {
    "code": "custom",
    "message": "Discount start date cannot be in the past",
    "path": [
      "discount_start_at"
    ]
  }
]::
[2025-06-09T03:41:56.332Z] [error]: HIDE::400::BadRequest::[
  {
    "code": "custom",
    "message": "Discount start date cannot be in the past",
    "path": [
      "discount_start_at"
    ]
  }
]::
[2025-06-09T03:43:59.917Z] [error]: HIDE::400::BadRequest::Some product in discount code is not available!::
[2025-06-09T03:45:01.082Z] [error]: HIDE::400::BadRequest::[
  {
    "code": "custom",
    "message": "Discount start date cannot be in the past",
    "path": [
      "discount_start_at"
    ]
  }
]::
[2025-06-09T03:46:34.906Z] [error]: HIDE::400::BadRequest::[
  {
    "code": "custom",
    "message": "Discount start date cannot be in the past",
    "path": [
      "discount_start_at"
    ]
  }
]::
[2025-06-09T03:46:49.826Z] [error]: HIDE::400::BadRequest::Some product in discount code is not available!::
[2025-06-09T03:47:37.371Z] [error]: HIDE::400::BadRequest::Some product in discount code is not available!::
[2025-06-09T03:47:46.624Z] [error]: HIDE::400::BadRequest::Some product in discount code is not available!::
[2025-06-09T03:48:19.169Z] [error]: HIDE::400::BadRequest::Some product in discount code is not available!::
[2025-06-09T03:48:39.319Z] [error]: HIDE::400::BadRequest::Some product in discount code is not available!::
[2025-06-09T03:49:05.329Z] [error]: HIDE::400::BadRequest::[
  {
    "code": "custom",
    "message": "Discount start date cannot be in the past",
    "path": [
      "discount_start_at"
    ]
  }
]::
[2025-06-09T03:49:12.601Z] [error]: HIDE::400::BadRequest::[
  {
    "code": "custom",
    "message": "Discount start date cannot be in the past",
    "path": [
      "discount_start_at"
    ]
  }
]::
[2025-06-09T03:49:22.011Z] [error]: HIDE::400::BadRequest::[
  {
    "code": "custom",
    "message": "Discount start date cannot be in the past",
    "path": [
      "discount_start_at"
    ]
  }
]::
[2025-06-09T03:49:41.339Z] [error]: HIDE::400::BadRequest::Some product in discount code is not available!::
[2025-06-09T03:50:06.107Z] [error]: HIDE::400::BadRequest::Some product in discount code is not available!::
[2025-06-09T03:50:14.985Z] [error]: HIDE::400::BadRequest::Some product in discount code is not available!::
[2025-06-09T03:51:01.063Z] [error]: HIDE::400::BadRequest::Some product in discount code is not available!::
[2025-06-09T03:56:19.974Z] [error]: HIDE::404::NotFound::Not found file!::
[2025-06-09T04:00:08.578Z] [error]: HIDE::404::NotFound::Not found file!::
[2025-06-09T04:00:18.823Z] [error]: HIDE::404::NotFound::Route is not exists::
[2025-06-09T04:00:18.913Z] [error]: HIDE::404::NotFound::Route is not exists::
[2025-06-09T04:03:28.605Z] [error]: HIDE::404::NotFound::Not found file!::
[2025-06-09T04:08:09.880Z] [error]: HIDE::404::NotFound::Not found file!::
[2025-06-09T04:13:43.605Z] [error]: HIDE::404::NotFound::Not found file!::
[2025-06-09T04:15:49.619Z] [error]: HIDE::404::NotFound::Not found file!::
[2025-06-09T04:15:55.594Z] [error]: HIDE::404::NotFound::Not found file!::
[2025-06-09T04:16:37.517Z] [error]: HIDE::404::NotFound::Not found file!::
[2025-06-09T04:17:41.772Z] [error]: HIDE::404::NotFound::Not found file!::
[2025-06-09T04:18:57.977Z] [error]: HIDE::404::NotFound::Not found file!::
[2025-06-09T04:19:53.421Z] [error]: HIDE::404::NotFound::Not found file!::
[2025-06-09T04:21:11.502Z] [error]: HIDE::404::NotFound::Not found file!::
[2025-06-09T04:22:31.399Z] [error]: HIDE::404::NotFound::Not found file!::
[2025-06-09T04:22:38.890Z] [error]: HIDE::404::NotFound::Route is not exists::
[2025-06-09T04:22:39.658Z] [error]: HIDE::404::NotFound::Route is not exists::
[2025-06-09T04:22:44.596Z] [error]: HIDE::404::NotFound::Route is not exists::
[2025-06-09T04:22:45.247Z] [error]: HIDE::404::NotFound::Route is not exists::
[2025-06-09T04:22:46.465Z] [error]: HIDE::404::NotFound::Not found file!::
[2025-06-09T04:23:31.300Z] [error]: HIDE::404::NotFound::Not found file!::
[2025-06-09T04:25:35.340Z] [error]: HIDE::403::Forbidden::Invalid token!::
[2025-06-09T04:25:35.444Z] [error]: HIDE::403::Forbidden::Invalid token!::
[2025-06-09T04:25:35.481Z] [error]: HIDE::404::NotFound::Key token not found!::
[2025-06-09T04:25:35.591Z] [error]: HIDE::403::Forbidden::Token not found!::
[2025-06-09T04:28:14.061Z] [error]: HIDE::404::NotFound::Not found file!::
[2025-06-09T04:36:01.414Z] [error]: HIDE::400::BadRequest::[
  {
    "code": "custom",
    "message": "Discount start date cannot be in the past",
    "path": [
      "discount_start_at"
    ]
  }
]::
[2025-06-09T04:36:11.437Z] [error]: HIDE::403::Forbidden::Not permission to update discount!::
[2025-06-09T04:40:42.021Z] [error]: HIDE::404::NotFound::Not found file!::
[2025-06-09T04:41:06.478Z] [error]: HIDE::400::BadRequest::[
  {
    "code": "custom",
    "message": "Discount start date cannot be in the past",
    "path": [
      "discount_start_at"
    ]
  }
]::
[2025-06-09T04:41:22.506Z] [error]: HIDE::404::NotFound::Not found file!::
[2025-06-09T04:41:51.355Z] [error]: HIDE::403::Forbidden::Not permission to update discount!::
[2025-06-09T04:41:52.332Z] [error]: HIDE::403::Forbidden::Not permission to update discount!::
[2025-06-09T04:42:26.243Z] [error]: HIDE::400::BadRequest::[
  {
    "code": "custom",
    "message": "Discount start date cannot be in the past",
    "path": [
      "discount_start_at"
    ]
  }
]::
[2025-06-09T04:42:33.014Z] [error]: HIDE::403::Forbidden::Not permission to update discount!::
[2025-06-09T04:43:44.332Z] [error]: HIDE::403::Forbidden::Not permission to update discount!::
[2025-06-09T04:45:53.239Z] [error]: HIDE::400::InvalidPayload::Start and end time must greater than now!::
[2025-06-09T04:46:12.464Z] [error]: HIDE::400::BadRequest::[
  {
    "code": "custom",
    "message": "Discount start date cannot be in the past",
    "path": [
      "discount_start_at"
    ]
  }
]::
[2025-06-09T04:48:19.199Z] [error]: HIDE::404::NotFound::Not found file!::
[2025-06-09T04:48:21.421Z] [error]: HIDE::404::NotFound::Not found file!::
[2025-06-09T04:49:14.966Z] [error]: HIDE::404::NotFound::Not found file!::
[2025-06-09T04:49:23.582Z] [error]: HIDE::404::NotFound::Not found file!::
[2025-06-09T04:50:03.267Z] [error]: HIDE::500::InternalServerError::Failed to calculate distance!::
[2025-06-09T04:52:09.679Z] [error]: HIDE::404::NotFound::Not found file!::
[2025-06-09T04:53:21.562Z] [error]: HIDE::404::NotFound::Not found file!::
[2025-06-09T04:53:24.792Z] [error]: HIDE::404::NotFound::Not found file!::
[2025-06-09T04:53:24.975Z] [error]: HIDE::404::NotFound::Not found file!::
[2025-06-09T04:53:25.974Z] [error]: HIDE::404::NotFound::Not found file!::
[2025-06-09T04:53:31.889Z] [error]: HIDE::404::NotFound::Not found file!::
[2025-06-09T04:53:32.080Z] [error]: HIDE::404::NotFound::Not found file!::
[2025-06-09T04:53:49.635Z] [error]: HIDE::404::NotFound::Not found file!::
[2025-06-09T04:54:02.897Z] [error]: HIDE::500::InternalServerError::Failed to calculate distance!::
[2025-06-09T04:55:35.144Z] [error]: HIDE::404::NotFound::Not found file!::
[2025-06-09T04:56:08.948Z] [error]: HIDE::404::NotFound::Not found file!::
[2025-06-09T04:56:11.736Z] [error]: HIDE::404::NotFound::Not found file!::
[2025-06-09T04:56:43.055Z] [error]: HIDE::404::NotFound::Not found file!::
[2025-06-09T04:56:54.150Z] [error]: HIDE::404::NotFound::Not found file!::
[2025-06-09T04:56:58.227Z] [error]: HIDE::404::NotFound::Not found file!::
[2025-06-09T04:57:02.097Z] [error]: HIDE::404::NotFound::Not found discount or discount is invalid!::
[2025-06-09T04:57:04.275Z] [error]: HIDE::404::NotFound::Not found file!::
[2025-06-09T04:57:12.266Z] [error]: HIDE::404::NotFound::Not found file!::
[2025-06-09T04:57:19.485Z] [error]: HIDE::404::NotFound::Not found discount or discount is invalid!::
[2025-06-09T04:57:23.459Z] [error]: HIDE::404::NotFound::Not found file!::
[2025-06-09T04:57:37.695Z] [error]: HIDE::404::NotFound::Not found file!::
[2025-06-09T04:58:07.820Z] [error]: HIDE::500::InternalServerError::Failed to calculate distance!::
[2025-06-09T04:58:13.424Z] [error]: HIDE::500::InternalServerError::Failed to calculate distance!::
[2025-06-09T04:58:38.726Z] [error]: HIDE::500::InternalServerError::Failed to calculate distance!::
[2025-06-09T04:59:35.997Z] [error]: HIDE::500::InternalServerError::Failed to calculate distance!::
[2025-06-09T05:00:32.143Z] [error]: HIDE::500::InternalServerError::Failed to calculate distance!::
[2025-06-09T05:01:03.108Z] [error]: HIDE::500::InternalServerError::Failed to calculate distance!::
[2025-06-09T05:01:05.544Z] [error]: HIDE::500::InternalServerError::Failed to calculate distance!::
[2025-06-09T05:01:47.944Z] [error]: HIDE::500::InternalServerError::Failed to calculate distance!::
[2025-06-09T05:02:41.307Z] [error]: HIDE::404::NotFound::Not found file!::
[2025-06-09T05:02:44.104Z] [error]: HIDE::500::InternalServerError::Failed to calculate distance!::
[2025-06-09T05:03:34.024Z] [error]: HIDE::500::InternalServerError::Failed to calculate distance!::
[2025-06-09T05:04:33.200Z] [error]: HIDE::500::InternalServerError::Failed to calculate distance!::
[2025-06-09T05:05:34.788Z] [error]: HIDE::404::NotFound::Not found file!::
[2025-06-09T05:05:34.967Z] [error]: HIDE::500::InternalServerError::Failed to calculate distance!::
[2025-06-09T05:06:51.695Z] [error]: HIDE::500::InternalServerError::Failed to calculate distance!::
[2025-06-09T05:07:35.304Z] [error]: HIDE::500::InternalServerError::Failed to calculate distance!::
[2025-06-09T05:09:23.819Z] [error]: HIDE::404::NotFound::Not found file!::
[2025-06-09T05:09:30.705Z] [error]: HIDE::404::NotFound::Not found discount or discount is invalid!::
[2025-06-09T05:09:38.884Z] [error]: HIDE::404::NotFound::Not found file!::
[2025-06-09T05:09:41.590Z] [error]: HIDE::404::NotFound::Not found file!::
[2025-06-09T05:09:41.682Z] [error]: HIDE::404::NotFound::Not found file!::
[2025-06-09T05:09:49.298Z] [error]: HIDE::404::NotFound::Not found file!::
[2025-06-09T05:10:01.482Z] [error]: HIDE::404::NotFound::Not found discount or discount is invalid!::
[2025-06-09T05:10:17.766Z] [error]: HIDE::404::NotFound::Not found discount or discount is invalid!::
[2025-06-09T05:10:26.448Z] [error]: HIDE::404::NotFound::Not found file!::
[2025-06-09T05:10:41.478Z] [error]: HIDE::404::NotFound::Not found file!::
[2025-06-09T05:10:49.666Z] [error]: HIDE::404::NotFound::Not found file!::
[2025-06-09T05:11:44.275Z] [error]: HIDE::404::NotFound::Not found file!::
[2025-06-09T05:11:47.367Z] [error]: HIDE::404::NotFound::Not found file!::
[2025-06-09T05:12:41.624Z] [error]: HIDE::404::NotFound::No checkout data found!::
[2025-06-09T05:12:41.738Z] [error]: HIDE::404::NotFound::No checkout data found!::
[2025-06-09T05:12:42.349Z] [error]: HIDE::404::NotFound::Not found file!::
[2025-06-09T05:12:43.815Z] [error]: HIDE::404::NotFound::Not found file!::
[2025-06-09T05:12:54.571Z] [error]: HIDE::404::NotFound::Not found file!::
[2025-06-09T05:14:08.170Z] [error]: HIDE::404::NotFound::Not found file!::
[2025-06-09T05:15:30.422Z] [error]: HIDE::400::VersionError::No matching document found for id "683ad9cfd9747bbf5bbed5c8" version 20 modifiedPaths "cart_shop"::
[2025-06-09T05:15:43.145Z] [error]: HIDE::404::NotFound::Not found file!::
[2025-06-09T05:15:51.057Z] [error]: HIDE::404::NotFound::Not found file!::
[2025-06-09T05:16:13.949Z] [error]: HIDE::404::NotFound::Not found file!::
[2025-06-09T05:16:18.653Z] [error]: HIDE::404::NotFound::Not found file!::
[2025-06-09T05:16:26.885Z] [error]: HIDE::404::NotFound::Not found file!::
[2025-06-09T05:16:32.261Z] [error]: HIDE::404::NotFound::Not found file!::
[2025-06-09T05:16:39.291Z] [error]: HIDE::404::NotFound::Not found file!::
[2025-06-09T05:17:02.621Z] [error]: HIDE::404::NotFound::Not found file!::
[2025-06-09T05:17:35.711Z] [error]: HIDE::404::NotFound::Not found file!::
[2025-06-09T05:17:39.493Z] [error]: HIDE::404::NotFound::Not found file!::
[2025-06-09T05:17:53.751Z] [error]: HIDE::404::NotFound::Not found file!::
[2025-06-09T05:18:32.099Z] [error]: HIDE::404::NotFound::Not found file!::
[2025-06-09T05:29:05.015Z] [error]: HIDE::404::NotFound::User not found::
[2025-06-09T05:29:20.662Z] [error]: HIDE::404::NotFound::User not found::
[2025-06-09T05:29:31.162Z] [error]: HIDE::404::NotFound::User not found::
[2025-06-09T05:29:35.324Z] [error]: HIDE::404::NotFound::User not found::
[2025-06-09T05:29:38.131Z] [error]: HIDE::404::NotFound::User not found::
[2025-06-09T05:29:49.521Z] [error]: HIDE::404::NotFound::User not found::
[2025-06-09T05:30:54.703Z] [error]: HIDE::400::Error::invalid_grant: Token has been expired or revoked.::
[2025-06-09T05:35:35.312Z] [error]: HIDE::400::Error::invalid_grant: Token has been expired or revoked.::
[2025-06-09T05:36:44.212Z] [error]: HIDE::403::Forbidden::Username or password is not correct!::
[2025-06-09T05:37:00.350Z] [error]: HIDE::404::NotFound::Not found file!::
[2025-06-09T05:37:02.509Z] [error]: HIDE::404::NotFound::Not found file!::
[2025-06-09T05:37:37.329Z] [error]: HIDE::404::NotFound::Not found file!::
[2025-06-09T05:39:25.810Z] [error]: HIDE::404::NotFound::Not found file!::
[2025-06-09T05:41:39.510Z] [error]: HIDE::404::NotFound::Not found file!::
[2025-06-09T05:42:13.554Z] [error]: HIDE::404::NotFound::Not found file!::
[2025-06-09T05:42:39.225Z] [error]: HIDE::404::NotFound::Not found file!::
[2025-06-09T05:43:27.732Z] [error]: HIDE::404::NotFound::Not found file!::
[2025-06-09T05:43:39.863Z] [error]: HIDE::404::NotFound::Not found file!::
[2025-06-09T05:44:32.645Z] [error]: HIDE::404::NotFound::Shop not found for this user!::
[2025-06-09T05:44:32.793Z] [error]: HIDE::404::NotFound::Not found file!::
[2025-06-09T05:44:32.932Z] [error]: HIDE::404::NotFound::Shop not found for this user!::
[2025-06-09T05:44:51.664Z] [error]: HIDE::404::NotFound::Shop not found for this user!::
[2025-06-09T05:44:51.792Z] [error]: HIDE::404::NotFound::Not found file!::
[2025-06-09T05:45:07.346Z] [error]: HIDE::404::NotFound::Shop not found for this user!::
[2025-06-09T05:45:07.527Z] [error]: HIDE::404::NotFound::Not found file!::
[2025-06-09T05:45:15.734Z] [error]: HIDE::404::NotFound::Shop not found for this user!::
[2025-06-09T05:45:15.839Z] [error]: HIDE::404::NotFound::Not found file!::
[2025-06-09T05:45:35.074Z] [error]: HIDE::404::NotFound::Not found file!::
[2025-06-09T05:45:35.315Z] [error]: HIDE::404::NotFound::Shop not found for this user!::
[2025-06-09T05:45:35.473Z] [error]: HIDE::404::NotFound::Not found file!::
[2025-06-09T05:45:35.588Z] [error]: HIDE::404::NotFound::Shop not found for this user!::
[2025-06-09T05:46:24.821Z] [error]: HIDE::404::NotFound::Not found file!::
[2025-06-09T05:46:25.237Z] [error]: HIDE::404::NotFound::Not found file!::
[2025-06-09T05:46:42.207Z] [error]: HIDE::404::NotFound::Not found file!::
[2025-06-09T05:46:53.996Z] [error]: HIDE::404::NotFound::Not found file!::
[2025-06-09T05:46:54.492Z] [error]: HIDE::404::NotFound::Not found file!::
[2025-06-09T05:47:13.266Z] [error]: HIDE::404::NotFound::Not found file!::
[2025-06-09T05:47:13.841Z] [error]: HIDE::404::NotFound::Not found file!::
[2025-06-09T05:47:19.194Z] [error]: HIDE::404::NotFound::Not found file!::
[2025-06-09T05:47:56.233Z] [error]: HIDE::404::NotFound::Not found file!::
[2025-06-09T05:48:11.719Z] [error]: HIDE::404::NotFound::Not found file!::
[2025-06-09T05:48:13.454Z] [error]: HIDE::404::NotFound::Not found file!::
[2025-06-09T05:48:15.052Z] [error]: HIDE::404::NotFound::Not found file!::
[2025-06-09T05:48:16.632Z] [error]: HIDE::404::NotFound::Not found file!::
[2025-06-09T05:48:18.502Z] [error]: HIDE::404::NotFound::Not found file!::
[2025-06-09T05:48:41.201Z] [error]: HIDE::404::NotFound::Not found file!::
[2025-06-09T05:49:08.027Z] [error]: HIDE::404::NotFound::Not found file!::
[2025-06-09T05:49:08.608Z] [error]: HIDE::404::NotFound::Not found file!::
[2025-06-09T05:49:12.103Z] [error]: HIDE::404::NotFound::Not found file!::
[2025-06-09T05:49:33.681Z] [error]: HIDE::404::NotFound::Not found file!::
[2025-06-09T05:49:34.094Z] [error]: HIDE::404::NotFound::Not found file!::
[2025-06-09T05:49:37.959Z] [error]: HIDE::404::NotFound::Not found file!::
[2025-06-09T05:49:56.075Z] [error]: HIDE::404::NotFound::Not found file!::
[2025-06-09T05:50:44.902Z] [error]: HIDE::404::NotFound::Not found file!::
[2025-06-09T05:50:45.295Z] [error]: HIDE::404::NotFound::Not found file!::
[2025-06-09T05:50:47.875Z] [error]: HIDE::404::NotFound::Not found file!::
[2025-06-09T05:50:49.322Z] [error]: HIDE::404::NotFound::Not found file!::
[2025-06-09T05:53:42.764Z] [error]: HIDE::404::NotFound::Not found file!::
[2025-06-09T05:53:43.110Z] [error]: HIDE::404::NotFound::Not found file!::
[2025-06-09T05:53:45.895Z] [error]: HIDE::404::NotFound::Not found file!::
[2025-06-09T05:54:13.230Z] [error]: HIDE::404::NotFound::Not found file!::
[2025-06-09T05:54:58.891Z] [error]: HIDE::400::CastError::Cast to ObjectId failed for value "/68466dfe47f01723aa57fb3b/i" (type RegExp) at path "_id" for model "Order"::
[2025-06-09T05:56:32.657Z] [error]: HIDE::404::NotFound::Not found file!::
[2025-06-09T05:56:35.544Z] [error]: HIDE::404::NotFound::Not found file!::
[2025-06-09T05:56:37.073Z] [error]: HIDE::404::NotFound::Not found file!::
[2025-06-09T05:57:01.971Z] [error]: HIDE::404::NotFound::Not found file!::
[2025-06-09T05:57:05.956Z] [error]: HIDE::404::NotFound::Not found file!::
[2025-06-09T05:57:37.601Z] [error]: HIDE::404::NotFound::Not found file!::
[2025-06-09T05:57:38.189Z] [error]: HIDE::404::NotFound::Not found file!::
[2025-06-09T05:58:16.790Z] [error]: HIDE::404::NotFound::Not found file!::
[2025-06-09T05:58:17.325Z] [error]: HIDE::404::NotFound::Not found file!::
[2025-06-09T05:58:19.443Z] [error]: HIDE::404::NotFound::Not found file!::
[2025-06-09T05:59:08.172Z] [error]: HIDE::404::NotFound::Not found file!::
[2025-06-09T05:59:12.942Z] [error]: HIDE::404::NotFound::Not found file!::
[2025-06-09T05:59:58.944Z] [error]: HIDE::404::NotFound::Not found file!::
[2025-06-09T05:59:59.777Z] [error]: HIDE::404::NotFound::Not found file!::
[2025-06-09T06:00:37.261Z] [error]: HIDE::404::NotFound::Not found file!::
[2025-06-09T06:00:38.085Z] [error]: HIDE::404::NotFound::Not found file!::
[2025-06-09T06:00:46.979Z] [error]: HIDE::404::NotFound::Not found file!::
[2025-06-09T06:00:50.599Z] [error]: HIDE::404::NotFound::Not found file!::
[2025-06-09T06:00:57.130Z] [error]: HIDE::404::NotFound::Not found file!::
[2025-06-09T06:01:07.413Z] [error]: HIDE::404::NotFound::Not found file!::
[2025-06-09T06:01:46.637Z] [error]: HIDE::404::NotFound::Not found file!::
[2025-06-09T06:02:01.538Z] [error]: HIDE::404::NotFound::Not found file!::
[2025-06-09T06:02:13.635Z] [error]: HIDE::404::NotFound::Not found file!::
[2025-06-09T06:02:31.698Z] [error]: HIDE::404::NotFound::Not found file!::
[2025-06-09T06:02:48.532Z] [error]: HIDE::404::NotFound::Not found file!::
[2025-06-09T06:02:57.574Z] [error]: HIDE::404::NotFound::Not found file!::
[2025-06-09T06:03:00.962Z] [error]: HIDE::404::NotFound::Not found file!::
[2025-06-09T06:03:19.133Z] [error]: HIDE::404::NotFound::Not found file!::
[2025-06-09T06:03:31.495Z] [error]: HIDE::404::NotFound::Not found file!::
[2025-06-09T06:03:38.113Z] [error]: HIDE::404::NotFound::Not found file!::
[2025-06-09T06:03:38.650Z] [error]: HIDE::404::NotFound::Not found file!::
[2025-06-09T06:03:42.376Z] [error]: HIDE::404::NotFound::Not found file!::
[2025-06-09T06:03:48.442Z] [error]: HIDE::404::NotFound::Not found file!::
[2025-06-09T06:03:59.052Z] [error]: HIDE::404::NotFound::Not found file!::
[2025-06-09T06:04:09.851Z] [error]: HIDE::404::NotFound::Not found file!::
[2025-06-09T06:04:25.876Z] [error]: HIDE::404::NotFound::Not found file!::
[2025-06-09T08:00:46.325Z] [error]: Redis error: Error: Socket closed unexpectedly
[2025-06-09T08:04:30.926Z] [error]: HIDE::404::NotFound::Not found file!::
[2025-06-09T08:04:31.268Z] [error]: HIDE::404::NotFound::Not found file!::
[2025-06-09T08:04:54.926Z] [error]: HIDE::404::NotFound::Not found file!::
[2025-06-09T08:04:54.932Z] [error]: HIDE::404::NotFound::Not found file!::
[2025-06-09T08:05:06.153Z] [error]: HIDE::404::NotFound::Username or password is not correct!::
[2025-06-09T08:05:08.394Z] [error]: HIDE::404::NotFound::Username or password is not correct!::
[2025-06-09T08:05:17.755Z] [error]: HIDE::404::NotFound::Username or password is not correct!::
[2025-06-09T08:05:19.217Z] [error]: HIDE::404::NotFound::Username or password is not correct!::
[2025-06-09T08:05:27.581Z] [error]: HIDE::404::NotFound::Username or password is not correct!::
[2025-06-09T08:05:32.344Z] [error]: HIDE::404::NotFound::Not found file!::
[2025-06-09T08:05:32.410Z] [error]: HIDE::404::NotFound::Not found file!::
[2025-06-09T08:08:15.821Z] [error]: HIDE::403::Forbidden::Token is expired or invalid!::
[2025-06-09T08:08:15.943Z] [error]: HIDE::403::Forbidden::Token is expired or invalid!::
[2025-06-09T08:08:26.744Z] [error]: HIDE::404::NotFound::Not found file!::
[2025-06-09T08:08:28.059Z] [error]: HIDE::404::NotFound::Not found file!::
[2025-06-09T08:08:30.614Z] [error]: HIDE::404::NotFound::Not found file!::
[2025-06-09T08:10:26.005Z] [error]: HIDE::403::Forbidden::Token is expired or invalid!::
[2025-06-09T08:10:33.211Z] [error]: HIDE::403::Forbidden::Token is expired or invalid!::
[2025-06-09T08:10:33.279Z] [error]: HIDE::403::Forbidden::Token is expired or invalid!::
[2025-06-09T08:10:33.808Z] [error]: HIDE::404::NotFound::Not found file!::
[2025-06-09T08:10:39.175Z] [error]: HIDE::404::NotFound::Not found file!::
[2025-06-09T08:10:44.048Z] [error]: HIDE::404::NotFound::Not found file!::
[2025-06-09T08:10:54.481Z] [error]: HIDE::404::NotFound::Not found file!::
[2025-06-09T08:10:54.483Z] [error]: HIDE::404::NotFound::Not found file!::
[2025-06-09T08:10:54.484Z] [error]: HIDE::404::NotFound::Not found file!::
[2025-06-09T08:10:54.485Z] [error]: HIDE::404::NotFound::Not found file!::
[2025-06-09T08:10:58.902Z] [error]: HIDE::404::NotFound::Not found file!::
[2025-06-09T08:10:58.994Z] [error]: HIDE::403::Forbidden::Token is expired or invalid!::
[2025-06-09T08:10:58.999Z] [error]: HIDE::403::Forbidden::Token is expired or invalid!::
[2025-06-09T08:10:59.132Z] [error]: HIDE::403::Forbidden::Token is expired or invalid!::
[2025-06-09T08:11:22.659Z] [error]: HIDE::403::Forbidden::Token is expired or invalid!::
[2025-06-09T08:11:22.782Z] [error]: HIDE::403::Forbidden::Token is expired or invalid!::
[2025-06-09T08:11:22.924Z] [error]: HIDE::403::Forbidden::Token not found!::
[2025-06-09T08:11:24.079Z] [error]: HIDE::403::Forbidden::Token not found!::
[2025-06-09T08:11:34.087Z] [error]: HIDE::409::Conflict::User is exists!::
[2025-06-09T08:11:48.432Z] [error]: HIDE::409::Conflict::User is exists!::
[2025-06-09T08:11:55.848Z] [error]: HIDE::409::Conflict::User is exists!::
[2025-06-09T08:12:08.860Z] [error]: HIDE::404::NotFound::Not found file!::
[2025-06-09T08:12:08.865Z] [error]: HIDE::404::NotFound::Not found file!::
[2025-06-09T08:12:08.866Z] [error]: HIDE::404::NotFound::Not found file!::
[2025-06-09T08:12:08.870Z] [error]: HIDE::404::NotFound::Not found file!::
[2025-06-09T08:12:43.539Z] [error]: HIDE::404::NotFound::Not found file!::
[2025-06-09T08:12:43.546Z] [error]: HIDE::404::NotFound::Not found file!::
[2025-06-09T08:12:43.557Z] [error]: HIDE::404::NotFound::Not found file!::
[2025-06-09T08:12:43.562Z] [error]: HIDE::404::NotFound::Not found file!::
[2025-06-09T08:12:46.726Z] [error]: HIDE::404::NotFound::Not found file!::
[2025-06-09T08:12:49.011Z] [error]: HIDE::404::NotFound::Not found file!::
[2025-06-09T08:12:51.117Z] [error]: HIDE::404::NotFound::Not found file!::
[2025-06-09T08:13:04.430Z] [error]: HIDE::404::NotFound::Not found file!::
[2025-06-09T08:15:40.019Z] [error]: HIDE::404::NotFound::Not found file!::
[2025-06-09T08:17:25.115Z] [error]: HIDE::404::NotFound::Not found file!::
[2025-06-09T08:17:25.146Z] [error]: HIDE::404::NotFound::Not found file!::
[2025-06-09T08:17:25.203Z] [error]: HIDE::404::NotFound::Not found file!::
[2025-06-09T08:17:25.230Z] [error]: HIDE::404::NotFound::Not found file!::
[2025-06-09T08:23:37.399Z] [error]: HIDE::400::TypeError::null is not an object (evaluating 'role.role_name')::
[2025-06-09T08:24:02.791Z] [error]: HIDE::403::Forbidden::Token is expired or invalid!::
[2025-06-09T08:25:46.489Z] [error]: HIDE::400::TypeError::null is not an object (evaluating 'role.role_name')::
[2025-06-09T08:25:46.744Z] [error]: HIDE::400::TypeError::null is not an object (evaluating 'role.role_name')::
[2025-06-09T08:34:41.479Z] [error]: HIDE::400::TypeError::null is not an object (evaluating 'role.role_name')::
[2025-06-09T08:42:03.394Z] [error]: Redis error: Error: Socket closed unexpectedly
[2025-06-09T08:44:22.295Z] [error]: HIDE::400::TypeError::null is not an object (evaluating 'role.role_name')::
[2025-06-09T08:46:24.157Z] [error]: HIDE::404::NotFound::Route is not exists::
[2025-06-09T08:46:24.285Z] [error]: HIDE::404::NotFound::Route is not exists::
[2025-06-09T08:46:40.811Z] [error]: HIDE::400::TypeError::null is not an object (evaluating 'role.role_name')::
[2025-06-09T08:46:41.258Z] [error]: HIDE::400::TypeError::null is not an object (evaluating 'role.role_name')::
[2025-06-09T08:47:03.979Z] [error]: HIDE::400::TypeError::null is not an object (evaluating 'role.role_name')::
[2025-06-09T08:47:09.536Z] [error]: HIDE::404::NotFound::Username or password is not correct!::
[2025-06-09T08:47:36.594Z] [error]: HIDE::400::BadRequest::[
  {
    "validation": "regex",
    "code": "invalid_string",
    "message": "Invalid phone number format",
    "path": [
      "phoneNumber"
    ]
  },
  {
    "validation": "regex",
    "code": "invalid_string",
    "message": "Password must contain at least one uppercase letter, one lowercase letter, one number, and one special character",
    "path": [
      "password"
    ]
  }
]::
[2025-06-09T08:47:36.630Z] [error]: HIDE::400::BadRequest::[
  {
    "validation": "regex",
    "code": "invalid_string",
    "message": "Invalid phone number format",
    "path": [
      "phoneNumber"
    ]
  },
  {
    "validation": "regex",
    "code": "invalid_string",
    "message": "Password must contain at least one uppercase letter, one lowercase letter, one number, and one special character",
    "path": [
      "password"
    ]
  }
]::
[2025-06-09T08:49:20.360Z] [error]: Redis error: Error: Failed to connect
[2025-06-09T08:49:20.362Z] [error]: Redis error: Error: Failed to connect
[2025-06-09T08:49:30.425Z] [error]: Redis error: Error: Failed to connect
[2025-06-09T08:49:30.531Z] [error]: Redis error: Error: Failed to connect
[2025-06-09T08:59:04.460Z] [error]: HIDE::404::NotFound::User not found::
[2025-06-09T09:01:08.081Z] [error]: HIDE::404::NotFound::Not found file!::
[2025-06-09T09:01:08.082Z] [error]: HIDE::404::NotFound::Not found file!::
[2025-06-09T09:01:08.083Z] [error]: HIDE::404::NotFound::Not found file!::
[2025-06-09T09:01:08.093Z] [error]: HIDE::404::NotFound::Not found file!::
[2025-06-09T09:01:08.099Z] [error]: HIDE::404::NotFound::Not found file!::
[2025-06-09T09:01:08.113Z] [error]: HIDE::404::NotFound::Not found file!::
[2025-06-09T09:01:08.242Z] [error]: HIDE::404::NotFound::Not found file!::
[2025-06-09T09:01:08.244Z] [error]: HIDE::404::NotFound::Not found file!::
[2025-06-09T09:01:08.250Z] [error]: HIDE::404::NotFound::Not found file!::
[2025-06-09T09:01:08.251Z] [error]: HIDE::404::NotFound::Not found file!::
[2025-06-09T09:01:08.254Z] [error]: HIDE::404::NotFound::Not found file!::
[2025-06-09T09:01:08.257Z] [error]: HIDE::404::NotFound::Not found file!::
[2025-06-09T09:01:08.380Z] [error]: HIDE::404::NotFound::Not found file!::
[2025-06-09T09:01:08.382Z] [error]: HIDE::404::NotFound::Not found file!::
[2025-06-09T09:01:08.385Z] [error]: HIDE::404::NotFound::Not found file!::
[2025-06-09T09:01:08.386Z] [error]: HIDE::404::NotFound::Not found file!::
[2025-06-09T09:01:08.386Z] [error]: HIDE::404::NotFound::Not found file!::
[2025-06-09T09:01:18.857Z] [error]: HIDE::409::Conflict::User is exists!::
[2025-06-09T09:02:41.902Z] [error]: HIDE::404::NotFound::Not found file!::
[2025-06-09T09:02:41.945Z] [error]: HIDE::404::NotFound::Not found file!::
[2025-06-09T09:02:41.963Z] [error]: HIDE::404::NotFound::Not found file!::
[2025-06-09T09:02:41.980Z] [error]: HIDE::404::NotFound::Not found file!::
[2025-06-09T09:02:41.981Z] [error]: HIDE::404::NotFound::Not found file!::
[2025-06-09T09:02:41.982Z] [error]: HIDE::404::NotFound::Not found file!::
[2025-06-09T09:02:42.026Z] [error]: HIDE::404::NotFound::Not found file!::
[2025-06-09T09:02:42.159Z] [error]: HIDE::404::NotFound::Not found file!::
[2025-06-09T09:02:42.182Z] [error]: HIDE::404::NotFound::Not found file!::
[2025-06-09T09:02:42.184Z] [error]: HIDE::404::NotFound::Not found file!::
[2025-06-09T09:02:42.186Z] [error]: HIDE::404::NotFound::Not found file!::
[2025-06-09T09:02:42.189Z] [error]: HIDE::404::NotFound::Not found file!::
[2025-06-09T09:02:42.200Z] [error]: HIDE::404::NotFound::Not found file!::
[2025-06-09T09:02:42.314Z] [error]: HIDE::404::NotFound::Not found file!::
[2025-06-09T09:02:42.336Z] [error]: HIDE::404::NotFound::Not found file!::
[2025-06-09T09:02:42.337Z] [error]: HIDE::404::NotFound::Not found file!::
[2025-06-09T09:02:42.401Z] [error]: HIDE::404::NotFound::Not found file!::
[2025-06-09T09:04:26.233Z] [error]: HIDE::404::NotFound::Not found file!::
[2025-06-09T09:04:26.289Z] [error]: HIDE::404::NotFound::Not found file!::
[2025-06-09T09:04:26.290Z] [error]: HIDE::404::NotFound::Not found file!::
[2025-06-09T09:04:26.293Z] [error]: HIDE::404::NotFound::Not found file!::
[2025-06-09T09:09:46.277Z] [error]: HIDE::403::Forbidden::Token is expired or invalid!::
[2025-06-09T09:09:57.172Z] [error]: HIDE::403::Forbidden::Token not found!::
[2025-06-09T09:09:57.184Z] [error]: HIDE::403::Forbidden::Token not found!::
[2025-06-09T09:09:58.218Z] [error]: HIDE::403::Forbidden::Token not found!::
[2025-06-09T09:10:15.799Z] [error]: HIDE::403::Forbidden::Token not found!::
[2025-06-09T09:10:18.551Z] [error]: HIDE::403::Forbidden::Token not found!::
[2025-06-09T09:10:29.878Z] [error]: HIDE::404::NotFound::Not found file!::
[2025-06-09T09:10:29.893Z] [error]: HIDE::404::NotFound::Not found file!::
[2025-06-09T09:10:29.894Z] [error]: HIDE::404::NotFound::Not found file!::
[2025-06-09T09:10:29.946Z] [error]: HIDE::404::NotFound::Not found file!::
[2025-06-09T09:18:24.829Z] [error]: HIDE::404::NotFound::Not found file!::
[2025-06-09T09:18:25.056Z] [error]: HIDE::404::NotFound::Not found file!::
[2025-06-09T09:18:25.061Z] [error]: HIDE::404::NotFound::Not found file!::
[2025-06-09T09:18:25.063Z] [error]: HIDE::404::NotFound::Not found file!::
[2025-06-09T09:22:30.304Z] [error]: HIDE::404::NotFound::Not found file!::
[2025-06-09T09:22:30.329Z] [error]: HIDE::404::NotFound::Not found file!::
[2025-06-09T09:22:30.330Z] [error]: HIDE::404::NotFound::Not found file!::
[2025-06-09T09:22:30.360Z] [error]: HIDE::404::NotFound::Not found file!::
[2025-06-09T09:32:14.224Z] [error]: HIDE::403::Forbidden::Token not found!::
[2025-06-09T09:32:55.699Z] [error]: HIDE::403::Forbidden::Token not found!::
