[2025-06-09T02:06:05.223Z] [info]: Socket.IO service initialized
[2025-06-09T02:07:00.149Z] [info]: Cleanup key token: 2 key token cleaned
[2025-06-09T02:07:00.149Z] [info]: Cleanup key token: 0 refresh token used cleaned
[2025-06-09T02:08:00.261Z] [info]: Cleanup key token: 0 key token cleaned
[2025-06-09T02:08:00.261Z] [info]: Cleanup key token: 0 refresh token used cleaned
[2025-06-09T02:09:00.191Z] [info]: Cleanup key token: 0 key token cleaned
[2025-06-09T02:09:00.191Z] [info]: Cleanup key token: 0 refresh token used cleaned
[2025-06-09T02:10:00.158Z] [info]: Cleanup key token: 0 key token cleaned
[2025-06-09T02:10:00.160Z] [info]: Cleanup key token: 0 refresh token used cleaned
[2025-06-09T02:11:00.081Z] [info]: Cleanup key token: 1 key token cleaned
[2025-06-09T02:11:00.083Z] [info]: Cleanup key token: 0 refresh token used cleaned
[2025-06-09T02:12:00.094Z] [info]: Cleanup key token: 1 key token cleaned
[2025-06-09T02:12:00.094Z] [info]: Cleanup key token: 0 refresh token used cleaned
[2025-06-09T02:12:31.459Z] [info]: User connected: Nguyen Tuong Vy (683f2a06768a422efb9e5da7)
[2025-06-09T02:12:31.905Z] [info]: User 683f2a06768a422efb9e5da7 joined conversation 6846430faf376d2bc87951ad
[2025-06-09T02:12:36.661Z] [info]: User disconnected: Nguyen Tuong Vy (683f2a06768a422efb9e5da7)
[2025-06-09T02:12:45.006Z] [info]: User connected: Nguyen Tuong Vy (683f2a06768a422efb9e5da7)
[2025-06-09T02:12:45.338Z] [info]: User 683f2a06768a422efb9e5da7 joined conversation 683f2cb2768a422efb9e6025
[2025-06-09T02:12:46.111Z] [info]: Messages marked as read by 683f2a06768a422efb9e5da7 in conversation 683f2cb2768a422efb9e6025
[2025-06-09T02:12:59.740Z] [info]: Message sent from 683f2a06768a422efb9e5da7 to 683f2a06768a422efb9e5da7
[2025-06-09T02:13:00.234Z] [info]: Cleanup key token: 1 key token cleaned
[2025-06-09T02:13:00.234Z] [info]: Cleanup key token: 0 refresh token used cleaned
[2025-06-09T02:14:00.178Z] [info]: Cleanup key token: 1 key token cleaned
[2025-06-09T02:14:00.178Z] [info]: Cleanup key token: 0 refresh token used cleaned
[2025-06-09T02:15:00.552Z] [info]: Cleanup key token: 1 key token cleaned
[2025-06-09T02:15:00.553Z] [info]: Cleanup key token: 0 refresh token used cleaned
[2025-06-09T02:15:04.829Z] [info]: User connected: Nguyen Tuong Vy (683f2a06768a422efb9e5da7)
[2025-06-09T02:15:08.144Z] [info]: User 683f2a06768a422efb9e5da7 joined conversation 683f2cb2768a422efb9e6025
[2025-06-09T02:15:08.293Z] [info]: Messages marked as read by 683f2a06768a422efb9e5da7 in conversation 683f2cb2768a422efb9e6025
[2025-06-09T02:15:19.916Z] [info]: User disconnected: Nguyen Tuong Vy (683f2a06768a422efb9e5da7)
[2025-06-09T02:15:20.072Z] [info]: User connected: Nguyen Tuong Vy (683f2a06768a422efb9e5da7)
[2025-06-09T02:15:53.629Z] [info]: User disconnected: Nguyen Tuong Vy (683f2a06768a422efb9e5da7)
[2025-06-09T02:15:54.637Z] [info]: User connected: Trần Văn Còn SHOP (683ad7cdd47acfe33eb35312)
[2025-06-09T02:16:01.018Z] [info]: Cleanup key token: 2 key token cleaned
[2025-06-09T02:16:01.018Z] [info]: Cleanup key token: 0 refresh token used cleaned
[2025-06-09T02:16:10.911Z] [info]: User disconnected: Trần Văn Còn SHOP (683ad7cdd47acfe33eb35312)
[2025-06-09T02:16:11.091Z] [info]: User connected: Trần Văn Còn SHOP (683ad7cdd47acfe33eb35312)
[2025-06-09T02:16:43.519Z] [info]: User 683f2a06768a422efb9e5da7 left conversation 683f2cb2768a422efb9e6025
[2025-06-09T02:16:43.525Z] [info]: User 683f2a06768a422efb9e5da7 joined conversation 6846430faf376d2bc87951ad
[2025-06-09T02:16:43.599Z] [info]: Messages marked as read by 683f2a06768a422efb9e5da7 in conversation 6846430faf376d2bc87951ad
[2025-06-09T02:17:00.107Z] [info]: Cleanup key token: 3 key token cleaned
[2025-06-09T02:17:00.108Z] [info]: Cleanup key token: 0 refresh token used cleaned
[2025-06-09T02:18:00.245Z] [info]: Cleanup key token: 3 key token cleaned
[2025-06-09T02:18:00.246Z] [info]: Cleanup key token: 0 refresh token used cleaned
[2025-06-09T02:19:00.569Z] [info]: Cleanup key token: 3 key token cleaned
[2025-06-09T02:19:00.570Z] [info]: Cleanup key token: 0 refresh token used cleaned
[2025-06-09T02:20:00.182Z] [info]: Cleanup key token: 3 key token cleaned
[2025-06-09T02:20:00.182Z] [info]: Cleanup key token: 0 refresh token used cleaned
[2025-06-09T02:21:00.273Z] [info]: Cleanup key token: 3 key token cleaned
[2025-06-09T02:21:00.273Z] [info]: Cleanup key token: 0 refresh token used cleaned
[2025-06-09T02:21:35.181Z] [info]: User connected: Nguyen Tuong Vy (683f2a06768a422efb9e5da7)
[2025-06-09T02:21:35.392Z] [info]: User 683f2a06768a422efb9e5da7 joined conversation 6846430faf376d2bc87951ad
[2025-06-09T02:22:00.111Z] [info]: Cleanup key token: 3 key token cleaned
[2025-06-09T02:22:00.112Z] [info]: Cleanup key token: 0 refresh token used cleaned
[2025-06-09T02:22:06.112Z] [info]: Message sent from 683f2a06768a422efb9e5da7 to 683ad7cdd47acfe33eb35312
[2025-06-09T02:23:00.024Z] [info]: User disconnected: Nguyen Tuong Vy (683f2a06768a422efb9e5da7)
[2025-06-09T02:23:00.285Z] [info]: Cleanup key token: 3 key token cleaned
[2025-06-09T02:23:00.287Z] [info]: Cleanup key token: 0 refresh token used cleaned
[2025-06-09T02:23:24.022Z] [info]: User 683f2a06768a422efb9e5da7 left conversation 6846430faf376d2bc87951ad
[2025-06-09T02:23:24.036Z] [info]: User 683f2a06768a422efb9e5da7 joined conversation 683f2cb2768a422efb9e6025
[2025-06-09T02:23:24.130Z] [info]: Messages marked as read by 683f2a06768a422efb9e5da7 in conversation 683f2cb2768a422efb9e6025
[2025-06-09T02:23:53.345Z] [info]: User 683f2a06768a422efb9e5da7 left conversation 683f2cb2768a422efb9e6025
[2025-06-09T02:23:53.358Z] [info]: User disconnected: Nguyen Tuong Vy (683f2a06768a422efb9e5da7)
[2025-06-09T02:23:57.060Z] [info]: User 683ad7cdd47acfe33eb35312 joined conversation 6846430faf376d2bc87951ad
[2025-06-09T02:23:57.156Z] [info]: Messages marked as read by 683ad7cdd47acfe33eb35312 in conversation 6846430faf376d2bc87951ad
[2025-06-09T02:24:00.292Z] [info]: Cleanup key token: 3 key token cleaned
[2025-06-09T02:24:00.292Z] [info]: Cleanup key token: 0 refresh token used cleaned
[2025-06-09T02:24:00.518Z] [info]: Message sent from 683ad7cdd47acfe33eb35312 to 683f2a06768a422efb9e5da7
[2025-06-09T02:24:13.982Z] [info]: User connected: Nguyen Tuong Vy (683f2a06768a422efb9e5da7)
[2025-06-09T02:24:14.189Z] [info]: User 683f2a06768a422efb9e5da7 joined conversation 6846430faf376d2bc87951ad
[2025-06-09T02:24:14.664Z] [info]: Messages marked as read by 683f2a06768a422efb9e5da7 in conversation 6846430faf376d2bc87951ad
[2025-06-09T02:24:22.074Z] [info]: User connected: Trần Văn Còn  User (683ad9c4a57da745de42b9a8)
[2025-06-09T02:24:22.447Z] [info]: User 683ad9c4a57da745de42b9a8 joined conversation 684645d6af376d2bc8795494
[2025-06-09T02:24:28.537Z] [info]: User disconnected: Trần Văn Còn  User (683ad9c4a57da745de42b9a8)
[2025-06-09T02:24:52.886Z] [info]: User disconnected: Nguyen Tuong Vy (683f2a06768a422efb9e5da7)
[2025-06-09T02:25:00.323Z] [info]: Cleanup key token: 3 key token cleaned
[2025-06-09T02:25:00.324Z] [info]: Cleanup key token: 0 refresh token used cleaned
[2025-06-09T02:26:00.098Z] [info]: Cleanup key token: 3 key token cleaned
[2025-06-09T02:26:00.098Z] [info]: Cleanup key token: 0 refresh token used cleaned
[2025-06-09T02:27:06.530Z] [info]: Cleanup key token: 3 key token cleaned
[2025-06-09T02:27:06.531Z] [info]: Cleanup key token: 0 refresh token used cleaned
[2025-06-09T02:28:01.213Z] [info]: Cleanup key token: 3 key token cleaned
[2025-06-09T02:28:01.214Z] [info]: Cleanup key token: 0 refresh token used cleaned
[2025-06-09T02:28:30.701Z] [info]: Socket.IO service initialized
[2025-06-09T02:28:32.432Z] [info]: User connected: Trần Văn Còn SHOP (683ad7cdd47acfe33eb35312)
[2025-06-09T02:28:39.348Z] [info]: Socket.IO service initialized
[2025-06-09T02:28:42.011Z] [info]: User connected: Trần Văn Còn SHOP (683ad7cdd47acfe33eb35312)
[2025-06-09T02:29:00.427Z] [info]: Cleanup key token: 3 key token cleaned
[2025-06-09T02:29:00.427Z] [info]: Cleanup key token: 0 refresh token used cleaned
[2025-06-09T02:30:00.122Z] [info]: Cleanup key token: 3 key token cleaned
[2025-06-09T02:30:00.122Z] [info]: Cleanup key token: 0 refresh token used cleaned
[2025-06-09T02:31:00.126Z] [info]: Cleanup key token: 3 key token cleaned
[2025-06-09T02:31:00.127Z] [info]: Cleanup key token: 0 refresh token used cleaned
[2025-06-09T02:31:46.119Z] [info]: Socket.IO service initialized
[2025-06-09T02:31:48.331Z] [info]: User connected: Trần Văn Còn SHOP (683ad7cdd47acfe33eb35312)
[2025-06-09T02:31:52.140Z] [info]: Socket.IO service initialized
[2025-06-09T02:31:54.199Z] [info]: User connected: Trần Văn Còn SHOP (683ad7cdd47acfe33eb35312)
[2025-06-09T02:32:00.125Z] [info]: Cleanup key token: 3 key token cleaned
[2025-06-09T02:32:00.126Z] [info]: Cleanup key token: 0 refresh token used cleaned
[2025-06-09T02:32:27.237Z] [info]: Socket.IO service initialized
[2025-06-09T02:32:27.809Z] [info]: User connected: Trần Văn Còn SHOP (683ad7cdd47acfe33eb35312)
[2025-06-09T02:32:39.089Z] [info]: Socket.IO service initialized
[2025-06-09T02:32:40.870Z] [info]: User connected: Trần Văn Còn SHOP (683ad7cdd47acfe33eb35312)
[2025-06-09T02:32:49.231Z] [info]: Socket.IO service initialized
[2025-06-09T02:32:52.347Z] [info]: User connected: Trần Văn Còn SHOP (683ad7cdd47acfe33eb35312)
[2025-06-09T02:33:00.530Z] [info]: Cleanup key token: 3 key token cleaned
[2025-06-09T02:33:00.530Z] [info]: Cleanup key token: 0 refresh token used cleaned
[2025-06-09T02:33:04.968Z] [info]: Socket.IO service initialized
[2025-06-09T02:33:06.037Z] [info]: User connected: Trần Văn Còn SHOP (683ad7cdd47acfe33eb35312)
[2025-06-09T02:33:13.801Z] [info]: Socket.IO service initialized
[2025-06-09T02:33:15.831Z] [info]: User connected: Trần Văn Còn SHOP (683ad7cdd47acfe33eb35312)
[2025-06-09T02:34:00.625Z] [info]: Cleanup key token: 3 key token cleaned
[2025-06-09T02:34:00.625Z] [info]: Cleanup key token: 0 refresh token used cleaned
[2025-06-09T02:34:58.248Z] [info]: Socket.IO service initialized
[2025-06-09T02:34:59.708Z] [info]: User connected: Trần Văn Còn SHOP (683ad7cdd47acfe33eb35312)
[2025-06-09T02:35:00.139Z] [info]: Cleanup key token: 3 key token cleaned
[2025-06-09T02:35:00.142Z] [info]: Cleanup key token: 0 refresh token used cleaned
[2025-06-09T02:35:06.828Z] [info]: Socket.IO service initialized
[2025-06-09T02:35:09.372Z] [info]: User connected: Trần Văn Còn SHOP (683ad7cdd47acfe33eb35312)
[2025-06-09T02:35:57.565Z] [info]: Socket.IO service initialized
[2025-06-09T02:35:59.761Z] [info]: User connected: Trần Văn Còn SHOP (683ad7cdd47acfe33eb35312)
[2025-06-09T02:36:00.111Z] [info]: Cleanup key token: 3 key token cleaned
[2025-06-09T02:36:00.112Z] [info]: Cleanup key token: 0 refresh token used cleaned
[2025-06-09T02:36:11.062Z] [info]: Socket.IO service initialized
[2025-06-09T02:36:13.352Z] [info]: User connected: Trần Văn Còn SHOP (683ad7cdd47acfe33eb35312)
[2025-06-09T02:36:57.529Z] [info]: Socket.IO service initialized
[2025-06-09T02:37:01.170Z] [info]: Socket.IO service initialized
[2025-06-09T02:37:01.439Z] [info]: User connected: Trần Văn Còn SHOP (683ad7cdd47acfe33eb35312)
[2025-06-09T02:38:00.352Z] [info]: Cleanup key token: 3 key token cleaned
[2025-06-09T02:38:00.353Z] [info]: Cleanup key token: 0 refresh token used cleaned
[2025-06-09T02:39:00.371Z] [info]: Cleanup key token: 3 key token cleaned
[2025-06-09T02:39:00.372Z] [info]: Cleanup key token: 0 refresh token used cleaned
[2025-06-09T02:39:23.353Z] [info]: User disconnected: Trần Văn Còn SHOP (683ad7cdd47acfe33eb35312)
[2025-06-09T02:39:24.959Z] [info]: User connected: Trần Văn Còn SHOP (683ad7cdd47acfe33eb35312)
[2025-06-09T02:39:26.805Z] [info]: User 683ad7cdd47acfe33eb35312 joined conversation 684645d6af376d2bc8795494
[2025-06-09T02:39:26.923Z] [info]: Messages marked as read by 683ad7cdd47acfe33eb35312 in conversation 684645d6af376d2bc8795494
[2025-06-09T02:39:28.574Z] [info]: User 683ad7cdd47acfe33eb35312 left conversation 684645d6af376d2bc8795494
[2025-06-09T02:39:28.584Z] [info]: User 683ad7cdd47acfe33eb35312 joined conversation 6846430faf376d2bc87951ad
[2025-06-09T02:39:28.666Z] [info]: Messages marked as read by 683ad7cdd47acfe33eb35312 in conversation 6846430faf376d2bc87951ad
[2025-06-09T02:39:30.290Z] [info]: User 683ad7cdd47acfe33eb35312 left conversation 6846430faf376d2bc87951ad
[2025-06-09T02:39:30.300Z] [info]: User disconnected: Trần Văn Còn SHOP (683ad7cdd47acfe33eb35312)
[2025-06-09T02:39:40.202Z] [info]: User connected: Trần Văn Còn SHOP (683ad7cdd47acfe33eb35312)
[2025-06-09T02:40:00.102Z] [info]: Cleanup key token: 3 key token cleaned
[2025-06-09T02:40:00.102Z] [info]: Cleanup key token: 0 refresh token used cleaned
[2025-06-09T02:40:59.052Z] [info]: User disconnected: Trần Văn Còn SHOP (683ad7cdd47acfe33eb35312)
[2025-06-09T02:41:00.580Z] [info]: Cleanup key token: 3 key token cleaned
[2025-06-09T02:41:00.580Z] [info]: Cleanup key token: 0 refresh token used cleaned
[2025-06-09T02:41:51.126Z] [info]: Server closed
[2025-06-09T02:45:16.272Z] [info]: Socket.IO service initialized
[2025-06-09T02:45:27.377Z] [info]: Socket.IO service initialized
[2025-06-09T02:45:37.275Z] [info]: Socket.IO service initialized
[2025-06-09T02:45:45.815Z] [info]: Socket.IO service initialized
[2025-06-09T02:45:54.220Z] [info]: Socket.IO service initialized
[2025-06-09T02:46:00.339Z] [info]: Cleanup key token: 3 key token cleaned
[2025-06-09T02:46:00.339Z] [info]: Cleanup key token: 0 refresh token used cleaned
[2025-06-09T02:46:12.523Z] [info]: Socket.IO service initialized
[2025-06-09T02:46:21.903Z] [info]: Socket.IO service initialized
[2025-06-09T02:46:35.411Z] [info]: Socket.IO service initialized
[2025-06-09T02:46:49.041Z] [info]: Socket.IO service initialized
[2025-06-09T02:46:59.769Z] [info]: Socket.IO service initialized
[2025-06-09T02:47:00.238Z] [info]: Cleanup key token: 3 key token cleaned
[2025-06-09T02:47:00.239Z] [info]: Cleanup key token: 0 refresh token used cleaned
[2025-06-09T02:47:09.272Z] [info]: Socket.IO service initialized
[2025-06-09T02:47:17.066Z] [info]: Socket.IO service initialized
[2025-06-09T02:47:23.054Z] [info]: Socket.IO service initialized
[2025-06-09T02:47:31.195Z] [info]: Socket.IO service initialized
[2025-06-09T02:48:00.442Z] [info]: Cleanup key token: 3 key token cleaned
[2025-06-09T02:48:00.442Z] [info]: Cleanup key token: 0 refresh token used cleaned
[2025-06-09T02:49:00.172Z] [info]: Cleanup key token: 3 key token cleaned
[2025-06-09T02:49:00.173Z] [info]: Cleanup key token: 0 refresh token used cleaned
[2025-06-09T02:49:13.998Z] [info]: Socket.IO service initialized
[2025-06-09T02:49:26.520Z] [info]: Socket.IO service initialized
[2025-06-09T02:49:38.747Z] [info]: Socket.IO service initialized
[2025-06-09T02:50:00.412Z] [info]: Cleanup key token: 3 key token cleaned
[2025-06-09T02:50:00.414Z] [info]: Cleanup key token: 0 refresh token used cleaned
[2025-06-09T02:51:00.105Z] [info]: Cleanup key token: 3 key token cleaned
[2025-06-09T02:51:00.106Z] [info]: Cleanup key token: 0 refresh token used cleaned
[2025-06-09T02:51:39.902Z] [info]: Socket.IO service initialized
[2025-06-09T02:51:56.748Z] [info]: Socket.IO service initialized
[2025-06-09T02:52:00.133Z] [info]: Cleanup key token: 3 key token cleaned
[2025-06-09T02:52:00.134Z] [info]: Cleanup key token: 0 refresh token used cleaned
[2025-06-09T02:52:06.331Z] [info]: Socket.IO service initialized
[2025-06-09T02:53:00.384Z] [info]: Cleanup key token: 3 key token cleaned
[2025-06-09T02:53:00.385Z] [info]: Cleanup key token: 0 refresh token used cleaned
[2025-06-09T02:54:00.262Z] [info]: Cleanup key token: 3 key token cleaned
[2025-06-09T02:54:00.263Z] [info]: Cleanup key token: 0 refresh token used cleaned
[2025-06-09T02:55:00.446Z] [info]: Cleanup key token: 3 key token cleaned
[2025-06-09T02:55:00.447Z] [info]: Cleanup key token: 0 refresh token used cleaned
[2025-06-09T02:56:00.117Z] [info]: Cleanup key token: 3 key token cleaned
[2025-06-09T02:56:00.118Z] [info]: Cleanup key token: 0 refresh token used cleaned
[2025-06-09T02:57:00.242Z] [info]: Cleanup key token: 3 key token cleaned
[2025-06-09T02:57:00.242Z] [info]: Cleanup key token: 0 refresh token used cleaned
[2025-06-09T02:58:00.398Z] [info]: Cleanup key token: 3 key token cleaned
[2025-06-09T02:58:00.400Z] [info]: Cleanup key token: 0 refresh token used cleaned
[2025-06-09T02:58:22.008Z] [info]: Socket.IO service initialized
[2025-06-09T02:59:00.110Z] [info]: Cleanup key token: 3 key token cleaned
[2025-06-09T02:59:00.110Z] [info]: Cleanup key token: 0 refresh token used cleaned
[2025-06-09T02:59:37.347Z] [info]: Socket.IO service initialized
[2025-06-09T02:59:53.771Z] [info]: Socket.IO service initialized
[2025-06-09T03:00:00.911Z] [info]: Cleanup key token: 3 key token cleaned
[2025-06-09T03:00:00.912Z] [info]: Cleanup key token: 0 refresh token used cleaned
[2025-06-09T03:00:06.752Z] [info]: Socket.IO service initialized
[2025-06-09T03:00:17.289Z] [info]: User connected: Nguyen Tuong Vy (683f2a06768a422efb9e5da7)
[2025-06-09T03:00:20.314Z] [info]: Socket.IO service initialized
[2025-06-09T03:00:32.790Z] [info]: User connected: Nguyen Tuong Vy (683f2a06768a422efb9e5da7)
[2025-06-09T03:00:39.928Z] [info]: Socket.IO service initialized
[2025-06-09T03:00:41.607Z] [info]: User connected: Nguyen Tuong Vy (683f2a06768a422efb9e5da7)
[2025-06-09T03:00:54.176Z] [info]: Socket.IO service initialized
[2025-06-09T03:01:14.487Z] [info]: Socket.IO service initialized
[2025-06-09T03:01:15.500Z] [info]: User connected: Nguyen Tuong Vy (683f2a06768a422efb9e5da7)
[2025-06-09T03:01:24.077Z] [info]: Socket.IO service initialized
[2025-06-09T03:01:26.303Z] [info]: User connected: Nguyen Tuong Vy (683f2a06768a422efb9e5da7)
[2025-06-09T03:01:33.852Z] [info]: Socket.IO service initialized
[2025-06-09T03:01:43.457Z] [info]: Socket.IO service initialized
[2025-06-09T03:01:53.882Z] [info]: Socket.IO service initialized
[2025-06-09T03:01:58.408Z] [info]: Server closed
[2025-06-09T03:02:04.540Z] [info]: Socket.IO service initialized
[2025-06-09T03:02:14.575Z] [info]: Socket.IO service initialized
[2025-06-09T03:02:25.996Z] [info]: Socket.IO service initialized
[2025-06-09T03:02:34.459Z] [info]: Socket.IO service initialized
[2025-06-09T03:03:00.319Z] [info]: Cleanup key token: 3 key token cleaned
[2025-06-09T03:03:00.320Z] [info]: Cleanup key token: 0 refresh token used cleaned
[2025-06-09T03:03:45.965Z] [info]: Socket.IO service initialized
[2025-06-09T03:04:00.737Z] [info]: Cleanup key token: 3 key token cleaned
[2025-06-09T03:04:00.737Z] [info]: Cleanup key token: 0 refresh token used cleaned
[2025-06-09T03:05:00.330Z] [info]: Cleanup key token: 3 key token cleaned
[2025-06-09T03:05:00.330Z] [info]: Cleanup key token: 0 refresh token used cleaned
[2025-06-09T03:06:01.073Z] [info]: Cleanup key token: 3 key token cleaned
[2025-06-09T03:06:01.074Z] [info]: Cleanup key token: 0 refresh token used cleaned
[2025-06-09T03:07:00.128Z] [info]: Cleanup key token: 3 key token cleaned
[2025-06-09T03:07:00.131Z] [info]: Cleanup key token: 0 refresh token used cleaned
[2025-06-09T03:08:00.288Z] [info]: Cleanup key token: 3 key token cleaned
[2025-06-09T03:08:00.289Z] [info]: Cleanup key token: 0 refresh token used cleaned
[2025-06-09T03:09:00.311Z] [info]: Cleanup key token: 3 key token cleaned
[2025-06-09T03:09:00.312Z] [info]: Cleanup key token: 0 refresh token used cleaned
[2025-06-09T03:10:00.294Z] [info]: Cleanup key token: 3 key token cleaned
[2025-06-09T03:10:00.295Z] [info]: Cleanup key token: 0 refresh token used cleaned
[2025-06-09T03:11:00.320Z] [info]: Cleanup key token: 3 key token cleaned
[2025-06-09T03:11:00.321Z] [info]: Cleanup key token: 0 refresh token used cleaned
[2025-06-09T03:12:00.198Z] [info]: Cleanup key token: 3 key token cleaned
[2025-06-09T03:12:00.199Z] [info]: Cleanup key token: 0 refresh token used cleaned
[2025-06-09T03:13:00.376Z] [info]: Cleanup key token: 3 key token cleaned
[2025-06-09T03:13:00.378Z] [info]: Cleanup key token: 0 refresh token used cleaned
[2025-06-09T03:14:00.282Z] [info]: Cleanup key token: 3 key token cleaned
[2025-06-09T03:14:00.283Z] [info]: Cleanup key token: 0 refresh token used cleaned
[2025-06-09T03:15:00.299Z] [info]: Cleanup key token: 3 key token cleaned
[2025-06-09T03:15:00.300Z] [info]: Cleanup key token: 0 refresh token used cleaned
[2025-06-09T03:16:00.305Z] [info]: Cleanup key token: 3 key token cleaned
[2025-06-09T03:16:00.306Z] [info]: Cleanup key token: 0 refresh token used cleaned
[2025-06-09T03:17:00.126Z] [info]: Cleanup key token: 3 key token cleaned
[2025-06-09T03:17:00.126Z] [info]: Cleanup key token: 0 refresh token used cleaned
[2025-06-09T03:18:00.356Z] [info]: Cleanup key token: 4 key token cleaned
[2025-06-09T03:18:00.357Z] [info]: Cleanup key token: 0 refresh token used cleaned
[2025-06-09T03:19:00.280Z] [info]: Cleanup key token: 4 key token cleaned
[2025-06-09T03:19:00.281Z] [info]: Cleanup key token: 0 refresh token used cleaned
[2025-06-09T03:20:00.452Z] [info]: Cleanup key token: 4 key token cleaned
[2025-06-09T03:20:00.452Z] [info]: Cleanup key token: 0 refresh token used cleaned
[2025-06-09T03:21:00.343Z] [info]: Cleanup key token: 4 key token cleaned
[2025-06-09T03:21:00.344Z] [info]: Cleanup key token: 0 refresh token used cleaned
[2025-06-09T03:22:00.115Z] [info]: Cleanup key token: 4 key token cleaned
[2025-06-09T03:22:00.116Z] [info]: Cleanup key token: 0 refresh token used cleaned
[2025-06-09T03:23:00.381Z] [info]: Cleanup key token: 4 key token cleaned
[2025-06-09T03:23:00.382Z] [info]: Cleanup key token: 0 refresh token used cleaned
[2025-06-09T03:24:00.398Z] [info]: Cleanup key token: 4 key token cleaned
[2025-06-09T03:24:00.398Z] [info]: Cleanup key token: 0 refresh token used cleaned
[2025-06-09T03:25:00.311Z] [info]: Cleanup key token: 4 key token cleaned
[2025-06-09T03:25:00.311Z] [info]: Cleanup key token: 0 refresh token used cleaned
[2025-06-09T03:26:00.536Z] [info]: Cleanup key token: 4 key token cleaned
[2025-06-09T03:26:00.537Z] [info]: Cleanup key token: 0 refresh token used cleaned
[2025-06-09T03:26:38.394Z] [info]: Socket.IO service initialized
[2025-06-09T03:26:45.588Z] [info]: Socket.IO service initialized
[2025-06-09T03:26:52.946Z] [info]: Socket.IO service initialized
[2025-06-09T03:27:34.239Z] [info]: Socket.IO service initialized
[2025-06-09T03:27:55.053Z] [info]: Socket.IO service initialized
[2025-06-09T03:28:00.143Z] [info]: Cleanup key token: 4 key token cleaned
[2025-06-09T03:28:00.143Z] [info]: Cleanup key token: 0 refresh token used cleaned
[2025-06-09T03:28:00.147Z] [info]: Inventory-SKU Sync: 5 processed, 4 updated, 1 skipped, 0 errors
[2025-06-09T03:28:05.670Z] [info]: Socket.IO service initialized
[2025-06-09T03:28:14.305Z] [info]: Socket.IO service initialized
[2025-06-09T03:28:22.423Z] [info]: Socket.IO service initialized
[2025-06-09T03:28:31.020Z] [info]: Socket.IO service initialized
[2025-06-09T03:29:00.194Z] [info]: Inventory-SKU Sync: 5 processed, 0 updated, 5 skipped, 0 errors
[2025-06-09T03:29:00.232Z] [info]: Cleanup key token: 4 key token cleaned
[2025-06-09T03:29:00.233Z] [info]: Cleanup key token: 0 refresh token used cleaned
[2025-06-09T03:29:11.963Z] [info]: Socket.IO service initialized
[2025-06-09T03:30:06.332Z] [info]: Socket.IO service initialized
[2025-06-09T03:31:00.589Z] [info]: Inventory-SKU Sync: 5 processed, 0 updated, 5 skipped, 0 errors
[2025-06-09T03:31:00.591Z] [info]: Cleanup key token: 4 key token cleaned
[2025-06-09T03:31:00.591Z] [info]: Cleanup key token: 0 refresh token used cleaned
[2025-06-09T03:31:13.656Z] [info]: Socket.IO service initialized
[2025-06-09T03:32:00.073Z] [info]: Inventory-SKU Sync: 5 processed, 0 updated, 5 skipped, 0 errors
[2025-06-09T03:32:00.107Z] [info]: Cleanup key token: 4 key token cleaned
[2025-06-09T03:32:00.107Z] [info]: Cleanup key token: 0 refresh token used cleaned
[2025-06-09T03:33:00.429Z] [info]: Cleanup key token: 4 key token cleaned
[2025-06-09T03:33:00.430Z] [info]: Cleanup key token: 0 refresh token used cleaned
[2025-06-09T03:34:00.260Z] [info]: Cleanup key token: 4 key token cleaned
[2025-06-09T03:34:00.260Z] [info]: Cleanup key token: 0 refresh token used cleaned
[2025-06-09T03:35:00.469Z] [info]: Cleanup key token: 4 key token cleaned
[2025-06-09T03:35:00.470Z] [info]: Cleanup key token: 0 refresh token used cleaned
[2025-06-09T03:36:00.135Z] [info]: Cleanup key token: 4 key token cleaned
[2025-06-09T03:36:00.138Z] [info]: Cleanup key token: 0 refresh token used cleaned
[2025-06-09T03:37:00.645Z] [info]: Cleanup key token: 4 key token cleaned
[2025-06-09T03:37:00.648Z] [info]: Cleanup key token: 0 refresh token used cleaned
[2025-06-09T03:37:14.079Z] [info]: Socket.IO service initialized
[2025-06-09T03:37:28.435Z] [info]: Socket.IO service initialized
[2025-06-09T03:37:36.692Z] [info]: Socket.IO service initialized
[2025-06-09T03:37:52.058Z] [info]: Socket.IO service initialized
[2025-06-09T03:38:03.272Z] [info]: Socket.IO service initialized
[2025-06-09T03:38:12.065Z] [info]: Socket.IO service initialized
[2025-06-09T03:38:25.329Z] [info]: Socket.IO service initialized
[2025-06-09T03:38:34.735Z] [info]: Socket.IO service initialized
[2025-06-09T03:38:43.010Z] [info]: Socket.IO service initialized
[2025-06-09T03:38:50.877Z] [info]: Socket.IO service initialized
[2025-06-09T03:38:56.279Z] [info]: Socket.IO service initialized
[2025-06-09T03:39:00.655Z] [info]: Inventory-SKU Sync: 5 processed, 0 updated, 5 skipped, 0 errors
[2025-06-09T03:39:00.688Z] [info]: Cleanup key token: 4 key token cleaned
[2025-06-09T03:39:00.689Z] [info]: Cleanup key token: 0 refresh token used cleaned
[2025-06-09T03:40:00.109Z] [info]: Cleanup key token: 4 key token cleaned
[2025-06-09T03:40:00.109Z] [info]: Cleanup key token: 0 refresh token used cleaned
[2025-06-09T03:40:13.693Z] [info]: Socket.IO service initialized
[2025-06-09T03:41:00.152Z] [info]: Inventory-SKU Sync: 5 processed, 0 updated, 5 skipped, 0 errors
[2025-06-09T03:41:00.155Z] [info]: Cleanup key token: 4 key token cleaned
[2025-06-09T03:41:00.155Z] [info]: Cleanup key token: 0 refresh token used cleaned
[2025-06-09T03:41:12.707Z] [info]: Socket.IO service initialized
[2025-06-09T03:41:23.120Z] [info]: Socket.IO service initialized
[2025-06-09T03:41:34.810Z] [info]: Socket.IO service initialized
[2025-06-09T03:41:45.713Z] [info]: Socket.IO service initialized
[2025-06-09T03:42:00.449Z] [info]: Inventory-SKU Sync: 5 processed, 0 updated, 5 skipped, 0 errors
[2025-06-09T03:42:00.480Z] [info]: Cleanup key token: 4 key token cleaned
[2025-06-09T03:42:00.480Z] [info]: Cleanup key token: 0 refresh token used cleaned
[2025-06-09T03:43:00.275Z] [info]: Cleanup key token: 4 key token cleaned
[2025-06-09T03:43:00.275Z] [info]: Cleanup key token: 0 refresh token used cleaned
[2025-06-09T03:44:00.256Z] [info]: Cleanup key token: 4 key token cleaned
[2025-06-09T03:44:00.257Z] [info]: Cleanup key token: 0 refresh token used cleaned
[2025-06-09T03:45:00.105Z] [info]: Cleanup key token: 4 key token cleaned
[2025-06-09T03:45:00.105Z] [info]: Cleanup key token: 0 refresh token used cleaned
[2025-06-09T03:45:32.403Z] [info]: Socket.IO service initialized
[2025-06-09T03:45:48.778Z] [info]: Socket.IO service initialized
[2025-06-09T03:46:00.123Z] [info]: Inventory-SKU Sync: 5 processed, 0 updated, 5 skipped, 0 errors
[2025-06-09T03:46:00.148Z] [info]: Cleanup key token: 4 key token cleaned
[2025-06-09T03:46:00.149Z] [info]: Cleanup key token: 0 refresh token used cleaned
[2025-06-09T03:46:30.958Z] [info]: Socket.IO service initialized
[2025-06-09T03:46:34.347Z] [info]: Socket.IO service initialized
[2025-06-09T03:47:00.224Z] [info]: Inventory-SKU Sync: 5 processed, 0 updated, 5 skipped, 0 errors
[2025-06-09T03:47:00.263Z] [info]: Cleanup key token: 4 key token cleaned
[2025-06-09T03:47:00.264Z] [info]: Cleanup key token: 0 refresh token used cleaned
[2025-06-09T03:47:36.631Z] [info]: Socket.IO service initialized
[2025-06-09T03:47:42.157Z] [info]: Socket.IO service initialized
[2025-06-09T03:47:46.219Z] [info]: Socket.IO service initialized
[2025-06-09T03:48:00.424Z] [info]: Inventory-SKU Sync: 5 processed, 0 updated, 5 skipped, 0 errors
[2025-06-09T03:48:00.480Z] [info]: Cleanup key token: 4 key token cleaned
[2025-06-09T03:48:00.481Z] [info]: Cleanup key token: 0 refresh token used cleaned
[2025-06-09T03:48:18.400Z] [info]: Socket.IO service initialized
[2025-06-09T03:48:38.460Z] [info]: Socket.IO service initialized
[2025-06-09T03:49:00.436Z] [info]: Inventory-SKU Sync: 5 processed, 0 updated, 5 skipped, 0 errors
[2025-06-09T03:49:00.479Z] [info]: Cleanup key token: 4 key token cleaned
[2025-06-09T03:49:00.480Z] [info]: Cleanup key token: 0 refresh token used cleaned
[2025-06-09T03:49:03.912Z] [info]: Socket.IO service initialized
[2025-06-09T03:49:12.420Z] [info]: Socket.IO service initialized
[2025-06-09T03:50:05.416Z] [info]: Socket.IO service initialized
[2025-06-09T03:50:14.264Z] [info]: Socket.IO service initialized
[2025-06-09T03:51:00.090Z] [info]: Inventory-SKU Sync: 5 processed, 0 updated, 5 skipped, 0 errors
[2025-06-09T03:51:00.115Z] [info]: Cleanup key token: 4 key token cleaned
[2025-06-09T03:51:00.116Z] [info]: Cleanup key token: 0 refresh token used cleaned
[2025-06-09T03:52:00.361Z] [info]: Cleanup key token: 4 key token cleaned
[2025-06-09T03:52:00.361Z] [info]: Cleanup key token: 0 refresh token used cleaned
[2025-06-09T03:52:28.043Z] [info]: Socket.IO service initialized
[2025-06-09T03:52:36.762Z] [info]: Socket.IO service initialized
[2025-06-09T03:53:00.685Z] [info]: Inventory-SKU Sync: 5 processed, 0 updated, 5 skipped, 0 errors
[2025-06-09T03:53:00.755Z] [info]: Cleanup key token: 4 key token cleaned
[2025-06-09T03:53:00.755Z] [info]: Cleanup key token: 0 refresh token used cleaned
[2025-06-09T03:53:11.437Z] [info]: Socket.IO service initialized
[2025-06-09T03:53:21.194Z] [info]: Socket.IO service initialized
[2025-06-09T03:53:31.848Z] [info]: Socket.IO service initialized
[2025-06-09T03:54:00.271Z] [info]: Inventory-SKU Sync: 5 processed, 0 updated, 5 skipped, 0 errors
[2025-06-09T03:54:00.302Z] [info]: Cleanup key token: 4 key token cleaned
[2025-06-09T03:54:00.302Z] [info]: Cleanup key token: 0 refresh token used cleaned
[2025-06-09T03:55:01.087Z] [info]: Cleanup key token: 4 key token cleaned
[2025-06-09T03:55:01.087Z] [info]: Cleanup key token: 0 refresh token used cleaned
[2025-06-09T03:56:00.255Z] [info]: Cleanup key token: 4 key token cleaned
[2025-06-09T03:56:00.256Z] [info]: Cleanup key token: 0 refresh token used cleaned
[2025-06-09T03:56:30.886Z] [info]: Socket.IO service initialized
[2025-06-09T03:56:42.272Z] [info]: Socket.IO service initialized
[2025-06-09T03:56:51.778Z] [info]: Socket.IO service initialized
[2025-06-09T03:57:00.122Z] [info]: Inventory-SKU Sync: 5 processed, 0 updated, 5 skipped, 0 errors
[2025-06-09T03:57:00.175Z] [info]: Cleanup key token: 4 key token cleaned
[2025-06-09T03:57:00.175Z] [info]: Cleanup key token: 0 refresh token used cleaned
[2025-06-09T03:57:04.197Z] [info]: Socket.IO service initialized
[2025-06-09T03:57:42.316Z] [info]: Socket.IO service initialized
[2025-06-09T03:57:53.633Z] [info]: Socket.IO service initialized
[2025-06-09T03:58:00.110Z] [info]: Inventory-SKU Sync: 5 processed, 0 updated, 5 skipped, 0 errors
[2025-06-09T03:58:00.145Z] [info]: Cleanup key token: 4 key token cleaned
[2025-06-09T03:58:00.146Z] [info]: Cleanup key token: 0 refresh token used cleaned
[2025-06-09T03:58:04.319Z] [info]: Socket.IO service initialized
[2025-06-09T03:58:21.313Z] [info]: Socket.IO service initialized
[2025-06-09T03:59:00.725Z] [info]: Inventory-SKU Sync: 5 processed, 0 updated, 5 skipped, 0 errors
[2025-06-09T03:59:00.761Z] [info]: Cleanup key token: 4 key token cleaned
[2025-06-09T03:59:00.762Z] [info]: Cleanup key token: 0 refresh token used cleaned
[2025-06-09T04:00:00.307Z] [info]: Cleanup key token: 4 key token cleaned
[2025-06-09T04:00:00.308Z] [info]: Cleanup key token: 0 refresh token used cleaned
[2025-06-09T04:01:00.133Z] [info]: Cleanup key token: 4 key token cleaned
[2025-06-09T04:01:00.133Z] [info]: Cleanup key token: 0 refresh token used cleaned
[2025-06-09T04:02:00.735Z] [info]: Cleanup key token: 4 key token cleaned
[2025-06-09T04:02:00.736Z] [info]: Cleanup key token: 0 refresh token used cleaned
[2025-06-09T04:02:08.315Z] [info]: Socket.IO service initialized
[2025-06-09T04:03:00.098Z] [info]: Inventory-SKU Sync: 5 processed, 0 updated, 5 skipped, 0 errors
[2025-06-09T04:03:00.130Z] [info]: Cleanup key token: 4 key token cleaned
[2025-06-09T04:03:00.131Z] [info]: Cleanup key token: 0 refresh token used cleaned
[2025-06-09T04:04:00.246Z] [info]: Cleanup key token: 4 key token cleaned
[2025-06-09T04:04:00.246Z] [info]: Cleanup key token: 0 refresh token used cleaned
[2025-06-09T04:05:00.293Z] [info]: Cleanup key token: 4 key token cleaned
[2025-06-09T04:05:00.294Z] [info]: Cleanup key token: 0 refresh token used cleaned
[2025-06-09T04:05:21.820Z] [info]: Socket.IO service initialized
[2025-06-09T04:05:35.340Z] [info]: Socket.IO service initialized
[2025-06-09T04:05:48.684Z] [info]: Socket.IO service initialized
[2025-06-09T04:05:58.868Z] [info]: Socket.IO service initialized
[2025-06-09T04:06:00.297Z] [info]: Inventory-SKU Sync: 5 processed, 0 updated, 5 skipped, 0 errors
[2025-06-09T04:06:00.356Z] [info]: Cleanup key token: 4 key token cleaned
[2025-06-09T04:06:00.356Z] [info]: Cleanup key token: 0 refresh token used cleaned
[2025-06-09T04:06:29.283Z] [info]: Socket.IO service initialized
[2025-06-09T04:06:49.848Z] [info]: Socket.IO service initialized
[2025-06-09T04:07:03.492Z] [info]: Socket.IO service initialized
[2025-06-09T04:07:11.603Z] [info]: Socket.IO service initialized
[2025-06-09T04:07:22.530Z] [info]: Socket.IO service initialized
[2025-06-09T04:07:34.795Z] [info]: Socket.IO service initialized
[2025-06-09T04:07:46.246Z] [info]: Socket.IO service initialized
[2025-06-09T04:08:00.588Z] [info]: Inventory-SKU Sync: 5 processed, 0 updated, 5 skipped, 0 errors
[2025-06-09T04:08:00.628Z] [info]: Cleanup key token: 4 key token cleaned
[2025-06-09T04:08:00.629Z] [info]: Cleanup key token: 0 refresh token used cleaned
[2025-06-09T04:08:53.238Z] [info]: Socket.IO service initialized
[2025-06-09T04:09:00.078Z] [info]: Inventory-SKU Sync: 5 processed, 0 updated, 5 skipped, 0 errors
[2025-06-09T04:09:00.110Z] [info]: Cleanup key token: 4 key token cleaned
[2025-06-09T04:09:00.111Z] [info]: Cleanup key token: 0 refresh token used cleaned
[2025-06-09T04:10:00.345Z] [info]: Inventory-SKU Sync: 1 processed, 0 updated, 1 skipped, 0 errors
[2025-06-09T04:10:00.467Z] [info]: Cleanup key token: 4 key token cleaned
[2025-06-09T04:10:00.467Z] [info]: Cleanup key token: 0 refresh token used cleaned
[2025-06-09T04:10:13.569Z] [info]: Socket.IO service initialized
[2025-06-09T04:11:00.746Z] [info]: Inventory-SKU Sync: 5 processed, 0 updated, 5 skipped, 0 errors
[2025-06-09T04:11:00.772Z] [info]: Cleanup key token: 4 key token cleaned
[2025-06-09T04:11:00.772Z] [info]: Cleanup key token: 0 refresh token used cleaned
[2025-06-09T04:12:00.324Z] [info]: Inventory-SKU Sync: 1 processed, 0 updated, 1 skipped, 0 errors
[2025-06-09T04:12:00.365Z] [info]: Cleanup key token: 4 key token cleaned
[2025-06-09T04:12:00.366Z] [info]: Cleanup key token: 0 refresh token used cleaned
[2025-06-09T04:12:20.213Z] [info]: User connected: Nguyen Tuong Vy (683f2a06768a422efb9e5da7)
[2025-06-09T04:12:21.396Z] [info]: User disconnected: Nguyen Tuong Vy (683f2a06768a422efb9e5da7)
[2025-06-09T04:12:35.986Z] [info]: User connected: Nguyen Tuong Vy (683f2a06768a422efb9e5da7)
[2025-06-09T04:13:00.229Z] [info]: Inventory-SKU Sync: 1 processed, 0 updated, 1 skipped, 0 errors
[2025-06-09T04:13:00.262Z] [info]: Cleanup key token: 4 key token cleaned
[2025-06-09T04:13:00.263Z] [info]: Cleanup key token: 0 refresh token used cleaned
[2025-06-09T04:13:43.003Z] [info]: Socket.IO service initialized
[2025-06-09T04:13:43.366Z] [info]: User connected: Nguyen Tuong Vy (683f2a06768a422efb9e5da7)
[2025-06-09T04:13:58.372Z] [info]: Socket.IO service initialized
[2025-06-09T04:13:59.272Z] [info]: User connected: Nguyen Tuong Vy (683f2a06768a422efb9e5da7)
[2025-06-09T04:14:00.078Z] [info]: Inventory-SKU Sync: 5 processed, 0 updated, 5 skipped, 0 errors
[2025-06-09T04:14:00.130Z] [info]: Cleanup key token: 4 key token cleaned
[2025-06-09T04:14:00.131Z] [info]: Cleanup key token: 0 refresh token used cleaned
[2025-06-09T04:14:14.952Z] [info]: Socket.IO service initialized
[2025-06-09T04:14:15.385Z] [info]: User connected: Nguyen Tuong Vy (683f2a06768a422efb9e5da7)
[2025-06-09T04:14:30.961Z] [info]: Socket.IO service initialized
[2025-06-09T04:14:32.282Z] [info]: User connected: Nguyen Tuong Vy (683f2a06768a422efb9e5da7)
[2025-06-09T04:15:00.185Z] [info]: Inventory-SKU Sync: 5 processed, 0 updated, 5 skipped, 0 errors
[2025-06-09T04:15:00.212Z] [info]: Cleanup key token: 4 key token cleaned
[2025-06-09T04:15:00.213Z] [info]: Cleanup key token: 0 refresh token used cleaned
[2025-06-09T04:15:17.739Z] [info]: Socket.IO service initialized
[2025-06-09T04:15:19.113Z] [info]: User connected: Nguyen Tuong Vy (683f2a06768a422efb9e5da7)
[2025-06-09T04:16:00.089Z] [info]: Inventory-SKU Sync: 5 processed, 0 updated, 5 skipped, 0 errors
[2025-06-09T04:16:00.143Z] [info]: Cleanup key token: 4 key token cleaned
[2025-06-09T04:16:00.145Z] [info]: Cleanup key token: 0 refresh token used cleaned
[2025-06-09T04:17:00.436Z] [info]: Cleanup key token: 4 key token cleaned
[2025-06-09T04:17:00.438Z] [info]: Cleanup key token: 0 refresh token used cleaned
[2025-06-09T04:18:00.386Z] [info]: Cleanup key token: 4 key token cleaned
[2025-06-09T04:18:00.387Z] [info]: Cleanup key token: 0 refresh token used cleaned
[2025-06-09T04:19:00.116Z] [info]: Cleanup key token: 4 key token cleaned
[2025-06-09T04:19:00.117Z] [info]: Cleanup key token: 0 refresh token used cleaned
[2025-06-09T04:20:00.380Z] [info]: Cleanup key token: 4 key token cleaned
[2025-06-09T04:20:00.381Z] [info]: Cleanup key token: 0 refresh token used cleaned
[2025-06-09T04:20:46.998Z] [info]: Socket.IO service initialized
[2025-06-09T04:20:47.638Z] [info]: User connected: Nguyen Tuong Vy (683f2a06768a422efb9e5da7)
[2025-06-09T04:21:00.563Z] [info]: Inventory-SKU Sync: 5 processed, 0 updated, 5 skipped, 0 errors
[2025-06-09T04:21:00.588Z] [info]: Cleanup key token: 4 key token cleaned
[2025-06-09T04:21:00.588Z] [info]: Cleanup key token: 0 refresh token used cleaned
[2025-06-09T04:22:00.344Z] [info]: Cleanup key token: 4 key token cleaned
[2025-06-09T04:22:00.346Z] [info]: Cleanup key token: 0 refresh token used cleaned
[2025-06-09T04:23:00.338Z] [info]: Cleanup key token: 4 key token cleaned
[2025-06-09T04:23:00.338Z] [info]: Cleanup key token: 0 refresh token used cleaned
[2025-06-09T04:24:00.135Z] [info]: Cleanup key token: 4 key token cleaned
[2025-06-09T04:24:00.138Z] [info]: Cleanup key token: 0 refresh token used cleaned
[2025-06-09T04:25:15.329Z] [info]: Socket.IO service initialized
[2025-06-09T04:25:15.801Z] [info]: User connected: Nguyen Tuong Vy (683f2a06768a422efb9e5da7)
[2025-06-09T04:26:00.106Z] [info]: Inventory-SKU Sync: 5 processed, 0 updated, 5 skipped, 0 errors
[2025-06-09T04:26:00.133Z] [info]: Cleanup key token: 4 key token cleaned
[2025-06-09T04:26:00.134Z] [info]: Cleanup key token: 0 refresh token used cleaned
[2025-06-09T04:27:22.126Z] [info]: Socket.IO service initialized
[2025-06-09T04:27:25.375Z] [info]: User connected: Nguyen Tuong Vy (683f2a06768a422efb9e5da7)
[2025-06-09T04:28:00.154Z] [info]: Inventory-SKU Sync: 5 processed, 0 updated, 5 skipped, 0 errors
[2025-06-09T04:28:00.187Z] [info]: Cleanup key token: 4 key token cleaned
[2025-06-09T04:28:00.189Z] [info]: Cleanup key token: 0 refresh token used cleaned
[2025-06-09T04:29:00.616Z] [info]: Cleanup key token: 4 key token cleaned
[2025-06-09T04:29:00.617Z] [info]: Cleanup key token: 0 refresh token used cleaned
[2025-06-09T04:30:00.120Z] [info]: Cleanup key token: 4 key token cleaned
[2025-06-09T04:30:00.120Z] [info]: Cleanup key token: 0 refresh token used cleaned
[2025-06-09T04:31:00.427Z] [info]: Cleanup key token: 4 key token cleaned
[2025-06-09T04:31:00.430Z] [info]: Cleanup key token: 0 refresh token used cleaned
[2025-06-09T04:32:00.495Z] [info]: Cleanup key token: 4 key token cleaned
[2025-06-09T04:32:00.496Z] [info]: Cleanup key token: 0 refresh token used cleaned
[2025-06-09T04:33:00.112Z] [info]: Cleanup key token: 4 key token cleaned
[2025-06-09T04:33:00.113Z] [info]: Cleanup key token: 0 refresh token used cleaned
[2025-06-09T04:34:00.272Z] [info]: Cleanup key token: 4 key token cleaned
[2025-06-09T04:34:00.273Z] [info]: Cleanup key token: 0 refresh token used cleaned
[2025-06-09T04:35:00.131Z] [info]: Cleanup key token: 4 key token cleaned
[2025-06-09T04:35:00.132Z] [info]: Cleanup key token: 0 refresh token used cleaned
[2025-06-09T04:36:00.293Z] [info]: Cleanup key token: 4 key token cleaned
[2025-06-09T04:36:00.293Z] [info]: Cleanup key token: 0 refresh token used cleaned
[2025-06-09T04:37:00.187Z] [info]: Cleanup key token: 4 key token cleaned
[2025-06-09T04:37:00.188Z] [info]: Cleanup key token: 0 refresh token used cleaned
[2025-06-09T04:38:00.170Z] [info]: Cleanup key token: 4 key token cleaned
[2025-06-09T04:38:00.170Z] [info]: Cleanup key token: 0 refresh token used cleaned
[2025-06-09T04:38:45.367Z] [info]: Socket.IO service initialized
[2025-06-09T04:38:46.989Z] [info]: User connected: Nguyen Tuong Vy (683f2a06768a422efb9e5da7)
[2025-06-09T04:38:51.701Z] [info]: Socket.IO service initialized
[2025-06-09T04:38:53.682Z] [info]: User connected: Nguyen Tuong Vy (683f2a06768a422efb9e5da7)
[2025-06-09T04:39:00.118Z] [info]: Inventory-SKU Sync: 5 processed, 0 updated, 5 skipped, 0 errors
[2025-06-09T04:39:00.121Z] [info]: Cleanup key token: 4 key token cleaned
[2025-06-09T04:39:00.122Z] [info]: Cleanup key token: 0 refresh token used cleaned
[2025-06-09T04:39:12.757Z] [info]: Socket.IO service initialized
[2025-06-09T04:39:14.262Z] [info]: User connected: Nguyen Tuong Vy (683f2a06768a422efb9e5da7)
[2025-06-09T04:39:16.412Z] [info]: Socket.IO service initialized
[2025-06-09T04:39:18.137Z] [info]: User connected: Nguyen Tuong Vy (683f2a06768a422efb9e5da7)
[2025-06-09T04:39:20.937Z] [info]: Socket.IO service initialized
[2025-06-09T04:39:23.414Z] [info]: Socket.IO service initialized
[2025-06-09T04:39:24.083Z] [info]: User connected: Nguyen Tuong Vy (683f2a06768a422efb9e5da7)
[2025-06-09T04:39:28.475Z] [info]: Socket.IO service initialized
[2025-06-09T04:39:30.503Z] [info]: User connected: Nguyen Tuong Vy (683f2a06768a422efb9e5da7)
[2025-06-09T04:39:36.019Z] [info]: Socket.IO service initialized
[2025-06-09T04:39:38.354Z] [info]: User connected: Nguyen Tuong Vy (683f2a06768a422efb9e5da7)
[2025-06-09T04:39:44.851Z] [info]: Socket.IO service initialized
[2025-06-09T04:39:47.162Z] [info]: User connected: Nguyen Tuong Vy (683f2a06768a422efb9e5da7)
[2025-06-09T04:39:51.837Z] [info]: Socket.IO service initialized
[2025-06-09T04:39:54.022Z] [info]: User connected: Nguyen Tuong Vy (683f2a06768a422efb9e5da7)
[2025-06-09T04:39:59.066Z] [info]: Socket.IO service initialized
[2025-06-09T04:40:00.084Z] [info]: Inventory-SKU Sync: 5 processed, 0 updated, 5 skipped, 0 errors
[2025-06-09T04:40:00.116Z] [info]: Cleanup key token: 4 key token cleaned
[2025-06-09T04:40:00.116Z] [info]: Cleanup key token: 0 refresh token used cleaned
[2025-06-09T04:40:00.841Z] [info]: User connected: Nguyen Tuong Vy (683f2a06768a422efb9e5da7)
[2025-06-09T04:40:05.763Z] [info]: Socket.IO service initialized
[2025-06-09T04:40:07.702Z] [info]: User connected: Nguyen Tuong Vy (683f2a06768a422efb9e5da7)
[2025-06-09T04:40:25.669Z] [info]: Socket.IO service initialized
[2025-06-09T04:40:27.937Z] [info]: User connected: Nguyen Tuong Vy (683f2a06768a422efb9e5da7)
[2025-06-09T04:40:34.977Z] [info]: Socket.IO service initialized
[2025-06-09T04:40:36.714Z] [info]: User connected: Nguyen Tuong Vy (683f2a06768a422efb9e5da7)
[2025-06-09T04:41:00.308Z] [info]: Inventory-SKU Sync: 5 processed, 0 updated, 5 skipped, 0 errors
[2025-06-09T04:41:00.342Z] [info]: Cleanup key token: 4 key token cleaned
[2025-06-09T04:41:00.343Z] [info]: Cleanup key token: 0 refresh token used cleaned
[2025-06-09T04:42:00.230Z] [info]: Cleanup key token: 4 key token cleaned
[2025-06-09T04:42:00.231Z] [info]: Cleanup key token: 0 refresh token used cleaned
[2025-06-09T04:42:25.427Z] [info]: Socket.IO service initialized
[2025-06-09T04:42:25.836Z] [info]: User connected: Nguyen Tuong Vy (683f2a06768a422efb9e5da7)
[2025-06-09T04:43:00.081Z] [info]: Inventory-SKU Sync: 5 processed, 0 updated, 5 skipped, 0 errors
[2025-06-09T04:43:00.116Z] [info]: Cleanup key token: 4 key token cleaned
[2025-06-09T04:43:00.116Z] [info]: Cleanup key token: 0 refresh token used cleaned
[2025-06-09T04:43:15.846Z] [info]: User disconnected: Nguyen Tuong Vy (683f2a06768a422efb9e5da7)
[2025-06-09T04:44:00.300Z] [info]: Cleanup key token: 4 key token cleaned
[2025-06-09T04:44:00.300Z] [info]: Cleanup key token: 0 refresh token used cleaned
[2025-06-09T04:44:42.865Z] [info]: Socket.IO service initialized
[2025-06-09T04:44:49.487Z] [info]: Socket.IO service initialized
[2025-06-09T04:44:59.103Z] [info]: Socket.IO service initialized
[2025-06-09T04:45:00.144Z] [info]: Inventory-SKU Sync: 5 processed, 0 updated, 5 skipped, 0 errors
[2025-06-09T04:45:00.183Z] [info]: Cleanup key token: 4 key token cleaned
[2025-06-09T04:45:00.184Z] [info]: Cleanup key token: 0 refresh token used cleaned
[2025-06-09T04:45:09.617Z] [info]: Socket.IO service initialized
[2025-06-09T04:45:16.104Z] [info]: Socket.IO service initialized
[2025-06-09T04:45:20.779Z] [info]: Socket.IO service initialized
[2025-06-09T04:45:28.502Z] [info]: Socket.IO service initialized
[2025-06-09T04:45:33.548Z] [info]: Socket.IO service initialized
[2025-06-09T04:45:42.468Z] [info]: Socket.IO service initialized
[2025-06-09T04:45:45.170Z] [info]: Socket.IO service initialized
[2025-06-09T04:45:50.064Z] [info]: Socket.IO service initialized
[2025-06-09T04:46:00.094Z] [info]: Inventory-SKU Sync: 5 processed, 0 updated, 5 skipped, 0 errors
[2025-06-09T04:46:00.116Z] [info]: Cleanup key token: 4 key token cleaned
[2025-06-09T04:46:00.116Z] [info]: Cleanup key token: 0 refresh token used cleaned
[2025-06-09T04:47:00.232Z] [info]: Cleanup key token: 4 key token cleaned
[2025-06-09T04:47:00.233Z] [info]: Cleanup key token: 0 refresh token used cleaned
[2025-06-09T04:47:09.896Z] [info]: User connected: Trần Văn Còn SHOP (683ad7cdd47acfe33eb35312)
[2025-06-09T04:47:24.416Z] [info]: User disconnected: Trần Văn Còn SHOP (683ad7cdd47acfe33eb35312)
[2025-06-09T04:47:24.561Z] [info]: User connected: Trần Văn Còn SHOP (683ad7cdd47acfe33eb35312)
[2025-06-09T04:47:48.272Z] [info]: User 683ad7cdd47acfe33eb35312 joined conversation 6846430faf376d2bc87951ad
[2025-06-09T04:47:48.361Z] [info]: Messages marked as read by 683ad7cdd47acfe33eb35312 in conversation 6846430faf376d2bc87951ad
[2025-06-09T04:47:48.947Z] [info]: User 683ad7cdd47acfe33eb35312 left conversation 6846430faf376d2bc87951ad
[2025-06-09T04:47:48.957Z] [info]: User 683ad7cdd47acfe33eb35312 joined conversation 684645d6af376d2bc8795494
[2025-06-09T04:47:49.039Z] [info]: Messages marked as read by 683ad7cdd47acfe33eb35312 in conversation 684645d6af376d2bc8795494
[2025-06-09T04:47:53.490Z] [info]: Message sent from 683ad7cdd47acfe33eb35312 to 683ad9c4a57da745de42b9a8
[2025-06-09T04:48:00.164Z] [info]: Cleanup key token: 4 key token cleaned
[2025-06-09T04:48:00.165Z] [info]: Cleanup key token: 0 refresh token used cleaned
[2025-06-09T04:48:18.222Z] [info]: Socket.IO service initialized
[2025-06-09T04:48:19.948Z] [info]: User connected: Trần Văn Còn SHOP (683ad7cdd47acfe33eb35312)
[2025-06-09T04:48:21.494Z] [info]: User connected: Trần Văn Còn  User (683ad9c4a57da745de42b9a8)
[2025-06-09T04:48:21.827Z] [info]: User 683ad9c4a57da745de42b9a8 joined conversation 684645d6af376d2bc8795494
[2025-06-09T04:48:22.452Z] [info]: Messages marked as read by 683ad9c4a57da745de42b9a8 in conversation 684645d6af376d2bc8795494
[2025-06-09T04:48:26.174Z] [info]: Message sent from 683ad7cdd47acfe33eb35312 to 683ad9c4a57da745de42b9a8
[2025-06-09T04:48:26.281Z] [info]: Messages marked as read by 683ad9c4a57da745de42b9a8 in conversation 684645d6af376d2bc8795494
[2025-06-09T04:48:29.390Z] [info]: Message sent from 683ad9c4a57da745de42b9a8 to 683ad7cdd47acfe33eb35312
[2025-06-09T04:48:32.060Z] [info]: User 683ad7cdd47acfe33eb35312 left conversation 684645d6af376d2bc8795494
[2025-06-09T04:48:32.080Z] [info]: User 683ad7cdd47acfe33eb35312 joined conversation 6846430faf376d2bc87951ad
[2025-06-09T04:48:32.176Z] [info]: Messages marked as read by 683ad7cdd47acfe33eb35312 in conversation 6846430faf376d2bc87951ad
[2025-06-09T04:48:33.550Z] [info]: User 683ad7cdd47acfe33eb35312 left conversation 6846430faf376d2bc87951ad
[2025-06-09T04:48:33.566Z] [info]: User 683ad7cdd47acfe33eb35312 joined conversation 684645d6af376d2bc8795494
[2025-06-09T04:48:33.709Z] [info]: Messages marked as read by 683ad7cdd47acfe33eb35312 in conversation 684645d6af376d2bc8795494
[2025-06-09T04:48:39.215Z] [info]: Socket.IO service initialized
[2025-06-09T04:48:39.534Z] [info]: User connected: Trần Văn Còn  User (683ad9c4a57da745de42b9a8)
[2025-06-09T04:48:40.537Z] [info]: User connected: Trần Văn Còn SHOP (683ad7cdd47acfe33eb35312)
[2025-06-09T04:48:45.057Z] [info]: Message sent from 683ad7cdd47acfe33eb35312 to 683ad9c4a57da745de42b9a8
[2025-06-09T04:48:45.108Z] [info]: Messages marked as read by 683ad9c4a57da745de42b9a8 in conversation 684645d6af376d2bc8795494
[2025-06-09T04:48:58.597Z] [info]: Socket.IO service initialized
[2025-06-09T04:48:58.855Z] [info]: User connected: Trần Văn Còn  User (683ad9c4a57da745de42b9a8)
[2025-06-09T04:48:59.983Z] [info]: User connected: Trần Văn Còn SHOP (683ad7cdd47acfe33eb35312)
[2025-06-09T04:49:00.085Z] [info]: Inventory-SKU Sync: 5 processed, 0 updated, 5 skipped, 0 errors
[2025-06-09T04:49:00.098Z] [info]: User 683ad7cdd47acfe33eb35312 left conversation 684645d6af376d2bc8795494
[2025-06-09T04:49:00.115Z] [info]: Cleanup key token: 4 key token cleaned
[2025-06-09T04:49:00.116Z] [info]: Cleanup key token: 0 refresh token used cleaned
[2025-06-09T04:49:00.133Z] [info]: User 683ad7cdd47acfe33eb35312 joined conversation 6846430faf376d2bc87951ad
[2025-06-09T04:49:00.218Z] [info]: Messages marked as read by 683ad7cdd47acfe33eb35312 in conversation 6846430faf376d2bc87951ad
[2025-06-09T04:49:06.652Z] [info]: User 683ad7cdd47acfe33eb35312 left conversation 6846430faf376d2bc87951ad
[2025-06-09T04:49:06.694Z] [info]: User disconnected: Trần Văn Còn SHOP (683ad7cdd47acfe33eb35312)
[2025-06-09T04:49:14.090Z] [info]: Socket.IO service initialized
[2025-06-09T04:49:14.555Z] [info]: User connected: Trần Văn Còn  User (683ad9c4a57da745de42b9a8)
[2025-06-09T04:49:15.098Z] [info]: User connected: Trần Văn Còn SHOP (683ad7cdd47acfe33eb35312)
[2025-06-09T04:49:16.623Z] [info]: User 683ad7cdd47acfe33eb35312 joined conversation 684667c2d6865b0bcff754ae
[2025-06-09T04:49:16.766Z] [info]: Messages marked as read by 683ad7cdd47acfe33eb35312 in conversation 684667c2d6865b0bcff754ae
[2025-06-09T04:49:18.439Z] [info]: Message sent from 683ad7cdd47acfe33eb35312 to 6846525fc80f2b6ff919c562
[2025-06-09T04:49:29.179Z] [info]: User disconnected: Trần Văn Còn SHOP (683ad7cdd47acfe33eb35312)
[2025-06-09T04:49:29.348Z] [info]: User connected: Trần Văn Còn SHOP (683ad7cdd47acfe33eb35312)
[2025-06-09T04:50:00.100Z] [info]: Inventory-SKU Sync: 5 processed, 0 updated, 5 skipped, 0 errors
[2025-06-09T04:50:00.155Z] [info]: Cleanup key token: 4 key token cleaned
[2025-06-09T04:50:00.155Z] [info]: Cleanup key token: 0 refresh token used cleaned
[2025-06-09T04:50:46.141Z] [info]: User disconnected: Trần Văn Còn  User (683ad9c4a57da745de42b9a8)
[2025-06-09T04:50:59.014Z] [info]: User 683ad7cdd47acfe33eb35312 left conversation 684667c2d6865b0bcff754ae
[2025-06-09T04:50:59.019Z] [info]: User disconnected: Trần Văn Còn SHOP (683ad7cdd47acfe33eb35312)
[2025-06-09T04:51:00.091Z] [info]: User connected: Trần Văn Còn SHOP (683ad7cdd47acfe33eb35312)
[2025-06-09T04:51:00.478Z] [info]: Cleanup key token: 4 key token cleaned
[2025-06-09T04:51:00.478Z] [info]: Cleanup key token: 0 refresh token used cleaned
[2025-06-09T04:51:14.390Z] [info]: User disconnected: Trần Văn Còn SHOP (683ad7cdd47acfe33eb35312)
[2025-06-09T04:51:14.528Z] [info]: User connected: Trần Văn Còn SHOP (683ad7cdd47acfe33eb35312)
[2025-06-09T04:52:00.283Z] [info]: Cleanup key token: 4 key token cleaned
[2025-06-09T04:52:00.283Z] [info]: Cleanup key token: 0 refresh token used cleaned
[2025-06-09T04:52:00.291Z] [info]: Inventory-SKU Sync: 1 processed, 1 updated, 0 skipped, 0 errors
[2025-06-09T04:52:08.065Z] [info]: User disconnected: Trần Văn Còn SHOP (683ad7cdd47acfe33eb35312)
[2025-06-09T04:52:09.743Z] [info]: User connected: Trần Văn Còn SHOP (683ad7cdd47acfe33eb35312)
[2025-06-09T04:52:24.235Z] [info]: User disconnected: Trần Văn Còn SHOP (683ad7cdd47acfe33eb35312)
[2025-06-09T04:52:24.392Z] [info]: User connected: Trần Văn Còn SHOP (683ad7cdd47acfe33eb35312)
[2025-06-09T04:53:00.080Z] [info]: Inventory-SKU Sync: 1 processed, 0 updated, 1 skipped, 0 errors
[2025-06-09T04:53:00.121Z] [info]: Cleanup key token: 4 key token cleaned
[2025-06-09T04:53:00.122Z] [info]: Cleanup key token: 0 refresh token used cleaned
[2025-06-09T04:54:00.534Z] [info]: Inventory-SKU Sync: 1 processed, 0 updated, 1 skipped, 0 errors
[2025-06-09T04:54:00.573Z] [info]: Cleanup key token: 4 key token cleaned
[2025-06-09T04:54:00.573Z] [info]: Cleanup key token: 0 refresh token used cleaned
[2025-06-09T04:54:54.731Z] [info]: User disconnected: Trần Văn Còn SHOP (683ad7cdd47acfe33eb35312)
[2025-06-09T04:55:00.746Z] [info]: Inventory-SKU Sync: 2 processed, 1 updated, 1 skipped, 0 errors
[2025-06-09T04:55:00.749Z] [info]: Cleanup key token: 4 key token cleaned
[2025-06-09T04:55:00.749Z] [info]: Cleanup key token: 0 refresh token used cleaned
[2025-06-09T04:55:35.226Z] [info]: User connected: Trần Văn Còn SHOP (683ad7cdd47acfe33eb35312)
[2025-06-09T04:55:36.385Z] [info]: User disconnected: Trần Văn Còn SHOP (683ad7cdd47acfe33eb35312)
[2025-06-09T04:55:50.157Z] [info]: User connected: Trần Văn Còn SHOP (683ad7cdd47acfe33eb35312)
[2025-06-09T04:56:00.072Z] [info]: Inventory-SKU Sync: 2 processed, 0 updated, 2 skipped, 0 errors
[2025-06-09T04:56:00.129Z] [info]: Cleanup key token: 4 key token cleaned
[2025-06-09T04:56:00.129Z] [info]: Cleanup key token: 0 refresh token used cleaned
[2025-06-09T04:56:16.625Z] [info]: User disconnected: Trần Văn Còn SHOP (683ad7cdd47acfe33eb35312)
[2025-06-09T04:56:16.816Z] [info]: User connected: Trần Văn Còn SHOP (683ad7cdd47acfe33eb35312)
[2025-06-09T04:56:17.159Z] [info]: User disconnected: Trần Văn Còn SHOP (683ad7cdd47acfe33eb35312)
[2025-06-09T04:56:31.837Z] [info]: User connected: Trần Văn Còn SHOP (683ad7cdd47acfe33eb35312)
[2025-06-09T04:56:32.287Z] [info]: User disconnected: Trần Văn Còn SHOP (683ad7cdd47acfe33eb35312)
[2025-06-09T04:56:47.132Z] [info]: User connected: Trần Văn Còn SHOP (683ad7cdd47acfe33eb35312)
[2025-06-09T04:57:00.169Z] [info]: Inventory-SKU Sync: 1 processed, 0 updated, 1 skipped, 0 errors
[2025-06-09T04:57:00.191Z] [info]: Cleanup key token: 4 key token cleaned
[2025-06-09T04:57:00.192Z] [info]: Cleanup key token: 0 refresh token used cleaned
[2025-06-09T04:58:00.335Z] [info]: Inventory-SKU Sync: 1 processed, 0 updated, 1 skipped, 0 errors
[2025-06-09T04:58:00.372Z] [info]: Cleanup key token: 4 key token cleaned
[2025-06-09T04:58:00.372Z] [info]: Cleanup key token: 0 refresh token used cleaned
[2025-06-09T04:59:00.261Z] [info]: Inventory-SKU Sync: 1 processed, 0 updated, 1 skipped, 0 errors
[2025-06-09T04:59:00.288Z] [info]: Cleanup key token: 4 key token cleaned
[2025-06-09T04:59:00.289Z] [info]: Cleanup key token: 0 refresh token used cleaned
[2025-06-09T05:00:00.107Z] [info]: Cleanup key token: 4 key token cleaned
[2025-06-09T05:00:00.108Z] [info]: Cleanup key token: 0 refresh token used cleaned
[2025-06-09T05:01:00.252Z] [info]: Cleanup key token: 4 key token cleaned
[2025-06-09T05:01:00.253Z] [info]: Cleanup key token: 0 refresh token used cleaned
[2025-06-09T05:02:00.134Z] [info]: Cleanup key token: 4 key token cleaned
[2025-06-09T05:02:00.134Z] [info]: Cleanup key token: 0 refresh token used cleaned
[2025-06-09T05:03:00.415Z] [info]: Cleanup key token: 4 key token cleaned
[2025-06-09T05:03:00.416Z] [info]: Cleanup key token: 0 refresh token used cleaned
[2025-06-09T05:03:27.732Z] [info]: Server closed
[2025-06-09T05:03:30.899Z] [info]: Socket.IO service initialized
[2025-06-09T05:03:33.298Z] [info]: User connected: Trần Văn Còn SHOP (683ad7cdd47acfe33eb35312)
[2025-06-09T05:04:00.112Z] [info]: Inventory-SKU Sync: 5 processed, 0 updated, 5 skipped, 0 errors
[2025-06-09T05:04:00.152Z] [info]: Cleanup key token: 4 key token cleaned
[2025-06-09T05:04:00.152Z] [info]: Cleanup key token: 0 refresh token used cleaned
[2025-06-09T05:04:20.454Z] [info]: Socket.IO service initialized
[2025-06-09T05:04:22.813Z] [info]: User connected: Trần Văn Còn SHOP (683ad7cdd47acfe33eb35312)
[2025-06-09T05:05:00.870Z] [info]: Inventory-SKU Sync: 5 processed, 0 updated, 5 skipped, 0 errors
[2025-06-09T05:05:00.908Z] [info]: Cleanup key token: 4 key token cleaned
[2025-06-09T05:05:00.909Z] [info]: Cleanup key token: 0 refresh token used cleaned
[2025-06-09T05:05:25.848Z] [info]: Socket.IO service initialized
[2025-06-09T05:05:27.757Z] [info]: User connected: Trần Văn Còn SHOP (683ad7cdd47acfe33eb35312)
[2025-06-09T05:05:31.715Z] [info]: User disconnected: Trần Văn Còn SHOP (683ad7cdd47acfe33eb35312)
[2025-06-09T05:06:00.105Z] [info]: Inventory-SKU Sync: 5 processed, 0 updated, 5 skipped, 0 errors
[2025-06-09T05:06:00.133Z] [info]: Cleanup key token: 4 key token cleaned
[2025-06-09T05:06:00.134Z] [info]: Cleanup key token: 0 refresh token used cleaned
[2025-06-09T05:06:42.601Z] [info]: Server closed
[2025-06-09T05:06:45.455Z] [info]: Socket.IO service initialized
[2025-06-09T05:07:00.107Z] [info]: Inventory-SKU Sync: 5 processed, 0 updated, 5 skipped, 0 errors
[2025-06-09T05:07:00.138Z] [info]: Cleanup key token: 4 key token cleaned
[2025-06-09T05:07:00.139Z] [info]: Cleanup key token: 0 refresh token used cleaned
[2025-06-09T05:08:00.305Z] [info]: Cleanup key token: 4 key token cleaned
[2025-06-09T05:08:00.306Z] [info]: Cleanup key token: 0 refresh token used cleaned
[2025-06-09T05:09:00.303Z] [info]: Cleanup key token: 4 key token cleaned
[2025-06-09T05:09:00.303Z] [info]: Cleanup key token: 0 refresh token used cleaned
[2025-06-09T05:09:27.404Z] [info]: Socket.IO service initialized
[2025-06-09T05:09:36.796Z] [info]: Socket.IO service initialized
[2025-06-09T05:10:00.367Z] [info]: Inventory-SKU Sync: 5 processed, 0 updated, 5 skipped, 0 errors
[2025-06-09T05:10:00.380Z] [info]: Cleanup key token: 4 key token cleaned
[2025-06-09T05:10:00.380Z] [info]: Cleanup key token: 0 refresh token used cleaned
[2025-06-09T05:11:00.106Z] [info]: Cleanup key token: 4 key token cleaned
[2025-06-09T05:11:00.106Z] [info]: Cleanup key token: 0 refresh token used cleaned
[2025-06-09T05:11:33.142Z] [info]: Socket.IO service initialized
[2025-06-09T05:12:00.250Z] [info]: Inventory-SKU Sync: 5 processed, 0 updated, 5 skipped, 0 errors
[2025-06-09T05:12:00.297Z] [info]: Cleanup key token: 4 key token cleaned
[2025-06-09T05:12:00.298Z] [info]: Cleanup key token: 0 refresh token used cleaned
[2025-06-09T05:13:00.385Z] [info]: Inventory-SKU Sync: 2 processed, 0 updated, 2 skipped, 0 errors
[2025-06-09T05:13:00.421Z] [info]: Cleanup key token: 4 key token cleaned
[2025-06-09T05:13:00.422Z] [info]: Cleanup key token: 0 refresh token used cleaned
[2025-06-09T05:14:00.551Z] [info]: Inventory-SKU Sync: 2 processed, 0 updated, 2 skipped, 0 errors
[2025-06-09T05:14:00.615Z] [info]: Cleanup key token: 4 key token cleaned
[2025-06-09T05:14:00.616Z] [info]: Cleanup key token: 0 refresh token used cleaned
[2025-06-09T05:15:01.101Z] [info]: Inventory-SKU Sync: 2 processed, 0 updated, 2 skipped, 0 errors
[2025-06-09T05:15:01.138Z] [info]: Cleanup key token: 4 key token cleaned
[2025-06-09T05:15:01.138Z] [info]: Cleanup key token: 0 refresh token used cleaned
[2025-06-09T05:16:00.079Z] [info]: Inventory-SKU Sync: 3 processed, 0 updated, 3 skipped, 0 errors
[2025-06-09T05:16:00.112Z] [info]: Cleanup key token: 4 key token cleaned
[2025-06-09T05:16:00.112Z] [info]: Cleanup key token: 0 refresh token used cleaned
[2025-06-09T05:17:00.257Z] [info]: Inventory-SKU Sync: 2 processed, 0 updated, 2 skipped, 0 errors
[2025-06-09T05:17:00.311Z] [info]: Cleanup key token: 4 key token cleaned
[2025-06-09T05:17:00.312Z] [info]: Cleanup key token: 0 refresh token used cleaned
[2025-06-09T05:18:00.536Z] [info]: Inventory-SKU Sync: 2 processed, 0 updated, 2 skipped, 0 errors
[2025-06-09T05:18:00.572Z] [info]: Cleanup key token: 4 key token cleaned
[2025-06-09T05:18:00.573Z] [info]: Cleanup key token: 0 refresh token used cleaned
