[2025-03-17T03:36:00.091Z] [info]: Cleanup key token: 0 key token cleaned
[2025-03-17T03:36:00.092Z] [info]: Cleanup key token: 0 refresh token used cleaned
[2025-03-17T03:36:00.094Z] [info]: Cleanup product: Cleaned 0 products
[2025-03-17T03:37:00.089Z] [info]: Cleanup key token: 0 key token cleaned
[2025-03-17T03:37:00.090Z] [info]: Cleanup key token: 0 refresh token used cleaned
[2025-03-17T03:37:00.099Z] [info]: Cleanup product: Cleaned 0 products
[2025-03-17T03:38:00.037Z] [info]: Cleanup key token: 0 key token cleaned
[2025-03-17T03:38:00.038Z] [info]: Cleanup key token: 0 refresh token used cleaned
[2025-03-17T03:38:00.040Z] [info]: Cleanup product: Cleaned 0 products
[2025-03-17T03:40:00.091Z] [info]: Cleanup key token: 0 key token cleaned
[2025-03-17T03:40:00.092Z] [info]: Cleanup key token: 0 refresh token used cleaned
[2025-03-17T03:40:00.101Z] [info]: Cleanup product: Cleaned 0 products
[2025-03-17T03:41:00.064Z] [info]: Cleanup key token: 0 key token cleaned
[2025-03-17T03:41:00.065Z] [info]: Cleanup key token: 0 refresh token used cleaned
[2025-03-17T03:41:00.073Z] [info]: Cleanup product: Cleaned 0 products
[2025-03-17T03:42:00.097Z] [info]: Cleanup key token: 0 key token cleaned
[2025-03-17T03:42:00.098Z] [info]: Cleanup key token: 0 refresh token used cleaned
[2025-03-17T03:42:00.100Z] [info]: Cleanup product: Cleaned 0 products
[2025-03-17T03:43:00.041Z] [info]: Cleanup key token: 0 key token cleaned
[2025-03-17T03:43:00.042Z] [info]: Cleanup key token: 0 refresh token used cleaned
[2025-03-17T03:43:00.046Z] [info]: Cleanup product: Cleaned 0 products
[2025-03-17T03:44:00.033Z] [info]: Cleanup key token: 0 key token cleaned
[2025-03-17T03:44:00.035Z] [info]: Cleanup key token: 0 refresh token used cleaned
[2025-03-17T03:44:00.037Z] [info]: Cleanup product: Cleaned 0 products
[2025-03-17T03:45:00.039Z] [info]: Cleanup key token: 0 key token cleaned
[2025-03-17T03:45:00.040Z] [info]: Cleanup key token: 0 refresh token used cleaned
[2025-03-17T03:45:00.042Z] [info]: Cleanup product: Cleaned 0 products
[2025-03-17T03:46:00.007Z] [info]: Cleanup key token: 0 key token cleaned
[2025-03-17T03:46:00.007Z] [info]: Cleanup key token: 0 refresh token used cleaned
[2025-03-17T03:46:00.010Z] [info]: Cleanup product: Cleaned 0 products
[2025-03-17T04:02:00.061Z] [info]: Cleanup key token: 0 key token cleaned
[2025-03-17T04:02:00.062Z] [info]: Cleanup key token: 0 refresh token used cleaned
[2025-03-17T04:02:00.068Z] [info]: Cleanup product: Cleaned 0 products
[2025-03-17T04:03:00.028Z] [info]: Cleanup key token: 0 key token cleaned
[2025-03-17T04:03:00.028Z] [info]: Cleanup key token: 0 refresh token used cleaned
[2025-03-17T04:03:00.032Z] [info]: Cleanup product: Cleaned 0 products
[2025-03-17T04:04:00.030Z] [info]: Cleanup key token: 0 key token cleaned
[2025-03-17T04:04:00.030Z] [info]: Cleanup key token: 0 refresh token used cleaned
[2025-03-17T04:04:00.036Z] [info]: Cleanup product: Cleaned 0 products
[2025-03-17T04:05:00.008Z] [info]: Cleanup key token: 0 key token cleaned
[2025-03-17T04:05:00.009Z] [info]: Cleanup key token: 0 refresh token used cleaned
[2025-03-17T04:05:00.011Z] [info]: Cleanup product: Cleaned 0 products
[2025-03-17T04:06:00.009Z] [info]: Cleanup key token: 0 key token cleaned
[2025-03-17T04:06:00.009Z] [info]: Cleanup key token: 0 refresh token used cleaned
[2025-03-17T04:06:00.012Z] [info]: Cleanup product: Cleaned 0 products
[2025-03-17T04:07:00.027Z] [info]: Cleanup key token: 0 key token cleaned
[2025-03-17T04:07:00.028Z] [info]: Cleanup key token: 0 refresh token used cleaned
[2025-03-17T04:07:00.032Z] [info]: Cleanup product: Cleaned 0 products
[2025-03-17T04:08:00.031Z] [info]: Cleanup key token: 0 key token cleaned
[2025-03-17T04:08:00.031Z] [info]: Cleanup key token: 0 refresh token used cleaned
[2025-03-17T04:08:00.032Z] [info]: Cleanup product: Cleaned 0 products
[2025-03-17T04:09:00.028Z] [info]: Cleanup key token: 0 key token cleaned
[2025-03-17T04:09:00.028Z] [info]: Cleanup key token: 0 refresh token used cleaned
[2025-03-17T04:09:00.032Z] [info]: Cleanup product: Cleaned 0 products
[2025-03-17T04:10:00.028Z] [info]: Cleanup key token: 0 key token cleaned
[2025-03-17T04:10:00.029Z] [info]: Cleanup key token: 0 refresh token used cleaned
[2025-03-17T04:10:00.033Z] [info]: Cleanup product: Cleaned 0 products
[2025-03-17T04:11:00.032Z] [info]: Cleanup key token: 0 key token cleaned
[2025-03-17T04:11:00.032Z] [info]: Cleanup key token: 0 refresh token used cleaned
[2025-03-17T04:11:00.037Z] [info]: Cleanup product: Cleaned 0 products
[2025-03-17T04:12:00.027Z] [info]: Cleanup key token: 0 key token cleaned
[2025-03-17T04:12:00.027Z] [info]: Cleanup key token: 0 refresh token used cleaned
[2025-03-17T04:12:00.031Z] [info]: Cleanup product: Cleaned 0 products
[2025-03-17T04:13:00.028Z] [info]: Cleanup key token: 0 key token cleaned
[2025-03-17T04:13:00.028Z] [info]: Cleanup key token: 0 refresh token used cleaned
[2025-03-17T04:13:00.032Z] [info]: Cleanup product: Cleaned 0 products
[2025-03-17T04:14:00.008Z] [info]: Cleanup key token: 0 key token cleaned
[2025-03-17T04:14:00.009Z] [info]: Cleanup key token: 0 refresh token used cleaned
[2025-03-17T04:14:00.012Z] [info]: Cleanup product: Cleaned 0 products
[2025-03-17T04:15:00.026Z] [info]: Cleanup key token: 0 key token cleaned
[2025-03-17T04:15:00.027Z] [info]: Cleanup key token: 0 refresh token used cleaned
[2025-03-17T04:15:00.031Z] [info]: Cleanup product: Cleaned 0 products
[2025-03-17T04:16:00.013Z] [info]: Cleanup key token: 0 key token cleaned
[2025-03-17T04:16:00.013Z] [info]: Cleanup key token: 0 refresh token used cleaned
[2025-03-17T04:16:00.014Z] [info]: Cleanup product: Cleaned 0 products
[2025-03-17T04:17:00.028Z] [info]: Cleanup key token: 0 key token cleaned
[2025-03-17T04:17:00.029Z] [info]: Cleanup key token: 0 refresh token used cleaned
[2025-03-17T04:17:00.032Z] [info]: Cleanup product: Cleaned 0 products
[2025-03-17T04:18:00.008Z] [info]: Cleanup key token: 0 key token cleaned
[2025-03-17T04:18:00.008Z] [info]: Cleanup key token: 0 refresh token used cleaned
[2025-03-17T04:18:00.010Z] [info]: Cleanup product: Cleaned 0 products
[2025-03-17T04:19:00.009Z] [info]: Cleanup key token: 0 key token cleaned
[2025-03-17T04:19:00.009Z] [info]: Cleanup key token: 0 refresh token used cleaned
[2025-03-17T04:19:00.013Z] [info]: Cleanup product: Cleaned 0 products
[2025-03-17T04:20:00.013Z] [info]: Cleanup key token: 0 key token cleaned
[2025-03-17T04:20:00.014Z] [info]: Cleanup key token: 0 refresh token used cleaned
[2025-03-17T04:20:00.017Z] [info]: Cleanup product: Cleaned 0 products
[2025-03-17T04:21:00.009Z] [info]: Cleanup key token: 0 key token cleaned
[2025-03-17T04:21:00.009Z] [info]: Cleanup key token: 0 refresh token used cleaned
[2025-03-17T04:21:00.012Z] [info]: Cleanup product: Cleaned 0 products
[2025-03-17T04:22:00.010Z] [info]: Cleanup key token: 0 key token cleaned
[2025-03-17T04:22:00.011Z] [info]: Cleanup key token: 0 refresh token used cleaned
[2025-03-17T04:22:00.013Z] [info]: Cleanup product: Cleaned 0 products
[2025-03-17T04:24:08.933Z] [info]: Cleanup key token: 0 key token cleaned
[2025-03-17T04:24:08.933Z] [info]: Cleanup key token: 0 refresh token used cleaned
[2025-03-17T04:24:08.935Z] [info]: Cleanup product: Cleaned 0 products
[2025-03-17T04:25:00.007Z] [info]: Cleanup key token: 0 key token cleaned
[2025-03-17T04:25:00.007Z] [info]: Cleanup key token: 0 refresh token used cleaned
[2025-03-17T04:25:00.009Z] [info]: Cleanup product: Cleaned 0 products
[2025-03-17T04:26:00.006Z] [info]: Cleanup key token: 0 key token cleaned
[2025-03-17T04:26:00.006Z] [info]: Cleanup key token: 0 refresh token used cleaned
[2025-03-17T04:26:00.007Z] [info]: Cleanup product: Cleaned 0 products
[2025-03-17T04:27:00.006Z] [info]: Cleanup key token: 0 key token cleaned
[2025-03-17T04:27:00.007Z] [info]: Cleanup key token: 0 refresh token used cleaned
[2025-03-17T04:27:00.009Z] [info]: Cleanup product: Cleaned 0 products
[2025-03-17T04:28:00.006Z] [info]: Cleanup key token: 0 key token cleaned
[2025-03-17T04:28:00.006Z] [info]: Cleanup key token: 0 refresh token used cleaned
[2025-03-17T04:28:00.008Z] [info]: Cleanup product: Cleaned 0 products
[2025-03-17T04:29:00.006Z] [info]: Cleanup key token: 0 key token cleaned
[2025-03-17T04:29:00.007Z] [info]: Cleanup key token: 0 refresh token used cleaned
[2025-03-17T04:29:00.009Z] [info]: Cleanup product: Cleaned 0 products
[2025-03-17T04:30:00.009Z] [info]: Cleanup key token: 0 key token cleaned
[2025-03-17T04:30:00.009Z] [info]: Cleanup key token: 0 refresh token used cleaned
[2025-03-17T04:30:00.013Z] [info]: Cleanup product: Cleaned 0 products
[2025-03-17T04:31:00.006Z] [info]: Cleanup key token: 0 key token cleaned
[2025-03-17T04:31:00.006Z] [info]: Cleanup key token: 0 refresh token used cleaned
[2025-03-17T04:31:00.007Z] [info]: Cleanup product: Cleaned 0 products
[2025-03-17T04:32:00.005Z] [info]: Cleanup key token: 0 key token cleaned
[2025-03-17T04:32:00.006Z] [info]: Cleanup key token: 0 refresh token used cleaned
[2025-03-17T04:32:00.006Z] [info]: Cleanup product: Cleaned 0 products
[2025-03-17T04:33:00.007Z] [info]: Cleanup key token: 0 key token cleaned
[2025-03-17T04:33:00.008Z] [info]: Cleanup key token: 0 refresh token used cleaned
[2025-03-17T04:33:00.008Z] [info]: Cleanup product: Cleaned 0 products
[2025-03-17T04:34:00.007Z] [info]: Cleanup key token: 0 key token cleaned
[2025-03-17T04:34:00.007Z] [info]: Cleanup key token: 0 refresh token used cleaned
[2025-03-17T04:34:00.008Z] [info]: Cleanup product: Cleaned 0 products
[2025-03-17T04:35:00.007Z] [info]: Cleanup key token: 0 key token cleaned
[2025-03-17T04:35:00.008Z] [info]: Cleanup key token: 0 refresh token used cleaned
[2025-03-17T04:35:00.008Z] [info]: Cleanup product: Cleaned 0 products
[2025-03-17T04:36:00.006Z] [info]: Cleanup key token: 0 key token cleaned
[2025-03-17T04:36:00.006Z] [info]: Cleanup key token: 0 refresh token used cleaned
[2025-03-17T04:36:00.009Z] [info]: Cleanup product: Cleaned 0 products
[2025-03-17T04:37:00.005Z] [info]: Cleanup key token: 0 key token cleaned
[2025-03-17T04:37:00.005Z] [info]: Cleanup key token: 0 refresh token used cleaned
[2025-03-17T04:37:00.007Z] [info]: Cleanup product: Cleaned 0 products
[2025-03-17T04:38:00.005Z] [info]: Cleanup key token: 0 key token cleaned
[2025-03-17T04:38:00.005Z] [info]: Cleanup key token: 0 refresh token used cleaned
[2025-03-17T04:38:00.007Z] [info]: Cleanup product: Cleaned 0 products
[2025-03-17T04:56:16.962Z] [info]: Cleanup key token: 0 key token cleaned
[2025-03-17T04:56:16.963Z] [info]: Cleanup key token: 0 refresh token used cleaned
[2025-03-17T04:56:16.977Z] [info]: Cleanup product: Cleaned 0 products
[2025-03-17T04:57:00.045Z] [info]: Cleanup key token: 0 key token cleaned
[2025-03-17T04:57:00.047Z] [info]: Cleanup key token: 0 refresh token used cleaned
[2025-03-17T04:57:00.061Z] [info]: Cleanup product: Cleaned 0 products
[2025-03-17T04:58:00.007Z] [info]: Cleanup key token: 0 key token cleaned
[2025-03-17T04:58:00.007Z] [info]: Cleanup key token: 0 refresh token used cleaned
[2025-03-17T04:58:00.009Z] [info]: Cleanup product: Cleaned 0 products
[2025-03-17T04:59:00.007Z] [info]: Cleanup key token: 0 key token cleaned
[2025-03-17T04:59:00.007Z] [info]: Cleanup key token: 0 refresh token used cleaned
[2025-03-17T04:59:00.009Z] [info]: Cleanup product: Cleaned 0 products
[2025-03-17T05:00:00.008Z] [info]: Cleanup key token: 0 key token cleaned
[2025-03-17T05:00:00.008Z] [info]: Cleanup key token: 0 refresh token used cleaned
[2025-03-17T05:00:00.010Z] [info]: Cleanup product: Cleaned 0 products
[2025-03-17T05:01:00.006Z] [info]: Cleanup key token: 0 key token cleaned
[2025-03-17T05:01:00.006Z] [info]: Cleanup key token: 0 refresh token used cleaned
[2025-03-17T05:01:00.009Z] [info]: Cleanup product: Cleaned 0 products
[2025-03-17T05:02:00.006Z] [info]: Cleanup key token: 0 key token cleaned
[2025-03-17T05:02:00.006Z] [info]: Cleanup key token: 0 refresh token used cleaned
[2025-03-17T05:02:00.008Z] [info]: Cleanup product: Cleaned 0 products
[2025-03-17T05:03:00.028Z] [info]: Cleanup key token: 0 key token cleaned
[2025-03-17T05:03:00.029Z] [info]: Cleanup key token: 0 refresh token used cleaned
[2025-03-17T05:03:00.033Z] [info]: Cleanup product: Cleaned 0 products
[2025-03-17T05:04:00.030Z] [info]: Cleanup key token: 0 key token cleaned
[2025-03-17T05:04:00.030Z] [info]: Cleanup key token: 0 refresh token used cleaned
[2025-03-17T05:04:00.034Z] [info]: Cleanup product: Cleaned 0 products
[2025-03-17T05:05:00.007Z] [info]: Cleanup key token: 0 key token cleaned
[2025-03-17T05:05:00.007Z] [info]: Cleanup key token: 0 refresh token used cleaned
[2025-03-17T05:05:00.009Z] [info]: Cleanup product: Cleaned 0 products
[2025-03-17T05:07:00.038Z] [info]: Cleanup key token: 0 key token cleaned
[2025-03-17T05:07:00.038Z] [info]: Cleanup key token: 0 refresh token used cleaned
[2025-03-17T05:07:00.042Z] [info]: Cleanup product: Cleaned 0 products
[2025-03-17T05:08:00.009Z] [info]: Cleanup key token: 0 key token cleaned
[2025-03-17T05:08:00.009Z] [info]: Cleanup key token: 0 refresh token used cleaned
[2025-03-17T05:08:00.012Z] [info]: Cleanup product: Cleaned 0 products
[2025-03-17T05:09:00.008Z] [info]: Cleanup key token: 0 key token cleaned
[2025-03-17T05:09:00.008Z] [info]: Cleanup key token: 0 refresh token used cleaned
[2025-03-17T05:09:00.010Z] [info]: Cleanup product: Cleaned 0 products
[2025-03-17T05:10:00.038Z] [info]: Cleanup key token: 0 key token cleaned
[2025-03-17T05:10:00.038Z] [info]: Cleanup key token: 0 refresh token used cleaned
[2025-03-17T05:10:00.043Z] [info]: Cleanup product: Cleaned 0 products
[2025-03-17T05:11:00.032Z] [info]: Cleanup key token: 0 key token cleaned
[2025-03-17T05:11:00.032Z] [info]: Cleanup key token: 0 refresh token used cleaned
[2025-03-17T05:11:00.033Z] [info]: Cleanup product: Cleaned 0 products
[2025-03-17T05:12:00.029Z] [info]: Cleanup key token: 0 key token cleaned
[2025-03-17T05:12:00.029Z] [info]: Cleanup key token: 0 refresh token used cleaned
[2025-03-17T05:12:00.030Z] [info]: Cleanup product: Cleaned 0 products
[2025-03-17T05:13:00.015Z] [info]: Cleanup key token: 0 key token cleaned
[2025-03-17T05:13:00.016Z] [info]: Cleanup key token: 0 refresh token used cleaned
[2025-03-17T05:13:00.016Z] [info]: Cleanup product: Cleaned 0 products
[2025-03-17T05:15:00.030Z] [info]: Cleanup key token: 0 key token cleaned
[2025-03-17T05:15:00.032Z] [info]: Cleanup key token: 0 refresh token used cleaned
[2025-03-17T05:15:00.037Z] [info]: Cleanup product: Cleaned 0 products
[2025-03-17T05:16:00.011Z] [info]: Cleanup key token: 0 key token cleaned
[2025-03-17T05:16:00.011Z] [info]: Cleanup key token: 0 refresh token used cleaned
[2025-03-17T05:16:00.014Z] [info]: Cleanup product: Cleaned 0 products
[2025-03-17T05:17:00.008Z] [info]: Cleanup key token: 0 key token cleaned
[2025-03-17T05:17:00.009Z] [info]: Cleanup key token: 0 refresh token used cleaned
[2025-03-17T05:17:00.012Z] [info]: Cleanup product: Cleaned 0 products
[2025-03-17T05:18:00.010Z] [info]: Cleanup key token: 0 key token cleaned
[2025-03-17T05:18:00.010Z] [info]: Cleanup key token: 0 refresh token used cleaned
[2025-03-17T05:18:00.013Z] [info]: Cleanup product: Cleaned 0 products
[2025-03-17T05:19:00.008Z] [info]: Cleanup key token: 0 key token cleaned
[2025-03-17T05:19:00.008Z] [info]: Cleanup key token: 0 refresh token used cleaned
[2025-03-17T05:19:00.011Z] [info]: Cleanup product: Cleaned 0 products
[2025-03-17T05:20:00.012Z] [info]: Cleanup product: Cleaned 0 products
[2025-03-17T05:20:00.014Z] [info]: Cleanup key token: 0 key token cleaned
[2025-03-17T05:20:00.014Z] [info]: Cleanup key token: 0 refresh token used cleaned
[2025-03-17T05:21:00.010Z] [info]: Cleanup key token: 0 key token cleaned
[2025-03-17T05:21:00.010Z] [info]: Cleanup key token: 0 refresh token used cleaned
[2025-03-17T05:21:00.013Z] [info]: Cleanup product: Cleaned 0 products
[2025-03-17T05:22:00.007Z] [info]: Cleanup key token: 0 key token cleaned
[2025-03-17T05:22:00.007Z] [info]: Cleanup key token: 0 refresh token used cleaned
[2025-03-17T05:22:00.009Z] [info]: Cleanup product: Cleaned 0 products
[2025-03-17T05:23:00.006Z] [info]: Cleanup key token: 0 key token cleaned
[2025-03-17T05:23:00.006Z] [info]: Cleanup key token: 0 refresh token used cleaned
[2025-03-17T05:23:00.010Z] [info]: Cleanup product: Cleaned 0 products
[2025-03-17T05:24:00.011Z] [info]: Cleanup key token: 0 key token cleaned
[2025-03-17T05:24:00.011Z] [info]: Cleanup key token: 0 refresh token used cleaned
[2025-03-17T05:24:00.015Z] [info]: Cleanup product: Cleaned 0 products
[2025-03-17T05:25:00.012Z] [info]: Cleanup key token: 0 key token cleaned
[2025-03-17T05:25:00.012Z] [info]: Cleanup key token: 0 refresh token used cleaned
[2025-03-17T05:25:00.012Z] [info]: Cleanup product: Cleaned 0 products
[2025-03-17T05:26:00.011Z] [info]: Cleanup key token: 0 key token cleaned
[2025-03-17T05:26:00.011Z] [info]: Cleanup key token: 0 refresh token used cleaned
[2025-03-17T05:26:00.014Z] [info]: Cleanup product: Cleaned 0 products
[2025-03-17T05:27:00.009Z] [info]: Cleanup key token: 0 key token cleaned
[2025-03-17T05:27:00.009Z] [info]: Cleanup key token: 0 refresh token used cleaned
[2025-03-17T05:27:00.013Z] [info]: Cleanup product: Cleaned 0 products
[2025-03-17T05:28:00.005Z] [info]: Cleanup key token: 0 key token cleaned
[2025-03-17T05:28:00.006Z] [info]: Cleanup key token: 0 refresh token used cleaned
[2025-03-17T05:28:00.008Z] [info]: Cleanup product: Cleaned 0 products
[2025-03-17T05:29:00.011Z] [info]: Cleanup key token: 0 key token cleaned
[2025-03-17T05:29:00.012Z] [info]: Cleanup key token: 0 refresh token used cleaned
[2025-03-17T05:29:00.014Z] [info]: Cleanup product: Cleaned 0 products
[2025-03-17T05:30:01.366Z] [info]: Cleanup key token: 0 key token cleaned
[2025-03-17T05:30:01.366Z] [info]: Cleanup key token: 0 refresh token used cleaned
[2025-03-17T05:30:01.369Z] [info]: Cleanup product: Cleaned 0 products
[2025-03-17T05:31:00.011Z] [info]: Cleanup key token: 0 key token cleaned
[2025-03-17T05:31:00.011Z] [info]: Cleanup key token: 0 refresh token used cleaned
[2025-03-17T05:31:00.016Z] [info]: Cleanup product: Cleaned 0 products
[2025-03-17T05:32:00.034Z] [info]: Cleanup key token: 0 key token cleaned
[2025-03-17T05:32:00.034Z] [info]: Cleanup key token: 0 refresh token used cleaned
[2025-03-17T05:32:00.038Z] [info]: Cleanup product: Cleaned 0 products
[2025-03-17T05:33:00.008Z] [info]: Cleanup key token: 0 key token cleaned
[2025-03-17T05:33:00.008Z] [info]: Cleanup key token: 0 refresh token used cleaned
[2025-03-17T05:33:00.011Z] [info]: Cleanup product: Cleaned 0 products
[2025-03-17T05:34:00.009Z] [info]: Cleanup key token: 0 key token cleaned
[2025-03-17T05:34:00.009Z] [info]: Cleanup key token: 0 refresh token used cleaned
[2025-03-17T05:34:00.012Z] [info]: Cleanup product: Cleaned 0 products
[2025-03-17T05:35:00.009Z] [info]: Cleanup key token: 0 key token cleaned
[2025-03-17T05:35:00.009Z] [info]: Cleanup key token: 0 refresh token used cleaned
[2025-03-17T05:35:00.013Z] [info]: Cleanup product: Cleaned 0 products
[2025-03-17T05:36:00.066Z] [info]: Cleanup key token: 0 key token cleaned
[2025-03-17T05:36:00.067Z] [info]: Cleanup key token: 0 refresh token used cleaned
[2025-03-17T05:36:00.071Z] [info]: Cleanup product: Cleaned 0 products
[2025-03-17T05:37:00.027Z] [info]: Cleanup key token: 0 key token cleaned
[2025-03-17T05:37:00.028Z] [info]: Cleanup key token: 0 refresh token used cleaned
[2025-03-17T05:37:00.032Z] [info]: Cleanup product: Cleaned 0 products
[2025-03-17T05:38:00.013Z] [info]: Cleanup key token: 0 key token cleaned
[2025-03-17T05:38:00.013Z] [info]: Cleanup key token: 0 refresh token used cleaned
[2025-03-17T05:38:00.016Z] [info]: Cleanup product: Cleaned 0 products
[2025-03-17T05:39:00.029Z] [info]: Cleanup key token: 0 key token cleaned
[2025-03-17T05:39:00.029Z] [info]: Cleanup key token: 0 refresh token used cleaned
[2025-03-17T05:39:00.035Z] [info]: Cleanup product: Cleaned 0 products
[2025-03-17T05:40:00.028Z] [info]: Cleanup key token: 0 key token cleaned
[2025-03-17T05:40:00.029Z] [info]: Cleanup key token: 0 refresh token used cleaned
[2025-03-17T05:40:00.035Z] [info]: Cleanup product: Cleaned 0 products
[2025-03-17T05:41:00.009Z] [info]: Cleanup key token: 0 key token cleaned
[2025-03-17T05:41:00.009Z] [info]: Cleanup key token: 0 refresh token used cleaned
[2025-03-17T05:41:00.012Z] [info]: Cleanup product: Cleaned 0 products
[2025-03-17T05:43:00.029Z] [info]: Cleanup key token: 0 key token cleaned
[2025-03-17T05:43:00.029Z] [info]: Cleanup key token: 0 refresh token used cleaned
[2025-03-17T05:43:00.030Z] [info]: Cleanup product: Cleaned 0 products
[2025-03-17T05:45:00.041Z] [info]: Cleanup key token: 0 key token cleaned
[2025-03-17T05:45:00.042Z] [info]: Cleanup key token: 0 refresh token used cleaned
[2025-03-17T05:45:00.044Z] [info]: Cleanup product: Cleaned 0 products
[2025-03-17T05:46:00.034Z] [info]: Cleanup key token: 0 key token cleaned
[2025-03-17T05:46:00.035Z] [info]: Cleanup key token: 0 refresh token used cleaned
[2025-03-17T05:46:00.039Z] [info]: Cleanup product: Cleaned 0 products
[2025-03-17T05:47:00.032Z] [info]: Cleanup key token: 0 key token cleaned
[2025-03-17T05:47:00.033Z] [info]: Cleanup key token: 0 refresh token used cleaned
[2025-03-17T05:47:00.037Z] [info]: Cleanup product: Cleaned 0 products
[2025-03-17T05:48:00.014Z] [info]: Cleanup key token: 0 key token cleaned
[2025-03-17T05:48:00.014Z] [info]: Cleanup key token: 0 refresh token used cleaned
[2025-03-17T05:48:00.015Z] [info]: Cleanup product: Cleaned 0 products
[2025-03-17T05:49:00.009Z] [info]: Cleanup key token: 0 key token cleaned
[2025-03-17T05:49:00.009Z] [info]: Cleanup key token: 0 refresh token used cleaned
[2025-03-17T05:49:00.009Z] [info]: Cleanup product: Cleaned 0 products
[2025-03-17T05:50:00.011Z] [info]: Cleanup key token: 0 key token cleaned
[2025-03-17T05:50:00.012Z] [info]: Cleanup key token: 0 refresh token used cleaned
[2025-03-17T05:50:00.012Z] [info]: Cleanup product: Cleaned 0 products
[2025-03-17T05:51:00.013Z] [info]: Cleanup key token: 0 key token cleaned
[2025-03-17T05:51:00.013Z] [info]: Cleanup key token: 0 refresh token used cleaned
[2025-03-17T05:51:00.013Z] [info]: Cleanup product: Cleaned 0 products
[2025-03-17T05:52:00.009Z] [info]: Cleanup key token: 0 key token cleaned
[2025-03-17T05:52:00.009Z] [info]: Cleanup key token: 0 refresh token used cleaned
[2025-03-17T05:52:00.010Z] [info]: Cleanup product: Cleaned 0 products
[2025-03-17T05:53:00.011Z] [info]: Cleanup key token: 0 key token cleaned
[2025-03-17T05:53:00.011Z] [info]: Cleanup key token: 0 refresh token used cleaned
[2025-03-17T05:53:00.012Z] [info]: Cleanup product: Cleaned 0 products
[2025-03-17T05:54:00.016Z] [info]: Cleanup key token: 0 key token cleaned
[2025-03-17T05:54:00.017Z] [info]: Cleanup key token: 0 refresh token used cleaned
[2025-03-17T05:54:00.017Z] [info]: Cleanup product: Cleaned 0 products
[2025-03-17T05:55:00.008Z] [info]: Cleanup key token: 0 key token cleaned
[2025-03-17T05:55:00.008Z] [info]: Cleanup key token: 0 refresh token used cleaned
[2025-03-17T05:55:00.008Z] [info]: Cleanup product: Cleaned 0 products
[2025-03-17T05:56:00.009Z] [info]: Cleanup key token: 0 key token cleaned
[2025-03-17T05:56:00.009Z] [info]: Cleanup key token: 0 refresh token used cleaned
[2025-03-17T05:56:00.010Z] [info]: Cleanup product: Cleaned 0 products
[2025-03-17T05:57:00.014Z] [info]: Cleanup key token: 0 key token cleaned
[2025-03-17T05:57:00.014Z] [info]: Cleanup key token: 0 refresh token used cleaned
[2025-03-17T05:57:00.016Z] [info]: Cleanup product: Cleaned 0 products
[2025-03-17T05:58:00.007Z] [info]: Cleanup key token: 0 key token cleaned
[2025-03-17T05:58:00.007Z] [info]: Cleanup key token: 0 refresh token used cleaned
[2025-03-17T05:58:00.010Z] [info]: Cleanup product: Cleaned 0 products
[2025-03-17T05:59:00.008Z] [info]: Cleanup key token: 0 key token cleaned
[2025-03-17T05:59:00.008Z] [info]: Cleanup key token: 0 refresh token used cleaned
[2025-03-17T05:59:00.008Z] [info]: Cleanup product: Cleaned 0 products
[2025-03-17T06:00:00.009Z] [info]: Cleanup key token: 0 key token cleaned
[2025-03-17T06:00:00.009Z] [info]: Cleanup key token: 0 refresh token used cleaned
[2025-03-17T06:00:00.010Z] [info]: Cleanup product: Cleaned 0 products
[2025-03-17T06:01:00.007Z] [info]: Cleanup key token: 0 key token cleaned
[2025-03-17T06:01:00.007Z] [info]: Cleanup key token: 0 refresh token used cleaned
[2025-03-17T06:01:00.007Z] [info]: Cleanup product: Cleaned 0 products
[2025-03-17T06:02:00.013Z] [info]: Cleanup key token: 0 key token cleaned
[2025-03-17T06:02:00.013Z] [info]: Cleanup key token: 0 refresh token used cleaned
[2025-03-17T06:02:00.014Z] [info]: Cleanup product: Cleaned 0 products
[2025-03-17T06:03:00.012Z] [info]: Cleanup key token: 0 key token cleaned
[2025-03-17T06:03:00.012Z] [info]: Cleanup key token: 0 refresh token used cleaned
[2025-03-17T06:03:00.016Z] [info]: Cleanup product: Cleaned 0 products
[2025-03-17T06:04:00.005Z] [info]: Cleanup key token: 0 key token cleaned
[2025-03-17T06:04:00.005Z] [info]: Cleanup key token: 0 refresh token used cleaned
[2025-03-17T06:04:00.007Z] [info]: Cleanup product: Cleaned 0 products
[2025-03-17T06:05:00.006Z] [info]: Cleanup key token: 0 key token cleaned
[2025-03-17T06:05:00.006Z] [info]: Cleanup key token: 0 refresh token used cleaned
[2025-03-17T06:05:00.008Z] [info]: Cleanup product: Cleaned 0 products
[2025-03-17T06:06:00.009Z] [info]: Cleanup key token: 0 key token cleaned
[2025-03-17T06:06:00.009Z] [info]: Cleanup key token: 0 refresh token used cleaned
[2025-03-17T06:06:00.013Z] [info]: Cleanup product: Cleaned 0 products
[2025-03-17T06:07:00.009Z] [info]: Cleanup key token: 0 key token cleaned
[2025-03-17T06:07:00.009Z] [info]: Cleanup key token: 0 refresh token used cleaned
[2025-03-17T06:07:00.012Z] [info]: Cleanup product: Cleaned 0 products
[2025-03-17T06:08:00.006Z] [info]: Cleanup key token: 0 key token cleaned
[2025-03-17T06:08:00.006Z] [info]: Cleanup key token: 0 refresh token used cleaned
[2025-03-17T06:08:00.006Z] [info]: Cleanup product: Cleaned 0 products
[2025-03-17T06:09:00.005Z] [info]: Cleanup key token: 0 key token cleaned
[2025-03-17T06:09:00.005Z] [info]: Cleanup key token: 0 refresh token used cleaned
[2025-03-17T06:09:00.007Z] [info]: Cleanup product: Cleaned 0 products
[2025-03-17T06:10:00.006Z] [info]: Cleanup key token: 0 key token cleaned
[2025-03-17T06:10:00.006Z] [info]: Cleanup key token: 0 refresh token used cleaned
[2025-03-17T06:10:00.008Z] [info]: Cleanup product: Cleaned 0 products
[2025-03-17T06:11:00.006Z] [info]: Cleanup key token: 0 key token cleaned
[2025-03-17T06:11:00.006Z] [info]: Cleanup key token: 0 refresh token used cleaned
[2025-03-17T06:11:00.008Z] [info]: Cleanup product: Cleaned 0 products
[2025-03-17T06:12:00.004Z] [info]: Cleanup key token: 0 key token cleaned
[2025-03-17T06:12:00.005Z] [info]: Cleanup key token: 0 refresh token used cleaned
[2025-03-17T06:12:00.007Z] [info]: Cleanup product: Cleaned 0 products
[2025-03-17T06:13:00.008Z] [info]: Cleanup key token: 0 key token cleaned
[2025-03-17T06:13:00.008Z] [info]: Cleanup key token: 0 refresh token used cleaned
[2025-03-17T06:13:00.010Z] [info]: Cleanup product: Cleaned 0 products
[2025-03-17T06:14:00.032Z] [info]: Cleanup key token: 0 key token cleaned
[2025-03-17T06:14:00.032Z] [info]: Cleanup key token: 0 refresh token used cleaned
[2025-03-17T06:14:00.037Z] [info]: Cleanup product: Cleaned 0 products
[2025-03-17T06:15:00.033Z] [info]: Cleanup key token: 0 key token cleaned
[2025-03-17T06:15:00.033Z] [info]: Cleanup key token: 0 refresh token used cleaned
[2025-03-17T06:15:00.038Z] [info]: Cleanup product: Cleaned 0 products
[2025-03-17T06:16:00.039Z] [info]: Cleanup key token: 0 key token cleaned
[2025-03-17T06:16:00.039Z] [info]: Cleanup key token: 0 refresh token used cleaned
[2025-03-17T06:16:00.047Z] [info]: Cleanup product: Cleaned 0 products
[2025-03-17T06:17:00.034Z] [info]: Cleanup key token: 0 key token cleaned
[2025-03-17T06:17:00.035Z] [info]: Cleanup key token: 0 refresh token used cleaned
[2025-03-17T06:17:00.040Z] [info]: Cleanup product: Cleaned 0 products
[2025-03-17T06:18:00.044Z] [info]: Cleanup key token: 0 key token cleaned
[2025-03-17T06:18:00.045Z] [info]: Cleanup key token: 0 refresh token used cleaned
[2025-03-17T06:18:00.048Z] [info]: Cleanup product: Cleaned 0 products
[2025-03-17T06:19:00.009Z] [info]: Cleanup key token: 0 key token cleaned
[2025-03-17T06:19:00.010Z] [info]: Cleanup key token: 0 refresh token used cleaned
[2025-03-17T06:19:00.013Z] [info]: Cleanup product: Cleaned 0 products
[2025-03-17T06:20:00.052Z] [info]: Cleanup key token: 0 key token cleaned
[2025-03-17T06:20:00.052Z] [info]: Cleanup key token: 0 refresh token used cleaned
[2025-03-17T06:20:00.061Z] [info]: Cleanup product: Cleaned 0 products
[2025-03-17T06:21:00.044Z] [info]: Cleanup key token: 0 key token cleaned
[2025-03-17T06:21:00.045Z] [info]: Cleanup key token: 0 refresh token used cleaned
[2025-03-17T06:21:00.046Z] [info]: Cleanup product: Cleaned 0 products
[2025-03-17T06:22:00.012Z] [info]: Cleanup key token: 0 key token cleaned
[2025-03-17T06:22:00.013Z] [info]: Cleanup key token: 0 refresh token used cleaned
[2025-03-17T06:22:00.013Z] [info]: Cleanup product: Cleaned 0 products
[2025-03-17T06:24:00.031Z] [info]: Cleanup key token: 1 key token cleaned
[2025-03-17T06:24:00.032Z] [info]: Cleanup key token: 0 refresh token used cleaned
[2025-03-17T06:24:00.038Z] [info]: Cleanup product: Cleaned 0 products
[2025-03-17T06:25:00.023Z] [info]: Cleanup key token: 0 key token cleaned
[2025-03-17T06:25:00.024Z] [info]: Cleanup key token: 0 refresh token used cleaned
[2025-03-17T06:25:00.028Z] [info]: Cleanup product: Cleaned 0 products
[2025-03-17T06:26:00.028Z] [info]: Cleanup key token: 0 key token cleaned
[2025-03-17T06:26:00.028Z] [info]: Cleanup key token: 0 refresh token used cleaned
[2025-03-17T06:26:00.030Z] [info]: Cleanup product: Cleaned 0 products
[2025-03-17T06:27:00.025Z] [info]: Cleanup key token: 0 key token cleaned
[2025-03-17T06:27:00.026Z] [info]: Cleanup key token: 0 refresh token used cleaned
[2025-03-17T06:27:00.030Z] [info]: Cleanup product: Cleaned 0 products
[2025-03-17T06:27:08.579Z] [info]: Server closed
[2025-03-17T06:27:08.592Z] [info]: Server closed
[2025-03-17T06:27:08.594Z] [info]: Server closed
[2025-03-17T06:28:00.035Z] [info]: Cleanup key token: 0 key token cleaned
[2025-03-17T06:28:00.036Z] [info]: Cleanup key token: 0 refresh token used cleaned
[2025-03-17T06:28:00.042Z] [info]: Cleanup product: Cleaned 0 products
[2025-03-17T06:29:00.032Z] [info]: Cleanup key token: 0 key token cleaned
[2025-03-17T06:29:00.033Z] [info]: Cleanup key token: 0 refresh token used cleaned
[2025-03-17T06:29:00.034Z] [info]: Cleanup product: Cleaned 0 products
[2025-03-17T06:30:00.031Z] [info]: Cleanup key token: 0 key token cleaned
[2025-03-17T06:30:00.032Z] [info]: Cleanup key token: 0 refresh token used cleaned
[2025-03-17T06:30:00.034Z] [info]: Cleanup product: Cleaned 0 products
[2025-03-17T06:31:00.027Z] [info]: Cleanup key token: 0 key token cleaned
[2025-03-17T06:31:00.028Z] [info]: Cleanup key token: 0 refresh token used cleaned
[2025-03-17T06:31:00.032Z] [info]: Cleanup product: Cleaned 0 products
[2025-03-17T06:32:00.030Z] [info]: Cleanup key token: 0 key token cleaned
[2025-03-17T06:32:00.031Z] [info]: Cleanup key token: 0 refresh token used cleaned
[2025-03-17T06:32:00.037Z] [info]: Cleanup product: Cleaned 0 products
[2025-03-17T06:33:00.007Z] [info]: Cleanup key token: 0 key token cleaned
[2025-03-17T06:33:00.007Z] [info]: Cleanup key token: 0 refresh token used cleaned
[2025-03-17T06:33:00.010Z] [info]: Cleanup product: Cleaned 0 products
[2025-03-17T06:34:00.007Z] [info]: Cleanup key token: 0 key token cleaned
[2025-03-17T06:34:00.007Z] [info]: Cleanup key token: 0 refresh token used cleaned
[2025-03-17T06:34:00.007Z] [info]: Cleanup product: Cleaned 0 products
[2025-03-17T06:35:00.011Z] [info]: Cleanup key token: 0 key token cleaned
[2025-03-17T06:35:00.011Z] [info]: Cleanup key token: 0 refresh token used cleaned
[2025-03-17T06:35:00.013Z] [info]: Cleanup product: Cleaned 0 products
[2025-03-17T06:36:00.007Z] [info]: Cleanup key token: 0 key token cleaned
[2025-03-17T06:36:00.007Z] [info]: Cleanup key token: 0 refresh token used cleaned
[2025-03-17T06:36:00.008Z] [info]: Cleanup product: Cleaned 0 products
[2025-03-17T06:37:00.006Z] [info]: Cleanup key token: 0 key token cleaned
[2025-03-17T06:37:00.007Z] [info]: Cleanup key token: 0 refresh token used cleaned
[2025-03-17T06:37:00.009Z] [info]: Cleanup product: Cleaned 0 products
[2025-03-17T06:38:00.005Z] [info]: Cleanup key token: 0 key token cleaned
[2025-03-17T06:38:00.005Z] [info]: Cleanup key token: 0 refresh token used cleaned
[2025-03-17T06:38:00.008Z] [info]: Cleanup product: Cleaned 0 products
[2025-03-17T06:39:00.005Z] [info]: Cleanup key token: 0 key token cleaned
[2025-03-17T06:39:00.006Z] [info]: Cleanup key token: 0 refresh token used cleaned
[2025-03-17T06:39:00.008Z] [info]: Cleanup product: Cleaned 0 products
[2025-03-17T06:40:00.008Z] [info]: Cleanup key token: 1 key token cleaned
[2025-03-17T06:40:00.008Z] [info]: Cleanup key token: 0 refresh token used cleaned
[2025-03-17T06:40:00.013Z] [info]: Cleanup product: Cleaned 0 products
[2025-03-17T06:41:00.006Z] [info]: Cleanup key token: 0 key token cleaned
[2025-03-17T06:41:00.006Z] [info]: Cleanup key token: 0 refresh token used cleaned
[2025-03-17T06:41:00.008Z] [info]: Cleanup product: Cleaned 0 products
[2025-03-17T06:42:00.006Z] [info]: Cleanup key token: 0 key token cleaned
[2025-03-17T06:42:00.006Z] [info]: Cleanup key token: 0 refresh token used cleaned
[2025-03-17T06:42:00.008Z] [info]: Cleanup product: Cleaned 0 products
[2025-03-17T06:43:00.021Z] [info]: Cleanup key token: 0 key token cleaned
[2025-03-17T06:43:00.022Z] [info]: Cleanup key token: 0 refresh token used cleaned
[2025-03-17T06:43:00.030Z] [info]: Cleanup product: Cleaned 0 products
[2025-03-17T06:44:00.008Z] [info]: Cleanup key token: 0 key token cleaned
[2025-03-17T06:44:00.008Z] [info]: Cleanup key token: 0 refresh token used cleaned
[2025-03-17T06:44:00.013Z] [info]: Cleanup product: Cleaned 0 products
[2025-03-17T06:45:00.006Z] [info]: Cleanup key token: 0 key token cleaned
[2025-03-17T06:45:00.007Z] [info]: Cleanup key token: 0 refresh token used cleaned
[2025-03-17T06:45:00.007Z] [info]: Cleanup product: Cleaned 0 products
[2025-03-17T06:46:00.022Z] [info]: Cleanup key token: 0 key token cleaned
[2025-03-17T06:46:00.023Z] [info]: Cleanup key token: 0 refresh token used cleaned
[2025-03-17T06:46:00.029Z] [info]: Cleanup product: Cleaned 0 products
[2025-03-17T06:47:00.006Z] [info]: Cleanup key token: 0 key token cleaned
[2025-03-17T06:47:00.006Z] [info]: Cleanup key token: 0 refresh token used cleaned
[2025-03-17T06:47:00.009Z] [info]: Cleanup product: Cleaned 0 products
[2025-03-17T06:48:00.006Z] [info]: Cleanup key token: 0 key token cleaned
[2025-03-17T06:48:00.007Z] [info]: Cleanup key token: 0 refresh token used cleaned
[2025-03-17T06:48:00.011Z] [info]: Cleanup product: Cleaned 0 products
[2025-03-17T06:49:00.006Z] [info]: Cleanup key token: 0 key token cleaned
[2025-03-17T06:49:00.007Z] [info]: Cleanup key token: 0 refresh token used cleaned
[2025-03-17T06:49:00.012Z] [info]: Cleanup product: Cleaned 0 products
[2025-03-17T06:50:00.005Z] [info]: Cleanup key token: 0 key token cleaned
[2025-03-17T06:50:00.005Z] [info]: Cleanup key token: 0 refresh token used cleaned
[2025-03-17T06:50:00.011Z] [info]: Cleanup product: Cleaned 0 products
[2025-03-17T06:51:00.010Z] [info]: Cleanup key token: 0 key token cleaned
[2025-03-17T06:51:00.011Z] [info]: Cleanup key token: 0 refresh token used cleaned
[2025-03-17T06:51:00.018Z] [info]: Cleanup product: Cleaned 0 products
[2025-03-17T06:52:00.031Z] [info]: Cleanup key token: 0 key token cleaned
[2025-03-17T06:52:00.032Z] [info]: Cleanup key token: 0 refresh token used cleaned
[2025-03-17T06:52:00.036Z] [info]: Cleanup product: Cleaned 0 products
[2025-03-17T06:53:00.035Z] [info]: Cleanup key token: 0 key token cleaned
[2025-03-17T06:53:00.037Z] [info]: Cleanup key token: 0 refresh token used cleaned
[2025-03-17T06:53:00.038Z] [info]: Cleanup product: Cleaned 0 products
[2025-03-17T06:54:00.020Z] [info]: Cleanup key token: 0 key token cleaned
[2025-03-17T06:54:00.021Z] [info]: Cleanup key token: 0 refresh token used cleaned
[2025-03-17T06:54:00.029Z] [info]: Cleanup product: Cleaned 0 products
[2025-03-17T06:55:00.045Z] [info]: Cleanup key token: 0 key token cleaned
[2025-03-17T06:55:00.047Z] [info]: Cleanup key token: 0 refresh token used cleaned
[2025-03-17T06:55:00.066Z] [info]: Cleanup product: Cleaned 0 products
[2025-03-17T06:56:00.032Z] [info]: Cleanup key token: 0 key token cleaned
[2025-03-17T06:56:00.034Z] [info]: Cleanup key token: 0 refresh token used cleaned
[2025-03-17T06:56:00.051Z] [info]: Cleanup product: Cleaned 0 products
[2025-03-17T06:57:00.068Z] [info]: Cleanup key token: 0 key token cleaned
[2025-03-17T06:57:00.070Z] [info]: Cleanup key token: 0 refresh token used cleaned
[2025-03-17T06:57:00.088Z] [info]: Cleanup product: Cleaned 0 products
[2025-03-17T06:58:00.033Z] [info]: Cleanup key token: 0 key token cleaned
[2025-03-17T06:58:00.034Z] [info]: Cleanup key token: 0 refresh token used cleaned
[2025-03-17T06:58:00.054Z] [info]: Cleanup product: Cleaned 0 products
[2025-03-17T06:59:00.092Z] [info]: Cleanup key token: 0 key token cleaned
[2025-03-17T06:59:00.093Z] [info]: Cleanup key token: 0 refresh token used cleaned
[2025-03-17T06:59:00.122Z] [info]: Cleanup product: Cleaned 0 products
[2025-03-17T07:00:00.007Z] [info]: Cleanup key token: 0 key token cleaned
[2025-03-17T07:00:00.007Z] [info]: Cleanup key token: 0 refresh token used cleaned
[2025-03-17T07:00:00.009Z] [info]: Cleanup product: Cleaned 0 products
[2025-03-17T07:01:00.039Z] [info]: Cleanup key token: 0 key token cleaned
[2025-03-17T07:01:00.040Z] [info]: Cleanup key token: 0 refresh token used cleaned
[2025-03-17T07:01:00.041Z] [info]: Cleanup product: Cleaned 0 products
[2025-03-17T07:02:00.032Z] [info]: Cleanup key token: 0 key token cleaned
[2025-03-17T07:02:00.033Z] [info]: Cleanup key token: 0 refresh token used cleaned
[2025-03-17T07:02:00.034Z] [info]: Cleanup product: Cleaned 0 products
[2025-03-17T07:03:00.165Z] [info]: Cleanup key token: 0 key token cleaned
[2025-03-17T07:03:00.168Z] [info]: Cleanup key token: 0 refresh token used cleaned
[2025-03-17T07:03:00.188Z] [info]: Cleanup product: Cleaned 0 products
[2025-03-17T07:03:25.689Z] [info]: Server closed
[2025-03-17T07:03:25.793Z] [info]: Server closed
[2025-03-17T07:03:25.794Z] [info]: Server closed
[2025-03-17T07:03:25.797Z] [info]: Server closed
[2025-03-17T07:16:13.580Z] [info]: Server closed
[2025-03-17T07:16:13.592Z] [info]: Server closed
[2025-03-17T07:16:13.594Z] [info]: Server closed
[2025-03-17T07:16:34.593Z] [info]: Server closed
[2025-03-17T07:16:34.621Z] [info]: Server closed
[2025-03-17T07:16:34.622Z] [info]: Server closed
[2025-03-17T07:20:00.153Z] [info]: Cleanup key token: 0 key token cleaned
[2025-03-17T07:20:00.157Z] [info]: Cleanup key token: 0 refresh token used cleaned
[2025-03-17T07:20:00.165Z] [info]: Cleanup key token: 0 key token cleaned
[2025-03-17T07:20:00.168Z] [info]: Cleanup key token: 0 refresh token used cleaned
[2025-03-17T07:20:00.175Z] [info]: Cleanup product: Cleaned 0 products
[2025-03-17T07:20:00.175Z] [info]: Cleanup key token: 0 key token cleaned
[2025-03-17T07:20:00.178Z] [info]: Cleanup key token: 0 refresh token used cleaned
[2025-03-17T07:20:00.181Z] [info]: Cleanup key token: 0 key token cleaned
[2025-03-17T07:20:00.184Z] [info]: Cleanup key token: 0 refresh token used cleaned
[2025-03-17T07:20:00.189Z] [info]: Cleanup product: Cleaned 0 products
[2025-03-17T07:20:00.184Z] [info]: Cleanup product: Cleaned 0 products
[2025-03-17T07:20:00.200Z] [info]: Cleanup product: Cleaned 0 products
[2025-03-17T07:20:00.190Z] [info]: Cleanup key token: 0 key token cleaned
[2025-03-17T07:20:00.193Z] [info]: Cleanup key token: 0 refresh token used cleaned
[2025-03-17T07:20:00.199Z] [info]: Cleanup product: Cleaned 0 products
[2025-03-17T07:20:00.211Z] [info]: Cleanup key token: 0 key token cleaned
[2025-03-17T07:20:00.214Z] [info]: Cleanup key token: 0 refresh token used cleaned
[2025-03-17T07:20:00.219Z] [info]: Cleanup key token: 0 key token cleaned
[2025-03-17T07:20:00.222Z] [info]: Cleanup key token: 0 refresh token used cleaned
[2025-03-17T07:20:00.208Z] [info]: Cleanup key token: 0 key token cleaned
[2025-03-17T07:20:00.211Z] [info]: Cleanup key token: 0 refresh token used cleaned
[2025-03-17T07:20:00.217Z] [info]: Cleanup key token: 0 key token cleaned
[2025-03-17T07:20:00.220Z] [info]: Cleanup key token: 0 refresh token used cleaned
[2025-03-17T07:20:00.226Z] [info]: Cleanup product: Cleaned 0 products
[2025-03-17T07:20:00.235Z] [info]: Cleanup product: Cleaned 0 products
[2025-03-17T07:20:00.235Z] [info]: Cleanup product: Cleaned 0 products
[2025-03-17T07:20:00.238Z] [info]: Cleanup key token: 0 key token cleaned
[2025-03-17T07:20:00.240Z] [info]: Cleanup key token: 0 refresh token used cleaned
[2025-03-17T07:20:00.245Z] [info]: Cleanup product: Cleaned 0 products
[2025-03-17T07:20:00.251Z] [info]: Cleanup key token: 0 key token cleaned
[2025-03-17T07:20:00.253Z] [info]: Cleanup key token: 0 refresh token used cleaned
[2025-03-17T07:20:00.255Z] [info]: Cleanup key token: 0 key token cleaned
[2025-03-17T07:20:00.257Z] [info]: Cleanup key token: 0 refresh token used cleaned
[2025-03-17T07:20:00.262Z] [info]: Cleanup product: Cleaned 0 products
[2025-03-17T07:20:00.250Z] [info]: Cleanup key token: 0 key token cleaned
[2025-03-17T07:20:00.254Z] [info]: Cleanup key token: 0 refresh token used cleaned
[2025-03-17T07:20:00.273Z] [info]: Cleanup product: Cleaned 0 products
[2025-03-17T07:20:00.273Z] [info]: Cleanup product: Cleaned 0 products
[2025-03-17T07:20:00.265Z] [info]: Cleanup key token: 0 key token cleaned
[2025-03-17T07:20:00.267Z] [info]: Cleanup key token: 0 refresh token used cleaned
[2025-03-17T07:20:00.277Z] [info]: Cleanup product: Cleaned 0 products
[2025-03-17T07:20:00.271Z] [info]: Cleanup key token: 0 key token cleaned
[2025-03-17T07:20:00.276Z] [info]: Cleanup key token: 0 refresh token used cleaned
[2025-03-17T07:20:00.291Z] [info]: Cleanup product: Cleaned 0 products
[2025-03-17T07:20:00.294Z] [info]: Cleanup product: Cleaned 0 products
[2025-03-17T07:20:00.292Z] [info]: Cleanup key token: 0 key token cleaned
[2025-03-17T07:20:00.295Z] [info]: Cleanup key token: 0 refresh token used cleaned
[2025-03-17T07:20:00.307Z] [info]: Cleanup product: Cleaned 0 products
[2025-03-17T07:21:00.035Z] [info]: Cleanup key token: 0 key token cleaned
[2025-03-17T07:21:00.037Z] [info]: Cleanup key token: 0 key token cleaned
[2025-03-17T07:21:00.038Z] [info]: Cleanup key token: 0 key token cleaned
[2025-03-17T07:21:00.038Z] [info]: Cleanup key token: 0 refresh token used cleaned
[2025-03-17T07:21:00.036Z] [info]: Cleanup key token: 0 key token cleaned
[2025-03-17T07:21:00.036Z] [info]: Cleanup key token: 0 refresh token used cleaned
[2025-03-17T07:21:00.036Z] [info]: Cleanup key token: 0 key token cleaned
[2025-03-17T07:21:00.040Z] [info]: Cleanup key token: 0 key token cleaned
[2025-03-17T07:21:00.040Z] [info]: Cleanup key token: 0 refresh token used cleaned
[2025-03-17T07:21:00.044Z] [info]: Cleanup key token: 0 key token cleaned
[2025-03-17T07:21:00.045Z] [info]: Cleanup key token: 0 key token cleaned
[2025-03-17T07:21:00.040Z] [info]: Cleanup key token: 0 refresh token used cleaned
[2025-03-17T07:21:00.046Z] [info]: Cleanup key token: 0 key token cleaned
[2025-03-17T07:21:00.046Z] [info]: Cleanup key token: 0 key token cleaned
[2025-03-17T07:21:00.045Z] [info]: Cleanup key token: 0 key token cleaned
[2025-03-17T07:21:00.048Z] [info]: Cleanup key token: 0 refresh token used cleaned
[2025-03-17T07:21:00.044Z] [info]: Cleanup key token: 0 key token cleaned
[2025-03-17T07:21:00.047Z] [info]: Cleanup key token: 0 key token cleaned
[2025-03-17T07:21:00.039Z] [info]: Cleanup key token: 0 refresh token used cleaned
[2025-03-17T07:21:00.052Z] [info]: Cleanup product: Cleaned 0 products
[2025-03-17T07:21:00.049Z] [info]: Cleanup key token: 0 refresh token used cleaned
[2025-03-17T07:21:00.051Z] [info]: Cleanup product: Cleaned 0 products
[2025-03-17T07:21:00.048Z] [info]: Cleanup key token: 0 key token cleaned
[2025-03-17T07:21:00.056Z] [info]: Cleanup key token: 0 key token cleaned
[2025-03-17T07:21:00.042Z] [info]: Cleanup key token: 0 refresh token used cleaned
[2025-03-17T07:21:00.060Z] [info]: Cleanup key token: 0 key token cleaned
[2025-03-17T07:21:00.046Z] [info]: Cleanup key token: 0 refresh token used cleaned
[2025-03-17T07:21:00.062Z] [info]: Cleanup product: Cleaned 0 products
[2025-03-17T07:21:00.045Z] [info]: Cleanup key token: 0 refresh token used cleaned
[2025-03-17T07:21:00.061Z] [info]: Cleanup product: Cleaned 0 products
[2025-03-17T07:21:00.045Z] [info]: Cleanup key token: 0 refresh token used cleaned
[2025-03-17T07:21:00.063Z] [info]: Cleanup product: Cleaned 0 products
[2025-03-17T07:21:00.050Z] [info]: Cleanup key token: 0 refresh token used cleaned
[2025-03-17T07:21:00.063Z] [info]: Cleanup product: Cleaned 0 products
[2025-03-17T07:21:00.066Z] [info]: Cleanup product: Cleaned 0 products
[2025-03-17T07:21:00.067Z] [info]: Cleanup product: Cleaned 0 products
[2025-03-17T07:21:00.048Z] [info]: Cleanup key token: 0 refresh token used cleaned
[2025-03-17T07:21:00.066Z] [info]: Cleanup product: Cleaned 0 products
[2025-03-17T07:21:00.062Z] [info]: Cleanup key token: 0 refresh token used cleaned
[2025-03-17T07:21:00.067Z] [info]: Cleanup product: Cleaned 0 products
[2025-03-17T07:21:00.067Z] [info]: Cleanup product: Cleaned 0 products
[2025-03-17T07:21:00.060Z] [info]: Cleanup key token: 0 refresh token used cleaned
[2025-03-17T07:21:00.053Z] [info]: Cleanup key token: 0 refresh token used cleaned
[2025-03-17T07:21:00.075Z] [info]: Cleanup product: Cleaned 0 products
[2025-03-17T07:21:00.077Z] [info]: Cleanup product: Cleaned 0 products
[2025-03-17T07:21:00.079Z] [info]: Cleanup product: Cleaned 0 products
[2025-03-17T07:21:00.079Z] [info]: Cleanup product: Cleaned 0 products
[2025-03-17T07:21:00.080Z] [info]: Cleanup product: Cleaned 0 products
[2025-03-17T07:22:00.045Z] [info]: Cleanup key token: 0 key token cleaned
[2025-03-17T07:22:00.055Z] [info]: Cleanup key token: 0 refresh token used cleaned
[2025-03-17T07:22:00.064Z] [info]: Cleanup key token: 0 key token cleaned
[2025-03-17T07:22:00.070Z] [info]: Cleanup key token: 0 refresh token used cleaned
[2025-03-17T07:22:00.079Z] [info]: Cleanup product: Cleaned 0 products
[2025-03-17T07:22:00.078Z] [info]: Cleanup key token: 0 key token cleaned
[2025-03-17T07:22:00.079Z] [info]: Cleanup key token: 0 key token cleaned
[2025-03-17T07:22:00.083Z] [info]: Cleanup key token: 0 key token cleaned
[2025-03-17T07:22:00.090Z] [info]: Cleanup key token: 0 refresh token used cleaned
[2025-03-17T07:22:00.096Z] [info]: Cleanup key token: 0 key token cleaned
[2025-03-17T07:22:00.091Z] [info]: Cleanup product: Cleaned 0 products
[2025-03-17T07:22:00.103Z] [info]: Cleanup key token: 0 key token cleaned
[2025-03-17T07:22:00.093Z] [info]: Cleanup key token: 0 refresh token used cleaned
[2025-03-17T07:22:00.098Z] [info]: Cleanup key token: 0 refresh token used cleaned
[2025-03-17T07:22:00.114Z] [info]: Cleanup product: Cleaned 0 products
[2025-03-17T07:22:00.081Z] [info]: Cleanup key token: 0 refresh token used cleaned
[2025-03-17T07:22:00.104Z] [info]: Cleanup key token: 0 refresh token used cleaned
[2025-03-17T07:22:00.126Z] [info]: Cleanup product: Cleaned 0 products
[2025-03-17T07:22:00.138Z] [info]: Cleanup key token: 0 key token cleaned
[2025-03-17T07:22:00.127Z] [info]: Cleanup product: Cleaned 0 products
[2025-03-17T07:22:00.138Z] [info]: Cleanup product: Cleaned 0 products
[2025-03-17T07:22:00.136Z] [info]: Cleanup product: Cleaned 0 products
[2025-03-17T07:22:00.139Z] [info]: Cleanup key token: 0 refresh token used cleaned
[2025-03-17T07:22:00.141Z] [info]: Cleanup product: Cleaned 0 products
[2025-03-17T07:22:00.146Z] [info]: Cleanup key token: 0 key token cleaned
[2025-03-17T07:22:00.165Z] [info]: Cleanup key token: 0 key token cleaned
[2025-03-17T07:22:00.159Z] [info]: Cleanup key token: 0 key token cleaned
[2025-03-17T07:22:00.158Z] [info]: Cleanup key token: 0 refresh token used cleaned
[2025-03-17T07:22:00.163Z] [info]: Cleanup key token: 0 key token cleaned
[2025-03-17T07:22:00.168Z] [info]: Cleanup key token: 0 refresh token used cleaned
[2025-03-17T07:22:00.178Z] [info]: Cleanup product: Cleaned 0 products
[2025-03-17T07:22:00.179Z] [info]: Cleanup key token: 0 key token cleaned
[2025-03-17T07:22:00.181Z] [info]: Cleanup key token: 0 refresh token used cleaned
[2025-03-17T07:22:00.184Z] [info]: Cleanup product: Cleaned 0 products
[2025-03-17T07:22:00.170Z] [info]: Cleanup key token: 0 refresh token used cleaned
[2025-03-17T07:22:00.186Z] [info]: Cleanup product: Cleaned 0 products
[2025-03-17T07:22:00.198Z] [info]: Cleanup key token: 0 key token cleaned
[2025-03-17T07:22:00.197Z] [info]: Cleanup key token: 0 key token cleaned
[2025-03-17T07:22:00.200Z] [info]: Cleanup key token: 0 refresh token used cleaned
[2025-03-17T07:22:00.203Z] [info]: Cleanup product: Cleaned 0 products
[2025-03-17T07:22:00.176Z] [info]: Cleanup key token: 0 refresh token used cleaned
[2025-03-17T07:22:00.196Z] [info]: Cleanup product: Cleaned 0 products
[2025-03-17T07:22:00.218Z] [info]: Cleanup key token: 0 key token cleaned
[2025-03-17T07:22:00.199Z] [info]: Cleanup key token: 0 refresh token used cleaned
[2025-03-17T07:22:00.227Z] [info]: Cleanup product: Cleaned 0 products
[2025-03-17T07:22:00.227Z] [info]: Cleanup product: Cleaned 0 products
[2025-03-17T07:22:00.224Z] [info]: Cleanup key token: 0 refresh token used cleaned
[2025-03-17T07:22:00.232Z] [info]: Cleanup product: Cleaned 0 products
[2025-03-17T07:23:00.041Z] [info]: Cleanup key token: 0 key token cleaned
[2025-03-17T07:23:00.043Z] [info]: Cleanup key token: 0 refresh token used cleaned
[2025-03-17T07:23:00.053Z] [info]: Cleanup key token: 0 key token cleaned
[2025-03-17T07:23:00.054Z] [info]: Cleanup key token: 0 key token cleaned
[2025-03-17T07:23:00.055Z] [info]: Cleanup key token: 0 key token cleaned
[2025-03-17T07:23:00.056Z] [info]: Cleanup key token: 0 refresh token used cleaned
[2025-03-17T07:23:00.055Z] [info]: Cleanup key token: 0 refresh token used cleaned
[2025-03-17T07:23:00.058Z] [info]: Cleanup key token: 0 refresh token used cleaned
[2025-03-17T07:23:00.066Z] [info]: Cleanup product: Cleaned 0 products
[2025-03-17T07:23:00.072Z] [info]: Cleanup key token: 0 key token cleaned
[2025-03-17T07:23:00.072Z] [info]: Cleanup key token: 0 key token cleaned
[2025-03-17T07:23:00.079Z] [info]: Cleanup key token: 0 refresh token used cleaned
[2025-03-17T07:23:00.077Z] [info]: Cleanup key token: 0 key token cleaned
[2025-03-17T07:23:00.083Z] [info]: Cleanup key token: 0 key token cleaned
[2025-03-17T07:23:00.086Z] [info]: Cleanup key token: 0 key token cleaned
[2025-03-17T07:23:00.083Z] [info]: Cleanup product: Cleaned 0 products
[2025-03-17T07:23:00.088Z] [info]: Cleanup key token: 0 refresh token used cleaned
[2025-03-17T07:23:00.082Z] [info]: Cleanup key token: 0 refresh token used cleaned
[2025-03-17T07:23:00.087Z] [info]: Cleanup key token: 0 key token cleaned
[2025-03-17T07:23:00.083Z] [info]: Cleanup product: Cleaned 0 products
[2025-03-17T07:23:00.091Z] [info]: Cleanup key token: 0 refresh token used cleaned
[2025-03-17T07:23:00.096Z] [info]: Cleanup product: Cleaned 0 products
[2025-03-17T07:23:00.098Z] [info]: Cleanup product: Cleaned 0 products
[2025-03-17T07:23:00.077Z] [info]: Cleanup key token: 0 refresh token used cleaned
[2025-03-17T07:23:00.099Z] [info]: Cleanup product: Cleaned 0 products
[2025-03-17T07:23:00.097Z] [info]: Cleanup key token: 0 key token cleaned
[2025-03-17T07:23:00.098Z] [info]: Cleanup key token: 0 refresh token used cleaned
[2025-03-17T07:23:00.089Z] [info]: Cleanup key token: 0 refresh token used cleaned
[2025-03-17T07:23:00.099Z] [info]: Cleanup product: Cleaned 0 products
[2025-03-17T07:23:00.108Z] [info]: Cleanup product: Cleaned 0 products
[2025-03-17T07:23:00.109Z] [info]: Cleanup product: Cleaned 0 products
[2025-03-17T07:23:00.109Z] [info]: Cleanup key token: 0 key token cleaned
[2025-03-17T07:23:00.102Z] [info]: Cleanup key token: 0 key token cleaned
[2025-03-17T07:23:00.104Z] [info]: Cleanup product: Cleaned 0 products
[2025-03-17T07:23:00.111Z] [info]: Cleanup key token: 0 refresh token used cleaned
[2025-03-17T07:23:00.110Z] [info]: Cleanup key token: 0 refresh token used cleaned
[2025-03-17T07:23:00.115Z] [info]: Cleanup key token: 0 key token cleaned
[2025-03-17T07:23:00.126Z] [info]: Cleanup key token: 0 key token cleaned
[2025-03-17T07:23:00.129Z] [info]: Cleanup key token: 0 refresh token used cleaned
[2025-03-17T07:23:00.123Z] [info]: Cleanup key token: 0 refresh token used cleaned
[2025-03-17T07:23:00.138Z] [info]: Cleanup product: Cleaned 0 products
[2025-03-17T07:23:00.141Z] [info]: Cleanup product: Cleaned 0 products
[2025-03-17T07:23:00.140Z] [info]: Cleanup product: Cleaned 0 products
[2025-03-17T07:23:00.142Z] [info]: Cleanup key token: 0 key token cleaned
[2025-03-17T07:23:00.154Z] [info]: Cleanup product: Cleaned 0 products
[2025-03-17T07:23:00.147Z] [info]: Cleanup key token: 0 refresh token used cleaned
[2025-03-17T07:23:00.161Z] [info]: Cleanup product: Cleaned 0 products
[2025-03-17T07:23:00.171Z] [info]: Cleanup product: Cleaned 0 products
[2025-03-17T07:23:40.751Z] [info]: Server closed
[2025-03-17T07:23:40.756Z] [info]: Server closed
[2025-03-17T07:23:42.499Z] [info]: Server closed
[2025-03-17T07:23:42.507Z] [info]: Server closed
[2025-03-17T07:23:44.235Z] [info]: Server closed
[2025-03-17T07:23:44.251Z] [info]: Server closed
[2025-03-17T07:23:46.003Z] [info]: Server closed
[2025-03-17T07:23:46.019Z] [info]: Server closed
[2025-03-17T07:23:47.760Z] [info]: Server closed
[2025-03-17T07:23:47.780Z] [info]: Server closed
[2025-03-17T07:23:49.497Z] [info]: Server closed
[2025-03-17T07:23:49.512Z] [info]: Server closed
[2025-03-17T07:23:51.234Z] [info]: Server closed
[2025-03-17T07:23:51.247Z] [info]: Server closed
[2025-03-17T07:23:52.968Z] [info]: Server closed
[2025-03-17T07:23:52.980Z] [info]: Server closed
[2025-03-17T07:25:00.089Z] [info]: Cleanup key token: 0 key token cleaned
[2025-03-17T07:25:00.092Z] [info]: Cleanup key token: 0 refresh token used cleaned
[2025-03-17T07:25:00.089Z] [info]: Cleanup key token: 0 key token cleaned
[2025-03-17T07:25:00.091Z] [info]: Cleanup key token: 0 refresh token used cleaned
[2025-03-17T07:25:00.105Z] [info]: Cleanup product: Cleaned 0 products
[2025-03-17T07:25:00.107Z] [info]: Cleanup product: Cleaned 0 products
[2025-03-17T07:25:00.096Z] [info]: Cleanup key token: 0 key token cleaned
[2025-03-17T07:25:00.099Z] [info]: Cleanup key token: 0 refresh token used cleaned
[2025-03-17T07:25:00.105Z] [info]: Cleanup key token: 0 key token cleaned
[2025-03-17T07:25:00.106Z] [info]: Cleanup key token: 0 refresh token used cleaned
[2025-03-17T07:25:00.110Z] [info]: Cleanup product: Cleaned 0 products
[2025-03-17T07:25:00.112Z] [info]: Cleanup product: Cleaned 0 products
[2025-03-17T07:25:00.108Z] [info]: Cleanup key token: 0 key token cleaned
[2025-03-17T07:25:00.110Z] [info]: Cleanup key token: 0 refresh token used cleaned
[2025-03-17T07:25:00.104Z] [info]: Cleanup key token: 0 key token cleaned
[2025-03-17T07:25:00.107Z] [info]: Cleanup key token: 0 refresh token used cleaned
[2025-03-17T07:25:00.106Z] [info]: Cleanup key token: 0 key token cleaned
[2025-03-17T07:25:00.108Z] [info]: Cleanup key token: 0 refresh token used cleaned
[2025-03-17T07:25:00.100Z] [info]: Cleanup key token: 0 key token cleaned
[2025-03-17T07:25:00.103Z] [info]: Cleanup key token: 0 refresh token used cleaned
[2025-03-17T07:25:00.120Z] [info]: Cleanup product: Cleaned 0 products
[2025-03-17T07:25:00.122Z] [info]: Cleanup product: Cleaned 0 products
[2025-03-17T07:25:00.122Z] [info]: Cleanup product: Cleaned 0 products
[2025-03-17T07:25:00.107Z] [info]: Cleanup key token: 0 key token cleaned
[2025-03-17T07:25:00.109Z] [info]: Cleanup key token: 0 refresh token used cleaned
[2025-03-17T07:25:00.123Z] [info]: Cleanup product: Cleaned 0 products
[2025-03-17T07:25:00.124Z] [info]: Cleanup product: Cleaned 0 products
[2025-03-17T07:25:00.113Z] [info]: Cleanup key token: 0 key token cleaned
[2025-03-17T07:25:00.115Z] [info]: Cleanup key token: 0 refresh token used cleaned
[2025-03-17T07:25:00.129Z] [info]: Cleanup product: Cleaned 0 products
[2025-03-17T07:25:00.125Z] [info]: Cleanup key token: 0 key token cleaned
[2025-03-17T07:25:00.126Z] [info]: Cleanup key token: 0 refresh token used cleaned
[2025-03-17T07:25:00.130Z] [info]: Cleanup key token: 0 key token cleaned
[2025-03-17T07:25:00.132Z] [info]: Cleanup key token: 0 refresh token used cleaned
[2025-03-17T07:25:00.134Z] [info]: Cleanup product: Cleaned 0 products
[2025-03-17T07:25:00.136Z] [info]: Cleanup product: Cleaned 0 products
[2025-03-17T07:25:00.129Z] [info]: Cleanup key token: 0 key token cleaned
[2025-03-17T07:25:00.131Z] [info]: Cleanup key token: 0 refresh token used cleaned
[2025-03-17T07:25:00.142Z] [info]: Cleanup product: Cleaned 0 products
[2025-03-17T07:25:00.137Z] [info]: Cleanup key token: 0 key token cleaned
[2025-03-17T07:25:00.138Z] [info]: Cleanup key token: 0 refresh token used cleaned
[2025-03-17T07:25:00.134Z] [info]: Cleanup key token: 0 key token cleaned
[2025-03-17T07:25:00.136Z] [info]: Cleanup key token: 0 refresh token used cleaned
[2025-03-17T07:25:00.147Z] [info]: Cleanup product: Cleaned 0 products
[2025-03-17T07:25:00.137Z] [info]: Cleanup key token: 0 key token cleaned
[2025-03-17T07:25:00.139Z] [info]: Cleanup key token: 0 refresh token used cleaned
[2025-03-17T07:25:00.147Z] [info]: Cleanup product: Cleaned 0 products
[2025-03-17T07:25:00.150Z] [info]: Cleanup product: Cleaned 0 products
[2025-03-17T07:26:00.045Z] [info]: Cleanup key token: 0 key token cleaned
[2025-03-17T07:26:00.049Z] [info]: Cleanup key token: 0 key token cleaned
[2025-03-17T07:26:00.050Z] [info]: Cleanup key token: 0 key token cleaned
[2025-03-17T07:26:00.051Z] [info]: Cleanup key token: 0 key token cleaned
[2025-03-17T07:26:00.054Z] [info]: Cleanup key token: 0 key token cleaned
[2025-03-17T07:26:00.055Z] [info]: Cleanup key token: 0 key token cleaned
[2025-03-17T07:26:00.055Z] [info]: Cleanup key token: 0 key token cleaned
[2025-03-17T07:26:00.049Z] [info]: Cleanup key token: 0 refresh token used cleaned
[2025-03-17T07:26:00.062Z] [info]: Cleanup key token: 0 key token cleaned
[2025-03-17T07:26:00.055Z] [info]: Cleanup key token: 0 refresh token used cleaned
[2025-03-17T07:26:00.069Z] [info]: Cleanup key token: 0 key token cleaned
[2025-03-17T07:26:00.060Z] [info]: Cleanup key token: 0 refresh token used cleaned
[2025-03-17T07:26:00.051Z] [info]: Cleanup key token: 0 refresh token used cleaned
[2025-03-17T07:26:00.051Z] [info]: Cleanup key token: 0 refresh token used cleaned
[2025-03-17T07:26:00.064Z] [info]: Cleanup product: Cleaned 0 products
[2025-03-17T07:26:00.068Z] [info]: Cleanup product: Cleaned 0 products
[2025-03-17T07:26:00.077Z] [info]: Cleanup key token: 0 key token cleaned
[2025-03-17T07:26:00.071Z] [info]: Cleanup key token: 0 key token cleaned
[2025-03-17T07:26:00.047Z] [info]: Cleanup key token: 0 refresh token used cleaned
[2025-03-17T07:26:00.063Z] [info]: Cleanup key token: 0 refresh token used cleaned
[2025-03-17T07:26:00.093Z] [info]: Cleanup product: Cleaned 0 products
[2025-03-17T07:26:00.095Z] [info]: Cleanup key token: 0 key token cleaned
[2025-03-17T07:26:00.058Z] [info]: Cleanup key token: 0 refresh token used cleaned
[2025-03-17T07:26:00.070Z] [info]: Cleanup key token: 0 refresh token used cleaned
[2025-03-17T07:26:00.099Z] [info]: Cleanup product: Cleaned 0 products
[2025-03-17T07:26:00.077Z] [info]: Cleanup key token: 0 refresh token used cleaned
[2025-03-17T07:26:00.101Z] [info]: Cleanup product: Cleaned 0 products
[2025-03-17T07:26:00.101Z] [info]: Cleanup product: Cleaned 0 products
[2025-03-17T07:26:00.076Z] [info]: Cleanup key token: 0 refresh token used cleaned
[2025-03-17T07:26:00.099Z] [info]: Cleanup product: Cleaned 0 products
[2025-03-17T07:26:00.095Z] [info]: Cleanup product: Cleaned 0 products
[2025-03-17T07:26:00.111Z] [info]: Cleanup key token: 0 key token cleaned
[2025-03-17T07:26:00.101Z] [info]: Cleanup product: Cleaned 0 products
[2025-03-17T07:26:00.125Z] [info]: Cleanup product: Cleaned 0 products
[2025-03-17T07:26:00.129Z] [info]: Cleanup key token: 0 key token cleaned
[2025-03-17T07:26:00.098Z] [info]: Cleanup key token: 0 refresh token used cleaned
[2025-03-17T07:26:00.132Z] [info]: Cleanup key token: 0 key token cleaned
[2025-03-17T07:26:00.111Z] [info]: Cleanup key token: 0 refresh token used cleaned
[2025-03-17T07:26:00.141Z] [info]: Cleanup key token: 0 key token cleaned
[2025-03-17T07:26:00.130Z] [info]: Cleanup key token: 0 refresh token used cleaned
[2025-03-17T07:26:00.150Z] [info]: Cleanup product: Cleaned 0 products
[2025-03-17T07:26:00.148Z] [info]: Cleanup product: Cleaned 0 products
[2025-03-17T07:26:00.159Z] [info]: Cleanup product: Cleaned 0 products
[2025-03-17T07:26:00.142Z] [info]: Cleanup key token: 0 refresh token used cleaned
[2025-03-17T07:26:00.182Z] [info]: Cleanup product: Cleaned 0 products
[2025-03-17T07:26:00.132Z] [info]: Cleanup key token: 0 refresh token used cleaned
[2025-03-17T07:26:00.154Z] [info]: Cleanup product: Cleaned 0 products
[2025-03-17T07:26:00.180Z] [info]: Cleanup product: Cleaned 0 products
[2025-03-17T07:27:00.018Z] [info]: Cleanup key token: 0 key token cleaned
[2025-03-17T07:27:00.018Z] [info]: Cleanup key token: 0 refresh token used cleaned
[2025-03-17T07:27:00.027Z] [info]: Cleanup key token: 0 key token cleaned
[2025-03-17T07:27:00.028Z] [info]: Cleanup key token: 0 key token cleaned
[2025-03-17T07:27:00.031Z] [info]: Cleanup key token: 0 key token cleaned
[2025-03-17T07:27:00.032Z] [info]: Cleanup product: Cleaned 0 products
[2025-03-17T07:27:00.029Z] [info]: Cleanup key token: 0 refresh token used cleaned
[2025-03-17T07:27:00.031Z] [info]: Cleanup product: Cleaned 0 products
[2025-03-17T07:27:00.032Z] [info]: Cleanup key token: 0 key token cleaned
[2025-03-17T07:27:00.032Z] [info]: Cleanup key token: 0 refresh token used cleaned
[2025-03-17T07:27:00.029Z] [info]: Cleanup key token: 0 refresh token used cleaned
[2025-03-17T07:27:00.031Z] [info]: Cleanup key token: 0 key token cleaned
[2025-03-17T07:27:00.034Z] [info]: Cleanup key token: 0 key token cleaned
[2025-03-17T07:27:00.034Z] [info]: Cleanup key token: 0 refresh token used cleaned
[2025-03-17T07:27:00.035Z] [info]: Cleanup key token: 0 key token cleaned
[2025-03-17T07:27:00.036Z] [info]: Cleanup key token: 0 refresh token used cleaned
[2025-03-17T07:27:00.033Z] [info]: Cleanup key token: 0 refresh token used cleaned
[2025-03-17T07:27:00.035Z] [info]: Cleanup key token: 0 refresh token used cleaned
[2025-03-17T07:27:00.037Z] [info]: Cleanup product: Cleaned 0 products
[2025-03-17T07:27:00.038Z] [info]: Cleanup key token: 0 key token cleaned
[2025-03-17T07:27:00.038Z] [info]: Cleanup product: Cleaned 0 products
[2025-03-17T07:27:00.038Z] [info]: Cleanup key token: 0 refresh token used cleaned
[2025-03-17T07:27:00.038Z] [info]: Cleanup key token: 0 key token cleaned
[2025-03-17T07:27:00.039Z] [info]: Cleanup product: Cleaned 0 products
[2025-03-17T07:27:00.040Z] [info]: Cleanup key token: 0 key token cleaned
[2025-03-17T07:27:00.040Z] [info]: Cleanup product: Cleaned 0 products
[2025-03-17T07:27:00.039Z] [info]: Cleanup key token: 0 key token cleaned
[2025-03-17T07:27:00.041Z] [info]: Cleanup key token: 0 refresh token used cleaned
[2025-03-17T07:27:00.041Z] [info]: Cleanup product: Cleaned 0 products
[2025-03-17T07:27:00.042Z] [info]: Cleanup key token: 0 key token cleaned
[2025-03-17T07:27:00.041Z] [info]: Cleanup key token: 0 refresh token used cleaned
[2025-03-17T07:27:00.042Z] [info]: Cleanup key token: 0 key token cleaned
[2025-03-17T07:27:00.043Z] [info]: Cleanup key token: 0 refresh token used cleaned
[2025-03-17T07:27:00.043Z] [info]: Cleanup product: Cleaned 0 products
[2025-03-17T07:27:00.044Z] [info]: Cleanup product: Cleaned 0 products
[2025-03-17T07:27:00.039Z] [info]: Cleanup key token: 0 refresh token used cleaned
[2025-03-17T07:27:00.046Z] [info]: Cleanup key token: 0 key token cleaned
[2025-03-17T07:27:00.047Z] [info]: Cleanup key token: 0 refresh token used cleaned
[2025-03-17T07:27:00.047Z] [info]: Cleanup key token: 0 key token cleaned
[2025-03-17T07:27:00.044Z] [info]: Cleanup key token: 0 refresh token used cleaned
[2025-03-17T07:27:00.048Z] [info]: Cleanup product: Cleaned 0 products
[2025-03-17T07:27:00.048Z] [info]: Cleanup product: Cleaned 0 products
[2025-03-17T07:27:00.049Z] [info]: Cleanup product: Cleaned 0 products
[2025-03-17T07:27:00.049Z] [info]: Cleanup product: Cleaned 0 products
[2025-03-17T07:27:00.050Z] [info]: Cleanup product: Cleaned 0 products
[2025-03-17T07:27:00.048Z] [info]: Cleanup key token: 0 refresh token used cleaned
[2025-03-17T07:27:00.053Z] [info]: Cleanup product: Cleaned 0 products
[2025-03-17T07:27:00.054Z] [info]: Cleanup product: Cleaned 0 products
[2025-03-17T07:28:00.699Z] [info]: Cleanup key token: 0 key token cleaned
[2025-03-17T07:28:00.729Z] [info]: Cleanup key token: 0 key token cleaned
[2025-03-17T07:28:00.834Z] [info]: Cleanup key token: 0 key token cleaned
[2025-03-17T07:28:00.841Z] [info]: Cleanup key token: 0 key token cleaned
[2025-03-17T07:28:00.862Z] [info]: Cleanup key token: 0 key token cleaned
[2025-03-17T07:28:00.740Z] [info]: Cleanup key token: 0 refresh token used cleaned
[2025-03-17T07:28:00.949Z] [info]: Cleanup key token: 0 key token cleaned
[2025-03-17T07:28:01.021Z] [info]: Cleanup key token: 0 key token cleaned
[2025-03-17T07:28:01.085Z] [info]: Cleanup key token: 0 key token cleaned
[2025-03-17T07:28:00.863Z] [info]: Cleanup key token: 0 refresh token used cleaned
[2025-03-17T07:28:00.842Z] [info]: Cleanup key token: 0 refresh token used cleaned
[2025-03-17T07:28:00.950Z] [info]: Cleanup key token: 0 refresh token used cleaned
[2025-03-17T07:28:01.162Z] [info]: Cleanup product: Cleaned 0 products
[2025-03-17T07:28:01.259Z] [info]: Cleanup key token: 0 key token cleaned
[2025-03-17T07:28:00.962Z] [info]: Cleanup product: Cleaned 0 products
[2025-03-17T07:28:01.274Z] [info]: Cleanup product: Cleaned 0 products
[2025-03-17T07:28:01.260Z] [info]: Cleanup key token: 0 refresh token used cleaned
[2025-03-17T07:28:01.327Z] [info]: Cleanup key token: 0 key token cleaned
[2025-03-17T07:28:00.835Z] [info]: Cleanup key token: 0 refresh token used cleaned
[2025-03-17T07:28:01.379Z] [info]: Cleanup key token: 0 key token cleaned
[2025-03-17T07:28:00.706Z] [info]: Cleanup key token: 0 refresh token used cleaned
[2025-03-17T07:28:01.400Z] [info]: Cleanup key token: 0 key token cleaned
[2025-03-17T07:28:01.372Z] [info]: Cleanup product: Cleaned 0 products
[2025-03-17T07:28:01.328Z] [info]: Cleanup key token: 0 refresh token used cleaned
[2025-03-17T07:28:01.462Z] [info]: Cleanup key token: 0 key token cleaned
[2025-03-17T07:28:01.022Z] [info]: Cleanup key token: 0 refresh token used cleaned
[2025-03-17T07:28:01.380Z] [info]: Cleanup key token: 0 refresh token used cleaned
[2025-03-17T07:28:01.529Z] [info]: Cleanup product: Cleaned 0 products
[2025-03-17T07:28:01.087Z] [info]: Cleanup key token: 0 refresh token used cleaned
[2025-03-17T07:28:01.401Z] [info]: Cleanup key token: 0 refresh token used cleaned
[2025-03-17T07:28:01.611Z] [info]: Cleanup product: Cleaned 0 products
[2025-03-17T07:28:01.379Z] [info]: Cleanup product: Cleaned 0 products
[2025-03-17T07:28:01.713Z] [info]: Cleanup product: Cleaned 0 products
[2025-03-17T07:28:01.529Z] [info]: Cleanup product: Cleaned 0 products
[2025-03-17T07:28:01.757Z] [info]: Cleanup product: Cleaned 0 products
[2025-03-17T07:28:01.620Z] [info]: Cleanup key token: 0 key token cleaned
[2025-03-17T07:28:01.622Z] [info]: Cleanup key token: 0 refresh token used cleaned
[2025-03-17T07:28:01.918Z] [info]: Cleanup key token: 0 key token cleaned
[2025-03-17T07:28:01.538Z] [info]: Cleanup product: Cleaned 0 products
[2025-03-17T07:28:01.919Z] [info]: Cleanup key token: 0 refresh token used cleaned
[2025-03-17T07:28:01.466Z] [info]: Cleanup key token: 0 refresh token used cleaned
[2025-03-17T07:28:02.275Z] [info]: Cleanup product: Cleaned 0 products
[2025-03-17T07:28:02.312Z] [info]: Cleanup product: Cleaned 0 products
[2025-03-17T07:28:02.365Z] [info]: Cleanup product: Cleaned 0 products
[2025-03-17T07:28:02.401Z] [info]: Cleanup product: Cleaned 0 products
[2025-03-17T07:28:03.352Z] [info]: Cleanup key token: 0 key token cleaned
[2025-03-17T07:28:03.352Z] [info]: Cleanup key token: 0 refresh token used cleaned
[2025-03-17T07:28:03.612Z] [info]: Cleanup product: Cleaned 0 products
[2025-03-17T07:29:00.017Z] [info]: Cleanup key token: 0 key token cleaned
[2025-03-17T07:29:00.018Z] [info]: Cleanup key token: 0 key token cleaned
[2025-03-17T07:29:00.019Z] [info]: Cleanup key token: 0 key token cleaned
[2025-03-17T07:29:00.018Z] [info]: Cleanup key token: 0 key token cleaned
[2025-03-17T07:29:00.018Z] [info]: Cleanup key token: 0 refresh token used cleaned
[2025-03-17T07:29:00.021Z] [info]: Cleanup key token: 0 refresh token used cleaned
[2025-03-17T07:29:00.023Z] [info]: Cleanup key token: 0 key token cleaned
[2025-03-17T07:29:00.023Z] [info]: Cleanup key token: 0 key token cleaned
[2025-03-17T07:29:00.024Z] [info]: Cleanup key token: 0 refresh token used cleaned
[2025-03-17T07:29:00.024Z] [info]: Cleanup key token: 0 key token cleaned
[2025-03-17T07:29:00.019Z] [info]: Cleanup key token: 0 refresh token used cleaned
[2025-03-17T07:29:00.024Z] [info]: Cleanup key token: 0 refresh token used cleaned
[2025-03-17T07:29:00.026Z] [info]: Cleanup key token: 0 key token cleaned
[2025-03-17T07:29:00.027Z] [info]: Cleanup product: Cleaned 0 products
[2025-03-17T07:29:00.019Z] [info]: Cleanup key token: 0 refresh token used cleaned
[2025-03-17T07:29:00.027Z] [info]: Cleanup key token: 0 key token cleaned
[2025-03-17T07:29:00.027Z] [info]: Cleanup key token: 0 refresh token used cleaned
[2025-03-17T07:29:00.025Z] [info]: Cleanup key token: 0 refresh token used cleaned
[2025-03-17T07:29:00.028Z] [info]: Cleanup key token: 0 key token cleaned
[2025-03-17T07:29:00.028Z] [info]: Cleanup key token: 0 refresh token used cleaned
[2025-03-17T07:29:00.029Z] [info]: Cleanup key token: 0 key token cleaned
[2025-03-17T07:29:00.030Z] [info]: Cleanup key token: 0 refresh token used cleaned
[2025-03-17T07:29:00.030Z] [info]: Cleanup key token: 0 key token cleaned
[2025-03-17T07:29:00.029Z] [info]: Cleanup key token: 0 key token cleaned
[2025-03-17T07:29:00.031Z] [info]: Cleanup key token: 0 key token cleaned
[2025-03-17T07:29:00.029Z] [info]: Cleanup key token: 0 refresh token used cleaned
[2025-03-17T07:29:00.031Z] [info]: Cleanup product: Cleaned 0 products
[2025-03-17T07:29:00.032Z] [info]: Cleanup key token: 0 key token cleaned
[2025-03-17T07:29:00.032Z] [info]: Cleanup key token: 0 refresh token used cleaned
[2025-03-17T07:29:00.032Z] [info]: Cleanup product: Cleaned 0 products
[2025-03-17T07:29:00.032Z] [info]: Cleanup key token: 0 refresh token used cleaned
[2025-03-17T07:29:00.032Z] [info]: Cleanup product: Cleaned 0 products
[2025-03-17T07:29:00.033Z] [info]: Cleanup product: Cleaned 0 products
[2025-03-17T07:29:00.033Z] [info]: Cleanup product: Cleaned 0 products
[2025-03-17T07:29:00.033Z] [info]: Cleanup product: Cleaned 0 products
[2025-03-17T07:29:00.032Z] [info]: Cleanup key token: 0 refresh token used cleaned
[2025-03-17T07:29:00.033Z] [info]: Cleanup key token: 0 refresh token used cleaned
[2025-03-17T07:29:00.034Z] [info]: Cleanup product: Cleaned 0 products
[2025-03-17T07:29:00.034Z] [info]: Cleanup product: Cleaned 0 products
[2025-03-17T07:29:00.035Z] [info]: Cleanup product: Cleaned 0 products
[2025-03-17T07:29:00.035Z] [info]: Cleanup key token: 0 key token cleaned
[2025-03-17T07:29:00.037Z] [info]: Cleanup product: Cleaned 0 products
[2025-03-17T07:29:00.036Z] [info]: Cleanup key token: 0 refresh token used cleaned
[2025-03-17T07:29:00.037Z] [info]: Cleanup product: Cleaned 0 products
[2025-03-17T07:29:00.038Z] [info]: Cleanup product: Cleaned 0 products
[2025-03-17T07:29:00.038Z] [info]: Cleanup product: Cleaned 0 products
[2025-03-17T07:29:00.040Z] [info]: Cleanup product: Cleaned 0 products
[2025-03-17T07:29:00.040Z] [info]: Cleanup product: Cleaned 0 products
[2025-03-17T07:30:00.064Z] [info]: Cleanup key token: 0 key token cleaned
[2025-03-17T07:30:00.063Z] [info]: Cleanup key token: 0 key token cleaned
[2025-03-17T07:30:00.066Z] [info]: Cleanup key token: 0 refresh token used cleaned
[2025-03-17T07:30:00.065Z] [info]: Cleanup key token: 0 refresh token used cleaned
[2025-03-17T07:30:00.078Z] [info]: Cleanup key token: 0 key token cleaned
[2025-03-17T07:30:00.078Z] [info]: Cleanup key token: 0 key token cleaned
[2025-03-17T07:30:00.079Z] [info]: Cleanup key token: 0 refresh token used cleaned
[2025-03-17T07:30:00.081Z] [info]: Cleanup key token: 0 key token cleaned
[2025-03-17T07:30:00.083Z] [info]: Cleanup key token: 0 key token cleaned
[2025-03-17T07:30:00.081Z] [info]: Cleanup key token: 0 key token cleaned
[2025-03-17T07:30:00.084Z] [info]: Cleanup key token: 0 refresh token used cleaned
[2025-03-17T07:30:00.085Z] [info]: Cleanup product: Cleaned 0 products
[2025-03-17T07:30:00.083Z] [info]: Cleanup key token: 0 refresh token used cleaned
[2025-03-17T07:30:00.089Z] [info]: Cleanup key token: 0 key token cleaned
[2025-03-17T07:30:00.094Z] [info]: Cleanup key token: 0 key token cleaned
[2025-03-17T07:30:00.090Z] [info]: Cleanup key token: 0 key token cleaned
[2025-03-17T07:30:00.083Z] [info]: Cleanup key token: 0 refresh token used cleaned
[2025-03-17T07:30:00.098Z] [info]: Cleanup key token: 0 key token cleaned
[2025-03-17T07:30:00.090Z] [info]: Cleanup key token: 0 refresh token used cleaned
[2025-03-17T07:30:00.094Z] [info]: Cleanup key token: 0 refresh token used cleaned
[2025-03-17T07:30:00.103Z] [info]: Cleanup key token: 0 key token cleaned
[2025-03-17T07:30:00.106Z] [info]: Cleanup key token: 0 refresh token used cleaned
[2025-03-17T07:30:00.087Z] [info]: Cleanup key token: 0 refresh token used cleaned
[2025-03-17T07:30:00.111Z] [info]: Cleanup key token: 0 key token cleaned
[2025-03-17T07:30:00.112Z] [info]: Cleanup key token: 0 refresh token used cleaned
[2025-03-17T07:30:00.114Z] [info]: Cleanup product: Cleaned 0 products
[2025-03-17T07:30:00.117Z] [info]: Cleanup product: Cleaned 0 products
[2025-03-17T07:30:00.120Z] [info]: Cleanup product: Cleaned 0 products
[2025-03-17T07:30:00.121Z] [info]: Cleanup product: Cleaned 0 products
[2025-03-17T07:30:00.115Z] [info]: Cleanup key token: 0 key token cleaned
[2025-03-17T07:30:00.097Z] [info]: Cleanup key token: 0 refresh token used cleaned
[2025-03-17T07:30:00.099Z] [info]: Cleanup key token: 0 refresh token used cleaned
[2025-03-17T07:30:00.125Z] [info]: Cleanup product: Cleaned 0 products
[2025-03-17T07:30:00.124Z] [info]: Cleanup product: Cleaned 0 products
[2025-03-17T07:30:00.117Z] [info]: Cleanup product: Cleaned 0 products
[2025-03-17T07:30:00.120Z] [info]: Cleanup key token: 0 refresh token used cleaned
[2025-03-17T07:30:00.131Z] [info]: Cleanup key token: 0 key token cleaned
[2025-03-17T07:30:00.132Z] [info]: Cleanup product: Cleaned 0 products
[2025-03-17T07:30:00.132Z] [info]: Cleanup key token: 0 refresh token used cleaned
[2025-03-17T07:30:00.144Z] [info]: Cleanup key token: 0 key token cleaned
[2025-03-17T07:30:00.140Z] [info]: Cleanup product: Cleaned 0 products
[2025-03-17T07:30:00.155Z] [info]: Cleanup product: Cleaned 0 products
[2025-03-17T07:30:00.145Z] [info]: Cleanup key token: 0 refresh token used cleaned
[2025-03-17T07:30:00.163Z] [info]: Cleanup product: Cleaned 0 products
[2025-03-17T07:30:00.159Z] [info]: Cleanup product: Cleaned 0 products
[2025-03-17T07:30:00.171Z] [info]: Cleanup product: Cleaned 0 products
[2025-03-17T07:30:00.169Z] [info]: Cleanup product: Cleaned 0 products
[2025-03-17T07:30:00.211Z] [info]: Cleanup product: Cleaned 0 products
[2025-03-17T07:31:00.018Z] [info]: Cleanup key token: 0 key token cleaned
[2025-03-17T07:31:00.019Z] [info]: Cleanup key token: 0 refresh token used cleaned
[2025-03-17T07:31:00.027Z] [info]: Cleanup product: Cleaned 0 products
[2025-03-17T07:31:00.028Z] [info]: Cleanup key token: 0 key token cleaned
[2025-03-17T07:31:00.028Z] [info]: Cleanup key token: 0 key token cleaned
[2025-03-17T07:31:00.028Z] [info]: Cleanup key token: 0 key token cleaned
[2025-03-17T07:31:00.029Z] [info]: Cleanup key token: 0 refresh token used cleaned
[2025-03-17T07:31:00.029Z] [info]: Cleanup key token: 0 refresh token used cleaned
[2025-03-17T07:31:00.029Z] [info]: Cleanup key token: 0 refresh token used cleaned
[2025-03-17T07:31:00.030Z] [info]: Cleanup key token: 0 key token cleaned
[2025-03-17T07:31:00.031Z] [info]: Cleanup key token: 0 refresh token used cleaned
[2025-03-17T07:31:00.031Z] [info]: Cleanup key token: 0 key token cleaned
[2025-03-17T07:31:00.031Z] [info]: Cleanup key token: 0 refresh token used cleaned
[2025-03-17T07:31:00.035Z] [info]: Cleanup key token: 0 key token cleaned
[2025-03-17T07:31:00.035Z] [info]: Cleanup key token: 0 key token cleaned
[2025-03-17T07:31:00.036Z] [info]: Cleanup key token: 0 refresh token used cleaned
[2025-03-17T07:31:00.037Z] [info]: Cleanup key token: 0 key token cleaned
[2025-03-17T07:31:00.037Z] [info]: Cleanup product: Cleaned 0 products
[2025-03-17T07:31:00.038Z] [info]: Cleanup key token: 0 refresh token used cleaned
[2025-03-17T07:31:00.038Z] [info]: Cleanup key token: 0 key token cleaned
[2025-03-17T07:31:00.039Z] [info]: Cleanup key token: 0 refresh token used cleaned
[2025-03-17T07:31:00.035Z] [info]: Cleanup key token: 0 refresh token used cleaned
[2025-03-17T07:31:00.042Z] [info]: Cleanup product: Cleaned 0 products
[2025-03-17T07:31:00.043Z] [info]: Cleanup product: Cleaned 0 products
[2025-03-17T07:31:00.043Z] [info]: Cleanup product: Cleaned 0 products
[2025-03-17T07:31:00.044Z] [info]: Cleanup product: Cleaned 0 products
[2025-03-17T07:31:00.043Z] [info]: Cleanup product: Cleaned 0 products
[2025-03-17T07:31:00.045Z] [info]: Cleanup key token: 0 key token cleaned
[2025-03-17T07:31:00.045Z] [info]: Cleanup key token: 0 key token cleaned
[2025-03-17T07:31:00.045Z] [info]: Cleanup key token: 0 key token cleaned
[2025-03-17T07:31:00.045Z] [info]: Cleanup product: Cleaned 0 products
[2025-03-17T07:31:00.046Z] [info]: Cleanup key token: 0 key token cleaned
[2025-03-17T07:31:00.046Z] [info]: Cleanup key token: 0 refresh token used cleaned
[2025-03-17T07:31:00.045Z] [info]: Cleanup key token: 0 refresh token used cleaned
[2025-03-17T07:31:00.047Z] [info]: Cleanup product: Cleaned 0 products
[2025-03-17T07:31:00.046Z] [info]: Cleanup key token: 0 refresh token used cleaned
[2025-03-17T07:31:00.048Z] [info]: Cleanup key token: 0 key token cleaned
[2025-03-17T07:31:00.048Z] [info]: Cleanup product: Cleaned 0 products
[2025-03-17T07:31:00.048Z] [info]: Cleanup product: Cleaned 0 products
[2025-03-17T07:31:00.046Z] [info]: Cleanup key token: 0 refresh token used cleaned
[2025-03-17T07:31:00.051Z] [info]: Cleanup product: Cleaned 0 products
[2025-03-17T07:31:00.049Z] [info]: Cleanup key token: 0 refresh token used cleaned
[2025-03-17T07:31:00.052Z] [info]: Cleanup product: Cleaned 0 products
[2025-03-17T07:31:00.052Z] [info]: Cleanup key token: 0 key token cleaned
[2025-03-17T07:31:00.053Z] [info]: Cleanup product: Cleaned 0 products
[2025-03-17T07:31:00.053Z] [info]: Cleanup key token: 0 refresh token used cleaned
[2025-03-17T07:31:00.054Z] [info]: Cleanup product: Cleaned 0 products
[2025-03-17T07:31:00.054Z] [info]: Cleanup product: Cleaned 0 products
[2025-03-17T07:31:20.753Z] [info]: Server closed
[2025-03-17T07:31:20.757Z] [info]: Server closed
[2025-03-17T07:31:22.477Z] [info]: Server closed
[2025-03-17T07:31:22.488Z] [info]: Server closed
[2025-03-17T07:31:24.201Z] [info]: Server closed
[2025-03-17T07:31:24.216Z] [info]: Server closed
[2025-03-17T07:31:25.919Z] [info]: Server closed
[2025-03-17T07:31:25.939Z] [info]: Server closed
[2025-03-17T07:31:27.638Z] [info]: Server closed
[2025-03-17T07:31:27.665Z] [info]: Server closed
[2025-03-17T07:31:29.356Z] [info]: Server closed
[2025-03-17T07:31:29.383Z] [info]: Server closed
[2025-03-17T07:31:31.075Z] [info]: Server closed
[2025-03-17T07:31:31.102Z] [info]: Server closed
[2025-03-17T07:31:32.793Z] [info]: Server closed
[2025-03-17T07:31:32.823Z] [info]: Server closed
