[2025-03-08T05:54:36.355Z] [error]: HIDE::403::Forbidden::Token is expired or invalid!::
[2025-03-08T05:56:42.065Z] [error]: HIDE::403::Forbidden::Token is expired or invalid!::
[2025-03-08T05:56:47.394Z] [error]: HIDE::403::Forbidden::Token is expired or invalid!::
[2025-03-08T05:56:50.681Z] [error]: HIDE::403::Forbidden::Token is expired or invalid!::
[2025-03-08T05:56:52.915Z] [error]: HIDE::500::ValidationError::"product_id" is required::
[2025-03-08T05:58:27.520Z] [error]: HIDE::500::ValidationError::"product_id" length must be 24 characters long::
[2025-03-08T05:58:32.467Z] [error]: HIDE::500::ValidationError::"product_id" must only contain hexadecimal characters::
[2025-03-08T05:58:34.882Z] [error]: HIDE::500::ValidationError::"product_id" must only contain hexadecimal characters::
[2025-03-08T05:58:40.352Z] [error]: HIDE::500::ValidationError::"product_id" length must be 24 characters long::
[2025-03-08T06:01:04.721Z] [error]: Client must be connected before running operations
[2025-03-08T07:56:57.133Z] [error]: HIDE::500::MongoServerError::BSON field 'skip' value must be >= 0, actual value '-48'::
[2025-03-08T07:57:17.226Z] [error]: HIDE::500::MongoServerError::BSON field 'skip' value must be >= 0, actual value '-48'::
[2025-03-08T07:57:42.783Z] [error]: HIDE::404::NotFound::Current page invalid!::
[2025-03-08T07:57:46.449Z] [error]: HIDE::500::MongoServerError::text index required for $text query::
[2025-03-08T07:59:23.612Z] [error]: HIDE::500::MongoServerError::text index required for $text query::
[2025-03-08T07:59:24.498Z] [error]: HIDE::500::MongoServerError::text index required for $text query::
[2025-03-08T07:59:25.244Z] [error]: HIDE::500::MongoServerError::text index required for $text query::
[2025-03-08T07:59:25.872Z] [error]: HIDE::500::MongoServerError::text index required for $text query::
[2025-03-08T07:59:26.426Z] [error]: HIDE::500::MongoServerError::text index required for $text query::
[2025-03-08T08:02:30.418Z] [error]: HIDE::403::Forbidden::Token is expired or invalid!::
