[2025-03-20T17:08:15.411Z] [error]: HIDE::500::ValidationError::"discount_products" is not allowed::
[2025-03-20T17:09:21.713Z] [error]: HIDE::500::ValidationError::"discount_products" is not allowed::
[2025-03-20T17:10:14.258Z] [error]: HIDE::404::NotFound::User is exists!::
[2025-03-20T18:50:36.686Z] [error]: HIDE::500::TypeError::Cannot read properties of undefined (reading 'toString')::
[2025-03-20T18:51:11.302Z] [error]: HIDE::500::TypeError::Cannot read properties of undefined (reading 'toString')::
[2025-03-20T18:51:33.300Z] [error]: HIDE::500::TypeError::Cannot read properties of undefined (reading 'toString')::
[2025-03-20T18:51:36.974Z] [error]: HIDE::500::TypeError::Cannot read properties of undefined (reading 'toString')::
[2025-03-20T18:52:34.188Z] [error]: HIDE::500::TypeError::Cannot read properties of undefined (reading 'toString')::
[2025-03-20T18:52:50.968Z] [error]: HIDE::500::TypeError::Cannot read properties of undefined (reading 'toString')::
[2025-03-20T18:53:03.419Z] [error]: HIDE::500::TypeError::calculateDiscountStrategy(...) is not a function::
[2025-03-20T18:53:31.998Z] [error]: HIDE::500::TypeError::calculateDiscountStrategy(...) is not a function::
[2025-03-20T18:55:00.090Z] [error]: HIDE::500::Error::Type is not in DiscountTypeEnum!::
[2025-03-20T18:55:19.905Z] [error]: HIDE::500::CastError::Cast to Number failed for value "NaN" (type number) at path "total_discount_shop_price"::
[2025-03-20T18:56:09.946Z] [error]: HIDE::500::TypeError::findDiscountValidByCode(...).lean is not a function::
[2025-03-20T18:56:57.273Z] [error]: HIDE::500::TypeError::Cannot read properties of undefined (reading 'toString')::
[2025-03-20T18:58:22.189Z] [error]: HIDE::500::TypeError::Cannot read properties of undefined (reading 'toString')::
[2025-03-20T18:58:45.531Z] [error]: HIDE::500::Error::Type is not in DiscountTypeEnum!::
[2025-03-21T01:48:36.238Z] [error]: HIDE::500::TypeError::Cannot read properties of undefined (reading 'toString')::
[2025-03-21T02:13:56.607Z] [error]: HIDE::500::TypeError::Cannot read properties of undefined (reading 'toString')::
[2025-03-21T02:16:57.929Z] [error]: HIDE::500::TypeError::Cannot read properties of undefined (reading 'toString')::
[2025-03-21T02:17:26.031Z] [error]: HIDE::500::TypeError::Cannot read properties of undefined (reading 'toString')::
[2025-03-21T02:17:35.157Z] [error]: HIDE::500::TypeError::Cannot read properties of undefined (reading 'toString')::
[2025-03-21T02:17:51.392Z] [error]: HIDE::500::TypeError::Cannot read properties of undefined (reading 'toString')::
[2025-03-21T02:17:55.880Z] [error]: HIDE::500::TypeError::Cannot read properties of undefined (reading 'toString')::
[2025-03-21T02:18:40.424Z] [error]: HIDE::500::TypeError::Cannot read properties of undefined (reading 'toString')::
[2025-03-21T04:05:00.032Z] [error]: Client must be connected before running operations
[2025-03-21T04:05:00.038Z] [error]: Client must be connected before running operations
[2025-03-21T04:06:00.056Z] [error]: Client must be connected before running operations
[2025-03-21T04:06:00.059Z] [error]: Client must be connected before running operations
[2025-03-21T04:07:00.063Z] [error]: Client must be connected before running operations
[2025-03-21T04:07:00.065Z] [error]: Client must be connected before running operations
[2025-03-21T04:08:00.060Z] [error]: Client must be connected before running operations
[2025-03-21T04:08:00.062Z] [error]: Client must be connected before running operations
[2025-03-21T04:09:00.062Z] [error]: Client must be connected before running operations
[2025-03-21T04:09:00.064Z] [error]: Client must be connected before running operations
[2025-03-21T04:10:00.067Z] [error]: Client must be connected before running operations
[2025-03-21T04:10:00.075Z] [error]: Client must be connected before running operations
[2025-03-21T04:11:00.062Z] [error]: Client must be connected before running operations
[2025-03-21T04:11:00.063Z] [error]: Client must be connected before running operations
[2025-03-21T04:12:00.060Z] [error]: Client must be connected before running operations
[2025-03-21T04:12:00.062Z] [error]: Client must be connected before running operations
[2025-03-21T04:13:00.060Z] [error]: Client must be connected before running operations
[2025-03-21T04:13:00.062Z] [error]: Client must be connected before running operations
[2025-03-21T04:14:00.061Z] [error]: Client must be connected before running operations
[2025-03-21T04:14:00.064Z] [error]: Client must be connected before running operations
[2025-03-21T04:15:00.061Z] [error]: Client must be connected before running operations
[2025-03-21T04:15:00.063Z] [error]: Client must be connected before running operations
[2025-03-21T04:16:00.060Z] [error]: Client must be connected before running operations
[2025-03-21T04:16:00.063Z] [error]: Client must be connected before running operations
[2025-03-21T04:17:00.061Z] [error]: Client must be connected before running operations
[2025-03-21T04:17:00.064Z] [error]: Client must be connected before running operations
[2025-03-21T04:18:00.063Z] [error]: Client must be connected before running operations
[2025-03-21T04:18:00.066Z] [error]: Client must be connected before running operations
[2025-03-21T04:19:00.061Z] [error]: Client must be connected before running operations
[2025-03-21T04:19:00.063Z] [error]: Client must be connected before running operations
[2025-03-21T04:20:00.061Z] [error]: Client must be connected before running operations
[2025-03-21T04:20:00.063Z] [error]: Client must be connected before running operations
[2025-03-21T04:21:00.061Z] [error]: Client must be connected before running operations
[2025-03-21T04:21:00.064Z] [error]: Client must be connected before running operations
[2025-03-21T04:22:00.052Z] [error]: Client must be connected before running operations
[2025-03-21T04:22:00.053Z] [error]: Client must be connected before running operations
[2025-03-21T04:23:00.062Z] [error]: Client must be connected before running operations
[2025-03-21T04:23:00.064Z] [error]: Client must be connected before running operations
[2025-03-21T04:24:00.062Z] [error]: Client must be connected before running operations
[2025-03-21T04:24:00.063Z] [error]: Client must be connected before running operations
[2025-03-21T04:25:00.061Z] [error]: Client must be connected before running operations
[2025-03-21T04:25:00.062Z] [error]: Client must be connected before running operations
[2025-03-21T04:26:00.060Z] [error]: Client must be connected before running operations
[2025-03-21T04:26:00.062Z] [error]: Client must be connected before running operations
[2025-03-21T04:27:00.066Z] [error]: Client must be connected before running operations
[2025-03-21T04:27:00.074Z] [error]: Client must be connected before running operations
[2025-03-21T04:28:00.061Z] [error]: Client must be connected before running operations
[2025-03-21T04:28:00.063Z] [error]: Client must be connected before running operations
[2025-03-21T04:29:00.063Z] [error]: Client must be connected before running operations
[2025-03-21T04:29:00.070Z] [error]: Client must be connected before running operations
[2025-03-21T04:30:00.078Z] [error]: Client must be connected before running operations
[2025-03-21T04:30:00.099Z] [error]: Client must be connected before running operations
[2025-03-21T04:31:00.065Z] [error]: Client must be connected before running operations
[2025-03-21T04:31:00.073Z] [error]: Client must be connected before running operations
[2025-03-21T04:32:00.063Z] [error]: Client must be connected before running operations
[2025-03-21T04:32:00.069Z] [error]: Client must be connected before running operations
[2025-03-21T04:33:00.016Z] [error]: Client must be connected before running operations
[2025-03-21T04:33:00.020Z] [error]: Client must be connected before running operations
[2025-03-21T04:34:00.064Z] [error]: Client must be connected before running operations
[2025-03-21T04:34:00.065Z] [error]: Client must be connected before running operations
[2025-03-21T04:35:00.035Z] [error]: Client must be connected before running operations
[2025-03-21T04:35:00.036Z] [error]: Client must be connected before running operations
[2025-03-21T04:36:00.060Z] [error]: Client must be connected before running operations
[2025-03-21T04:36:00.061Z] [error]: Client must be connected before running operations
[2025-03-21T04:37:00.061Z] [error]: Client must be connected before running operations
[2025-03-21T04:37:00.062Z] [error]: Client must be connected before running operations
[2025-03-21T04:38:00.018Z] [error]: Client must be connected before running operations
[2025-03-21T04:38:00.020Z] [error]: Client must be connected before running operations
[2025-03-21T04:39:00.060Z] [error]: Client must be connected before running operations
[2025-03-21T04:39:00.061Z] [error]: Client must be connected before running operations
[2025-03-21T04:40:00.057Z] [error]: Client must be connected before running operations
[2025-03-21T04:40:00.058Z] [error]: Client must be connected before running operations
[2025-03-21T04:41:00.006Z] [error]: Client must be connected before running operations
[2025-03-21T04:41:00.008Z] [error]: Client must be connected before running operations
[2025-03-21T04:42:00.041Z] [error]: Client must be connected before running operations
[2025-03-21T04:42:00.042Z] [error]: Client must be connected before running operations
[2025-03-21T04:43:00.064Z] [error]: Client must be connected before running operations
[2025-03-21T04:43:00.066Z] [error]: Client must be connected before running operations
[2025-03-21T04:44:00.006Z] [error]: Client must be connected before running operations
[2025-03-21T04:44:00.012Z] [error]: Client must be connected before running operations
[2025-03-21T04:45:00.063Z] [error]: Client must be connected before running operations
[2025-03-21T04:45:00.065Z] [error]: Client must be connected before running operations
[2025-03-21T04:46:00.039Z] [error]: Client must be connected before running operations
[2025-03-21T04:46:00.041Z] [error]: Client must be connected before running operations
[2025-03-21T04:47:00.062Z] [error]: Client must be connected before running operations
[2025-03-21T04:47:00.064Z] [error]: Client must be connected before running operations
[2025-03-21T04:48:00.051Z] [error]: Client must be connected before running operations
[2025-03-21T04:48:00.054Z] [error]: Client must be connected before running operations
[2025-03-21T04:49:00.060Z] [error]: Client must be connected before running operations
[2025-03-21T04:49:00.065Z] [error]: Client must be connected before running operations
[2025-03-21T04:50:00.059Z] [error]: Client must be connected before running operations
[2025-03-21T04:50:00.061Z] [error]: Client must be connected before running operations
[2025-03-21T04:51:00.060Z] [error]: Client must be connected before running operations
[2025-03-21T04:51:00.061Z] [error]: Client must be connected before running operations
[2025-03-21T04:52:00.059Z] [error]: Client must be connected before running operations
[2025-03-21T04:52:00.062Z] [error]: Client must be connected before running operations
[2025-03-21T04:53:00.037Z] [error]: Client must be connected before running operations
[2025-03-21T04:53:00.039Z] [error]: Client must be connected before running operations
[2025-03-21T04:54:00.061Z] [error]: Client must be connected before running operations
[2025-03-21T04:54:00.064Z] [error]: Client must be connected before running operations
[2025-03-21T04:55:00.050Z] [error]: Client must be connected before running operations
[2025-03-21T04:55:00.052Z] [error]: Client must be connected before running operations
[2025-03-21T04:56:00.061Z] [error]: Client must be connected before running operations
[2025-03-21T04:56:00.062Z] [error]: Client must be connected before running operations
[2025-03-21T04:57:00.045Z] [error]: Client must be connected before running operations
[2025-03-21T04:57:00.046Z] [error]: Client must be connected before running operations
[2025-03-21T04:58:00.059Z] [error]: Client must be connected before running operations
[2025-03-21T04:58:00.061Z] [error]: Client must be connected before running operations
[2025-03-21T04:59:00.062Z] [error]: Client must be connected before running operations
[2025-03-21T04:59:00.064Z] [error]: Client must be connected before running operations
[2025-03-21T05:00:00.059Z] [error]: Client must be connected before running operations
[2025-03-21T05:00:00.061Z] [error]: Client must be connected before running operations
[2025-03-21T05:01:00.059Z] [error]: Client must be connected before running operations
[2025-03-21T05:01:00.063Z] [error]: Client must be connected before running operations
[2025-03-21T05:02:00.053Z] [error]: Client must be connected before running operations
[2025-03-21T05:02:00.054Z] [error]: Client must be connected before running operations
[2025-03-21T05:03:00.063Z] [error]: Client must be connected before running operations
[2025-03-21T05:03:00.064Z] [error]: Client must be connected before running operations
[2025-03-21T05:04:00.059Z] [error]: Client must be connected before running operations
[2025-03-21T05:04:00.064Z] [error]: Client must be connected before running operations
[2025-03-21T05:05:00.063Z] [error]: Client must be connected before running operations
[2025-03-21T05:05:00.066Z] [error]: Client must be connected before running operations
[2025-03-21T05:06:00.060Z] [error]: Client must be connected before running operations
[2025-03-21T05:06:00.062Z] [error]: Client must be connected before running operations
[2025-03-21T05:07:00.064Z] [error]: Client must be connected before running operations
[2025-03-21T05:07:00.067Z] [error]: Client must be connected before running operations
[2025-03-21T05:08:00.062Z] [error]: Client must be connected before running operations
[2025-03-21T05:08:00.065Z] [error]: Client must be connected before running operations
[2025-03-21T05:09:00.060Z] [error]: Client must be connected before running operations
[2025-03-21T05:09:00.065Z] [error]: Client must be connected before running operations
[2025-03-21T05:10:00.026Z] [error]: Client must be connected before running operations
[2025-03-21T05:10:00.028Z] [error]: Client must be connected before running operations
[2025-03-21T05:11:00.061Z] [error]: Client must be connected before running operations
[2025-03-21T05:11:00.063Z] [error]: Client must be connected before running operations
[2025-03-21T05:12:00.061Z] [error]: Client must be connected before running operations
[2025-03-21T05:12:00.067Z] [error]: Client must be connected before running operations
[2025-03-21T05:13:00.060Z] [error]: Client must be connected before running operations
[2025-03-21T05:13:00.061Z] [error]: Client must be connected before running operations
[2025-03-21T05:14:00.060Z] [error]: Client must be connected before running operations
[2025-03-21T05:14:00.062Z] [error]: Client must be connected before running operations
[2025-03-21T05:15:00.061Z] [error]: Client must be connected before running operations
[2025-03-21T05:15:00.062Z] [error]: Client must be connected before running operations
[2025-03-21T05:16:00.061Z] [error]: Client must be connected before running operations
[2025-03-21T05:16:00.068Z] [error]: Client must be connected before running operations
[2025-03-21T05:17:00.060Z] [error]: Client must be connected before running operations
[2025-03-21T05:17:00.061Z] [error]: Client must be connected before running operations
[2025-03-21T05:18:00.061Z] [error]: Client must be connected before running operations
[2025-03-21T05:18:00.066Z] [error]: Client must be connected before running operations
[2025-03-21T05:19:00.062Z] [error]: Client must be connected before running operations
[2025-03-21T05:19:00.064Z] [error]: Client must be connected before running operations
[2025-03-21T05:20:00.060Z] [error]: Client must be connected before running operations
[2025-03-21T05:20:00.065Z] [error]: Client must be connected before running operations
[2025-03-21T05:21:00.059Z] [error]: Client must be connected before running operations
[2025-03-21T05:21:00.061Z] [error]: Client must be connected before running operations
[2025-03-21T05:22:00.062Z] [error]: Client must be connected before running operations
[2025-03-21T05:22:00.064Z] [error]: Client must be connected before running operations
[2025-03-21T05:23:00.065Z] [error]: Client must be connected before running operations
[2025-03-21T05:23:00.067Z] [error]: Client must be connected before running operations
[2025-03-21T05:24:00.006Z] [error]: Client must be connected before running operations
[2025-03-21T05:24:00.012Z] [error]: Client must be connected before running operations
[2025-03-21T05:25:00.003Z] [error]: Client must be connected before running operations
[2025-03-21T05:25:00.006Z] [error]: Client must be connected before running operations
[2025-03-21T05:26:00.061Z] [error]: Client must be connected before running operations
[2025-03-21T05:26:00.064Z] [error]: Client must be connected before running operations
[2025-03-21T05:27:00.019Z] [error]: Client must be connected before running operations
[2025-03-21T05:27:00.021Z] [error]: Client must be connected before running operations
[2025-03-21T05:28:00.063Z] [error]: Client must be connected before running operations
[2025-03-21T05:28:00.069Z] [error]: Client must be connected before running operations
[2025-03-21T05:29:00.062Z] [error]: Client must be connected before running operations
[2025-03-21T05:29:00.067Z] [error]: Client must be connected before running operations
[2025-03-21T05:30:00.042Z] [error]: Client must be connected before running operations
[2025-03-21T05:30:00.044Z] [error]: Client must be connected before running operations
[2025-03-21T05:31:00.061Z] [error]: Client must be connected before running operations
[2025-03-21T05:31:00.063Z] [error]: Client must be connected before running operations
[2025-03-21T05:32:00.060Z] [error]: Client must be connected before running operations
[2025-03-21T05:32:00.062Z] [error]: Client must be connected before running operations
[2025-03-21T05:33:00.062Z] [error]: Client must be connected before running operations
[2025-03-21T05:33:00.066Z] [error]: Client must be connected before running operations
[2025-03-21T05:34:00.060Z] [error]: Client must be connected before running operations
[2025-03-21T05:34:00.061Z] [error]: Client must be connected before running operations
[2025-03-21T05:35:00.063Z] [error]: Client must be connected before running operations
[2025-03-21T05:35:00.065Z] [error]: Client must be connected before running operations
[2025-03-21T05:36:00.065Z] [error]: Client must be connected before running operations
[2025-03-21T05:36:00.069Z] [error]: Client must be connected before running operations
[2025-03-21T05:37:00.064Z] [error]: Client must be connected before running operations
[2025-03-21T05:37:00.070Z] [error]: Client must be connected before running operations
[2025-03-21T05:38:00.064Z] [error]: Client must be connected before running operations
[2025-03-21T05:38:00.069Z] [error]: Client must be connected before running operations
[2025-03-21T05:39:00.063Z] [error]: Client must be connected before running operations
[2025-03-21T05:39:00.070Z] [error]: Client must be connected before running operations
[2025-03-21T05:40:00.067Z] [error]: Client must be connected before running operations
[2025-03-21T05:40:00.073Z] [error]: Client must be connected before running operations
[2025-03-21T05:41:00.066Z] [error]: Client must be connected before running operations
[2025-03-21T05:41:00.071Z] [error]: Client must be connected before running operations
[2025-03-21T05:42:00.065Z] [error]: Client must be connected before running operations
[2025-03-21T05:42:00.071Z] [error]: Client must be connected before running operations
[2025-03-21T05:43:00.067Z] [error]: Client must be connected before running operations
[2025-03-21T05:43:00.074Z] [error]: Client must be connected before running operations
[2025-03-21T05:44:00.064Z] [error]: Client must be connected before running operations
[2025-03-21T05:44:00.069Z] [error]: Client must be connected before running operations
[2025-03-21T05:45:00.060Z] [error]: Client must be connected before running operations
[2025-03-21T05:45:00.064Z] [error]: Client must be connected before running operations
[2025-03-21T05:46:00.064Z] [error]: Client must be connected before running operations
[2025-03-21T05:46:00.069Z] [error]: Client must be connected before running operations
[2025-03-21T05:47:00.067Z] [error]: Client must be connected before running operations
[2025-03-21T05:47:00.070Z] [error]: Client must be connected before running operations
[2025-03-21T05:48:00.064Z] [error]: Client must be connected before running operations
[2025-03-21T05:48:00.070Z] [error]: Client must be connected before running operations
[2025-03-21T05:49:00.064Z] [error]: Client must be connected before running operations
[2025-03-21T05:49:00.072Z] [error]: Client must be connected before running operations
[2025-03-21T05:50:00.067Z] [error]: Client must be connected before running operations
[2025-03-21T05:50:00.075Z] [error]: Client must be connected before running operations
[2025-03-21T05:51:00.064Z] [error]: Client must be connected before running operations
[2025-03-21T05:51:00.067Z] [error]: Client must be connected before running operations
[2025-03-21T05:52:00.061Z] [error]: Client must be connected before running operations
[2025-03-21T05:52:00.065Z] [error]: Client must be connected before running operations
[2025-03-21T05:53:00.064Z] [error]: Client must be connected before running operations
[2025-03-21T05:53:00.070Z] [error]: Client must be connected before running operations
[2025-03-21T05:54:00.063Z] [error]: Client must be connected before running operations
[2025-03-21T05:54:00.065Z] [error]: Client must be connected before running operations
[2025-03-21T05:55:00.063Z] [error]: Client must be connected before running operations
[2025-03-21T05:55:00.067Z] [error]: Client must be connected before running operations
[2025-03-21T05:56:00.066Z] [error]: Client must be connected before running operations
[2025-03-21T05:56:00.079Z] [error]: Client must be connected before running operations
[2025-03-21T05:57:00.062Z] [error]: Client must be connected before running operations
[2025-03-21T05:57:00.064Z] [error]: Client must be connected before running operations
[2025-03-21T05:58:00.061Z] [error]: Client must be connected before running operations
[2025-03-21T05:58:00.066Z] [error]: Client must be connected before running operations
[2025-03-21T05:59:00.061Z] [error]: Client must be connected before running operations
[2025-03-21T05:59:00.063Z] [error]: Client must be connected before running operations
[2025-03-21T06:00:00.061Z] [error]: Client must be connected before running operations
[2025-03-21T06:00:00.064Z] [error]: Client must be connected before running operations
[2025-03-21T06:01:00.039Z] [error]: Client must be connected before running operations
[2025-03-21T06:01:00.041Z] [error]: Client must be connected before running operations
[2025-03-21T06:02:00.059Z] [error]: Client must be connected before running operations
[2025-03-21T06:02:00.060Z] [error]: Client must be connected before running operations
[2025-03-21T06:03:00.072Z] [error]: Client must be connected before running operations
[2025-03-21T06:03:00.080Z] [error]: Client must be connected before running operations
[2025-03-21T06:04:00.060Z] [error]: Client must be connected before running operations
[2025-03-21T06:04:00.065Z] [error]: Client must be connected before running operations
[2025-03-21T06:05:00.063Z] [error]: Client must be connected before running operations
[2025-03-21T06:05:00.067Z] [error]: Client must be connected before running operations
[2025-03-21T06:06:00.060Z] [error]: Client must be connected before running operations
[2025-03-21T06:06:00.063Z] [error]: Client must be connected before running operations
[2025-03-21T06:07:00.061Z] [error]: Client must be connected before running operations
[2025-03-21T06:07:00.066Z] [error]: Client must be connected before running operations
[2025-03-21T06:08:00.062Z] [error]: Client must be connected before running operations
[2025-03-21T06:08:00.063Z] [error]: Client must be connected before running operations
[2025-03-21T06:09:00.061Z] [error]: Client must be connected before running operations
[2025-03-21T06:09:00.065Z] [error]: Client must be connected before running operations
[2025-03-21T06:10:00.060Z] [error]: Client must be connected before running operations
[2025-03-21T06:10:00.061Z] [error]: Client must be connected before running operations
[2025-03-21T06:11:00.060Z] [error]: Client must be connected before running operations
[2025-03-21T06:11:00.062Z] [error]: Client must be connected before running operations
[2025-03-21T06:12:00.059Z] [error]: Client must be connected before running operations
[2025-03-21T06:12:00.063Z] [error]: Client must be connected before running operations
[2025-03-21T06:13:00.023Z] [error]: Client must be connected before running operations
[2025-03-21T06:13:00.024Z] [error]: Client must be connected before running operations
[2025-03-21T06:14:00.060Z] [error]: Client must be connected before running operations
[2025-03-21T06:14:00.063Z] [error]: Client must be connected before running operations
[2025-03-21T06:15:00.066Z] [error]: Client must be connected before running operations
[2025-03-21T06:15:00.069Z] [error]: Client must be connected before running operations
[2025-03-21T06:16:00.061Z] [error]: Client must be connected before running operations
[2025-03-21T06:16:00.069Z] [error]: Client must be connected before running operations
[2025-03-21T06:17:00.061Z] [error]: Client must be connected before running operations
[2025-03-21T06:17:00.064Z] [error]: Client must be connected before running operations
[2025-03-21T06:18:00.060Z] [error]: Client must be connected before running operations
[2025-03-21T06:18:00.061Z] [error]: Client must be connected before running operations
[2025-03-21T06:19:00.062Z] [error]: Client must be connected before running operations
[2025-03-21T06:19:00.066Z] [error]: Client must be connected before running operations
[2025-03-21T06:20:00.060Z] [error]: Client must be connected before running operations
[2025-03-21T06:20:00.062Z] [error]: Client must be connected before running operations
[2025-03-21T06:21:00.061Z] [error]: Client must be connected before running operations
[2025-03-21T06:21:00.064Z] [error]: Client must be connected before running operations
[2025-03-21T06:22:00.061Z] [error]: Client must be connected before running operations
[2025-03-21T06:22:00.064Z] [error]: Client must be connected before running operations
[2025-03-21T06:23:00.063Z] [error]: Client must be connected before running operations
[2025-03-21T06:23:00.068Z] [error]: Client must be connected before running operations
[2025-03-21T06:24:00.062Z] [error]: Client must be connected before running operations
[2025-03-21T06:24:00.067Z] [error]: Client must be connected before running operations
[2025-03-21T06:25:00.060Z] [error]: Client must be connected before running operations
[2025-03-21T06:25:00.061Z] [error]: Client must be connected before running operations
[2025-03-21T06:26:00.060Z] [error]: Client must be connected before running operations
[2025-03-21T06:26:00.063Z] [error]: Client must be connected before running operations
[2025-03-21T06:27:00.064Z] [error]: Client must be connected before running operations
[2025-03-21T06:27:00.065Z] [error]: Client must be connected before running operations
[2025-03-21T06:28:00.065Z] [error]: Client must be connected before running operations
[2025-03-21T06:28:00.072Z] [error]: Client must be connected before running operations
[2025-03-21T06:29:00.060Z] [error]: Client must be connected before running operations
[2025-03-21T06:29:00.063Z] [error]: Client must be connected before running operations
[2025-03-21T06:30:00.061Z] [error]: Client must be connected before running operations
[2025-03-21T06:30:00.063Z] [error]: Client must be connected before running operations
[2025-03-21T06:31:00.062Z] [error]: Client must be connected before running operations
[2025-03-21T06:31:00.064Z] [error]: Client must be connected before running operations
[2025-03-21T06:32:00.063Z] [error]: Client must be connected before running operations
[2025-03-21T06:32:00.068Z] [error]: Client must be connected before running operations
[2025-03-21T06:33:00.024Z] [error]: Client must be connected before running operations
[2025-03-21T06:33:00.026Z] [error]: Client must be connected before running operations
[2025-03-21T06:34:00.061Z] [error]: Client must be connected before running operations
[2025-03-21T06:34:00.062Z] [error]: Client must be connected before running operations
[2025-03-21T06:35:00.060Z] [error]: Client must be connected before running operations
[2025-03-21T06:35:00.061Z] [error]: Client must be connected before running operations
[2025-03-21T06:36:00.060Z] [error]: Client must be connected before running operations
[2025-03-21T06:36:00.061Z] [error]: Client must be connected before running operations
[2025-03-21T06:37:00.060Z] [error]: Client must be connected before running operations
[2025-03-21T06:37:00.062Z] [error]: Client must be connected before running operations
[2025-03-21T06:38:00.061Z] [error]: Client must be connected before running operations
[2025-03-21T06:38:00.063Z] [error]: Client must be connected before running operations
[2025-03-21T06:39:00.062Z] [error]: Client must be connected before running operations
[2025-03-21T06:39:00.063Z] [error]: Client must be connected before running operations
[2025-03-21T06:40:00.060Z] [error]: Client must be connected before running operations
[2025-03-21T06:40:00.061Z] [error]: Client must be connected before running operations
[2025-03-21T06:41:00.060Z] [error]: Client must be connected before running operations
[2025-03-21T06:41:00.062Z] [error]: Client must be connected before running operations
[2025-03-21T06:42:00.064Z] [error]: Client must be connected before running operations
[2025-03-21T06:42:00.067Z] [error]: Client must be connected before running operations
[2025-03-21T06:43:00.064Z] [error]: Client must be connected before running operations
[2025-03-21T06:43:00.066Z] [error]: Client must be connected before running operations
[2025-03-21T06:44:00.060Z] [error]: Client must be connected before running operations
[2025-03-21T06:44:00.065Z] [error]: Client must be connected before running operations
[2025-03-21T06:45:00.063Z] [error]: Client must be connected before running operations
[2025-03-21T06:45:00.067Z] [error]: Client must be connected before running operations
[2025-03-21T06:46:00.020Z] [error]: Client must be connected before running operations
[2025-03-21T06:46:00.022Z] [error]: Client must be connected before running operations
[2025-03-21T06:47:00.056Z] [error]: Client must be connected before running operations
[2025-03-21T06:47:00.060Z] [error]: Client must be connected before running operations
[2025-03-21T06:48:00.061Z] [error]: Client must be connected before running operations
[2025-03-21T06:48:00.063Z] [error]: Client must be connected before running operations
[2025-03-21T06:49:00.059Z] [error]: Client must be connected before running operations
[2025-03-21T06:49:00.061Z] [error]: Client must be connected before running operations
[2025-03-21T06:50:00.064Z] [error]: Client must be connected before running operations
[2025-03-21T06:50:00.068Z] [error]: Client must be connected before running operations
[2025-03-21T06:51:00.060Z] [error]: Client must be connected before running operations
[2025-03-21T06:51:00.064Z] [error]: Client must be connected before running operations
[2025-03-21T06:52:00.059Z] [error]: Client must be connected before running operations
[2025-03-21T06:52:00.064Z] [error]: Client must be connected before running operations
[2025-03-21T06:53:00.060Z] [error]: Client must be connected before running operations
[2025-03-21T06:53:00.061Z] [error]: Client must be connected before running operations
[2025-03-21T06:54:00.060Z] [error]: Client must be connected before running operations
[2025-03-21T06:54:00.066Z] [error]: Client must be connected before running operations
[2025-03-21T06:55:00.061Z] [error]: Client must be connected before running operations
[2025-03-21T06:55:00.065Z] [error]: Client must be connected before running operations
[2025-03-21T06:56:00.064Z] [error]: Client must be connected before running operations
[2025-03-21T06:56:00.069Z] [error]: Client must be connected before running operations
[2025-03-21T06:57:00.062Z] [error]: Client must be connected before running operations
[2025-03-21T06:57:00.066Z] [error]: Client must be connected before running operations
[2025-03-21T06:58:00.063Z] [error]: Client must be connected before running operations
[2025-03-21T06:58:00.068Z] [error]: Client must be connected before running operations
[2025-03-21T06:59:00.064Z] [error]: Client must be connected before running operations
[2025-03-21T06:59:00.068Z] [error]: Client must be connected before running operations
[2025-03-21T07:00:00.063Z] [error]: Client must be connected before running operations
[2025-03-21T07:00:00.068Z] [error]: Client must be connected before running operations
[2025-03-21T07:01:00.062Z] [error]: Client must be connected before running operations
[2025-03-21T07:01:00.065Z] [error]: Client must be connected before running operations
[2025-03-21T07:02:00.060Z] [error]: Client must be connected before running operations
[2025-03-21T07:02:00.062Z] [error]: Client must be connected before running operations
[2025-03-21T07:03:00.034Z] [error]: Client must be connected before running operations
[2025-03-21T07:03:00.035Z] [error]: Client must be connected before running operations
[2025-03-21T07:04:00.059Z] [error]: Client must be connected before running operations
[2025-03-21T07:04:00.060Z] [error]: Client must be connected before running operations
[2025-03-21T07:05:00.061Z] [error]: Client must be connected before running operations
[2025-03-21T07:05:00.062Z] [error]: Client must be connected before running operations
[2025-03-21T07:06:00.059Z] [error]: Client must be connected before running operations
[2025-03-21T07:06:00.061Z] [error]: Client must be connected before running operations
[2025-03-21T07:07:00.062Z] [error]: Client must be connected before running operations
[2025-03-21T07:07:00.064Z] [error]: Client must be connected before running operations
[2025-03-21T07:08:00.060Z] [error]: Client must be connected before running operations
[2025-03-21T07:08:00.066Z] [error]: Client must be connected before running operations
[2025-03-21T07:09:00.062Z] [error]: Client must be connected before running operations
[2025-03-21T07:09:00.065Z] [error]: Client must be connected before running operations
[2025-03-21T07:10:00.062Z] [error]: Client must be connected before running operations
[2025-03-21T07:10:00.066Z] [error]: Client must be connected before running operations
[2025-03-21T07:11:00.060Z] [error]: Client must be connected before running operations
[2025-03-21T07:11:00.062Z] [error]: Client must be connected before running operations
[2025-03-21T07:12:00.047Z] [error]: Client must be connected before running operations
[2025-03-21T07:12:00.053Z] [error]: Client must be connected before running operations
[2025-03-21T07:13:00.060Z] [error]: Client must be connected before running operations
[2025-03-21T07:13:00.062Z] [error]: Client must be connected before running operations
[2025-03-21T07:14:00.062Z] [error]: Client must be connected before running operations
[2025-03-21T07:14:00.066Z] [error]: Client must be connected before running operations
[2025-03-21T07:15:00.068Z] [error]: Client must be connected before running operations
[2025-03-21T07:15:00.077Z] [error]: Client must be connected before running operations
[2025-03-21T07:16:00.060Z] [error]: Client must be connected before running operations
[2025-03-21T07:16:00.062Z] [error]: Client must be connected before running operations
[2025-03-21T07:17:00.062Z] [error]: Client must be connected before running operations
[2025-03-21T07:17:00.064Z] [error]: Client must be connected before running operations
[2025-03-21T07:18:00.061Z] [error]: Client must be connected before running operations
[2025-03-21T07:18:00.065Z] [error]: Client must be connected before running operations
[2025-03-21T07:19:00.059Z] [error]: Client must be connected before running operations
[2025-03-21T07:19:00.061Z] [error]: Client must be connected before running operations
[2025-03-21T07:20:00.061Z] [error]: Client must be connected before running operations
[2025-03-21T07:20:00.066Z] [error]: Client must be connected before running operations
[2025-03-21T07:21:00.061Z] [error]: Client must be connected before running operations
[2025-03-21T07:21:00.068Z] [error]: Client must be connected before running operations
[2025-03-21T07:22:00.062Z] [error]: Client must be connected before running operations
[2025-03-21T07:22:00.066Z] [error]: Client must be connected before running operations
[2025-03-21T07:23:00.065Z] [error]: Client must be connected before running operations
[2025-03-21T07:23:00.070Z] [error]: Client must be connected before running operations
[2025-03-21T07:24:00.063Z] [error]: Client must be connected before running operations
[2025-03-21T07:24:00.065Z] [error]: Client must be connected before running operations
[2025-03-21T07:25:00.059Z] [error]: Client must be connected before running operations
[2025-03-21T07:25:00.060Z] [error]: Client must be connected before running operations
[2025-03-21T07:26:00.062Z] [error]: Client must be connected before running operations
[2025-03-21T07:26:00.063Z] [error]: Client must be connected before running operations
[2025-03-21T07:27:00.065Z] [error]: Client must be connected before running operations
[2025-03-21T07:27:00.068Z] [error]: Client must be connected before running operations
[2025-03-21T07:28:00.060Z] [error]: Client must be connected before running operations
[2025-03-21T07:28:00.063Z] [error]: Client must be connected before running operations
[2025-03-21T07:29:00.059Z] [error]: Client must be connected before running operations
[2025-03-21T07:29:00.060Z] [error]: Client must be connected before running operations
[2025-03-21T07:30:00.060Z] [error]: Client must be connected before running operations
[2025-03-21T07:30:00.062Z] [error]: Client must be connected before running operations
[2025-03-21T07:31:00.059Z] [error]: Client must be connected before running operations
[2025-03-21T07:31:00.060Z] [error]: Client must be connected before running operations
[2025-03-21T07:32:00.063Z] [error]: Client must be connected before running operations
[2025-03-21T07:32:00.065Z] [error]: Client must be connected before running operations
[2025-03-21T07:33:00.061Z] [error]: Client must be connected before running operations
[2025-03-21T07:33:00.062Z] [error]: Client must be connected before running operations
[2025-03-21T07:34:00.060Z] [error]: Client must be connected before running operations
[2025-03-21T07:34:00.063Z] [error]: Client must be connected before running operations
[2025-03-21T07:35:00.063Z] [error]: Client must be connected before running operations
[2025-03-21T07:35:00.064Z] [error]: Client must be connected before running operations
[2025-03-21T07:36:00.054Z] [error]: Client must be connected before running operations
[2025-03-21T07:36:00.060Z] [error]: Client must be connected before running operations
[2025-03-21T07:37:00.060Z] [error]: Client must be connected before running operations
[2025-03-21T07:37:00.066Z] [error]: Client must be connected before running operations
[2025-03-21T07:38:00.057Z] [error]: Client must be connected before running operations
[2025-03-21T07:38:00.059Z] [error]: Client must be connected before running operations
[2025-03-21T07:39:00.064Z] [error]: Client must be connected before running operations
[2025-03-21T07:39:00.067Z] [error]: Client must be connected before running operations
[2025-03-21T07:40:00.061Z] [error]: Client must be connected before running operations
[2025-03-21T07:40:00.064Z] [error]: Client must be connected before running operations
[2025-03-21T07:41:00.062Z] [error]: Client must be connected before running operations
[2025-03-21T07:41:00.065Z] [error]: Client must be connected before running operations
[2025-03-21T07:42:00.048Z] [error]: Client must be connected before running operations
[2025-03-21T07:42:00.051Z] [error]: Client must be connected before running operations
[2025-03-21T07:43:00.025Z] [error]: Client must be connected before running operations
[2025-03-21T07:43:00.026Z] [error]: Client must be connected before running operations
[2025-03-21T07:44:00.012Z] [error]: Client must be connected before running operations
[2025-03-21T07:44:00.015Z] [error]: Client must be connected before running operations
[2025-03-21T07:45:00.063Z] [error]: Client must be connected before running operations
[2025-03-21T07:45:00.068Z] [error]: Client must be connected before running operations
[2025-03-21T07:46:00.062Z] [error]: Client must be connected before running operations
[2025-03-21T07:46:00.063Z] [error]: Client must be connected before running operations
[2025-03-21T07:47:00.065Z] [error]: Client must be connected before running operations
[2025-03-21T07:47:00.066Z] [error]: Client must be connected before running operations
[2025-03-21T07:47:54.923Z] [error]: HIDE::500::ValidationError::"phoneNumber" with value "435435436765767564764574567" fails to match the required pattern: /(\+84|84|0[3|5|7|8|9])+([0-9]{8})\b/::
[2025-03-21T07:47:58.337Z] [error]: HIDE::500::ValidationError::"phoneNumber" with value "435435436765767564764574567" fails to match the required pattern: /(\+84|84|0[3|5|7|8|9])+([0-9]{8})\b/::
[2025-03-21T07:47:58.777Z] [error]: HIDE::500::ValidationError::"phoneNumber" with value "435435436765767564764574567" fails to match the required pattern: /(\+84|84|0[3|5|7|8|9])+([0-9]{8})\b/::
[2025-03-21T07:47:59.103Z] [error]: HIDE::500::ValidationError::"phoneNumber" with value "435435436765767564764574567" fails to match the required pattern: /(\+84|84|0[3|5|7|8|9])+([0-9]{8})\b/::
[2025-03-21T07:48:00.055Z] [error]: Client must be connected before running operations
[2025-03-21T07:48:00.057Z] [error]: Client must be connected before running operations
[2025-03-21T07:49:00.058Z] [error]: Client must be connected before running operations
[2025-03-21T07:49:00.062Z] [error]: Client must be connected before running operations
[2025-03-21T07:50:00.059Z] [error]: Client must be connected before running operations
[2025-03-21T07:50:00.062Z] [error]: Client must be connected before running operations
[2025-03-21T07:51:00.062Z] [error]: Client must be connected before running operations
[2025-03-21T07:51:00.063Z] [error]: Client must be connected before running operations
[2025-03-21T07:52:00.050Z] [error]: Client must be connected before running operations
[2025-03-21T07:52:00.055Z] [error]: Client must be connected before running operations
[2025-03-21T07:52:53.587Z] [error]: HIDE::500::ValidationError::"password" with value "ehgerwtg" fails to match the required pattern: /^(?=.*[a-z])(?=.*[A-Z])(?=.*\d)(?=.*[@$!%*?&])[A-Za-z\d@$!%*?&]{8,}$/::
[2025-03-21T07:53:00.047Z] [error]: Client must be connected before running operations
[2025-03-21T07:53:00.048Z] [error]: Client must be connected before running operations
[2025-03-21T07:53:26.638Z] [error]: HIDE::500::TypeError::UserService.findOne(...).lean is not a function::
[2025-03-21T07:54:00.059Z] [error]: Client must be connected before running operations
[2025-03-21T07:54:00.061Z] [error]: Client must be connected before running operations
[2025-03-21T07:55:00.061Z] [error]: Client must be connected before running operations
[2025-03-21T07:55:00.062Z] [error]: Client must be connected before running operations
[2025-03-21T07:55:22.415Z] [error]: HIDE::403::Forbidden::Username or password is not correct!::
[2025-03-21T07:55:25.992Z] [error]: HIDE::403::Forbidden::Username or password is not correct!::
