[2025-03-11T23:17:53.734Z] [error]: read ECONNRESET
[2025-03-11T23:17:53.963Z] [error]: read ECONNRESET
[2025-03-12T00:13:10.091Z] [error]: Operation `products.aggregate()` buffering timed out after 10000ms
[2025-03-12T00:13:10.096Z] [error]: Operation `key_tokens.find()` buffering timed out after 10000ms
[2025-03-12T06:19:25.977Z] [error]: HIDE::403::Forbidden::Token is expired or invalid!::
[2025-03-12T06:19:34.026Z] [error]: HIDE::500::ValidationError::"discount_start_at" must be greater than or equal to "now"::
[2025-03-12T06:23:28.960Z] [error]: HIDE::500::MongoServerError::E11000 duplicate key error collection: test.discounts index: discount_code_1_discount_shop_1 dup key: { discount_code: "ABC123", discount_shop: ObjectId('67c994e652def8bd1623cc5f') }::
[2025-03-12T06:24:11.489Z] [error]: VISIBLE::409::Conflict::Conflict with discount: Khuyến mãi mùa hè!::
[2025-03-12T06:25:06.896Z] [error]: HIDE::500::MongoServerError::E11000 duplicate key error collection: test.discounts index: discount_code_1_discount_shop_1 dup key: { discount_code: "TEST01", discount_shop: ObjectId('67c994e652def8bd1623cc5f') }::
[2025-03-12T06:26:00.191Z] [error]: HIDE::500::MongoServerError::E11000 duplicate key error collection: test.discounts index: discount_code_1_discount_shop_1 dup key: { discount_code: "TEST01", discount_shop: ObjectId('67c994e652def8bd1623cc5f') }::
[2025-03-12T06:26:18.341Z] [error]: HIDE::500::MongoServerError::E11000 duplicate key error collection: test.discounts index: discount_code_1_discount_shop_1 dup key: { discount_code: "TEST01", discount_shop: ObjectId('67c994e652def8bd1623cc5f') }::
[2025-03-12T06:26:19.760Z] [error]: HIDE::500::MongoServerError::E11000 duplicate key error collection: test.discounts index: discount_code_1_discount_shop_1 dup key: { discount_code: "TEST01", discount_shop: ObjectId('67c994e652def8bd1623cc5f') }::
[2025-03-12T06:27:57.664Z] [error]: VISIBLE::409::Conflict::Conflict with discount: Khuyến mãi mùa hè!::
[2025-03-12T06:28:21.170Z] [error]: VISIBLE::409::Conflict::Conflict with discount: Khuyến mãi mùa hè!::
[2025-03-12T06:29:14.769Z] [error]: VISIBLE::409::Conflict::Conflict with discount: Khuyến mãi mùa hè!::
[2025-03-12T06:40:01.930Z] [error]: HIDE::403::Forbidden::Token is expired or invalid!::
[2025-03-12T06:40:08.656Z] [error]: VISIBLE::409::Conflict::Conflict with discount: Khuyến mãi mùa hè!::
[2025-03-12T06:42:04.776Z] [error]: VISIBLE::409::Conflict::Conflict with discount: Khuyến mãi mùa hè!::
[2025-03-12T06:45:25.234Z] [error]: HIDE::500::TypeError::payload.discount_end_at.toISOString is not a function::
[2025-03-12T06:45:40.473Z] [error]: HIDE::500::TypeError::payload.discount_end_at.toISOString is not a function::
[2025-03-12T06:46:46.622Z] [error]: HIDE::500::SyntaxError::Expected ',' or '}' after property value in JSON at position 162 (line 6 column 30)::
[2025-03-12T06:47:05.028Z] [error]: HIDE::500::SyntaxError::Unexpected token ''', ..."tart_at": '2025-04-1"... is not valid JSON::
[2025-03-12T06:47:12.227Z] [error]: HIDE::500::SyntaxError::Expected ',' or '}' after property value in JSON at position 162 (line 6 column 30)::
[2025-03-12T06:47:38.322Z] [error]: HIDE::500::TypeError::payload.discount_end_at.toISOString is not a function::
[2025-03-12T06:47:52.986Z] [error]: VISIBLE::409::Conflict::Conflict with discount: Khuyến mãi mùa hè!::
[2025-03-12T06:48:19.542Z] [error]: VISIBLE::409::Conflict::Conflict with discount: Khuyến mãi mùa hè!::
[2025-03-12T06:57:54.887Z] [error]: HIDE::403::Forbidden::Token is expired or invalid!::
[2025-03-12T06:58:09.347Z] [error]: VISIBLE::409::Conflict::Conflict with discount: Khuyến mãi mùa hè!::
[2025-03-12T07:07:26.968Z] [error]: VISIBLE::409::Conflict::Conflict with discount: Khuyến mãi mùa hè!::
[2025-03-12T07:08:00.884Z] [error]: VISIBLE::409::Conflict::Conflict with discount: Khuyến mãi mùa hè!::
[2025-03-12T07:08:34.928Z] [error]: VISIBLE::409::Conflict::Conflict with discount: Khuyến mãi mùa hè!::
[2025-03-12T07:08:51.124Z] [error]: VISIBLE::409::Conflict::Conflict with discount: Khuyến mãi mùa hè!::
[2025-03-12T07:09:40.405Z] [error]: VISIBLE::409::Conflict::Conflict with discount: Khuyến mãi mùa hè!::
[2025-03-12T07:09:53.445Z] [error]: VISIBLE::409::Conflict::Conflict with discount: Khuyến mãi mùa hè!::
[2025-03-12T07:09:54.897Z] [error]: VISIBLE::409::Conflict::Conflict with discount: Khuyến mãi mùa hè!::
[2025-03-12T07:10:52.606Z] [error]: VISIBLE::409::Conflict::Conflict with discount: Khuyến mãi mùa hè!::
[2025-03-12T07:11:32.823Z] [error]: VISIBLE::409::Conflict::Conflict with discount: Khuyến mãi mùa hè!::
[2025-03-12T07:22:06.447Z] [error]: HIDE::403::Forbidden::Token is expired or invalid!::
[2025-03-12T07:22:41.488Z] [error]: HIDE::500::Error::Can't use $and with Date.::
[2025-03-12T07:23:09.674Z] [error]: HIDE::500::Error::Can't use $and with Date.::
[2025-03-12T07:29:57.889Z] [error]: VISIBLE::409::Conflict::Conflict with discount: Khuyến mãi mùa hè!, Khuyến mãi mùa hè!, Khuyến mãi mùa hè!, Khuyến mãi mùa hè!, Khuyến mãi mùa hè!, Khuyến mãi mùa hè!, Khuyến mãi mùa hè!, Khuyến mãi mùa hè!::
[2025-03-12T07:32:04.931Z] [error]: VISIBLE::409::Conflict::Conflict with discount: Khuyến mãi mùa hè!::
[2025-03-12T07:33:12.154Z] [error]: VISIBLE::409::Conflict::Conflict with discount: Khuyến mãi mùa hè!::
[2025-03-12T07:33:29.682Z] [error]: VISIBLE::409::Conflict::Conflict with discount: Khuyến mãi mùa hè!::
[2025-03-12T07:39:41.264Z] [error]: HIDE::403::Forbidden::Token is expired or invalid!::
[2025-03-12T07:39:46.614Z] [error]: VISIBLE::409::Conflict::Conflict with discount: Khuyến mãi mùa hè!::
[2025-03-12T07:39:52.653Z] [error]: VISIBLE::409::Conflict::Conflict with discount: Khuyến mãi mùa hè!::
[2025-03-12T07:40:03.954Z] [error]: VISIBLE::409::Conflict::Conflict with discount: Khuyến mãi mùa hè!::
[2025-03-12T07:40:04.699Z] [error]: VISIBLE::409::Conflict::Conflict with discount: Khuyến mãi mùa hè!::
[2025-03-12T07:40:05.608Z] [error]: VISIBLE::409::Conflict::Conflict with discount: Khuyến mãi mùa hè!::
[2025-03-12T07:40:06.622Z] [error]: VISIBLE::409::Conflict::Conflict with discount: Khuyến mãi mùa hè!::
[2025-03-12T07:40:48.624Z] [error]: VISIBLE::409::Conflict::Conflict with discount: Khuyến mãi mùa hè!::
[2025-03-12T07:55:20.952Z] [error]: HIDE::403::Forbidden::Token is expired or invalid!::
[2025-03-12T07:55:26.982Z] [error]: VISIBLE::409::Conflict::Conflict with discount: Khuyến mãi mùa hè!::
[2025-03-12T08:02:33.646Z] [error]: VISIBLE::409::Conflict::Conflict with discount: Khuyến mãi mùa hè!::
[2025-03-12T08:02:37.217Z] [error]: VISIBLE::409::Conflict::Conflict with discount: Khuyến mãi mùa hè!::
[2025-03-12T08:02:40.793Z] [error]: VISIBLE::409::Conflict::Conflict with discount: Khuyến mãi mùa hè!::
[2025-03-12T08:02:47.537Z] [error]: VISIBLE::409::Conflict::Conflict with discount: Khuyến mãi mùa hè!::
[2025-03-12T08:02:56.184Z] [error]: VISIBLE::409::Conflict::Conflict with discount: Khuyến mãi mùa hè!::
[2025-03-12T08:03:04.270Z] [error]: VISIBLE::409::Conflict::Conflict with discount: Khuyến mãi mùa hè!::
[2025-03-12T08:03:05.707Z] [error]: VISIBLE::409::Conflict::Conflict with discount: Khuyến mãi mùa hè!::
[2025-03-12T08:03:08.470Z] [error]: HIDE::500::ValidationError::"discount_end_at" must be greater than or equal to "ref:discount_start_at"::
[2025-03-12T08:03:13.302Z] [error]: VISIBLE::409::Conflict::Conflict with discount: Khuyến mãi mùa hè!::
[2025-03-12T08:03:15.973Z] [error]: VISIBLE::409::Conflict::Conflict with discount: Khuyến mãi mùa hè!::
[2025-03-12T08:03:25.332Z] [error]: VISIBLE::409::Conflict::Conflict with discount: Khuyến mãi mùa hè!::
[2025-03-12T08:03:26.884Z] [error]: VISIBLE::409::Conflict::Conflict with discount: Khuyến mãi mùa hè!::
[2025-03-12T08:03:28.228Z] [error]: VISIBLE::409::Conflict::Conflict with discount: Khuyến mãi mùa hè!::
[2025-03-12T08:03:29.432Z] [error]: VISIBLE::409::Conflict::Conflict with discount: Khuyến mãi mùa hè!::
[2025-03-12T08:03:31.377Z] [error]: VISIBLE::409::Conflict::Conflict with discount: Khuyến mãi mùa hè!::
[2025-03-12T08:03:41.814Z] [error]: VISIBLE::409::Conflict::Conflict with discount: Khuyến mãi mùa hè!::
[2025-03-12T08:03:43.798Z] [error]: VISIBLE::409::Conflict::Conflict with discount: Khuyến mãi mùa hè!::
[2025-03-12T08:03:45.867Z] [error]: VISIBLE::409::Conflict::Conflict with discount: Khuyến mãi mùa hè!::
[2025-03-12T08:03:51.102Z] [error]: VISIBLE::409::Conflict::Conflict with discount: Khuyến mãi mùa hè!::
[2025-03-12T08:05:40.772Z] [error]: VISIBLE::409::Conflict::Conflict with discount: Khuyến mãi mùa hè!::
[2025-03-12T09:03:30.011Z] [error]: getaddrinfo EAI_AGAIN cluster0-shard-00-00.q7xyq.mongodb.net
[2025-03-12T09:03:30.015Z] [error]: getaddrinfo EAI_AGAIN cluster0-shard-00-00.q7xyq.mongodb.net
