[2025-03-30T01:30:10.307Z] [info]: Cleanup key token: 13 key token cleaned
[2025-03-30T01:30:10.315Z] [info]: Cleanup key token: 0 refresh token used cleaned
[2025-03-30T01:30:10.318Z] [info]: Cleanup product: Cleaned 0 products
[2025-03-30T01:31:00.031Z] [info]: Cleanup key token: 13 key token cleaned
[2025-03-30T01:31:00.031Z] [info]: Cleanup key token: 0 refresh token used cleaned
[2025-03-30T01:31:00.035Z] [info]: Cleanup product: Cleaned 0 products
[2025-03-30T01:32:00.031Z] [info]: Cleanup key token: 13 key token cleaned
[2025-03-30T01:32:00.031Z] [info]: Cleanup key token: 0 refresh token used cleaned
[2025-03-30T01:32:00.035Z] [info]: Cleanup product: Cleaned 0 products
[2025-03-30T01:33:00.098Z] [info]: Cleanup key token: 13 key token cleaned
[2025-03-30T01:33:00.099Z] [info]: Cleanup key token: 0 refresh token used cleaned
[2025-03-30T01:33:00.106Z] [info]: Cleanup product: Cleaned 0 products
[2025-03-30T01:34:00.040Z] [info]: Cleanup key token: 13 key token cleaned
[2025-03-30T01:34:00.041Z] [info]: Cleanup key token: 0 refresh token used cleaned
[2025-03-30T01:34:00.042Z] [info]: Cleanup product: Cleaned 0 products
[2025-03-30T01:35:00.030Z] [info]: Cleanup product: Cleaned 0 products
[2025-03-30T01:35:00.035Z] [info]: Cleanup key token: 13 key token cleaned
[2025-03-30T01:35:00.035Z] [info]: Cleanup key token: 0 refresh token used cleaned
[2025-03-30T01:36:00.030Z] [info]: Cleanup product: Cleaned 0 products
[2025-03-30T01:36:00.032Z] [info]: Cleanup key token: 13 key token cleaned
[2025-03-30T01:36:00.032Z] [info]: Cleanup key token: 0 refresh token used cleaned
[2025-03-30T01:37:00.022Z] [info]: Cleanup key token: 13 key token cleaned
[2025-03-30T01:37:00.023Z] [info]: Cleanup key token: 0 refresh token used cleaned
[2025-03-30T01:37:00.026Z] [info]: Cleanup product: Cleaned 0 products
[2025-03-30T01:38:00.019Z] [info]: Cleanup product: Cleaned 0 products
[2025-03-30T01:38:00.026Z] [info]: Cleanup key token: 13 key token cleaned
[2025-03-30T01:38:00.026Z] [info]: Cleanup key token: 0 refresh token used cleaned
[2025-03-30T01:39:00.023Z] [info]: Cleanup key token: 13 key token cleaned
[2025-03-30T01:39:00.023Z] [info]: Cleanup key token: 0 refresh token used cleaned
[2025-03-30T01:39:00.027Z] [info]: Cleanup product: Cleaned 0 products
[2025-03-30T01:40:00.018Z] [info]: Cleanup key token: 13 key token cleaned
[2025-03-30T01:40:00.019Z] [info]: Cleanup key token: 0 refresh token used cleaned
[2025-03-30T01:40:00.022Z] [info]: Cleanup product: Cleaned 0 products
[2025-03-30T01:41:00.026Z] [info]: Cleanup key token: 13 key token cleaned
[2025-03-30T01:41:00.026Z] [info]: Cleanup key token: 0 refresh token used cleaned
[2025-03-30T01:41:00.031Z] [info]: Cleanup product: Cleaned 0 products
[2025-03-30T01:42:00.027Z] [info]: Cleanup key token: 13 key token cleaned
[2025-03-30T01:42:00.027Z] [info]: Cleanup key token: 0 refresh token used cleaned
[2025-03-30T01:42:00.030Z] [info]: Cleanup product: Cleaned 0 products
[2025-03-30T01:43:00.022Z] [info]: Cleanup key token: 13 key token cleaned
[2025-03-30T01:43:00.022Z] [info]: Cleanup key token: 0 refresh token used cleaned
[2025-03-30T01:43:00.026Z] [info]: Cleanup product: Cleaned 0 products
[2025-03-30T02:58:01.205Z] [info]: Cleanup key token: 13 key token cleaned
[2025-03-30T02:58:01.208Z] [info]: Cleanup key token: 0 refresh token used cleaned
[2025-03-30T02:58:01.209Z] [info]: Cleanup product: Cleaned 0 products
[2025-03-30T02:59:00.049Z] [info]: Cleanup key token: 13 key token cleaned
[2025-03-30T02:59:00.050Z] [info]: Cleanup key token: 0 refresh token used cleaned
[2025-03-30T02:59:00.055Z] [info]: Cleanup product: Cleaned 0 products
[2025-03-30T03:00:00.048Z] [info]: Cleanup key token: 13 key token cleaned
[2025-03-30T03:00:00.049Z] [info]: Cleanup key token: 0 refresh token used cleaned
[2025-03-30T03:00:00.054Z] [info]: Cleanup product: Cleaned 0 products
[2025-03-30T03:01:00.020Z] [info]: Cleanup key token: 13 key token cleaned
[2025-03-30T03:01:00.021Z] [info]: Cleanup key token: 0 refresh token used cleaned
[2025-03-30T03:01:00.024Z] [info]: Cleanup product: Cleaned 0 products
[2025-03-30T03:02:00.031Z] [info]: Cleanup key token: 13 key token cleaned
[2025-03-30T03:02:00.031Z] [info]: Cleanup key token: 0 refresh token used cleaned
[2025-03-30T03:02:00.034Z] [info]: Cleanup product: Cleaned 0 products
[2025-03-30T03:03:00.049Z] [info]: Cleanup key token: 13 key token cleaned
[2025-03-30T03:03:00.050Z] [info]: Cleanup key token: 0 refresh token used cleaned
[2025-03-30T03:03:00.055Z] [info]: Cleanup product: Cleaned 0 products
[2025-03-30T03:04:00.019Z] [info]: Cleanup product: Cleaned 0 products
[2025-03-30T03:04:00.023Z] [info]: Cleanup key token: 14 key token cleaned
[2025-03-30T03:04:00.023Z] [info]: Cleanup key token: 0 refresh token used cleaned
[2025-03-30T03:05:00.022Z] [info]: Cleanup key token: 14 key token cleaned
[2025-03-30T03:05:00.022Z] [info]: Cleanup key token: 0 refresh token used cleaned
[2025-03-30T03:05:00.023Z] [info]: Cleanup product: Cleaned 0 products
[2025-03-30T03:06:00.023Z] [info]: Cleanup product: Cleaned 0 products
[2025-03-30T03:06:00.024Z] [info]: Cleanup key token: 14 key token cleaned
[2025-03-30T03:06:00.024Z] [info]: Cleanup key token: 0 refresh token used cleaned
[2025-03-30T03:07:00.023Z] [info]: Cleanup key token: 16 key token cleaned
[2025-03-30T03:07:00.023Z] [info]: Cleanup key token: 0 refresh token used cleaned
[2025-03-30T03:07:00.024Z] [info]: Cleanup product: Cleaned 0 products
[2025-03-30T03:07:06.773Z] [info]: Server closed
[2025-03-30T03:07:06.795Z] [info]: Server closed
[2025-03-30T03:07:06.806Z] [info]: Server closed
[2025-03-30T03:07:06.807Z] [info]: Server closed
[2025-03-30T03:08:00.034Z] [info]: Cleanup key token: 1 key token cleaned
[2025-03-30T03:08:00.034Z] [info]: Cleanup key token: 0 refresh token used cleaned
[2025-03-30T03:08:00.039Z] [info]: Cleanup product: Cleaned 0 products
[2025-03-30T03:09:00.015Z] [info]: Cleanup key token: 3 key token cleaned
[2025-03-30T03:09:00.016Z] [info]: Cleanup key token: 0 refresh token used cleaned
[2025-03-30T03:09:00.020Z] [info]: Cleanup product: Cleaned 0 products
[2025-03-30T03:10:00.019Z] [info]: Cleanup key token: 2 key token cleaned
[2025-03-30T03:10:00.019Z] [info]: Cleanup key token: 0 refresh token used cleaned
[2025-03-30T03:10:00.020Z] [info]: Cleanup product: Cleaned 0 products
[2025-03-30T03:11:00.025Z] [info]: Cleanup key token: 2 key token cleaned
[2025-03-30T03:11:00.025Z] [info]: Cleanup key token: 0 refresh token used cleaned
[2025-03-30T03:11:00.029Z] [info]: Cleanup product: Cleaned 0 products
[2025-03-30T03:12:00.041Z] [info]: Cleanup key token: 2 key token cleaned
[2025-03-30T03:12:00.042Z] [info]: Cleanup key token: 0 refresh token used cleaned
[2025-03-30T03:12:00.048Z] [info]: Cleanup product: Cleaned 0 products
[2025-03-30T03:14:00.023Z] [info]: Cleanup key token: 2 key token cleaned
[2025-03-30T03:14:00.024Z] [info]: Cleanup key token: 0 refresh token used cleaned
[2025-03-30T03:14:00.025Z] [info]: Cleanup product: Cleaned 0 products
[2025-03-30T03:15:00.019Z] [info]: Cleanup key token: 2 key token cleaned
[2025-03-30T03:15:00.020Z] [info]: Cleanup key token: 0 refresh token used cleaned
[2025-03-30T03:15:00.022Z] [info]: Cleanup product: Cleaned 0 products
[2025-03-30T03:16:00.035Z] [info]: Cleanup key token: 2 key token cleaned
[2025-03-30T03:16:00.036Z] [info]: Cleanup key token: 0 refresh token used cleaned
[2025-03-30T03:16:00.040Z] [info]: Cleanup product: Cleaned 0 products
[2025-03-30T03:18:02.764Z] [info]: Cleanup key token: 2 key token cleaned
[2025-03-30T03:18:02.764Z] [info]: Cleanup key token: 0 refresh token used cleaned
[2025-03-30T03:18:02.771Z] [info]: Cleanup product: Cleaned 0 products
[2025-03-30T03:19:00.032Z] [info]: Cleanup key token: 2 key token cleaned
[2025-03-30T03:19:00.032Z] [info]: Cleanup key token: 0 refresh token used cleaned
[2025-03-30T03:19:00.036Z] [info]: Cleanup product: Cleaned 0 products
[2025-03-30T03:20:00.016Z] [info]: Cleanup key token: 2 key token cleaned
[2025-03-30T03:20:00.016Z] [info]: Cleanup key token: 0 refresh token used cleaned
[2025-03-30T03:20:00.020Z] [info]: Cleanup product: Cleaned 0 products
[2025-03-30T03:21:00.040Z] [info]: Cleanup key token: 2 key token cleaned
[2025-03-30T03:21:00.041Z] [info]: Cleanup key token: 0 refresh token used cleaned
[2025-03-30T03:21:00.045Z] [info]: Cleanup product: Cleaned 0 products
[2025-03-30T03:22:00.051Z] [info]: Cleanup key token: 2 key token cleaned
[2025-03-30T03:22:00.052Z] [info]: Cleanup key token: 0 refresh token used cleaned
[2025-03-30T03:22:00.055Z] [info]: Cleanup product: Cleaned 0 products
[2025-03-30T03:24:00.042Z] [info]: Cleanup key token: 3 key token cleaned
[2025-03-30T03:24:00.043Z] [info]: Cleanup key token: 0 refresh token used cleaned
[2025-03-30T03:24:00.050Z] [info]: Cleanup product: Cleaned 0 products
[2025-03-30T03:25:00.049Z] [info]: Cleanup key token: 5 key token cleaned
[2025-03-30T03:25:00.050Z] [info]: Cleanup key token: 0 refresh token used cleaned
[2025-03-30T03:25:00.057Z] [info]: Cleanup product: Cleaned 0 products
[2025-03-30T03:26:00.019Z] [info]: Cleanup key token: 6 key token cleaned
[2025-03-30T03:26:00.019Z] [info]: Cleanup key token: 0 refresh token used cleaned
[2025-03-30T03:26:00.023Z] [info]: Cleanup product: Cleaned 0 products
[2025-03-30T03:27:00.019Z] [info]: Cleanup key token: 6 key token cleaned
[2025-03-30T03:27:00.020Z] [info]: Cleanup key token: 0 refresh token used cleaned
[2025-03-30T03:27:00.023Z] [info]: Cleanup product: Cleaned 0 products
[2025-03-30T03:28:00.027Z] [info]: Cleanup key token: 6 key token cleaned
[2025-03-30T03:28:00.028Z] [info]: Cleanup key token: 0 refresh token used cleaned
[2025-03-30T03:28:00.035Z] [info]: Cleanup product: Cleaned 0 products
[2025-03-30T03:29:00.019Z] [info]: Cleanup key token: 8 key token cleaned
[2025-03-30T03:29:00.019Z] [info]: Cleanup key token: 0 refresh token used cleaned
[2025-03-30T03:29:00.022Z] [info]: Cleanup product: Cleaned 0 products
[2025-03-30T03:32:00.041Z] [info]: Cleanup key token: 8 key token cleaned
[2025-03-30T03:32:00.042Z] [info]: Cleanup key token: 0 refresh token used cleaned
[2025-03-30T03:32:00.047Z] [info]: Cleanup product: Cleaned 0 products
[2025-03-30T03:33:00.055Z] [info]: Cleanup key token: 8 key token cleaned
[2025-03-30T03:33:00.056Z] [info]: Cleanup key token: 0 refresh token used cleaned
[2025-03-30T03:33:00.058Z] [info]: Cleanup product: Cleaned 0 products
[2025-03-30T03:34:00.044Z] [info]: Cleanup key token: 8 key token cleaned
[2025-03-30T03:34:00.044Z] [info]: Cleanup key token: 0 refresh token used cleaned
[2025-03-30T03:34:00.049Z] [info]: Cleanup product: Cleaned 0 products
[2025-03-30T03:35:00.021Z] [info]: Cleanup key token: 8 key token cleaned
[2025-03-30T03:35:00.022Z] [info]: Cleanup key token: 0 refresh token used cleaned
[2025-03-30T03:35:00.022Z] [info]: Cleanup product: Cleaned 0 products
[2025-03-30T03:36:00.019Z] [info]: Cleanup key token: 8 key token cleaned
[2025-03-30T03:36:00.019Z] [info]: Cleanup key token: 0 refresh token used cleaned
[2025-03-30T03:36:00.022Z] [info]: Cleanup product: Cleaned 0 products
[2025-03-30T03:37:00.015Z] [info]: Cleanup key token: 8 key token cleaned
[2025-03-30T03:37:00.016Z] [info]: Cleanup key token: 0 refresh token used cleaned
[2025-03-30T03:37:00.018Z] [info]: Cleanup product: Cleaned 0 products
[2025-03-30T03:38:00.013Z] [info]: Cleanup key token: 8 key token cleaned
[2025-03-30T03:38:00.013Z] [info]: Cleanup key token: 0 refresh token used cleaned
[2025-03-30T03:38:00.015Z] [info]: Cleanup product: Cleaned 0 products
[2025-03-30T03:42:22.385Z] [info]: Cleanup key token: 8 key token cleaned
[2025-03-30T03:42:22.385Z] [info]: Cleanup key token: 0 refresh token used cleaned
[2025-03-30T03:42:22.386Z] [info]: Cleanup product: Cleaned 0 products
[2025-03-30T03:43:00.014Z] [info]: Cleanup key token: 8 key token cleaned
[2025-03-30T03:43:00.015Z] [info]: Cleanup key token: 0 refresh token used cleaned
[2025-03-30T03:43:00.015Z] [info]: Cleanup product: Cleaned 0 products
[2025-03-30T03:44:00.017Z] [info]: Cleanup key token: 8 key token cleaned
[2025-03-30T03:44:00.018Z] [info]: Cleanup key token: 0 refresh token used cleaned
[2025-03-30T03:44:00.020Z] [info]: Cleanup product: Cleaned 0 products
[2025-03-30T03:45:00.015Z] [info]: Cleanup key token: 8 key token cleaned
[2025-03-30T03:45:00.015Z] [info]: Cleanup key token: 0 refresh token used cleaned
[2025-03-30T03:45:00.017Z] [info]: Cleanup product: Cleaned 0 products
[2025-03-30T03:46:11.425Z] [info]: Cleanup key token: 8 key token cleaned
[2025-03-30T03:46:11.425Z] [info]: Cleanup key token: 0 refresh token used cleaned
[2025-03-30T03:46:11.428Z] [info]: Cleanup product: Cleaned 0 products
[2025-03-30T03:47:00.017Z] [info]: Cleanup key token: 8 key token cleaned
[2025-03-30T03:47:00.017Z] [info]: Cleanup key token: 0 refresh token used cleaned
[2025-03-30T03:47:00.023Z] [info]: Cleanup product: Cleaned 0 products
[2025-03-30T03:48:00.015Z] [info]: Cleanup key token: 8 key token cleaned
[2025-03-30T03:48:00.015Z] [info]: Cleanup key token: 0 refresh token used cleaned
[2025-03-30T03:48:00.016Z] [info]: Cleanup product: Cleaned 0 products
[2025-03-30T03:49:00.021Z] [info]: Cleanup key token: 8 key token cleaned
[2025-03-30T03:49:00.021Z] [info]: Cleanup key token: 0 refresh token used cleaned
[2025-03-30T03:49:00.022Z] [info]: Cleanup product: Cleaned 0 products
[2025-03-30T03:51:00.046Z] [info]: Cleanup key token: 8 key token cleaned
[2025-03-30T03:51:00.046Z] [info]: Cleanup key token: 0 refresh token used cleaned
[2025-03-30T03:51:00.051Z] [info]: Cleanup product: Cleaned 0 products
[2025-03-30T03:52:00.036Z] [info]: Cleanup key token: 8 key token cleaned
[2025-03-30T03:52:00.037Z] [info]: Cleanup key token: 0 refresh token used cleaned
[2025-03-30T03:52:00.041Z] [info]: Cleanup product: Cleaned 0 products
[2025-03-30T03:53:00.051Z] [info]: Cleanup key token: 8 key token cleaned
[2025-03-30T03:53:00.051Z] [info]: Cleanup key token: 0 refresh token used cleaned
[2025-03-30T03:53:00.057Z] [info]: Cleanup product: Cleaned 0 products
[2025-03-30T03:53:45.475Z] [info]: Server closed
[2025-03-30T03:53:45.503Z] [info]: Server closed
[2025-03-30T03:53:45.504Z] [info]: Server closed
[2025-03-30T03:53:45.505Z] [info]: Server closed
[2025-03-30T03:54:00.042Z] [info]: Cleanup key token: 8 key token cleaned
[2025-03-30T03:54:00.043Z] [info]: Cleanup key token: 0 refresh token used cleaned
[2025-03-30T03:54:00.044Z] [info]: Cleanup product: Cleaned 0 products
[2025-03-30T03:55:00.026Z] [info]: Cleanup key token: 8 key token cleaned
[2025-03-30T03:55:00.027Z] [info]: Cleanup key token: 0 refresh token used cleaned
[2025-03-30T03:55:00.035Z] [info]: Cleanup product: Cleaned 0 products
[2025-03-30T03:56:00.044Z] [info]: Cleanup key token: 8 key token cleaned
[2025-03-30T03:56:00.045Z] [info]: Cleanup key token: 0 refresh token used cleaned
[2025-03-30T03:56:00.050Z] [info]: Cleanup product: Cleaned 0 products
[2025-03-30T03:57:00.023Z] [info]: Cleanup key token: 8 key token cleaned
[2025-03-30T03:57:00.023Z] [info]: Cleanup key token: 0 refresh token used cleaned
[2025-03-30T03:57:00.027Z] [info]: Cleanup product: Cleaned 0 products
[2025-03-30T03:58:00.017Z] [info]: Cleanup key token: 8 key token cleaned
[2025-03-30T03:58:00.017Z] [info]: Cleanup key token: 0 refresh token used cleaned
[2025-03-30T03:58:00.020Z] [info]: Cleanup product: Cleaned 0 products
[2025-03-30T03:59:00.019Z] [info]: Cleanup key token: 8 key token cleaned
[2025-03-30T03:59:00.020Z] [info]: Cleanup key token: 0 refresh token used cleaned
[2025-03-30T03:59:00.023Z] [info]: Cleanup product: Cleaned 0 products
[2025-03-30T04:00:00.020Z] [info]: Cleanup key token: 8 key token cleaned
[2025-03-30T04:00:00.020Z] [info]: Cleanup key token: 0 refresh token used cleaned
[2025-03-30T04:00:00.024Z] [info]: Cleanup product: Cleaned 0 products
[2025-03-30T04:01:00.028Z] [info]: Cleanup key token: 8 key token cleaned
[2025-03-30T04:01:00.029Z] [info]: Cleanup key token: 0 refresh token used cleaned
[2025-03-30T04:01:00.034Z] [info]: Cleanup product: Cleaned 0 products
[2025-03-30T04:02:00.024Z] [info]: Cleanup key token: 8 key token cleaned
[2025-03-30T04:02:00.024Z] [info]: Cleanup key token: 0 refresh token used cleaned
[2025-03-30T04:02:00.027Z] [info]: Cleanup product: Cleaned 0 products
[2025-03-30T04:03:00.045Z] [info]: Cleanup key token: 8 key token cleaned
[2025-03-30T04:03:00.046Z] [info]: Cleanup key token: 0 refresh token used cleaned
[2025-03-30T04:03:00.050Z] [info]: Cleanup product: Cleaned 0 products
[2025-03-30T04:04:00.058Z] [info]: Cleanup key token: 8 key token cleaned
[2025-03-30T04:04:00.059Z] [info]: Cleanup key token: 0 refresh token used cleaned
[2025-03-30T04:04:00.061Z] [info]: Cleanup product: Cleaned 0 products
[2025-03-30T04:05:00.029Z] [info]: Cleanup key token: 8 key token cleaned
[2025-03-30T04:05:00.030Z] [info]: Cleanup key token: 0 refresh token used cleaned
[2025-03-30T04:05:00.032Z] [info]: Cleanup product: Cleaned 0 products
[2025-03-30T04:06:00.018Z] [info]: Cleanup key token: 8 key token cleaned
[2025-03-30T04:06:00.019Z] [info]: Cleanup key token: 0 refresh token used cleaned
[2025-03-30T04:06:00.023Z] [info]: Cleanup product: Cleaned 0 products
[2025-03-30T04:07:00.025Z] [info]: Cleanup key token: 8 key token cleaned
[2025-03-30T04:07:00.026Z] [info]: Cleanup key token: 0 refresh token used cleaned
[2025-03-30T04:07:00.032Z] [info]: Cleanup product: Cleaned 0 products
[2025-03-30T04:08:00.028Z] [info]: Cleanup key token: 8 key token cleaned
[2025-03-30T04:08:00.028Z] [info]: Cleanup key token: 0 refresh token used cleaned
[2025-03-30T04:08:00.033Z] [info]: Cleanup product: Cleaned 0 products
[2025-03-30T04:09:00.025Z] [info]: Cleanup key token: 8 key token cleaned
[2025-03-30T04:09:00.026Z] [info]: Cleanup key token: 0 refresh token used cleaned
[2025-03-30T04:09:00.030Z] [info]: Cleanup product: Cleaned 0 products
[2025-03-30T04:10:00.020Z] [info]: Cleanup key token: 8 key token cleaned
[2025-03-30T04:10:00.020Z] [info]: Cleanup key token: 0 refresh token used cleaned
[2025-03-30T04:10:00.023Z] [info]: Cleanup product: Cleaned 0 products
[2025-03-30T04:11:00.057Z] [info]: Cleanup key token: 8 key token cleaned
[2025-03-30T04:11:00.060Z] [info]: Cleanup key token: 0 refresh token used cleaned
[2025-03-30T04:11:00.068Z] [info]: Cleanup product: Cleaned 0 products
[2025-03-30T04:11:24.873Z] [info]: Server closed
[2025-03-30T04:11:25.013Z] [info]: Server closed
[2025-03-30T04:54:00.151Z] [info]: Cleanup product: Cleaned 0 products
[2025-03-30T04:54:00.152Z] [info]: Cleanup key token: 8 key token cleaned
[2025-03-30T04:54:00.153Z] [info]: Cleanup key token: 0 refresh token used cleaned
[2025-03-30T04:55:00.581Z] [info]: Cleanup key token: 8 key token cleaned
[2025-03-30T04:55:00.582Z] [info]: Cleanup key token: 0 refresh token used cleaned
[2025-03-30T04:55:00.586Z] [info]: Cleanup product: Cleaned 0 products
[2025-03-30T04:56:00.315Z] [info]: Cleanup key token: 8 key token cleaned
[2025-03-30T04:56:00.316Z] [info]: Cleanup key token: 0 refresh token used cleaned
[2025-03-30T04:56:00.318Z] [info]: Cleanup product: Cleaned 0 products
[2025-03-30T04:57:00.307Z] [info]: Cleanup key token: 8 key token cleaned
[2025-03-30T04:57:00.307Z] [info]: Cleanup key token: 0 refresh token used cleaned
[2025-03-30T04:57:00.311Z] [info]: Cleanup product: Cleaned 0 products
[2025-03-30T04:58:00.306Z] [info]: Cleanup key token: 8 key token cleaned
[2025-03-30T04:58:00.307Z] [info]: Cleanup key token: 0 refresh token used cleaned
[2025-03-30T04:58:00.309Z] [info]: Cleanup product: Cleaned 0 products
[2025-03-30T04:59:00.047Z] [info]: Cleanup key token: 8 key token cleaned
[2025-03-30T04:59:00.048Z] [info]: Cleanup key token: 0 refresh token used cleaned
[2025-03-30T04:59:00.052Z] [info]: Cleanup product: Cleaned 0 products
[2025-03-30T05:00:00.087Z] [info]: Cleanup key token: 8 key token cleaned
[2025-03-30T05:00:00.088Z] [info]: Cleanup key token: 0 refresh token used cleaned
[2025-03-30T05:00:00.096Z] [info]: Cleanup product: Cleaned 0 products
[2025-03-30T05:02:00.198Z] [info]: Cleanup key token: 8 key token cleaned
[2025-03-30T05:02:00.198Z] [info]: Cleanup key token: 0 refresh token used cleaned
[2025-03-30T05:02:00.203Z] [info]: Cleanup product: Cleaned 0 products
[2025-03-30T05:04:00.501Z] [info]: Cleanup key token: 8 key token cleaned
[2025-03-30T05:04:00.503Z] [info]: Cleanup key token: 0 refresh token used cleaned
[2025-03-30T05:04:00.504Z] [info]: Cleanup product: Cleaned 0 products
[2025-03-30T05:05:00.301Z] [info]: Cleanup key token: 8 key token cleaned
[2025-03-30T05:05:00.302Z] [info]: Cleanup key token: 0 refresh token used cleaned
[2025-03-30T05:05:00.303Z] [info]: Cleanup product: Cleaned 0 products
[2025-03-30T05:06:00.299Z] [info]: Cleanup key token: 8 key token cleaned
[2025-03-30T05:06:00.300Z] [info]: Cleanup key token: 0 refresh token used cleaned
[2025-03-30T05:06:00.304Z] [info]: Cleanup product: Cleaned 0 products
[2025-03-30T05:07:00.043Z] [info]: Cleanup key token: 8 key token cleaned
[2025-03-30T05:07:00.044Z] [info]: Cleanup key token: 0 refresh token used cleaned
[2025-03-30T05:07:00.049Z] [info]: Cleanup product: Cleaned 0 products
[2025-03-30T05:08:00.478Z] [info]: Cleanup key token: 8 key token cleaned
[2025-03-30T05:08:00.479Z] [info]: Cleanup key token: 0 refresh token used cleaned
[2025-03-30T05:08:00.480Z] [info]: Cleanup product: Cleaned 0 products
[2025-03-30T05:09:00.321Z] [info]: Cleanup key token: 8 key token cleaned
[2025-03-30T05:09:00.321Z] [info]: Cleanup key token: 0 refresh token used cleaned
[2025-03-30T05:09:00.324Z] [info]: Cleanup product: Cleaned 0 products
[2025-03-30T05:10:00.180Z] [info]: Cleanup key token: 8 key token cleaned
[2025-03-30T05:10:00.180Z] [info]: Cleanup key token: 0 refresh token used cleaned
[2025-03-30T05:10:00.184Z] [info]: Cleanup product: Cleaned 0 products
[2025-03-30T05:11:00.197Z] [info]: Cleanup key token: 8 key token cleaned
[2025-03-30T05:11:00.198Z] [info]: Cleanup key token: 0 refresh token used cleaned
[2025-03-30T05:11:00.204Z] [info]: Cleanup product: Cleaned 0 products
[2025-03-30T05:12:00.295Z] [info]: Cleanup key token: 8 key token cleaned
[2025-03-30T05:12:00.295Z] [info]: Cleanup key token: 0 refresh token used cleaned
[2025-03-30T05:12:00.298Z] [info]: Cleanup product: Cleaned 0 products
[2025-03-30T05:13:00.294Z] [info]: Cleanup key token: 8 key token cleaned
[2025-03-30T05:13:00.294Z] [info]: Cleanup key token: 0 refresh token used cleaned
[2025-03-30T05:13:00.296Z] [info]: Cleanup product: Cleaned 0 products
[2025-03-30T05:14:01.554Z] [info]: Cleanup key token: 8 key token cleaned
[2025-03-30T05:14:01.555Z] [info]: Cleanup key token: 0 refresh token used cleaned
[2025-03-30T05:14:01.557Z] [info]: Cleanup product: Cleaned 0 products
[2025-03-30T05:15:00.059Z] [info]: Cleanup key token: 8 key token cleaned
[2025-03-30T05:15:00.060Z] [info]: Cleanup key token: 0 refresh token used cleaned
[2025-03-30T05:15:00.068Z] [info]: Cleanup product: Cleaned 0 products
[2025-03-30T05:16:00.189Z] [info]: Cleanup key token: 8 key token cleaned
[2025-03-30T05:16:00.190Z] [info]: Cleanup key token: 0 refresh token used cleaned
[2025-03-30T05:16:00.195Z] [info]: Cleanup product: Cleaned 0 products
[2025-03-30T05:17:00.300Z] [info]: Cleanup key token: 8 key token cleaned
[2025-03-30T05:17:00.300Z] [info]: Cleanup key token: 0 refresh token used cleaned
[2025-03-30T05:17:00.301Z] [info]: Cleanup product: Cleaned 0 products
[2025-03-30T05:18:00.040Z] [info]: Cleanup key token: 8 key token cleaned
[2025-03-30T05:18:00.040Z] [info]: Cleanup key token: 0 refresh token used cleaned
[2025-03-30T05:18:00.045Z] [info]: Cleanup product: Cleaned 0 products
[2025-03-30T05:19:00.047Z] [info]: Cleanup key token: 8 key token cleaned
[2025-03-30T05:19:00.047Z] [info]: Cleanup key token: 0 refresh token used cleaned
[2025-03-30T05:19:00.048Z] [info]: Cleanup product: Cleaned 0 products
[2025-03-30T05:20:00.322Z] [info]: Cleanup key token: 8 key token cleaned
[2025-03-30T05:20:00.323Z] [info]: Cleanup key token: 0 refresh token used cleaned
[2025-03-30T05:20:00.324Z] [info]: Cleanup product: Cleaned 0 products
[2025-03-30T05:21:00.302Z] [info]: Cleanup key token: 8 key token cleaned
[2025-03-30T05:21:00.303Z] [info]: Cleanup key token: 0 refresh token used cleaned
[2025-03-30T05:21:00.303Z] [info]: Cleanup product: Cleaned 0 products
[2025-03-30T05:22:00.308Z] [info]: Cleanup product: Cleaned 0 products
[2025-03-30T05:22:00.309Z] [info]: Cleanup key token: 8 key token cleaned
[2025-03-30T05:22:00.309Z] [info]: Cleanup key token: 0 refresh token used cleaned
[2025-03-30T05:23:00.305Z] [info]: Cleanup key token: 8 key token cleaned
[2025-03-30T05:23:00.305Z] [info]: Cleanup key token: 0 refresh token used cleaned
[2025-03-30T05:23:00.309Z] [info]: Cleanup product: Cleaned 0 products
[2025-03-30T05:24:00.313Z] [info]: Cleanup key token: 8 key token cleaned
[2025-03-30T05:24:00.314Z] [info]: Cleanup key token: 0 refresh token used cleaned
[2025-03-30T05:24:00.317Z] [info]: Cleanup product: Cleaned 0 products
[2025-03-30T05:25:00.320Z] [info]: Cleanup key token: 8 key token cleaned
[2025-03-30T05:25:00.320Z] [info]: Cleanup key token: 0 refresh token used cleaned
[2025-03-30T05:25:00.322Z] [info]: Cleanup product: Cleaned 0 products
[2025-03-30T05:26:00.302Z] [info]: Cleanup key token: 8 key token cleaned
[2025-03-30T05:26:00.302Z] [info]: Cleanup key token: 0 refresh token used cleaned
[2025-03-30T05:26:00.302Z] [info]: Cleanup product: Cleaned 0 products
[2025-03-30T05:27:00.311Z] [info]: Cleanup key token: 8 key token cleaned
[2025-03-30T05:27:00.312Z] [info]: Cleanup key token: 0 refresh token used cleaned
[2025-03-30T05:27:00.314Z] [info]: Cleanup product: Cleaned 0 products
[2025-03-30T05:28:00.195Z] [info]: Cleanup key token: 8 key token cleaned
[2025-03-30T05:28:00.195Z] [info]: Cleanup key token: 0 refresh token used cleaned
[2025-03-30T05:28:00.207Z] [info]: Cleanup product: Cleaned 0 products
[2025-03-30T05:29:00.310Z] [info]: Cleanup key token: 8 key token cleaned
[2025-03-30T05:29:00.310Z] [info]: Cleanup key token: 0 refresh token used cleaned
[2025-03-30T05:29:00.313Z] [info]: Cleanup product: Cleaned 0 products
[2025-03-30T05:30:00.309Z] [info]: Cleanup key token: 8 key token cleaned
[2025-03-30T05:30:00.309Z] [info]: Cleanup key token: 0 refresh token used cleaned
[2025-03-30T05:30:00.312Z] [info]: Cleanup product: Cleaned 0 products
[2025-03-30T05:31:00.347Z] [info]: Cleanup key token: 8 key token cleaned
[2025-03-30T05:31:00.347Z] [info]: Cleanup key token: 0 refresh token used cleaned
[2025-03-30T05:31:00.349Z] [info]: Cleanup product: Cleaned 0 products
[2025-03-30T05:32:00.317Z] [info]: Cleanup key token: 8 key token cleaned
[2025-03-30T05:32:00.318Z] [info]: Cleanup key token: 0 refresh token used cleaned
[2025-03-30T05:32:00.320Z] [info]: Cleanup product: Cleaned 0 products
[2025-03-30T05:33:00.330Z] [info]: Cleanup key token: 8 key token cleaned
[2025-03-30T05:33:00.331Z] [info]: Cleanup key token: 0 refresh token used cleaned
[2025-03-30T05:33:00.332Z] [info]: Cleanup product: Cleaned 0 products
[2025-03-30T05:34:00.326Z] [info]: Cleanup key token: 8 key token cleaned
[2025-03-30T05:34:00.326Z] [info]: Cleanup key token: 0 refresh token used cleaned
[2025-03-30T05:34:00.332Z] [info]: Cleanup product: Cleaned 0 products
[2025-03-30T05:35:00.314Z] [info]: Cleanup key token: 8 key token cleaned
[2025-03-30T05:35:00.315Z] [info]: Cleanup key token: 0 refresh token used cleaned
[2025-03-30T05:35:00.317Z] [info]: Cleanup product: Cleaned 0 products
[2025-03-30T05:36:00.316Z] [info]: Cleanup key token: 8 key token cleaned
[2025-03-30T05:36:00.316Z] [info]: Cleanup key token: 0 refresh token used cleaned
[2025-03-30T05:36:00.320Z] [info]: Cleanup product: Cleaned 0 products
[2025-03-30T05:37:00.336Z] [info]: Cleanup key token: 8 key token cleaned
[2025-03-30T05:37:00.336Z] [info]: Cleanup key token: 0 refresh token used cleaned
[2025-03-30T05:37:00.343Z] [info]: Cleanup product: Cleaned 0 products
[2025-03-30T05:38:00.329Z] [info]: Cleanup key token: 8 key token cleaned
[2025-03-30T05:38:00.329Z] [info]: Cleanup key token: 0 refresh token used cleaned
[2025-03-30T05:38:00.331Z] [info]: Cleanup product: Cleaned 0 products
[2025-03-30T05:39:00.308Z] [info]: Cleanup key token: 8 key token cleaned
[2025-03-30T05:39:00.308Z] [info]: Cleanup key token: 0 refresh token used cleaned
[2025-03-30T05:39:00.309Z] [info]: Cleanup product: Cleaned 0 products
[2025-03-30T05:40:00.315Z] [info]: Cleanup key token: 8 key token cleaned
[2025-03-30T05:40:00.315Z] [info]: Cleanup key token: 0 refresh token used cleaned
[2025-03-30T05:40:00.315Z] [info]: Cleanup product: Cleaned 0 products
[2025-03-30T05:41:00.329Z] [info]: Cleanup key token: 8 key token cleaned
[2025-03-30T05:41:00.329Z] [info]: Cleanup key token: 0 refresh token used cleaned
[2025-03-30T05:41:00.330Z] [info]: Cleanup product: Cleaned 0 products
[2025-03-30T05:42:00.313Z] [info]: Cleanup key token: 8 key token cleaned
[2025-03-30T05:42:00.313Z] [info]: Cleanup key token: 0 refresh token used cleaned
[2025-03-30T05:42:00.314Z] [info]: Cleanup product: Cleaned 0 products
[2025-03-30T05:43:00.624Z] [info]: Cleanup key token: 8 key token cleaned
[2025-03-30T05:43:00.624Z] [info]: Cleanup key token: 0 refresh token used cleaned
[2025-03-30T05:43:00.625Z] [info]: Cleanup product: Cleaned 0 products
[2025-03-30T05:44:00.328Z] [info]: Cleanup key token: 8 key token cleaned
[2025-03-30T05:44:00.328Z] [info]: Cleanup key token: 0 refresh token used cleaned
[2025-03-30T05:44:00.328Z] [info]: Cleanup product: Cleaned 0 products
[2025-03-30T05:45:00.620Z] [info]: Cleanup key token: 8 key token cleaned
[2025-03-30T05:45:00.620Z] [info]: Cleanup key token: 0 refresh token used cleaned
[2025-03-30T05:45:00.622Z] [info]: Cleanup product: Cleaned 0 products
[2025-03-30T05:46:00.315Z] [info]: Cleanup key token: 8 key token cleaned
[2025-03-30T05:46:00.315Z] [info]: Cleanup key token: 0 refresh token used cleaned
[2025-03-30T05:46:00.318Z] [info]: Cleanup product: Cleaned 0 products
[2025-03-30T05:47:00.316Z] [info]: Cleanup key token: 8 key token cleaned
[2025-03-30T05:47:00.316Z] [info]: Cleanup key token: 0 refresh token used cleaned
[2025-03-30T05:47:00.319Z] [info]: Cleanup product: Cleaned 0 products
[2025-03-30T05:54:43.863Z] [info]: Cleanup key token: 8 key token cleaned
[2025-03-30T05:54:43.863Z] [info]: Cleanup key token: 0 refresh token used cleaned
[2025-03-30T05:54:43.864Z] [info]: Cleanup product: Cleaned 0 products
[2025-03-30T05:55:00.016Z] [info]: Cleanup key token: 8 key token cleaned
[2025-03-30T05:55:00.016Z] [info]: Cleanup key token: 0 refresh token used cleaned
[2025-03-30T05:55:00.019Z] [info]: Cleanup product: Cleaned 0 products
[2025-03-30T05:56:00.813Z] [info]: Cleanup key token: 8 key token cleaned
[2025-03-30T05:56:00.813Z] [info]: Cleanup key token: 0 refresh token used cleaned
[2025-03-30T05:56:00.813Z] [info]: Cleanup product: Cleaned 0 products
[2025-03-30T05:57:00.439Z] [info]: Cleanup key token: 8 key token cleaned
[2025-03-30T05:57:00.439Z] [info]: Cleanup key token: 0 refresh token used cleaned
[2025-03-30T05:57:00.440Z] [info]: Cleanup product: Cleaned 0 products
[2025-03-30T05:58:00.639Z] [info]: Cleanup key token: 8 key token cleaned
[2025-03-30T05:58:00.639Z] [info]: Cleanup key token: 0 refresh token used cleaned
[2025-03-30T05:58:00.640Z] [info]: Cleanup product: Cleaned 0 products
[2025-03-30T05:59:00.366Z] [info]: Cleanup key token: 8 key token cleaned
[2025-03-30T05:59:00.366Z] [info]: Cleanup key token: 0 refresh token used cleaned
[2025-03-30T05:59:00.367Z] [info]: Cleanup product: Cleaned 0 products
[2025-03-30T06:00:00.611Z] [info]: Cleanup key token: 8 key token cleaned
[2025-03-30T06:00:00.612Z] [info]: Cleanup key token: 0 refresh token used cleaned
[2025-03-30T06:00:00.612Z] [info]: Cleanup product: Cleaned 0 products
[2025-03-30T06:01:00.350Z] [info]: Cleanup key token: 8 key token cleaned
[2025-03-30T06:01:00.351Z] [info]: Cleanup key token: 0 refresh token used cleaned
[2025-03-30T06:01:00.351Z] [info]: Cleanup product: Cleaned 0 products
[2025-03-30T06:02:00.338Z] [info]: Cleanup key token: 8 key token cleaned
[2025-03-30T06:02:00.338Z] [info]: Cleanup key token: 0 refresh token used cleaned
[2025-03-30T06:02:00.340Z] [info]: Cleanup product: Cleaned 0 products
[2025-03-30T06:03:00.320Z] [info]: Cleanup key token: 8 key token cleaned
[2025-03-30T06:03:00.320Z] [info]: Cleanup key token: 0 refresh token used cleaned
[2025-03-30T06:03:00.321Z] [info]: Cleanup product: Cleaned 0 products
[2025-03-30T06:04:00.311Z] [info]: Cleanup key token: 8 key token cleaned
[2025-03-30T06:04:00.311Z] [info]: Cleanup key token: 0 refresh token used cleaned
[2025-03-30T06:04:00.312Z] [info]: Cleanup product: Cleaned 0 products
[2025-03-30T06:06:00.048Z] [info]: Cleanup key token: 8 key token cleaned
[2025-03-30T06:06:00.050Z] [info]: Cleanup key token: 0 refresh token used cleaned
[2025-03-30T06:06:00.055Z] [info]: Cleanup product: Cleaned 0 products
[2025-03-30T06:10:00.172Z] [info]: Cleanup key token: 8 key token cleaned
[2025-03-30T06:10:00.173Z] [info]: Cleanup key token: 0 refresh token used cleaned
[2025-03-30T06:10:00.176Z] [info]: Cleanup product: Cleaned 0 products
[2025-03-30T06:11:00.324Z] [info]: Cleanup key token: 8 key token cleaned
[2025-03-30T06:11:00.325Z] [info]: Cleanup key token: 0 refresh token used cleaned
[2025-03-30T06:11:00.331Z] [info]: Cleanup product: Cleaned 0 products
[2025-03-30T06:12:00.318Z] [info]: Cleanup key token: 8 key token cleaned
[2025-03-30T06:12:00.318Z] [info]: Cleanup key token: 0 refresh token used cleaned
[2025-03-30T06:12:00.322Z] [info]: Cleanup product: Cleaned 0 products
[2025-03-30T06:13:00.332Z] [info]: Cleanup key token: 8 key token cleaned
[2025-03-30T06:13:00.332Z] [info]: Cleanup key token: 0 refresh token used cleaned
[2025-03-30T06:13:00.336Z] [info]: Cleanup product: Cleaned 0 products
[2025-03-30T06:14:00.321Z] [info]: Cleanup key token: 8 key token cleaned
[2025-03-30T06:14:00.321Z] [info]: Cleanup key token: 0 refresh token used cleaned
[2025-03-30T06:14:00.323Z] [info]: Cleanup product: Cleaned 0 products
[2025-03-30T06:15:00.328Z] [info]: Cleanup key token: 8 key token cleaned
[2025-03-30T06:15:00.328Z] [info]: Cleanup key token: 0 refresh token used cleaned
[2025-03-30T06:15:00.329Z] [info]: Cleanup product: Cleaned 0 products
[2025-03-30T06:16:00.332Z] [info]: Cleanup key token: 8 key token cleaned
[2025-03-30T06:16:00.333Z] [info]: Cleanup key token: 0 refresh token used cleaned
[2025-03-30T06:16:00.333Z] [info]: Cleanup product: Cleaned 0 products
[2025-03-30T06:17:00.317Z] [info]: Cleanup key token: 8 key token cleaned
[2025-03-30T06:17:00.317Z] [info]: Cleanup key token: 0 refresh token used cleaned
[2025-03-30T06:17:00.318Z] [info]: Cleanup product: Cleaned 0 products
[2025-03-30T06:18:00.333Z] [info]: Cleanup key token: 8 key token cleaned
[2025-03-30T06:18:00.333Z] [info]: Cleanup key token: 0 refresh token used cleaned
[2025-03-30T06:18:00.335Z] [info]: Cleanup product: Cleaned 0 products
[2025-03-30T06:19:00.314Z] [info]: Cleanup key token: 8 key token cleaned
[2025-03-30T06:19:00.315Z] [info]: Cleanup key token: 0 refresh token used cleaned
[2025-03-30T06:19:00.316Z] [info]: Cleanup product: Cleaned 0 products
[2025-03-30T06:20:00.320Z] [info]: Cleanup key token: 8 key token cleaned
[2025-03-30T06:20:00.320Z] [info]: Cleanup key token: 0 refresh token used cleaned
[2025-03-30T06:20:00.321Z] [info]: Cleanup product: Cleaned 0 products
[2025-03-30T06:21:00.335Z] [info]: Cleanup key token: 8 key token cleaned
[2025-03-30T06:21:00.335Z] [info]: Cleanup key token: 0 refresh token used cleaned
[2025-03-30T06:21:00.336Z] [info]: Cleanup product: Cleaned 0 products
[2025-03-30T06:22:00.327Z] [info]: Cleanup key token: 8 key token cleaned
[2025-03-30T06:22:00.327Z] [info]: Cleanup key token: 0 refresh token used cleaned
[2025-03-30T06:22:00.328Z] [info]: Cleanup product: Cleaned 0 products
[2025-03-30T06:23:00.327Z] [info]: Cleanup key token: 8 key token cleaned
[2025-03-30T06:23:00.327Z] [info]: Cleanup key token: 0 refresh token used cleaned
[2025-03-30T06:23:00.330Z] [info]: Cleanup product: Cleaned 0 products
[2025-03-30T06:24:00.298Z] [info]: Cleanup key token: 8 key token cleaned
[2025-03-30T06:24:00.298Z] [info]: Cleanup key token: 0 refresh token used cleaned
[2025-03-30T06:24:00.302Z] [info]: Cleanup product: Cleaned 0 products
[2025-03-30T06:25:00.320Z] [info]: Cleanup key token: 8 key token cleaned
[2025-03-30T06:25:00.320Z] [info]: Cleanup key token: 0 refresh token used cleaned
[2025-03-30T06:25:00.326Z] [info]: Cleanup product: Cleaned 0 products
[2025-03-30T06:26:00.328Z] [info]: Cleanup key token: 8 key token cleaned
[2025-03-30T06:26:00.328Z] [info]: Cleanup key token: 0 refresh token used cleaned
[2025-03-30T06:26:00.331Z] [info]: Cleanup product: Cleaned 0 products
[2025-03-30T06:27:00.327Z] [info]: Cleanup key token: 8 key token cleaned
[2025-03-30T06:27:00.327Z] [info]: Cleanup key token: 0 refresh token used cleaned
[2025-03-30T06:27:00.329Z] [info]: Cleanup product: Cleaned 0 products
[2025-03-30T06:28:00.328Z] [info]: Cleanup product: Cleaned 0 products
[2025-03-30T06:28:00.332Z] [info]: Cleanup key token: 8 key token cleaned
[2025-03-30T06:28:00.333Z] [info]: Cleanup key token: 0 refresh token used cleaned
[2025-03-30T06:29:00.329Z] [info]: Cleanup key token: 8 key token cleaned
[2025-03-30T06:29:00.329Z] [info]: Cleanup key token: 0 refresh token used cleaned
[2025-03-30T06:29:00.330Z] [info]: Cleanup product: Cleaned 0 products
[2025-03-30T06:30:00.328Z] [info]: Cleanup key token: 8 key token cleaned
[2025-03-30T06:30:00.329Z] [info]: Cleanup key token: 0 refresh token used cleaned
[2025-03-30T06:30:00.330Z] [info]: Cleanup product: Cleaned 0 products
[2025-03-30T06:31:00.323Z] [info]: Cleanup key token: 8 key token cleaned
[2025-03-30T06:31:00.323Z] [info]: Cleanup key token: 0 refresh token used cleaned
[2025-03-30T06:31:00.324Z] [info]: Cleanup product: Cleaned 0 products
[2025-03-30T06:32:00.334Z] [info]: Cleanup key token: 8 key token cleaned
[2025-03-30T06:32:00.334Z] [info]: Cleanup key token: 0 refresh token used cleaned
[2025-03-30T06:32:00.337Z] [info]: Cleanup product: Cleaned 0 products
[2025-03-30T06:33:00.321Z] [info]: Cleanup key token: 8 key token cleaned
[2025-03-30T06:33:00.321Z] [info]: Cleanup key token: 0 refresh token used cleaned
[2025-03-30T06:33:00.324Z] [info]: Cleanup product: Cleaned 0 products
[2025-03-30T06:34:00.642Z] [info]: Cleanup key token: 8 key token cleaned
[2025-03-30T06:34:00.642Z] [info]: Cleanup key token: 0 refresh token used cleaned
[2025-03-30T06:34:00.645Z] [info]: Cleanup product: Cleaned 0 products
[2025-03-30T06:35:00.327Z] [info]: Cleanup key token: 8 key token cleaned
[2025-03-30T06:35:00.327Z] [info]: Cleanup key token: 0 refresh token used cleaned
[2025-03-30T06:35:00.329Z] [info]: Cleanup product: Cleaned 0 products
[2025-03-30T06:36:00.315Z] [info]: Cleanup key token: 8 key token cleaned
[2025-03-30T06:36:00.315Z] [info]: Cleanup key token: 0 refresh token used cleaned
[2025-03-30T06:36:00.318Z] [info]: Cleanup product: Cleaned 0 products
[2025-03-30T06:37:00.205Z] [info]: Cleanup key token: 8 key token cleaned
[2025-03-30T06:37:00.206Z] [info]: Cleanup key token: 0 refresh token used cleaned
[2025-03-30T06:37:00.211Z] [info]: Cleanup product: Cleaned 0 products
[2025-03-30T06:38:00.329Z] [info]: Cleanup key token: 8 key token cleaned
[2025-03-30T06:38:00.330Z] [info]: Cleanup key token: 0 refresh token used cleaned
[2025-03-30T06:38:00.334Z] [info]: Cleanup product: Cleaned 0 products
[2025-03-30T06:39:00.339Z] [info]: Cleanup key token: 8 key token cleaned
[2025-03-30T06:39:00.339Z] [info]: Cleanup key token: 0 refresh token used cleaned
[2025-03-30T06:39:00.344Z] [info]: Cleanup product: Cleaned 0 products
[2025-03-30T06:40:00.326Z] [info]: Cleanup key token: 8 key token cleaned
[2025-03-30T06:40:00.326Z] [info]: Cleanup key token: 0 refresh token used cleaned
[2025-03-30T06:40:00.331Z] [info]: Cleanup product: Cleaned 0 products
[2025-03-30T06:41:00.335Z] [info]: Cleanup key token: 8 key token cleaned
[2025-03-30T06:41:00.335Z] [info]: Cleanup key token: 0 refresh token used cleaned
[2025-03-30T06:41:00.336Z] [info]: Cleanup product: Cleaned 0 products
[2025-03-30T06:42:00.319Z] [info]: Cleanup key token: 8 key token cleaned
[2025-03-30T06:42:00.319Z] [info]: Cleanup key token: 0 refresh token used cleaned
[2025-03-30T06:42:00.320Z] [info]: Cleanup product: Cleaned 0 products
[2025-03-30T06:43:00.331Z] [info]: Cleanup key token: 8 key token cleaned
[2025-03-30T06:43:00.332Z] [info]: Cleanup key token: 0 refresh token used cleaned
[2025-03-30T06:43:00.334Z] [info]: Cleanup product: Cleaned 0 products
[2025-03-30T06:44:00.324Z] [info]: Cleanup key token: 9 key token cleaned
[2025-03-30T06:44:00.325Z] [info]: Cleanup key token: 0 refresh token used cleaned
[2025-03-30T06:44:00.328Z] [info]: Cleanup product: Cleaned 0 products
[2025-03-30T06:45:00.312Z] [info]: Cleanup key token: 9 key token cleaned
[2025-03-30T06:45:00.313Z] [info]: Cleanup key token: 0 refresh token used cleaned
[2025-03-30T06:45:00.316Z] [info]: Cleanup product: Cleaned 0 products
[2025-03-30T06:48:00.261Z] [info]: Cleanup key token: 9 key token cleaned
[2025-03-30T06:48:00.262Z] [info]: Cleanup key token: 0 refresh token used cleaned
[2025-03-30T06:48:00.266Z] [info]: Cleanup product: Cleaned 0 products
[2025-03-30T06:49:00.668Z] [info]: Cleanup key token: 9 key token cleaned
[2025-03-30T06:49:00.669Z] [info]: Cleanup key token: 0 refresh token used cleaned
[2025-03-30T06:49:00.676Z] [info]: Cleanup product: Cleaned 0 products
[2025-03-30T06:50:00.323Z] [info]: Cleanup key token: 9 key token cleaned
[2025-03-30T06:50:00.323Z] [info]: Cleanup key token: 0 refresh token used cleaned
[2025-03-30T06:50:00.330Z] [info]: Cleanup product: Cleaned 0 products
[2025-03-30T06:51:00.344Z] [info]: Cleanup key token: 9 key token cleaned
[2025-03-30T06:51:00.345Z] [info]: Cleanup key token: 0 refresh token used cleaned
[2025-03-30T06:51:00.349Z] [info]: Cleanup product: Cleaned 0 products
[2025-03-30T06:52:00.336Z] [info]: Cleanup key token: 9 key token cleaned
[2025-03-30T06:52:00.336Z] [info]: Cleanup key token: 0 refresh token used cleaned
[2025-03-30T06:52:00.337Z] [info]: Cleanup product: Cleaned 0 products
[2025-03-30T06:53:00.339Z] [info]: Cleanup key token: 9 key token cleaned
[2025-03-30T06:53:00.340Z] [info]: Cleanup key token: 0 refresh token used cleaned
[2025-03-30T06:53:00.341Z] [info]: Cleanup product: Cleaned 0 products
[2025-03-30T06:54:00.330Z] [info]: Cleanup key token: 9 key token cleaned
[2025-03-30T06:54:00.331Z] [info]: Cleanup key token: 0 refresh token used cleaned
[2025-03-30T06:54:00.336Z] [info]: Cleanup product: Cleaned 0 products
[2025-03-30T06:55:00.597Z] [info]: Cleanup key token: 9 key token cleaned
[2025-03-30T06:55:00.598Z] [info]: Cleanup key token: 0 refresh token used cleaned
[2025-03-30T06:55:00.602Z] [info]: Cleanup product: Cleaned 0 products
[2025-03-30T06:56:00.344Z] [info]: Cleanup key token: 9 key token cleaned
[2025-03-30T06:56:00.344Z] [info]: Cleanup key token: 0 refresh token used cleaned
[2025-03-30T06:56:00.346Z] [info]: Cleanup product: Cleaned 0 products
[2025-03-30T06:57:00.991Z] [info]: Cleanup key token: 9 key token cleaned
[2025-03-30T06:57:00.992Z] [info]: Cleanup key token: 0 refresh token used cleaned
[2025-03-30T06:57:01.003Z] [info]: Cleanup product: Cleaned 0 products
[2025-03-30T06:58:00.299Z] [info]: Cleanup key token: 9 key token cleaned
[2025-03-30T06:58:00.300Z] [info]: Cleanup key token: 0 refresh token used cleaned
[2025-03-30T06:58:00.303Z] [info]: Cleanup product: Cleaned 0 products
[2025-03-30T06:59:00.351Z] [info]: Cleanup key token: 9 key token cleaned
[2025-03-30T06:59:00.351Z] [info]: Cleanup key token: 0 refresh token used cleaned
[2025-03-30T06:59:00.354Z] [info]: Cleanup product: Cleaned 0 products
[2025-03-30T07:00:00.342Z] [info]: Cleanup key token: 9 key token cleaned
[2025-03-30T07:00:00.342Z] [info]: Cleanup key token: 0 refresh token used cleaned
[2025-03-30T07:00:00.343Z] [info]: Cleanup product: Cleaned 0 products
[2025-03-30T07:01:00.598Z] [info]: Cleanup key token: 9 key token cleaned
[2025-03-30T07:01:00.599Z] [info]: Cleanup key token: 0 refresh token used cleaned
[2025-03-30T07:01:00.599Z] [info]: Cleanup product: Cleaned 0 products
[2025-03-30T07:02:00.323Z] [info]: Cleanup product: Cleaned 0 products
[2025-03-30T07:02:00.328Z] [info]: Cleanup key token: 9 key token cleaned
[2025-03-30T07:02:00.328Z] [info]: Cleanup key token: 0 refresh token used cleaned
[2025-03-30T07:03:00.325Z] [info]: Cleanup key token: 9 key token cleaned
[2025-03-30T07:03:00.326Z] [info]: Cleanup key token: 0 refresh token used cleaned
[2025-03-30T07:03:00.326Z] [info]: Cleanup product: Cleaned 0 products
[2025-03-30T07:04:00.330Z] [info]: Cleanup key token: 9 key token cleaned
[2025-03-30T07:04:00.330Z] [info]: Cleanup key token: 0 refresh token used cleaned
[2025-03-30T07:04:00.331Z] [info]: Cleanup product: Cleaned 0 products
[2025-03-30T07:05:00.177Z] [info]: Cleanup key token: 9 key token cleaned
[2025-03-30T07:05:00.177Z] [info]: Cleanup key token: 0 refresh token used cleaned
[2025-03-30T07:05:00.181Z] [info]: Cleanup product: Cleaned 0 products
[2025-03-30T07:06:36.643Z] [info]: Cleanup key token: 9 key token cleaned
[2025-03-30T07:06:36.644Z] [info]: Cleanup key token: 0 refresh token used cleaned
[2025-03-30T07:06:36.648Z] [info]: Cleanup product: Cleaned 0 products
[2025-03-30T07:07:00.168Z] [info]: Cleanup key token: 9 key token cleaned
[2025-03-30T07:07:00.168Z] [info]: Cleanup key token: 0 refresh token used cleaned
[2025-03-30T07:07:00.174Z] [info]: Cleanup product: Cleaned 0 products
[2025-03-30T07:08:00.330Z] [info]: Cleanup key token: 9 key token cleaned
[2025-03-30T07:08:00.330Z] [info]: Cleanup key token: 0 refresh token used cleaned
[2025-03-30T07:08:00.334Z] [info]: Cleanup product: Cleaned 0 products
[2025-03-30T07:09:00.323Z] [info]: Cleanup key token: 9 key token cleaned
[2025-03-30T07:09:00.323Z] [info]: Cleanup key token: 0 refresh token used cleaned
[2025-03-30T07:09:00.326Z] [info]: Cleanup product: Cleaned 0 products
[2025-03-30T07:10:00.630Z] [info]: Cleanup product: Cleaned 0 products
[2025-03-30T07:10:00.633Z] [info]: Cleanup key token: 9 key token cleaned
[2025-03-30T07:10:00.635Z] [info]: Cleanup key token: 0 refresh token used cleaned
[2025-03-30T07:11:00.327Z] [info]: Cleanup key token: 9 key token cleaned
[2025-03-30T07:11:00.328Z] [info]: Cleanup key token: 0 refresh token used cleaned
[2025-03-30T07:11:00.330Z] [info]: Cleanup product: Cleaned 0 products
[2025-03-30T07:12:00.326Z] [info]: Cleanup key token: 9 key token cleaned
[2025-03-30T07:12:00.326Z] [info]: Cleanup key token: 0 refresh token used cleaned
[2025-03-30T07:12:00.327Z] [info]: Cleanup product: Cleaned 0 products
[2025-03-30T07:13:00.334Z] [info]: Cleanup key token: 9 key token cleaned
[2025-03-30T07:13:00.334Z] [info]: Cleanup key token: 0 refresh token used cleaned
[2025-03-30T07:13:00.335Z] [info]: Cleanup product: Cleaned 0 products
[2025-03-30T07:14:00.360Z] [info]: Cleanup key token: 9 key token cleaned
[2025-03-30T07:14:00.360Z] [info]: Cleanup key token: 0 refresh token used cleaned
[2025-03-30T07:14:00.361Z] [info]: Cleanup product: Cleaned 0 products
[2025-03-30T07:15:00.320Z] [info]: Cleanup key token: 9 key token cleaned
[2025-03-30T07:15:00.321Z] [info]: Cleanup key token: 0 refresh token used cleaned
[2025-03-30T07:15:00.323Z] [info]: Cleanup product: Cleaned 0 products
[2025-03-30T07:16:00.330Z] [info]: Cleanup key token: 9 key token cleaned
[2025-03-30T07:16:00.331Z] [info]: Cleanup key token: 0 refresh token used cleaned
[2025-03-30T07:16:00.331Z] [info]: Cleanup product: Cleaned 0 products
[2025-03-30T07:17:00.316Z] [info]: Cleanup key token: 9 key token cleaned
[2025-03-30T07:17:00.317Z] [info]: Cleanup key token: 0 refresh token used cleaned
[2025-03-30T07:17:00.318Z] [info]: Cleanup product: Cleaned 0 products
[2025-03-30T07:18:00.328Z] [info]: Cleanup product: Cleaned 0 products
[2025-03-30T07:18:00.331Z] [info]: Cleanup key token: 9 key token cleaned
[2025-03-30T07:18:00.331Z] [info]: Cleanup key token: 0 refresh token used cleaned
[2025-03-30T07:19:00.309Z] [info]: Cleanup key token: 9 key token cleaned
[2025-03-30T07:19:00.310Z] [info]: Cleanup key token: 0 refresh token used cleaned
[2025-03-30T07:19:00.311Z] [info]: Cleanup product: Cleaned 0 products
[2025-03-30T07:20:00.327Z] [info]: Cleanup key token: 9 key token cleaned
[2025-03-30T07:20:00.327Z] [info]: Cleanup key token: 0 refresh token used cleaned
[2025-03-30T07:20:00.330Z] [info]: Cleanup product: Cleaned 0 products
[2025-03-30T07:21:00.329Z] [info]: Cleanup key token: 9 key token cleaned
[2025-03-30T07:21:00.330Z] [info]: Cleanup key token: 0 refresh token used cleaned
[2025-03-30T07:21:00.335Z] [info]: Cleanup product: Cleaned 0 products
[2025-03-30T07:22:00.324Z] [info]: Cleanup key token: 9 key token cleaned
[2025-03-30T07:22:00.324Z] [info]: Cleanup key token: 0 refresh token used cleaned
[2025-03-30T07:22:00.327Z] [info]: Cleanup product: Cleaned 0 products
[2025-03-30T07:23:00.331Z] [info]: Cleanup key token: 9 key token cleaned
[2025-03-30T07:23:00.331Z] [info]: Cleanup key token: 0 refresh token used cleaned
[2025-03-30T07:23:00.334Z] [info]: Cleanup product: Cleaned 0 products
[2025-03-30T07:24:00.318Z] [info]: Cleanup key token: 9 key token cleaned
[2025-03-30T07:24:00.318Z] [info]: Cleanup key token: 0 refresh token used cleaned
[2025-03-30T07:24:00.320Z] [info]: Cleanup product: Cleaned 0 products
[2025-03-30T07:38:59.336Z] [info]: Cleanup key token: 9 key token cleaned
[2025-03-30T07:38:59.336Z] [info]: Cleanup key token: 0 refresh token used cleaned
[2025-03-30T07:38:59.337Z] [info]: Cleanup product: Cleaned 0 products
[2025-03-30T07:39:00.015Z] [info]: Cleanup key token: 9 key token cleaned
[2025-03-30T07:39:00.015Z] [info]: Cleanup key token: 0 refresh token used cleaned
[2025-03-30T07:39:00.016Z] [info]: Cleanup product: Cleaned 0 products
[2025-03-30T07:40:00.223Z] [info]: Cleanup key token: 9 key token cleaned
[2025-03-30T07:40:00.223Z] [info]: Cleanup key token: 0 refresh token used cleaned
[2025-03-30T07:40:00.225Z] [info]: Cleanup product: Cleaned 0 products
[2025-03-30T07:41:00.350Z] [info]: Cleanup key token: 9 key token cleaned
[2025-03-30T07:41:00.350Z] [info]: Cleanup key token: 0 refresh token used cleaned
[2025-03-30T07:41:00.355Z] [info]: Cleanup product: Cleaned 0 products
[2025-03-30T07:42:00.337Z] [info]: Cleanup key token: 9 key token cleaned
[2025-03-30T07:42:00.338Z] [info]: Cleanup key token: 0 refresh token used cleaned
[2025-03-30T07:42:00.343Z] [info]: Cleanup product: Cleaned 0 products
[2025-03-30T07:43:00.333Z] [info]: Cleanup key token: 9 key token cleaned
[2025-03-30T07:43:00.334Z] [info]: Cleanup key token: 0 refresh token used cleaned
[2025-03-30T07:43:00.337Z] [info]: Cleanup product: Cleaned 0 products
[2025-03-30T07:44:00.327Z] [info]: Cleanup key token: 9 key token cleaned
[2025-03-30T07:44:00.327Z] [info]: Cleanup key token: 0 refresh token used cleaned
[2025-03-30T07:44:00.330Z] [info]: Cleanup product: Cleaned 0 products
[2025-03-30T07:45:00.336Z] [info]: Cleanup key token: 9 key token cleaned
[2025-03-30T07:45:00.336Z] [info]: Cleanup key token: 0 refresh token used cleaned
[2025-03-30T07:45:00.340Z] [info]: Cleanup product: Cleaned 0 products
[2025-03-30T07:46:00.334Z] [info]: Cleanup key token: 9 key token cleaned
[2025-03-30T07:46:00.334Z] [info]: Cleanup key token: 0 refresh token used cleaned
[2025-03-30T07:46:00.337Z] [info]: Cleanup product: Cleaned 0 products
[2025-03-30T07:47:00.340Z] [info]: Cleanup key token: 9 key token cleaned
[2025-03-30T07:47:00.340Z] [info]: Cleanup key token: 0 refresh token used cleaned
[2025-03-30T07:47:00.343Z] [info]: Cleanup product: Cleaned 0 products
[2025-03-30T07:48:00.341Z] [info]: Cleanup key token: 9 key token cleaned
[2025-03-30T07:48:00.341Z] [info]: Cleanup key token: 0 refresh token used cleaned
[2025-03-30T07:48:00.343Z] [info]: Cleanup product: Cleaned 0 products
[2025-03-30T07:49:00.333Z] [info]: Cleanup key token: 9 key token cleaned
[2025-03-30T07:49:00.333Z] [info]: Cleanup key token: 0 refresh token used cleaned
[2025-03-30T07:49:00.337Z] [info]: Cleanup product: Cleaned 0 products
[2025-03-30T07:50:00.328Z] [info]: Cleanup key token: 9 key token cleaned
[2025-03-30T07:50:00.329Z] [info]: Cleanup key token: 0 refresh token used cleaned
[2025-03-30T07:50:00.330Z] [info]: Cleanup product: Cleaned 0 products
[2025-03-30T11:23:52.473Z] [info]: Server closed
[2025-03-30T11:23:52.535Z] [info]: Server closed
[2025-03-30T11:23:52.536Z] [info]: Server closed
[2025-03-30T11:24:04.056Z] [info]: Cleanup key token: 9 key token cleaned
[2025-03-30T11:24:04.057Z] [info]: Cleanup key token: 0 refresh token used cleaned
[2025-03-30T11:24:04.060Z] [info]: Cleanup product: Cleaned 0 products
[2025-03-30T11:26:00.243Z] [info]: Cleanup product: Cleaned 0 products
[2025-03-30T11:26:00.262Z] [info]: Cleanup key token: 9 key token cleaned
[2025-03-30T11:26:00.263Z] [info]: Cleanup key token: 0 refresh token used cleaned
[2025-03-30T11:32:00.130Z] [info]: Cleanup key token: 9 key token cleaned
[2025-03-30T11:32:00.131Z] [info]: Cleanup key token: 0 refresh token used cleaned
[2025-03-30T11:33:00.195Z] [info]: Cleanup key token: 9 key token cleaned
[2025-03-30T11:33:00.196Z] [info]: Cleanup key token: 0 refresh token used cleaned
[2025-03-30T11:33:00.197Z] [info]: Cleanup product: Cleaned 0 products
[2025-03-30T11:36:00.042Z] [info]: Cleanup key token: 9 key token cleaned
[2025-03-30T11:36:00.043Z] [info]: Cleanup key token: 0 refresh token used cleaned
[2025-03-30T11:36:00.044Z] [info]: Cleanup product: Cleaned 0 products
[2025-03-30T11:37:00.320Z] [info]: Cleanup key token: 9 key token cleaned
[2025-03-30T11:37:00.326Z] [info]: Cleanup key token: 0 refresh token used cleaned
[2025-03-30T11:37:00.328Z] [info]: Cleanup product: Cleaned 0 products
[2025-03-30T11:39:00.356Z] [info]: Cleanup key token: 9 key token cleaned
[2025-03-30T11:39:00.357Z] [info]: Cleanup key token: 0 refresh token used cleaned
[2025-03-30T11:39:00.358Z] [info]: Cleanup product: Cleaned 0 products
[2025-03-30T11:40:00.309Z] [info]: Cleanup product: Cleaned 0 products
[2025-03-30T11:40:00.311Z] [info]: Cleanup key token: 9 key token cleaned
[2025-03-30T11:40:00.312Z] [info]: Cleanup key token: 0 refresh token used cleaned
[2025-03-30T11:41:00.324Z] [info]: Cleanup key token: 9 key token cleaned
[2025-03-30T11:41:00.325Z] [info]: Cleanup key token: 0 refresh token used cleaned
[2025-03-30T11:41:00.327Z] [info]: Cleanup product: Cleaned 0 products
[2025-03-30T11:42:00.291Z] [info]: Cleanup key token: 9 key token cleaned
[2025-03-30T11:42:00.292Z] [info]: Cleanup key token: 0 refresh token used cleaned
[2025-03-30T11:42:00.292Z] [info]: Cleanup product: Cleaned 0 products
