[2025-03-27T17:55:00.015Z] [error]: Client must be connected before running operations
[2025-03-27T17:55:00.031Z] [error]: Client must be connected before running operations
[2025-03-27T17:56:00.057Z] [error]: Client must be connected before running operations
[2025-03-27T17:56:00.061Z] [error]: Client must be connected before running operations
[2025-03-27T17:57:00.043Z] [error]: Client must be connected before running operations
[2025-03-27T17:57:00.044Z] [error]: Client must be connected before running operations
[2025-03-27T17:58:00.045Z] [error]: Client must be connected before running operations
[2025-03-27T17:58:00.047Z] [error]: Client must be connected before running operations
[2025-03-27T17:59:00.005Z] [error]: Client must be connected before running operations
[2025-03-27T17:59:00.007Z] [error]: Client must be connected before running operations
[2025-03-27T18:00:00.062Z] [error]: Client must be connected before running operations
[2025-03-27T18:00:00.063Z] [error]: Client must be connected before running operations
[2025-03-27T18:01:00.914Z] [error]: Client must be connected before running operations
[2025-03-27T18:01:00.916Z] [error]: Client must be connected before running operations
[2025-03-27T18:02:00.061Z] [error]: Client must be connected before running operations
[2025-03-27T18:02:00.063Z] [error]: Client must be connected before running operations
[2025-03-27T18:03:00.060Z] [error]: Client must be connected before running operations
[2025-03-27T18:03:00.062Z] [error]: Client must be connected before running operations
[2025-03-27T18:04:00.060Z] [error]: Client must be connected before running operations
[2025-03-27T18:04:00.062Z] [error]: Client must be connected before running operations
[2025-03-27T18:05:00.062Z] [error]: Client must be connected before running operations
[2025-03-27T18:05:00.064Z] [error]: Client must be connected before running operations
[2025-03-27T18:06:00.061Z] [error]: Client must be connected before running operations
[2025-03-27T18:06:00.063Z] [error]: Client must be connected before running operations
[2025-03-27T18:07:00.061Z] [error]: Client must be connected before running operations
[2025-03-27T18:07:00.063Z] [error]: Client must be connected before running operations
[2025-03-27T18:08:00.044Z] [error]: Client must be connected before running operations
[2025-03-27T18:08:00.046Z] [error]: Client must be connected before running operations
[2025-03-27T18:09:00.060Z] [error]: Client must be connected before running operations
[2025-03-27T18:09:00.061Z] [error]: Client must be connected before running operations
[2025-03-27T18:10:00.060Z] [error]: Client must be connected before running operations
[2025-03-27T18:10:00.063Z] [error]: Client must be connected before running operations
[2025-03-27T18:11:00.061Z] [error]: Client must be connected before running operations
[2025-03-27T18:11:00.063Z] [error]: Client must be connected before running operations
[2025-03-27T18:12:00.060Z] [error]: Client must be connected before running operations
[2025-03-27T18:12:00.062Z] [error]: Client must be connected before running operations
[2025-03-27T18:13:00.060Z] [error]: Client must be connected before running operations
[2025-03-27T18:13:00.062Z] [error]: Client must be connected before running operations
[2025-03-27T18:14:00.003Z] [error]: Client must be connected before running operations
[2025-03-27T18:14:00.004Z] [error]: Client must be connected before running operations
[2025-03-27T18:15:00.003Z] [error]: Client must be connected before running operations
[2025-03-27T18:15:00.004Z] [error]: Client must be connected before running operations
[2025-03-27T18:16:00.003Z] [error]: Client must be connected before running operations
[2025-03-27T18:16:00.004Z] [error]: Client must be connected before running operations
[2025-03-27T18:17:00.061Z] [error]: Client must be connected before running operations
[2025-03-27T18:17:00.063Z] [error]: Client must be connected before running operations
[2025-03-27T18:18:00.060Z] [error]: Client must be connected before running operations
[2025-03-27T18:18:00.061Z] [error]: Client must be connected before running operations
[2025-03-27T18:19:00.035Z] [error]: Client must be connected before running operations
[2025-03-27T18:19:00.036Z] [error]: Client must be connected before running operations
[2025-03-27T18:20:00.061Z] [error]: Client must be connected before running operations
[2025-03-27T18:20:00.062Z] [error]: Client must be connected before running operations
[2025-03-27T18:21:00.060Z] [error]: Client must be connected before running operations
[2025-03-27T18:21:00.061Z] [error]: Client must be connected before running operations
[2025-03-27T18:22:00.060Z] [error]: Client must be connected before running operations
[2025-03-27T18:22:00.062Z] [error]: Client must be connected before running operations
[2025-03-27T18:23:00.061Z] [error]: Client must be connected before running operations
[2025-03-27T18:23:00.067Z] [error]: Client must be connected before running operations
[2025-03-27T18:24:00.063Z] [error]: Client must be connected before running operations
[2025-03-27T18:24:00.069Z] [error]: Client must be connected before running operations
[2025-03-27T18:25:00.064Z] [error]: Client must be connected before running operations
[2025-03-27T18:25:00.069Z] [error]: Client must be connected before running operations
[2025-03-27T18:26:00.062Z] [error]: Client must be connected before running operations
[2025-03-27T18:53:11.346Z] [error]: HIDE::404::NotFound::User is exists!::
[2025-03-27T18:53:24.440Z] [error]: HIDE::400::ValidationError::"password" with value "Anhnam9ce" fails to match the required pattern: /^(?=.*[a-z])(?=.*[A-Z])(?=.*\d)(?=.*[@$!%*?&])[A-Za-z\d@$!%*?&]{8,}$/::
[2025-03-28T04:55:22.528Z] [error]: HIDE::400::TypeError::model.findById is not a function::
[2025-03-28T04:55:22.533Z] [error]: HIDE::400::TypeError::model.findById is not a function::
[2025-03-28T04:58:37.121Z] [error]: HIDE::400::TypeError::model.findById is not a function::
[2025-03-28T04:58:37.125Z] [error]: HIDE::400::TypeError::model.findById is not a function::
[2025-03-28T04:59:40.371Z] [error]: HIDE::400::TypeError::model.findById is not a function::
[2025-03-28T04:59:40.378Z] [error]: HIDE::400::TypeError::model.findById is not a function::
[2025-03-28T05:00:55.310Z] [error]: HIDE::404::NotFound::User is exists!::
[2025-03-28T05:02:17.579Z] [error]: HIDE::409::Conflict::User is exists!::
[2025-03-28T05:02:25.388Z] [error]: HIDE::409::Conflict::User is exists!::
[2025-03-28T05:02:26.387Z] [error]: HIDE::409::Conflict::User is exists!::
[2025-03-28T05:02:27.358Z] [error]: HIDE::409::Conflict::User is exists!::
[2025-03-28T05:02:33.955Z] [error]: HIDE::404::NotFound::User is exists!::
[2025-03-28T05:02:34.668Z] [error]: HIDE::404::NotFound::User is exists!::
[2025-03-28T05:02:38.973Z] [error]: HIDE::409::Conflict::User is exists!::
[2025-03-28T05:02:52.867Z] [error]: HIDE::409::Conflict::User is exists!::
[2025-03-28T05:02:56.692Z] [error]: HIDE::409::Conflict::User is exists!::
[2025-03-28T05:11:19.958Z] [error]: HIDE::400::TypeError::model.findById is not a function::
[2025-03-28T05:11:19.970Z] [error]: HIDE::400::TypeError::model.findById is not a function::
[2025-03-28T05:11:23.678Z] [error]: HIDE::400::TypeError::model.findById is not a function::
[2025-03-28T05:11:23.686Z] [error]: HIDE::400::TypeError::model.findById is not a function::
[2025-03-28T05:11:28.937Z] [error]: HIDE::400::TypeError::model.findById is not a function::
[2025-03-28T05:11:28.943Z] [error]: HIDE::400::TypeError::model.findById is not a function::
[2025-03-28T05:11:34.825Z] [error]: HIDE::400::TypeError::model.findById is not a function::
[2025-03-28T05:11:34.831Z] [error]: HIDE::400::TypeError::model.findById is not a function::
[2025-03-28T05:11:36.083Z] [error]: HIDE::400::TypeError::model.findById is not a function::
[2025-03-28T05:11:36.087Z] [error]: HIDE::400::TypeError::model.findById is not a function::
[2025-03-28T05:12:55.972Z] [error]: HIDE::400::TypeError::model.findById is not a function::
[2025-03-28T05:12:55.977Z] [error]: HIDE::400::TypeError::model.findById is not a function::
[2025-03-28T05:13:01.233Z] [error]: HIDE::400::TypeError::model.findById is not a function::
[2025-03-28T05:13:01.238Z] [error]: HIDE::400::TypeError::model.findById is not a function::
[2025-03-28T05:13:04.770Z] [error]: HIDE::400::TypeError::model.findById is not a function::
[2025-03-28T05:13:04.775Z] [error]: HIDE::400::TypeError::model.findById is not a function::
[2025-03-28T05:13:04.779Z] [error]: HIDE::400::TypeError::model.findById is not a function::
[2025-03-28T05:13:04.782Z] [error]: HIDE::400::TypeError::model.findById is not a function::
[2025-03-28T05:14:14.828Z] [error]: HIDE::400::TypeError::model.findById is not a function::
[2025-03-28T05:14:14.838Z] [error]: HIDE::400::TypeError::model.findById is not a function::
[2025-03-28T05:15:39.804Z] [error]: HIDE::400::TypeError::model.findById is not a function::
[2025-03-28T05:15:39.812Z] [error]: HIDE::400::TypeError::model.findById is not a function::
[2025-03-28T05:16:02.174Z] [error]: HIDE::400::TypeError::model.findById is not a function::
[2025-03-28T05:16:02.184Z] [error]: HIDE::400::TypeError::model.findById is not a function::
[2025-03-28T05:17:04.500Z] [error]: HIDE::400::TypeError::model.findById is not a function::
[2025-03-28T05:17:04.511Z] [error]: HIDE::400::TypeError::model.findById is not a function::
[2025-03-28T05:18:12.552Z] [error]: HIDE::400::TypeError::Invalid argument type::
[2025-03-28T05:18:12.563Z] [error]: HIDE::400::TypeError::Invalid argument type::
[2025-03-28T05:19:28.462Z] [error]: HIDE::400::TypeError::Invalid argument type::
[2025-03-28T05:19:28.485Z] [error]: HIDE::400::TypeError::Invalid argument type::
[2025-03-28T05:19:52.158Z] [error]: HIDE::400::TypeError::Invalid argument type::
[2025-03-28T05:19:52.170Z] [error]: HIDE::400::TypeError::Invalid argument type::
[2025-03-28T05:20:02.872Z] [error]: HIDE::400::TypeError::Invalid argument type::
[2025-03-28T05:20:02.883Z] [error]: HIDE::400::TypeError::Invalid argument type::
[2025-03-28T05:20:06.463Z] [error]: HIDE::400::TypeError::Invalid argument type::
[2025-03-28T05:20:06.472Z] [error]: HIDE::400::TypeError::Invalid argument type::
[2025-03-28T05:20:16.020Z] [error]: HIDE::400::TypeError::Invalid argument type::
[2025-03-28T05:20:16.033Z] [error]: HIDE::400::TypeError::Invalid argument type::
[2025-03-28T06:14:46.863Z] [error]: HIDE::400::TypeError::Cannot destructure property 'user' of 'object null' as it is null.::
[2025-03-28T06:14:46.881Z] [error]: HIDE::400::TypeError::Cannot destructure property 'user' of 'object null' as it is null.::
[2025-03-28T06:14:46.891Z] [error]: HIDE::400::TypeError::Cannot destructure property 'user' of 'object null' as it is null.::
[2025-03-28T06:14:46.903Z] [error]: HIDE::400::TypeError::Cannot destructure property 'user' of 'object null' as it is null.::
[2025-03-28T06:14:57.262Z] [error]: HIDE::400::TypeError::Invalid argument type::
[2025-03-28T06:17:10.650Z] [error]: HIDE::400::TypeError::Invalid argument type::
[2025-03-28T06:18:54.154Z] [error]: HIDE::400::TypeError::Invalid argument type::
[2025-03-28T06:19:52.159Z] [error]: HIDE::400::TypeError::Invalid argument type::
[2025-03-28T06:20:51.153Z] [error]: HIDE::400::TypeError::Invalid argument type::
[2025-03-28T06:20:55.638Z] [error]: HIDE::400::TypeError::Invalid argument type::
[2025-03-28T06:22:00.323Z] [error]: HIDE::400::TypeError::Invalid argument type::
[2025-03-28T06:22:54.345Z] [error]: HIDE::400::Error::ERR wrong number of arguments for 'rpush' command::
[2025-03-28T06:23:13.890Z] [error]: HIDE::400::Error::ERR wrong number of arguments for 'rpush' command::
[2025-03-28T06:27:55.834Z] [error]: HIDE::400::Error::EXECABORT Transaction discarded because of previous errors.::
[2025-03-28T06:29:42.603Z] [error]: HIDE::400::Error::EXECABORT Transaction discarded because of previous errors.::
[2025-03-28T06:29:44.026Z] [error]: HIDE::400::Error::EXECABORT Transaction discarded because of previous errors.::
[2025-03-28T06:31:13.614Z] [error]: HIDE::400::Error::EXECABORT Transaction discarded because of previous errors.::
[2025-03-28T06:35:40.339Z] [error]: HIDE::400::Error::EXECABORT Transaction discarded because of previous errors.::
[2025-03-28T06:35:42.466Z] [error]: HIDE::400::Error::EXECABORT Transaction discarded because of previous errors.::
[2025-03-28T06:35:46.794Z] [error]: HIDE::400::Error::EXECABORT Transaction discarded because of previous errors.::
[2025-03-28T06:35:59.430Z] [error]: HIDE::400::Error::EXECABORT Transaction discarded because of previous errors.::
[2025-03-28T06:36:11.453Z] [error]: HIDE::400::Error::EXECABORT Transaction discarded because of previous errors.::
[2025-03-28T06:47:19.193Z] [error]: HIDE::400::TypeError::Cannot read properties of undefined (reading 'includes')::
[2025-03-28T06:48:15.289Z] [error]: HIDE::403::Forbidden::Token is invalid!::
[2025-03-28T06:48:17.505Z] [error]: HIDE::403::Forbidden::Token is invalid!::
[2025-03-28T06:48:29.608Z] [error]: HIDE::403::Forbidden::Token is invalid!::
[2025-03-28T06:50:02.197Z] [error]: HIDE::403::Forbidden::Token is invalid!::
[2025-03-28T06:50:03.697Z] [error]: HIDE::403::Forbidden::Token is invalid!::
[2025-03-28T06:51:27.019Z] [error]: HIDE::403::Forbidden::Token is invalid!::
[2025-03-28T06:51:52.172Z] [error]: HIDE::403::Forbidden::Token is invalid!::
[2025-03-28T06:52:21.887Z] [error]: HIDE::403::Forbidden::Token is invalid!::
[2025-03-28T06:54:29.025Z] [error]: HIDE::403::Forbidden::Token is invalid!::
[2025-03-28T07:08:36.399Z] [error]: HIDE::403::Forbidden::Token is invalid!::
[2025-03-28T07:10:49.369Z] [error]: HIDE::403::Forbidden::Token is invalid!::
[2025-03-28T07:12:40.448Z] [error]: HIDE::403::Forbidden::Token is invalid!::
[2025-03-28T07:13:21.252Z] [error]: HIDE::403::Forbidden::Token is invalid!::
[2025-03-28T07:15:05.650Z] [error]: HIDE::403::Forbidden::Token is invalid!::
[2025-03-28T07:15:43.886Z] [error]: HIDE::403::Forbidden::Token is invalid!::
[2025-03-28T07:15:55.372Z] [error]: HIDE::403::Forbidden::Token is invalid!::
[2025-03-28T07:16:00.004Z] [error]: Client must be connected before running operations
[2025-03-28T07:16:00.008Z] [error]: Client must be connected before running operations
[2025-03-28T07:17:00.038Z] [error]: Client must be connected before running operations
[2025-03-28T07:17:00.040Z] [error]: Client must be connected before running operations
[2025-03-28T07:17:07.935Z] [error]: HIDE::403::Forbidden::Token is invalid!::
[2025-03-28T07:18:00.060Z] [error]: Client must be connected before running operations
[2025-03-28T07:18:00.062Z] [error]: Client must be connected before running operations
[2025-03-28T07:19:00.060Z] [error]: Client must be connected before running operations
[2025-03-28T07:19:00.061Z] [error]: Client must be connected before running operations
[2025-03-28T07:20:00.060Z] [error]: Client must be connected before running operations
[2025-03-28T07:20:00.061Z] [error]: Client must be connected before running operations
[2025-03-28T07:21:00.061Z] [error]: Client must be connected before running operations
[2025-03-28T07:21:00.063Z] [error]: Client must be connected before running operations
[2025-03-28T07:21:00.913Z] [error]: HIDE::400::TypeError::Invalid argument type::
[2025-03-28T07:22:00.004Z] [error]: Client must be connected before running operations
[2025-03-28T07:22:00.007Z] [error]: Client must be connected before running operations
[2025-03-28T07:23:00.061Z] [error]: Client must be connected before running operations
[2025-03-28T07:23:00.063Z] [error]: Client must be connected before running operations
[2025-03-28T07:24:00.062Z] [error]: Client must be connected before running operations
[2025-03-28T07:24:00.064Z] [error]: Client must be connected before running operations
[2025-03-28T07:25:00.060Z] [error]: Client must be connected before running operations
[2025-03-28T07:25:00.061Z] [error]: Client must be connected before running operations
[2025-03-28T07:26:00.061Z] [error]: Client must be connected before running operations
[2025-03-28T07:26:00.064Z] [error]: Client must be connected before running operations
[2025-03-28T07:26:20.938Z] [error]: HIDE::400::TypeError::Invalid argument type::
[2025-03-28T07:27:00.066Z] [error]: Client must be connected before running operations
[2025-03-28T07:27:00.072Z] [error]: Client must be connected before running operations
[2025-03-28T07:27:01.050Z] [error]: HIDE::400::TypeError::Invalid argument type::
[2025-03-28T07:28:00.062Z] [error]: Client must be connected before running operations
[2025-03-28T07:28:00.066Z] [error]: Client must be connected before running operations
[2025-03-28T07:29:00.063Z] [error]: Client must be connected before running operations
[2025-03-28T07:29:00.068Z] [error]: Client must be connected before running operations
[2025-03-28T07:30:00.062Z] [error]: Client must be connected before running operations
[2025-03-28T07:30:00.064Z] [error]: Client must be connected before running operations
[2025-03-28T07:31:00.062Z] [error]: Client must be connected before running operations
[2025-03-28T07:31:00.065Z] [error]: Client must be connected before running operations
[2025-03-28T07:32:00.060Z] [error]: Client must be connected before running operations
[2025-03-28T07:32:00.062Z] [error]: Client must be connected before running operations
[2025-03-28T07:33:00.064Z] [error]: Client must be connected before running operations
[2025-03-28T07:33:00.071Z] [error]: Client must be connected before running operations
[2025-03-28T07:34:00.061Z] [error]: Client must be connected before running operations
[2025-03-28T07:34:00.065Z] [error]: Client must be connected before running operations
[2025-03-28T07:35:00.060Z] [error]: Client must be connected before running operations
[2025-03-28T07:35:00.062Z] [error]: Client must be connected before running operations
[2025-03-28T07:36:00.060Z] [error]: Client must be connected before running operations
[2025-03-28T07:36:00.062Z] [error]: Client must be connected before running operations
[2025-03-28T07:37:00.061Z] [error]: Client must be connected before running operations
[2025-03-28T07:37:00.063Z] [error]: Client must be connected before running operations
[2025-03-28T07:38:00.065Z] [error]: Client must be connected before running operations
[2025-03-28T07:38:00.071Z] [error]: Client must be connected before running operations
[2025-03-28T07:39:00.068Z] [error]: Client must be connected before running operations
[2025-03-28T07:39:00.077Z] [error]: Client must be connected before running operations
[2025-03-28T07:40:00.064Z] [error]: Client must be connected before running operations
[2025-03-28T07:40:00.074Z] [error]: Client must be connected before running operations
[2025-03-28T07:41:00.062Z] [error]: Client must be connected before running operations
[2025-03-28T07:41:00.066Z] [error]: Client must be connected before running operations
[2025-03-28T07:42:00.061Z] [error]: Client must be connected before running operations
[2025-03-28T07:42:00.063Z] [error]: Client must be connected before running operations
[2025-03-28T07:43:00.062Z] [error]: Client must be connected before running operations
[2025-03-28T07:43:00.067Z] [error]: Client must be connected before running operations
[2025-03-28T07:44:00.062Z] [error]: Client must be connected before running operations
[2025-03-28T07:44:00.065Z] [error]: Client must be connected before running operations
[2025-03-28T07:44:52.916Z] [error]: HIDE::403::Forbidden::Token is invalid!::
[2025-03-28T07:45:00.065Z] [error]: Client must be connected before running operations
[2025-03-28T07:45:00.071Z] [error]: Client must be connected before running operations
[2025-03-28T07:45:04.662Z] [error]: HIDE::400::TypeError::Invalid argument type::
[2025-03-28T07:45:51.077Z] [error]: HIDE::400::TypeError::Invalid argument type::
[2025-03-28T07:46:00.063Z] [error]: Client must be connected before running operations
[2025-03-28T07:46:00.064Z] [error]: Client must be connected before running operations
[2025-03-28T07:46:32.003Z] [error]: HIDE::400::TypeError::Invalid argument type::
[2025-03-28T07:46:46.426Z] [error]: HIDE::400::TypeError::Invalid argument type::
[2025-03-28T07:47:00.062Z] [error]: Client must be connected before running operations
[2025-03-28T07:47:00.065Z] [error]: Client must be connected before running operations
[2025-03-28T07:48:00.061Z] [error]: Client must be connected before running operations
[2025-03-28T07:48:00.063Z] [error]: Client must be connected before running operations
[2025-03-28T07:49:00.061Z] [error]: Client must be connected before running operations
[2025-03-28T07:49:00.065Z] [error]: Client must be connected before running operations
[2025-03-28T07:49:09.731Z] [error]: HIDE::400::TypeError::Invalid argument type::
[2025-03-28T07:50:00.062Z] [error]: Client must be connected before running operations
[2025-03-28T07:50:00.065Z] [error]: Client must be connected before running operations
[2025-03-28T07:50:50.129Z] [error]: HIDE::400::TypeError::Invalid argument type::
[2025-03-28T07:51:00.062Z] [error]: Client must be connected before running operations
[2025-03-28T07:51:00.067Z] [error]: Client must be connected before running operations
[2025-03-28T07:52:00.061Z] [error]: Client must be connected before running operations
[2025-03-28T07:52:00.064Z] [error]: Client must be connected before running operations
[2025-03-28T07:52:13.387Z] [error]: HIDE::400::TypeError::Invalid argument type::
[2025-03-28T07:53:00.062Z] [error]: Client must be connected before running operations
[2025-03-28T07:53:00.067Z] [error]: Client must be connected before running operations
[2025-03-28T07:54:00.061Z] [error]: Client must be connected before running operations
[2025-03-28T07:54:00.065Z] [error]: Client must be connected before running operations
[2025-03-28T07:55:00.062Z] [error]: Client must be connected before running operations
[2025-03-28T07:55:00.066Z] [error]: Client must be connected before running operations
[2025-03-28T07:55:36.376Z] [error]: HIDE::400::TypeError::Cannot read properties of undefined (reading 'length')::
[2025-03-28T07:55:54.458Z] [error]: HIDE::400::TypeError::Cannot read properties of undefined (reading 'length')::
[2025-03-28T07:56:00.061Z] [error]: Client must be connected before running operations
[2025-03-28T07:56:00.064Z] [error]: Client must be connected before running operations
[2025-03-28T07:56:19.951Z] [error]: HIDE::400::TypeError::Invalid argument type::
[2025-03-28T07:57:00.060Z] [error]: Client must be connected before running operations
[2025-03-28T07:57:00.062Z] [error]: Client must be connected before running operations
[2025-03-28T07:57:25.998Z] [error]: HIDE::400::TypeError::Invalid argument type::
[2025-03-28T07:58:00.059Z] [error]: Client must be connected before running operations
[2025-03-28T07:58:00.060Z] [error]: Client must be connected before running operations
[2025-03-28T07:59:00.059Z] [error]: Client must be connected before running operations
[2025-03-28T07:59:00.060Z] [error]: Client must be connected before running operations
[2025-03-28T08:00:00.060Z] [error]: Client must be connected before running operations
[2025-03-28T08:00:00.061Z] [error]: Client must be connected before running operations
[2025-03-28T08:01:00.059Z] [error]: Client must be connected before running operations
[2025-03-28T08:01:00.060Z] [error]: Client must be connected before running operations
[2025-03-28T08:02:00.059Z] [error]: Client must be connected before running operations
[2025-03-28T08:02:00.061Z] [error]: Client must be connected before running operations
[2025-03-28T08:03:00.059Z] [error]: Client must be connected before running operations
[2025-03-28T08:03:00.060Z] [error]: Client must be connected before running operations
[2025-03-28T08:04:00.060Z] [error]: Client must be connected before running operations
[2025-03-28T08:04:00.062Z] [error]: Client must be connected before running operations
[2025-03-28T08:05:00.062Z] [error]: Client must be connected before running operations
[2025-03-28T08:05:00.064Z] [error]: Client must be connected before running operations
[2025-03-28T08:06:00.065Z] [error]: Client must be connected before running operations
[2025-03-28T08:06:00.067Z] [error]: Client must be connected before running operations
[2025-03-28T08:07:00.053Z] [error]: Client must be connected before running operations
[2025-03-28T08:07:00.055Z] [error]: Client must be connected before running operations
[2025-03-28T08:08:00.060Z] [error]: Client must be connected before running operations
[2025-03-28T08:08:00.063Z] [error]: Client must be connected before running operations
[2025-03-28T08:09:00.047Z] [error]: Client must be connected before running operations
[2025-03-28T08:09:00.049Z] [error]: Client must be connected before running operations
[2025-03-28T08:09:51.328Z] [error]: HIDE::400::TypeError::Invalid argument type::
[2025-03-28T08:10:00.061Z] [error]: Client must be connected before running operations
[2025-03-28T08:10:00.062Z] [error]: Client must be connected before running operations
[2025-03-28T08:11:00.059Z] [error]: Client must be connected before running operations
[2025-03-28T08:11:00.063Z] [error]: Client must be connected before running operations
[2025-03-28T08:12:00.060Z] [error]: Client must be connected before running operations
[2025-03-28T08:12:00.062Z] [error]: Client must be connected before running operations
[2025-03-28T08:12:10.938Z] [error]: HIDE::400::TypeError::Invalid argument type::
[2025-03-28T08:12:45.709Z] [error]: HIDE::400::TypeError::Invalid argument type::
[2025-03-28T08:13:00.060Z] [error]: Client must be connected before running operations
[2025-03-28T08:13:00.061Z] [error]: Client must be connected before running operations
[2025-03-28T08:13:22.596Z] [error]: HIDE::400::TypeError::Invalid argument type::
[2025-03-28T08:14:00.062Z] [error]: Client must be connected before running operations
[2025-03-28T08:14:00.066Z] [error]: Client must be connected before running operations
[2025-03-28T08:15:00.059Z] [error]: Client must be connected before running operations
[2025-03-28T08:15:00.063Z] [error]: Client must be connected before running operations
[2025-03-28T08:16:00.061Z] [error]: Client must be connected before running operations
[2025-03-28T08:16:00.062Z] [error]: Client must be connected before running operations
[2025-03-28T08:17:00.068Z] [error]: Client must be connected before running operations
[2025-03-28T08:17:00.075Z] [error]: Client must be connected before running operations
[2025-03-28T08:18:00.061Z] [error]: Client must be connected before running operations
[2025-03-28T08:18:00.063Z] [error]: Client must be connected before running operations
[2025-03-28T08:19:00.059Z] [error]: Client must be connected before running operations
[2025-03-28T08:19:00.060Z] [error]: Client must be connected before running operations
[2025-03-28T08:20:00.060Z] [error]: Client must be connected before running operations
[2025-03-28T08:20:00.064Z] [error]: Client must be connected before running operations
[2025-03-28T08:21:00.059Z] [error]: Client must be connected before running operations
[2025-03-28T08:21:00.060Z] [error]: Client must be connected before running operations
[2025-03-28T08:22:00.059Z] [error]: Client must be connected before running operations
[2025-03-28T08:22:00.060Z] [error]: Client must be connected before running operations
[2025-03-28T08:23:00.059Z] [error]: Client must be connected before running operations
[2025-03-28T08:23:00.060Z] [error]: Client must be connected before running operations
[2025-03-28T08:24:00.062Z] [error]: Client must be connected before running operations
[2025-03-28T08:24:00.065Z] [error]: Client must be connected before running operations
[2025-03-28T08:25:00.060Z] [error]: Client must be connected before running operations
[2025-03-28T08:25:00.062Z] [error]: Client must be connected before running operations
[2025-03-28T08:26:00.062Z] [error]: Client must be connected before running operations
[2025-03-28T08:26:00.064Z] [error]: Client must be connected before running operations
[2025-03-28T08:27:00.061Z] [error]: Client must be connected before running operations
[2025-03-28T08:27:00.062Z] [error]: Client must be connected before running operations
[2025-03-28T08:28:00.061Z] [error]: Client must be connected before running operations
[2025-03-28T08:28:00.062Z] [error]: Client must be connected before running operations
[2025-03-28T08:29:00.059Z] [error]: Client must be connected before running operations
[2025-03-28T08:29:00.060Z] [error]: Client must be connected before running operations
[2025-03-28T08:30:00.059Z] [error]: Client must be connected before running operations
[2025-03-28T08:30:00.061Z] [error]: Client must be connected before running operations
[2025-03-28T08:31:00.059Z] [error]: Client must be connected before running operations
[2025-03-28T08:31:00.062Z] [error]: Client must be connected before running operations
[2025-03-28T08:32:00.006Z] [error]: Client must be connected before running operations
[2025-03-28T08:32:00.010Z] [error]: Client must be connected before running operations
[2025-03-28T08:33:00.058Z] [error]: Client must be connected before running operations
[2025-03-28T08:33:00.059Z] [error]: Client must be connected before running operations
[2025-03-28T08:34:00.003Z] [error]: Client must be connected before running operations
[2025-03-28T08:34:00.005Z] [error]: Client must be connected before running operations
[2025-03-28T08:35:00.059Z] [error]: Client must be connected before running operations
[2025-03-28T08:35:00.064Z] [error]: Client must be connected before running operations
[2025-03-28T08:36:00.042Z] [error]: Client must be connected before running operations
[2025-03-28T08:36:00.044Z] [error]: Client must be connected before running operations
[2025-03-28T08:37:00.062Z] [error]: Client must be connected before running operations
[2025-03-28T08:37:00.063Z] [error]: Client must be connected before running operations
[2025-03-28T08:38:00.059Z] [error]: Client must be connected before running operations
[2025-03-28T08:38:00.061Z] [error]: Client must be connected before running operations
[2025-03-28T08:39:00.059Z] [error]: Client must be connected before running operations
[2025-03-28T08:39:00.060Z] [error]: Client must be connected before running operations
[2025-03-28T08:40:00.059Z] [error]: Client must be connected before running operations
[2025-03-28T08:40:00.060Z] [error]: Client must be connected before running operations
[2025-03-28T08:41:00.059Z] [error]: Client must be connected before running operations
[2025-03-28T08:41:00.060Z] [error]: Client must be connected before running operations
[2025-03-28T08:42:00.060Z] [error]: Client must be connected before running operations
[2025-03-28T08:42:00.063Z] [error]: Client must be connected before running operations
[2025-03-28T08:43:00.061Z] [error]: Client must be connected before running operations
[2025-03-28T08:43:00.062Z] [error]: Client must be connected before running operations
[2025-03-28T08:44:00.062Z] [error]: Client must be connected before running operations
[2025-03-28T08:44:00.063Z] [error]: Client must be connected before running operations
[2025-03-28T08:45:00.062Z] [error]: Client must be connected before running operations
[2025-03-28T08:45:00.070Z] [error]: Client must be connected before running operations
[2025-03-28T08:46:00.051Z] [error]: Client must be connected before running operations
[2025-03-28T08:46:00.052Z] [error]: Client must be connected before running operations
[2025-03-28T08:47:00.020Z] [error]: Client must be connected before running operations
[2025-03-28T08:47:00.022Z] [error]: Client must be connected before running operations
[2025-03-28T08:48:00.059Z] [error]: Client must be connected before running operations
[2025-03-28T08:48:00.060Z] [error]: Client must be connected before running operations
[2025-03-28T08:48:04.137Z] [error]: HIDE::403::Forbidden::Token is expired or invalid!::
[2025-03-28T08:48:04.159Z] [error]: HIDE::403::Forbidden::Token is expired or invalid!::
[2025-03-28T08:49:00.063Z] [error]: Client must be connected before running operations
[2025-03-28T08:49:00.068Z] [error]: Client must be connected before running operations
[2025-03-28T08:50:00.062Z] [error]: Client must be connected before running operations
[2025-03-28T08:50:00.064Z] [error]: Client must be connected before running operations
[2025-03-28T08:51:00.062Z] [error]: Client must be connected before running operations
[2025-03-28T08:51:00.068Z] [error]: Client must be connected before running operations
[2025-03-28T08:51:22.808Z] [error]: HIDE::404::NotFound::NOT_FOUND::
[2025-03-28T08:51:45.232Z] [error]: HIDE::400::TypeError::Cannot destructure property 'user' of 'object null' as it is null.::
[2025-03-28T08:51:45.243Z] [error]: HIDE::400::TypeError::Cannot destructure property 'user' of 'object null' as it is null.::
[2025-03-28T08:52:00.062Z] [error]: Client must be connected before running operations
[2025-03-28T08:52:00.063Z] [error]: Client must be connected before running operations
[2025-03-28T08:52:56.386Z] [error]: HIDE::400::TypeError::Cannot destructure property 'user' of 'object null' as it is null.::
[2025-03-28T08:52:56.428Z] [error]: HIDE::400::TypeError::Cannot destructure property 'user' of 'object null' as it is null.::
[2025-03-28T08:53:00.062Z] [error]: Client must be connected before running operations
[2025-03-28T08:53:00.065Z] [error]: Client must be connected before running operations
[2025-03-28T08:54:00.067Z] [error]: Client must be connected before running operations
[2025-03-28T08:54:00.073Z] [error]: Client must be connected before running operations
[2025-03-28T08:54:22.110Z] [error]: HIDE::404::NotFound::Token not found!::
[2025-03-28T08:54:22.130Z] [error]: HIDE::404::NotFound::Token not found!::
[2025-03-28T08:54:49.008Z] [error]: HIDE::409::Conflict::User is exists!::
[2025-03-28T08:55:00.021Z] [error]: Client must be connected before running operations
[2025-03-28T08:55:00.026Z] [error]: Client must be connected before running operations
[2025-03-28T08:56:00.062Z] [error]: Client must be connected before running operations
[2025-03-28T08:56:00.063Z] [error]: Client must be connected before running operations
[2025-03-28T08:57:00.061Z] [error]: Client must be connected before running operations
[2025-03-28T08:57:00.067Z] [error]: Client must be connected before running operations
[2025-03-28T08:57:46.356Z] [error]: HIDE::404::NotFound::NOT_FOUND::
[2025-03-28T08:57:46.805Z] [error]: HIDE::404::NotFound::NOT_FOUND::
[2025-03-28T08:57:48.957Z] [error]: HIDE::404::NotFound::NOT_FOUND::
[2025-03-28T08:58:00.066Z] [error]: Client must be connected before running operations
[2025-03-28T08:58:00.069Z] [error]: Client must be connected before running operations
[2025-03-28T08:59:00.060Z] [error]: Client must be connected before running operations
[2025-03-28T08:59:00.062Z] [error]: Client must be connected before running operations
[2025-03-28T09:00:00.064Z] [error]: Client must be connected before running operations
[2025-03-28T09:00:00.066Z] [error]: Client must be connected before running operations
[2025-03-28T09:01:00.059Z] [error]: Client must be connected before running operations
[2025-03-28T09:01:00.061Z] [error]: Client must be connected before running operations
[2025-03-28T09:02:00.067Z] [error]: Client must be connected before running operations
[2025-03-28T09:02:00.071Z] [error]: Client must be connected before running operations
[2025-03-28T09:03:00.060Z] [error]: Client must be connected before running operations
[2025-03-28T09:03:00.067Z] [error]: Client must be connected before running operations
[2025-03-28T09:04:00.060Z] [error]: Client must be connected before running operations
[2025-03-28T09:04:00.062Z] [error]: Client must be connected before running operations
[2025-03-28T09:05:00.059Z] [error]: Client must be connected before running operations
[2025-03-28T09:05:00.060Z] [error]: Client must be connected before running operations
[2025-03-28T09:06:00.064Z] [error]: Client must be connected before running operations
[2025-03-28T09:06:00.066Z] [error]: Client must be connected before running operations
[2025-03-28T09:07:00.059Z] [error]: Client must be connected before running operations
[2025-03-28T09:07:00.060Z] [error]: Client must be connected before running operations
[2025-03-28T09:07:39.758Z] [error]: HIDE::400::ValidationError::"password" with value "Anhnam9ce" fails to match the required pattern: /^(?=.*[a-z])(?=.*[A-Z])(?=.*\d)(?=.*[@$!%*?&])[A-Za-z\d@$!%*?&]{8,}$/::
[2025-03-28T09:08:00.060Z] [error]: Client must be connected before running operations
[2025-03-28T09:08:00.063Z] [error]: Client must be connected before running operations
[2025-03-28T09:09:00.060Z] [error]: Client must be connected before running operations
[2025-03-28T09:09:00.062Z] [error]: Client must be connected before running operations
[2025-03-28T09:10:00.063Z] [error]: Client must be connected before running operations
[2025-03-28T09:10:00.065Z] [error]: Client must be connected before running operations
[2025-03-28T09:11:00.059Z] [error]: Client must be connected before running operations
[2025-03-28T09:11:00.061Z] [error]: Client must be connected before running operations
[2025-03-28T09:11:23.027Z] [error]: HIDE::400::TypeError::Cannot destructure property 'user' of 'object null' as it is null.::
[2025-03-28T09:12:00.060Z] [error]: Client must be connected before running operations
[2025-03-28T09:12:00.062Z] [error]: Client must be connected before running operations
[2025-03-28T09:13:00.062Z] [error]: Client must be connected before running operations
[2025-03-28T09:13:00.063Z] [error]: Client must be connected before running operations
[2025-03-28T09:14:00.004Z] [error]: Client must be connected before running operations
[2025-03-28T09:14:00.006Z] [error]: Client must be connected before running operations
[2025-03-28T09:15:00.021Z] [error]: Client must be connected before running operations
[2025-03-28T09:15:00.022Z] [error]: Client must be connected before running operations
[2025-03-28T09:16:00.044Z] [error]: Client must be connected before running operations
[2025-03-28T09:16:00.045Z] [error]: Client must be connected before running operations
[2025-03-28T09:17:00.059Z] [error]: Client must be connected before running operations
[2025-03-28T09:17:00.060Z] [error]: Client must be connected before running operations
[2025-03-28T09:18:00.062Z] [error]: Client must be connected before running operations
[2025-03-28T09:18:00.064Z] [error]: Client must be connected before running operations
[2025-03-28T09:19:00.059Z] [error]: Client must be connected before running operations
[2025-03-28T09:19:00.063Z] [error]: Client must be connected before running operations
[2025-03-28T09:20:00.060Z] [error]: Client must be connected before running operations
[2025-03-28T09:20:00.062Z] [error]: Client must be connected before running operations
[2025-03-28T09:21:00.060Z] [error]: Client must be connected before running operations
[2025-03-28T09:21:00.062Z] [error]: Client must be connected before running operations
[2025-03-28T09:22:00.061Z] [error]: Client must be connected before running operations
[2025-03-28T09:22:00.064Z] [error]: Client must be connected before running operations
[2025-03-28T09:23:00.060Z] [error]: Client must be connected before running operations
[2025-03-28T09:23:00.063Z] [error]: Client must be connected before running operations
[2025-03-28T09:24:00.062Z] [error]: Client must be connected before running operations
[2025-03-28T09:24:00.065Z] [error]: Client must be connected before running operations
[2025-03-28T09:25:00.059Z] [error]: Client must be connected before running operations
[2025-03-28T09:25:00.061Z] [error]: Client must be connected before running operations
[2025-03-28T09:26:00.059Z] [error]: Client must be connected before running operations
[2025-03-28T09:26:00.060Z] [error]: Client must be connected before running operations
[2025-03-28T09:27:00.058Z] [error]: Client must be connected before running operations
[2025-03-28T09:27:00.061Z] [error]: Client must be connected before running operations
[2025-03-28T09:28:00.061Z] [error]: Client must be connected before running operations
[2025-03-28T09:28:00.063Z] [error]: Client must be connected before running operations
[2025-03-28T09:29:00.048Z] [error]: Client must be connected before running operations
[2025-03-28T09:29:00.049Z] [error]: Client must be connected before running operations
[2025-03-28T09:30:00.060Z] [error]: Client must be connected before running operations
[2025-03-28T09:30:00.061Z] [error]: Client must be connected before running operations
[2025-03-28T09:31:00.060Z] [error]: Client must be connected before running operations
[2025-03-28T09:31:00.062Z] [error]: Client must be connected before running operations
[2025-03-28T09:32:00.059Z] [error]: Client must be connected before running operations
[2025-03-28T09:32:00.061Z] [error]: Client must be connected before running operations
[2025-03-28T09:33:00.062Z] [error]: Client must be connected before running operations
[2025-03-28T09:33:00.064Z] [error]: Client must be connected before running operations
[2025-03-28T09:34:00.062Z] [error]: Client must be connected before running operations
[2025-03-28T09:34:00.063Z] [error]: Client must be connected before running operations
[2025-03-28T09:35:00.059Z] [error]: Client must be connected before running operations
[2025-03-28T09:35:00.061Z] [error]: Client must be connected before running operations
[2025-03-28T09:36:00.060Z] [error]: Client must be connected before running operations
[2025-03-28T09:36:00.062Z] [error]: Client must be connected before running operations
[2025-03-28T09:37:00.060Z] [error]: Client must be connected before running operations
[2025-03-28T09:37:00.066Z] [error]: Client must be connected before running operations
[2025-03-28T09:38:00.059Z] [error]: Client must be connected before running operations
[2025-03-28T09:38:00.060Z] [error]: Client must be connected before running operations
[2025-03-28T09:39:00.063Z] [error]: Client must be connected before running operations
[2025-03-28T09:39:00.066Z] [error]: Client must be connected before running operations
[2025-03-28T09:40:00.061Z] [error]: Client must be connected before running operations
[2025-03-28T09:40:00.063Z] [error]: Client must be connected before running operations
[2025-03-28T09:40:26.641Z] [error]: HIDE::404::NotFound::NOT_FOUND::
[2025-03-28T09:40:30.074Z] [error]: HIDE::404::NotFound::NOT_FOUND::
[2025-03-28T09:40:30.079Z] [error]: HIDE::404::NotFound::NOT_FOUND::
[2025-03-28T09:40:34.521Z] [error]: HIDE::404::NotFound::NOT_FOUND::
[2025-03-28T09:40:40.744Z] [error]: HIDE::404::NotFound::NOT_FOUND::
[2025-03-28T09:40:40.748Z] [error]: HIDE::404::NotFound::NOT_FOUND::
[2025-03-28T09:41:00.061Z] [error]: Client must be connected before running operations
[2025-03-28T09:41:00.062Z] [error]: HIDE::404::NotFound::NOT_FOUND::
[2025-03-28T09:41:00.064Z] [error]: Client must be connected before running operations
[2025-03-28T09:41:10.947Z] [error]: HIDE::403::Forbidden::Username or password is not correct!::
[2025-03-28T09:41:12.189Z] [error]: HIDE::403::Forbidden::Username or password is not correct!::
[2025-03-28T09:41:12.811Z] [error]: HIDE::403::Forbidden::Username or password is not correct!::
[2025-03-28T09:41:15.392Z] [error]: HIDE::400::ValidationError::"phoneNumber" with value "03277811602" fails to match the required pattern: /(\+84|84|0[3|5|7|8|9])+([0-9]{8})\b/::
[2025-03-28T09:41:18.625Z] [error]: HIDE::403::Forbidden::Username or password is not correct!::
[2025-03-28T09:41:23.118Z] [error]: HIDE::404::NotFound::NOT_FOUND::
[2025-03-28T09:41:28.340Z] [error]: HIDE::404::NotFound::NOT_FOUND::
[2025-03-28T09:41:28.348Z] [error]: HIDE::404::NotFound::NOT_FOUND::
[2025-03-28T09:42:00.064Z] [error]: Client must be connected before running operations
[2025-03-28T09:42:00.065Z] [error]: Client must be connected before running operations
[2025-03-28T09:42:18.327Z] [error]: HIDE::404::NotFound::NOT_FOUND::
[2025-03-28T09:42:18.333Z] [error]: HIDE::404::NotFound::NOT_FOUND::
[2025-03-28T09:42:30.788Z] [error]: HIDE::404::NotFound::Token not found!::
[2025-03-28T09:42:30.794Z] [error]: HIDE::404::NotFound::Token not found!::
[2025-03-28T09:42:35.391Z] [error]: HIDE::404::NotFound::Token not found!::
[2025-03-28T09:42:35.393Z] [error]: HIDE::404::NotFound::Token not found!::
[2025-03-28T09:43:00.059Z] [error]: Client must be connected before running operations
[2025-03-28T09:43:00.061Z] [error]: Client must be connected before running operations
[2025-03-28T09:44:00.062Z] [error]: Client must be connected before running operations
[2025-03-28T09:44:00.063Z] [error]: Client must be connected before running operations
[2025-03-28T09:45:00.059Z] [error]: Client must be connected before running operations
[2025-03-28T09:45:00.062Z] [error]: Client must be connected before running operations
[2025-03-28T09:46:00.060Z] [error]: Client must be connected before running operations
[2025-03-28T09:46:00.062Z] [error]: Client must be connected before running operations
[2025-03-28T09:47:00.060Z] [error]: Client must be connected before running operations
[2025-03-28T09:47:00.063Z] [error]: Client must be connected before running operations
[2025-03-28T09:48:00.020Z] [error]: Client must be connected before running operations
[2025-03-28T09:48:00.022Z] [error]: Client must be connected before running operations
[2025-03-28T09:49:00.008Z] [error]: Client must be connected before running operations
[2025-03-28T09:49:00.010Z] [error]: Client must be connected before running operations
[2025-03-28T09:49:00.034Z] [error]: Client must be connected before running operations
[2025-03-28T09:49:00.038Z] [error]: Client must be connected before running operations
[2025-03-28T09:49:00.062Z] [error]: Client must be connected before running operations
[2025-03-28T09:49:00.063Z] [error]: Client must be connected before running operations
[2025-03-28T09:50:00.059Z] [error]: Client must be connected before running operations
[2025-03-28T09:50:00.059Z] [error]: Client must be connected before running operations
[2025-03-28T09:50:00.061Z] [error]: Client must be connected before running operations
[2025-03-28T09:50:00.061Z] [error]: Client must be connected before running operations
[2025-03-28T09:50:00.062Z] [error]: Client must be connected before running operations
[2025-03-28T09:50:00.064Z] [error]: Client must be connected before running operations
[2025-03-28T09:51:00.059Z] [error]: Client must be connected before running operations
[2025-03-28T09:51:00.059Z] [error]: Client must be connected before running operations
[2025-03-28T09:51:00.059Z] [error]: Client must be connected before running operations
[2025-03-28T09:51:00.060Z] [error]: Client must be connected before running operations
[2025-03-28T09:51:00.061Z] [error]: Client must be connected before running operations
[2025-03-28T09:51:00.061Z] [error]: Client must be connected before running operations
[2025-03-28T09:52:00.059Z] [error]: Client must be connected before running operations
[2025-03-28T09:52:00.060Z] [error]: Client must be connected before running operations
[2025-03-28T09:52:00.062Z] [error]: Client must be connected before running operations
[2025-03-28T09:52:00.062Z] [error]: Client must be connected before running operations
[2025-03-28T09:52:00.064Z] [error]: Client must be connected before running operations
[2025-03-28T09:52:00.064Z] [error]: Client must be connected before running operations
[2025-03-28T09:53:00.042Z] [error]: Client must be connected before running operations
[2025-03-28T09:53:00.043Z] [error]: Client must be connected before running operations
[2025-03-28T09:53:00.058Z] [error]: Client must be connected before running operations
[2025-03-28T09:53:00.059Z] [error]: Client must be connected before running operations
[2025-03-28T09:53:00.060Z] [error]: Client must be connected before running operations
[2025-03-28T09:53:00.060Z] [error]: Client must be connected before running operations
[2025-03-28T09:54:00.059Z] [error]: Client must be connected before running operations
[2025-03-28T09:54:00.060Z] [error]: Client must be connected before running operations
[2025-03-28T09:54:00.061Z] [error]: Client must be connected before running operations
[2025-03-28T09:54:00.061Z] [error]: Client must be connected before running operations
[2025-03-28T09:54:00.061Z] [error]: Client must be connected before running operations
[2025-03-28T09:54:00.064Z] [error]: Client must be connected before running operations
[2025-03-28T09:55:00.060Z] [error]: Client must be connected before running operations
[2025-03-28T09:55:00.060Z] [error]: Client must be connected before running operations
[2025-03-28T09:55:00.063Z] [error]: Client must be connected before running operations
[2025-03-28T09:55:00.064Z] [error]: Client must be connected before running operations
[2025-03-28T09:55:00.064Z] [error]: Client must be connected before running operations
[2025-03-28T09:55:00.068Z] [error]: Client must be connected before running operations
[2025-03-28T09:56:00.058Z] [error]: Client must be connected before running operations
[2025-03-28T09:56:00.059Z] [error]: Client must be connected before running operations
[2025-03-28T09:56:00.060Z] [error]: Client must be connected before running operations
[2025-03-28T09:56:00.061Z] [error]: Client must be connected before running operations
[2025-03-28T09:56:00.061Z] [error]: Client must be connected before running operations
[2025-03-28T09:56:00.063Z] [error]: Client must be connected before running operations
[2025-03-28T09:57:00.058Z] [error]: Client must be connected before running operations
[2025-03-28T09:57:00.059Z] [error]: Client must be connected before running operations
[2025-03-28T09:57:00.059Z] [error]: Client must be connected before running operations
[2025-03-28T09:57:00.060Z] [error]: Client must be connected before running operations
[2025-03-28T09:57:00.060Z] [error]: Client must be connected before running operations
[2025-03-28T09:57:00.062Z] [error]: Client must be connected before running operations
[2025-03-28T09:58:00.058Z] [error]: Client must be connected before running operations
[2025-03-28T09:58:00.058Z] [error]: Client must be connected before running operations
[2025-03-28T09:58:00.060Z] [error]: Client must be connected before running operations
[2025-03-28T09:58:00.060Z] [error]: Client must be connected before running operations
[2025-03-28T09:58:00.060Z] [error]: Client must be connected before running operations
[2025-03-28T09:58:00.062Z] [error]: Client must be connected before running operations
[2025-03-28T09:59:00.058Z] [error]: Client must be connected before running operations
[2025-03-28T09:59:00.058Z] [error]: Client must be connected before running operations
[2025-03-28T09:59:00.060Z] [error]: Client must be connected before running operations
[2025-03-28T09:59:00.060Z] [error]: Client must be connected before running operations
[2025-03-28T09:59:00.062Z] [error]: Client must be connected before running operations
[2025-03-28T09:59:00.064Z] [error]: Client must be connected before running operations
[2025-03-28T10:00:00.060Z] [error]: Client must be connected before running operations
[2025-03-28T10:00:00.061Z] [error]: Client must be connected before running operations
[2025-03-28T10:00:00.062Z] [error]: Client must be connected before running operations
[2025-03-28T10:00:00.063Z] [error]: Client must be connected before running operations
[2025-03-28T10:00:00.065Z] [error]: Client must be connected before running operations
[2025-03-28T10:00:00.066Z] [error]: Client must be connected before running operations
[2025-03-28T10:01:00.061Z] [error]: Client must be connected before running operations
[2025-03-28T10:01:00.061Z] [error]: Client must be connected before running operations
[2025-03-28T10:01:00.064Z] [error]: Client must be connected before running operations
[2025-03-28T10:01:00.064Z] [error]: Client must be connected before running operations
[2025-03-28T10:01:00.066Z] [error]: Client must be connected before running operations
[2025-03-28T10:01:00.069Z] [error]: Client must be connected before running operations
[2025-03-28T10:02:00.058Z] [error]: Client must be connected before running operations
[2025-03-28T10:02:00.058Z] [error]: Client must be connected before running operations
[2025-03-28T10:02:00.060Z] [error]: Client must be connected before running operations
[2025-03-28T10:02:00.061Z] [error]: Client must be connected before running operations
[2025-03-28T10:02:00.064Z] [error]: Client must be connected before running operations
[2025-03-28T10:02:00.064Z] [error]: Client must be connected before running operations
[2025-03-28T10:03:00.052Z] [error]: Client must be connected before running operations
[2025-03-28T10:03:00.053Z] [error]: Client must be connected before running operations
[2025-03-28T10:03:00.059Z] [error]: Client must be connected before running operations
[2025-03-28T10:03:00.061Z] [error]: Client must be connected before running operations
[2025-03-28T10:03:00.063Z] [error]: Client must be connected before running operations
[2025-03-28T10:03:00.065Z] [error]: Client must be connected before running operations
[2025-03-28T10:03:30.749Z] [error]: Error while cleanup avatar!
[2025-03-28T10:03:30.755Z] [error]: HIDE::400::TypeError::Cannot read properties of undefined (reading 'originalname')::
[2025-03-28T10:03:46.850Z] [error]: HIDE::400::ValidationError::"password" with value "Anhnam9ce(" fails to match the required pattern: /^(?=.*[a-z])(?=.*[A-Z])(?=.*\d)(?=.*[@$!%*?&])[A-Za-z\d@$!%*?&]{8,}$/::
[2025-03-28T10:04:00.059Z] [error]: Client must be connected before running operations
[2025-03-28T10:04:00.061Z] [error]: Client must be connected before running operations
[2025-03-28T10:04:00.061Z] [error]: Client must be connected before running operations
[2025-03-28T10:04:00.062Z] [error]: Client must be connected before running operations
[2025-03-28T10:04:00.062Z] [error]: Client must be connected before running operations
[2025-03-28T10:04:00.063Z] [error]: Client must be connected before running operations
[2025-03-28T10:05:00.058Z] [error]: Client must be connected before running operations
[2025-03-28T10:05:00.058Z] [error]: Client must be connected before running operations
[2025-03-28T10:05:00.059Z] [error]: Client must be connected before running operations
[2025-03-28T10:05:00.060Z] [error]: Client must be connected before running operations
[2025-03-28T10:05:00.061Z] [error]: Client must be connected before running operations
[2025-03-28T10:05:00.062Z] [error]: Client must be connected before running operations
[2025-03-28T10:05:14.545Z] [error]: HIDE::400::ValidationError::"password" with value "Anhnam9ce(" fails to match the required pattern: /^(?=.*[a-z])(?=.*[A-Z])(?=.*\d)(?=.*[@$!%*?&])[A-Za-z\d@$!%*?&]{8,}$/::
[2025-03-28T10:05:27.672Z] [error]: HIDE::400::Error::data and hash arguments required::
[2025-03-28T10:05:44.289Z] [error]: HIDE::400::Error::data and hash arguments required::
[2025-03-28T10:06:00.059Z] [error]: Client must be connected before running operations
[2025-03-28T10:06:00.059Z] [error]: Client must be connected before running operations
[2025-03-28T10:06:00.060Z] [error]: Client must be connected before running operations
[2025-03-28T10:06:00.061Z] [error]: Client must be connected before running operations
[2025-03-28T10:06:00.062Z] [error]: Client must be connected before running operations
[2025-03-28T10:06:00.062Z] [error]: Client must be connected before running operations
[2025-03-28T10:06:00.290Z] [error]: HIDE::400::Error::data and hash arguments required::
[2025-03-28T10:07:00.003Z] [error]: Client must be connected before running operations
[2025-03-28T10:07:00.004Z] [error]: Client must be connected before running operations
[2025-03-28T10:07:00.059Z] [error]: Client must be connected before running operations
[2025-03-28T10:07:00.059Z] [error]: Client must be connected before running operations
[2025-03-28T10:07:00.062Z] [error]: Client must be connected before running operations
[2025-03-28T10:07:00.063Z] [error]: Client must be connected before running operations
[2025-03-28T10:08:00.044Z] [error]: Client must be connected before running operations
[2025-03-28T10:08:00.045Z] [error]: Client must be connected before running operations
[2025-03-28T10:08:00.058Z] [error]: Client must be connected before running operations
[2025-03-28T10:08:00.060Z] [error]: Client must be connected before running operations
[2025-03-28T10:08:00.060Z] [error]: Client must be connected before running operations
[2025-03-28T10:08:00.063Z] [error]: Client must be connected before running operations
[2025-03-28T10:09:00.061Z] [error]: Client must be connected before running operations
[2025-03-28T10:09:00.062Z] [error]: Client must be connected before running operations
[2025-03-28T10:09:00.063Z] [error]: Client must be connected before running operations
[2025-03-28T10:09:00.063Z] [error]: Client must be connected before running operations
[2025-03-28T10:09:00.065Z] [error]: Client must be connected before running operations
[2025-03-28T10:09:00.066Z] [error]: Client must be connected before running operations
[2025-03-28T10:10:00.044Z] [error]: Client must be connected before running operations
[2025-03-28T10:10:00.045Z] [error]: Client must be connected before running operations
[2025-03-28T10:10:00.053Z] [error]: Client must be connected before running operations
[2025-03-28T10:10:00.055Z] [error]: Client must be connected before running operations
[2025-03-28T10:10:00.059Z] [error]: Client must be connected before running operations
[2025-03-28T10:10:00.061Z] [error]: Client must be connected before running operations
[2025-03-28T10:11:00.037Z] [error]: Client must be connected before running operations
[2025-03-28T10:11:00.038Z] [error]: Client must be connected before running operations
[2025-03-28T10:11:00.058Z] [error]: Client must be connected before running operations
[2025-03-28T10:11:00.058Z] [error]: Client must be connected before running operations
[2025-03-28T10:11:00.059Z] [error]: Client must be connected before running operations
[2025-03-28T10:11:00.060Z] [error]: Client must be connected before running operations
[2025-03-28T10:12:00.002Z] [error]: Client must be connected before running operations
[2025-03-28T10:12:00.004Z] [error]: Client must be connected before running operations
[2025-03-28T10:12:00.054Z] [error]: Client must be connected before running operations
[2025-03-28T10:12:00.058Z] [error]: Client must be connected before running operations
[2025-03-28T10:12:00.058Z] [error]: Client must be connected before running operations
[2025-03-28T10:12:00.060Z] [error]: Client must be connected before running operations
[2025-03-28T10:13:00.025Z] [error]: Client must be connected before running operations
[2025-03-28T10:13:00.026Z] [error]: Client must be connected before running operations
[2025-03-28T10:13:00.058Z] [error]: Client must be connected before running operations
[2025-03-28T10:13:00.059Z] [error]: Client must be connected before running operations
[2025-03-28T10:13:00.061Z] [error]: Client must be connected before running operations
[2025-03-28T10:13:00.062Z] [error]: Client must be connected before running operations
[2025-03-28T10:14:00.002Z] [error]: Client must be connected before running operations
[2025-03-28T10:14:00.003Z] [error]: Client must be connected before running operations
[2025-03-28T10:14:00.058Z] [error]: Client must be connected before running operations
[2025-03-28T10:14:00.059Z] [error]: Client must be connected before running operations
[2025-03-28T10:14:00.064Z] [error]: Client must be connected before running operations
[2025-03-28T10:14:00.065Z] [error]: Client must be connected before running operations
[2025-03-28T10:15:00.016Z] [error]: Client must be connected before running operations
[2025-03-28T10:15:00.017Z] [error]: Client must be connected before running operations
[2025-03-28T10:15:00.058Z] [error]: Client must be connected before running operations
[2025-03-28T10:15:00.059Z] [error]: Client must be connected before running operations
[2025-03-28T10:15:00.059Z] [error]: Client must be connected before running operations
[2025-03-28T10:15:00.061Z] [error]: Client must be connected before running operations
[2025-03-28T10:16:00.053Z] [error]: Client must be connected before running operations
[2025-03-28T10:16:00.055Z] [error]: Client must be connected before running operations
[2025-03-28T10:16:00.059Z] [error]: Client must be connected before running operations
[2025-03-28T10:16:00.059Z] [error]: Client must be connected before running operations
[2025-03-28T10:16:00.061Z] [error]: Client must be connected before running operations
[2025-03-28T10:16:00.061Z] [error]: Client must be connected before running operations
[2025-03-28T10:17:00.002Z] [error]: Client must be connected before running operations
[2025-03-28T10:17:00.004Z] [error]: Client must be connected before running operations
[2025-03-28T10:17:00.061Z] [error]: Client must be connected before running operations
[2025-03-28T10:17:00.061Z] [error]: Client must be connected before running operations
[2025-03-28T10:17:00.062Z] [error]: Client must be connected before running operations
[2025-03-28T10:17:00.063Z] [error]: Client must be connected before running operations
[2025-03-28T10:18:00.058Z] [error]: Client must be connected before running operations
[2025-03-28T10:18:00.058Z] [error]: Client must be connected before running operations
[2025-03-28T10:18:00.059Z] [error]: Client must be connected before running operations
[2025-03-28T10:18:00.059Z] [error]: Client must be connected before running operations
[2025-03-28T10:18:00.061Z] [error]: Client must be connected before running operations
[2025-03-28T10:18:00.062Z] [error]: Client must be connected before running operations
[2025-03-28T10:19:00.059Z] [error]: Client must be connected before running operations
[2025-03-28T10:19:00.059Z] [error]: Client must be connected before running operations
[2025-03-28T10:19:00.060Z] [error]: Client must be connected before running operations
[2025-03-28T10:19:00.060Z] [error]: Client must be connected before running operations
[2025-03-28T10:19:00.059Z] [error]: Client must be connected before running operations
[2025-03-28T10:19:00.064Z] [error]: Client must be connected before running operations
[2025-03-28T10:20:00.007Z] [error]: Client must be connected before running operations
[2025-03-28T10:20:00.009Z] [error]: Client must be connected before running operations
[2025-03-28T10:20:00.059Z] [error]: Client must be connected before running operations
[2025-03-28T10:20:00.061Z] [error]: Client must be connected before running operations
[2025-03-28T10:20:00.062Z] [error]: Client must be connected before running operations
[2025-03-28T10:20:00.063Z] [error]: Client must be connected before running operations
[2025-03-28T10:21:00.058Z] [error]: Client must be connected before running operations
[2025-03-28T10:21:00.059Z] [error]: Client must be connected before running operations
[2025-03-28T10:21:00.061Z] [error]: Client must be connected before running operations
[2025-03-28T10:21:00.062Z] [error]: Client must be connected before running operations
[2025-03-28T10:21:00.064Z] [error]: Client must be connected before running operations
[2025-03-28T10:21:00.065Z] [error]: Client must be connected before running operations
[2025-03-28T10:22:00.058Z] [error]: Client must be connected before running operations
[2025-03-28T10:22:00.058Z] [error]: Client must be connected before running operations
[2025-03-28T10:22:00.059Z] [error]: Client must be connected before running operations
[2025-03-28T10:22:00.059Z] [error]: Client must be connected before running operations
[2025-03-28T10:22:00.059Z] [error]: Client must be connected before running operations
[2025-03-28T10:22:00.061Z] [error]: Client must be connected before running operations
[2025-03-28T10:23:00.022Z] [error]: Client must be connected before running operations
[2025-03-28T10:23:00.023Z] [error]: Client must be connected before running operations
[2025-03-28T10:23:00.058Z] [error]: Client must be connected before running operations
[2025-03-28T10:23:00.058Z] [error]: Client must be connected before running operations
[2025-03-28T10:23:00.060Z] [error]: Client must be connected before running operations
[2025-03-28T10:23:00.063Z] [error]: Client must be connected before running operations
[2025-03-28T10:24:00.005Z] [error]: Client must be connected before running operations
[2025-03-28T10:24:00.006Z] [error]: Client must be connected before running operations
[2025-03-28T10:24:00.058Z] [error]: Client must be connected before running operations
[2025-03-28T10:24:00.059Z] [error]: Client must be connected before running operations
[2025-03-28T10:24:00.061Z] [error]: Client must be connected before running operations
[2025-03-28T10:24:00.062Z] [error]: Client must be connected before running operations
[2025-03-28T10:25:00.058Z] [error]: Client must be connected before running operations
[2025-03-28T10:25:00.059Z] [error]: Client must be connected before running operations
[2025-03-28T10:25:00.059Z] [error]: Client must be connected before running operations
[2025-03-28T10:25:00.059Z] [error]: Client must be connected before running operations
[2025-03-28T10:25:00.061Z] [error]: Client must be connected before running operations
[2025-03-28T10:25:00.061Z] [error]: Client must be connected before running operations
[2025-03-28T10:26:00.059Z] [error]: Client must be connected before running operations
[2025-03-28T10:26:00.060Z] [error]: Client must be connected before running operations
[2025-03-28T10:26:00.061Z] [error]: Client must be connected before running operations
[2025-03-28T10:26:00.062Z] [error]: Client must be connected before running operations
[2025-03-28T10:26:00.063Z] [error]: Client must be connected before running operations
[2025-03-28T10:26:00.063Z] [error]: Client must be connected before running operations
[2025-03-28T10:27:00.008Z] [error]: Client must be connected before running operations
[2025-03-28T10:27:00.009Z] [error]: Client must be connected before running operations
[2025-03-28T10:27:00.058Z] [error]: Client must be connected before running operations
[2025-03-28T10:27:00.061Z] [error]: Client must be connected before running operations
[2025-03-28T10:27:00.062Z] [error]: Client must be connected before running operations
[2025-03-28T10:27:00.063Z] [error]: Client must be connected before running operations
[2025-03-28T10:28:00.058Z] [error]: Client must be connected before running operations
[2025-03-28T10:28:00.058Z] [error]: Client must be connected before running operations
[2025-03-28T10:28:00.058Z] [error]: Client must be connected before running operations
[2025-03-28T10:28:00.059Z] [error]: Client must be connected before running operations
[2025-03-28T10:28:00.059Z] [error]: Client must be connected before running operations
[2025-03-28T10:28:00.060Z] [error]: Client must be connected before running operations
[2025-03-28T10:29:00.058Z] [error]: Client must be connected before running operations
[2025-03-28T10:29:00.058Z] [error]: Client must be connected before running operations
[2025-03-28T10:29:00.058Z] [error]: Client must be connected before running operations
[2025-03-28T10:29:00.059Z] [error]: Client must be connected before running operations
[2025-03-28T10:29:00.059Z] [error]: Client must be connected before running operations
[2025-03-28T10:29:00.059Z] [error]: Client must be connected before running operations
[2025-03-28T10:30:00.058Z] [error]: Client must be connected before running operations
[2025-03-28T10:30:00.058Z] [error]: Client must be connected before running operations
[2025-03-28T10:30:00.059Z] [error]: Client must be connected before running operations
[2025-03-28T10:30:00.059Z] [error]: Client must be connected before running operations
[2025-03-28T10:30:00.060Z] [error]: Client must be connected before running operations
[2025-03-28T10:30:00.061Z] [error]: Client must be connected before running operations
[2025-03-28T10:31:00.008Z] [error]: Client must be connected before running operations
[2025-03-28T10:31:00.009Z] [error]: Client must be connected before running operations
[2025-03-28T10:31:00.058Z] [error]: Client must be connected before running operations
[2025-03-28T10:31:00.059Z] [error]: Client must be connected before running operations
[2025-03-28T10:31:00.059Z] [error]: Client must be connected before running operations
[2025-03-28T10:31:00.060Z] [error]: Client must be connected before running operations
[2025-03-28T10:32:00.058Z] [error]: Client must be connected before running operations
[2025-03-28T10:32:00.058Z] [error]: Client must be connected before running operations
[2025-03-28T10:32:00.059Z] [error]: Client must be connected before running operations
[2025-03-28T10:32:00.059Z] [error]: Client must be connected before running operations
[2025-03-28T10:32:00.060Z] [error]: Client must be connected before running operations
[2025-03-28T10:32:00.062Z] [error]: Client must be connected before running operations
[2025-03-28T10:33:00.058Z] [error]: Client must be connected before running operations
[2025-03-28T10:33:00.059Z] [error]: Client must be connected before running operations
[2025-03-28T10:33:00.061Z] [error]: Client must be connected before running operations
[2025-03-28T10:33:00.061Z] [error]: Client must be connected before running operations
[2025-03-28T10:33:00.062Z] [error]: Client must be connected before running operations
[2025-03-28T10:33:00.063Z] [error]: Client must be connected before running operations
[2025-03-28T10:34:00.012Z] [error]: Client must be connected before running operations
[2025-03-28T10:34:00.014Z] [error]: Client must be connected before running operations
[2025-03-28T10:34:00.018Z] [error]: Client must be connected before running operations
[2025-03-28T10:34:00.019Z] [error]: Client must be connected before running operations
[2025-03-28T10:34:00.061Z] [error]: Client must be connected before running operations
[2025-03-28T10:34:00.062Z] [error]: Client must be connected before running operations
[2025-03-28T10:35:00.058Z] [error]: Client must be connected before running operations
[2025-03-28T10:35:00.058Z] [error]: Client must be connected before running operations
[2025-03-28T10:35:00.059Z] [error]: Client must be connected before running operations
[2025-03-28T10:35:00.060Z] [error]: Client must be connected before running operations
[2025-03-28T10:35:00.060Z] [error]: Client must be connected before running operations
[2025-03-28T10:35:00.063Z] [error]: Client must be connected before running operations
[2025-03-28T10:36:00.002Z] [error]: Client must be connected before running operations
[2025-03-28T10:36:00.004Z] [error]: Client must be connected before running operations
[2025-03-28T10:36:00.012Z] [error]: Client must be connected before running operations
[2025-03-28T10:36:00.016Z] [error]: Client must be connected before running operations
[2025-03-28T10:36:00.053Z] [error]: Client must be connected before running operations
[2025-03-28T10:36:00.055Z] [error]: Client must be connected before running operations
[2025-03-28T10:37:00.061Z] [error]: Client must be connected before running operations
[2025-03-28T10:37:00.062Z] [error]: Client must be connected before running operations
[2025-03-28T10:37:00.062Z] [error]: Client must be connected before running operations
[2025-03-28T10:37:00.062Z] [error]: Client must be connected before running operations
[2025-03-28T10:37:00.063Z] [error]: Client must be connected before running operations
[2025-03-28T10:37:00.064Z] [error]: Client must be connected before running operations
[2025-03-28T10:38:00.058Z] [error]: Client must be connected before running operations
[2025-03-28T10:38:00.058Z] [error]: Client must be connected before running operations
[2025-03-28T10:38:00.060Z] [error]: Client must be connected before running operations
[2025-03-28T10:38:00.060Z] [error]: Client must be connected before running operations
[2025-03-28T10:38:00.066Z] [error]: Client must be connected before running operations
[2025-03-28T10:38:00.068Z] [error]: Client must be connected before running operations
[2025-03-28T10:39:00.016Z] [error]: Client must be connected before running operations
[2025-03-28T10:39:00.017Z] [error]: Client must be connected before running operations
[2025-03-28T10:39:00.030Z] [error]: Client must be connected before running operations
[2025-03-28T10:39:00.031Z] [error]: Client must be connected before running operations
[2025-03-28T10:39:00.055Z] [error]: Client must be connected before running operations
[2025-03-28T10:39:00.059Z] [error]: Client must be connected before running operations
[2025-03-28T10:40:00.048Z] [error]: Client must be connected before running operations
[2025-03-28T10:40:00.050Z] [error]: Client must be connected before running operations
[2025-03-28T10:40:00.061Z] [error]: Client must be connected before running operations
[2025-03-28T10:40:00.061Z] [error]: Client must be connected before running operations
[2025-03-28T10:40:00.062Z] [error]: Client must be connected before running operations
[2025-03-28T10:40:00.065Z] [error]: Client must be connected before running operations
[2025-03-28T10:41:00.059Z] [error]: Client must be connected before running operations
[2025-03-28T10:41:00.059Z] [error]: Client must be connected before running operations
[2025-03-28T10:41:00.060Z] [error]: Client must be connected before running operations
[2025-03-28T10:41:00.061Z] [error]: Client must be connected before running operations
[2025-03-28T10:41:00.061Z] [error]: Client must be connected before running operations
[2025-03-28T10:41:00.061Z] [error]: Client must be connected before running operations
[2025-03-28T10:42:00.058Z] [error]: Client must be connected before running operations
[2025-03-28T10:42:00.060Z] [error]: Client must be connected before running operations
[2025-03-28T10:42:00.060Z] [error]: Client must be connected before running operations
[2025-03-28T10:42:00.062Z] [error]: Client must be connected before running operations
[2025-03-28T10:42:00.062Z] [error]: Client must be connected before running operations
[2025-03-28T10:42:00.063Z] [error]: Client must be connected before running operations
[2025-03-28T10:43:00.018Z] [error]: Client must be connected before running operations
[2025-03-28T10:43:00.020Z] [error]: Client must be connected before running operations
[2025-03-28T10:43:00.059Z] [error]: Client must be connected before running operations
[2025-03-28T10:43:00.059Z] [error]: Client must be connected before running operations
[2025-03-28T10:43:00.060Z] [error]: Client must be connected before running operations
[2025-03-28T10:43:00.061Z] [error]: Client must be connected before running operations
[2025-03-28T10:44:00.009Z] [error]: Client must be connected before running operations
[2025-03-28T10:44:00.011Z] [error]: Client must be connected before running operations
[2025-03-28T10:44:00.058Z] [error]: Client must be connected before running operations
[2025-03-28T10:44:00.059Z] [error]: Client must be connected before running operations
[2025-03-28T10:44:00.059Z] [error]: Client must be connected before running operations
[2025-03-28T10:44:00.060Z] [error]: Client must be connected before running operations
[2025-03-28T10:45:00.012Z] [error]: Client must be connected before running operations
[2025-03-28T10:45:00.013Z] [error]: Client must be connected before running operations
[2025-03-28T10:45:00.058Z] [error]: Client must be connected before running operations
[2025-03-28T10:45:00.059Z] [error]: Client must be connected before running operations
[2025-03-28T10:45:00.061Z] [error]: Client must be connected before running operations
[2025-03-28T10:45:00.062Z] [error]: Client must be connected before running operations
[2025-03-28T10:46:00.060Z] [error]: Client must be connected before running operations
[2025-03-28T10:46:00.060Z] [error]: Client must be connected before running operations
[2025-03-28T10:46:00.061Z] [error]: Client must be connected before running operations
[2025-03-28T10:46:00.061Z] [error]: Client must be connected before running operations
[2025-03-28T10:46:00.061Z] [error]: Client must be connected before running operations
[2025-03-28T10:46:00.063Z] [error]: Client must be connected before running operations
[2025-03-28T10:47:00.016Z] [error]: Client must be connected before running operations
[2025-03-28T10:47:00.017Z] [error]: Client must be connected before running operations
[2025-03-28T10:47:00.061Z] [error]: Client must be connected before running operations
[2025-03-28T10:47:00.062Z] [error]: Client must be connected before running operations
[2025-03-28T10:47:00.064Z] [error]: Client must be connected before running operations
[2025-03-28T10:47:00.065Z] [error]: Client must be connected before running operations
[2025-03-28T10:48:00.048Z] [error]: Client must be connected before running operations
[2025-03-28T10:48:00.049Z] [error]: Client must be connected before running operations
[2025-03-28T10:48:00.054Z] [error]: Client must be connected before running operations
[2025-03-28T10:48:00.055Z] [error]: Client must be connected before running operations
[2025-03-28T10:48:00.055Z] [error]: Client must be connected before running operations
[2025-03-28T10:48:00.057Z] [error]: Client must be connected before running operations
[2025-03-28T10:49:00.058Z] [error]: Client must be connected before running operations
[2025-03-28T10:49:00.058Z] [error]: Client must be connected before running operations
[2025-03-28T10:49:00.059Z] [error]: Client must be connected before running operations
[2025-03-28T10:49:00.059Z] [error]: Client must be connected before running operations
[2025-03-28T10:49:00.059Z] [error]: Client must be connected before running operations
[2025-03-28T10:49:00.061Z] [error]: Client must be connected before running operations
[2025-03-28T10:50:00.021Z] [error]: Client must be connected before running operations
[2025-03-28T10:50:00.022Z] [error]: Client must be connected before running operations
[2025-03-28T10:50:00.058Z] [error]: Client must be connected before running operations
[2025-03-28T10:50:00.059Z] [error]: Client must be connected before running operations
[2025-03-28T10:50:00.061Z] [error]: Client must be connected before running operations
[2025-03-28T10:50:00.062Z] [error]: Client must be connected before running operations
[2025-03-28T10:51:00.058Z] [error]: Client must be connected before running operations
[2025-03-28T10:51:00.058Z] [error]: Client must be connected before running operations
[2025-03-28T10:51:00.059Z] [error]: Client must be connected before running operations
[2025-03-28T10:51:00.060Z] [error]: Client must be connected before running operations
[2025-03-28T10:51:00.061Z] [error]: Client must be connected before running operations
[2025-03-28T10:51:00.062Z] [error]: Client must be connected before running operations
[2025-03-28T10:52:00.003Z] [error]: Client must be connected before running operations
[2025-03-28T10:52:00.005Z] [error]: Client must be connected before running operations
[2025-03-28T10:52:00.025Z] [error]: Client must be connected before running operations
[2025-03-28T10:52:00.025Z] [error]: Client must be connected before running operations
[2025-03-28T10:52:00.026Z] [error]: Client must be connected before running operations
[2025-03-28T10:52:00.027Z] [error]: Client must be connected before running operations
[2025-03-28T10:53:00.010Z] [error]: Client must be connected before running operations
[2025-03-28T10:53:00.011Z] [error]: Client must be connected before running operations
[2025-03-28T10:53:00.041Z] [error]: Client must be connected before running operations
[2025-03-28T10:53:00.045Z] [error]: Client must be connected before running operations
[2025-03-28T10:53:00.060Z] [error]: Client must be connected before running operations
[2025-03-28T10:53:00.061Z] [error]: Client must be connected before running operations
[2025-03-28T10:54:00.059Z] [error]: Client must be connected before running operations
[2025-03-28T10:54:00.060Z] [error]: Client must be connected before running operations
[2025-03-28T10:54:00.061Z] [error]: Client must be connected before running operations
[2025-03-28T10:54:00.061Z] [error]: Client must be connected before running operations
[2025-03-28T10:54:00.062Z] [error]: Client must be connected before running operations
[2025-03-28T10:54:00.065Z] [error]: Client must be connected before running operations
[2025-03-28T10:55:00.022Z] [error]: Client must be connected before running operations
[2025-03-28T10:55:00.023Z] [error]: Client must be connected before running operations
[2025-03-28T10:55:00.059Z] [error]: Client must be connected before running operations
[2025-03-28T10:55:00.060Z] [error]: Client must be connected before running operations
[2025-03-28T10:55:00.060Z] [error]: Client must be connected before running operations
[2025-03-28T10:55:00.086Z] [error]: Client must be connected before running operations
[2025-03-28T10:56:00.058Z] [error]: Client must be connected before running operations
[2025-03-28T10:56:00.058Z] [error]: Client must be connected before running operations
[2025-03-28T10:56:00.059Z] [error]: Client must be connected before running operations
[2025-03-28T10:56:00.059Z] [error]: Client must be connected before running operations
[2025-03-28T10:56:00.061Z] [error]: Client must be connected before running operations
[2025-03-28T10:56:00.062Z] [error]: Client must be connected before running operations
[2025-03-28T10:57:00.058Z] [error]: Client must be connected before running operations
[2025-03-28T10:57:00.059Z] [error]: Client must be connected before running operations
[2025-03-28T10:57:00.061Z] [error]: Client must be connected before running operations
[2025-03-28T10:57:00.061Z] [error]: Client must be connected before running operations
[2025-03-28T10:57:00.062Z] [error]: Client must be connected before running operations
[2025-03-28T10:57:00.062Z] [error]: Client must be connected before running operations
[2025-03-28T10:58:00.043Z] [error]: Client must be connected before running operations
[2025-03-28T10:58:00.044Z] [error]: Client must be connected before running operations
[2025-03-28T10:58:00.058Z] [error]: Client must be connected before running operations
[2025-03-28T10:58:00.059Z] [error]: Client must be connected before running operations
[2025-03-28T10:58:00.059Z] [error]: Client must be connected before running operations
[2025-03-28T10:58:00.061Z] [error]: Client must be connected before running operations
[2025-03-28T10:59:00.055Z] [error]: Client must be connected before running operations
[2025-03-28T10:59:00.057Z] [error]: Client must be connected before running operations
[2025-03-28T10:59:00.057Z] [error]: Client must be connected before running operations
[2025-03-28T10:59:00.059Z] [error]: Client must be connected before running operations
[2025-03-28T10:59:00.059Z] [error]: Client must be connected before running operations
[2025-03-28T10:59:00.060Z] [error]: Client must be connected before running operations
[2025-03-28T11:00:00.054Z] [error]: Client must be connected before running operations
[2025-03-28T11:00:00.055Z] [error]: Client must be connected before running operations
[2025-03-28T11:00:00.058Z] [error]: Client must be connected before running operations
[2025-03-28T11:00:00.059Z] [error]: Client must be connected before running operations
[2025-03-28T11:00:00.061Z] [error]: Client must be connected before running operations
[2025-03-28T11:00:00.062Z] [error]: Client must be connected before running operations
[2025-03-28T11:01:00.041Z] [error]: Client must be connected before running operations
[2025-03-28T11:01:00.043Z] [error]: Client must be connected before running operations
[2025-03-28T11:01:00.059Z] [error]: Client must be connected before running operations
[2025-03-28T11:01:00.060Z] [error]: Client must be connected before running operations
[2025-03-28T11:01:00.060Z] [error]: Client must be connected before running operations
[2025-03-28T11:01:00.062Z] [error]: Client must be connected before running operations
[2025-03-28T11:02:00.054Z] [error]: Client must be connected before running operations
[2025-03-28T11:02:00.056Z] [error]: Client must be connected before running operations
[2025-03-28T11:02:00.061Z] [error]: Client must be connected before running operations
[2025-03-28T11:02:00.062Z] [error]: Client must be connected before running operations
[2025-03-28T11:02:00.062Z] [error]: Client must be connected before running operations
[2025-03-28T11:02:00.064Z] [error]: Client must be connected before running operations
[2025-03-28T11:03:00.045Z] [error]: Client must be connected before running operations
[2025-03-28T11:03:00.046Z] [error]: Client must be connected before running operations
[2025-03-28T11:03:00.059Z] [error]: Client must be connected before running operations
[2025-03-28T11:03:00.060Z] [error]: Client must be connected before running operations
[2025-03-28T11:03:00.061Z] [error]: Client must be connected before running operations
[2025-03-28T11:03:00.062Z] [error]: Client must be connected before running operations
[2025-03-28T11:04:00.049Z] [error]: Client must be connected before running operations
[2025-03-28T11:04:00.051Z] [error]: Client must be connected before running operations
[2025-03-28T11:04:00.058Z] [error]: Client must be connected before running operations
[2025-03-28T11:04:00.059Z] [error]: Client must be connected before running operations
[2025-03-28T11:04:00.062Z] [error]: Client must be connected before running operations
[2025-03-28T11:04:00.063Z] [error]: Client must be connected before running operations
[2025-03-28T11:05:00.034Z] [error]: Client must be connected before running operations
[2025-03-28T11:05:00.034Z] [error]: Client must be connected before running operations
[2025-03-28T11:05:00.035Z] [error]: Client must be connected before running operations
[2025-03-28T11:05:00.035Z] [error]: Client must be connected before running operations
[2025-03-28T11:05:00.061Z] [error]: Client must be connected before running operations
[2025-03-28T11:05:00.062Z] [error]: Client must be connected before running operations
[2025-03-28T11:06:00.037Z] [error]: Client must be connected before running operations
[2025-03-28T11:06:00.059Z] [error]: Client must be connected before running operations
[2025-03-28T11:06:00.059Z] [error]: Client must be connected before running operations
