[2025-03-27T17:09:28.008Z] [info]: Cleanup key token: 0 key token cleaned
[2025-03-27T17:09:28.011Z] [info]: Cleanup key token: 0 refresh token used cleaned
[2025-03-27T17:09:28.014Z] [info]: Cleanup product: Cleaned 0 products
[2025-03-27T17:10:00.009Z] [info]: Cleanup key token: 0 key token cleaned
[2025-03-27T17:10:00.009Z] [info]: Cleanup key token: 0 refresh token used cleaned
[2025-03-27T17:10:00.011Z] [info]: Cleanup product: Cleaned 0 products
[2025-03-27T17:11:00.013Z] [info]: Cleanup key token: 0 key token cleaned
[2025-03-27T17:11:00.014Z] [info]: Cleanup key token: 0 refresh token used cleaned
[2025-03-27T17:11:00.017Z] [info]: Cleanup product: Cleaned 0 products
[2025-03-27T17:12:00.007Z] [info]: Cleanup key token: 0 key token cleaned
[2025-03-27T17:12:00.007Z] [info]: Cleanup key token: 0 refresh token used cleaned
[2025-03-27T17:12:00.010Z] [info]: Cleanup product: Cleaned 0 products
[2025-03-27T17:13:00.027Z] [info]: Cleanup key token: 0 key token cleaned
[2025-03-27T17:13:00.028Z] [info]: Cleanup key token: 0 refresh token used cleaned
[2025-03-27T17:13:00.031Z] [info]: Cleanup product: Cleaned 0 products
[2025-03-27T17:14:00.025Z] [info]: Cleanup key token: 0 key token cleaned
[2025-03-27T17:14:00.026Z] [info]: Cleanup key token: 0 refresh token used cleaned
[2025-03-27T17:14:00.029Z] [info]: Cleanup product: Cleaned 0 products
[2025-03-27T17:15:00.013Z] [info]: Cleanup key token: 0 key token cleaned
[2025-03-27T17:15:00.014Z] [info]: Cleanup key token: 0 refresh token used cleaned
[2025-03-27T17:15:00.015Z] [info]: Cleanup product: Cleaned 0 products
[2025-03-27T17:16:00.010Z] [info]: Cleanup product: Cleaned 0 products
[2025-03-27T17:16:00.011Z] [info]: Cleanup key token: 0 key token cleaned
[2025-03-27T17:16:00.012Z] [info]: Cleanup key token: 0 refresh token used cleaned
[2025-03-27T17:17:00.012Z] [info]: Cleanup key token: 0 key token cleaned
[2025-03-27T17:17:00.012Z] [info]: Cleanup key token: 0 refresh token used cleaned
[2025-03-27T17:17:00.013Z] [info]: Cleanup product: Cleaned 0 products
[2025-03-27T17:18:00.010Z] [info]: Cleanup key token: 0 key token cleaned
[2025-03-27T17:18:00.010Z] [info]: Cleanup key token: 0 refresh token used cleaned
[2025-03-27T17:18:00.011Z] [info]: Cleanup product: Cleaned 0 products
[2025-03-27T17:19:00.008Z] [info]: Cleanup key token: 0 key token cleaned
[2025-03-27T17:19:00.008Z] [info]: Cleanup key token: 0 refresh token used cleaned
[2025-03-27T17:19:00.009Z] [info]: Cleanup product: Cleaned 0 products
[2025-03-27T17:20:00.010Z] [info]: Cleanup key token: 0 key token cleaned
[2025-03-27T17:20:00.010Z] [info]: Cleanup key token: 0 refresh token used cleaned
[2025-03-27T17:20:00.011Z] [info]: Cleanup product: Cleaned 0 products
[2025-03-27T17:21:00.008Z] [info]: Cleanup key token: 0 key token cleaned
[2025-03-27T17:21:00.008Z] [info]: Cleanup key token: 0 refresh token used cleaned
[2025-03-27T17:21:00.009Z] [info]: Cleanup product: Cleaned 0 products
[2025-03-27T17:22:00.014Z] [info]: Cleanup key token: 0 key token cleaned
[2025-03-27T17:22:00.015Z] [info]: Cleanup key token: 0 refresh token used cleaned
[2025-03-27T17:22:00.016Z] [info]: Cleanup product: Cleaned 0 products
[2025-03-27T17:23:00.008Z] [info]: Cleanup key token: 0 key token cleaned
[2025-03-27T17:23:00.009Z] [info]: Cleanup key token: 0 refresh token used cleaned
[2025-03-27T17:23:00.009Z] [info]: Cleanup product: Cleaned 0 products
[2025-03-27T17:24:00.006Z] [info]: Cleanup key token: 0 key token cleaned
[2025-03-27T17:24:00.006Z] [info]: Cleanup key token: 0 refresh token used cleaned
[2025-03-27T17:24:00.006Z] [info]: Cleanup product: Cleaned 0 products
[2025-03-27T17:25:00.010Z] [info]: Cleanup key token: 0 key token cleaned
[2025-03-27T17:25:00.010Z] [info]: Cleanup key token: 0 refresh token used cleaned
[2025-03-27T17:25:00.012Z] [info]: Cleanup product: Cleaned 0 products
[2025-03-27T17:26:00.007Z] [info]: Cleanup key token: 0 key token cleaned
[2025-03-27T17:26:00.007Z] [info]: Cleanup key token: 0 refresh token used cleaned
[2025-03-27T17:26:00.008Z] [info]: Cleanup product: Cleaned 0 products
[2025-03-27T17:27:00.006Z] [info]: Cleanup key token: 0 key token cleaned
[2025-03-27T17:27:00.006Z] [info]: Cleanup key token: 0 refresh token used cleaned
[2025-03-27T17:27:00.009Z] [info]: Cleanup product: Cleaned 0 products
[2025-03-27T17:28:00.006Z] [info]: Cleanup key token: 0 key token cleaned
[2025-03-27T17:28:00.007Z] [info]: Cleanup key token: 0 refresh token used cleaned
[2025-03-27T17:28:00.007Z] [info]: Cleanup product: Cleaned 0 products
[2025-03-27T17:29:00.006Z] [info]: Cleanup key token: 0 key token cleaned
[2025-03-27T17:29:00.006Z] [info]: Cleanup key token: 0 refresh token used cleaned
[2025-03-27T17:29:00.009Z] [info]: Cleanup product: Cleaned 0 products
[2025-03-27T17:30:00.006Z] [info]: Cleanup key token: 0 key token cleaned
[2025-03-27T17:30:00.006Z] [info]: Cleanup key token: 0 refresh token used cleaned
[2025-03-27T17:30:00.007Z] [info]: Cleanup product: Cleaned 0 products
[2025-03-27T17:31:00.006Z] [info]: Cleanup key token: 0 key token cleaned
[2025-03-27T17:31:00.006Z] [info]: Cleanup key token: 0 refresh token used cleaned
[2025-03-27T17:31:00.009Z] [info]: Cleanup product: Cleaned 0 products
[2025-03-27T17:32:00.007Z] [info]: Cleanup key token: 0 key token cleaned
[2025-03-27T17:32:00.007Z] [info]: Cleanup key token: 0 refresh token used cleaned
[2025-03-27T17:32:00.008Z] [info]: Cleanup product: Cleaned 0 products
[2025-03-27T17:33:00.005Z] [info]: Cleanup key token: 0 key token cleaned
[2025-03-27T17:33:00.005Z] [info]: Cleanup key token: 0 refresh token used cleaned
[2025-03-27T17:33:00.008Z] [info]: Cleanup product: Cleaned 0 products
[2025-03-27T17:34:00.006Z] [info]: Cleanup key token: 0 key token cleaned
[2025-03-27T17:34:00.006Z] [info]: Cleanup key token: 0 refresh token used cleaned
[2025-03-27T17:34:00.007Z] [info]: Cleanup product: Cleaned 0 products
[2025-03-27T17:35:00.005Z] [info]: Cleanup key token: 0 key token cleaned
[2025-03-27T17:35:00.005Z] [info]: Cleanup key token: 0 refresh token used cleaned
[2025-03-27T17:35:00.007Z] [info]: Cleanup product: Cleaned 0 products
[2025-03-27T17:36:00.007Z] [info]: Cleanup key token: 0 key token cleaned
[2025-03-27T17:36:00.007Z] [info]: Cleanup key token: 0 refresh token used cleaned
[2025-03-27T17:36:00.008Z] [info]: Cleanup product: Cleaned 0 products
[2025-03-27T17:37:00.005Z] [info]: Cleanup key token: 0 key token cleaned
[2025-03-27T17:37:00.005Z] [info]: Cleanup key token: 0 refresh token used cleaned
[2025-03-27T17:37:00.006Z] [info]: Cleanup product: Cleaned 0 products
[2025-03-27T17:38:00.007Z] [info]: Cleanup key token: 0 key token cleaned
[2025-03-27T17:38:00.007Z] [info]: Cleanup key token: 0 refresh token used cleaned
[2025-03-27T17:38:00.008Z] [info]: Cleanup product: Cleaned 0 products
[2025-03-27T17:39:00.004Z] [info]: Cleanup key token: 0 key token cleaned
[2025-03-27T17:39:00.004Z] [info]: Cleanup key token: 0 refresh token used cleaned
[2025-03-27T17:39:00.006Z] [info]: Cleanup product: Cleaned 0 products
[2025-03-27T17:40:00.005Z] [info]: Cleanup key token: 0 key token cleaned
[2025-03-27T17:40:00.005Z] [info]: Cleanup key token: 0 refresh token used cleaned
[2025-03-27T17:40:00.006Z] [info]: Cleanup product: Cleaned 0 products
[2025-03-27T17:52:13.532Z] [info]: Cleanup key token: 0 key token cleaned
[2025-03-27T17:52:13.532Z] [info]: Cleanup key token: 0 refresh token used cleaned
[2025-03-27T17:52:13.534Z] [info]: Cleanup product: Cleaned 0 products
[2025-03-27T17:53:00.009Z] [info]: Cleanup key token: 0 key token cleaned
[2025-03-27T17:53:00.010Z] [info]: Cleanup key token: 0 refresh token used cleaned
[2025-03-27T17:53:00.011Z] [info]: Cleanup product: Cleaned 0 products
[2025-03-27T17:54:00.006Z] [info]: Cleanup key token: 0 key token cleaned
[2025-03-27T17:54:00.006Z] [info]: Cleanup key token: 0 refresh token used cleaned
[2025-03-27T17:54:00.009Z] [info]: Cleanup product: Cleaned 0 products
[2025-03-27T17:54:57.635Z] [info]: Server closed
[2025-03-27T17:54:57.793Z] [info]: Server closed
[2025-03-27T17:54:57.796Z] [info]: Server closed
[2025-03-27T18:54:00.015Z] [info]: Cleanup key token: 0 key token cleaned
[2025-03-27T18:54:00.015Z] [info]: Cleanup key token: 0 refresh token used cleaned
[2025-03-27T18:54:00.019Z] [info]: Cleanup product: Cleaned 0 products
[2025-03-27T18:56:00.036Z] [info]: Cleanup key token: 0 key token cleaned
[2025-03-27T18:56:00.037Z] [info]: Cleanup key token: 0 refresh token used cleaned
[2025-03-27T18:56:00.042Z] [info]: Cleanup product: Cleaned 0 products
[2025-03-27T18:57:00.009Z] [info]: Cleanup key token: 0 key token cleaned
[2025-03-27T18:57:00.009Z] [info]: Cleanup key token: 0 refresh token used cleaned
[2025-03-27T18:57:00.011Z] [info]: Cleanup product: Cleaned 0 products
[2025-03-27T18:58:00.007Z] [info]: Cleanup key token: 0 key token cleaned
[2025-03-27T18:58:00.007Z] [info]: Cleanup key token: 0 refresh token used cleaned
[2025-03-27T18:58:00.008Z] [info]: Cleanup product: Cleaned 0 products
[2025-03-27T18:59:00.007Z] [info]: Cleanup key token: 0 key token cleaned
[2025-03-27T18:59:00.007Z] [info]: Cleanup key token: 0 refresh token used cleaned
[2025-03-27T18:59:00.008Z] [info]: Cleanup product: Cleaned 0 products
[2025-03-27T19:00:00.005Z] [info]: Cleanup key token: 0 key token cleaned
[2025-03-27T19:00:00.006Z] [info]: Cleanup key token: 0 refresh token used cleaned
[2025-03-27T19:00:00.006Z] [info]: Cleanup product: Cleaned 0 products
[2025-03-27T19:01:00.007Z] [info]: Cleanup key token: 0 key token cleaned
[2025-03-27T19:01:00.007Z] [info]: Cleanup key token: 0 refresh token used cleaned
[2025-03-27T19:01:00.007Z] [info]: Cleanup product: Cleaned 0 products
[2025-03-27T19:02:00.007Z] [info]: Cleanup key token: 0 key token cleaned
[2025-03-27T19:02:00.007Z] [info]: Cleanup key token: 0 refresh token used cleaned
[2025-03-27T19:02:00.007Z] [info]: Cleanup product: Cleaned 0 products
[2025-03-27T19:03:00.005Z] [info]: Cleanup key token: 0 key token cleaned
[2025-03-27T19:03:00.006Z] [info]: Cleanup key token: 0 refresh token used cleaned
[2025-03-27T19:03:00.006Z] [info]: Cleanup product: Cleaned 0 products
[2025-03-27T19:04:00.007Z] [info]: Cleanup key token: 0 key token cleaned
[2025-03-27T19:04:00.007Z] [info]: Cleanup key token: 0 refresh token used cleaned
[2025-03-27T19:04:00.007Z] [info]: Cleanup product: Cleaned 0 products
[2025-03-27T19:05:00.006Z] [info]: Cleanup key token: 0 key token cleaned
[2025-03-27T19:05:00.007Z] [info]: Cleanup key token: 0 refresh token used cleaned
[2025-03-27T19:05:00.007Z] [info]: Cleanup product: Cleaned 0 products
[2025-03-27T19:06:00.007Z] [info]: Cleanup key token: 0 key token cleaned
[2025-03-27T19:06:00.007Z] [info]: Cleanup key token: 0 refresh token used cleaned
[2025-03-27T19:06:00.007Z] [info]: Cleanup product: Cleaned 0 products
[2025-03-27T19:07:00.006Z] [info]: Cleanup key token: 0 key token cleaned
[2025-03-27T19:07:00.006Z] [info]: Cleanup key token: 0 refresh token used cleaned
[2025-03-27T19:07:00.008Z] [info]: Cleanup product: Cleaned 0 products
[2025-03-27T19:08:00.007Z] [info]: Cleanup key token: 0 key token cleaned
[2025-03-27T19:08:00.007Z] [info]: Cleanup key token: 0 refresh token used cleaned
[2025-03-27T19:08:00.008Z] [info]: Cleanup product: Cleaned 0 products
[2025-03-27T19:09:00.004Z] [info]: Cleanup key token: 0 key token cleaned
[2025-03-27T19:09:00.005Z] [info]: Cleanup key token: 0 refresh token used cleaned
[2025-03-27T19:09:00.008Z] [info]: Cleanup product: Cleaned 0 products
[2025-03-27T19:10:00.006Z] [info]: Cleanup key token: 0 key token cleaned
[2025-03-27T19:10:00.006Z] [info]: Cleanup key token: 0 refresh token used cleaned
[2025-03-27T19:10:00.007Z] [info]: Cleanup product: Cleaned 0 products
[2025-03-27T19:11:00.005Z] [info]: Cleanup key token: 0 key token cleaned
[2025-03-27T19:11:00.005Z] [info]: Cleanup key token: 0 refresh token used cleaned
[2025-03-27T19:11:00.005Z] [info]: Cleanup product: Cleaned 0 products
[2025-03-27T19:12:00.004Z] [info]: Cleanup key token: 0 key token cleaned
[2025-03-27T19:12:00.005Z] [info]: Cleanup key token: 0 refresh token used cleaned
[2025-03-27T19:12:00.007Z] [info]: Cleanup product: Cleaned 0 products
[2025-03-27T19:13:00.004Z] [info]: Cleanup key token: 0 key token cleaned
[2025-03-27T19:13:00.004Z] [info]: Cleanup key token: 0 refresh token used cleaned
[2025-03-27T19:13:00.007Z] [info]: Cleanup product: Cleaned 0 products
[2025-03-27T19:14:00.005Z] [info]: Cleanup key token: 0 key token cleaned
[2025-03-27T19:14:00.006Z] [info]: Cleanup key token: 0 refresh token used cleaned
[2025-03-27T19:14:00.008Z] [info]: Cleanup product: Cleaned 0 products
[2025-03-27T19:15:00.007Z] [info]: Cleanup key token: 0 key token cleaned
[2025-03-27T19:15:00.007Z] [info]: Cleanup key token: 0 refresh token used cleaned
[2025-03-27T19:15:00.007Z] [info]: Cleanup product: Cleaned 0 products
[2025-03-27T19:16:00.004Z] [info]: Cleanup key token: 0 key token cleaned
[2025-03-27T19:16:00.005Z] [info]: Cleanup key token: 0 refresh token used cleaned
[2025-03-27T19:16:00.007Z] [info]: Cleanup product: Cleaned 0 products
[2025-03-27T19:17:00.007Z] [info]: Cleanup key token: 0 key token cleaned
[2025-03-27T19:17:00.008Z] [info]: Cleanup key token: 0 refresh token used cleaned
[2025-03-27T19:17:00.010Z] [info]: Cleanup product: Cleaned 0 products
[2025-03-27T19:32:22.952Z] [info]: Cleanup key token: 0 key token cleaned
[2025-03-27T19:32:22.952Z] [info]: Cleanup key token: 0 refresh token used cleaned
[2025-03-27T19:32:22.953Z] [info]: Cleanup product: Cleaned 0 products
[2025-03-27T19:33:00.011Z] [info]: Cleanup key token: 0 key token cleaned
[2025-03-27T19:33:00.011Z] [info]: Cleanup key token: 0 refresh token used cleaned
[2025-03-27T19:33:00.011Z] [info]: Cleanup product: Cleaned 0 products
[2025-03-27T19:34:00.008Z] [info]: Cleanup key token: 0 key token cleaned
[2025-03-27T19:34:00.008Z] [info]: Cleanup key token: 0 refresh token used cleaned
[2025-03-27T19:34:00.009Z] [info]: Cleanup product: Cleaned 0 products
[2025-03-27T19:35:00.007Z] [info]: Cleanup key token: 0 key token cleaned
[2025-03-27T19:35:00.007Z] [info]: Cleanup key token: 0 refresh token used cleaned
[2025-03-27T19:35:00.008Z] [info]: Cleanup product: Cleaned 0 products
[2025-03-27T19:36:00.006Z] [info]: Cleanup key token: 0 key token cleaned
[2025-03-27T19:36:00.007Z] [info]: Cleanup key token: 0 refresh token used cleaned
[2025-03-27T19:36:00.007Z] [info]: Cleanup product: Cleaned 0 products
[2025-03-27T19:37:00.006Z] [info]: Cleanup key token: 0 key token cleaned
[2025-03-27T19:37:00.006Z] [info]: Cleanup key token: 0 refresh token used cleaned
[2025-03-27T19:37:00.006Z] [info]: Cleanup product: Cleaned 0 products
[2025-03-27T19:38:00.006Z] [info]: Cleanup key token: 0 key token cleaned
[2025-03-27T19:38:00.006Z] [info]: Cleanup key token: 0 refresh token used cleaned
[2025-03-27T19:38:00.007Z] [info]: Cleanup product: Cleaned 0 products
[2025-03-27T19:39:00.006Z] [info]: Cleanup key token: 0 key token cleaned
[2025-03-27T19:39:00.006Z] [info]: Cleanup key token: 0 refresh token used cleaned
[2025-03-27T19:39:00.006Z] [info]: Cleanup product: Cleaned 0 products
[2025-03-27T19:40:00.006Z] [info]: Cleanup key token: 0 key token cleaned
[2025-03-27T19:40:00.006Z] [info]: Cleanup key token: 0 refresh token used cleaned
[2025-03-27T19:40:00.006Z] [info]: Cleanup product: Cleaned 0 products
[2025-03-27T19:41:00.005Z] [info]: Cleanup key token: 0 key token cleaned
[2025-03-27T19:41:00.005Z] [info]: Cleanup key token: 0 refresh token used cleaned
[2025-03-27T19:41:00.006Z] [info]: Cleanup product: Cleaned 0 products
[2025-03-27T19:42:00.007Z] [info]: Cleanup key token: 0 key token cleaned
[2025-03-27T19:42:00.007Z] [info]: Cleanup key token: 0 refresh token used cleaned
[2025-03-27T19:42:00.008Z] [info]: Cleanup product: Cleaned 0 products
[2025-03-27T19:43:00.004Z] [info]: Cleanup key token: 0 key token cleaned
[2025-03-27T19:43:00.005Z] [info]: Cleanup key token: 0 refresh token used cleaned
[2025-03-27T19:43:00.006Z] [info]: Cleanup product: Cleaned 0 products
[2025-03-27T19:44:00.004Z] [info]: Cleanup key token: 0 key token cleaned
[2025-03-27T19:44:00.004Z] [info]: Cleanup key token: 0 refresh token used cleaned
[2025-03-27T19:44:00.008Z] [info]: Cleanup product: Cleaned 0 products
[2025-03-27T19:45:00.004Z] [info]: Cleanup key token: 0 key token cleaned
[2025-03-27T19:45:00.004Z] [info]: Cleanup key token: 0 refresh token used cleaned
[2025-03-27T19:45:00.006Z] [info]: Cleanup product: Cleaned 0 products
[2025-03-27T19:46:00.005Z] [info]: Cleanup key token: 0 key token cleaned
[2025-03-27T19:46:00.006Z] [info]: Cleanup key token: 0 refresh token used cleaned
[2025-03-27T19:46:00.008Z] [info]: Cleanup product: Cleaned 0 products
[2025-03-27T19:47:00.007Z] [info]: Cleanup key token: 0 key token cleaned
[2025-03-27T19:47:00.007Z] [info]: Cleanup key token: 0 refresh token used cleaned
[2025-03-27T19:47:00.008Z] [info]: Cleanup product: Cleaned 0 products
[2025-03-27T19:48:00.005Z] [info]: Cleanup key token: 0 key token cleaned
[2025-03-27T19:48:00.005Z] [info]: Cleanup key token: 0 refresh token used cleaned
[2025-03-27T19:48:00.005Z] [info]: Cleanup product: Cleaned 0 products
[2025-03-27T19:49:00.006Z] [info]: Cleanup key token: 0 key token cleaned
[2025-03-27T19:49:00.006Z] [info]: Cleanup key token: 0 refresh token used cleaned
[2025-03-27T19:49:00.006Z] [info]: Cleanup product: Cleaned 0 products
[2025-03-27T19:50:00.004Z] [info]: Cleanup key token: 0 key token cleaned
[2025-03-27T19:50:00.004Z] [info]: Cleanup key token: 0 refresh token used cleaned
[2025-03-27T19:50:00.006Z] [info]: Cleanup product: Cleaned 0 products
[2025-03-27T19:51:00.006Z] [info]: Cleanup key token: 0 key token cleaned
[2025-03-27T19:51:00.006Z] [info]: Cleanup key token: 0 refresh token used cleaned
[2025-03-27T19:51:00.008Z] [info]: Cleanup product: Cleaned 0 products
[2025-03-28T04:55:00.033Z] [info]: Cleanup key token: 0 key token cleaned
[2025-03-28T04:55:00.034Z] [info]: Cleanup key token: 0 refresh token used cleaned
[2025-03-28T04:55:00.039Z] [info]: Cleanup product: Cleaned 0 products
[2025-03-28T04:56:00.012Z] [info]: Cleanup key token: 0 key token cleaned
[2025-03-28T04:56:00.012Z] [info]: Cleanup key token: 0 refresh token used cleaned
[2025-03-28T04:56:00.016Z] [info]: Cleanup product: Cleaned 0 products
[2025-03-28T04:57:00.010Z] [info]: Cleanup key token: 0 key token cleaned
[2025-03-28T04:57:00.010Z] [info]: Cleanup key token: 0 refresh token used cleaned
[2025-03-28T04:57:00.014Z] [info]: Cleanup product: Cleaned 0 products
[2025-03-28T04:58:00.012Z] [info]: Cleanup key token: 0 key token cleaned
[2025-03-28T04:58:00.012Z] [info]: Cleanup key token: 0 refresh token used cleaned
[2025-03-28T04:58:00.016Z] [info]: Cleanup product: Cleaned 0 products
[2025-03-28T04:59:00.007Z] [info]: Cleanup key token: 0 key token cleaned
[2025-03-28T04:59:00.007Z] [info]: Cleanup key token: 0 refresh token used cleaned
[2025-03-28T04:59:00.009Z] [info]: Cleanup product: Cleaned 0 products
[2025-03-28T05:00:00.006Z] [info]: Cleanup key token: 0 key token cleaned
[2025-03-28T05:00:00.006Z] [info]: Cleanup key token: 0 refresh token used cleaned
[2025-03-28T05:00:00.008Z] [info]: Cleanup product: Cleaned 0 products
[2025-03-28T05:01:00.006Z] [info]: Cleanup key token: 0 key token cleaned
[2025-03-28T05:01:00.006Z] [info]: Cleanup key token: 0 refresh token used cleaned
[2025-03-28T05:01:00.007Z] [info]: Cleanup product: Cleaned 0 products
[2025-03-28T05:02:00.007Z] [info]: Cleanup key token: 0 key token cleaned
[2025-03-28T05:02:00.007Z] [info]: Cleanup key token: 0 refresh token used cleaned
[2025-03-28T05:02:00.009Z] [info]: Cleanup product: Cleaned 0 products
[2025-03-28T05:03:00.014Z] [info]: Cleanup key token: 0 key token cleaned
[2025-03-28T05:03:00.014Z] [info]: Cleanup key token: 0 refresh token used cleaned
[2025-03-28T05:03:00.017Z] [info]: Cleanup product: Cleaned 0 products
[2025-03-28T05:04:00.091Z] [info]: Cleanup key token: 0 key token cleaned
[2025-03-28T05:04:00.093Z] [info]: Cleanup key token: 0 refresh token used cleaned
[2025-03-28T05:04:00.100Z] [info]: Cleanup product: Cleaned 0 products
[2025-03-28T05:05:00.009Z] [info]: Cleanup key token: 0 key token cleaned
[2025-03-28T05:05:00.009Z] [info]: Cleanup key token: 0 refresh token used cleaned
[2025-03-28T05:05:00.010Z] [info]: Cleanup product: Cleaned 0 products
[2025-03-28T05:06:00.006Z] [info]: Cleanup key token: 0 key token cleaned
[2025-03-28T05:06:00.006Z] [info]: Cleanup key token: 0 refresh token used cleaned
[2025-03-28T05:06:00.009Z] [info]: Cleanup product: Cleaned 0 products
[2025-03-28T05:07:00.008Z] [info]: Cleanup key token: 0 key token cleaned
[2025-03-28T05:07:00.008Z] [info]: Cleanup key token: 0 refresh token used cleaned
[2025-03-28T05:07:00.011Z] [info]: Cleanup product: Cleaned 0 products
[2025-03-28T05:08:00.016Z] [info]: Cleanup key token: 0 key token cleaned
[2025-03-28T05:08:00.017Z] [info]: Cleanup key token: 0 refresh token used cleaned
[2025-03-28T05:08:00.018Z] [info]: Cleanup product: Cleaned 0 products
[2025-03-28T05:09:00.019Z] [info]: Cleanup key token: 0 key token cleaned
[2025-03-28T05:09:00.020Z] [info]: Cleanup key token: 0 refresh token used cleaned
[2025-03-28T05:09:00.024Z] [info]: Cleanup product: Cleaned 0 products
[2025-03-28T05:10:00.013Z] [info]: Cleanup key token: 0 key token cleaned
[2025-03-28T05:10:00.014Z] [info]: Cleanup key token: 0 refresh token used cleaned
[2025-03-28T05:10:00.019Z] [info]: Cleanup product: Cleaned 0 products
[2025-03-28T05:11:00.011Z] [info]: Cleanup key token: 0 key token cleaned
[2025-03-28T05:11:00.011Z] [info]: Cleanup key token: 0 refresh token used cleaned
[2025-03-28T05:11:00.012Z] [info]: Cleanup product: Cleaned 0 products
[2025-03-28T05:12:00.016Z] [info]: Cleanup key token: 0 key token cleaned
[2025-03-28T05:12:00.016Z] [info]: Cleanup key token: 0 refresh token used cleaned
[2025-03-28T05:12:00.017Z] [info]: Cleanup product: Cleaned 0 products
[2025-03-28T05:13:00.011Z] [info]: Cleanup key token: 0 key token cleaned
[2025-03-28T05:13:00.012Z] [info]: Cleanup key token: 0 refresh token used cleaned
[2025-03-28T05:13:00.012Z] [info]: Cleanup product: Cleaned 0 products
[2025-03-28T05:14:00.030Z] [info]: Cleanup key token: 0 key token cleaned
[2025-03-28T05:14:00.030Z] [info]: Cleanup key token: 0 refresh token used cleaned
[2025-03-28T05:14:00.035Z] [info]: Cleanup product: Cleaned 0 products
[2025-03-28T05:15:00.033Z] [info]: Cleanup key token: 0 key token cleaned
[2025-03-28T05:15:00.033Z] [info]: Cleanup key token: 0 refresh token used cleaned
[2025-03-28T05:15:00.036Z] [info]: Cleanup product: Cleaned 0 products
[2025-03-28T05:17:00.041Z] [info]: Cleanup key token: 0 key token cleaned
[2025-03-28T05:17:00.041Z] [info]: Cleanup key token: 0 refresh token used cleaned
[2025-03-28T05:17:00.042Z] [info]: Cleanup product: Cleaned 0 products
[2025-03-28T05:19:00.035Z] [info]: Cleanup key token: 0 key token cleaned
[2025-03-28T05:19:00.036Z] [info]: Cleanup key token: 0 refresh token used cleaned
[2025-03-28T05:19:00.040Z] [info]: Cleanup product: Cleaned 0 products
[2025-03-28T05:21:00.020Z] [info]: Cleanup key token: 0 key token cleaned
[2025-03-28T05:21:00.021Z] [info]: Cleanup key token: 0 refresh token used cleaned
[2025-03-28T05:21:00.024Z] [info]: Cleanup product: Cleaned 0 products
[2025-03-28T05:22:00.008Z] [info]: Cleanup key token: 0 key token cleaned
[2025-03-28T05:22:00.009Z] [info]: Cleanup key token: 0 refresh token used cleaned
[2025-03-28T05:22:00.012Z] [info]: Cleanup product: Cleaned 0 products
[2025-03-28T05:23:00.010Z] [info]: Cleanup key token: 0 key token cleaned
[2025-03-28T05:23:00.010Z] [info]: Cleanup key token: 0 refresh token used cleaned
[2025-03-28T05:23:00.013Z] [info]: Cleanup product: Cleaned 0 products
[2025-03-28T05:24:00.008Z] [info]: Cleanup key token: 0 key token cleaned
[2025-03-28T05:24:00.008Z] [info]: Cleanup key token: 0 refresh token used cleaned
[2025-03-28T05:24:00.012Z] [info]: Cleanup product: Cleaned 0 products
[2025-03-28T05:25:00.008Z] [info]: Cleanup key token: 0 key token cleaned
[2025-03-28T05:25:00.008Z] [info]: Cleanup key token: 0 refresh token used cleaned
[2025-03-28T05:25:00.011Z] [info]: Cleanup product: Cleaned 0 products
[2025-03-28T05:26:00.011Z] [info]: Cleanup key token: 0 key token cleaned
[2025-03-28T05:26:00.011Z] [info]: Cleanup key token: 0 refresh token used cleaned
[2025-03-28T05:26:00.013Z] [info]: Cleanup product: Cleaned 0 products
[2025-03-28T05:27:00.010Z] [info]: Cleanup key token: 0 key token cleaned
[2025-03-28T05:27:00.010Z] [info]: Cleanup key token: 0 refresh token used cleaned
[2025-03-28T05:27:00.012Z] [info]: Cleanup product: Cleaned 0 products
[2025-03-28T05:28:00.009Z] [info]: Cleanup key token: 0 key token cleaned
[2025-03-28T05:28:00.010Z] [info]: Cleanup key token: 0 refresh token used cleaned
[2025-03-28T05:28:00.010Z] [info]: Cleanup product: Cleaned 0 products
[2025-03-28T05:29:00.011Z] [info]: Cleanup key token: 0 key token cleaned
[2025-03-28T05:29:00.011Z] [info]: Cleanup key token: 0 refresh token used cleaned
[2025-03-28T05:29:00.011Z] [info]: Cleanup product: Cleaned 0 products
[2025-03-28T05:30:00.009Z] [info]: Cleanup key token: 0 key token cleaned
[2025-03-28T05:30:00.010Z] [info]: Cleanup key token: 0 refresh token used cleaned
[2025-03-28T05:30:00.010Z] [info]: Cleanup product: Cleaned 0 products
[2025-03-28T05:31:00.012Z] [info]: Cleanup key token: 0 key token cleaned
[2025-03-28T05:31:00.012Z] [info]: Cleanup key token: 0 refresh token used cleaned
[2025-03-28T05:31:00.015Z] [info]: Cleanup product: Cleaned 0 products
[2025-03-28T05:32:00.022Z] [info]: Cleanup key token: 0 key token cleaned
[2025-03-28T05:32:00.022Z] [info]: Cleanup key token: 0 refresh token used cleaned
[2025-03-28T05:32:00.023Z] [info]: Cleanup product: Cleaned 0 products
[2025-03-28T05:34:00.087Z] [info]: Cleanup key token: 0 key token cleaned
[2025-03-28T05:34:00.089Z] [info]: Cleanup key token: 0 refresh token used cleaned
[2025-03-28T05:34:00.096Z] [info]: Cleanup product: Cleaned 0 products
[2025-03-28T05:35:00.043Z] [info]: Cleanup key token: 0 key token cleaned
[2025-03-28T05:35:00.044Z] [info]: Cleanup key token: 0 refresh token used cleaned
[2025-03-28T05:35:00.050Z] [info]: Cleanup product: Cleaned 0 products
[2025-03-28T05:36:00.050Z] [info]: Cleanup key token: 0 key token cleaned
[2025-03-28T05:36:00.051Z] [info]: Cleanup key token: 0 refresh token used cleaned
[2025-03-28T05:36:00.056Z] [info]: Cleanup product: Cleaned 0 products
[2025-03-28T05:38:00.074Z] [info]: Cleanup key token: 0 key token cleaned
[2025-03-28T05:38:00.075Z] [info]: Cleanup key token: 0 refresh token used cleaned
[2025-03-28T05:38:00.083Z] [info]: Cleanup product: Cleaned 0 products
[2025-03-28T05:39:00.033Z] [info]: Cleanup key token: 0 key token cleaned
[2025-03-28T05:39:00.034Z] [info]: Cleanup key token: 0 refresh token used cleaned
[2025-03-28T05:39:00.037Z] [info]: Cleanup product: Cleaned 0 products
[2025-03-28T05:40:00.039Z] [info]: Cleanup key token: 0 key token cleaned
[2025-03-28T05:40:00.040Z] [info]: Cleanup key token: 0 refresh token used cleaned
[2025-03-28T05:40:00.044Z] [info]: Cleanup product: Cleaned 0 products
[2025-03-28T05:41:00.032Z] [info]: Cleanup key token: 0 key token cleaned
[2025-03-28T05:41:00.032Z] [info]: Cleanup key token: 0 refresh token used cleaned
[2025-03-28T05:41:00.036Z] [info]: Cleanup product: Cleaned 0 products
[2025-03-28T05:46:00.051Z] [info]: Cleanup key token: 0 key token cleaned
[2025-03-28T05:46:00.051Z] [info]: Cleanup key token: 0 refresh token used cleaned
[2025-03-28T05:46:00.056Z] [info]: Cleanup product: Cleaned 0 products
[2025-03-28T05:47:00.034Z] [info]: Cleanup key token: 0 key token cleaned
[2025-03-28T05:47:00.035Z] [info]: Cleanup key token: 0 refresh token used cleaned
[2025-03-28T05:47:00.039Z] [info]: Cleanup product: Cleaned 0 products
[2025-03-28T05:49:00.031Z] [info]: Cleanup key token: 0 key token cleaned
[2025-03-28T05:49:00.031Z] [info]: Cleanup key token: 0 refresh token used cleaned
[2025-03-28T05:49:00.036Z] [info]: Cleanup product: Cleaned 0 products
[2025-03-28T05:50:00.038Z] [info]: Cleanup key token: 0 key token cleaned
[2025-03-28T05:50:00.038Z] [info]: Cleanup key token: 0 refresh token used cleaned
[2025-03-28T05:50:00.042Z] [info]: Cleanup product: Cleaned 0 products
[2025-03-28T05:51:00.028Z] [info]: Cleanup key token: 0 key token cleaned
[2025-03-28T05:51:00.028Z] [info]: Cleanup key token: 0 refresh token used cleaned
[2025-03-28T05:51:00.032Z] [info]: Cleanup product: Cleaned 0 products
[2025-03-28T05:53:00.030Z] [info]: Cleanup key token: 0 key token cleaned
[2025-03-28T05:53:00.030Z] [info]: Cleanup key token: 0 refresh token used cleaned
[2025-03-28T05:53:00.031Z] [info]: Cleanup product: Cleaned 0 products
[2025-03-28T05:54:00.009Z] [info]: Cleanup key token: 0 key token cleaned
[2025-03-28T05:54:00.010Z] [info]: Cleanup key token: 0 refresh token used cleaned
[2025-03-28T05:54:00.011Z] [info]: Cleanup product: Cleaned 0 products
[2025-03-28T05:55:00.012Z] [info]: Cleanup key token: 0 key token cleaned
[2025-03-28T05:55:00.012Z] [info]: Cleanup key token: 0 refresh token used cleaned
[2025-03-28T05:55:00.013Z] [info]: Cleanup product: Cleaned 0 products
[2025-03-28T05:56:00.047Z] [info]: Cleanup key token: 0 key token cleaned
[2025-03-28T05:56:00.048Z] [info]: Cleanup key token: 0 refresh token used cleaned
[2025-03-28T05:56:00.052Z] [info]: Cleanup product: Cleaned 0 products
[2025-03-28T05:58:00.030Z] [info]: Cleanup key token: 0 key token cleaned
[2025-03-28T05:58:00.030Z] [info]: Cleanup key token: 0 refresh token used cleaned
[2025-03-28T05:58:00.034Z] [info]: Cleanup product: Cleaned 0 products
[2025-03-28T05:59:00.039Z] [info]: Cleanup key token: 0 key token cleaned
[2025-03-28T05:59:00.040Z] [info]: Cleanup key token: 0 refresh token used cleaned
[2025-03-28T05:59:00.045Z] [info]: Cleanup product: Cleaned 0 products
[2025-03-28T06:00:00.042Z] [info]: Cleanup key token: 0 key token cleaned
[2025-03-28T06:00:00.043Z] [info]: Cleanup key token: 0 refresh token used cleaned
[2025-03-28T06:00:00.048Z] [info]: Cleanup product: Cleaned 0 products
[2025-03-28T06:01:00.035Z] [info]: Cleanup key token: 0 key token cleaned
[2025-03-28T06:01:00.035Z] [info]: Cleanup key token: 0 refresh token used cleaned
[2025-03-28T06:01:00.039Z] [info]: Cleanup product: Cleaned 0 products
[2025-03-28T06:02:00.016Z] [info]: Cleanup key token: 0 key token cleaned
[2025-03-28T06:02:00.017Z] [info]: Cleanup key token: 0 refresh token used cleaned
[2025-03-28T06:02:00.024Z] [info]: Cleanup product: Cleaned 0 products
[2025-03-28T06:03:00.034Z] [info]: Cleanup key token: 0 key token cleaned
[2025-03-28T06:03:00.034Z] [info]: Cleanup key token: 0 refresh token used cleaned
[2025-03-28T06:03:00.038Z] [info]: Cleanup product: Cleaned 0 products
[2025-03-28T06:04:00.052Z] [info]: Cleanup key token: 0 key token cleaned
[2025-03-28T06:04:00.053Z] [info]: Cleanup key token: 0 refresh token used cleaned
[2025-03-28T06:04:00.060Z] [info]: Cleanup product: Cleaned 0 products
[2025-03-28T06:05:00.040Z] [info]: Cleanup key token: 0 key token cleaned
[2025-03-28T06:05:00.040Z] [info]: Cleanup key token: 0 refresh token used cleaned
[2025-03-28T06:05:00.044Z] [info]: Cleanup product: Cleaned 0 products
[2025-03-28T06:06:00.009Z] [info]: Cleanup key token: 0 key token cleaned
[2025-03-28T06:06:00.009Z] [info]: Cleanup key token: 0 refresh token used cleaned
[2025-03-28T06:06:00.012Z] [info]: Cleanup product: Cleaned 0 products
[2025-03-28T06:07:00.012Z] [info]: Cleanup key token: 0 key token cleaned
[2025-03-28T06:07:00.012Z] [info]: Cleanup key token: 0 refresh token used cleaned
[2025-03-28T06:07:00.014Z] [info]: Cleanup product: Cleaned 0 products
[2025-03-28T06:08:00.016Z] [info]: Cleanup key token: 0 key token cleaned
[2025-03-28T06:08:00.017Z] [info]: Cleanup key token: 0 refresh token used cleaned
[2025-03-28T06:08:00.018Z] [info]: Cleanup product: Cleaned 0 products
[2025-03-28T06:09:00.009Z] [info]: Cleanup product: Cleaned 0 products
[2025-03-28T06:09:00.011Z] [info]: Cleanup key token: 0 key token cleaned
[2025-03-28T06:09:00.011Z] [info]: Cleanup key token: 0 refresh token used cleaned
[2025-03-28T06:10:00.010Z] [info]: Cleanup key token: 0 key token cleaned
[2025-03-28T06:10:00.010Z] [info]: Cleanup key token: 0 refresh token used cleaned
[2025-03-28T06:10:00.011Z] [info]: Cleanup product: Cleaned 0 products
[2025-03-28T06:11:00.030Z] [info]: Cleanup key token: 0 key token cleaned
[2025-03-28T06:11:00.031Z] [info]: Cleanup key token: 0 refresh token used cleaned
[2025-03-28T06:11:00.031Z] [info]: Cleanup product: Cleaned 0 products
[2025-03-28T06:13:00.028Z] [info]: Cleanup key token: 0 key token cleaned
[2025-03-28T06:13:00.028Z] [info]: Cleanup key token: 0 refresh token used cleaned
[2025-03-28T06:13:00.032Z] [info]: Cleanup product: Cleaned 0 products
[2025-03-28T06:15:00.015Z] [info]: Cleanup key token: 0 key token cleaned
[2025-03-28T06:15:00.015Z] [info]: Cleanup key token: 0 refresh token used cleaned
[2025-03-28T06:15:00.016Z] [info]: Cleanup product: Cleaned 0 products
[2025-03-28T06:16:00.041Z] [info]: Cleanup key token: 0 key token cleaned
[2025-03-28T06:16:00.042Z] [info]: Cleanup key token: 0 refresh token used cleaned
[2025-03-28T06:16:00.046Z] [info]: Cleanup product: Cleaned 0 products
[2025-03-28T06:17:00.010Z] [info]: Cleanup key token: 0 key token cleaned
[2025-03-28T06:17:00.010Z] [info]: Cleanup key token: 0 refresh token used cleaned
[2025-03-28T06:17:00.013Z] [info]: Cleanup product: Cleaned 0 products
[2025-03-28T06:18:00.014Z] [info]: Cleanup key token: 0 key token cleaned
[2025-03-28T06:18:00.014Z] [info]: Cleanup key token: 0 refresh token used cleaned
[2025-03-28T06:18:00.015Z] [info]: Cleanup product: Cleaned 0 products
[2025-03-28T06:19:00.013Z] [info]: Cleanup key token: 0 key token cleaned
[2025-03-28T06:19:00.013Z] [info]: Cleanup key token: 0 refresh token used cleaned
[2025-03-28T06:19:00.016Z] [info]: Cleanup product: Cleaned 0 products
[2025-03-28T06:20:00.012Z] [info]: Cleanup key token: 0 key token cleaned
[2025-03-28T06:20:00.012Z] [info]: Cleanup key token: 0 refresh token used cleaned
[2025-03-28T06:20:00.016Z] [info]: Cleanup product: Cleaned 0 products
[2025-03-28T06:21:00.015Z] [info]: Cleanup key token: 0 key token cleaned
[2025-03-28T06:21:00.016Z] [info]: Cleanup key token: 0 refresh token used cleaned
[2025-03-28T06:21:00.019Z] [info]: Cleanup product: Cleaned 0 products
[2025-03-28T06:22:00.333Z] [info]: Cleanup key token: 0 key token cleaned
[2025-03-28T06:22:00.334Z] [info]: Cleanup key token: 0 refresh token used cleaned
[2025-03-28T06:22:00.340Z] [info]: Cleanup product: Cleaned 0 products
[2025-03-28T06:23:00.016Z] [info]: Cleanup key token: 0 key token cleaned
[2025-03-28T06:23:00.017Z] [info]: Cleanup key token: 0 refresh token used cleaned
[2025-03-28T06:23:00.017Z] [info]: Cleanup product: Cleaned 0 products
[2025-03-28T06:24:00.033Z] [info]: Cleanup key token: 0 key token cleaned
[2025-03-28T06:24:00.034Z] [info]: Cleanup key token: 0 refresh token used cleaned
[2025-03-28T06:24:00.038Z] [info]: Cleanup product: Cleaned 0 products
[2025-03-28T06:25:00.008Z] [info]: Cleanup key token: 0 key token cleaned
[2025-03-28T06:25:00.009Z] [info]: Cleanup key token: 0 refresh token used cleaned
[2025-03-28T06:25:00.011Z] [info]: Cleanup product: Cleaned 0 products
[2025-03-28T06:26:00.011Z] [info]: Cleanup key token: 0 key token cleaned
[2025-03-28T06:26:00.011Z] [info]: Cleanup key token: 0 refresh token used cleaned
[2025-03-28T06:26:00.014Z] [info]: Cleanup product: Cleaned 0 products
[2025-03-28T06:28:00.014Z] [info]: Cleanup key token: 0 key token cleaned
[2025-03-28T06:28:00.015Z] [info]: Cleanup key token: 0 refresh token used cleaned
[2025-03-28T06:28:00.018Z] [info]: Cleanup product: Cleaned 0 products
[2025-03-28T06:29:00.011Z] [info]: Cleanup product: Cleaned 0 products
[2025-03-28T06:29:00.012Z] [info]: Cleanup key token: 0 key token cleaned
[2025-03-28T06:29:00.013Z] [info]: Cleanup key token: 0 refresh token used cleaned
[2025-03-28T06:30:00.011Z] [info]: Cleanup key token: 0 key token cleaned
[2025-03-28T06:30:00.011Z] [info]: Cleanup key token: 0 refresh token used cleaned
[2025-03-28T06:30:00.012Z] [info]: Cleanup product: Cleaned 0 products
[2025-03-28T06:32:00.013Z] [info]: Cleanup key token: 0 key token cleaned
[2025-03-28T06:32:00.013Z] [info]: Cleanup key token: 0 refresh token used cleaned
[2025-03-28T06:32:00.017Z] [info]: Cleanup product: Cleaned 0 products
[2025-03-28T06:33:00.007Z] [info]: Cleanup key token: 0 key token cleaned
[2025-03-28T06:33:00.007Z] [info]: Cleanup key token: 0 refresh token used cleaned
[2025-03-28T06:33:00.009Z] [info]: Cleanup product: Cleaned 0 products
[2025-03-28T06:34:00.014Z] [info]: Cleanup key token: 0 key token cleaned
[2025-03-28T06:34:00.015Z] [info]: Cleanup key token: 0 refresh token used cleaned
[2025-03-28T06:34:00.017Z] [info]: Cleanup product: Cleaned 0 products
[2025-03-28T06:35:00.014Z] [info]: Cleanup key token: 0 key token cleaned
[2025-03-28T06:35:00.015Z] [info]: Cleanup key token: 0 refresh token used cleaned
[2025-03-28T06:35:00.018Z] [info]: Cleanup product: Cleaned 0 products
[2025-03-28T06:36:00.027Z] [info]: Cleanup key token: 0 key token cleaned
[2025-03-28T06:36:00.028Z] [info]: Cleanup key token: 0 refresh token used cleaned
[2025-03-28T06:36:00.034Z] [info]: Cleanup product: Cleaned 0 products
[2025-03-28T06:37:00.036Z] [info]: Cleanup key token: 0 key token cleaned
[2025-03-28T06:37:00.037Z] [info]: Cleanup key token: 0 refresh token used cleaned
[2025-03-28T06:37:00.038Z] [info]: Cleanup product: Cleaned 0 products
[2025-03-28T06:38:00.008Z] [info]: Cleanup key token: 0 key token cleaned
[2025-03-28T06:38:00.008Z] [info]: Cleanup key token: 0 refresh token used cleaned
[2025-03-28T06:38:00.010Z] [info]: Cleanup product: Cleaned 0 products
[2025-03-28T06:39:00.007Z] [info]: Cleanup key token: 0 key token cleaned
[2025-03-28T06:39:00.007Z] [info]: Cleanup key token: 0 refresh token used cleaned
[2025-03-28T06:39:00.010Z] [info]: Cleanup product: Cleaned 0 products
[2025-03-28T06:40:00.029Z] [info]: Cleanup key token: 0 key token cleaned
[2025-03-28T06:40:00.029Z] [info]: Cleanup key token: 0 refresh token used cleaned
[2025-03-28T06:40:00.033Z] [info]: Cleanup product: Cleaned 0 products
[2025-03-28T06:41:00.046Z] [info]: Cleanup key token: 0 key token cleaned
[2025-03-28T06:41:00.048Z] [info]: Cleanup key token: 0 refresh token used cleaned
[2025-03-28T06:41:00.052Z] [info]: Cleanup product: Cleaned 0 products
[2025-03-28T06:42:00.014Z] [info]: Cleanup key token: 0 key token cleaned
[2025-03-28T06:42:00.014Z] [info]: Cleanup key token: 0 refresh token used cleaned
[2025-03-28T06:42:00.017Z] [info]: Cleanup product: Cleaned 0 products
[2025-03-28T06:43:00.019Z] [info]: Cleanup key token: 0 key token cleaned
[2025-03-28T06:43:00.020Z] [info]: Cleanup key token: 0 refresh token used cleaned
[2025-03-28T06:43:00.024Z] [info]: Cleanup product: Cleaned 0 products
[2025-03-28T06:44:00.018Z] [info]: Cleanup key token: 0 key token cleaned
[2025-03-28T06:44:00.019Z] [info]: Cleanup key token: 0 refresh token used cleaned
[2025-03-28T06:44:00.022Z] [info]: Cleanup product: Cleaned 0 products
[2025-03-28T06:45:00.011Z] [info]: Cleanup key token: 0 key token cleaned
[2025-03-28T06:45:00.011Z] [info]: Cleanup key token: 0 refresh token used cleaned
[2025-03-28T06:45:00.015Z] [info]: Cleanup product: Cleaned 0 products
[2025-03-28T06:46:00.016Z] [info]: Cleanup key token: 0 key token cleaned
[2025-03-28T06:46:00.016Z] [info]: Cleanup key token: 0 refresh token used cleaned
[2025-03-28T06:46:00.019Z] [info]: Cleanup product: Cleaned 0 products
[2025-03-28T06:47:00.071Z] [info]: Cleanup key token: 0 key token cleaned
[2025-03-28T06:47:00.072Z] [info]: Cleanup key token: 0 refresh token used cleaned
[2025-03-28T06:47:00.080Z] [info]: Cleanup product: Cleaned 0 products
[2025-03-28T06:48:00.033Z] [info]: Cleanup key token: 0 key token cleaned
[2025-03-28T06:48:00.034Z] [info]: Cleanup key token: 0 refresh token used cleaned
[2025-03-28T06:48:00.036Z] [info]: Cleanup product: Cleaned 0 products
[2025-03-28T06:49:00.019Z] [info]: Cleanup key token: 0 key token cleaned
[2025-03-28T06:49:00.019Z] [info]: Cleanup key token: 0 refresh token used cleaned
[2025-03-28T06:49:00.023Z] [info]: Cleanup product: Cleaned 0 products
[2025-03-28T06:50:00.015Z] [info]: Cleanup key token: 0 key token cleaned
[2025-03-28T06:50:00.015Z] [info]: Cleanup key token: 0 refresh token used cleaned
[2025-03-28T06:50:00.020Z] [info]: Cleanup product: Cleaned 0 products
[2025-03-28T06:51:00.008Z] [info]: Cleanup key token: 0 key token cleaned
[2025-03-28T06:51:00.008Z] [info]: Cleanup key token: 0 refresh token used cleaned
[2025-03-28T06:51:00.010Z] [info]: Cleanup product: Cleaned 0 products
[2025-03-28T06:52:00.015Z] [info]: Cleanup key token: 0 key token cleaned
[2025-03-28T06:52:00.015Z] [info]: Cleanup key token: 0 refresh token used cleaned
[2025-03-28T06:52:00.018Z] [info]: Cleanup product: Cleaned 0 products
[2025-03-28T06:53:00.033Z] [info]: Cleanup key token: 0 key token cleaned
[2025-03-28T06:53:00.033Z] [info]: Cleanup key token: 0 refresh token used cleaned
[2025-03-28T06:53:00.037Z] [info]: Cleanup product: Cleaned 0 products
[2025-03-28T06:54:00.008Z] [info]: Cleanup key token: 0 key token cleaned
[2025-03-28T06:54:00.008Z] [info]: Cleanup key token: 0 refresh token used cleaned
[2025-03-28T06:54:00.010Z] [info]: Cleanup product: Cleaned 0 products
[2025-03-28T06:55:00.013Z] [info]: Cleanup key token: 0 key token cleaned
[2025-03-28T06:55:00.013Z] [info]: Cleanup key token: 0 refresh token used cleaned
[2025-03-28T06:55:00.016Z] [info]: Cleanup product: Cleaned 0 products
[2025-03-28T06:56:00.007Z] [info]: Cleanup key token: 0 key token cleaned
[2025-03-28T06:56:00.007Z] [info]: Cleanup key token: 0 refresh token used cleaned
[2025-03-28T06:56:00.010Z] [info]: Cleanup product: Cleaned 0 products
[2025-03-28T06:57:00.008Z] [info]: Cleanup key token: 0 key token cleaned
[2025-03-28T06:57:00.008Z] [info]: Cleanup key token: 0 refresh token used cleaned
[2025-03-28T06:57:00.011Z] [info]: Cleanup product: Cleaned 0 products
[2025-03-28T06:58:00.007Z] [info]: Cleanup key token: 0 key token cleaned
[2025-03-28T06:58:00.008Z] [info]: Cleanup key token: 0 refresh token used cleaned
[2025-03-28T06:58:00.011Z] [info]: Cleanup product: Cleaned 0 products
[2025-03-28T06:59:00.029Z] [info]: Cleanup key token: 0 key token cleaned
[2025-03-28T06:59:00.030Z] [info]: Cleanup key token: 0 refresh token used cleaned
[2025-03-28T06:59:00.033Z] [info]: Cleanup product: Cleaned 0 products
[2025-03-28T07:00:00.010Z] [info]: Cleanup key token: 0 key token cleaned
[2025-03-28T07:00:00.010Z] [info]: Cleanup key token: 0 refresh token used cleaned
[2025-03-28T07:00:00.011Z] [info]: Cleanup product: Cleaned 0 products
[2025-03-28T07:01:00.010Z] [info]: Cleanup key token: 0 key token cleaned
[2025-03-28T07:01:00.010Z] [info]: Cleanup key token: 0 refresh token used cleaned
[2025-03-28T07:01:00.012Z] [info]: Cleanup product: Cleaned 0 products
[2025-03-28T07:02:00.012Z] [info]: Cleanup key token: 0 key token cleaned
[2025-03-28T07:02:00.012Z] [info]: Cleanup key token: 0 refresh token used cleaned
[2025-03-28T07:02:00.013Z] [info]: Cleanup product: Cleaned 0 products
[2025-03-28T07:03:00.011Z] [info]: Cleanup key token: 0 key token cleaned
[2025-03-28T07:03:00.011Z] [info]: Cleanup key token: 0 refresh token used cleaned
[2025-03-28T07:03:00.012Z] [info]: Cleanup product: Cleaned 0 products
[2025-03-28T07:04:00.019Z] [info]: Cleanup key token: 0 key token cleaned
[2025-03-28T07:04:00.019Z] [info]: Cleanup key token: 0 refresh token used cleaned
[2025-03-28T07:04:00.022Z] [info]: Cleanup product: Cleaned 0 products
[2025-03-28T07:05:00.010Z] [info]: Cleanup key token: 0 key token cleaned
[2025-03-28T07:05:00.011Z] [info]: Cleanup key token: 0 refresh token used cleaned
[2025-03-28T07:05:00.013Z] [info]: Cleanup product: Cleaned 0 products
[2025-03-28T07:06:00.017Z] [info]: Cleanup key token: 0 key token cleaned
[2025-03-28T07:06:00.018Z] [info]: Cleanup key token: 0 refresh token used cleaned
[2025-03-28T07:06:00.023Z] [info]: Cleanup product: Cleaned 0 products
[2025-03-28T07:07:00.009Z] [info]: Cleanup product: Cleaned 0 products
[2025-03-28T07:07:00.011Z] [info]: Cleanup key token: 0 key token cleaned
[2025-03-28T07:07:00.011Z] [info]: Cleanup key token: 0 refresh token used cleaned
[2025-03-28T07:08:00.014Z] [info]: Cleanup key token: 0 key token cleaned
[2025-03-28T07:08:00.014Z] [info]: Cleanup key token: 0 refresh token used cleaned
[2025-03-28T07:08:00.014Z] [info]: Cleanup product: Cleaned 0 products
[2025-03-28T07:09:00.023Z] [info]: Cleanup key token: 0 key token cleaned
[2025-03-28T07:09:00.024Z] [info]: Cleanup key token: 0 refresh token used cleaned
[2025-03-28T07:09:00.025Z] [info]: Cleanup product: Cleaned 0 products
[2025-03-28T07:10:00.022Z] [info]: Cleanup key token: 0 key token cleaned
[2025-03-28T07:10:00.023Z] [info]: Cleanup key token: 0 refresh token used cleaned
[2025-03-28T07:10:00.029Z] [info]: Cleanup product: Cleaned 0 products
[2025-03-28T07:11:00.019Z] [info]: Cleanup key token: 0 key token cleaned
[2025-03-28T07:11:00.020Z] [info]: Cleanup key token: 0 refresh token used cleaned
[2025-03-28T07:11:00.022Z] [info]: Cleanup product: Cleaned 0 products
[2025-03-28T07:12:00.033Z] [info]: Cleanup key token: 0 key token cleaned
[2025-03-28T07:12:00.034Z] [info]: Cleanup key token: 0 refresh token used cleaned
[2025-03-28T07:12:00.039Z] [info]: Cleanup product: Cleaned 0 products
[2025-03-28T07:13:00.009Z] [info]: Cleanup key token: 0 key token cleaned
[2025-03-28T07:13:00.009Z] [info]: Cleanup key token: 0 refresh token used cleaned
[2025-03-28T07:13:00.009Z] [info]: Cleanup product: Cleaned 0 products
[2025-03-28T07:14:00.023Z] [info]: Cleanup key token: 0 key token cleaned
[2025-03-28T07:14:00.024Z] [info]: Cleanup key token: 0 refresh token used cleaned
[2025-03-28T07:14:00.027Z] [info]: Cleanup product: Cleaned 0 products
[2025-03-28T07:15:00.066Z] [info]: Cleanup key token: 0 key token cleaned
[2025-03-28T07:15:00.066Z] [info]: Cleanup key token: 0 refresh token used cleaned
[2025-03-28T07:15:00.076Z] [info]: Cleanup product: Cleaned 0 products
[2025-03-28T07:15:48.992Z] [info]: Server closed
[2025-03-28T07:15:49.008Z] [info]: Server closed
[2025-03-28T07:15:49.039Z] [info]: Server closed
[2025-03-28T07:15:49.040Z] [info]: Server closed
[2025-03-28T07:16:00.019Z] [info]: Cleanup key token: 0 key token cleaned
[2025-03-28T07:16:00.019Z] [info]: Cleanup key token: 0 refresh token used cleaned
[2025-03-28T07:16:00.025Z] [info]: Cleanup product: Cleaned 0 products
[2025-03-28T07:17:00.016Z] [info]: Cleanup key token: 0 key token cleaned
[2025-03-28T07:17:00.016Z] [info]: Cleanup key token: 0 refresh token used cleaned
[2025-03-28T07:17:00.020Z] [info]: Cleanup product: Cleaned 0 products
[2025-03-28T07:18:00.008Z] [info]: Cleanup key token: 0 key token cleaned
[2025-03-28T07:18:00.008Z] [info]: Cleanup key token: 0 refresh token used cleaned
[2025-03-28T07:18:00.011Z] [info]: Cleanup product: Cleaned 0 products
[2025-03-28T07:19:00.036Z] [info]: Cleanup key token: 0 key token cleaned
[2025-03-28T07:19:00.036Z] [info]: Cleanup key token: 0 refresh token used cleaned
[2025-03-28T07:19:00.038Z] [info]: Cleanup product: Cleaned 0 products
[2025-03-28T07:20:00.040Z] [info]: Cleanup key token: 0 key token cleaned
[2025-03-28T07:20:00.041Z] [info]: Cleanup key token: 0 refresh token used cleaned
[2025-03-28T07:20:00.047Z] [info]: Cleanup product: Cleaned 0 products
[2025-03-28T07:21:00.025Z] [info]: Cleanup key token: 0 key token cleaned
[2025-03-28T07:21:00.025Z] [info]: Cleanup key token: 0 refresh token used cleaned
[2025-03-28T07:21:00.035Z] [info]: Cleanup product: Cleaned 0 products
[2025-03-28T07:22:00.017Z] [info]: Cleanup key token: 0 key token cleaned
[2025-03-28T07:22:00.018Z] [info]: Cleanup key token: 0 refresh token used cleaned
[2025-03-28T07:22:00.022Z] [info]: Cleanup product: Cleaned 0 products
[2025-03-28T07:23:00.013Z] [info]: Cleanup key token: 0 key token cleaned
[2025-03-28T07:23:00.013Z] [info]: Cleanup key token: 0 refresh token used cleaned
[2025-03-28T07:23:00.018Z] [info]: Cleanup product: Cleaned 0 products
[2025-03-28T07:24:00.008Z] [info]: Cleanup key token: 0 key token cleaned
[2025-03-28T07:24:00.008Z] [info]: Cleanup key token: 0 refresh token used cleaned
[2025-03-28T07:24:00.010Z] [info]: Cleanup product: Cleaned 0 products
[2025-03-28T07:25:00.010Z] [info]: Cleanup key token: 0 key token cleaned
[2025-03-28T07:25:00.011Z] [info]: Cleanup key token: 0 refresh token used cleaned
[2025-03-28T07:25:00.011Z] [info]: Cleanup product: Cleaned 0 products
[2025-03-28T07:26:00.054Z] [info]: Cleanup key token: 0 key token cleaned
[2025-03-28T07:26:00.055Z] [info]: Cleanup key token: 0 refresh token used cleaned
[2025-03-28T07:26:00.061Z] [info]: Cleanup product: Cleaned 0 products
[2025-03-28T07:27:00.120Z] [info]: Cleanup key token: 0 key token cleaned
[2025-03-28T07:27:00.122Z] [info]: Cleanup key token: 0 refresh token used cleaned
[2025-03-28T07:27:00.125Z] [info]: Cleanup product: Cleaned 0 products
[2025-03-28T07:28:00.047Z] [info]: Cleanup key token: 0 key token cleaned
[2025-03-28T07:28:00.048Z] [info]: Cleanup key token: 0 refresh token used cleaned
[2025-03-28T07:28:00.053Z] [info]: Cleanup product: Cleaned 0 products
[2025-03-28T07:29:00.114Z] [info]: Cleanup key token: 0 key token cleaned
[2025-03-28T07:29:00.115Z] [info]: Cleanup key token: 0 refresh token used cleaned
[2025-03-28T07:29:00.118Z] [info]: Cleanup product: Cleaned 0 products
[2025-03-28T07:30:00.042Z] [info]: Cleanup key token: 0 key token cleaned
[2025-03-28T07:30:00.042Z] [info]: Cleanup key token: 0 refresh token used cleaned
[2025-03-28T07:30:00.047Z] [info]: Cleanup product: Cleaned 0 products
[2025-03-28T07:32:00.059Z] [info]: Cleanup key token: 0 key token cleaned
[2025-03-28T07:32:00.060Z] [info]: Cleanup key token: 0 refresh token used cleaned
[2025-03-28T07:32:00.065Z] [info]: Cleanup product: Cleaned 0 products
[2025-03-28T07:33:00.114Z] [info]: Cleanup key token: 0 key token cleaned
[2025-03-28T07:33:00.116Z] [info]: Cleanup key token: 0 refresh token used cleaned
[2025-03-28T07:33:00.130Z] [info]: Cleanup product: Cleaned 0 products
[2025-03-28T07:34:00.090Z] [info]: Cleanup key token: 0 key token cleaned
[2025-03-28T07:34:00.091Z] [info]: Cleanup key token: 0 refresh token used cleaned
[2025-03-28T07:34:00.094Z] [info]: Cleanup product: Cleaned 0 products
[2025-03-28T07:35:00.022Z] [info]: Cleanup key token: 0 key token cleaned
[2025-03-28T07:35:00.022Z] [info]: Cleanup key token: 0 refresh token used cleaned
[2025-03-28T07:35:00.026Z] [info]: Cleanup product: Cleaned 0 products
[2025-03-28T07:36:00.021Z] [info]: Cleanup key token: 0 key token cleaned
[2025-03-28T07:36:00.021Z] [info]: Cleanup key token: 0 refresh token used cleaned
[2025-03-28T07:36:00.022Z] [info]: Cleanup product: Cleaned 0 products
[2025-03-28T07:37:00.016Z] [info]: Cleanup key token: 0 key token cleaned
[2025-03-28T07:37:00.017Z] [info]: Cleanup key token: 0 refresh token used cleaned
[2025-03-28T07:37:00.022Z] [info]: Cleanup product: Cleaned 0 products
[2025-03-28T07:38:00.096Z] [info]: Cleanup key token: 0 key token cleaned
[2025-03-28T07:38:00.097Z] [info]: Cleanup key token: 0 refresh token used cleaned
[2025-03-28T07:38:00.100Z] [info]: Cleanup product: Cleaned 0 products
[2025-03-28T07:39:00.187Z] [info]: Cleanup key token: 0 key token cleaned
[2025-03-28T07:39:00.190Z] [info]: Cleanup key token: 0 refresh token used cleaned
[2025-03-28T07:39:00.209Z] [info]: Cleanup product: Cleaned 0 products
[2025-03-28T07:41:00.074Z] [info]: Cleanup key token: 0 key token cleaned
[2025-03-28T07:41:00.076Z] [info]: Cleanup key token: 0 refresh token used cleaned
[2025-03-28T07:41:00.082Z] [info]: Cleanup product: Cleaned 0 products
[2025-03-28T07:42:00.027Z] [info]: Cleanup key token: 0 key token cleaned
[2025-03-28T07:42:00.028Z] [info]: Cleanup key token: 0 refresh token used cleaned
[2025-03-28T07:42:00.029Z] [info]: Cleanup product: Cleaned 0 products
[2025-03-28T07:43:00.094Z] [info]: Cleanup key token: 0 key token cleaned
[2025-03-28T07:43:00.095Z] [info]: Cleanup key token: 0 refresh token used cleaned
[2025-03-28T07:43:00.105Z] [info]: Cleanup product: Cleaned 0 products
[2025-03-28T07:44:00.074Z] [info]: Cleanup key token: 0 key token cleaned
[2025-03-28T07:44:00.075Z] [info]: Cleanup key token: 0 refresh token used cleaned
[2025-03-28T07:44:00.082Z] [info]: Cleanup product: Cleaned 0 products
[2025-03-28T07:45:00.930Z] [info]: Cleanup key token: 0 key token cleaned
[2025-03-28T07:45:00.931Z] [info]: Cleanup key token: 0 refresh token used cleaned
[2025-03-28T07:45:00.962Z] [info]: Cleanup product: Cleaned 0 products
[2025-03-28T07:46:00.022Z] [info]: Cleanup key token: 0 key token cleaned
[2025-03-28T07:46:00.023Z] [info]: Cleanup key token: 0 refresh token used cleaned
[2025-03-28T07:46:00.024Z] [info]: Cleanup product: Cleaned 0 products
[2025-03-28T07:47:00.038Z] [info]: Cleanup key token: 0 key token cleaned
[2025-03-28T07:47:00.038Z] [info]: Cleanup key token: 0 refresh token used cleaned
[2025-03-28T07:47:00.039Z] [info]: Cleanup product: Cleaned 0 products
[2025-03-28T07:48:00.080Z] [info]: Cleanup key token: 0 key token cleaned
[2025-03-28T07:48:00.082Z] [info]: Cleanup key token: 0 refresh token used cleaned
[2025-03-28T07:48:00.084Z] [info]: Cleanup product: Cleaned 0 products
[2025-03-28T07:49:00.031Z] [info]: Cleanup key token: 0 key token cleaned
[2025-03-28T07:49:00.033Z] [info]: Cleanup key token: 0 refresh token used cleaned
[2025-03-28T07:49:00.034Z] [info]: Cleanup product: Cleaned 0 products
[2025-03-28T07:50:00.040Z] [info]: Cleanup key token: 0 key token cleaned
[2025-03-28T07:50:00.041Z] [info]: Cleanup key token: 0 refresh token used cleaned
[2025-03-28T07:50:00.042Z] [info]: Cleanup product: Cleaned 0 products
[2025-03-28T07:51:00.029Z] [info]: Cleanup key token: 0 key token cleaned
[2025-03-28T07:51:00.029Z] [info]: Cleanup key token: 0 refresh token used cleaned
[2025-03-28T07:51:00.035Z] [info]: Cleanup product: Cleaned 0 products
[2025-03-28T07:52:00.080Z] [info]: Cleanup key token: 0 key token cleaned
[2025-03-28T07:52:00.082Z] [info]: Cleanup key token: 0 refresh token used cleaned
[2025-03-28T07:52:00.091Z] [info]: Cleanup product: Cleaned 0 products
[2025-03-28T07:53:00.107Z] [info]: Cleanup key token: 0 key token cleaned
[2025-03-28T07:53:00.108Z] [info]: Cleanup key token: 0 refresh token used cleaned
[2025-03-28T07:53:00.112Z] [info]: Cleanup product: Cleaned 0 products
[2025-03-28T07:54:00.067Z] [info]: Cleanup key token: 0 key token cleaned
[2025-03-28T07:54:00.069Z] [info]: Cleanup key token: 0 refresh token used cleaned
[2025-03-28T07:54:00.070Z] [info]: Cleanup product: Cleaned 0 products
[2025-03-28T07:55:00.066Z] [info]: Cleanup key token: 0 key token cleaned
[2025-03-28T07:55:00.067Z] [info]: Cleanup key token: 0 refresh token used cleaned
[2025-03-28T07:55:00.075Z] [info]: Cleanup product: Cleaned 0 products
[2025-03-28T07:56:00.027Z] [info]: Cleanup key token: 0 key token cleaned
[2025-03-28T07:56:00.028Z] [info]: Cleanup key token: 0 refresh token used cleaned
[2025-03-28T07:56:00.033Z] [info]: Cleanup product: Cleaned 0 products
[2025-03-28T07:57:00.089Z] [info]: Cleanup key token: 0 key token cleaned
[2025-03-28T07:57:00.091Z] [info]: Cleanup key token: 0 refresh token used cleaned
[2025-03-28T07:57:00.093Z] [info]: Cleanup product: Cleaned 0 products
[2025-03-28T07:58:00.035Z] [info]: Cleanup key token: 0 key token cleaned
[2025-03-28T07:58:00.035Z] [info]: Cleanup key token: 0 refresh token used cleaned
[2025-03-28T07:58:00.039Z] [info]: Cleanup product: Cleaned 0 products
[2025-03-28T07:59:00.010Z] [info]: Cleanup key token: 0 key token cleaned
[2025-03-28T07:59:00.011Z] [info]: Cleanup key token: 0 refresh token used cleaned
[2025-03-28T07:59:00.014Z] [info]: Cleanup product: Cleaned 0 products
[2025-03-28T08:00:00.009Z] [info]: Cleanup key token: 0 key token cleaned
[2025-03-28T08:00:00.009Z] [info]: Cleanup key token: 0 refresh token used cleaned
[2025-03-28T08:00:00.011Z] [info]: Cleanup product: Cleaned 0 products
[2025-03-28T08:01:00.018Z] [info]: Cleanup key token: 0 key token cleaned
[2025-03-28T08:01:00.018Z] [info]: Cleanup key token: 0 refresh token used cleaned
[2025-03-28T08:01:00.021Z] [info]: Cleanup product: Cleaned 0 products
[2025-03-28T08:02:00.009Z] [info]: Cleanup key token: 0 key token cleaned
[2025-03-28T08:02:00.010Z] [info]: Cleanup key token: 0 refresh token used cleaned
[2025-03-28T08:02:00.012Z] [info]: Cleanup product: Cleaned 0 products
[2025-03-28T08:03:00.012Z] [info]: Cleanup key token: 0 key token cleaned
[2025-03-28T08:03:00.012Z] [info]: Cleanup key token: 0 refresh token used cleaned
[2025-03-28T08:03:00.013Z] [info]: Cleanup product: Cleaned 0 products
[2025-03-28T08:04:00.007Z] [info]: Cleanup key token: 0 key token cleaned
[2025-03-28T08:04:00.007Z] [info]: Cleanup key token: 0 refresh token used cleaned
[2025-03-28T08:04:00.009Z] [info]: Cleanup product: Cleaned 0 products
[2025-03-28T08:05:00.007Z] [info]: Cleanup key token: 0 key token cleaned
[2025-03-28T08:05:00.007Z] [info]: Cleanup key token: 0 refresh token used cleaned
[2025-03-28T08:05:00.009Z] [info]: Cleanup product: Cleaned 0 products
[2025-03-28T08:06:00.012Z] [info]: Cleanup key token: 0 key token cleaned
[2025-03-28T08:06:00.012Z] [info]: Cleanup key token: 0 refresh token used cleaned
[2025-03-28T08:06:00.014Z] [info]: Cleanup product: Cleaned 0 products
[2025-03-28T08:07:00.012Z] [info]: Cleanup key token: 0 key token cleaned
[2025-03-28T08:07:00.012Z] [info]: Cleanup key token: 0 refresh token used cleaned
[2025-03-28T08:07:00.012Z] [info]: Cleanup product: Cleaned 0 products
[2025-03-28T08:08:00.052Z] [info]: Cleanup key token: 0 key token cleaned
[2025-03-28T08:08:00.053Z] [info]: Cleanup key token: 0 refresh token used cleaned
[2025-03-28T08:08:00.057Z] [info]: Cleanup product: Cleaned 0 products
[2025-03-28T08:09:00.016Z] [info]: Cleanup key token: 0 key token cleaned
[2025-03-28T08:09:00.016Z] [info]: Cleanup key token: 0 refresh token used cleaned
[2025-03-28T08:09:00.017Z] [info]: Cleanup product: Cleaned 0 products
[2025-03-28T08:10:00.011Z] [info]: Cleanup key token: 0 key token cleaned
[2025-03-28T08:10:00.012Z] [info]: Cleanup key token: 0 refresh token used cleaned
[2025-03-28T08:10:00.015Z] [info]: Cleanup product: Cleaned 0 products
[2025-03-28T08:11:00.034Z] [info]: Cleanup key token: 0 key token cleaned
[2025-03-28T08:11:00.034Z] [info]: Cleanup key token: 0 refresh token used cleaned
[2025-03-28T08:11:00.038Z] [info]: Cleanup product: Cleaned 0 products
[2025-03-28T08:12:00.035Z] [info]: Cleanup key token: 0 key token cleaned
[2025-03-28T08:12:00.036Z] [info]: Cleanup key token: 0 refresh token used cleaned
[2025-03-28T08:12:00.037Z] [info]: Cleanup product: Cleaned 0 products
[2025-03-28T08:13:00.017Z] [info]: Cleanup key token: 0 key token cleaned
[2025-03-28T08:13:00.017Z] [info]: Cleanup key token: 0 refresh token used cleaned
[2025-03-28T08:13:00.022Z] [info]: Cleanup product: Cleaned 0 products
[2025-03-28T08:14:00.084Z] [info]: Cleanup key token: 0 key token cleaned
[2025-03-28T08:14:00.085Z] [info]: Cleanup key token: 0 refresh token used cleaned
[2025-03-28T08:14:00.092Z] [info]: Cleanup product: Cleaned 0 products
[2025-03-28T08:15:00.035Z] [info]: Cleanup key token: 0 key token cleaned
[2025-03-28T08:15:00.035Z] [info]: Cleanup key token: 0 refresh token used cleaned
[2025-03-28T08:15:00.039Z] [info]: Cleanup product: Cleaned 0 products
[2025-03-28T08:16:00.011Z] [info]: Cleanup key token: 0 key token cleaned
[2025-03-28T08:16:00.011Z] [info]: Cleanup key token: 0 refresh token used cleaned
[2025-03-28T08:16:00.014Z] [info]: Cleanup product: Cleaned 0 products
[2025-03-28T08:17:00.154Z] [info]: Cleanup key token: 0 key token cleaned
[2025-03-28T08:17:00.155Z] [info]: Cleanup key token: 0 refresh token used cleaned
[2025-03-28T08:17:00.160Z] [info]: Cleanup product: Cleaned 0 products
[2025-03-28T08:19:00.031Z] [info]: Cleanup key token: 0 key token cleaned
[2025-03-28T08:19:00.032Z] [info]: Cleanup key token: 0 refresh token used cleaned
[2025-03-28T08:19:00.035Z] [info]: Cleanup product: Cleaned 0 products
[2025-03-28T08:20:00.031Z] [info]: Cleanup key token: 0 key token cleaned
[2025-03-28T08:20:00.032Z] [info]: Cleanup key token: 0 refresh token used cleaned
[2025-03-28T08:20:00.036Z] [info]: Cleanup product: Cleaned 0 products
[2025-03-28T08:21:00.012Z] [info]: Cleanup key token: 0 key token cleaned
[2025-03-28T08:21:00.013Z] [info]: Cleanup key token: 0 refresh token used cleaned
[2025-03-28T08:21:00.015Z] [info]: Cleanup product: Cleaned 0 products
[2025-03-28T08:22:00.028Z] [info]: Cleanup key token: 0 key token cleaned
[2025-03-28T08:22:00.029Z] [info]: Cleanup key token: 0 refresh token used cleaned
[2025-03-28T08:22:00.032Z] [info]: Cleanup product: Cleaned 0 products
[2025-03-28T08:23:00.038Z] [info]: Cleanup key token: 0 key token cleaned
[2025-03-28T08:23:00.039Z] [info]: Cleanup key token: 0 refresh token used cleaned
[2025-03-28T08:23:00.040Z] [info]: Cleanup product: Cleaned 0 products
[2025-03-28T08:24:00.032Z] [info]: Cleanup key token: 0 key token cleaned
[2025-03-28T08:24:00.033Z] [info]: Cleanup key token: 0 refresh token used cleaned
[2025-03-28T08:24:00.036Z] [info]: Cleanup product: Cleaned 0 products
[2025-03-28T08:25:00.040Z] [info]: Cleanup key token: 0 key token cleaned
[2025-03-28T08:25:00.041Z] [info]: Cleanup key token: 0 refresh token used cleaned
[2025-03-28T08:25:00.042Z] [info]: Cleanup product: Cleaned 0 products
[2025-03-28T08:26:00.009Z] [info]: Cleanup key token: 0 key token cleaned
[2025-03-28T08:26:00.009Z] [info]: Cleanup key token: 0 refresh token used cleaned
[2025-03-28T08:26:00.012Z] [info]: Cleanup product: Cleaned 0 products
[2025-03-28T08:27:00.009Z] [info]: Cleanup key token: 0 key token cleaned
[2025-03-28T08:27:00.009Z] [info]: Cleanup key token: 0 refresh token used cleaned
[2025-03-28T08:27:00.012Z] [info]: Cleanup product: Cleaned 0 products
[2025-03-28T08:28:00.011Z] [info]: Cleanup key token: 0 key token cleaned
[2025-03-28T08:28:00.012Z] [info]: Cleanup key token: 0 refresh token used cleaned
[2025-03-28T08:28:00.012Z] [info]: Cleanup product: Cleaned 0 products
[2025-03-28T08:29:00.051Z] [info]: Cleanup key token: 0 key token cleaned
[2025-03-28T08:29:00.052Z] [info]: Cleanup key token: 0 refresh token used cleaned
[2025-03-28T08:29:00.053Z] [info]: Cleanup product: Cleaned 0 products
[2025-03-28T08:30:00.032Z] [info]: Cleanup key token: 0 key token cleaned
[2025-03-28T08:30:00.032Z] [info]: Cleanup key token: 0 refresh token used cleaned
[2025-03-28T08:30:00.034Z] [info]: Cleanup product: Cleaned 0 products
[2025-03-28T08:31:00.037Z] [info]: Cleanup key token: 0 key token cleaned
[2025-03-28T08:31:00.038Z] [info]: Cleanup key token: 0 refresh token used cleaned
[2025-03-28T08:31:00.039Z] [info]: Cleanup product: Cleaned 0 products
[2025-03-28T08:32:00.033Z] [info]: Cleanup key token: 0 key token cleaned
[2025-03-28T08:32:00.034Z] [info]: Cleanup key token: 0 refresh token used cleaned
[2025-03-28T08:32:00.037Z] [info]: Cleanup product: Cleaned 0 products
[2025-03-28T08:33:00.009Z] [info]: Cleanup key token: 0 key token cleaned
[2025-03-28T08:33:00.009Z] [info]: Cleanup key token: 0 refresh token used cleaned
[2025-03-28T08:33:00.011Z] [info]: Cleanup product: Cleaned 0 products
[2025-03-28T08:34:00.030Z] [info]: Cleanup key token: 0 key token cleaned
[2025-03-28T08:34:00.030Z] [info]: Cleanup key token: 0 refresh token used cleaned
[2025-03-28T08:34:00.034Z] [info]: Cleanup product: Cleaned 0 products
[2025-03-28T08:35:00.011Z] [info]: Cleanup key token: 0 key token cleaned
[2025-03-28T08:35:00.011Z] [info]: Cleanup key token: 0 refresh token used cleaned
[2025-03-28T08:35:00.012Z] [info]: Cleanup product: Cleaned 0 products
[2025-03-28T08:36:00.016Z] [info]: Cleanup key token: 0 key token cleaned
[2025-03-28T08:36:00.017Z] [info]: Cleanup key token: 0 refresh token used cleaned
[2025-03-28T08:36:00.018Z] [info]: Cleanup product: Cleaned 0 products
[2025-03-28T08:37:00.031Z] [info]: Cleanup key token: 0 key token cleaned
[2025-03-28T08:37:00.031Z] [info]: Cleanup key token: 0 refresh token used cleaned
[2025-03-28T08:37:00.035Z] [info]: Cleanup product: Cleaned 0 products
[2025-03-28T08:38:00.037Z] [info]: Cleanup key token: 0 key token cleaned
[2025-03-28T08:38:00.038Z] [info]: Cleanup key token: 0 refresh token used cleaned
[2025-03-28T08:38:00.043Z] [info]: Cleanup product: Cleaned 0 products
[2025-03-28T08:39:00.033Z] [info]: Cleanup key token: 0 key token cleaned
[2025-03-28T08:39:00.034Z] [info]: Cleanup key token: 0 refresh token used cleaned
[2025-03-28T08:39:00.036Z] [info]: Cleanup product: Cleaned 0 products
[2025-03-28T08:40:00.010Z] [info]: Cleanup key token: 0 key token cleaned
[2025-03-28T08:40:00.011Z] [info]: Cleanup key token: 0 refresh token used cleaned
[2025-03-28T08:40:00.013Z] [info]: Cleanup product: Cleaned 0 products
[2025-03-28T08:41:00.034Z] [info]: Cleanup key token: 0 key token cleaned
[2025-03-28T08:41:00.035Z] [info]: Cleanup key token: 0 refresh token used cleaned
[2025-03-28T08:41:00.039Z] [info]: Cleanup product: Cleaned 0 products
[2025-03-28T08:42:00.105Z] [info]: Cleanup key token: 3 key token cleaned
[2025-03-28T08:42:00.107Z] [info]: Cleanup key token: 0 refresh token used cleaned
[2025-03-28T08:42:00.111Z] [info]: Cleanup product: Cleaned 0 products
[2025-03-28T08:43:00.016Z] [info]: Cleanup key token: 3 key token cleaned
[2025-03-28T08:43:00.017Z] [info]: Cleanup key token: 0 refresh token used cleaned
[2025-03-28T08:43:00.017Z] [info]: Cleanup product: Cleaned 0 products
