[2025-05-30T01:17:39.461Z] [error]: HIDE::400::BadRequest::Product stock is not enough!::
[2025-05-30T01:18:58.747Z] [error]: HIDE::400::MongoServerError::Plan executor error during findAndModify :: caused by :: Cannot create field 'products' in element {cart_shop: [ { shop: ObjectId('6837d28b28f541ca98a02bae'), products: [ { sku: ObjectId('6837da23693fdfe6476dc551'), product_name: "Iphone 16 Pro Max 2", product_thumb: "6837da23693fdfe6476dc528", cart_quantity: 12, product_price: 30000000, product_status: "active", _id: ObjectId('6837dd26693fdfe6476dc866') }, { sku: ObjectId('6837da23693fdfe6476dc553'), product_name: "Iphone 16 Pro Max 2", product_thumb: "6837da23693fdfe6476dc529", cart_quantity: 2, product_price: 35000000, product_status: "active", _id: ObjectId('6837dde2693fdfe6476dc8c4') } ], _id: ObjectId('6837db11693fdfe6476dc5fd') } ]}::
[2025-05-30T01:31:54.633Z] [error]: HIDE::400::MongoServerError::Plan executor error during findAndModify :: caused by :: Cannot create field 'products' in element {cart_shop: [ { shop: ObjectId('6837d28b28f541ca98a02bae'), products: [ { sku: ObjectId('6837da23693fdfe6476dc551'), product_name: "Iphone 16 Pro Max 2", product_thumb: "6837da23693fdfe6476dc528", cart_quantity: 12, product_price: 30000000, product_status: "active", _id: ObjectId('6837dd26693fdfe6476dc866') }, { sku: ObjectId('6837da23693fdfe6476dc553'), product_name: "Iphone 16 Pro Max 2", product_thumb: "6837da23693fdfe6476dc529", cart_quantity: 2, product_price: 35000000, product_status: "active", _id: ObjectId('6837dde2693fdfe6476dc8c4') } ], _id: ObjectId('6837db11693fdfe6476dc5fd') } ]}::
[2025-05-30T01:33:34.207Z] [error]: HIDE::400::MongoServerError::Plan executor error during findAndModify :: caused by :: Cannot create field 'products' in element {cart_shop: [ { shop: ObjectId('6837d28b28f541ca98a02bae'), products: [ { sku: ObjectId('6837da23693fdfe6476dc551'), product_name: "Iphone 16 Pro Max 2", product_thumb: "6837da23693fdfe6476dc528", cart_quantity: 12, product_price: 30000000, product_status: "active", _id: ObjectId('6837dd26693fdfe6476dc866') }, { sku: ObjectId('6837da23693fdfe6476dc553'), product_name: "Iphone 16 Pro Max 2", product_thumb: "6837da23693fdfe6476dc529", cart_quantity: 2, product_price: 35000000, product_status: "active", _id: ObjectId('6837dde2693fdfe6476dc8c4') } ], _id: ObjectId('6837db11693fdfe6476dc5fd') } ]}::
[2025-05-30T01:34:32.389Z] [error]: HIDE::400::MongoServerError::Plan executor error during findAndModify :: caused by :: Cannot create field 'products' in element {cart_shop: [ { shop: ObjectId('6837d28b28f541ca98a02bae'), products: [ { sku: ObjectId('6837da23693fdfe6476dc551'), product_name: "Iphone 16 Pro Max 2", product_thumb: "6837da23693fdfe6476dc528", cart_quantity: 12, product_price: 30000000, product_status: "active", _id: ObjectId('6837dd26693fdfe6476dc866') }, { sku: ObjectId('6837da23693fdfe6476dc553'), product_name: "Iphone 16 Pro Max 2", product_thumb: "6837da23693fdfe6476dc529", cart_quantity: 2, product_price: 35000000, product_status: "active", _id: ObjectId('6837dde2693fdfe6476dc8c4') } ], _id: ObjectId('6837db11693fdfe6476dc5fd') } ]}::
[2025-05-30T01:35:13.724Z] [error]: HIDE::400::MongoServerError::Plan executor error during findAndModify :: caused by :: Cannot create field 'products' in element {cart_shop: [ { shop: ObjectId('6837d28b28f541ca98a02bae'), products: [ { sku: ObjectId('6837da23693fdfe6476dc551'), product_name: "Iphone 16 Pro Max 2", product_thumb: "6837da23693fdfe6476dc528", cart_quantity: 12, product_price: 30000000, product_status: "active", _id: ObjectId('6837dd26693fdfe6476dc866') }, { sku: ObjectId('6837da23693fdfe6476dc553'), product_name: "Iphone 16 Pro Max 2", product_thumb: "6837da23693fdfe6476dc529", cart_quantity: 2, product_price: 35000000, product_status: "active", _id: ObjectId('6837dde2693fdfe6476dc8c4') } ], _id: ObjectId('6837db11693fdfe6476dc5fd') } ]}::
[2025-05-30T08:42:10.795Z] [error]: Redis error: Error: Failed to connect
[2025-05-30T08:42:10.801Z] [error]: Redis error: Error: Failed to connect
[2025-05-30T08:42:10.854Z] [error]: Redis error: Error: Failed to connect
[2025-05-30T08:42:10.959Z] [error]: Redis error: Error: Failed to connect
[2025-05-30T08:42:11.113Z] [error]: Redis error: Error: Failed to connect
[2025-05-30T08:42:11.319Z] [error]: Redis error: Error: Failed to connect
[2025-05-30T08:42:11.574Z] [error]: Redis error: Error: Failed to connect
[2025-05-30T08:42:11.878Z] [error]: Redis error: Error: Failed to connect
[2025-05-30T08:42:12.231Z] [error]: Redis error: Error: Failed to connect
[2025-05-30T08:42:12.634Z] [error]: Redis error: Error: Failed to connect
[2025-05-30T08:42:13.087Z] [error]: Redis error: Error: Failed to connect
[2025-05-30T08:42:13.590Z] [error]: Redis error: Error: Failed to connect
[2025-05-30T08:42:14.094Z] [error]: Redis error: Error: Failed to connect
[2025-05-30T08:42:14.598Z] [error]: Redis error: Error: Failed to connect
[2025-05-30T08:42:15.101Z] [error]: Redis error: Error: Failed to connect
[2025-05-30T08:42:15.605Z] [error]: Redis error: Error: Failed to connect
[2025-05-30T08:42:16.110Z] [error]: Redis error: Error: Failed to connect
[2025-05-30T08:42:16.615Z] [error]: Redis error: Error: Failed to connect
[2025-05-30T08:42:17.119Z] [error]: Redis error: Error: Failed to connect
[2025-05-30T08:42:17.623Z] [error]: Redis error: Error: Failed to connect
[2025-05-30T08:42:18.126Z] [error]: Redis error: Error: Failed to connect
[2025-05-30T08:42:18.630Z] [error]: Redis error: Error: Failed to connect
[2025-05-30T08:42:19.132Z] [error]: Redis error: Error: Failed to connect
[2025-05-30T08:42:19.634Z] [error]: Redis error: Error: Failed to connect
[2025-05-30T08:42:20.136Z] [error]: Redis error: Error: Failed to connect
[2025-05-30T08:42:20.639Z] [error]: Redis error: Error: Failed to connect
[2025-05-30T08:42:21.142Z] [error]: Redis error: Error: Failed to connect
[2025-05-30T08:42:21.646Z] [error]: Redis error: Error: Failed to connect
[2025-05-30T08:42:22.149Z] [error]: Redis error: Error: Failed to connect
[2025-05-30T08:42:22.652Z] [error]: Redis error: Error: Failed to connect
[2025-05-30T08:42:23.156Z] [error]: Redis error: Error: Failed to connect
[2025-05-30T08:42:23.658Z] [error]: Redis error: Error: Failed to connect
[2025-05-30T08:42:24.162Z] [error]: Redis error: Error: Failed to connect
[2025-05-30T08:42:24.667Z] [error]: Redis error: Error: Failed to connect
[2025-05-30T08:42:25.170Z] [error]: Redis error: Error: Failed to connect
[2025-05-30T08:42:25.672Z] [error]: Redis error: Error: Failed to connect
[2025-05-30T08:42:22.318Z] [error]: Redis error: Error: Failed to connect
[2025-05-30T08:42:26.652Z] [error]: Redis error: Error: Failed to connect
[2025-05-30T08:42:27.154Z] [error]: Redis error: Error: Failed to connect
[2025-05-30T08:42:27.655Z] [error]: Redis error: Error: Failed to connect
[2025-05-30T08:42:28.158Z] [error]: Redis error: Error: Failed to connect
[2025-05-30T08:42:28.660Z] [error]: Redis error: Error: Failed to connect
[2025-05-30T08:42:29.162Z] [error]: Redis error: Error: Failed to connect
[2025-05-30T08:42:29.664Z] [error]: Redis error: Error: Failed to connect
[2025-05-30T08:42:30.166Z] [error]: Redis error: Error: Failed to connect
[2025-05-30T08:42:30.667Z] [error]: Redis error: Error: Failed to connect
[2025-05-30T08:42:31.169Z] [error]: Redis error: Error: Failed to connect
[2025-05-30T08:42:31.670Z] [error]: Redis error: Error: Failed to connect
[2025-05-30T08:42:32.172Z] [error]: Redis error: Error: Failed to connect
[2025-05-30T08:42:32.673Z] [error]: Redis error: Error: Failed to connect
[2025-05-30T08:42:33.175Z] [error]: Redis error: Error: Failed to connect
[2025-05-30T08:42:33.677Z] [error]: Redis error: Error: Failed to connect
[2025-05-30T08:42:34.170Z] [error]: Redis error: Error: Failed to connect
[2025-05-30T08:42:34.645Z] [error]: Redis error: Error: Failed to connect
[2025-05-30T08:42:35.112Z] [error]: Redis error: Error: Failed to connect
[2025-05-30T08:42:35.587Z] [error]: Redis error: Error: Failed to connect
[2025-05-30T08:42:36.227Z] [error]: Redis error: Error: Failed to connect
[2025-05-30T08:42:36.702Z] [error]: Redis error: Error: Failed to connect
[2025-05-30T08:42:37.172Z] [error]: Redis error: Error: Failed to connect
[2025-05-30T08:42:37.646Z] [error]: Redis error: Error: Failed to connect
[2025-05-30T08:42:38.121Z] [error]: Redis error: Error: Failed to connect
[2025-05-30T08:42:38.596Z] [error]: Redis error: Error: Failed to connect
[2025-05-30T08:42:39.066Z] [error]: Redis error: Error: Failed to connect
[2025-05-30T08:42:39.541Z] [error]: Redis error: Error: Failed to connect
[2025-05-30T08:42:40.006Z] [error]: Redis error: Error: Failed to connect
[2025-05-30T08:42:40.481Z] [error]: Redis error: Error: Failed to connect
[2025-05-30T08:42:40.957Z] [error]: Redis error: Error: Failed to connect
[2025-05-30T08:42:41.441Z] [error]: Redis error: Error: Socket closed unexpectedly
[2025-05-30T08:42:41.442Z] [error]: Redis error: Error: Socket closed unexpectedly
[2025-05-30T08:45:09.958Z] [error]: HIDE::400::BadRequest::[
  {
    "code": "invalid_type",
    "expected": "number",
    "received": "string",
    "path": [
      "limit"
    ],
    "message": "Expected number, received string"
  }
]::
[2025-05-30T08:45:09.974Z] [error]: HIDE::400::BadRequest::[
  {
    "code": "invalid_type",
    "expected": "number",
    "received": "string",
    "path": [
      "limit"
    ],
    "message": "Expected number, received string"
  }
]::
[2025-05-30T08:45:10.099Z] [error]: HIDE::400::BadRequest::[
  {
    "code": "invalid_type",
    "expected": "number",
    "received": "string",
    "path": [
      "limit"
    ],
    "message": "Expected number, received string"
  }
]::
[2025-05-30T08:45:10.119Z] [error]: HIDE::400::BadRequest::[
  {
    "code": "invalid_type",
    "expected": "number",
    "received": "string",
    "path": [
      "limit"
    ],
    "message": "Expected number, received string"
  }
]::
[2025-05-30T08:47:09.070Z] [error]: HIDE::400::BadRequest::[
  {
    "code": "invalid_type",
    "expected": "number",
    "received": "string",
    "path": [
      "limit"
    ],
    "message": "Expected number, received string"
  }
]::
[2025-05-30T09:09:59.173Z] [error]: HIDE::403::Forbidden::Token not found!::
[2025-05-30T09:13:03.802Z] [error]: HIDE::400::BadRequest::[
  {
    "code": "invalid_type",
    "expected": "number",
    "received": "string",
    "path": [
      "limit"
    ],
    "message": "Expected number, received string"
  }
]::
[2025-05-30T09:13:03.816Z] [error]: HIDE::400::BadRequest::[
  {
    "code": "invalid_type",
    "expected": "number",
    "received": "string",
    "path": [
      "limit"
    ],
    "message": "Expected number, received string"
  }
]::
[2025-05-30T09:13:03.919Z] [error]: HIDE::400::BadRequest::[
  {
    "code": "invalid_type",
    "expected": "number",
    "received": "string",
    "path": [
      "limit"
    ],
    "message": "Expected number, received string"
  }
]::
[2025-05-30T09:13:03.923Z] [error]: HIDE::400::BadRequest::[
  {
    "code": "invalid_type",
    "expected": "number",
    "received": "string",
    "path": [
      "limit"
    ],
    "message": "Expected number, received string"
  }
]::
[2025-05-30T09:16:45.336Z] [error]: HIDE::403::Forbidden::Token not found!::
[2025-05-30T09:16:45.479Z] [error]: HIDE::404::NotFound::Route is not exists::
[2025-05-30T09:16:48.220Z] [error]: HIDE::403::Forbidden::Token not found!::
[2025-05-30T09:34:37.321Z] [error]: HIDE::403::Forbidden::Invalid token!::
[2025-05-30T09:34:37.338Z] [error]: HIDE::403::Forbidden::Invalid token!::
[2025-05-30T09:34:37.346Z] [error]: HIDE::403::Forbidden::Invalid token!::
[2025-05-30T09:34:37.360Z] [error]: HIDE::403::Forbidden::Invalid token!::
[2025-05-30T09:34:37.379Z] [error]: HIDE::403::Forbidden::Invalid token!::
[2025-05-30T09:34:37.394Z] [error]: HIDE::403::Forbidden::Invalid token!::
[2025-05-30T10:11:21.225Z] [error]: HIDE::403::Forbidden::Permission denied!::
[2025-05-30T10:11:21.247Z] [error]: HIDE::403::Forbidden::Permission denied!::
[2025-05-30T10:11:22.126Z] [error]: HIDE::403::Forbidden::Permission denied!::
[2025-05-30T10:11:22.145Z] [error]: HIDE::403::Forbidden::Permission denied!::
[2025-05-30T10:11:39.550Z] [error]: HIDE::403::Forbidden::Permission denied!::
[2025-05-30T10:11:39.567Z] [error]: HIDE::403::Forbidden::Permission denied!::
[2025-05-30T10:11:39.404Z] [error]: HIDE::403::Forbidden::Permission denied!::
[2025-05-30T10:11:39.422Z] [error]: HIDE::403::Forbidden::Permission denied!::
[2025-05-30T10:12:18.954Z] [error]: HIDE::403::Forbidden::Permission denied!::
[2025-05-30T10:12:18.975Z] [error]: HIDE::403::Forbidden::Permission denied!::
[2025-05-30T10:12:19.864Z] [error]: HIDE::403::Forbidden::Permission denied!::
[2025-05-30T10:12:19.883Z] [error]: HIDE::403::Forbidden::Permission denied!::
[2025-05-30T10:36:58.227Z] [error]: HIDE::403::Forbidden::Permission denied!::
[2025-05-30T10:36:58.270Z] [error]: HIDE::403::Forbidden::Permission denied!::
[2025-05-30T10:36:58.664Z] [error]: HIDE::403::Forbidden::Permission denied!::
[2025-05-30T10:37:27.989Z] [error]: HIDE::403::Forbidden::Permission denied!::
[2025-05-30T10:37:28.024Z] [error]: HIDE::403::Forbidden::Permission denied!::
[2025-05-30T10:37:28.436Z] [error]: HIDE::403::Forbidden::Permission denied!::
[2025-05-30T10:38:43.572Z] [error]: HIDE::403::Forbidden::Permission denied!::
[2025-05-30T10:38:43.616Z] [error]: HIDE::403::Forbidden::Permission denied!::
[2025-05-30T10:38:43.970Z] [error]: HIDE::403::Forbidden::Permission denied!::
[2025-05-30T10:39:07.329Z] [error]: HIDE::403::Forbidden::Permission denied!::
[2025-05-30T10:39:07.382Z] [error]: HIDE::403::Forbidden::Permission denied!::
[2025-05-30T10:39:07.779Z] [error]: HIDE::403::Forbidden::Permission denied!::
[2025-05-30T10:39:56.601Z] [error]: HIDE::403::Forbidden::Permission denied!::
[2025-05-30T10:39:56.650Z] [error]: HIDE::403::Forbidden::Permission denied!::
[2025-05-30T10:39:56.990Z] [error]: HIDE::403::Forbidden::Permission denied!::
[2025-05-30T10:40:10.634Z] [error]: HIDE::403::Forbidden::Permission denied!::
[2025-05-30T10:40:10.664Z] [error]: HIDE::403::Forbidden::Permission denied!::
[2025-05-30T10:40:11.060Z] [error]: HIDE::403::Forbidden::Permission denied!::
[2025-05-30T10:48:21.893Z] [error]: HIDE::403::Forbidden::Permission denied!::
[2025-05-30T10:48:21.949Z] [error]: HIDE::403::Forbidden::Permission denied!::
[2025-05-30T10:48:22.349Z] [error]: HIDE::403::Forbidden::Permission denied!::
[2025-05-30T10:49:47.653Z] [error]: HIDE::400::TypeError::null is not an object (evaluating 'role.role_name')::
[2025-05-30T10:49:47.799Z] [error]: HIDE::403::Forbidden::Token not found!::
[2025-05-30T10:50:19.243Z] [error]: HIDE::403::Forbidden::Token not found!::
[2025-05-30T10:50:32.574Z] [error]: HIDE::404::NotFound::Username or password is not correct!::
[2025-05-30T10:51:24.248Z] [error]: InvalidTokenError: Invalid token specified: missing part #2
[2025-05-30T10:51:24.250Z] [error]: HIDE::403::Forbidden::Invalid token payload!::
[2025-05-30T10:52:41.574Z] [error]: HIDE::403::Forbidden::Permission denied!::
[2025-05-30T11:43:10.373Z] [error]: HIDE::403::Forbidden::Invalid role!::
[2025-05-30T11:43:10.406Z] [error]: HIDE::400::TypeError::null is not an object (evaluating 'role.role_name')::
[2025-05-30T11:43:10.422Z] [error]: HIDE::403::Forbidden::Invalid role!::
[2025-05-30T11:43:10.438Z] [error]: HIDE::400::TypeError::null is not an object (evaluating 'role.role_name')::
[2025-05-30T11:43:10.452Z] [error]: HIDE::403::Forbidden::Invalid role!::
[2025-05-30T11:43:10.471Z] [error]: HIDE::400::TypeError::null is not an object (evaluating 'role.role_name')::
[2025-05-30T11:43:10.485Z] [error]: HIDE::403::Forbidden::Invalid role!::
[2025-05-30T11:43:10.501Z] [error]: HIDE::400::TypeError::null is not an object (evaluating 'role.role_name')::
[2025-05-30T11:43:10.510Z] [error]: HIDE::400::TypeError::null is not an object (evaluating 'role.role_name')::
[2025-05-30T11:43:10.526Z] [error]: HIDE::400::TypeError::null is not an object (evaluating 'role.role_name')::
[2025-05-30T11:43:10.541Z] [error]: HIDE::400::TypeError::null is not an object (evaluating 'role.role_name')::
[2025-05-30T11:43:10.586Z] [error]: HIDE::400::TypeError::null is not an object (evaluating 'role.role_name')::
[2025-05-30T14:32:21.599Z] [error]: HIDE::403::Forbidden::Invalid role!::
[2025-05-30T14:32:21.610Z] [error]: HIDE::400::TypeError::null is not an object (evaluating 'role.role_name')::
[2025-05-30T14:32:21.615Z] [error]: HIDE::403::Forbidden::Invalid role!::
[2025-05-30T14:32:21.627Z] [error]: HIDE::400::TypeError::null is not an object (evaluating 'role.role_name')::
[2025-05-30T14:32:21.642Z] [error]: HIDE::400::TypeError::null is not an object (evaluating 'role.role_name')::
[2025-05-30T14:32:21.650Z] [error]: HIDE::400::TypeError::null is not an object (evaluating 'role.role_name')::
[2025-05-30T14:37:47.842Z] [error]: InvalidTokenError: Invalid token specified: missing part #2
[2025-05-30T14:37:47.846Z] [error]: HIDE::403::Forbidden::Invalid token payload!::
[2025-05-30T14:37:48.595Z] [error]: InvalidTokenError: Invalid token specified: missing part #2
[2025-05-30T14:37:48.596Z] [error]: HIDE::403::Forbidden::Invalid token payload!::
[2025-05-30T14:38:05.950Z] [error]: HIDE::404::NotFound::Username or password is not correct!::
[2025-05-30T14:38:11.663Z] [error]: HIDE::403::Forbidden::Shop is not active!::
[2025-05-30T14:38:16.036Z] [error]: HIDE::403::Forbidden::Permission denied!::
[2025-05-30T14:38:45.690Z] [error]: HIDE::403::Forbidden::Permission denied!::
[2025-05-30T14:38:51.360Z] [error]: HIDE::403::Forbidden::Permission denied!::
[2025-05-30T14:39:09.368Z] [error]: HIDE::403::Forbidden::Permission denied!::
[2025-05-30T14:39:10.342Z] [error]: HIDE::403::Forbidden::Permission denied!::
[2025-05-30T14:39:11.063Z] [error]: HIDE::403::Forbidden::Permission denied!::
[2025-05-30T14:39:11.659Z] [error]: HIDE::403::Forbidden::Permission denied!::
[2025-05-30T14:39:19.051Z] [error]: HIDE::400::BadRequest::Create SKU failed!::
[2025-05-30T14:40:04.333Z] [error]: HIDE::403::Forbidden::Token is expired or invalid!::
[2025-05-30T14:40:04.458Z] [error]: HIDE::403::Forbidden::Token not found!::
[2025-05-30T14:41:28.914Z] [error]: HIDE::403::Forbidden::Token not found!::
[2025-05-30T14:41:43.960Z] [error]: HIDE::403::Forbidden::Token not found!::
[2025-05-30T14:44:22.002Z] [error]: HIDE::403::Forbidden::Token not found!::
[2025-05-30T14:46:19.369Z] [error]: HIDE::403::Forbidden::Invalid role!::
[2025-05-30T14:46:19.378Z] [error]: HIDE::400::TypeError::null is not an object (evaluating 'role.role_name')::
[2025-05-30T14:46:19.384Z] [error]: HIDE::403::Forbidden::Invalid role!::
[2025-05-30T14:46:19.396Z] [error]: HIDE::400::TypeError::null is not an object (evaluating 'role.role_name')::
[2025-05-30T14:46:19.409Z] [error]: HIDE::400::TypeError::null is not an object (evaluating 'role.role_name')::
[2025-05-30T14:46:19.416Z] [error]: HIDE::400::TypeError::null is not an object (evaluating 'role.role_name')::
[2025-05-30T14:46:30.993Z] [error]: HIDE::403::Forbidden::Token not found!::
[2025-05-30T14:52:53.885Z] [error]: HIDE::403::Forbidden::Token not found!::
[2025-05-30T14:52:56.211Z] [error]: HIDE::400::BadRequest::[
  {
    "code": "invalid_type",
    "expected": "number",
    "received": "string",
    "path": [
      "limit"
    ],
    "message": "Expected number, received string"
  }
]::
[2025-05-30T14:59:03.473Z] [error]: HIDE::403::Forbidden::Token not found!::
[2025-05-30T14:59:03.613Z] [error]: HIDE::400::MongoServerError::invalid argument to $limit stage: Expected a number in: $limit: "50"::
[2025-05-30T14:59:12.411Z] [error]: HIDE::400::MongoServerError::invalid argument to $limit stage: Expected a number in: $limit: "50"::
[2025-05-30T14:59:12.861Z] [error]: HIDE::400::MongoServerError::invalid argument to $limit stage: Expected a number in: $limit: "50"::
[2025-05-30T15:00:53.612Z] [error]: HIDE::403::Forbidden::Token not found!::
[2025-05-30T15:02:20.049Z] [error]: HIDE::403::Forbidden::Token not found!::
[2025-05-30T15:02:32.231Z] [error]: HIDE::403::Forbidden::Invalid role!::
[2025-05-30T15:02:32.250Z] [error]: HIDE::400::TypeError::null is not an object (evaluating 'role.role_name')::
[2025-05-30T15:02:32.286Z] [error]: HIDE::403::Forbidden::Invalid role!::
[2025-05-30T15:02:32.303Z] [error]: HIDE::400::TypeError::null is not an object (evaluating 'role.role_name')::
[2025-05-30T15:02:32.335Z] [error]: HIDE::400::TypeError::null is not an object (evaluating 'role.role_name')::
[2025-05-30T15:02:32.375Z] [error]: HIDE::400::TypeError::null is not an object (evaluating 'role.role_name')::
