[2025-03-31T00:00:00.016Z] [info]: Cleanup product: Cleaned 0 products
[2025-03-31T00:00:00.024Z] [info]: Cleanup key token: 8 key token cleaned
[2025-03-31T00:00:00.024Z] [info]: Cleanup key token: 0 refresh token used cleaned
[2025-03-31T00:01:00.017Z] [info]: Cleanup product: Cleaned 0 products
[2025-03-31T00:01:00.020Z] [info]: Cleanup key token: 8 key token cleaned
[2025-03-31T00:01:00.020Z] [info]: Cleanup key token: 0 refresh token used cleaned
[2025-03-31T00:01:24.300Z] [info]: Server closed
[2025-03-31T00:01:24.362Z] [info]: Server closed
[2025-03-31T00:01:24.369Z] [info]: Server closed
[2025-03-31T00:01:24.370Z] [info]: Server closed
[2025-03-31T00:02:00.058Z] [info]: Cleanup key token: 8 key token cleaned
[2025-03-31T00:02:00.059Z] [info]: Cleanup key token: 0 refresh token used cleaned
[2025-03-31T00:02:00.061Z] [info]: Cleanup product: Cleaned 0 products
[2025-03-31T00:03:00.023Z] [info]: Cleanup key token: 8 key token cleaned
[2025-03-31T00:03:00.024Z] [info]: Cleanup key token: 0 refresh token used cleaned
[2025-03-31T00:03:00.024Z] [info]: Cleanup product: Cleaned 0 products
[2025-03-31T00:04:00.023Z] [info]: Cleanup key token: 8 key token cleaned
[2025-03-31T00:04:00.023Z] [info]: Cleanup key token: 0 refresh token used cleaned
[2025-03-31T00:04:00.023Z] [info]: Cleanup product: Cleaned 0 products
[2025-03-31T00:05:00.021Z] [info]: Cleanup key token: 8 key token cleaned
[2025-03-31T00:05:00.022Z] [info]: Cleanup key token: 0 refresh token used cleaned
[2025-03-31T00:05:00.022Z] [info]: Cleanup product: Cleaned 0 products
[2025-03-31T00:06:00.094Z] [info]: Cleanup key token: 8 key token cleaned
[2025-03-31T00:06:00.095Z] [info]: Cleanup key token: 0 refresh token used cleaned
[2025-03-31T00:06:00.100Z] [info]: Cleanup product: Cleaned 0 products
[2025-03-31T00:07:00.024Z] [info]: Cleanup product: Cleaned 0 products
[2025-03-31T00:07:00.025Z] [info]: Cleanup key token: 8 key token cleaned
[2025-03-31T00:07:00.026Z] [info]: Cleanup key token: 0 refresh token used cleaned
[2025-03-31T00:08:00.016Z] [info]: Cleanup product: Cleaned 0 products
[2025-03-31T00:08:00.020Z] [info]: Cleanup key token: 8 key token cleaned
[2025-03-31T00:08:00.020Z] [info]: Cleanup key token: 0 refresh token used cleaned
[2025-03-31T00:09:00.018Z] [info]: Cleanup product: Cleaned 0 products
[2025-03-31T00:09:00.020Z] [info]: Cleanup key token: 8 key token cleaned
[2025-03-31T00:09:00.021Z] [info]: Cleanup key token: 0 refresh token used cleaned
[2025-03-31T00:10:00.015Z] [info]: Cleanup product: Cleaned 0 products
[2025-03-31T00:10:00.020Z] [info]: Cleanup key token: 8 key token cleaned
[2025-03-31T00:10:00.020Z] [info]: Cleanup key token: 0 refresh token used cleaned
[2025-03-31T00:11:00.014Z] [info]: Cleanup product: Cleaned 0 products
[2025-03-31T00:11:00.018Z] [info]: Cleanup key token: 8 key token cleaned
[2025-03-31T00:11:00.018Z] [info]: Cleanup key token: 0 refresh token used cleaned
[2025-03-31T00:12:00.022Z] [info]: Cleanup key token: 8 key token cleaned
[2025-03-31T00:12:00.022Z] [info]: Cleanup key token: 0 refresh token used cleaned
[2025-03-31T00:12:00.025Z] [info]: Cleanup product: Cleaned 0 products
[2025-03-31T00:13:00.021Z] [info]: Cleanup key token: 8 key token cleaned
[2025-03-31T00:13:00.022Z] [info]: Cleanup key token: 0 refresh token used cleaned
[2025-03-31T00:13:00.022Z] [info]: Cleanup product: Cleaned 0 products
[2025-03-31T00:14:00.008Z] [info]: Cleanup product: Cleaned 0 products
[2025-03-31T00:14:00.018Z] [info]: Cleanup key token: 8 key token cleaned
[2025-03-31T00:14:00.018Z] [info]: Cleanup key token: 0 refresh token used cleaned
[2025-03-31T00:15:00.019Z] [info]: Cleanup key token: 8 key token cleaned
[2025-03-31T00:15:00.020Z] [info]: Cleanup key token: 0 refresh token used cleaned
[2025-03-31T00:15:00.020Z] [info]: Cleanup product: Cleaned 0 products
[2025-03-31T00:16:00.023Z] [info]: Cleanup key token: 8 key token cleaned
[2025-03-31T00:16:00.024Z] [info]: Cleanup key token: 0 refresh token used cleaned
[2025-03-31T00:16:00.024Z] [info]: Cleanup product: Cleaned 0 products
[2025-03-31T00:17:00.020Z] [info]: Cleanup key token: 8 key token cleaned
[2025-03-31T00:17:00.020Z] [info]: Cleanup key token: 0 refresh token used cleaned
[2025-03-31T00:17:00.020Z] [info]: Cleanup product: Cleaned 0 products
[2025-03-31T00:18:00.016Z] [info]: Cleanup key token: 8 key token cleaned
[2025-03-31T00:18:00.017Z] [info]: Cleanup key token: 0 refresh token used cleaned
[2025-03-31T00:18:00.017Z] [info]: Cleanup product: Cleaned 0 products
[2025-03-31T00:19:00.017Z] [info]: Cleanup key token: 8 key token cleaned
[2025-03-31T00:19:00.017Z] [info]: Cleanup key token: 0 refresh token used cleaned
[2025-03-31T00:19:00.018Z] [info]: Cleanup product: Cleaned 0 products
[2025-03-31T00:20:00.019Z] [info]: Cleanup product: Cleaned 0 products
[2025-03-31T00:20:00.025Z] [info]: Cleanup key token: 8 key token cleaned
[2025-03-31T00:20:00.025Z] [info]: Cleanup key token: 0 refresh token used cleaned
[2025-03-31T00:21:00.012Z] [info]: Cleanup product: Cleaned 0 products
[2025-03-31T00:21:00.016Z] [info]: Cleanup key token: 8 key token cleaned
[2025-03-31T00:21:00.016Z] [info]: Cleanup key token: 0 refresh token used cleaned
[2025-03-31T00:22:00.014Z] [info]: Cleanup product: Cleaned 0 products
[2025-03-31T00:22:00.019Z] [info]: Cleanup key token: 8 key token cleaned
[2025-03-31T00:22:00.020Z] [info]: Cleanup key token: 0 refresh token used cleaned
[2025-03-31T00:23:00.012Z] [info]: Cleanup product: Cleaned 0 products
[2025-03-31T00:23:00.016Z] [info]: Cleanup key token: 8 key token cleaned
[2025-03-31T00:23:00.016Z] [info]: Cleanup key token: 0 refresh token used cleaned
[2025-03-31T00:24:00.025Z] [info]: Cleanup product: Cleaned 0 products
[2025-03-31T00:24:00.030Z] [info]: Cleanup key token: 8 key token cleaned
[2025-03-31T00:24:00.030Z] [info]: Cleanup key token: 0 refresh token used cleaned
[2025-03-31T00:25:00.022Z] [info]: Cleanup product: Cleaned 0 products
[2025-03-31T00:25:00.027Z] [info]: Cleanup key token: 8 key token cleaned
[2025-03-31T00:25:00.027Z] [info]: Cleanup key token: 0 refresh token used cleaned
[2025-03-31T00:26:00.015Z] [info]: Cleanup product: Cleaned 0 products
[2025-03-31T00:26:00.020Z] [info]: Cleanup key token: 8 key token cleaned
[2025-03-31T00:26:00.020Z] [info]: Cleanup key token: 0 refresh token used cleaned
[2025-03-31T00:27:00.017Z] [info]: Cleanup key token: 8 key token cleaned
[2025-03-31T00:27:00.017Z] [info]: Cleanup key token: 0 refresh token used cleaned
[2025-03-31T00:27:00.018Z] [info]: Cleanup product: Cleaned 0 products
[2025-03-31T00:28:00.023Z] [info]: Cleanup key token: 7 key token cleaned
[2025-03-31T00:28:00.023Z] [info]: Cleanup key token: 0 refresh token used cleaned
[2025-03-31T00:28:00.023Z] [info]: Cleanup product: Cleaned 0 products
[2025-03-31T00:29:00.020Z] [info]: Cleanup key token: 8 key token cleaned
[2025-03-31T00:29:00.020Z] [info]: Cleanup key token: 0 refresh token used cleaned
[2025-03-31T00:29:00.021Z] [info]: Cleanup product: Cleaned 0 products
[2025-03-31T00:30:00.015Z] [info]: Cleanup key token: 8 key token cleaned
[2025-03-31T00:30:00.015Z] [info]: Cleanup key token: 0 refresh token used cleaned
[2025-03-31T00:30:00.016Z] [info]: Cleanup product: Cleaned 0 products
[2025-03-31T00:31:00.013Z] [info]: Cleanup key token: 8 key token cleaned
[2025-03-31T00:31:00.014Z] [info]: Cleanup key token: 0 refresh token used cleaned
[2025-03-31T00:31:00.014Z] [info]: Cleanup product: Cleaned 0 products
[2025-03-31T00:32:00.014Z] [info]: Cleanup product: Cleaned 0 products
[2025-03-31T00:32:00.018Z] [info]: Cleanup key token: 8 key token cleaned
[2025-03-31T00:32:00.018Z] [info]: Cleanup key token: 0 refresh token used cleaned
[2025-03-31T00:34:52.203Z] [info]: Cleanup product: Cleaned 0 products
[2025-03-31T00:34:52.212Z] [info]: Cleanup key token: 8 key token cleaned
[2025-03-31T00:34:52.213Z] [info]: Cleanup key token: 0 refresh token used cleaned
[2025-03-31T00:35:00.013Z] [info]: Cleanup product: Cleaned 0 products
[2025-03-31T00:35:00.018Z] [info]: Cleanup key token: 8 key token cleaned
[2025-03-31T00:35:00.018Z] [info]: Cleanup key token: 0 refresh token used cleaned
[2025-03-31T00:36:00.011Z] [info]: Cleanup product: Cleaned 0 products
[2025-03-31T00:36:00.015Z] [info]: Cleanup key token: 8 key token cleaned
[2025-03-31T00:36:00.015Z] [info]: Cleanup key token: 0 refresh token used cleaned
[2025-03-31T00:37:00.011Z] [info]: Cleanup product: Cleaned 0 products
[2025-03-31T00:37:00.014Z] [info]: Cleanup key token: 8 key token cleaned
[2025-03-31T00:37:00.014Z] [info]: Cleanup key token: 0 refresh token used cleaned
[2025-03-31T00:38:00.044Z] [info]: Cleanup key token: 8 key token cleaned
[2025-03-31T00:38:00.045Z] [info]: Cleanup key token: 0 refresh token used cleaned
[2025-03-31T00:38:00.046Z] [info]: Cleanup product: Cleaned 0 products
[2025-03-31T00:39:00.017Z] [info]: Cleanup key token: 9 key token cleaned
[2025-03-31T00:39:00.017Z] [info]: Cleanup key token: 0 refresh token used cleaned
[2025-03-31T00:39:00.018Z] [info]: Cleanup product: Cleaned 0 products
[2025-03-31T00:40:00.016Z] [info]: Cleanup product: Cleaned 0 products
[2025-03-31T00:40:00.017Z] [info]: Cleanup key token: 9 key token cleaned
[2025-03-31T00:40:00.017Z] [info]: Cleanup key token: 0 refresh token used cleaned
[2025-03-31T00:41:00.015Z] [info]: Cleanup key token: 9 key token cleaned
[2025-03-31T00:41:00.016Z] [info]: Cleanup key token: 0 refresh token used cleaned
[2025-03-31T00:41:00.016Z] [info]: Cleanup product: Cleaned 0 products
[2025-03-31T00:42:00.015Z] [info]: Cleanup key token: 9 key token cleaned
[2025-03-31T00:42:00.016Z] [info]: Cleanup key token: 0 refresh token used cleaned
[2025-03-31T00:42:00.017Z] [info]: Cleanup product: Cleaned 0 products
[2025-03-31T00:43:00.008Z] [info]: Cleanup product: Cleaned 0 products
[2025-03-31T00:43:00.012Z] [info]: Cleanup key token: 9 key token cleaned
[2025-03-31T00:43:00.012Z] [info]: Cleanup key token: 0 refresh token used cleaned
[2025-03-31T00:44:00.012Z] [info]: Cleanup product: Cleaned 0 products
[2025-03-31T00:44:00.018Z] [info]: Cleanup key token: 9 key token cleaned
[2025-03-31T00:44:00.019Z] [info]: Cleanup key token: 0 refresh token used cleaned
[2025-03-31T00:45:00.012Z] [info]: Cleanup product: Cleaned 0 products
[2025-03-31T00:45:00.013Z] [info]: Cleanup key token: 9 key token cleaned
[2025-03-31T00:45:00.013Z] [info]: Cleanup key token: 0 refresh token used cleaned
[2025-03-31T00:46:00.014Z] [info]: Cleanup product: Cleaned 0 products
[2025-03-31T00:46:00.016Z] [info]: Cleanup key token: 9 key token cleaned
[2025-03-31T00:46:00.016Z] [info]: Cleanup key token: 0 refresh token used cleaned
[2025-03-31T00:47:00.014Z] [info]: Cleanup key token: 9 key token cleaned
[2025-03-31T00:47:00.015Z] [info]: Cleanup key token: 0 refresh token used cleaned
[2025-03-31T00:47:00.015Z] [info]: Cleanup product: Cleaned 0 products
[2025-03-31T00:48:00.015Z] [info]: Cleanup key token: 9 key token cleaned
[2025-03-31T00:48:00.016Z] [info]: Cleanup key token: 0 refresh token used cleaned
[2025-03-31T00:48:00.016Z] [info]: Cleanup product: Cleaned 0 products
[2025-03-31T00:49:00.016Z] [info]: Cleanup key token: 9 key token cleaned
[2025-03-31T00:49:00.016Z] [info]: Cleanup key token: 0 refresh token used cleaned
[2025-03-31T00:49:00.016Z] [info]: Cleanup product: Cleaned 0 products
[2025-03-31T00:50:00.014Z] [info]: Cleanup key token: 9 key token cleaned
[2025-03-31T00:50:00.015Z] [info]: Cleanup key token: 0 refresh token used cleaned
[2025-03-31T00:50:00.015Z] [info]: Cleanup product: Cleaned 0 products
[2025-03-31T00:51:00.014Z] [info]: Cleanup product: Cleaned 0 products
[2025-03-31T00:51:00.018Z] [info]: Cleanup key token: 9 key token cleaned
[2025-03-31T00:51:00.019Z] [info]: Cleanup key token: 0 refresh token used cleaned
[2025-03-31T00:52:00.015Z] [info]: Cleanup key token: 9 key token cleaned
[2025-03-31T00:52:00.015Z] [info]: Cleanup key token: 0 refresh token used cleaned
[2025-03-31T00:52:00.016Z] [info]: Cleanup product: Cleaned 0 products
[2025-03-31T00:53:00.013Z] [info]: Cleanup key token: 9 key token cleaned
[2025-03-31T00:53:00.013Z] [info]: Cleanup key token: 0 refresh token used cleaned
[2025-03-31T00:53:00.014Z] [info]: Cleanup product: Cleaned 0 products
[2025-03-31T00:54:00.013Z] [info]: Cleanup product: Cleaned 0 products
[2025-03-31T00:54:00.015Z] [info]: Cleanup key token: 9 key token cleaned
[2025-03-31T00:54:00.015Z] [info]: Cleanup key token: 0 refresh token used cleaned
[2025-03-31T00:55:00.015Z] [info]: Cleanup key token: 9 key token cleaned
[2025-03-31T00:55:00.016Z] [info]: Cleanup key token: 0 refresh token used cleaned
[2025-03-31T00:55:00.016Z] [info]: Cleanup product: Cleaned 0 products
[2025-03-31T00:56:00.007Z] [info]: Cleanup product: Cleaned 0 products
[2025-03-31T00:56:00.018Z] [info]: Cleanup key token: 9 key token cleaned
[2025-03-31T00:56:00.018Z] [info]: Cleanup key token: 0 refresh token used cleaned
[2025-03-31T00:57:00.013Z] [info]: Cleanup product: Cleaned 0 products
[2025-03-31T00:57:00.016Z] [info]: Cleanup key token: 9 key token cleaned
[2025-03-31T00:57:00.016Z] [info]: Cleanup key token: 0 refresh token used cleaned
[2025-03-31T00:58:00.013Z] [info]: Cleanup product: Cleaned 0 products
[2025-03-31T00:58:00.016Z] [info]: Cleanup key token: 9 key token cleaned
[2025-03-31T00:58:00.016Z] [info]: Cleanup key token: 0 refresh token used cleaned
[2025-03-31T00:59:00.010Z] [info]: Cleanup product: Cleaned 0 products
[2025-03-31T00:59:00.014Z] [info]: Cleanup key token: 9 key token cleaned
[2025-03-31T00:59:00.015Z] [info]: Cleanup key token: 0 refresh token used cleaned
[2025-03-31T01:00:00.014Z] [info]: Cleanup key token: 9 key token cleaned
[2025-03-31T01:00:00.014Z] [info]: Cleanup key token: 0 refresh token used cleaned
[2025-03-31T01:00:00.015Z] [info]: Cleanup product: Cleaned 0 products
[2025-03-31T01:01:00.017Z] [info]: Cleanup product: Cleaned 0 products
[2025-03-31T01:01:00.021Z] [info]: Cleanup key token: 9 key token cleaned
[2025-03-31T01:01:00.021Z] [info]: Cleanup key token: 0 refresh token used cleaned
[2025-03-31T01:02:00.011Z] [info]: Cleanup product: Cleaned 0 products
[2025-03-31T01:02:00.014Z] [info]: Cleanup key token: 9 key token cleaned
[2025-03-31T01:02:00.015Z] [info]: Cleanup key token: 0 refresh token used cleaned
[2025-03-31T01:03:00.016Z] [info]: Cleanup key token: 9 key token cleaned
[2025-03-31T01:03:00.016Z] [info]: Cleanup key token: 0 refresh token used cleaned
[2025-03-31T01:03:00.016Z] [info]: Cleanup product: Cleaned 0 products
[2025-03-31T01:04:00.018Z] [info]: Cleanup key token: 9 key token cleaned
[2025-03-31T01:04:00.018Z] [info]: Cleanup key token: 0 refresh token used cleaned
[2025-03-31T01:04:00.020Z] [info]: Cleanup product: Cleaned 0 products
[2025-03-31T01:06:02.160Z] [info]: Cleanup key token: 9 key token cleaned
[2025-03-31T01:06:02.161Z] [info]: Cleanup key token: 0 refresh token used cleaned
[2025-03-31T01:06:02.163Z] [info]: Cleanup product: Cleaned 0 products
[2025-03-31T01:07:01.118Z] [info]: Cleanup key token: 9 key token cleaned
[2025-03-31T01:07:01.119Z] [info]: Cleanup key token: 0 refresh token used cleaned
[2025-03-31T01:07:01.120Z] [info]: Cleanup product: Cleaned 0 products
[2025-03-31T01:08:00.047Z] [info]: Cleanup key token: 9 key token cleaned
[2025-03-31T01:08:00.048Z] [info]: Cleanup key token: 0 refresh token used cleaned
[2025-03-31T01:08:00.049Z] [info]: Cleanup product: Cleaned 0 products
[2025-03-31T01:09:00.020Z] [info]: Cleanup key token: 9 key token cleaned
[2025-03-31T01:09:00.021Z] [info]: Cleanup key token: 0 refresh token used cleaned
[2025-03-31T01:09:00.022Z] [info]: Cleanup product: Cleaned 0 products
[2025-03-31T01:10:00.014Z] [info]: Cleanup product: Cleaned 0 products
[2025-03-31T01:10:00.018Z] [info]: Cleanup key token: 9 key token cleaned
[2025-03-31T01:10:00.019Z] [info]: Cleanup key token: 0 refresh token used cleaned
[2025-03-31T01:11:00.017Z] [info]: Cleanup key token: 9 key token cleaned
[2025-03-31T01:11:00.018Z] [info]: Cleanup key token: 0 refresh token used cleaned
[2025-03-31T01:11:00.018Z] [info]: Cleanup product: Cleaned 0 products
[2025-03-31T01:12:00.019Z] [info]: Cleanup key token: 9 key token cleaned
[2025-03-31T01:12:00.020Z] [info]: Cleanup key token: 0 refresh token used cleaned
[2025-03-31T01:12:00.020Z] [info]: Cleanup product: Cleaned 0 products
[2025-03-31T01:13:00.016Z] [info]: Cleanup key token: 9 key token cleaned
[2025-03-31T01:13:00.016Z] [info]: Cleanup key token: 0 refresh token used cleaned
[2025-03-31T01:13:00.017Z] [info]: Cleanup product: Cleaned 0 products
[2025-03-31T01:14:00.016Z] [info]: Cleanup key token: 9 key token cleaned
[2025-03-31T01:14:00.016Z] [info]: Cleanup key token: 0 refresh token used cleaned
[2025-03-31T01:14:00.017Z] [info]: Cleanup product: Cleaned 0 products
[2025-03-31T01:15:00.034Z] [info]: Cleanup key token: 9 key token cleaned
[2025-03-31T01:15:00.035Z] [info]: Cleanup key token: 0 refresh token used cleaned
[2025-03-31T01:15:00.039Z] [info]: Cleanup product: Cleaned 0 products
[2025-03-31T01:16:00.020Z] [info]: Cleanup key token: 9 key token cleaned
[2025-03-31T01:16:00.020Z] [info]: Cleanup key token: 0 refresh token used cleaned
[2025-03-31T01:16:00.021Z] [info]: Cleanup product: Cleaned 0 products
[2025-03-31T01:17:00.016Z] [info]: Cleanup product: Cleaned 0 products
[2025-03-31T01:17:00.021Z] [info]: Cleanup key token: 9 key token cleaned
[2025-03-31T01:17:00.021Z] [info]: Cleanup key token: 0 refresh token used cleaned
[2025-03-31T01:18:00.016Z] [info]: Cleanup product: Cleaned 0 products
[2025-03-31T01:18:00.022Z] [info]: Cleanup key token: 9 key token cleaned
[2025-03-31T01:18:00.023Z] [info]: Cleanup key token: 0 refresh token used cleaned
[2025-03-31T01:19:00.012Z] [info]: Cleanup product: Cleaned 0 products
[2025-03-31T01:19:00.018Z] [info]: Cleanup key token: 9 key token cleaned
[2025-03-31T01:19:00.018Z] [info]: Cleanup key token: 0 refresh token used cleaned
[2025-03-31T01:20:00.014Z] [info]: Cleanup product: Cleaned 0 products
[2025-03-31T01:20:00.018Z] [info]: Cleanup key token: 9 key token cleaned
[2025-03-31T01:20:00.019Z] [info]: Cleanup key token: 0 refresh token used cleaned
[2025-03-31T01:21:00.021Z] [info]: Cleanup key token: 9 key token cleaned
[2025-03-31T01:21:00.021Z] [info]: Cleanup key token: 0 refresh token used cleaned
[2025-03-31T01:21:00.022Z] [info]: Cleanup product: Cleaned 0 products
[2025-03-31T01:22:00.014Z] [info]: Cleanup product: Cleaned 0 products
[2025-03-31T01:22:00.020Z] [info]: Cleanup key token: 9 key token cleaned
[2025-03-31T01:22:00.020Z] [info]: Cleanup key token: 0 refresh token used cleaned
[2025-03-31T01:23:00.014Z] [info]: Cleanup product: Cleaned 0 products
[2025-03-31T01:23:00.017Z] [info]: Cleanup key token: 9 key token cleaned
[2025-03-31T01:23:00.018Z] [info]: Cleanup key token: 0 refresh token used cleaned
[2025-03-31T01:24:00.017Z] [info]: Cleanup key token: 9 key token cleaned
[2025-03-31T01:24:00.017Z] [info]: Cleanup key token: 0 refresh token used cleaned
[2025-03-31T01:24:00.017Z] [info]: Cleanup product: Cleaned 0 products
[2025-03-31T01:25:00.014Z] [info]: Cleanup key token: 9 key token cleaned
[2025-03-31T01:25:00.015Z] [info]: Cleanup key token: 0 refresh token used cleaned
[2025-03-31T01:25:00.017Z] [info]: Cleanup product: Cleaned 0 products
[2025-03-31T01:26:00.013Z] [info]: Cleanup key token: 9 key token cleaned
[2025-03-31T01:26:00.014Z] [info]: Cleanup key token: 0 refresh token used cleaned
[2025-03-31T01:26:00.014Z] [info]: Cleanup product: Cleaned 0 products
[2025-03-31T01:27:00.012Z] [info]: Cleanup product: Cleaned 0 products
[2025-03-31T01:27:00.018Z] [info]: Cleanup key token: 9 key token cleaned
[2025-03-31T01:27:00.018Z] [info]: Cleanup key token: 0 refresh token used cleaned
[2025-03-31T01:28:00.022Z] [info]: Cleanup key token: 9 key token cleaned
[2025-03-31T01:28:00.022Z] [info]: Cleanup key token: 0 refresh token used cleaned
[2025-03-31T01:28:00.023Z] [info]: Cleanup product: Cleaned 0 products
[2025-03-31T01:29:00.021Z] [info]: Cleanup product: Cleaned 0 products
[2025-03-31T01:29:00.022Z] [info]: Cleanup key token: 7 key token cleaned
[2025-03-31T01:29:00.022Z] [info]: Cleanup key token: 0 refresh token used cleaned
[2025-03-31T01:30:00.014Z] [info]: Cleanup key token: 7 key token cleaned
[2025-03-31T01:30:00.014Z] [info]: Cleanup key token: 0 refresh token used cleaned
[2025-03-31T01:30:00.015Z] [info]: Cleanup product: Cleaned 0 products
[2025-03-31T01:31:00.016Z] [info]: Cleanup key token: 7 key token cleaned
[2025-03-31T01:31:00.017Z] [info]: Cleanup key token: 0 refresh token used cleaned
[2025-03-31T01:31:00.017Z] [info]: Cleanup product: Cleaned 0 products
[2025-03-31T01:32:00.011Z] [info]: Cleanup product: Cleaned 0 products
[2025-03-31T01:32:00.014Z] [info]: Cleanup key token: 7 key token cleaned
[2025-03-31T01:32:00.015Z] [info]: Cleanup key token: 0 refresh token used cleaned
[2025-03-31T01:33:00.016Z] [info]: Cleanup product: Cleaned 0 products
[2025-03-31T01:33:00.020Z] [info]: Cleanup key token: 7 key token cleaned
[2025-03-31T01:33:00.021Z] [info]: Cleanup key token: 0 refresh token used cleaned
[2025-03-31T01:34:00.015Z] [info]: Cleanup product: Cleaned 0 products
[2025-03-31T01:34:00.019Z] [info]: Cleanup key token: 7 key token cleaned
[2025-03-31T01:34:00.019Z] [info]: Cleanup key token: 0 refresh token used cleaned
[2025-03-31T01:35:00.011Z] [info]: Cleanup key token: 7 key token cleaned
[2025-03-31T01:35:00.012Z] [info]: Cleanup key token: 0 refresh token used cleaned
[2025-03-31T01:35:00.013Z] [info]: Cleanup product: Cleaned 0 products
[2025-03-31T01:36:00.014Z] [info]: Cleanup key token: 7 key token cleaned
[2025-03-31T01:36:00.015Z] [info]: Cleanup key token: 0 refresh token used cleaned
[2025-03-31T01:36:00.015Z] [info]: Cleanup product: Cleaned 0 products
[2025-03-31T01:37:00.011Z] [info]: Cleanup product: Cleaned 0 products
[2025-03-31T01:37:00.015Z] [info]: Cleanup key token: 7 key token cleaned
[2025-03-31T01:37:00.015Z] [info]: Cleanup key token: 0 refresh token used cleaned
[2025-03-31T01:38:00.010Z] [info]: Cleanup product: Cleaned 0 products
[2025-03-31T01:38:00.015Z] [info]: Cleanup key token: 7 key token cleaned
[2025-03-31T01:38:00.016Z] [info]: Cleanup key token: 0 refresh token used cleaned
[2025-03-31T01:39:00.015Z] [info]: Cleanup product: Cleaned 0 products
[2025-03-31T01:39:00.019Z] [info]: Cleanup key token: 7 key token cleaned
[2025-03-31T01:39:00.019Z] [info]: Cleanup key token: 0 refresh token used cleaned
[2025-03-31T01:40:00.013Z] [info]: Cleanup product: Cleaned 0 products
[2025-03-31T01:40:00.017Z] [info]: Cleanup key token: 7 key token cleaned
[2025-03-31T01:40:00.017Z] [info]: Cleanup key token: 0 refresh token used cleaned
[2025-03-31T01:41:00.026Z] [info]: Cleanup key token: 7 key token cleaned
[2025-03-31T01:41:00.027Z] [info]: Cleanup key token: 0 refresh token used cleaned
[2025-03-31T01:41:00.028Z] [info]: Cleanup product: Cleaned 0 products
[2025-03-31T01:42:00.019Z] [info]: Cleanup key token: 7 key token cleaned
[2025-03-31T01:42:00.019Z] [info]: Cleanup key token: 0 refresh token used cleaned
[2025-03-31T01:42:00.020Z] [info]: Cleanup product: Cleaned 0 products
[2025-03-31T01:43:00.017Z] [info]: Cleanup key token: 7 key token cleaned
[2025-03-31T01:43:00.017Z] [info]: Cleanup key token: 0 refresh token used cleaned
[2025-03-31T01:43:00.018Z] [info]: Cleanup product: Cleaned 0 products
[2025-03-31T01:44:00.019Z] [info]: Cleanup key token: 7 key token cleaned
[2025-03-31T01:44:00.019Z] [info]: Cleanup key token: 0 refresh token used cleaned
[2025-03-31T01:44:00.020Z] [info]: Cleanup product: Cleaned 0 products
[2025-03-31T01:45:00.012Z] [info]: Cleanup product: Cleaned 0 products
[2025-03-31T01:45:00.014Z] [info]: Cleanup key token: 7 key token cleaned
[2025-03-31T01:45:00.014Z] [info]: Cleanup key token: 0 refresh token used cleaned
[2025-03-31T01:46:00.012Z] [info]: Cleanup product: Cleaned 0 products
[2025-03-31T01:46:00.015Z] [info]: Cleanup key token: 7 key token cleaned
[2025-03-31T01:46:00.015Z] [info]: Cleanup key token: 0 refresh token used cleaned
[2025-03-31T01:47:00.017Z] [info]: Cleanup product: Cleaned 0 products
[2025-03-31T01:47:00.023Z] [info]: Cleanup key token: 7 key token cleaned
[2025-03-31T01:47:00.024Z] [info]: Cleanup key token: 0 refresh token used cleaned
[2025-03-31T01:48:00.011Z] [info]: Cleanup product: Cleaned 0 products
[2025-03-31T01:48:00.013Z] [info]: Cleanup key token: 7 key token cleaned
[2025-03-31T01:48:00.013Z] [info]: Cleanup key token: 0 refresh token used cleaned
[2025-03-31T01:49:00.014Z] [info]: Cleanup key token: 7 key token cleaned
[2025-03-31T01:49:00.014Z] [info]: Cleanup key token: 0 refresh token used cleaned
[2025-03-31T01:49:00.015Z] [info]: Cleanup product: Cleaned 0 products
[2025-03-31T01:50:00.013Z] [info]: Cleanup key token: 7 key token cleaned
[2025-03-31T01:50:00.013Z] [info]: Cleanup key token: 0 refresh token used cleaned
[2025-03-31T01:50:00.013Z] [info]: Cleanup product: Cleaned 0 products
[2025-03-31T01:51:00.020Z] [info]: Cleanup key token: 7 key token cleaned
[2025-03-31T01:51:00.020Z] [info]: Cleanup key token: 0 refresh token used cleaned
[2025-03-31T01:51:00.020Z] [info]: Cleanup product: Cleaned 0 products
[2025-03-31T01:52:00.019Z] [info]: Cleanup key token: 7 key token cleaned
[2025-03-31T01:52:00.019Z] [info]: Cleanup key token: 0 refresh token used cleaned
[2025-03-31T01:52:00.019Z] [info]: Cleanup product: Cleaned 0 products
[2025-03-31T01:53:00.023Z] [info]: Cleanup key token: 7 key token cleaned
[2025-03-31T01:53:00.024Z] [info]: Cleanup key token: 0 refresh token used cleaned
[2025-03-31T01:53:00.026Z] [info]: Cleanup product: Cleaned 0 products
[2025-03-31T01:54:00.014Z] [info]: Cleanup product: Cleaned 0 products
[2025-03-31T01:54:00.018Z] [info]: Cleanup key token: 7 key token cleaned
[2025-03-31T01:54:00.019Z] [info]: Cleanup key token: 0 refresh token used cleaned
[2025-03-31T01:55:00.015Z] [info]: Cleanup key token: 7 key token cleaned
[2025-03-31T01:55:00.016Z] [info]: Cleanup key token: 0 refresh token used cleaned
[2025-03-31T01:55:00.016Z] [info]: Cleanup product: Cleaned 0 products
[2025-03-31T07:30:00.069Z] [info]: Cleanup key token: 6 key token cleaned
[2025-03-31T07:30:00.071Z] [info]: Cleanup key token: 0 refresh token used cleaned
[2025-03-31T07:30:00.073Z] [info]: Cleanup product: Cleaned 0 products
[2025-03-31T07:31:00.071Z] [info]: Cleanup product: Cleaned 0 products
[2025-03-31T07:31:00.087Z] [info]: Cleanup key token: 6 key token cleaned
[2025-03-31T07:31:00.087Z] [info]: Cleanup key token: 0 refresh token used cleaned
[2025-03-31T07:32:00.014Z] [info]: Cleanup product: Cleaned 0 products
[2025-03-31T07:32:00.017Z] [info]: Cleanup key token: 6 key token cleaned
[2025-03-31T07:32:00.017Z] [info]: Cleanup key token: 0 refresh token used cleaned
[2025-03-31T07:41:00.053Z] [info]: Cleanup product: Cleaned 0 products
[2025-03-31T07:41:00.061Z] [info]: Cleanup key token: 6 key token cleaned
[2025-03-31T07:41:00.061Z] [info]: Cleanup key token: 0 refresh token used cleaned
[2025-03-31T07:42:39.740Z] [info]: Server closed
[2025-03-31T07:42:39.759Z] [info]: Server closed
[2025-03-31T07:42:39.766Z] [info]: Server closed
[2025-03-31T07:42:39.767Z] [info]: Server closed
[2025-03-31T07:42:39.780Z] [info]: Server closed
[2025-03-31T07:42:39.781Z] [info]: Server closed
[2025-03-31T07:43:00.046Z] [info]: Cleanup key token: 6 key token cleaned
[2025-03-31T07:43:00.047Z] [info]: Cleanup key token: 0 refresh token used cleaned
[2025-03-31T07:43:00.048Z] [info]: Cleanup product: Cleaned 0 products
[2025-03-31T07:44:01.502Z] [info]: Cleanup key token: 6 key token cleaned
[2025-03-31T07:44:01.503Z] [info]: Cleanup key token: 0 refresh token used cleaned
[2025-03-31T07:44:01.504Z] [info]: Cleanup product: Cleaned 0 products
[2025-03-31T07:47:03.490Z] [info]: Cleanup key token: 6 key token cleaned
[2025-03-31T07:47:03.491Z] [info]: Cleanup key token: 0 refresh token used cleaned
[2025-03-31T07:47:03.493Z] [info]: Cleanup product: Cleaned 0 products
[2025-03-31T07:50:00.064Z] [info]: Cleanup key token: 6 key token cleaned
[2025-03-31T07:50:00.066Z] [info]: Cleanup key token: 0 refresh token used cleaned
[2025-03-31T07:50:00.069Z] [info]: Cleanup product: Cleaned 0 products
[2025-03-31T07:51:00.054Z] [info]: Cleanup key token: 6 key token cleaned
[2025-03-31T07:51:00.055Z] [info]: Cleanup key token: 0 refresh token used cleaned
[2025-03-31T07:51:00.058Z] [info]: Cleanup product: Cleaned 0 products
[2025-03-31T07:53:00.958Z] [info]: Cleanup key token: 6 key token cleaned
[2025-03-31T07:53:00.959Z] [info]: Cleanup key token: 0 refresh token used cleaned
[2025-03-31T07:53:00.961Z] [info]: Cleanup product: Cleaned 0 products
[2025-03-31T07:54:00.053Z] [info]: Cleanup product: Cleaned 0 products
[2025-03-31T07:54:00.059Z] [info]: Cleanup key token: 6 key token cleaned
[2025-03-31T07:54:00.059Z] [info]: Cleanup key token: 0 refresh token used cleaned
[2025-03-31T07:55:00.056Z] [info]: Cleanup key token: 6 key token cleaned
[2025-03-31T07:55:00.057Z] [info]: Cleanup key token: 0 refresh token used cleaned
[2025-03-31T07:55:00.059Z] [info]: Cleanup product: Cleaned 0 products
[2025-03-31T07:56:03.441Z] [info]: Cleanup key token: 6 key token cleaned
[2025-03-31T07:56:03.442Z] [info]: Cleanup key token: 0 refresh token used cleaned
[2025-03-31T07:56:03.443Z] [info]: Cleanup product: Cleaned 0 products
[2025-03-31T07:57:00.029Z] [info]: Cleanup key token: 6 key token cleaned
[2025-03-31T07:57:00.030Z] [info]: Cleanup key token: 0 refresh token used cleaned
[2025-03-31T07:57:00.031Z] [info]: Cleanup product: Cleaned 0 products
[2025-03-31T07:58:00.029Z] [info]: Cleanup key token: 6 key token cleaned
[2025-03-31T07:58:00.030Z] [info]: Cleanup key token: 0 refresh token used cleaned
[2025-03-31T07:58:00.031Z] [info]: Cleanup product: Cleaned 0 products
[2025-03-31T07:59:00.031Z] [info]: Cleanup key token: 6 key token cleaned
[2025-03-31T07:59:00.031Z] [info]: Cleanup key token: 0 refresh token used cleaned
[2025-03-31T07:59:00.032Z] [info]: Cleanup product: Cleaned 0 products
[2025-03-31T08:00:00.025Z] [info]: Cleanup key token: 6 key token cleaned
[2025-03-31T08:00:00.025Z] [info]: Cleanup key token: 0 refresh token used cleaned
[2025-03-31T08:00:00.027Z] [info]: Cleanup product: Cleaned 0 products
[2025-03-31T08:01:00.019Z] [info]: Cleanup key token: 6 key token cleaned
[2025-03-31T08:01:00.020Z] [info]: Cleanup key token: 0 refresh token used cleaned
[2025-03-31T08:01:00.020Z] [info]: Cleanup product: Cleaned 0 products
[2025-03-31T08:03:00.056Z] [info]: Cleanup key token: 6 key token cleaned
[2025-03-31T08:03:00.056Z] [info]: Cleanup key token: 0 refresh token used cleaned
[2025-03-31T08:03:00.060Z] [info]: Cleanup product: Cleaned 0 products
[2025-03-31T08:04:00.019Z] [info]: Cleanup key token: 6 key token cleaned
[2025-03-31T08:04:00.020Z] [info]: Cleanup key token: 0 refresh token used cleaned
[2025-03-31T08:04:00.021Z] [info]: Cleanup product: Cleaned 0 products
[2025-03-31T08:05:00.020Z] [info]: Cleanup key token: 6 key token cleaned
[2025-03-31T08:05:00.021Z] [info]: Cleanup key token: 0 refresh token used cleaned
[2025-03-31T08:05:00.022Z] [info]: Cleanup product: Cleaned 0 products
[2025-03-31T08:06:00.017Z] [info]: Cleanup key token: 6 key token cleaned
[2025-03-31T08:06:00.018Z] [info]: Cleanup key token: 0 refresh token used cleaned
[2025-03-31T08:06:00.019Z] [info]: Cleanup product: Cleaned 0 products
[2025-03-31T08:24:55.242Z] [info]: Cleanup product: Cleaned 0 products
[2025-03-31T08:24:55.244Z] [info]: Cleanup key token: 6 key token cleaned
[2025-03-31T08:24:55.246Z] [info]: Cleanup key token: 0 refresh token used cleaned
[2025-03-31T08:25:00.018Z] [info]: Cleanup key token: 6 key token cleaned
[2025-03-31T08:25:00.019Z] [info]: Cleanup key token: 0 refresh token used cleaned
[2025-03-31T08:25:00.020Z] [info]: Cleanup product: Cleaned 0 products
[2025-03-31T08:26:00.025Z] [info]: Cleanup key token: 6 key token cleaned
[2025-03-31T08:26:00.026Z] [info]: Cleanup key token: 0 refresh token used cleaned
[2025-03-31T08:26:00.026Z] [info]: Cleanup product: Cleaned 0 products
[2025-03-31T08:27:00.022Z] [info]: Cleanup product: Cleaned 0 products
[2025-03-31T08:27:00.024Z] [info]: Cleanup key token: 6 key token cleaned
[2025-03-31T08:27:00.024Z] [info]: Cleanup key token: 0 refresh token used cleaned
[2025-03-31T08:28:00.051Z] [info]: Cleanup product: Cleaned 0 products
[2025-03-31T08:28:00.057Z] [info]: Cleanup key token: 6 key token cleaned
[2025-03-31T08:28:00.057Z] [info]: Cleanup key token: 0 refresh token used cleaned
[2025-03-31T08:29:00.024Z] [info]: Cleanup key token: 6 key token cleaned
[2025-03-31T08:29:00.025Z] [info]: Cleanup key token: 0 refresh token used cleaned
[2025-03-31T08:29:00.026Z] [info]: Cleanup product: Cleaned 0 products
[2025-03-31T08:30:01.318Z] [info]: Cleanup key token: 6 key token cleaned
[2025-03-31T08:30:01.319Z] [info]: Cleanup key token: 0 refresh token used cleaned
[2025-03-31T08:30:01.326Z] [info]: Cleanup product: Cleaned 0 products
[2025-03-31T08:31:00.041Z] [info]: Cleanup key token: 6 key token cleaned
[2025-03-31T08:31:00.042Z] [info]: Cleanup key token: 0 refresh token used cleaned
[2025-03-31T08:31:00.044Z] [info]: Cleanup product: Cleaned 0 products
[2025-03-31T08:32:00.024Z] [info]: Cleanup key token: 6 key token cleaned
[2025-03-31T08:32:00.025Z] [info]: Cleanup key token: 0 refresh token used cleaned
[2025-03-31T08:32:00.025Z] [info]: Cleanup product: Cleaned 0 products
[2025-03-31T08:33:00.015Z] [info]: Cleanup product: Cleaned 0 products
[2025-03-31T08:33:00.024Z] [info]: Cleanup key token: 6 key token cleaned
[2025-03-31T08:33:00.025Z] [info]: Cleanup key token: 0 refresh token used cleaned
[2025-03-31T08:34:00.017Z] [info]: Cleanup key token: 6 key token cleaned
[2025-03-31T08:34:00.018Z] [info]: Cleanup key token: 0 refresh token used cleaned
[2025-03-31T08:34:00.019Z] [info]: Cleanup product: Cleaned 0 products
[2025-03-31T08:35:00.020Z] [info]: Cleanup product: Cleaned 0 products
[2025-03-31T08:35:00.024Z] [info]: Cleanup key token: 6 key token cleaned
[2025-03-31T08:35:00.024Z] [info]: Cleanup key token: 0 refresh token used cleaned
[2025-03-31T08:36:00.046Z] [info]: Cleanup key token: 6 key token cleaned
[2025-03-31T08:36:00.047Z] [info]: Cleanup key token: 0 refresh token used cleaned
[2025-03-31T08:36:00.049Z] [info]: Cleanup product: Cleaned 0 products
[2025-03-31T08:37:00.046Z] [info]: Cleanup product: Cleaned 0 products
[2025-03-31T08:37:00.051Z] [info]: Cleanup key token: 6 key token cleaned
[2025-03-31T08:37:00.051Z] [info]: Cleanup key token: 0 refresh token used cleaned
[2025-03-31T08:38:00.020Z] [info]: Cleanup product: Cleaned 0 products
[2025-03-31T08:38:00.025Z] [info]: Cleanup key token: 6 key token cleaned
[2025-03-31T08:38:00.025Z] [info]: Cleanup key token: 0 refresh token used cleaned
[2025-03-31T08:39:00.014Z] [info]: Cleanup product: Cleaned 0 products
[2025-03-31T08:39:00.018Z] [info]: Cleanup key token: 6 key token cleaned
[2025-03-31T08:39:00.020Z] [info]: Cleanup key token: 0 refresh token used cleaned
[2025-03-31T08:40:00.022Z] [info]: Cleanup product: Cleaned 0 products
[2025-03-31T08:40:00.029Z] [info]: Cleanup key token: 6 key token cleaned
[2025-03-31T08:40:00.029Z] [info]: Cleanup key token: 0 refresh token used cleaned
[2025-03-31T08:41:00.012Z] [info]: Cleanup product: Cleaned 0 products
[2025-03-31T08:41:00.016Z] [info]: Cleanup key token: 6 key token cleaned
[2025-03-31T08:41:00.017Z] [info]: Cleanup key token: 0 refresh token used cleaned
[2025-03-31T08:42:00.011Z] [info]: Cleanup product: Cleaned 0 products
[2025-03-31T08:42:00.021Z] [info]: Cleanup key token: 6 key token cleaned
[2025-03-31T08:42:00.021Z] [info]: Cleanup key token: 0 refresh token used cleaned
[2025-03-31T08:43:00.048Z] [info]: Cleanup key token: 6 key token cleaned
[2025-03-31T08:43:00.049Z] [info]: Cleanup key token: 0 refresh token used cleaned
[2025-03-31T08:43:00.050Z] [info]: Cleanup product: Cleaned 0 products
[2025-03-31T08:44:00.017Z] [info]: Cleanup product: Cleaned 0 products
[2025-03-31T08:44:00.022Z] [info]: Cleanup key token: 6 key token cleaned
[2025-03-31T08:44:00.022Z] [info]: Cleanup key token: 0 refresh token used cleaned
[2025-03-31T08:45:03.394Z] [info]: Cleanup key token: 6 key token cleaned
[2025-03-31T08:45:03.395Z] [info]: Cleanup key token: 0 refresh token used cleaned
[2025-03-31T08:45:03.397Z] [info]: Cleanup product: Cleaned 0 products
[2025-03-31T08:46:00.058Z] [info]: Cleanup key token: 6 key token cleaned
[2025-03-31T08:46:00.059Z] [info]: Cleanup key token: 0 refresh token used cleaned
[2025-03-31T08:46:00.061Z] [info]: Cleanup product: Cleaned 0 products
[2025-03-31T08:47:00.041Z] [info]: Cleanup product: Cleaned 0 products
[2025-03-31T08:47:00.047Z] [info]: Cleanup key token: 6 key token cleaned
[2025-03-31T08:47:00.047Z] [info]: Cleanup key token: 0 refresh token used cleaned
[2025-03-31T08:48:00.057Z] [info]: Cleanup product: Cleaned 0 products
[2025-03-31T08:48:00.066Z] [info]: Cleanup key token: 6 key token cleaned
[2025-03-31T08:48:00.067Z] [info]: Cleanup key token: 0 refresh token used cleaned
[2025-03-31T08:48:59.300Z] [info]: Cleanup product: Cleaned 0 products
[2025-03-31T08:48:59.307Z] [info]: Cleanup key token: 6 key token cleaned
[2025-03-31T08:48:59.307Z] [info]: Cleanup key token: 0 refresh token used cleaned
[2025-03-31T08:50:00.044Z] [info]: Cleanup product: Cleaned 0 products
[2025-03-31T08:50:00.049Z] [info]: Cleanup key token: 6 key token cleaned
[2025-03-31T08:50:00.049Z] [info]: Cleanup key token: 0 refresh token used cleaned
[2025-03-31T08:51:00.027Z] [info]: Cleanup product: Cleaned 0 products
[2025-03-31T08:51:00.034Z] [info]: Cleanup key token: 6 key token cleaned
[2025-03-31T08:51:00.034Z] [info]: Cleanup key token: 0 refresh token used cleaned
[2025-03-31T08:52:00.031Z] [info]: Cleanup key token: 6 key token cleaned
[2025-03-31T08:52:00.031Z] [info]: Cleanup key token: 0 refresh token used cleaned
[2025-03-31T08:52:00.032Z] [info]: Cleanup product: Cleaned 0 products
[2025-03-31T08:53:00.018Z] [info]: Cleanup key token: 6 key token cleaned
[2025-03-31T08:53:00.018Z] [info]: Cleanup key token: 0 refresh token used cleaned
[2025-03-31T08:53:00.019Z] [info]: Cleanup product: Cleaned 0 products
[2025-03-31T08:54:01.384Z] [info]: Cleanup key token: 6 key token cleaned
[2025-03-31T08:54:01.385Z] [info]: Cleanup key token: 0 refresh token used cleaned
[2025-03-31T08:54:01.386Z] [info]: Cleanup product: Cleaned 0 products
[2025-03-31T08:57:00.048Z] [info]: Cleanup key token: 6 key token cleaned
[2025-03-31T08:57:00.048Z] [info]: Cleanup key token: 0 refresh token used cleaned
[2025-03-31T08:57:00.050Z] [info]: Cleanup product: Cleaned 0 products
[2025-03-31T08:59:00.047Z] [info]: Cleanup key token: 6 key token cleaned
[2025-03-31T08:59:00.047Z] [info]: Cleanup key token: 0 refresh token used cleaned
[2025-03-31T08:59:00.049Z] [info]: Cleanup product: Cleaned 0 products
[2025-03-31T09:00:00.025Z] [info]: Cleanup key token: 6 key token cleaned
[2025-03-31T09:00:00.025Z] [info]: Cleanup key token: 0 refresh token used cleaned
[2025-03-31T09:00:00.026Z] [info]: Cleanup product: Cleaned 0 products
[2025-03-31T09:01:00.016Z] [info]: Cleanup product: Cleaned 0 products
[2025-03-31T09:01:00.020Z] [info]: Cleanup key token: 6 key token cleaned
[2025-03-31T09:01:00.021Z] [info]: Cleanup key token: 0 refresh token used cleaned
[2025-03-31T09:02:00.036Z] [info]: Cleanup product: Cleaned 0 products
[2025-03-31T09:02:00.049Z] [info]: Cleanup key token: 6 key token cleaned
[2025-03-31T09:02:00.049Z] [info]: Cleanup key token: 0 refresh token used cleaned
[2025-03-31T09:03:00.060Z] [info]: Cleanup product: Cleaned 0 products
[2025-03-31T09:03:00.068Z] [info]: Cleanup key token: 6 key token cleaned
[2025-03-31T09:03:00.069Z] [info]: Cleanup key token: 0 refresh token used cleaned
[2025-03-31T09:04:01.824Z] [info]: Cleanup product: Cleaned 0 products
[2025-03-31T09:04:01.826Z] [info]: Cleanup key token: 6 key token cleaned
[2025-03-31T09:04:01.827Z] [info]: Cleanup key token: 0 refresh token used cleaned
[2025-03-31T09:05:00.028Z] [info]: Cleanup key token: 6 key token cleaned
[2025-03-31T09:05:00.029Z] [info]: Cleanup key token: 0 refresh token used cleaned
[2025-03-31T09:05:00.030Z] [info]: Cleanup product: Cleaned 0 products
[2025-03-31T09:06:00.023Z] [info]: Cleanup product: Cleaned 0 products
[2025-03-31T09:06:00.025Z] [info]: Cleanup key token: 6 key token cleaned
[2025-03-31T09:06:00.025Z] [info]: Cleanup key token: 0 refresh token used cleaned
[2025-03-31T09:07:00.016Z] [info]: Cleanup product: Cleaned 0 products
[2025-03-31T09:07:00.022Z] [info]: Cleanup key token: 6 key token cleaned
[2025-03-31T09:07:00.023Z] [info]: Cleanup key token: 0 refresh token used cleaned
[2025-03-31T09:08:00.024Z] [info]: Cleanup product: Cleaned 0 products
[2025-03-31T09:08:00.028Z] [info]: Cleanup key token: 6 key token cleaned
[2025-03-31T09:08:00.029Z] [info]: Cleanup key token: 0 refresh token used cleaned
[2025-03-31T09:09:00.021Z] [info]: Cleanup product: Cleaned 0 products
[2025-03-31T09:09:00.025Z] [info]: Cleanup key token: 6 key token cleaned
[2025-03-31T09:09:00.025Z] [info]: Cleanup key token: 0 refresh token used cleaned
[2025-03-31T09:10:00.024Z] [info]: Cleanup key token: 6 key token cleaned
[2025-03-31T09:10:00.024Z] [info]: Cleanup key token: 0 refresh token used cleaned
[2025-03-31T09:10:00.024Z] [info]: Cleanup product: Cleaned 0 products
[2025-03-31T09:11:00.023Z] [info]: Cleanup key token: 6 key token cleaned
[2025-03-31T09:11:00.024Z] [info]: Cleanup key token: 0 refresh token used cleaned
[2025-03-31T09:11:00.025Z] [info]: Cleanup product: Cleaned 0 products
[2025-03-31T09:12:00.028Z] [info]: Cleanup key token: 6 key token cleaned
[2025-03-31T09:12:00.028Z] [info]: Cleanup key token: 0 refresh token used cleaned
[2025-03-31T09:12:00.029Z] [info]: Cleanup product: Cleaned 0 products
[2025-03-31T09:13:00.022Z] [info]: Cleanup key token: 6 key token cleaned
[2025-03-31T09:13:00.023Z] [info]: Cleanup key token: 0 refresh token used cleaned
[2025-03-31T09:13:00.023Z] [info]: Cleanup product: Cleaned 0 products
[2025-03-31T09:14:00.026Z] [info]: Cleanup key token: 6 key token cleaned
[2025-03-31T09:14:00.026Z] [info]: Cleanup key token: 0 refresh token used cleaned
[2025-03-31T09:14:00.027Z] [info]: Cleanup product: Cleaned 0 products
[2025-03-31T09:15:00.017Z] [info]: Cleanup key token: 6 key token cleaned
[2025-03-31T09:15:00.017Z] [info]: Cleanup key token: 0 refresh token used cleaned
[2025-03-31T09:15:00.018Z] [info]: Cleanup product: Cleaned 0 products
[2025-03-31T09:16:00.019Z] [info]: Cleanup key token: 6 key token cleaned
[2025-03-31T09:16:00.021Z] [info]: Cleanup key token: 0 refresh token used cleaned
[2025-03-31T09:16:00.022Z] [info]: Cleanup product: Cleaned 0 products
[2025-03-31T09:17:00.022Z] [info]: Cleanup key token: 6 key token cleaned
[2025-03-31T09:17:00.022Z] [info]: Cleanup key token: 0 refresh token used cleaned
[2025-03-31T09:17:00.022Z] [info]: Cleanup product: Cleaned 0 products
[2025-03-31T09:18:00.013Z] [info]: Cleanup product: Cleaned 0 products
[2025-03-31T09:18:00.018Z] [info]: Cleanup key token: 6 key token cleaned
[2025-03-31T09:18:00.018Z] [info]: Cleanup key token: 0 refresh token used cleaned
[2025-03-31T09:19:00.031Z] [info]: Cleanup key token: 6 key token cleaned
[2025-03-31T09:19:00.031Z] [info]: Cleanup key token: 0 refresh token used cleaned
[2025-03-31T09:19:00.032Z] [info]: Cleanup product: Cleaned 0 products
[2025-03-31T09:20:00.029Z] [info]: Cleanup product: Cleaned 0 products
[2025-03-31T09:20:00.034Z] [info]: Cleanup key token: 6 key token cleaned
[2025-03-31T09:20:00.034Z] [info]: Cleanup key token: 0 refresh token used cleaned
[2025-03-31T09:21:00.031Z] [info]: Cleanup product: Cleaned 0 products
[2025-03-31T09:21:00.038Z] [info]: Cleanup key token: 6 key token cleaned
[2025-03-31T09:21:00.039Z] [info]: Cleanup key token: 0 refresh token used cleaned
[2025-03-31T09:22:00.021Z] [info]: Cleanup product: Cleaned 0 products
[2025-03-31T09:22:00.028Z] [info]: Cleanup key token: 6 key token cleaned
[2025-03-31T09:22:00.029Z] [info]: Cleanup key token: 0 refresh token used cleaned
[2025-03-31T09:23:00.020Z] [info]: Cleanup product: Cleaned 0 products
[2025-03-31T09:23:00.021Z] [info]: Cleanup key token: 6 key token cleaned
[2025-03-31T09:23:00.021Z] [info]: Cleanup key token: 0 refresh token used cleaned
[2025-03-31T09:24:00.019Z] [info]: Cleanup key token: 6 key token cleaned
[2025-03-31T09:24:00.019Z] [info]: Cleanup key token: 0 refresh token used cleaned
[2025-03-31T09:24:00.021Z] [info]: Cleanup product: Cleaned 0 products
[2025-03-31T09:26:00.024Z] [info]: Cleanup key token: 6 key token cleaned
[2025-03-31T09:26:00.024Z] [info]: Cleanup key token: 0 refresh token used cleaned
[2025-03-31T09:26:00.026Z] [info]: Cleanup product: Cleaned 0 products
[2025-03-31T09:27:00.019Z] [info]: Cleanup product: Cleaned 0 products
[2025-03-31T09:27:00.024Z] [info]: Cleanup key token: 6 key token cleaned
[2025-03-31T09:27:00.024Z] [info]: Cleanup key token: 0 refresh token used cleaned
[2025-03-31T09:28:00.024Z] [info]: Cleanup key token: 6 key token cleaned
[2025-03-31T09:28:00.024Z] [info]: Cleanup key token: 0 refresh token used cleaned
[2025-03-31T09:28:00.025Z] [info]: Cleanup product: Cleaned 0 products
[2025-03-31T09:29:00.015Z] [info]: Cleanup product: Cleaned 0 products
[2025-03-31T09:29:00.019Z] [info]: Cleanup key token: 6 key token cleaned
[2025-03-31T09:29:00.019Z] [info]: Cleanup key token: 0 refresh token used cleaned
[2025-03-31T09:30:00.009Z] [info]: Cleanup product: Cleaned 0 products
[2025-03-31T09:30:00.019Z] [info]: Cleanup key token: 6 key token cleaned
[2025-03-31T09:30:00.020Z] [info]: Cleanup key token: 0 refresh token used cleaned
[2025-03-31T09:31:00.021Z] [info]: Cleanup product: Cleaned 0 products
[2025-03-31T09:31:00.029Z] [info]: Cleanup key token: 6 key token cleaned
[2025-03-31T09:31:00.029Z] [info]: Cleanup key token: 0 refresh token used cleaned
[2025-03-31T09:31:59.206Z] [info]: Cleanup key token: 6 key token cleaned
[2025-03-31T09:31:59.207Z] [info]: Cleanup key token: 0 refresh token used cleaned
[2025-03-31T09:31:59.208Z] [info]: Cleanup product: Cleaned 0 products
[2025-03-31T09:33:00.043Z] [info]: Cleanup key token: 6 key token cleaned
[2025-03-31T09:33:00.044Z] [info]: Cleanup key token: 0 refresh token used cleaned
[2025-03-31T09:33:00.045Z] [info]: Cleanup product: Cleaned 0 products
[2025-03-31T09:34:00.015Z] [info]: Cleanup product: Cleaned 0 products
[2025-03-31T09:34:00.018Z] [info]: Cleanup key token: 6 key token cleaned
[2025-03-31T09:34:00.019Z] [info]: Cleanup key token: 0 refresh token used cleaned
[2025-03-31T09:35:00.017Z] [info]: Cleanup product: Cleaned 0 products
[2025-03-31T09:35:00.021Z] [info]: Cleanup key token: 6 key token cleaned
[2025-03-31T09:35:00.021Z] [info]: Cleanup key token: 0 refresh token used cleaned
[2025-03-31T09:36:00.470Z] [info]: Cleanup product: Cleaned 0 products
[2025-03-31T09:36:00.476Z] [info]: Cleanup key token: 6 key token cleaned
[2025-03-31T09:36:00.476Z] [info]: Cleanup key token: 0 refresh token used cleaned
[2025-03-31T09:37:00.026Z] [info]: Cleanup key token: 6 key token cleaned
[2025-03-31T09:37:00.027Z] [info]: Cleanup key token: 0 refresh token used cleaned
[2025-03-31T09:37:00.028Z] [info]: Cleanup product: Cleaned 0 products
[2025-03-31T09:38:00.047Z] [info]: Cleanup key token: 6 key token cleaned
[2025-03-31T09:38:00.048Z] [info]: Cleanup key token: 0 refresh token used cleaned
[2025-03-31T09:38:00.049Z] [info]: Cleanup product: Cleaned 0 products
[2025-03-31T09:39:00.024Z] [info]: Cleanup key token: 6 key token cleaned
[2025-03-31T09:39:00.025Z] [info]: Cleanup key token: 0 refresh token used cleaned
[2025-03-31T09:39:00.026Z] [info]: Cleanup product: Cleaned 0 products
[2025-03-31T09:40:00.019Z] [info]: Cleanup key token: 6 key token cleaned
[2025-03-31T09:40:00.020Z] [info]: Cleanup key token: 0 refresh token used cleaned
[2025-03-31T09:40:00.022Z] [info]: Cleanup product: Cleaned 0 products
[2025-03-31T09:41:00.049Z] [info]: Cleanup key token: 6 key token cleaned
[2025-03-31T09:41:00.050Z] [info]: Cleanup key token: 0 refresh token used cleaned
[2025-03-31T09:41:00.051Z] [info]: Cleanup product: Cleaned 0 products
[2025-03-31T09:42:00.043Z] [info]: Cleanup key token: 6 key token cleaned
[2025-03-31T09:42:00.043Z] [info]: Cleanup key token: 0 refresh token used cleaned
[2025-03-31T09:42:00.044Z] [info]: Cleanup product: Cleaned 0 products
[2025-03-31T09:43:00.041Z] [info]: Cleanup key token: 6 key token cleaned
[2025-03-31T09:43:00.042Z] [info]: Cleanup key token: 0 refresh token used cleaned
[2025-03-31T09:43:00.043Z] [info]: Cleanup product: Cleaned 0 products
[2025-03-31T09:44:00.040Z] [info]: Cleanup key token: 6 key token cleaned
[2025-03-31T09:44:00.041Z] [info]: Cleanup key token: 0 refresh token used cleaned
[2025-03-31T09:44:00.042Z] [info]: Cleanup product: Cleaned 0 products
[2025-03-31T09:45:00.048Z] [info]: Cleanup product: Cleaned 0 products
[2025-03-31T09:45:00.053Z] [info]: Cleanup key token: 6 key token cleaned
[2025-03-31T09:45:00.054Z] [info]: Cleanup key token: 0 refresh token used cleaned
[2025-03-31T09:46:00.028Z] [info]: Cleanup key token: 6 key token cleaned
[2025-03-31T09:46:00.029Z] [info]: Cleanup key token: 0 refresh token used cleaned
[2025-03-31T09:46:00.030Z] [info]: Cleanup product: Cleaned 0 products
[2025-03-31T09:47:00.038Z] [info]: Cleanup key token: 6 key token cleaned
[2025-03-31T09:47:00.039Z] [info]: Cleanup key token: 0 refresh token used cleaned
[2025-03-31T09:47:00.040Z] [info]: Cleanup product: Cleaned 0 products
[2025-03-31T09:48:00.013Z] [info]: Cleanup product: Cleaned 0 products
[2025-03-31T09:48:00.019Z] [info]: Cleanup key token: 6 key token cleaned
[2025-03-31T09:48:00.019Z] [info]: Cleanup key token: 0 refresh token used cleaned
[2025-03-31T09:49:00.044Z] [info]: Cleanup product: Cleaned 0 products
[2025-03-31T09:49:00.050Z] [info]: Cleanup key token: 6 key token cleaned
[2025-03-31T09:49:00.050Z] [info]: Cleanup key token: 0 refresh token used cleaned
[2025-03-31T09:51:00.037Z] [info]: Cleanup product: Cleaned 0 products
[2025-03-31T09:51:00.044Z] [info]: Cleanup key token: 6 key token cleaned
[2025-03-31T09:51:00.044Z] [info]: Cleanup key token: 0 refresh token used cleaned
[2025-03-31T09:53:00.019Z] [info]: Cleanup product: Cleaned 0 products
[2025-03-31T09:53:00.024Z] [info]: Cleanup key token: 6 key token cleaned
[2025-03-31T09:53:00.024Z] [info]: Cleanup key token: 0 refresh token used cleaned
[2025-03-31T09:54:00.049Z] [info]: Cleanup key token: 6 key token cleaned
[2025-03-31T09:54:00.050Z] [info]: Cleanup key token: 0 refresh token used cleaned
[2025-03-31T09:54:00.052Z] [info]: Cleanup product: Cleaned 0 products
[2025-03-31T09:55:02.691Z] [info]: Cleanup key token: 6 key token cleaned
[2025-03-31T09:55:02.692Z] [info]: Cleanup key token: 0 refresh token used cleaned
[2025-03-31T09:55:02.694Z] [info]: Cleanup product: Cleaned 0 products
[2025-03-31T09:58:00.043Z] [info]: Cleanup product: Cleaned 0 products
[2025-03-31T09:58:00.049Z] [info]: Cleanup key token: 6 key token cleaned
[2025-03-31T09:58:00.049Z] [info]: Cleanup key token: 0 refresh token used cleaned
[2025-03-31T09:59:00.023Z] [info]: Cleanup key token: 6 key token cleaned
[2025-03-31T09:59:00.024Z] [info]: Cleanup key token: 0 refresh token used cleaned
[2025-03-31T09:59:00.025Z] [info]: Cleanup product: Cleaned 0 products
[2025-03-31T10:00:00.017Z] [info]: Cleanup key token: 6 key token cleaned
[2025-03-31T10:00:00.018Z] [info]: Cleanup key token: 0 refresh token used cleaned
[2025-03-31T10:00:00.019Z] [info]: Cleanup product: Cleaned 0 products
[2025-03-31T10:01:00.017Z] [info]: Cleanup key token: 6 key token cleaned
[2025-03-31T10:01:00.017Z] [info]: Cleanup key token: 0 refresh token used cleaned
[2025-03-31T10:01:00.018Z] [info]: Cleanup product: Cleaned 0 products
[2025-03-31T10:01:07.613Z] [info]: Server closed
[2025-03-31T10:01:07.629Z] [info]: Server closed
[2025-03-31T10:01:07.651Z] [info]: Server closed
[2025-03-31T10:01:07.652Z] [info]: Server closed
[2025-03-31T10:02:00.048Z] [info]: Cleanup key token: 6 key token cleaned
[2025-03-31T10:02:00.049Z] [info]: Cleanup key token: 0 refresh token used cleaned
[2025-03-31T10:02:00.050Z] [info]: Cleanup product: Cleaned 0 products
[2025-03-31T10:03:00.021Z] [info]: Cleanup key token: 6 key token cleaned
[2025-03-31T10:03:00.022Z] [info]: Cleanup key token: 0 refresh token used cleaned
[2025-03-31T10:03:00.023Z] [info]: Cleanup product: Cleaned 0 products
[2025-03-31T10:04:00.017Z] [info]: Cleanup product: Cleaned 0 products
[2025-03-31T10:04:00.020Z] [info]: Cleanup key token: 6 key token cleaned
[2025-03-31T10:04:00.021Z] [info]: Cleanup key token: 0 refresh token used cleaned
[2025-03-31T10:05:00.022Z] [info]: Cleanup key token: 6 key token cleaned
[2025-03-31T10:05:00.022Z] [info]: Cleanup key token: 0 refresh token used cleaned
[2025-03-31T10:05:00.023Z] [info]: Cleanup product: Cleaned 0 products
[2025-03-31T10:06:00.014Z] [info]: Cleanup product: Cleaned 0 products
[2025-03-31T10:06:00.018Z] [info]: Cleanup key token: 6 key token cleaned
[2025-03-31T10:06:00.018Z] [info]: Cleanup key token: 0 refresh token used cleaned
[2025-03-31T10:07:00.665Z] [info]: Cleanup product: Cleaned 0 products
[2025-03-31T10:07:00.668Z] [info]: Cleanup key token: 6 key token cleaned
[2025-03-31T10:07:00.668Z] [info]: Cleanup key token: 0 refresh token used cleaned
[2025-03-31T10:08:00.018Z] [info]: Cleanup product: Cleaned 0 products
[2025-03-31T10:08:00.023Z] [info]: Cleanup key token: 6 key token cleaned
[2025-03-31T10:08:00.023Z] [info]: Cleanup key token: 0 refresh token used cleaned
[2025-03-31T10:09:00.013Z] [info]: Cleanup product: Cleaned 0 products
[2025-03-31T10:09:00.021Z] [info]: Cleanup key token: 6 key token cleaned
[2025-03-31T10:09:00.021Z] [info]: Cleanup key token: 0 refresh token used cleaned
[2025-03-31T10:10:00.015Z] [info]: Cleanup product: Cleaned 0 products
[2025-03-31T10:10:00.018Z] [info]: Cleanup key token: 6 key token cleaned
[2025-03-31T10:10:00.018Z] [info]: Cleanup key token: 0 refresh token used cleaned
[2025-03-31T10:13:29.019Z] [info]: Cleanup product: Cleaned 0 products
[2025-03-31T10:13:29.023Z] [info]: Cleanup key token: 6 key token cleaned
[2025-03-31T10:13:29.023Z] [info]: Cleanup key token: 0 refresh token used cleaned
[2025-03-31T10:14:00.015Z] [info]: Cleanup product: Cleaned 0 products
[2025-03-31T10:14:00.018Z] [info]: Cleanup key token: 6 key token cleaned
[2025-03-31T10:14:00.018Z] [info]: Cleanup key token: 0 refresh token used cleaned
[2025-03-31T10:15:00.018Z] [info]: Cleanup product: Cleaned 0 products
[2025-03-31T10:15:00.023Z] [info]: Cleanup key token: 6 key token cleaned
[2025-03-31T10:15:00.023Z] [info]: Cleanup key token: 0 refresh token used cleaned
[2025-03-31T10:22:11.501Z] [info]: Cleanup key token: 6 key token cleaned
[2025-03-31T10:22:11.502Z] [info]: Cleanup key token: 0 refresh token used cleaned
[2025-03-31T10:22:11.503Z] [info]: Cleanup product: Cleaned 0 products
[2025-03-31T10:23:00.020Z] [info]: Cleanup key token: 6 key token cleaned
[2025-03-31T10:23:00.020Z] [info]: Cleanup key token: 0 refresh token used cleaned
[2025-03-31T10:23:00.020Z] [info]: Cleanup product: Cleaned 0 products
[2025-03-31T10:24:22.985Z] [info]: Cleanup key token: 6 key token cleaned
[2025-03-31T10:24:22.986Z] [info]: Cleanup key token: 0 refresh token used cleaned
[2025-03-31T10:24:22.988Z] [info]: Cleanup product: Cleaned 0 products
[2025-03-31T10:25:00.037Z] [info]: Cleanup key token: 6 key token cleaned
[2025-03-31T10:25:00.037Z] [info]: Cleanup key token: 0 refresh token used cleaned
[2025-03-31T10:25:00.039Z] [info]: Cleanup product: Cleaned 0 products
[2025-03-31T10:26:00.025Z] [info]: Cleanup product: Cleaned 0 products
[2025-03-31T10:26:00.035Z] [info]: Cleanup key token: 6 key token cleaned
[2025-03-31T10:26:00.036Z] [info]: Cleanup key token: 0 refresh token used cleaned
[2025-03-31T10:39:00.022Z] [info]: Cleanup key token: 6 key token cleaned
[2025-03-31T10:39:00.022Z] [info]: Cleanup key token: 0 refresh token used cleaned
[2025-03-31T10:39:00.023Z] [info]: Cleanup product: Cleaned 0 products
[2025-03-31T10:40:00.019Z] [info]: Cleanup product: Cleaned 0 products
[2025-03-31T10:40:00.023Z] [info]: Cleanup key token: 6 key token cleaned
[2025-03-31T10:40:00.023Z] [info]: Cleanup key token: 0 refresh token used cleaned
[2025-03-31T10:41:00.013Z] [info]: Cleanup product: Cleaned 0 products
[2025-03-31T10:41:00.016Z] [info]: Cleanup key token: 6 key token cleaned
[2025-03-31T10:41:00.016Z] [info]: Cleanup key token: 0 refresh token used cleaned
[2025-03-31T10:42:00.013Z] [info]: Cleanup product: Cleaned 0 products
[2025-03-31T10:42:00.017Z] [info]: Cleanup key token: 6 key token cleaned
[2025-03-31T10:42:00.018Z] [info]: Cleanup key token: 0 refresh token used cleaned
[2025-03-31T10:43:00.016Z] [info]: Cleanup product: Cleaned 0 products
[2025-03-31T10:43:00.019Z] [info]: Cleanup key token: 5 key token cleaned
[2025-03-31T10:43:00.019Z] [info]: Cleanup key token: 0 refresh token used cleaned
[2025-03-31T10:44:00.013Z] [info]: Cleanup product: Cleaned 0 products
[2025-03-31T10:44:00.018Z] [info]: Cleanup key token: 6 key token cleaned
[2025-03-31T10:44:00.019Z] [info]: Cleanup key token: 0 refresh token used cleaned
[2025-03-31T10:45:01.337Z] [info]: Cleanup product: Cleaned 0 products
[2025-03-31T10:45:01.340Z] [info]: Cleanup key token: 6 key token cleaned
[2025-03-31T10:45:01.340Z] [info]: Cleanup key token: 0 refresh token used cleaned
[2025-03-31T10:46:00.052Z] [info]: Cleanup key token: 6 key token cleaned
[2025-03-31T10:46:00.053Z] [info]: Cleanup key token: 0 refresh token used cleaned
[2025-03-31T10:46:00.055Z] [info]: Cleanup product: Cleaned 0 products
[2025-03-31T10:47:00.046Z] [info]: Cleanup key token: 6 key token cleaned
[2025-03-31T10:47:00.047Z] [info]: Cleanup key token: 0 refresh token used cleaned
[2025-03-31T10:47:00.049Z] [info]: Cleanup product: Cleaned 0 products
[2025-03-31T10:48:00.021Z] [info]: Cleanup key token: 6 key token cleaned
[2025-03-31T10:48:00.022Z] [info]: Cleanup key token: 0 refresh token used cleaned
[2025-03-31T10:48:00.023Z] [info]: Cleanup product: Cleaned 0 products
[2025-03-31T10:50:00.020Z] [info]: Cleanup product: Cleaned 0 products
[2025-03-31T10:50:00.024Z] [info]: Cleanup key token: 6 key token cleaned
[2025-03-31T10:50:00.024Z] [info]: Cleanup key token: 0 refresh token used cleaned
[2025-03-31T10:51:00.025Z] [info]: Cleanup key token: 6 key token cleaned
[2025-03-31T10:51:00.026Z] [info]: Cleanup key token: 0 refresh token used cleaned
[2025-03-31T10:51:00.027Z] [info]: Cleanup product: Cleaned 0 products
[2025-03-31T10:52:00.017Z] [info]: Cleanup product: Cleaned 0 products
[2025-03-31T10:52:00.021Z] [info]: Cleanup key token: 6 key token cleaned
[2025-03-31T10:52:00.022Z] [info]: Cleanup key token: 0 refresh token used cleaned
[2025-03-31T10:53:00.012Z] [info]: Cleanup product: Cleaned 0 products
[2025-03-31T10:53:00.015Z] [info]: Cleanup key token: 6 key token cleaned
[2025-03-31T10:53:00.015Z] [info]: Cleanup key token: 0 refresh token used cleaned
[2025-03-31T10:55:00.026Z] [info]: Cleanup key token: 6 key token cleaned
[2025-03-31T10:55:00.026Z] [info]: Cleanup key token: 0 refresh token used cleaned
[2025-03-31T10:55:00.027Z] [info]: Cleanup product: Cleaned 0 products
[2025-03-31T10:56:00.020Z] [info]: Cleanup key token: 6 key token cleaned
[2025-03-31T10:56:00.020Z] [info]: Cleanup key token: 0 refresh token used cleaned
[2025-03-31T10:56:00.021Z] [info]: Cleanup product: Cleaned 0 products
[2025-03-31T10:57:00.023Z] [info]: Cleanup key token: 6 key token cleaned
[2025-03-31T10:57:00.024Z] [info]: Cleanup key token: 0 refresh token used cleaned
[2025-03-31T10:57:00.025Z] [info]: Cleanup product: Cleaned 0 products
[2025-03-31T10:58:00.019Z] [info]: Cleanup key token: 6 key token cleaned
[2025-03-31T10:58:00.019Z] [info]: Cleanup key token: 0 refresh token used cleaned
[2025-03-31T10:58:00.020Z] [info]: Cleanup product: Cleaned 0 products
[2025-03-31T10:59:00.015Z] [info]: Cleanup key token: 6 key token cleaned
[2025-03-31T10:59:00.016Z] [info]: Cleanup key token: 0 refresh token used cleaned
[2025-03-31T10:59:00.017Z] [info]: Cleanup product: Cleaned 0 products
[2025-03-31T10:59:59.952Z] [info]: Server closed
[2025-03-31T10:59:59.977Z] [info]: Server closed
[2025-03-31T11:00:00.018Z] [info]: Server closed
[2025-03-31T11:00:00.066Z] [info]: Server closed
[2025-03-31T11:01:00.050Z] [info]: Cleanup key token: 6 key token cleaned
[2025-03-31T11:01:00.051Z] [info]: Cleanup key token: 0 refresh token used cleaned
[2025-03-31T11:01:00.053Z] [info]: Cleanup product: Cleaned 0 products
[2025-03-31T11:02:00.071Z] [info]: Cleanup key token: 6 key token cleaned
[2025-03-31T11:02:00.075Z] [info]: Cleanup key token: 0 refresh token used cleaned
[2025-03-31T11:02:00.086Z] [info]: Cleanup product: Cleaned 0 products
[2025-03-31T11:03:00.465Z] [info]: Cleanup product: Cleaned 0 products
[2025-03-31T11:03:00.480Z] [info]: Cleanup key token: 6 key token cleaned
[2025-03-31T11:03:00.480Z] [info]: Cleanup key token: 0 refresh token used cleaned
[2025-03-31T11:04:02.244Z] [info]: Cleanup key token: 6 key token cleaned
[2025-03-31T11:04:02.249Z] [info]: Cleanup key token: 0 refresh token used cleaned
[2025-03-31T11:04:02.252Z] [info]: Cleanup product: Cleaned 0 products
[2025-03-31T11:05:00.068Z] [info]: Cleanup key token: 6 key token cleaned
[2025-03-31T11:05:00.069Z] [info]: Cleanup key token: 0 refresh token used cleaned
[2025-03-31T11:05:00.073Z] [info]: Cleanup product: Cleaned 0 products
[2025-03-31T11:06:00.026Z] [info]: Cleanup key token: 6 key token cleaned
[2025-03-31T11:06:00.026Z] [info]: Cleanup key token: 0 refresh token used cleaned
[2025-03-31T11:06:00.027Z] [info]: Cleanup product: Cleaned 0 products
[2025-03-31T11:07:00.019Z] [info]: Cleanup key token: 6 key token cleaned
[2025-03-31T11:07:00.019Z] [info]: Cleanup key token: 0 refresh token used cleaned
[2025-03-31T11:07:00.020Z] [info]: Cleanup product: Cleaned 0 products
[2025-03-31T11:08:00.061Z] [info]: Cleanup key token: 6 key token cleaned
[2025-03-31T11:08:00.062Z] [info]: Cleanup key token: 0 refresh token used cleaned
[2025-03-31T11:08:00.064Z] [info]: Cleanup product: Cleaned 0 products
[2025-03-31T11:09:00.024Z] [info]: Cleanup key token: 6 key token cleaned
[2025-03-31T11:09:00.025Z] [info]: Cleanup key token: 0 refresh token used cleaned
[2025-03-31T11:09:00.026Z] [info]: Cleanup product: Cleaned 0 products
[2025-03-31T11:10:00.026Z] [info]: Cleanup key token: 6 key token cleaned
[2025-03-31T11:10:00.027Z] [info]: Cleanup key token: 0 refresh token used cleaned
[2025-03-31T11:10:00.028Z] [info]: Cleanup product: Cleaned 0 products
[2025-03-31T11:11:00.017Z] [info]: Cleanup product: Cleaned 0 products
[2025-03-31T11:11:00.020Z] [info]: Cleanup key token: 6 key token cleaned
[2025-03-31T11:11:00.021Z] [info]: Cleanup key token: 0 refresh token used cleaned
[2025-03-31T11:12:00.049Z] [info]: Cleanup product: Cleaned 0 products
[2025-03-31T11:12:00.056Z] [info]: Cleanup key token: 6 key token cleaned
[2025-03-31T11:12:00.057Z] [info]: Cleanup key token: 0 refresh token used cleaned
[2025-03-31T11:14:58.797Z] [info]: Cleanup product: Cleaned 0 products
[2025-03-31T11:14:58.802Z] [info]: Cleanup key token: 6 key token cleaned
[2025-03-31T11:14:58.802Z] [info]: Cleanup key token: 0 refresh token used cleaned
[2025-03-31T11:15:00.023Z] [info]: Cleanup product: Cleaned 0 products
[2025-03-31T11:15:00.028Z] [info]: Cleanup key token: 6 key token cleaned
[2025-03-31T11:15:00.028Z] [info]: Cleanup key token: 0 refresh token used cleaned
[2025-03-31T11:16:00.024Z] [info]: Cleanup key token: 6 key token cleaned
[2025-03-31T11:16:00.025Z] [info]: Cleanup key token: 0 refresh token used cleaned
[2025-03-31T11:16:00.025Z] [info]: Cleanup product: Cleaned 0 products
[2025-03-31T11:17:00.023Z] [info]: Cleanup product: Cleaned 0 products
[2025-03-31T11:17:00.027Z] [info]: Cleanup key token: 6 key token cleaned
[2025-03-31T11:17:00.028Z] [info]: Cleanup key token: 0 refresh token used cleaned
[2025-03-31T11:18:00.023Z] [info]: Cleanup product: Cleaned 0 products
[2025-03-31T11:18:00.026Z] [info]: Cleanup key token: 6 key token cleaned
[2025-03-31T11:18:00.026Z] [info]: Cleanup key token: 0 refresh token used cleaned
[2025-03-31T11:19:00.028Z] [info]: Cleanup product: Cleaned 0 products
[2025-03-31T11:19:00.032Z] [info]: Cleanup key token: 6 key token cleaned
[2025-03-31T11:19:00.032Z] [info]: Cleanup key token: 0 refresh token used cleaned
[2025-03-31T11:20:00.019Z] [info]: Cleanup product: Cleaned 0 products
[2025-03-31T11:20:00.023Z] [info]: Cleanup key token: 6 key token cleaned
[2025-03-31T11:20:00.023Z] [info]: Cleanup key token: 0 refresh token used cleaned
