[2025-03-07T03:12:43.894Z] [error]: HIDE::403::Forbidden::Token is expired or invalid!::
[2025-03-07T03:12:53.600Z] [error]: HIDE::404::NotFound::Route not exist!::
[2025-03-07T03:13:23.741Z] [error]: HIDE::403::Forbidden::Token is expired or invalid!::
[2025-03-07T03:14:39.343Z] [error]: HIDE::404::NotFound::Route not exist!::
[2025-03-07T03:15:05.779Z] [error]: HIDE::500::MongooseError::Operation `key_tokens.findOne()` buffering timed out after 10000ms::
[2025-03-07T03:15:10.005Z] [error]: Operation `key_tokens.find()` buffering timed out after 10000ms
[2025-03-07T03:15:10.007Z] [error]: Operation `products.aggregate()` buffering timed out after 10000ms
[2025-03-07T03:16:01.237Z] [error]: Client must be connected before running operations
[2025-03-07T03:16:01.240Z] [error]: Client must be connected before running operations
[2025-03-07T03:17:02.927Z] [error]: Client must be connected before running operations
[2025-03-07T03:17:02.930Z] [error]: Client must be connected before running operations
[2025-03-07T03:18:00.898Z] [error]: Client must be connected before running operations
[2025-03-07T03:18:00.901Z] [error]: Client must be connected before running operations
[2025-03-07T03:19:01.867Z] [error]: Client must be connected before running operations
[2025-03-07T03:19:01.870Z] [error]: Client must be connected before running operations
[2025-03-07T03:20:02.112Z] [error]: Client must be connected before running operations
[2025-03-07T03:20:02.114Z] [error]: Client must be connected before running operations
[2025-03-07T03:20:56.511Z] [error]: HIDE::500::MongooseError::Operation `key_tokens.findOne()` buffering timed out after 10000ms::
[2025-03-07T03:21:00.076Z] [error]: Client must be connected before running operations
[2025-03-07T03:21:10.899Z] [error]: Operation `key_tokens.find()` buffering timed out after 10000ms
[2025-03-07T03:21:10.903Z] [error]: Operation `products.aggregate()` buffering timed out after 10000ms
[2025-03-07T03:22:00.059Z] [error]: read ECONNRESET
[2025-03-07T03:22:00.311Z] [error]: read ECONNRESET
[2025-03-07T03:38:12.587Z] [error]: HIDE::403::Forbidden::Token is expired or invalid!::
[2025-03-07T07:39:23.690Z] [error]: HIDE::403::Forbidden::Token is expired or invalid!::
[2025-03-07T07:45:01.529Z] [error]: Client must be connected before running operations
[2025-03-07T07:45:01.535Z] [error]: Client must be connected before running operations
[2025-03-07T07:46:03.033Z] [error]: Client must be connected before running operations
[2025-03-07T07:46:03.036Z] [error]: Client must be connected before running operations
[2025-03-07T07:47:01.604Z] [error]: Client must be connected before running operations
[2025-03-07T07:47:01.606Z] [error]: Client must be connected before running operations
[2025-03-07T07:48:03.401Z] [error]: Client must be connected before running operations
[2025-03-07T07:48:03.403Z] [error]: Client must be connected before running operations
[2025-03-07T07:49:03.174Z] [error]: Client must be connected before running operations
[2025-03-07T07:49:03.176Z] [error]: Client must be connected before running operations
[2025-03-07T07:50:03.430Z] [error]: Client must be connected before running operations
[2025-03-07T07:50:03.432Z] [error]: Client must be connected before running operations
[2025-03-07T07:51:01.624Z] [error]: Client must be connected before running operations
[2025-03-07T07:51:01.627Z] [error]: Client must be connected before running operations
[2025-03-07T07:52:03.296Z] [error]: Client must be connected before running operations
[2025-03-07T07:52:03.297Z] [error]: Client must be connected before running operations
[2025-03-07T07:53:03.291Z] [error]: Client must be connected before running operations
[2025-03-07T07:53:03.299Z] [error]: Client must be connected before running operations
[2025-03-07T07:54:03.270Z] [error]: Client must be connected before running operations
[2025-03-07T07:54:03.273Z] [error]: Client must be connected before running operations
[2025-03-07T07:55:00.066Z] [error]: Client must be connected before running operations
[2025-03-07T07:55:00.068Z] [error]: Client must be connected before running operations
[2025-03-07T07:56:00.527Z] [error]: Client must be connected before running operations
[2025-03-07T07:56:00.530Z] [error]: Client must be connected before running operations
[2025-03-07T07:57:00.217Z] [error]: Client must be connected before running operations
[2025-03-07T07:57:00.227Z] [error]: Client must be connected before running operations
[2025-03-07T07:58:00.935Z] [error]: Client must be connected before running operations
[2025-03-07T07:58:00.936Z] [error]: Client must be connected before running operations
[2025-03-07T07:59:00.063Z] [error]: Client must be connected before running operations
[2025-03-07T07:59:00.066Z] [error]: Client must be connected before running operations
[2025-03-07T08:00:01.658Z] [error]: Client must be connected before running operations
[2025-03-07T08:00:01.660Z] [error]: Client must be connected before running operations
[2025-03-07T08:01:02.131Z] [error]: Client must be connected before running operations
[2025-03-07T08:01:02.133Z] [error]: Client must be connected before running operations
[2025-03-07T08:02:02.113Z] [error]: Client must be connected before running operations
[2025-03-07T08:02:02.116Z] [error]: Client must be connected before running operations
[2025-03-07T08:03:01.010Z] [error]: Client must be connected before running operations
[2025-03-07T08:03:01.012Z] [error]: Client must be connected before running operations
[2025-03-07T08:04:02.288Z] [error]: Client must be connected before running operations
[2025-03-07T08:04:02.291Z] [error]: Client must be connected before running operations
[2025-03-07T08:05:02.255Z] [error]: Client must be connected before running operations
[2025-03-07T08:05:02.262Z] [error]: Client must be connected before running operations
[2025-03-07T08:06:02.216Z] [error]: Client must be connected before running operations
[2025-03-07T08:06:02.218Z] [error]: Client must be connected before running operations
[2025-03-07T08:07:02.155Z] [error]: Client must be connected before running operations
[2025-03-07T08:07:02.157Z] [error]: Client must be connected before running operations
[2025-03-07T08:08:01.105Z] [error]: Client must be connected before running operations
[2025-03-07T08:08:01.107Z] [error]: Client must be connected before running operations
[2025-03-07T08:09:02.531Z] [error]: Client must be connected before running operations
[2025-03-07T08:09:02.533Z] [error]: Client must be connected before running operations
[2025-03-07T08:10:02.925Z] [error]: Client must be connected before running operations
[2025-03-07T08:10:02.929Z] [error]: Client must be connected before running operations
[2025-03-07T08:11:02.874Z] [error]: Client must be connected before running operations
[2025-03-07T08:11:02.876Z] [error]: Client must be connected before running operations
[2025-03-07T08:12:01.417Z] [error]: Client must be connected before running operations
[2025-03-07T08:12:01.419Z] [error]: Client must be connected before running operations
[2025-03-07T08:13:02.390Z] [error]: Client must be connected before running operations
[2025-03-07T08:13:02.393Z] [error]: Client must be connected before running operations
[2025-03-07T08:14:02.596Z] [error]: Client must be connected before running operations
[2025-03-07T08:14:02.597Z] [error]: Client must be connected before running operations
[2025-03-07T08:15:02.587Z] [error]: Client must be connected before running operations
[2025-03-07T08:15:02.588Z] [error]: Client must be connected before running operations
[2025-03-07T08:16:02.551Z] [error]: Client must be connected before running operations
[2025-03-07T08:16:02.556Z] [error]: Client must be connected before running operations
[2025-03-07T08:17:01.335Z] [error]: Client must be connected before running operations
[2025-03-07T08:17:01.343Z] [error]: Client must be connected before running operations
[2025-03-07T08:18:02.568Z] [error]: Client must be connected before running operations
[2025-03-07T08:18:02.570Z] [error]: Client must be connected before running operations
[2025-03-07T08:19:02.623Z] [error]: Client must be connected before running operations
[2025-03-07T08:19:02.625Z] [error]: Client must be connected before running operations
[2025-03-07T08:20:02.740Z] [error]: Client must be connected before running operations
[2025-03-07T08:20:02.742Z] [error]: Client must be connected before running operations
[2025-03-07T08:21:02.836Z] [error]: Client must be connected before running operations
[2025-03-07T08:21:02.840Z] [error]: Client must be connected before running operations
[2025-03-07T08:22:01.570Z] [error]: Client must be connected before running operations
[2025-03-07T10:06:42.259Z] [error]: HIDE::403::Forbidden::Token is expired or invalid!::
[2025-03-07T10:07:05.493Z] [error]: HIDE::404::NotFound::Route not exist!::
[2025-03-07T10:07:09.358Z] [error]: HIDE::404::NotFound::Route not exist!::
[2025-03-07T10:07:11.253Z] [error]: HIDE::404::NotFound::Route not exist!::
[2025-03-07T10:07:49.977Z] [error]: HIDE::404::NotFound::Not found product!::
[2025-03-07T10:07:52.749Z] [error]: HIDE::404::NotFound::Not found product!::
[2025-03-07T14:16:36.867Z] [error]: HIDE::500::ValidationError::"product_id" length must be 24 characters long::
[2025-03-07T14:16:40.695Z] [error]: HIDE::404::NotFound::Not found product!::
[2025-03-07T14:16:46.237Z] [error]: HIDE::404::NotFound::Not found product!::
[2025-03-07T14:17:45.791Z] [error]: HIDE::404::NotFound::Not found product!::
[2025-03-07T14:18:04.308Z] [error]: HIDE::500::MongoServerError::Performing an update on the path '_id' would modify the immutable field '_id'::
[2025-03-07T14:18:09.431Z] [error]: HIDE::500::MongoServerError::Performing an update on the path '_id' would modify the immutable field '_id'::
[2025-03-07T14:18:50.064Z] [error]: HIDE::500::MongoServerError::Performing an update on the path '_id' would modify the immutable field '_id'::
[2025-03-07T15:31:02.618Z] [error]: Client must be connected before running operations
[2025-03-07T15:31:02.620Z] [error]: Client must be connected before running operations
[2025-03-07T15:32:02.724Z] [error]: Client must be connected before running operations
[2025-03-07T15:32:02.727Z] [error]: Client must be connected before running operations
[2025-03-07T15:33:01.545Z] [error]: Client must be connected before running operations
[2025-03-07T15:33:01.548Z] [error]: Client must be connected before running operations
[2025-03-07T15:34:03.120Z] [error]: Client must be connected before running operations
[2025-03-07T15:34:03.122Z] [error]: Client must be connected before running operations
[2025-03-07T15:35:02.653Z] [error]: Client must be connected before running operations
[2025-03-07T15:35:02.655Z] [error]: Client must be connected before running operations
[2025-03-07T15:36:02.797Z] [error]: Client must be connected before running operations
[2025-03-07T15:36:02.798Z] [error]: Client must be connected before running operations
[2025-03-07T15:37:01.392Z] [error]: Client must be connected before running operations
[2025-03-07T15:37:01.394Z] [error]: Client must be connected before running operations
[2025-03-07T15:38:02.721Z] [error]: Client must be connected before running operations
[2025-03-07T15:38:02.724Z] [error]: Client must be connected before running operations
[2025-03-07T15:39:02.838Z] [error]: Client must be connected before running operations
[2025-03-07T15:39:02.840Z] [error]: Client must be connected before running operations
[2025-03-07T15:40:02.818Z] [error]: Client must be connected before running operations
[2025-03-07T15:40:02.820Z] [error]: Client must be connected before running operations
[2025-03-07T15:41:02.817Z] [error]: Client must be connected before running operations
[2025-03-07T15:41:02.820Z] [error]: Client must be connected before running operations
[2025-03-07T15:42:01.477Z] [error]: Client must be connected before running operations
[2025-03-07T15:42:01.480Z] [error]: Client must be connected before running operations
[2025-03-07T15:43:02.999Z] [error]: Client must be connected before running operations
[2025-03-07T15:43:03.001Z] [error]: Client must be connected before running operations
[2025-03-07T15:44:03.009Z] [error]: Client must be connected before running operations
[2025-03-07T15:44:03.012Z] [error]: Client must be connected before running operations
[2025-03-07T15:45:03.049Z] [error]: Client must be connected before running operations
[2025-03-07T15:45:03.050Z] [error]: Client must be connected before running operations
[2025-03-07T15:46:01.384Z] [error]: Client must be connected before running operations
[2025-03-07T15:46:01.385Z] [error]: Client must be connected before running operations
[2025-03-07T15:47:02.737Z] [error]: Client must be connected before running operations
[2025-03-07T15:47:02.739Z] [error]: Client must be connected before running operations
[2025-03-07T15:48:02.791Z] [error]: Client must be connected before running operations
[2025-03-07T15:48:02.793Z] [error]: Client must be connected before running operations
[2025-03-07T15:49:02.778Z] [error]: Client must be connected before running operations
[2025-03-07T15:49:02.780Z] [error]: Client must be connected before running operations
[2025-03-07T15:50:01.386Z] [error]: Client must be connected before running operations
[2025-03-07T15:50:01.389Z] [error]: Client must be connected before running operations
[2025-03-07T15:51:02.840Z] [error]: Client must be connected before running operations
[2025-03-07T15:51:02.843Z] [error]: Client must be connected before running operations
[2025-03-07T15:52:02.801Z] [error]: Client must be connected before running operations
[2025-03-07T15:52:02.803Z] [error]: Client must be connected before running operations
[2025-03-07T15:53:03.056Z] [error]: Client must be connected before running operations
[2025-03-07T15:53:03.058Z] [error]: Client must be connected before running operations
[2025-03-07T15:54:03.031Z] [error]: Client must be connected before running operations
[2025-03-07T15:54:03.033Z] [error]: Client must be connected before running operations
[2025-03-07T15:55:01.525Z] [error]: Client must be connected before running operations
[2025-03-07T15:55:01.528Z] [error]: Client must be connected before running operations
[2025-03-07T15:56:03.139Z] [error]: Client must be connected before running operations
[2025-03-07T15:56:03.140Z] [error]: Client must be connected before running operations
[2025-03-07T15:57:03.038Z] [error]: Client must be connected before running operations
[2025-03-07T15:57:03.040Z] [error]: Client must be connected before running operations
[2025-03-07T15:58:03.012Z] [error]: Client must be connected before running operations
[2025-03-07T15:58:03.014Z] [error]: Client must be connected before running operations
[2025-03-07T15:59:01.568Z] [error]: Client must be connected before running operations
[2025-03-07T15:59:01.569Z] [error]: Client must be connected before running operations
[2025-03-07T16:00:03.005Z] [error]: Client must be connected before running operations
[2025-03-07T16:00:03.006Z] [error]: Client must be connected before running operations
[2025-03-07T16:01:02.982Z] [error]: Client must be connected before running operations
[2025-03-07T16:01:02.984Z] [error]: Client must be connected before running operations
[2025-03-07T16:02:02.898Z] [error]: Client must be connected before running operations
[2025-03-07T16:02:02.901Z] [error]: Client must be connected before running operations
[2025-03-07T16:03:01.477Z] [error]: Client must be connected before running operations
[2025-03-07T16:03:01.479Z] [error]: Client must be connected before running operations
[2025-03-07T16:04:02.952Z] [error]: Client must be connected before running operations
[2025-03-07T16:04:02.953Z] [error]: Client must be connected before running operations
[2025-03-07T16:05:02.944Z] [error]: Client must be connected before running operations
[2025-03-07T16:05:02.946Z] [error]: Client must be connected before running operations
[2025-03-07T16:06:02.802Z] [error]: Client must be connected before running operations
[2025-03-07T16:06:02.804Z] [error]: Client must be connected before running operations
[2025-03-07T16:07:02.755Z] [error]: Client must be connected before running operations
[2025-03-07T16:07:02.757Z] [error]: Client must be connected before running operations
[2025-03-07T16:08:01.078Z] [error]: Client must be connected before running operations
[2025-03-07T16:08:01.080Z] [error]: Client must be connected before running operations
[2025-03-07T16:09:01.461Z] [error]: Client must be connected before running operations
[2025-03-07T16:09:01.462Z] [error]: Client must be connected before running operations
[2025-03-07T16:10:01.149Z] [error]: Client must be connected before running operations
[2025-03-07T16:10:01.151Z] [error]: Client must be connected before running operations
[2025-03-07T16:11:01.822Z] [error]: Client must be connected before running operations
[2025-03-07T16:11:01.823Z] [error]: Client must be connected before running operations
[2025-03-07T16:12:01.975Z] [error]: Client must be connected before running operations
[2025-03-07T16:12:01.977Z] [error]: Client must be connected before running operations
[2025-03-07T16:13:02.158Z] [error]: Client must be connected before running operations
[2025-03-07T16:13:02.159Z] [error]: Client must be connected before running operations
[2025-03-07T16:14:02.620Z] [error]: Client must be connected before running operations
[2025-03-07T16:14:02.622Z] [error]: Client must be connected before running operations
[2025-03-07T16:15:01.294Z] [error]: Client must be connected before running operations
[2025-03-07T16:15:01.295Z] [error]: Client must be connected before running operations
[2025-03-07T16:16:02.627Z] [error]: Client must be connected before running operations
[2025-03-07T16:16:02.629Z] [error]: Client must be connected before running operations
[2025-03-07T16:24:09.920Z] [error]: Client must be connected before running operations
[2025-03-07T16:24:09.922Z] [error]: Client must be connected before running operations
[2025-03-07T16:24:10.006Z] [error]: read ECONNRESET
[2025-03-07T16:24:10.007Z] [error]: read ECONNRESET
[2025-03-07T16:25:01.571Z] [error]: Client must be connected before running operations
[2025-03-07T16:25:01.574Z] [error]: Client must be connected before running operations
[2025-03-07T16:26:00.887Z] [error]: Client must be connected before running operations
[2025-03-07T16:26:00.889Z] [error]: Client must be connected before running operations
[2025-03-07T16:27:01.727Z] [error]: Client must be connected before running operations
[2025-03-07T16:27:01.728Z] [error]: Client must be connected before running operations
[2025-03-07T16:33:48.458Z] [error]: Client must be connected before running operations
[2025-03-07T16:33:48.460Z] [error]: Client must be connected before running operations
[2025-03-07T16:34:00.014Z] [error]: Client must be connected before running operations
[2025-03-07T16:34:00.015Z] [error]: Client must be connected before running operations
[2025-03-07T16:35:00.842Z] [error]: Client must be connected before running operations
[2025-03-07T16:35:00.845Z] [error]: Client must be connected before running operations
[2025-03-07T16:36:01.926Z] [error]: Client must be connected before running operations
[2025-03-07T16:36:01.928Z] [error]: Client must be connected before running operations
[2025-03-07T16:37:02.188Z] [error]: Client must be connected before running operations
[2025-03-07T16:37:02.190Z] [error]: Client must be connected before running operations
[2025-03-07T16:38:02.100Z] [error]: Client must be connected before running operations
[2025-03-07T16:38:02.103Z] [error]: Client must be connected before running operations
[2025-03-07T16:39:00.902Z] [error]: Client must be connected before running operations
[2025-03-07T16:39:00.904Z] [error]: Client must be connected before running operations
[2025-03-07T16:40:01.874Z] [error]: Client must be connected before running operations
[2025-03-07T16:40:01.875Z] [error]: Client must be connected before running operations
[2025-03-07T16:41:01.881Z] [error]: Client must be connected before running operations
[2025-03-07T16:41:01.883Z] [error]: Client must be connected before running operations
[2025-03-07T16:42:01.856Z] [error]: Client must be connected before running operations
[2025-03-07T16:42:01.857Z] [error]: Client must be connected before running operations
[2025-03-07T16:43:01.893Z] [error]: Client must be connected before running operations
[2025-03-07T16:43:01.894Z] [error]: Client must be connected before running operations
[2025-03-07T16:44:00.955Z] [error]: Client must be connected before running operations
[2025-03-07T16:44:00.956Z] [error]: Client must be connected before running operations
[2025-03-07T16:45:01.617Z] [error]: Client must be connected before running operations
[2025-03-07T16:45:01.619Z] [error]: Client must be connected before running operations
[2025-03-07T16:46:02.209Z] [error]: Client must be connected before running operations
[2025-03-07T16:46:02.210Z] [error]: Client must be connected before running operations
[2025-03-07T16:47:01.964Z] [error]: Client must be connected before running operations
[2025-03-07T16:47:01.966Z] [error]: Client must be connected before running operations
[2025-03-07T16:48:02.150Z] [error]: Client must be connected before running operations
[2025-03-07T16:48:02.152Z] [error]: Client must be connected before running operations
[2025-03-07T16:52:54.205Z] [error]: Client must be connected before running operations
[2025-03-07T16:52:54.207Z] [error]: Client must be connected before running operations
[2025-03-07T16:53:00.005Z] [error]: Client must be connected before running operations
[2025-03-07T16:53:00.006Z] [error]: Client must be connected before running operations
[2025-03-07T16:54:01.693Z] [error]: Client must be connected before running operations
[2025-03-07T16:54:01.695Z] [error]: Client must be connected before running operations
[2025-03-07T16:55:01.726Z] [error]: Client must be connected before running operations
[2025-03-07T16:55:01.726Z] [error]: Client must be connected before running operations
[2025-03-07T16:56:00.903Z] [error]: Client must be connected before running operations
[2025-03-07T16:56:00.905Z] [error]: Client must be connected before running operations
[2025-03-07T16:57:01.964Z] [error]: Client must be connected before running operations
[2025-03-07T16:57:01.965Z] [error]: Client must be connected before running operations
[2025-03-07T16:58:01.988Z] [error]: Client must be connected before running operations
[2025-03-07T16:58:01.990Z] [error]: Client must be connected before running operations
[2025-03-07T16:59:02.036Z] [error]: Client must be connected before running operations
[2025-03-07T16:59:02.038Z] [error]: Client must be connected before running operations
[2025-03-07T17:00:01.067Z] [error]: Client must be connected before running operations
[2025-03-07T17:00:01.070Z] [error]: Client must be connected before running operations
[2025-03-07T17:01:02.248Z] [error]: Client must be connected before running operations
[2025-03-07T17:01:02.250Z] [error]: Client must be connected before running operations
[2025-03-07T17:02:02.525Z] [error]: Client must be connected before running operations
[2025-03-07T17:02:02.527Z] [error]: Client must be connected before running operations
[2025-03-07T17:03:02.565Z] [error]: Client must be connected before running operations
[2025-03-07T17:03:02.567Z] [error]: Client must be connected before running operations
[2025-03-07T17:04:02.105Z] [error]: Client must be connected before running operations
[2025-03-07T17:04:02.107Z] [error]: Client must be connected before running operations
[2025-03-07T17:05:01.153Z] [error]: Client must be connected before running operations
[2025-03-07T17:05:01.155Z] [error]: Client must be connected before running operations
[2025-03-07T17:06:02.272Z] [error]: Client must be connected before running operations
[2025-03-07T17:06:02.273Z] [error]: Client must be connected before running operations
[2025-03-07T17:07:02.271Z] [error]: Client must be connected before running operations
[2025-03-07T17:07:02.273Z] [error]: Client must be connected before running operations
[2025-03-07T17:08:02.242Z] [error]: Client must be connected before running operations
[2025-03-07T17:08:02.245Z] [error]: Client must be connected before running operations
[2025-03-07T17:09:02.333Z] [error]: Client must be connected before running operations
[2025-03-07T17:09:02.334Z] [error]: Client must be connected before running operations
[2025-03-07T17:10:01.180Z] [error]: Client must be connected before running operations
[2025-03-07T17:10:01.182Z] [error]: Client must be connected before running operations
[2025-03-07T17:11:02.496Z] [error]: Client must be connected before running operations
[2025-03-07T17:11:02.497Z] [error]: Client must be connected before running operations
[2025-03-07T17:12:02.641Z] [error]: Client must be connected before running operations
[2025-03-07T17:12:02.643Z] [error]: Client must be connected before running operations
[2025-03-07T17:13:02.915Z] [error]: Client must be connected before running operations
[2025-03-07T17:13:02.917Z] [error]: Client must be connected before running operations
[2025-03-07T17:14:01.110Z] [error]: Client must be connected before running operations
[2025-03-07T17:14:01.112Z] [error]: Client must be connected before running operations
[2025-03-07T17:15:02.475Z] [error]: Client must be connected before running operations
[2025-03-07T17:15:02.477Z] [error]: Client must be connected before running operations
[2025-03-07T17:16:02.511Z] [error]: Client must be connected before running operations
[2025-03-07T17:16:02.513Z] [error]: Client must be connected before running operations
[2025-03-07T17:17:02.509Z] [error]: Client must be connected before running operations
[2025-03-07T17:17:02.512Z] [error]: Client must be connected before running operations
[2025-03-07T17:18:02.538Z] [error]: Client must be connected before running operations
[2025-03-07T17:18:02.539Z] [error]: Client must be connected before running operations
[2025-03-07T17:19:01.255Z] [error]: Client must be connected before running operations
[2025-03-07T17:19:01.257Z] [error]: Client must be connected before running operations
[2025-03-07T17:20:02.515Z] [error]: Client must be connected before running operations
[2025-03-07T17:20:02.516Z] [error]: Client must be connected before running operations
[2025-03-07T17:21:02.657Z] [error]: Client must be connected before running operations
[2025-03-07T17:21:02.659Z] [error]: Client must be connected before running operations
[2025-03-07T17:22:02.804Z] [error]: Client must be connected before running operations
[2025-03-07T17:22:02.805Z] [error]: Client must be connected before running operations
[2025-03-07T17:23:01.487Z] [error]: Client must be connected before running operations
[2025-03-07T17:23:01.489Z] [error]: Client must be connected before running operations
[2025-03-07T17:24:02.529Z] [error]: Client must be connected before running operations
[2025-03-07T17:24:02.530Z] [error]: Client must be connected before running operations
[2025-03-07T17:25:02.540Z] [error]: Client must be connected before running operations
[2025-03-07T17:25:02.542Z] [error]: Client must be connected before running operations
[2025-03-07T17:26:02.580Z] [error]: Client must be connected before running operations
[2025-03-07T17:26:02.581Z] [error]: Client must be connected before running operations
[2025-03-07T17:27:02.550Z] [error]: Client must be connected before running operations
[2025-03-07T17:27:02.553Z] [error]: Client must be connected before running operations
[2025-03-07T17:28:01.324Z] [error]: Client must be connected before running operations
[2025-03-07T17:28:01.328Z] [error]: Client must be connected before running operations
[2025-03-07T17:29:02.567Z] [error]: Client must be connected before running operations
[2025-03-07T17:29:02.570Z] [error]: Client must be connected before running operations
[2025-03-07T17:30:02.529Z] [error]: Client must be connected before running operations
[2025-03-07T17:30:02.530Z] [error]: Client must be connected before running operations
[2025-03-07T17:31:02.733Z] [error]: Client must be connected before running operations
[2025-03-07T17:31:02.736Z] [error]: Client must be connected before running operations
[2025-03-07T17:32:01.456Z] [error]: Client must be connected before running operations
[2025-03-07T17:32:01.458Z] [error]: Client must be connected before running operations
[2025-03-07T17:33:02.801Z] [error]: Client must be connected before running operations
[2025-03-07T17:33:02.802Z] [error]: Client must be connected before running operations
[2025-03-07T17:34:02.862Z] [error]: Client must be connected before running operations
[2025-03-07T17:34:02.864Z] [error]: Client must be connected before running operations
[2025-03-07T17:35:02.826Z] [error]: Client must be connected before running operations
[2025-03-07T17:35:02.829Z] [error]: Client must be connected before running operations
[2025-03-07T17:36:02.742Z] [error]: Client must be connected before running operations
[2025-03-07T17:36:02.744Z] [error]: Client must be connected before running operations
[2025-03-07T17:37:01.416Z] [error]: Client must be connected before running operations
[2025-03-07T17:37:01.417Z] [error]: Client must be connected before running operations
[2025-03-07T17:38:03.204Z] [error]: Client must be connected before running operations
[2025-03-07T17:38:03.206Z] [error]: Client must be connected before running operations
[2025-03-07T17:39:01.281Z] [error]: Client must be connected before running operations
[2025-03-07T17:39:01.283Z] [error]: Client must be connected before running operations
[2025-03-07T17:40:02.511Z] [error]: Client must be connected before running operations
[2025-03-07T17:40:02.512Z] [error]: Client must be connected before running operations
[2025-03-07T17:41:02.616Z] [error]: Client must be connected before running operations
[2025-03-07T17:41:02.617Z] [error]: Client must be connected before running operations
[2025-03-07T17:42:02.560Z] [error]: Client must be connected before running operations
[2025-03-07T17:42:02.562Z] [error]: Client must be connected before running operations
[2025-03-07T17:46:57.280Z] [error]: Client must be connected before running operations
[2025-03-07T17:46:57.282Z] [error]: Client must be connected before running operations
[2025-03-07T17:47:00.007Z] [error]: Client must be connected before running operations
[2025-03-07T17:47:00.009Z] [error]: Client must be connected before running operations
[2025-03-07T17:48:01.956Z] [error]: Client must be connected before running operations
[2025-03-07T17:48:01.959Z] [error]: Client must be connected before running operations
[2025-03-07T17:49:02.063Z] [error]: Client must be connected before running operations
[2025-03-07T17:49:02.064Z] [error]: Client must be connected before running operations
[2025-03-07T17:50:02.220Z] [error]: Client must be connected before running operations
[2025-03-07T18:32:53.470Z] [error]: HIDE::403::Forbidden::Product shop is not match!::
[2025-03-07T18:32:57.319Z] [error]: HIDE::403::Forbidden::Product shop is not match!::
