[2025-03-07T01:16:42.381Z] [info]: Cleanup key token: 0 key token cleaned
[2025-03-07T01:16:42.384Z] [info]: Cleanup key token: 0 refresh token used cleaned
[2025-03-07T01:16:42.538Z] [info]: Cleanup product: Cleaned 0 products
[2025-03-07T01:17:00.110Z] [info]: Cleanup key token: 0 key token cleaned
[2025-03-07T01:17:00.111Z] [info]: Cleanup key token: 0 refresh token used cleaned
[2025-03-07T01:17:00.529Z] [info]: Cleanup product: Cleaned 0 products
[2025-03-07T01:17:10.032Z] [info]: Server closed
[2025-03-07T01:17:10.053Z] [info]: Server closed
[2025-03-07T01:17:10.081Z] [info]: Server closed
[2025-03-07T02:37:00.149Z] [info]: Cleanup key token: 0 key token cleaned
[2025-03-07T02:37:00.150Z] [info]: Cleanup key token: 0 refresh token used cleaned
[2025-03-07T02:38:03.206Z] [info]: Cleanup key token: 0 key token cleaned
[2025-03-07T02:38:03.207Z] [info]: Cleanup key token: 0 refresh token used cleaned
[2025-03-07T02:38:04.531Z] [info]: Cleanup product: Cleaned 0 products
[2025-03-07T02:40:01.587Z] [info]: Cleanup key token: 0 key token cleaned
[2025-03-07T02:40:01.588Z] [info]: Cleanup key token: 0 refresh token used cleaned
[2025-03-07T02:40:02.562Z] [info]: Cleanup product: Cleaned 0 products
[2025-03-07T02:41:01.589Z] [info]: Cleanup key token: 0 key token cleaned
[2025-03-07T02:41:01.589Z] [info]: Cleanup key token: 0 refresh token used cleaned
[2025-03-07T02:41:02.218Z] [info]: Cleanup product: Cleaned 0 products
[2025-03-07T02:42:00.121Z] [info]: Cleanup key token: 0 key token cleaned
[2025-03-07T02:42:00.122Z] [info]: Cleanup key token: 0 refresh token used cleaned
[2025-03-07T02:42:01.785Z] [info]: Cleanup product: Cleaned 0 products
[2025-03-07T02:43:02.812Z] [info]: Cleanup key token: 0 key token cleaned
[2025-03-07T02:43:02.813Z] [info]: Cleanup key token: 0 refresh token used cleaned
[2025-03-07T02:43:03.405Z] [info]: Cleanup product: Cleaned 0 products
[2025-03-07T02:44:02.859Z] [info]: Cleanup key token: 0 key token cleaned
[2025-03-07T02:44:02.860Z] [info]: Cleanup key token: 0 refresh token used cleaned
[2025-03-07T02:44:03.411Z] [info]: Cleanup product: Cleaned 0 products
[2025-03-07T02:45:01.584Z] [info]: Cleanup key token: 0 key token cleaned
[2025-03-07T02:45:01.585Z] [info]: Cleanup key token: 0 refresh token used cleaned
[2025-03-07T02:45:02.041Z] [info]: Cleanup product: Cleaned 0 products
[2025-03-07T02:48:00.197Z] [info]: Cleanup key token: 0 key token cleaned
[2025-03-07T02:48:00.198Z] [info]: Cleanup key token: 0 refresh token used cleaned
[2025-03-07T02:49:01.628Z] [info]: Cleanup key token: 0 key token cleaned
[2025-03-07T02:49:01.629Z] [info]: Cleanup key token: 0 refresh token used cleaned
[2025-03-07T02:49:02.193Z] [info]: Cleanup product: Cleaned 0 products
[2025-03-07T02:50:01.546Z] [info]: Cleanup key token: 0 key token cleaned
[2025-03-07T02:50:01.546Z] [info]: Cleanup key token: 0 refresh token used cleaned
[2025-03-07T02:50:01.787Z] [info]: Cleanup product: Cleaned 0 products
[2025-03-07T02:51:00.132Z] [info]: Cleanup key token: 0 key token cleaned
[2025-03-07T02:51:00.133Z] [info]: Cleanup key token: 0 refresh token used cleaned
[2025-03-07T02:51:00.427Z] [info]: Cleanup product: Cleaned 0 products
[2025-03-07T02:52:00.117Z] [info]: Cleanup key token: 0 key token cleaned
[2025-03-07T02:52:00.117Z] [info]: Cleanup key token: 0 refresh token used cleaned
[2025-03-07T02:52:00.414Z] [info]: Cleanup product: Cleaned 0 products
[2025-03-07T02:54:00.103Z] [info]: Cleanup key token: 0 key token cleaned
[2025-03-07T02:54:00.104Z] [info]: Cleanup key token: 0 refresh token used cleaned
[2025-03-07T02:54:00.393Z] [info]: Cleanup product: Cleaned 0 products
[2025-03-07T03:13:01.649Z] [info]: Cleanup key token: 0 key token cleaned
[2025-03-07T03:13:01.650Z] [info]: Cleanup key token: 0 refresh token used cleaned
[2025-03-07T03:13:02.064Z] [info]: Cleanup product: Cleaned 0 products
[2025-03-07T03:14:00.162Z] [info]: Cleanup key token: 0 key token cleaned
[2025-03-07T03:14:00.163Z] [info]: Cleanup key token: 0 refresh token used cleaned
[2025-03-07T03:14:00.507Z] [info]: Cleanup product: Cleaned 0 products
[2025-03-07T03:15:05.728Z] [info]: Server closed
[2025-03-07T03:15:05.730Z] [info]: Server closed
[2025-03-07T03:15:05.739Z] [info]: Server closed
[2025-03-07T03:16:14.372Z] [info]: Cleanup key token: 0 key token cleaned
[2025-03-07T03:16:14.373Z] [info]: Cleanup key token: 0 refresh token used cleaned
[2025-03-07T03:16:19.933Z] [info]: Cleanup product: Cleaned 0 products
[2025-03-07T03:17:03.098Z] [info]: Cleanup key token: 0 key token cleaned
[2025-03-07T03:17:03.099Z] [info]: Cleanup key token: 0 refresh token used cleaned
[2025-03-07T03:17:04.124Z] [info]: Cleanup product: Cleaned 0 products
[2025-03-07T03:18:00.130Z] [info]: Cleanup key token: 0 key token cleaned
[2025-03-07T03:18:00.131Z] [info]: Cleanup key token: 0 refresh token used cleaned
[2025-03-07T03:18:00.535Z] [info]: Cleanup product: Cleaned 0 products
[2025-03-07T03:19:01.045Z] [info]: Cleanup key token: 0 key token cleaned
[2025-03-07T03:19:01.046Z] [info]: Cleanup key token: 0 refresh token used cleaned
[2025-03-07T03:19:01.388Z] [info]: Cleanup product: Cleaned 0 products
[2025-03-07T03:20:32.254Z] [info]: Server closed
[2025-03-07T03:20:32.280Z] [info]: Server closed
[2025-03-07T03:20:32.284Z] [info]: Server closed
[2025-03-07T03:21:37.596Z] [info]: Server closed
[2025-03-07T03:21:37.599Z] [info]: Server closed
[2025-03-07T03:21:37.627Z] [info]: Server closed
[2025-03-07T03:21:47.048Z] [info]: Server closed
[2025-03-07T03:21:47.050Z] [info]: Server closed
[2025-03-07T03:21:47.063Z] [info]: Server closed
[2025-03-07T03:23:00.110Z] [info]: Cleanup key token: 0 key token cleaned
[2025-03-07T03:23:00.111Z] [info]: Cleanup key token: 0 refresh token used cleaned
[2025-03-07T03:23:00.427Z] [info]: Cleanup product: Cleaned 0 products
[2025-03-07T03:24:01.911Z] [info]: Cleanup key token: 0 key token cleaned
[2025-03-07T03:24:01.912Z] [info]: Cleanup key token: 0 refresh token used cleaned
[2025-03-07T03:24:02.462Z] [info]: Cleanup product: Cleaned 0 products
[2025-03-07T03:25:00.956Z] [info]: Cleanup key token: 0 key token cleaned
[2025-03-07T03:25:00.957Z] [info]: Cleanup key token: 0 refresh token used cleaned
[2025-03-07T03:25:01.436Z] [info]: Cleanup product: Cleaned 0 products
[2025-03-07T03:26:02.048Z] [info]: Cleanup key token: 0 key token cleaned
[2025-03-07T03:26:02.048Z] [info]: Cleanup key token: 0 refresh token used cleaned
[2025-03-07T03:26:02.431Z] [info]: Cleanup product: Cleaned 0 products
[2025-03-07T03:27:02.156Z] [info]: Cleanup key token: 0 key token cleaned
[2025-03-07T03:27:02.157Z] [info]: Cleanup key token: 0 refresh token used cleaned
[2025-03-07T03:27:02.562Z] [info]: Cleanup product: Cleaned 0 products
[2025-03-07T03:28:01.156Z] [info]: Cleanup key token: 0 key token cleaned
[2025-03-07T03:28:01.157Z] [info]: Cleanup key token: 0 refresh token used cleaned
[2025-03-07T03:28:01.452Z] [info]: Cleanup product: Cleaned 0 products
[2025-03-07T03:29:02.326Z] [info]: Cleanup key token: 0 key token cleaned
[2025-03-07T03:29:02.326Z] [info]: Cleanup key token: 0 refresh token used cleaned
[2025-03-07T03:29:02.616Z] [info]: Cleanup product: Cleaned 0 products
[2025-03-07T03:30:01.181Z] [info]: Cleanup key token: 0 key token cleaned
[2025-03-07T03:30:01.181Z] [info]: Cleanup key token: 0 refresh token used cleaned
[2025-03-07T03:30:01.488Z] [info]: Cleanup product: Cleaned 0 products
[2025-03-07T03:31:02.213Z] [info]: Cleanup key token: 0 key token cleaned
[2025-03-07T03:31:02.214Z] [info]: Cleanup key token: 0 refresh token used cleaned
[2025-03-07T03:31:02.529Z] [info]: Cleanup product: Cleaned 0 products
[2025-03-07T03:32:02.216Z] [info]: Cleanup key token: 0 key token cleaned
[2025-03-07T03:32:02.216Z] [info]: Cleanup key token: 0 refresh token used cleaned
[2025-03-07T03:32:02.508Z] [info]: Cleanup product: Cleaned 0 products
[2025-03-07T03:33:01.439Z] [info]: Cleanup key token: 0 key token cleaned
[2025-03-07T03:33:01.440Z] [info]: Cleanup key token: 0 refresh token used cleaned
[2025-03-07T03:33:01.674Z] [info]: Cleanup product: Cleaned 0 products
[2025-03-07T03:34:01.388Z] [info]: Cleanup key token: 0 key token cleaned
[2025-03-07T03:34:01.388Z] [info]: Cleanup key token: 0 refresh token used cleaned
[2025-03-07T03:34:01.687Z] [info]: Cleanup product: Cleaned 0 products
[2025-03-07T03:35:01.519Z] [info]: Cleanup key token: 0 key token cleaned
[2025-03-07T03:35:01.520Z] [info]: Cleanup key token: 0 refresh token used cleaned
[2025-03-07T03:35:01.788Z] [info]: Cleanup product: Cleaned 0 products
[2025-03-07T03:36:02.843Z] [info]: Cleanup key token: 0 key token cleaned
[2025-03-07T03:36:02.844Z] [info]: Cleanup key token: 0 refresh token used cleaned
[2025-03-07T03:36:03.161Z] [info]: Cleanup product: Cleaned 0 products
[2025-03-07T03:37:02.430Z] [info]: Cleanup key token: 0 key token cleaned
[2025-03-07T03:37:02.430Z] [info]: Cleanup key token: 0 refresh token used cleaned
[2025-03-07T03:37:02.736Z] [info]: Cleanup product: Cleaned 0 products
[2025-03-07T03:39:02.577Z] [info]: Cleanup key token: 0 key token cleaned
[2025-03-07T03:39:02.577Z] [info]: Cleanup key token: 0 refresh token used cleaned
[2025-03-07T03:39:02.933Z] [info]: Cleanup product: Cleaned 0 products
[2025-03-07T03:40:01.330Z] [info]: Cleanup key token: 0 key token cleaned
[2025-03-07T03:40:01.330Z] [info]: Cleanup key token: 0 refresh token used cleaned
[2025-03-07T03:40:01.725Z] [info]: Cleanup product: Cleaned 0 products
[2025-03-07T03:41:01.335Z] [info]: Cleanup key token: 0 key token cleaned
[2025-03-07T03:41:01.335Z] [info]: Cleanup key token: 0 refresh token used cleaned
[2025-03-07T03:41:01.606Z] [info]: Cleanup product: Cleaned 0 products
[2025-03-07T03:42:00.115Z] [info]: Cleanup key token: 0 key token cleaned
[2025-03-07T03:42:00.116Z] [info]: Cleanup key token: 0 refresh token used cleaned
[2025-03-07T03:42:00.422Z] [info]: Cleanup product: Cleaned 0 products
[2025-03-07T03:43:01.438Z] [info]: Cleanup key token: 0 key token cleaned
[2025-03-07T03:43:01.438Z] [info]: Cleanup key token: 0 refresh token used cleaned
[2025-03-07T03:43:01.696Z] [info]: Cleanup product: Cleaned 0 products
[2025-03-07T03:44:02.557Z] [info]: Cleanup key token: 0 key token cleaned
[2025-03-07T03:44:02.557Z] [info]: Cleanup key token: 0 refresh token used cleaned
[2025-03-07T03:44:02.888Z] [info]: Cleanup product: Cleaned 0 products
[2025-03-07T03:45:02.703Z] [info]: Cleanup key token: 0 key token cleaned
[2025-03-07T03:45:02.703Z] [info]: Cleanup key token: 0 refresh token used cleaned
[2025-03-07T03:45:03.085Z] [info]: Cleanup product: Cleaned 0 products
[2025-03-07T03:46:02.667Z] [info]: Cleanup key token: 0 key token cleaned
[2025-03-07T03:46:02.667Z] [info]: Cleanup key token: 0 refresh token used cleaned
[2025-03-07T03:46:02.990Z] [info]: Cleanup product: Cleaned 0 products
[2025-03-07T03:47:01.394Z] [info]: Cleanup key token: 0 key token cleaned
[2025-03-07T03:47:01.394Z] [info]: Cleanup key token: 0 refresh token used cleaned
[2025-03-07T03:47:01.721Z] [info]: Cleanup product: Cleaned 0 products
[2025-03-07T07:40:01.553Z] [info]: Cleanup key token: 0 key token cleaned
[2025-03-07T07:40:01.554Z] [info]: Cleanup key token: 0 refresh token used cleaned
[2025-03-07T07:40:01.838Z] [info]: Cleanup product: Cleaned 0 products
[2025-03-07T07:41:03.290Z] [info]: Cleanup key token: 0 key token cleaned
[2025-03-07T07:41:03.290Z] [info]: Cleanup key token: 0 refresh token used cleaned
[2025-03-07T07:41:03.582Z] [info]: Cleanup product: Cleaned 0 products
[2025-03-07T07:42:00.101Z] [info]: Cleanup key token: 0 key token cleaned
[2025-03-07T07:42:00.102Z] [info]: Cleanup key token: 0 refresh token used cleaned
[2025-03-07T07:42:00.410Z] [info]: Cleanup product: Cleaned 0 products
[2025-03-07T07:43:00.087Z] [info]: Cleanup key token: 0 key token cleaned
[2025-03-07T07:43:00.088Z] [info]: Cleanup key token: 0 refresh token used cleaned
[2025-03-07T07:43:00.338Z] [info]: Cleanup product: Cleaned 0 products
[2025-03-07T07:44:00.101Z] [info]: Cleanup key token: 0 key token cleaned
[2025-03-07T07:44:00.102Z] [info]: Cleanup key token: 0 refresh token used cleaned
[2025-03-07T07:44:00.332Z] [info]: Cleanup product: Cleaned 0 products
[2025-03-07T07:44:50.051Z] [info]: Server closed
[2025-03-07T07:44:50.079Z] [info]: Server closed
[2025-03-07T07:44:50.080Z] [info]: Server closed
[2025-03-07T07:46:00.120Z] [info]: Cleanup key token: 0 key token cleaned
[2025-03-07T07:46:00.121Z] [info]: Cleanup key token: 0 refresh token used cleaned
[2025-03-07T07:46:01.901Z] [info]: Cleanup product: Cleaned 0 products
[2025-03-07T07:47:03.113Z] [info]: Cleanup key token: 0 key token cleaned
[2025-03-07T07:47:03.113Z] [info]: Cleanup key token: 0 refresh token used cleaned
[2025-03-07T07:47:03.418Z] [info]: Cleanup product: Cleaned 0 products
[2025-03-07T07:48:03.428Z] [info]: Cleanup key token: 0 key token cleaned
[2025-03-07T07:48:03.428Z] [info]: Cleanup key token: 0 refresh token used cleaned
[2025-03-07T07:48:03.718Z] [info]: Cleanup product: Cleaned 0 products
[2025-03-07T07:49:00.108Z] [info]: Cleanup key token: 0 key token cleaned
[2025-03-07T07:49:00.109Z] [info]: Cleanup key token: 0 refresh token used cleaned
[2025-03-07T07:49:00.460Z] [info]: Cleanup product: Cleaned 0 products
[2025-03-07T07:50:03.490Z] [info]: Cleanup key token: 0 key token cleaned
[2025-03-07T07:50:03.490Z] [info]: Cleanup key token: 0 refresh token used cleaned
[2025-03-07T07:50:03.820Z] [info]: Cleanup product: Cleaned 0 products
[2025-03-07T07:51:01.643Z] [info]: Cleanup key token: 0 key token cleaned
[2025-03-07T07:51:01.644Z] [info]: Cleanup key token: 0 refresh token used cleaned
[2025-03-07T07:51:01.952Z] [info]: Cleanup product: Cleaned 0 products
[2025-03-07T07:52:03.321Z] [info]: Cleanup key token: 0 key token cleaned
[2025-03-07T07:52:03.322Z] [info]: Cleanup key token: 0 refresh token used cleaned
[2025-03-07T07:52:03.608Z] [info]: Cleanup product: Cleaned 0 products
[2025-03-07T07:53:00.108Z] [info]: Cleanup key token: 0 key token cleaned
[2025-03-07T07:53:00.109Z] [info]: Cleanup key token: 0 refresh token used cleaned
[2025-03-07T07:53:00.398Z] [info]: Cleanup product: Cleaned 0 products
[2025-03-07T07:59:00.118Z] [info]: Cleanup key token: 0 key token cleaned
[2025-03-07T07:59:00.119Z] [info]: Cleanup key token: 0 refresh token used cleaned
[2025-03-07T07:59:00.451Z] [info]: Cleanup product: Cleaned 0 products
[2025-03-07T08:00:01.697Z] [info]: Cleanup key token: 0 key token cleaned
[2025-03-07T08:00:01.697Z] [info]: Cleanup key token: 0 refresh token used cleaned
[2025-03-07T08:00:02.044Z] [info]: Cleanup product: Cleaned 0 products
[2025-03-07T08:01:02.153Z] [info]: Cleanup key token: 0 key token cleaned
[2025-03-07T08:01:02.153Z] [info]: Cleanup key token: 0 refresh token used cleaned
[2025-03-07T08:01:03.140Z] [info]: Cleanup product: Cleaned 0 products
[2025-03-07T08:02:02.148Z] [info]: Cleanup key token: 0 key token cleaned
[2025-03-07T08:02:02.148Z] [info]: Cleanup key token: 0 refresh token used cleaned
[2025-03-07T08:02:02.495Z] [info]: Cleanup product: Cleaned 0 products
[2025-03-07T08:03:01.058Z] [info]: Cleanup key token: 0 key token cleaned
[2025-03-07T08:03:01.058Z] [info]: Cleanup key token: 0 refresh token used cleaned
[2025-03-07T08:03:01.402Z] [info]: Cleanup product: Cleaned 0 products
[2025-03-07T08:04:01.263Z] [info]: Cleanup key token: 0 key token cleaned
[2025-03-07T08:04:01.263Z] [info]: Cleanup key token: 0 refresh token used cleaned
[2025-03-07T08:04:01.579Z] [info]: Cleanup product: Cleaned 0 products
[2025-03-07T08:05:01.181Z] [info]: Cleanup key token: 0 key token cleaned
[2025-03-07T08:05:01.183Z] [info]: Cleanup key token: 0 refresh token used cleaned
[2025-03-07T08:05:01.422Z] [info]: Cleanup product: Cleaned 0 products
[2025-03-07T08:06:01.219Z] [info]: Cleanup key token: 0 key token cleaned
[2025-03-07T08:06:01.221Z] [info]: Cleanup key token: 0 refresh token used cleaned
[2025-03-07T08:06:01.565Z] [info]: Cleanup product: Cleaned 0 products
[2025-03-07T08:07:01.202Z] [info]: Cleanup key token: 0 key token cleaned
[2025-03-07T08:07:01.203Z] [info]: Cleanup key token: 0 refresh token used cleaned
[2025-03-07T08:07:01.451Z] [info]: Cleanup product: Cleaned 0 products
[2025-03-07T08:09:01.275Z] [info]: Cleanup key token: 0 key token cleaned
[2025-03-07T08:09:01.276Z] [info]: Cleanup key token: 0 refresh token used cleaned
[2025-03-07T08:09:01.525Z] [info]: Cleanup product: Cleaned 0 products
[2025-03-07T08:10:02.979Z] [info]: Cleanup key token: 0 key token cleaned
[2025-03-07T08:10:02.979Z] [info]: Cleanup key token: 0 refresh token used cleaned
[2025-03-07T08:10:03.257Z] [info]: Cleanup product: Cleaned 0 products
[2025-03-07T08:11:01.562Z] [info]: Cleanup key token: 0 key token cleaned
[2025-03-07T08:11:01.563Z] [info]: Cleanup key token: 0 refresh token used cleaned
[2025-03-07T08:11:01.814Z] [info]: Cleanup product: Cleaned 0 products
[2025-03-07T08:12:01.474Z] [info]: Cleanup key token: 0 key token cleaned
[2025-03-07T08:12:01.475Z] [info]: Cleanup key token: 0 refresh token used cleaned
[2025-03-07T08:12:01.718Z] [info]: Cleanup product: Cleaned 0 products
[2025-03-07T08:14:02.643Z] [info]: Cleanup key token: 0 key token cleaned
[2025-03-07T08:14:02.644Z] [info]: Cleanup key token: 0 refresh token used cleaned
[2025-03-07T08:14:02.946Z] [info]: Cleanup product: Cleaned 0 products
[2025-03-07T08:15:01.423Z] [info]: Cleanup key token: 0 key token cleaned
[2025-03-07T08:15:01.424Z] [info]: Cleanup key token: 0 refresh token used cleaned
[2025-03-07T08:15:03.874Z] [info]: Cleanup product: Cleaned 0 products
[2025-03-07T08:16:02.006Z] [info]: Cleanup key token: 0 key token cleaned
[2025-03-07T08:16:02.007Z] [info]: Cleanup key token: 0 refresh token used cleaned
[2025-03-07T08:16:04.345Z] [info]: Cleanup product: Cleaned 0 products
[2025-03-07T08:17:01.463Z] [info]: Cleanup key token: 0 key token cleaned
[2025-03-07T08:17:01.464Z] [info]: Cleanup key token: 0 refresh token used cleaned
[2025-03-07T08:17:02.019Z] [info]: Cleanup product: Cleaned 0 products
[2025-03-07T08:18:00.344Z] [info]: Cleanup key token: 0 key token cleaned
[2025-03-07T08:18:00.344Z] [info]: Cleanup key token: 0 refresh token used cleaned
[2025-03-07T08:18:01.016Z] [info]: Cleanup product: Cleaned 0 products
[2025-03-07T08:19:01.411Z] [info]: Cleanup key token: 0 key token cleaned
[2025-03-07T08:19:01.412Z] [info]: Cleanup key token: 0 refresh token used cleaned
[2025-03-07T08:19:03.197Z] [info]: Cleanup product: Cleaned 0 products
[2025-03-07T08:20:00.704Z] [info]: Cleanup key token: 0 key token cleaned
[2025-03-07T08:20:00.705Z] [info]: Cleanup key token: 0 refresh token used cleaned
[2025-03-07T08:20:01.044Z] [info]: Cleanup product: Cleaned 0 products
[2025-03-07T08:21:02.895Z] [info]: Cleanup key token: 0 key token cleaned
[2025-03-07T08:21:02.895Z] [info]: Cleanup key token: 0 refresh token used cleaned
[2025-03-07T08:21:03.230Z] [info]: Cleanup product: Cleaned 0 products
[2025-03-07T10:06:01.058Z] [info]: Cleanup key token: 0 key token cleaned
[2025-03-07T10:06:01.059Z] [info]: Cleanup key token: 0 refresh token used cleaned
[2025-03-07T10:06:01.992Z] [info]: Cleanup product: Cleaned 0 products
[2025-03-07T10:07:01.022Z] [info]: Cleanup key token: 0 key token cleaned
[2025-03-07T10:07:01.023Z] [info]: Cleanup key token: 0 refresh token used cleaned
[2025-03-07T10:07:02.037Z] [info]: Cleanup product: Cleaned 0 products
[2025-03-07T10:08:01.084Z] [info]: Cleanup key token: 0 key token cleaned
[2025-03-07T10:08:01.085Z] [info]: Cleanup key token: 0 refresh token used cleaned
[2025-03-07T10:08:02.010Z] [info]: Cleanup product: Cleaned 0 products
[2025-03-07T10:10:01.272Z] [info]: Cleanup key token: 0 key token cleaned
[2025-03-07T10:10:01.273Z] [info]: Cleanup key token: 0 refresh token used cleaned
[2025-03-07T10:10:01.557Z] [info]: Cleanup product: Cleaned 0 products
[2025-03-07T10:11:01.600Z] [info]: Cleanup key token: 0 key token cleaned
[2025-03-07T10:11:01.600Z] [info]: Cleanup key token: 0 refresh token used cleaned
[2025-03-07T10:11:01.871Z] [info]: Cleanup product: Cleaned 0 products
[2025-03-07T10:12:01.632Z] [info]: Cleanup key token: 0 key token cleaned
[2025-03-07T10:12:01.632Z] [info]: Cleanup key token: 0 refresh token used cleaned
[2025-03-07T10:12:01.928Z] [info]: Cleanup product: Cleaned 0 products
[2025-03-07T10:13:00.106Z] [info]: Cleanup key token: 0 key token cleaned
[2025-03-07T10:13:00.106Z] [info]: Cleanup key token: 0 refresh token used cleaned
[2025-03-07T10:13:00.395Z] [info]: Cleanup product: Cleaned 0 products
[2025-03-07T10:14:00.104Z] [info]: Cleanup key token: 0 key token cleaned
[2025-03-07T10:14:00.104Z] [info]: Cleanup key token: 0 refresh token used cleaned
[2025-03-07T10:14:00.355Z] [info]: Cleanup product: Cleaned 0 products
[2025-03-07T10:15:00.103Z] [info]: Cleanup key token: 0 key token cleaned
[2025-03-07T10:15:00.103Z] [info]: Cleanup key token: 0 refresh token used cleaned
[2025-03-07T10:15:00.371Z] [info]: Cleanup product: Cleaned 0 products
[2025-03-07T11:50:01.341Z] [info]: Cleanup key token: 0 key token cleaned
[2025-03-07T11:50:01.341Z] [info]: Cleanup key token: 0 refresh token used cleaned
[2025-03-07T11:50:04.753Z] [info]: Cleanup product: Cleaned 0 products
[2025-03-07T11:51:01.669Z] [info]: Cleanup key token: 0 key token cleaned
[2025-03-07T11:51:01.670Z] [info]: Cleanup key token: 0 refresh token used cleaned
[2025-03-07T11:51:04.631Z] [info]: Cleanup product: Cleaned 0 products
[2025-03-07T11:52:02.045Z] [info]: Cleanup key token: 0 key token cleaned
[2025-03-07T11:52:02.046Z] [info]: Cleanup key token: 0 refresh token used cleaned
[2025-03-07T11:52:04.145Z] [info]: Cleanup product: Cleaned 0 products
[2025-03-07T11:53:00.985Z] [info]: Cleanup key token: 0 key token cleaned
[2025-03-07T11:53:00.986Z] [info]: Cleanup key token: 0 refresh token used cleaned
[2025-03-07T11:53:01.417Z] [info]: Cleanup product: Cleaned 0 products
[2025-03-07T12:15:52.815Z] [info]: Cleanup key token: 0 key token cleaned
[2025-03-07T12:15:52.816Z] [info]: Cleanup key token: 0 refresh token used cleaned
[2025-03-07T12:15:53.184Z] [info]: Cleanup product: Cleaned 0 products
[2025-03-07T12:16:00.139Z] [info]: Cleanup key token: 0 key token cleaned
[2025-03-07T12:16:00.140Z] [info]: Cleanup key token: 0 refresh token used cleaned
[2025-03-07T12:16:00.455Z] [info]: Cleanup product: Cleaned 0 products
[2025-03-07T12:17:01.546Z] [info]: Cleanup key token: 0 key token cleaned
[2025-03-07T12:17:01.547Z] [info]: Cleanup key token: 0 refresh token used cleaned
[2025-03-07T12:17:01.865Z] [info]: Cleanup product: Cleaned 0 products
[2025-03-07T12:30:01.354Z] [info]: Cleanup key token: 0 key token cleaned
[2025-03-07T12:30:01.354Z] [info]: Cleanup key token: 0 refresh token used cleaned
[2025-03-07T12:30:01.766Z] [info]: Cleanup product: Cleaned 0 products
[2025-03-07T12:31:02.981Z] [info]: Cleanup key token: 0 key token cleaned
[2025-03-07T12:31:02.982Z] [info]: Cleanup key token: 0 refresh token used cleaned
[2025-03-07T12:32:02.095Z] [info]: Cleanup key token: 0 key token cleaned
[2025-03-07T12:32:02.095Z] [info]: Cleanup key token: 0 refresh token used cleaned
[2025-03-07T12:32:03.027Z] [info]: Cleanup product: Cleaned 0 products
[2025-03-07T12:33:02.284Z] [info]: Cleanup key token: 0 key token cleaned
[2025-03-07T12:33:02.284Z] [info]: Cleanup key token: 0 refresh token used cleaned
[2025-03-07T12:33:03.050Z] [info]: Cleanup product: Cleaned 0 products
[2025-03-07T12:34:02.325Z] [info]: Cleanup key token: 0 key token cleaned
[2025-03-07T12:34:02.326Z] [info]: Cleanup key token: 0 refresh token used cleaned
[2025-03-07T12:34:02.808Z] [info]: Cleanup product: Cleaned 0 products
[2025-03-07T12:35:01.101Z] [info]: Cleanup key token: 0 key token cleaned
[2025-03-07T12:35:01.102Z] [info]: Cleanup key token: 0 refresh token used cleaned
[2025-03-07T12:35:01.465Z] [info]: Cleanup product: Cleaned 0 products
[2025-03-07T12:36:03.917Z] [info]: Cleanup key token: 0 key token cleaned
[2025-03-07T12:36:03.917Z] [info]: Cleanup key token: 0 refresh token used cleaned
[2025-03-07T12:36:04.349Z] [info]: Cleanup product: Cleaned 0 products
[2025-03-07T12:37:02.659Z] [info]: Cleanup key token: 0 key token cleaned
[2025-03-07T12:37:02.659Z] [info]: Cleanup key token: 0 refresh token used cleaned
[2025-03-07T12:37:03.228Z] [info]: Cleanup product: Cleaned 0 products
[2025-03-07T12:38:02.990Z] [info]: Cleanup key token: 0 key token cleaned
[2025-03-07T12:38:02.990Z] [info]: Cleanup key token: 0 refresh token used cleaned
[2025-03-07T12:38:04.594Z] [info]: Cleanup product: Cleaned 0 products
[2025-03-07T12:39:01.475Z] [info]: Cleanup key token: 0 key token cleaned
[2025-03-07T12:39:01.476Z] [info]: Cleanup key token: 0 refresh token used cleaned
[2025-03-07T12:39:01.915Z] [info]: Cleanup product: Cleaned 0 products
[2025-03-07T12:40:00.933Z] [info]: Cleanup key token: 0 key token cleaned
[2025-03-07T12:40:00.933Z] [info]: Cleanup key token: 0 refresh token used cleaned
[2025-03-07T12:40:01.422Z] [info]: Cleanup product: Cleaned 0 products
[2025-03-07T12:41:00.971Z] [info]: Cleanup key token: 0 key token cleaned
[2025-03-07T12:41:00.971Z] [info]: Cleanup key token: 0 refresh token used cleaned
[2025-03-07T12:41:01.721Z] [info]: Cleanup product: Cleaned 0 products
[2025-03-07T12:42:01.916Z] [info]: Cleanup key token: 0 key token cleaned
[2025-03-07T12:42:01.917Z] [info]: Cleanup key token: 0 refresh token used cleaned
[2025-03-07T12:42:03.183Z] [info]: Cleanup product: Cleaned 0 products
[2025-03-07T12:43:02.139Z] [info]: Cleanup key token: 0 key token cleaned
[2025-03-07T12:43:02.139Z] [info]: Cleanup key token: 0 refresh token used cleaned
[2025-03-07T12:43:03.371Z] [info]: Cleanup product: Cleaned 0 products
[2025-03-07T12:44:02.012Z] [info]: Cleanup key token: 0 key token cleaned
[2025-03-07T12:44:02.012Z] [info]: Cleanup key token: 0 refresh token used cleaned
[2025-03-07T12:44:02.513Z] [info]: Cleanup product: Cleaned 0 products
[2025-03-07T12:45:01.193Z] [info]: Cleanup key token: 0 key token cleaned
[2025-03-07T12:45:01.194Z] [info]: Cleanup key token: 0 refresh token used cleaned
[2025-03-07T12:45:01.723Z] [info]: Cleanup product: Cleaned 0 products
[2025-03-07T12:46:02.083Z] [info]: Cleanup key token: 0 key token cleaned
[2025-03-07T12:46:02.084Z] [info]: Cleanup key token: 0 refresh token used cleaned
[2025-03-07T12:46:02.442Z] [info]: Cleanup product: Cleaned 0 products
[2025-03-07T12:47:02.347Z] [info]: Cleanup key token: 0 key token cleaned
[2025-03-07T12:47:02.347Z] [info]: Cleanup key token: 0 refresh token used cleaned
[2025-03-07T12:47:02.682Z] [info]: Cleanup product: Cleaned 0 products
[2025-03-07T12:48:02.186Z] [info]: Cleanup key token: 0 key token cleaned
[2025-03-07T12:48:02.186Z] [info]: Cleanup key token: 0 refresh token used cleaned
[2025-03-07T12:48:02.475Z] [info]: Cleanup product: Cleaned 0 products
[2025-03-07T12:49:02.498Z] [info]: Cleanup key token: 0 key token cleaned
[2025-03-07T12:49:02.498Z] [info]: Cleanup key token: 0 refresh token used cleaned
[2025-03-07T12:49:05.138Z] [info]: Cleanup product: Cleaned 0 products
[2025-03-07T12:50:02.349Z] [info]: Cleanup key token: 0 key token cleaned
[2025-03-07T12:50:02.350Z] [info]: Cleanup key token: 0 refresh token used cleaned
[2025-03-07T12:50:03.201Z] [info]: Cleanup product: Cleaned 0 products
[2025-03-07T12:51:01.162Z] [info]: Cleanup key token: 0 key token cleaned
[2025-03-07T12:51:01.162Z] [info]: Cleanup key token: 0 refresh token used cleaned
[2025-03-07T12:51:01.570Z] [info]: Cleanup product: Cleaned 0 products
[2025-03-07T12:52:02.630Z] [info]: Cleanup key token: 0 key token cleaned
[2025-03-07T12:52:02.631Z] [info]: Cleanup key token: 0 refresh token used cleaned
[2025-03-07T12:52:06.328Z] [info]: Cleanup product: Cleaned 0 products
[2025-03-07T12:53:02.052Z] [info]: Cleanup key token: 0 key token cleaned
[2025-03-07T12:53:02.052Z] [info]: Cleanup key token: 0 refresh token used cleaned
[2025-03-07T12:53:02.501Z] [info]: Cleanup product: Cleaned 0 products
[2025-03-07T12:54:01.246Z] [info]: Cleanup key token: 0 key token cleaned
[2025-03-07T12:54:01.247Z] [info]: Cleanup key token: 0 refresh token used cleaned
[2025-03-07T12:54:02.172Z] [info]: Cleanup product: Cleaned 0 products
[2025-03-07T12:55:02.252Z] [info]: Cleanup key token: 0 key token cleaned
[2025-03-07T12:55:02.252Z] [info]: Cleanup key token: 0 refresh token used cleaned
[2025-03-07T12:55:02.576Z] [info]: Cleanup product: Cleaned 0 products
[2025-03-07T12:56:02.279Z] [info]: Cleanup key token: 0 key token cleaned
[2025-03-07T12:56:02.280Z] [info]: Cleanup key token: 0 refresh token used cleaned
[2025-03-07T12:56:02.591Z] [info]: Cleanup product: Cleaned 0 products
[2025-03-07T12:57:02.090Z] [info]: Cleanup key token: 0 key token cleaned
[2025-03-07T12:57:02.091Z] [info]: Cleanup key token: 0 refresh token used cleaned
[2025-03-07T12:57:02.502Z] [info]: Cleanup product: Cleaned 0 products
[2025-03-07T12:58:02.201Z] [info]: Cleanup key token: 0 key token cleaned
[2025-03-07T12:58:02.201Z] [info]: Cleanup key token: 0 refresh token used cleaned
[2025-03-07T12:58:03.293Z] [info]: Cleanup product: Cleaned 0 products
[2025-03-07T12:59:02.159Z] [info]: Cleanup key token: 0 key token cleaned
[2025-03-07T12:59:02.159Z] [info]: Cleanup key token: 0 refresh token used cleaned
[2025-03-07T12:59:02.707Z] [info]: Cleanup product: Cleaned 0 products
[2025-03-07T13:00:02.360Z] [info]: Cleanup key token: 0 key token cleaned
[2025-03-07T13:00:02.361Z] [info]: Cleanup key token: 0 refresh token used cleaned
[2025-03-07T13:00:02.874Z] [info]: Cleanup product: Cleaned 0 products
[2025-03-07T13:01:02.305Z] [info]: Cleanup key token: 0 key token cleaned
[2025-03-07T13:01:02.305Z] [info]: Cleanup key token: 0 refresh token used cleaned
[2025-03-07T13:01:02.695Z] [info]: Cleanup product: Cleaned 0 products
[2025-03-07T13:02:02.337Z] [info]: Cleanup key token: 0 key token cleaned
[2025-03-07T13:02:02.338Z] [info]: Cleanup key token: 0 refresh token used cleaned
[2025-03-07T13:02:02.802Z] [info]: Cleanup product: Cleaned 0 products
[2025-03-07T13:03:01.109Z] [info]: Cleanup key token: 0 key token cleaned
[2025-03-07T13:03:01.110Z] [info]: Cleanup key token: 0 refresh token used cleaned
[2025-03-07T13:03:02.980Z] [info]: Cleanup product: Cleaned 0 products
[2025-03-07T13:04:01.226Z] [info]: Cleanup key token: 0 key token cleaned
[2025-03-07T13:04:01.227Z] [info]: Cleanup key token: 0 refresh token used cleaned
[2025-03-07T13:04:01.672Z] [info]: Cleanup product: Cleaned 0 products
[2025-03-07T13:05:03.357Z] [info]: Cleanup key token: 0 key token cleaned
[2025-03-07T13:05:03.357Z] [info]: Cleanup key token: 0 refresh token used cleaned
[2025-03-07T13:05:03.740Z] [info]: Cleanup product: Cleaned 0 products
[2025-03-07T13:06:02.199Z] [info]: Cleanup key token: 0 key token cleaned
[2025-03-07T13:06:02.199Z] [info]: Cleanup key token: 0 refresh token used cleaned
[2025-03-07T13:06:02.700Z] [info]: Cleanup product: Cleaned 0 products
[2025-03-07T13:07:02.395Z] [info]: Cleanup key token: 0 key token cleaned
[2025-03-07T13:07:02.396Z] [info]: Cleanup key token: 0 refresh token used cleaned
[2025-03-07T13:07:02.772Z] [info]: Cleanup product: Cleaned 0 products
[2025-03-07T13:08:00.926Z] [info]: Cleanup key token: 0 key token cleaned
[2025-03-07T13:08:00.927Z] [info]: Cleanup key token: 0 refresh token used cleaned
[2025-03-07T13:08:01.330Z] [info]: Cleanup product: Cleaned 0 products
[2025-03-07T13:09:02.303Z] [info]: Cleanup key token: 0 key token cleaned
[2025-03-07T13:09:02.304Z] [info]: Cleanup key token: 0 refresh token used cleaned
[2025-03-07T13:09:02.676Z] [info]: Cleanup product: Cleaned 0 products
[2025-03-07T13:10:02.343Z] [info]: Cleanup key token: 0 key token cleaned
[2025-03-07T13:10:02.344Z] [info]: Cleanup key token: 0 refresh token used cleaned
[2025-03-07T13:10:02.771Z] [info]: Cleanup product: Cleaned 0 products
[2025-03-07T13:11:02.258Z] [info]: Cleanup key token: 0 key token cleaned
[2025-03-07T13:11:02.258Z] [info]: Cleanup key token: 0 refresh token used cleaned
[2025-03-07T13:11:02.659Z] [info]: Cleanup product: Cleaned 0 products
[2025-03-07T13:12:01.232Z] [info]: Cleanup key token: 0 key token cleaned
[2025-03-07T13:12:01.232Z] [info]: Cleanup key token: 0 refresh token used cleaned
[2025-03-07T13:12:01.604Z] [info]: Cleanup product: Cleaned 0 products
[2025-03-07T13:13:03.742Z] [info]: Cleanup key token: 0 key token cleaned
[2025-03-07T13:13:03.742Z] [info]: Cleanup key token: 0 refresh token used cleaned
[2025-03-07T13:13:04.752Z] [info]: Cleanup product: Cleaned 0 products
[2025-03-07T13:14:02.617Z] [info]: Cleanup key token: 0 key token cleaned
[2025-03-07T13:14:02.617Z] [info]: Cleanup key token: 0 refresh token used cleaned
[2025-03-07T13:14:03.188Z] [info]: Cleanup product: Cleaned 0 products
[2025-03-07T13:15:01.447Z] [info]: Cleanup key token: 0 key token cleaned
[2025-03-07T13:15:01.448Z] [info]: Cleanup key token: 0 refresh token used cleaned
[2025-03-07T13:15:01.993Z] [info]: Cleanup product: Cleaned 0 products
[2025-03-07T13:16:02.618Z] [info]: Cleanup key token: 0 key token cleaned
[2025-03-07T13:16:02.618Z] [info]: Cleanup key token: 0 refresh token used cleaned
[2025-03-07T13:16:03.143Z] [info]: Cleanup product: Cleaned 0 products
[2025-03-07T13:17:02.814Z] [info]: Cleanup key token: 0 key token cleaned
[2025-03-07T13:17:02.814Z] [info]: Cleanup key token: 0 refresh token used cleaned
[2025-03-07T13:17:03.252Z] [info]: Cleanup product: Cleaned 0 products
[2025-03-07T13:18:03.154Z] [info]: Cleanup key token: 0 key token cleaned
[2025-03-07T13:18:03.155Z] [info]: Cleanup key token: 0 refresh token used cleaned
[2025-03-07T13:18:05.752Z] [info]: Cleanup product: Cleaned 0 products
[2025-03-07T13:19:01.397Z] [info]: Cleanup key token: 0 key token cleaned
[2025-03-07T13:19:01.397Z] [info]: Cleanup key token: 0 refresh token used cleaned
[2025-03-07T13:19:02.314Z] [info]: Cleanup product: Cleaned 0 products
[2025-03-07T13:20:03.714Z] [info]: Cleanup key token: 0 key token cleaned
[2025-03-07T13:20:03.714Z] [info]: Cleanup key token: 0 refresh token used cleaned
[2025-03-07T13:20:04.468Z] [info]: Cleanup product: Cleaned 0 products
[2025-03-07T13:21:03.675Z] [info]: Cleanup key token: 0 key token cleaned
[2025-03-07T13:21:03.676Z] [info]: Cleanup key token: 0 refresh token used cleaned
[2025-03-07T13:21:04.128Z] [info]: Cleanup product: Cleaned 0 products
[2025-03-07T13:22:01.139Z] [info]: Cleanup key token: 0 key token cleaned
[2025-03-07T13:22:01.139Z] [info]: Cleanup key token: 0 refresh token used cleaned
[2025-03-07T13:22:01.571Z] [info]: Cleanup product: Cleaned 0 products
[2025-03-07T13:23:01.779Z] [info]: Cleanup key token: 0 key token cleaned
[2025-03-07T13:23:01.779Z] [info]: Cleanup key token: 0 refresh token used cleaned
[2025-03-07T13:23:02.132Z] [info]: Cleanup product: Cleaned 0 products
[2025-03-07T13:24:00.989Z] [info]: Cleanup key token: 0 key token cleaned
[2025-03-07T13:24:00.989Z] [info]: Cleanup key token: 0 refresh token used cleaned
[2025-03-07T13:24:01.936Z] [info]: Cleanup product: Cleaned 0 products
[2025-03-07T13:25:03.550Z] [info]: Cleanup key token: 0 key token cleaned
[2025-03-07T13:25:03.550Z] [info]: Cleanup key token: 0 refresh token used cleaned
[2025-03-07T13:25:05.779Z] [info]: Cleanup product: Cleaned 0 products
[2025-03-07T13:26:02.147Z] [info]: Cleanup key token: 0 key token cleaned
[2025-03-07T13:26:02.147Z] [info]: Cleanup key token: 0 refresh token used cleaned
[2025-03-07T13:26:02.705Z] [info]: Cleanup product: Cleaned 0 products
[2025-03-07T13:27:02.059Z] [info]: Cleanup key token: 0 key token cleaned
[2025-03-07T13:27:02.059Z] [info]: Cleanup key token: 0 refresh token used cleaned
[2025-03-07T13:27:02.652Z] [info]: Cleanup product: Cleaned 0 products
[2025-03-07T13:28:01.439Z] [info]: Cleanup key token: 0 key token cleaned
[2025-03-07T13:28:01.439Z] [info]: Cleanup key token: 0 refresh token used cleaned
[2025-03-07T13:28:03.797Z] [info]: Cleanup product: Cleaned 0 products
[2025-03-07T13:29:02.236Z] [info]: Cleanup key token: 0 key token cleaned
[2025-03-07T13:29:02.237Z] [info]: Cleanup key token: 0 refresh token used cleaned
[2025-03-07T13:29:02.950Z] [info]: Cleanup product: Cleaned 0 products
[2025-03-07T13:30:02.924Z] [info]: Cleanup key token: 0 key token cleaned
[2025-03-07T13:30:02.925Z] [info]: Cleanup key token: 0 refresh token used cleaned
[2025-03-07T13:30:03.414Z] [info]: Cleanup product: Cleaned 0 products
[2025-03-07T13:31:01.766Z] [info]: Cleanup key token: 0 key token cleaned
[2025-03-07T13:31:01.766Z] [info]: Cleanup key token: 0 refresh token used cleaned
[2025-03-07T13:31:02.424Z] [info]: Cleanup product: Cleaned 0 products
[2025-03-07T13:32:05.009Z] [info]: Cleanup key token: 0 key token cleaned
[2025-03-07T13:32:05.009Z] [info]: Cleanup key token: 0 refresh token used cleaned
[2025-03-07T13:32:07.016Z] [info]: Cleanup product: Cleaned 0 products
[2025-03-07T13:33:01.661Z] [info]: Cleanup key token: 0 key token cleaned
[2025-03-07T13:33:01.661Z] [info]: Cleanup key token: 0 refresh token used cleaned
[2025-03-07T13:33:02.095Z] [info]: Cleanup product: Cleaned 0 products
[2025-03-07T13:34:01.742Z] [info]: Cleanup key token: 0 key token cleaned
[2025-03-07T13:34:01.742Z] [info]: Cleanup key token: 0 refresh token used cleaned
[2025-03-07T13:34:02.851Z] [info]: Cleanup product: Cleaned 0 products
[2025-03-07T13:35:01.708Z] [info]: Cleanup key token: 0 key token cleaned
[2025-03-07T13:35:01.709Z] [info]: Cleanup key token: 0 refresh token used cleaned
[2025-03-07T13:35:03.669Z] [info]: Cleanup product: Cleaned 0 products
[2025-03-07T13:36:02.087Z] [info]: Cleanup key token: 0 key token cleaned
[2025-03-07T13:36:02.088Z] [info]: Cleanup key token: 0 refresh token used cleaned
[2025-03-07T13:36:02.627Z] [info]: Cleanup product: Cleaned 0 products
[2025-03-07T13:37:01.179Z] [info]: Cleanup key token: 0 key token cleaned
[2025-03-07T13:37:01.179Z] [info]: Cleanup key token: 0 refresh token used cleaned
[2025-03-07T13:37:01.667Z] [info]: Cleanup product: Cleaned 0 products
[2025-03-07T13:38:02.100Z] [info]: Cleanup key token: 0 key token cleaned
[2025-03-07T13:38:02.101Z] [info]: Cleanup key token: 0 refresh token used cleaned
[2025-03-07T13:38:03.781Z] [info]: Cleanup product: Cleaned 0 products
[2025-03-07T13:39:02.511Z] [info]: Cleanup key token: 0 key token cleaned
[2025-03-07T13:39:02.511Z] [info]: Cleanup key token: 0 refresh token used cleaned
[2025-03-07T13:39:06.389Z] [info]: Cleanup product: Cleaned 0 products
[2025-03-07T13:40:01.963Z] [info]: Cleanup key token: 0 key token cleaned
[2025-03-07T13:40:01.963Z] [info]: Cleanup key token: 0 refresh token used cleaned
[2025-03-07T13:40:02.755Z] [info]: Cleanup product: Cleaned 0 products
[2025-03-07T13:41:02.278Z] [info]: Cleanup key token: 0 key token cleaned
[2025-03-07T13:41:02.278Z] [info]: Cleanup key token: 0 refresh token used cleaned
[2025-03-07T13:41:03.104Z] [info]: Cleanup product: Cleaned 0 products
[2025-03-07T13:42:01.254Z] [info]: Cleanup key token: 0 key token cleaned
[2025-03-07T13:42:01.254Z] [info]: Cleanup key token: 0 refresh token used cleaned
[2025-03-07T13:42:01.781Z] [info]: Cleanup product: Cleaned 0 products
[2025-03-07T13:43:02.671Z] [info]: Cleanup key token: 0 key token cleaned
[2025-03-07T13:43:02.672Z] [info]: Cleanup key token: 0 refresh token used cleaned
[2025-03-07T13:43:03.809Z] [info]: Cleanup product: Cleaned 0 products
[2025-03-07T13:44:02.162Z] [info]: Cleanup key token: 0 key token cleaned
[2025-03-07T13:44:02.162Z] [info]: Cleanup key token: 0 refresh token used cleaned
[2025-03-07T13:44:03.055Z] [info]: Cleanup product: Cleaned 0 products
[2025-03-07T13:45:02.403Z] [info]: Cleanup key token: 0 key token cleaned
[2025-03-07T13:45:02.404Z] [info]: Cleanup key token: 0 refresh token used cleaned
[2025-03-07T13:45:02.973Z] [info]: Cleanup product: Cleaned 0 products
[2025-03-07T13:46:02.338Z] [info]: Cleanup key token: 0 key token cleaned
[2025-03-07T13:46:02.338Z] [info]: Cleanup key token: 0 refresh token used cleaned
[2025-03-07T13:46:02.754Z] [info]: Cleanup product: Cleaned 0 products
[2025-03-07T13:47:01.214Z] [info]: Cleanup key token: 0 key token cleaned
[2025-03-07T13:47:01.214Z] [info]: Cleanup key token: 0 refresh token used cleaned
[2025-03-07T13:47:01.599Z] [info]: Cleanup product: Cleaned 0 products
[2025-03-07T13:48:02.361Z] [info]: Cleanup key token: 0 key token cleaned
[2025-03-07T13:48:02.362Z] [info]: Cleanup key token: 0 refresh token used cleaned
[2025-03-07T13:48:04.750Z] [info]: Cleanup product: Cleaned 0 products
[2025-03-07T13:49:06.080Z] [info]: Cleanup key token: 0 key token cleaned
[2025-03-07T13:49:06.080Z] [info]: Cleanup key token: 0 refresh token used cleaned
[2025-03-07T13:49:07.314Z] [info]: Cleanup product: Cleaned 0 products
[2025-03-07T13:50:03.661Z] [info]: Cleanup key token: 0 key token cleaned
[2025-03-07T13:50:03.661Z] [info]: Cleanup key token: 0 refresh token used cleaned
[2025-03-07T13:50:04.302Z] [info]: Cleanup product: Cleaned 0 products
[2025-03-07T13:51:01.374Z] [info]: Cleanup key token: 0 key token cleaned
[2025-03-07T13:51:01.374Z] [info]: Cleanup key token: 0 refresh token used cleaned
[2025-03-07T13:51:02.189Z] [info]: Cleanup product: Cleaned 0 products
[2025-03-07T13:52:02.569Z] [info]: Cleanup key token: 0 key token cleaned
[2025-03-07T13:52:02.570Z] [info]: Cleanup key token: 0 refresh token used cleaned
[2025-03-07T13:52:03.312Z] [info]: Cleanup product: Cleaned 0 products
[2025-03-07T13:53:01.988Z] [info]: Cleanup key token: 0 key token cleaned
[2025-03-07T13:53:01.988Z] [info]: Cleanup key token: 0 refresh token used cleaned
[2025-03-07T13:53:04.130Z] [info]: Cleanup product: Cleaned 0 products
[2025-03-07T13:54:01.001Z] [info]: Cleanup key token: 0 key token cleaned
[2025-03-07T13:54:01.002Z] [info]: Cleanup key token: 0 refresh token used cleaned
[2025-03-07T13:54:01.635Z] [info]: Cleanup product: Cleaned 0 products
[2025-03-07T13:55:03.685Z] [info]: Cleanup key token: 0 key token cleaned
[2025-03-07T13:55:03.686Z] [info]: Cleanup key token: 0 refresh token used cleaned
[2025-03-07T13:55:05.675Z] [info]: Cleanup product: Cleaned 0 products
[2025-03-07T13:56:02.112Z] [info]: Cleanup key token: 0 key token cleaned
[2025-03-07T13:56:02.112Z] [info]: Cleanup key token: 0 refresh token used cleaned
[2025-03-07T13:56:07.264Z] [info]: Cleanup product: Cleaned 0 products
[2025-03-07T13:57:01.099Z] [info]: Cleanup key token: 0 key token cleaned
[2025-03-07T13:57:01.100Z] [info]: Cleanup key token: 0 refresh token used cleaned
[2025-03-07T13:57:02.279Z] [info]: Cleanup product: Cleaned 0 products
[2025-03-07T14:16:00.182Z] [info]: Cleanup key token: 0 key token cleaned
[2025-03-07T14:16:00.184Z] [info]: Cleanup key token: 0 refresh token used cleaned
[2025-03-07T14:16:00.605Z] [info]: Cleanup product: Cleaned 0 products
[2025-03-07T14:17:00.231Z] [info]: Cleanup key token: 0 key token cleaned
[2025-03-07T14:17:00.232Z] [info]: Cleanup key token: 0 refresh token used cleaned
[2025-03-07T14:17:00.884Z] [info]: Cleanup product: Cleaned 0 products
[2025-03-07T14:18:00.279Z] [info]: Cleanup key token: 0 key token cleaned
[2025-03-07T14:18:00.280Z] [info]: Cleanup key token: 0 refresh token used cleaned
[2025-03-07T14:18:00.749Z] [info]: Cleanup product: Cleaned 0 products
[2025-03-07T14:19:01.829Z] [info]: Cleanup key token: 0 key token cleaned
[2025-03-07T14:19:01.829Z] [info]: Cleanup key token: 0 refresh token used cleaned
[2025-03-07T14:19:02.345Z] [info]: Cleanup product: Cleaned 0 products
[2025-03-07T14:20:01.804Z] [info]: Cleanup key token: 0 key token cleaned
[2025-03-07T14:20:01.804Z] [info]: Cleanup key token: 0 refresh token used cleaned
[2025-03-07T14:20:02.067Z] [info]: Cleanup product: Cleaned 0 products
[2025-03-07T14:21:00.709Z] [info]: Cleanup key token: 0 key token cleaned
[2025-03-07T14:21:00.710Z] [info]: Cleanup key token: 0 refresh token used cleaned
[2025-03-07T14:21:02.046Z] [info]: Cleanup product: Cleaned 0 products
[2025-03-07T14:22:02.193Z] [info]: Cleanup key token: 0 key token cleaned
[2025-03-07T14:22:02.194Z] [info]: Cleanup key token: 0 refresh token used cleaned
[2025-03-07T14:22:02.558Z] [info]: Cleanup product: Cleaned 0 products
[2025-03-07T14:23:00.171Z] [info]: Cleanup key token: 0 key token cleaned
[2025-03-07T14:23:00.171Z] [info]: Cleanup key token: 0 refresh token used cleaned
[2025-03-07T14:23:00.539Z] [info]: Cleanup product: Cleaned 0 products
[2025-03-07T14:24:00.206Z] [info]: Cleanup key token: 0 key token cleaned
[2025-03-07T14:24:00.207Z] [info]: Cleanup key token: 0 refresh token used cleaned
[2025-03-07T14:24:00.476Z] [info]: Cleanup product: Cleaned 0 products
[2025-03-07T14:25:00.759Z] [info]: Cleanup key token: 0 key token cleaned
[2025-03-07T14:25:00.759Z] [info]: Cleanup key token: 0 refresh token used cleaned
[2025-03-07T14:25:01.456Z] [info]: Cleanup product: Cleaned 0 products
[2025-03-07T14:26:01.197Z] [info]: Cleanup key token: 0 key token cleaned
[2025-03-07T14:26:01.197Z] [info]: Cleanup key token: 0 refresh token used cleaned
[2025-03-07T14:26:01.683Z] [info]: Cleanup product: Cleaned 0 products
[2025-03-07T14:27:01.071Z] [info]: Cleanup key token: 0 key token cleaned
[2025-03-07T14:27:01.071Z] [info]: Cleanup key token: 0 refresh token used cleaned
[2025-03-07T14:27:01.306Z] [info]: Cleanup product: Cleaned 0 products
[2025-03-07T14:28:01.064Z] [info]: Cleanup key token: 0 key token cleaned
[2025-03-07T14:28:01.065Z] [info]: Cleanup key token: 0 refresh token used cleaned
[2025-03-07T14:28:01.417Z] [info]: Cleanup product: Cleaned 0 products
[2025-03-07T14:29:02.484Z] [info]: Cleanup key token: 0 key token cleaned
[2025-03-07T14:29:02.484Z] [info]: Cleanup key token: 0 refresh token used cleaned
[2025-03-07T14:29:03.229Z] [info]: Cleanup product: Cleaned 0 products
[2025-03-07T14:30:02.309Z] [info]: Cleanup key token: 0 key token cleaned
[2025-03-07T14:30:02.309Z] [info]: Cleanup key token: 0 refresh token used cleaned
[2025-03-07T14:30:02.670Z] [info]: Cleanup product: Cleaned 0 products
[2025-03-07T14:31:00.173Z] [info]: Cleanup key token: 0 key token cleaned
[2025-03-07T14:31:00.174Z] [info]: Cleanup key token: 0 refresh token used cleaned
[2025-03-07T14:31:00.440Z] [info]: Cleanup product: Cleaned 0 products
[2025-03-07T14:32:01.810Z] [info]: Cleanup key token: 0 key token cleaned
[2025-03-07T14:32:01.810Z] [info]: Cleanup key token: 0 refresh token used cleaned
[2025-03-07T14:32:02.282Z] [info]: Cleanup product: Cleaned 0 products
[2025-03-07T14:33:03.200Z] [info]: Cleanup key token: 0 key token cleaned
[2025-03-07T14:33:03.201Z] [info]: Cleanup key token: 0 refresh token used cleaned
[2025-03-07T14:33:03.869Z] [info]: Cleanup product: Cleaned 0 products
[2025-03-07T14:34:01.436Z] [info]: Cleanup key token: 0 key token cleaned
[2025-03-07T14:34:01.436Z] [info]: Cleanup key token: 0 refresh token used cleaned
[2025-03-07T14:34:01.694Z] [info]: Cleanup product: Cleaned 0 products
[2025-03-07T14:35:00.165Z] [info]: Cleanup key token: 0 key token cleaned
[2025-03-07T14:35:00.165Z] [info]: Cleanup key token: 0 refresh token used cleaned
[2025-03-07T14:35:00.586Z] [info]: Cleanup product: Cleaned 0 products
[2025-03-07T14:36:01.115Z] [info]: Cleanup key token: 0 key token cleaned
[2025-03-07T14:36:01.116Z] [info]: Cleanup key token: 0 refresh token used cleaned
[2025-03-07T14:36:01.470Z] [info]: Cleanup product: Cleaned 0 products
[2025-03-07T14:37:00.384Z] [info]: Cleanup key token: 0 key token cleaned
[2025-03-07T14:37:00.384Z] [info]: Cleanup key token: 0 refresh token used cleaned
[2025-03-07T14:37:01.241Z] [info]: Cleanup product: Cleaned 0 products
[2025-03-07T14:38:02.532Z] [info]: Cleanup key token: 0 key token cleaned
[2025-03-07T14:38:02.533Z] [info]: Cleanup key token: 0 refresh token used cleaned
[2025-03-07T14:38:02.987Z] [info]: Cleanup product: Cleaned 0 products
[2025-03-07T14:39:02.450Z] [info]: Cleanup key token: 0 key token cleaned
[2025-03-07T14:39:02.451Z] [info]: Cleanup key token: 0 refresh token used cleaned
[2025-03-07T14:39:02.764Z] [info]: Cleanup product: Cleaned 0 products
[2025-03-07T14:40:01.928Z] [info]: Cleanup key token: 0 key token cleaned
[2025-03-07T14:40:01.928Z] [info]: Cleanup key token: 0 refresh token used cleaned
[2025-03-07T14:40:02.383Z] [info]: Cleanup product: Cleaned 0 products
[2025-03-07T14:41:02.474Z] [info]: Cleanup key token: 0 key token cleaned
[2025-03-07T14:41:02.475Z] [info]: Cleanup key token: 0 refresh token used cleaned
[2025-03-07T14:41:02.955Z] [info]: Cleanup product: Cleaned 0 products
[2025-03-07T14:42:02.387Z] [info]: Cleanup key token: 0 key token cleaned
[2025-03-07T14:42:02.388Z] [info]: Cleanup key token: 0 refresh token used cleaned
[2025-03-07T14:42:02.684Z] [info]: Cleanup product: Cleaned 0 products
[2025-03-07T14:43:02.631Z] [info]: Cleanup key token: 0 key token cleaned
[2025-03-07T14:43:02.631Z] [info]: Cleanup key token: 0 refresh token used cleaned
[2025-03-07T14:43:02.898Z] [info]: Cleanup product: Cleaned 0 products
[2025-03-07T14:44:02.757Z] [info]: Cleanup key token: 0 key token cleaned
[2025-03-07T14:44:02.758Z] [info]: Cleanup key token: 0 refresh token used cleaned
[2025-03-07T14:44:03.311Z] [info]: Cleanup product: Cleaned 0 products
[2025-03-07T14:45:01.555Z] [info]: Cleanup key token: 0 key token cleaned
[2025-03-07T14:45:01.556Z] [info]: Cleanup key token: 0 refresh token used cleaned
[2025-03-07T14:45:01.834Z] [info]: Cleanup product: Cleaned 0 products
[2025-03-07T14:46:03.067Z] [info]: Cleanup key token: 0 key token cleaned
[2025-03-07T14:46:03.068Z] [info]: Cleanup key token: 0 refresh token used cleaned
[2025-03-07T14:46:03.359Z] [info]: Cleanup product: Cleaned 0 products
[2025-03-07T14:47:03.025Z] [info]: Cleanup key token: 0 key token cleaned
[2025-03-07T14:47:03.026Z] [info]: Cleanup key token: 0 refresh token used cleaned
[2025-03-07T14:47:03.419Z] [info]: Cleanup product: Cleaned 0 products
[2025-03-07T14:48:02.927Z] [info]: Cleanup key token: 0 key token cleaned
[2025-03-07T14:48:02.928Z] [info]: Cleanup key token: 0 refresh token used cleaned
[2025-03-07T14:48:03.373Z] [info]: Cleanup product: Cleaned 0 products
[2025-03-07T14:49:01.836Z] [info]: Cleanup key token: 0 key token cleaned
[2025-03-07T14:49:01.836Z] [info]: Cleanup key token: 0 refresh token used cleaned
[2025-03-07T14:49:03.174Z] [info]: Cleanup product: Cleaned 0 products
[2025-03-07T14:50:03.039Z] [info]: Cleanup key token: 0 key token cleaned
[2025-03-07T14:50:03.039Z] [info]: Cleanup key token: 0 refresh token used cleaned
[2025-03-07T14:50:05.347Z] [info]: Cleanup product: Cleaned 0 products
[2025-03-07T14:51:03.401Z] [info]: Cleanup key token: 0 key token cleaned
[2025-03-07T14:51:03.402Z] [info]: Cleanup key token: 0 refresh token used cleaned
[2025-03-07T14:51:07.164Z] [info]: Cleanup product: Cleaned 0 products
[2025-03-07T14:52:03.033Z] [info]: Cleanup key token: 0 key token cleaned
[2025-03-07T14:52:03.033Z] [info]: Cleanup key token: 0 refresh token used cleaned
[2025-03-07T14:52:03.404Z] [info]: Cleanup product: Cleaned 0 products
[2025-03-07T14:53:01.909Z] [info]: Cleanup key token: 0 key token cleaned
[2025-03-07T14:53:01.909Z] [info]: Cleanup key token: 0 refresh token used cleaned
[2025-03-07T14:53:04.137Z] [info]: Cleanup product: Cleaned 0 products
[2025-03-07T14:54:00.188Z] [info]: Cleanup key token: 0 key token cleaned
[2025-03-07T14:54:00.189Z] [info]: Cleanup key token: 0 refresh token used cleaned
[2025-03-07T14:54:00.592Z] [info]: Cleanup product: Cleaned 0 products
[2025-03-07T14:55:01.522Z] [info]: Cleanup key token: 0 key token cleaned
[2025-03-07T14:55:01.522Z] [info]: Cleanup key token: 0 refresh token used cleaned
[2025-03-07T14:55:02.147Z] [info]: Cleanup product: Cleaned 0 products
[2025-03-07T14:56:03.023Z] [info]: Cleanup key token: 0 key token cleaned
[2025-03-07T14:56:03.023Z] [info]: Cleanup key token: 0 refresh token used cleaned
[2025-03-07T14:56:03.309Z] [info]: Cleanup product: Cleaned 0 products
[2025-03-07T14:57:03.935Z] [info]: Cleanup key token: 0 key token cleaned
[2025-03-07T14:57:03.936Z] [info]: Cleanup key token: 0 refresh token used cleaned
[2025-03-07T14:57:05.409Z] [info]: Cleanup product: Cleaned 0 products
[2025-03-07T14:58:01.572Z] [info]: Cleanup key token: 0 key token cleaned
[2025-03-07T14:58:01.572Z] [info]: Cleanup key token: 0 refresh token used cleaned
[2025-03-07T14:58:01.927Z] [info]: Cleanup product: Cleaned 0 products
[2025-03-07T14:59:02.934Z] [info]: Cleanup key token: 0 key token cleaned
[2025-03-07T14:59:02.935Z] [info]: Cleanup key token: 0 refresh token used cleaned
[2025-03-07T14:59:03.315Z] [info]: Cleanup product: Cleaned 0 products
[2025-03-07T15:00:03.025Z] [info]: Cleanup key token: 0 key token cleaned
[2025-03-07T15:00:03.026Z] [info]: Cleanup key token: 0 refresh token used cleaned
[2025-03-07T15:00:03.343Z] [info]: Cleanup product: Cleaned 0 products
[2025-03-07T15:01:02.992Z] [info]: Cleanup key token: 0 key token cleaned
[2025-03-07T15:01:02.993Z] [info]: Cleanup key token: 0 refresh token used cleaned
[2025-03-07T15:01:03.482Z] [info]: Cleanup product: Cleaned 0 products
[2025-03-07T15:02:01.527Z] [info]: Cleanup key token: 0 key token cleaned
[2025-03-07T15:02:01.528Z] [info]: Cleanup key token: 0 refresh token used cleaned
[2025-03-07T15:02:01.811Z] [info]: Cleanup product: Cleaned 0 products
[2025-03-07T15:03:02.980Z] [info]: Cleanup key token: 0 key token cleaned
[2025-03-07T15:03:02.980Z] [info]: Cleanup key token: 0 refresh token used cleaned
[2025-03-07T15:03:03.475Z] [info]: Cleanup product: Cleaned 0 products
[2025-03-07T15:04:02.967Z] [info]: Cleanup key token: 0 key token cleaned
[2025-03-07T15:04:02.967Z] [info]: Cleanup key token: 0 refresh token used cleaned
[2025-03-07T15:04:03.508Z] [info]: Cleanup product: Cleaned 0 products
[2025-03-07T15:05:03.011Z] [info]: Cleanup key token: 0 key token cleaned
[2025-03-07T15:05:03.012Z] [info]: Cleanup key token: 0 refresh token used cleaned
[2025-03-07T15:05:03.402Z] [info]: Cleanup product: Cleaned 0 products
[2025-03-07T15:06:01.548Z] [info]: Cleanup key token: 0 key token cleaned
[2025-03-07T15:06:01.549Z] [info]: Cleanup key token: 0 refresh token used cleaned
[2025-03-07T15:06:03.298Z] [info]: Cleanup product: Cleaned 0 products
[2025-03-07T15:07:02.904Z] [info]: Cleanup key token: 0 key token cleaned
[2025-03-07T15:07:02.905Z] [info]: Cleanup key token: 0 refresh token used cleaned
[2025-03-07T15:07:03.402Z] [info]: Cleanup product: Cleaned 0 products
[2025-03-07T15:08:02.862Z] [info]: Cleanup key token: 0 key token cleaned
[2025-03-07T15:08:02.862Z] [info]: Cleanup key token: 0 refresh token used cleaned
[2025-03-07T15:08:03.178Z] [info]: Cleanup product: Cleaned 0 products
[2025-03-07T15:09:02.883Z] [info]: Cleanup key token: 0 key token cleaned
[2025-03-07T15:09:02.883Z] [info]: Cleanup key token: 0 refresh token used cleaned
[2025-03-07T15:09:04.661Z] [info]: Cleanup product: Cleaned 0 products
[2025-03-07T15:10:02.865Z] [info]: Cleanup key token: 0 key token cleaned
[2025-03-07T15:10:02.865Z] [info]: Cleanup key token: 0 refresh token used cleaned
[2025-03-07T15:10:03.933Z] [info]: Cleanup product: Cleaned 0 products
[2025-03-07T15:11:01.615Z] [info]: Cleanup key token: 0 key token cleaned
[2025-03-07T15:11:01.616Z] [info]: Cleanup key token: 0 refresh token used cleaned
[2025-03-07T15:11:02.347Z] [info]: Cleanup product: Cleaned 0 products
[2025-03-07T15:12:01.757Z] [info]: Cleanup key token: 0 key token cleaned
[2025-03-07T15:12:01.757Z] [info]: Cleanup key token: 0 refresh token used cleaned
[2025-03-07T15:12:02.949Z] [info]: Cleanup product: Cleaned 0 products
[2025-03-07T15:13:01.448Z] [info]: Cleanup key token: 0 key token cleaned
[2025-03-07T15:13:01.448Z] [info]: Cleanup key token: 0 refresh token used cleaned
[2025-03-07T15:13:02.009Z] [info]: Cleanup product: Cleaned 0 products
[2025-03-07T15:28:00.407Z] [info]: Cleanup key token: 0 key token cleaned
[2025-03-07T15:28:00.407Z] [info]: Cleanup key token: 0 refresh token used cleaned
[2025-03-07T15:28:03.317Z] [info]: Cleanup product: Cleaned 0 products
[2025-03-07T15:29:01.528Z] [info]: Cleanup key token: 0 key token cleaned
[2025-03-07T15:29:01.529Z] [info]: Cleanup key token: 0 refresh token used cleaned
[2025-03-07T15:29:02.071Z] [info]: Cleanup product: Cleaned 0 products
[2025-03-07T15:30:01.485Z] [info]: Cleanup key token: 0 key token cleaned
[2025-03-07T15:30:01.485Z] [info]: Cleanup key token: 0 refresh token used cleaned
[2025-03-07T15:30:01.808Z] [info]: Cleanup product: Cleaned 0 products
[2025-03-07T15:30:37.158Z] [info]: Server closed
[2025-03-07T15:30:37.188Z] [info]: Server closed
[2025-03-07T15:30:37.189Z] [info]: Server closed
[2025-03-07T15:31:01.453Z] [info]: Cleanup key token: 0 key token cleaned
[2025-03-07T15:31:01.454Z] [info]: Cleanup key token: 0 refresh token used cleaned
[2025-03-07T15:31:01.793Z] [info]: Cleanup product: Cleaned 0 products
[2025-03-07T15:32:02.839Z] [info]: Cleanup key token: 0 key token cleaned
[2025-03-07T15:32:02.839Z] [info]: Cleanup key token: 0 refresh token used cleaned
[2025-03-07T15:32:03.498Z] [info]: Cleanup product: Cleaned 0 products
[2025-03-07T15:33:01.613Z] [info]: Cleanup key token: 0 key token cleaned
[2025-03-07T15:33:01.613Z] [info]: Cleanup key token: 0 refresh token used cleaned
[2025-03-07T15:33:01.896Z] [info]: Cleanup product: Cleaned 0 products
[2025-03-07T15:34:03.211Z] [info]: Cleanup key token: 0 key token cleaned
[2025-03-07T15:34:03.211Z] [info]: Cleanup key token: 0 refresh token used cleaned
[2025-03-07T15:34:03.622Z] [info]: Cleanup product: Cleaned 0 products
[2025-03-07T15:35:01.569Z] [info]: Cleanup key token: 0 key token cleaned
[2025-03-07T15:35:01.570Z] [info]: Cleanup key token: 0 refresh token used cleaned
[2025-03-07T15:35:01.861Z] [info]: Cleanup product: Cleaned 0 products
[2025-03-07T15:36:03.071Z] [info]: Cleanup key token: 0 key token cleaned
[2025-03-07T15:36:03.072Z] [info]: Cleanup key token: 0 refresh token used cleaned
[2025-03-07T15:36:03.485Z] [info]: Cleanup product: Cleaned 0 products
[2025-03-07T15:37:01.516Z] [info]: Cleanup key token: 0 key token cleaned
[2025-03-07T15:37:01.516Z] [info]: Cleanup key token: 0 refresh token used cleaned
[2025-03-07T15:37:02.022Z] [info]: Cleanup product: Cleaned 0 products
[2025-03-07T15:38:01.497Z] [info]: Cleanup key token: 0 key token cleaned
[2025-03-07T15:38:01.497Z] [info]: Cleanup key token: 0 refresh token used cleaned
[2025-03-07T15:38:02.025Z] [info]: Cleanup product: Cleaned 0 products
[2025-03-07T15:39:01.551Z] [info]: Cleanup key token: 0 key token cleaned
[2025-03-07T15:39:01.552Z] [info]: Cleanup key token: 0 refresh token used cleaned
[2025-03-07T15:39:01.858Z] [info]: Cleanup product: Cleaned 0 products
[2025-03-07T15:40:02.933Z] [info]: Cleanup key token: 0 key token cleaned
[2025-03-07T15:40:02.934Z] [info]: Cleanup key token: 0 refresh token used cleaned
[2025-03-07T15:40:03.251Z] [info]: Cleanup product: Cleaned 0 products
[2025-03-07T15:41:02.984Z] [info]: Cleanup key token: 0 key token cleaned
[2025-03-07T15:41:02.985Z] [info]: Cleanup key token: 0 refresh token used cleaned
[2025-03-07T15:41:03.336Z] [info]: Cleanup product: Cleaned 0 products
[2025-03-07T15:42:01.580Z] [info]: Cleanup key token: 0 key token cleaned
[2025-03-07T15:42:01.580Z] [info]: Cleanup key token: 0 refresh token used cleaned
[2025-03-07T15:42:01.845Z] [info]: Cleanup product: Cleaned 0 products
[2025-03-07T15:43:03.058Z] [info]: Cleanup key token: 0 key token cleaned
[2025-03-07T15:43:03.059Z] [info]: Cleanup key token: 0 refresh token used cleaned
[2025-03-07T15:43:03.334Z] [info]: Cleanup product: Cleaned 0 products
[2025-03-07T15:44:03.270Z] [info]: Cleanup key token: 0 key token cleaned
[2025-03-07T15:44:03.270Z] [info]: Cleanup key token: 0 refresh token used cleaned
[2025-03-07T15:44:03.538Z] [info]: Cleanup product: Cleaned 0 products
[2025-03-07T15:45:03.859Z] [info]: Cleanup key token: 0 key token cleaned
[2025-03-07T15:45:03.859Z] [info]: Cleanup key token: 0 refresh token used cleaned
[2025-03-07T15:45:05.727Z] [info]: Cleanup product: Cleaned 0 products
[2025-03-07T15:46:01.915Z] [info]: Cleanup key token: 0 key token cleaned
[2025-03-07T15:46:01.915Z] [info]: Cleanup key token: 0 refresh token used cleaned
[2025-03-07T15:46:02.884Z] [info]: Cleanup product: Cleaned 0 products
[2025-03-07T15:47:02.921Z] [info]: Cleanup key token: 0 key token cleaned
[2025-03-07T15:47:02.921Z] [info]: Cleanup key token: 0 refresh token used cleaned
[2025-03-07T15:47:03.461Z] [info]: Cleanup product: Cleaned 0 products
[2025-03-07T15:48:00.143Z] [info]: Cleanup key token: 0 key token cleaned
[2025-03-07T15:48:00.144Z] [info]: Cleanup key token: 0 refresh token used cleaned
[2025-03-07T15:48:01.565Z] [info]: Cleanup product: Cleaned 0 products
[2025-03-07T15:49:02.944Z] [info]: Cleanup key token: 0 key token cleaned
[2025-03-07T15:49:02.944Z] [info]: Cleanup key token: 0 refresh token used cleaned
[2025-03-07T15:49:03.384Z] [info]: Cleanup product: Cleaned 0 products
[2025-03-07T15:50:01.521Z] [info]: Cleanup key token: 0 key token cleaned
[2025-03-07T15:50:01.521Z] [info]: Cleanup key token: 0 refresh token used cleaned
[2025-03-07T15:50:01.919Z] [info]: Cleanup product: Cleaned 0 products
[2025-03-07T15:51:00.158Z] [info]: Cleanup key token: 0 key token cleaned
[2025-03-07T15:51:00.158Z] [info]: Cleanup key token: 0 refresh token used cleaned
[2025-03-07T15:51:00.452Z] [info]: Cleanup product: Cleaned 0 products
[2025-03-07T15:52:02.910Z] [info]: Cleanup key token: 0 key token cleaned
[2025-03-07T15:52:02.911Z] [info]: Cleanup key token: 0 refresh token used cleaned
[2025-03-07T15:52:03.425Z] [info]: Cleanup product: Cleaned 0 products
[2025-03-07T15:53:03.163Z] [info]: Cleanup key token: 0 key token cleaned
[2025-03-07T15:53:03.164Z] [info]: Cleanup key token: 0 refresh token used cleaned
[2025-03-07T15:53:03.605Z] [info]: Cleanup product: Cleaned 0 products
[2025-03-07T15:54:03.372Z] [info]: Cleanup key token: 0 key token cleaned
[2025-03-07T15:54:03.373Z] [info]: Cleanup key token: 0 refresh token used cleaned
[2025-03-07T15:54:04.753Z] [info]: Cleanup product: Cleaned 0 products
[2025-03-07T15:55:01.610Z] [info]: Cleanup key token: 0 key token cleaned
[2025-03-07T15:55:01.611Z] [info]: Cleanup key token: 0 refresh token used cleaned
[2025-03-07T15:55:02.353Z] [info]: Cleanup product: Cleaned 0 products
[2025-03-07T15:56:03.472Z] [info]: Cleanup key token: 0 key token cleaned
[2025-03-07T15:56:03.473Z] [info]: Cleanup key token: 0 refresh token used cleaned
[2025-03-07T15:56:04.049Z] [info]: Cleanup product: Cleaned 0 products
[2025-03-07T15:57:03.336Z] [info]: Cleanup key token: 0 key token cleaned
[2025-03-07T15:57:03.336Z] [info]: Cleanup key token: 0 refresh token used cleaned
[2025-03-07T15:57:04.391Z] [info]: Cleanup product: Cleaned 0 products
[2025-03-07T15:58:03.110Z] [info]: Cleanup key token: 0 key token cleaned
[2025-03-07T15:58:03.110Z] [info]: Cleanup key token: 0 refresh token used cleaned
[2025-03-07T15:58:03.393Z] [info]: Cleanup product: Cleaned 0 products
[2025-03-07T15:59:01.798Z] [info]: Cleanup key token: 0 key token cleaned
[2025-03-07T15:59:01.798Z] [info]: Cleanup key token: 0 refresh token used cleaned
[2025-03-07T15:59:03.067Z] [info]: Cleanup product: Cleaned 0 products
[2025-03-07T16:00:03.148Z] [info]: Cleanup key token: 0 key token cleaned
[2025-03-07T16:00:03.148Z] [info]: Cleanup key token: 0 refresh token used cleaned
[2025-03-07T16:00:04.611Z] [info]: Cleanup product: Cleaned 0 products
[2025-03-07T16:01:03.143Z] [info]: Cleanup key token: 0 key token cleaned
[2025-03-07T16:01:03.143Z] [info]: Cleanup key token: 0 refresh token used cleaned
[2025-03-07T16:01:03.534Z] [info]: Cleanup product: Cleaned 0 products
[2025-03-07T16:02:03.405Z] [info]: Cleanup key token: 0 key token cleaned
[2025-03-07T16:02:03.405Z] [info]: Cleanup key token: 0 refresh token used cleaned
[2025-03-07T16:02:04.395Z] [info]: Cleanup product: Cleaned 0 products
[2025-03-07T16:03:01.580Z] [info]: Cleanup key token: 0 key token cleaned
[2025-03-07T16:03:01.580Z] [info]: Cleanup key token: 0 refresh token used cleaned
[2025-03-07T16:03:02.276Z] [info]: Cleanup product: Cleaned 0 products
[2025-03-07T16:04:03.178Z] [info]: Cleanup key token: 0 key token cleaned
[2025-03-07T16:04:03.179Z] [info]: Cleanup key token: 0 refresh token used cleaned
[2025-03-07T16:04:03.709Z] [info]: Cleanup product: Cleaned 0 products
[2025-03-07T16:05:03.023Z] [info]: Cleanup key token: 0 key token cleaned
[2025-03-07T16:05:03.024Z] [info]: Cleanup key token: 0 refresh token used cleaned
[2025-03-07T16:05:03.359Z] [info]: Cleanup product: Cleaned 0 products
[2025-03-07T16:06:03.051Z] [info]: Cleanup key token: 0 key token cleaned
[2025-03-07T16:06:03.051Z] [info]: Cleanup key token: 0 refresh token used cleaned
[2025-03-07T16:06:03.746Z] [info]: Cleanup product: Cleaned 0 products
[2025-03-07T16:07:03.329Z] [info]: Cleanup key token: 0 key token cleaned
[2025-03-07T16:07:03.329Z] [info]: Cleanup key token: 0 refresh token used cleaned
[2025-03-07T16:07:04.124Z] [info]: Cleanup product: Cleaned 0 products
[2025-03-07T16:08:01.155Z] [info]: Cleanup key token: 0 key token cleaned
[2025-03-07T16:08:01.156Z] [info]: Cleanup key token: 0 refresh token used cleaned
[2025-03-07T16:08:01.494Z] [info]: Cleanup product: Cleaned 0 products
[2025-03-07T16:09:01.613Z] [info]: Cleanup key token: 0 key token cleaned
[2025-03-07T16:09:01.613Z] [info]: Cleanup key token: 0 refresh token used cleaned
[2025-03-07T16:09:02.290Z] [info]: Cleanup product: Cleaned 0 products
[2025-03-07T16:10:01.257Z] [info]: Cleanup key token: 0 key token cleaned
[2025-03-07T16:10:01.257Z] [info]: Cleanup key token: 0 refresh token used cleaned
[2025-03-07T16:10:01.551Z] [info]: Cleanup product: Cleaned 0 products
[2025-03-07T16:11:02.185Z] [info]: Cleanup key token: 0 key token cleaned
[2025-03-07T16:11:02.185Z] [info]: Cleanup key token: 0 refresh token used cleaned
[2025-03-07T16:11:03.054Z] [info]: Cleanup product: Cleaned 0 products
[2025-03-07T16:12:02.083Z] [info]: Cleanup key token: 0 key token cleaned
[2025-03-07T16:12:02.084Z] [info]: Cleanup key token: 0 refresh token used cleaned
[2025-03-07T16:12:02.467Z] [info]: Cleanup product: Cleaned 0 products
[2025-03-07T16:13:02.302Z] [info]: Cleanup key token: 0 key token cleaned
[2025-03-07T16:13:02.303Z] [info]: Cleanup key token: 0 refresh token used cleaned
[2025-03-07T16:13:02.565Z] [info]: Cleanup product: Cleaned 0 products
[2025-03-07T16:14:02.705Z] [info]: Cleanup key token: 0 key token cleaned
[2025-03-07T16:14:02.705Z] [info]: Cleanup key token: 0 refresh token used cleaned
[2025-03-07T16:14:03.411Z] [info]: Cleanup product: Cleaned 0 products
[2025-03-07T16:15:01.401Z] [info]: Cleanup key token: 0 key token cleaned
[2025-03-07T16:15:01.401Z] [info]: Cleanup key token: 0 refresh token used cleaned
[2025-03-07T16:15:01.802Z] [info]: Cleanup product: Cleaned 0 products
[2025-03-07T16:16:02.910Z] [info]: Cleanup key token: 0 key token cleaned
[2025-03-07T16:16:02.910Z] [info]: Cleanup key token: 0 refresh token used cleaned
[2025-03-07T16:16:03.631Z] [info]: Cleanup product: Cleaned 0 products
[2025-03-07T16:25:01.672Z] [info]: Cleanup key token: 0 key token cleaned
[2025-03-07T16:25:01.673Z] [info]: Cleanup key token: 0 refresh token used cleaned
[2025-03-07T16:25:02.496Z] [info]: Cleanup product: Cleaned 0 products
[2025-03-07T16:26:01.973Z] [info]: Cleanup key token: 0 key token cleaned
[2025-03-07T16:26:01.974Z] [info]: Cleanup key token: 0 refresh token used cleaned
[2025-03-07T16:26:02.495Z] [info]: Cleanup product: Cleaned 0 products
[2025-03-07T16:27:02.118Z] [info]: Cleanup key token: 0 key token cleaned
[2025-03-07T16:27:02.119Z] [info]: Cleanup key token: 0 refresh token used cleaned
[2025-03-07T16:27:03.074Z] [info]: Cleanup product: Cleaned 0 products
[2025-03-07T16:34:00.207Z] [info]: Cleanup key token: 0 key token cleaned
[2025-03-07T16:34:00.208Z] [info]: Cleanup key token: 0 refresh token used cleaned
[2025-03-07T16:34:00.476Z] [info]: Cleanup product: Cleaned 0 products
[2025-03-07T16:35:00.941Z] [info]: Cleanup key token: 0 key token cleaned
[2025-03-07T16:35:00.942Z] [info]: Cleanup key token: 0 refresh token used cleaned
[2025-03-07T16:35:01.265Z] [info]: Cleanup product: Cleaned 0 products
[2025-03-07T16:36:02.039Z] [info]: Cleanup key token: 0 key token cleaned
[2025-03-07T16:36:02.039Z] [info]: Cleanup key token: 0 refresh token used cleaned
[2025-03-07T16:36:02.319Z] [info]: Cleanup product: Cleaned 0 products
[2025-03-07T16:37:01.313Z] [info]: Cleanup key token: 0 key token cleaned
[2025-03-07T16:37:01.314Z] [info]: Cleanup key token: 0 refresh token used cleaned
[2025-03-07T16:37:02.015Z] [info]: Cleanup product: Cleaned 0 products
[2025-03-07T16:38:02.466Z] [info]: Cleanup key token: 0 key token cleaned
[2025-03-07T16:38:02.467Z] [info]: Cleanup key token: 0 refresh token used cleaned
[2025-03-07T16:38:02.560Z] [info]: Cleanup product: Cleaned 0 products
[2025-03-07T16:39:00.991Z] [info]: Cleanup key token: 0 key token cleaned
[2025-03-07T16:39:00.992Z] [info]: Cleanup key token: 0 refresh token used cleaned
[2025-03-07T16:39:01.245Z] [info]: Cleanup product: Cleaned 0 products
[2025-03-07T16:40:01.943Z] [info]: Cleanup key token: 0 key token cleaned
[2025-03-07T16:40:01.944Z] [info]: Cleanup key token: 0 refresh token used cleaned
[2025-03-07T16:40:02.252Z] [info]: Cleanup product: Cleaned 0 products
[2025-03-07T16:41:01.127Z] [info]: Cleanup key token: 0 key token cleaned
[2025-03-07T16:41:01.128Z] [info]: Cleanup key token: 0 refresh token used cleaned
[2025-03-07T16:41:01.470Z] [info]: Cleanup product: Cleaned 0 products
[2025-03-07T16:42:01.965Z] [info]: Cleanup key token: 0 key token cleaned
[2025-03-07T16:42:01.966Z] [info]: Cleanup key token: 0 refresh token used cleaned
[2025-03-07T16:42:02.256Z] [info]: Cleanup product: Cleaned 0 products
[2025-03-07T16:43:02.040Z] [info]: Cleanup key token: 0 key token cleaned
[2025-03-07T16:43:02.041Z] [info]: Cleanup key token: 0 refresh token used cleaned
[2025-03-07T16:43:02.418Z] [info]: Cleanup product: Cleaned 0 products
[2025-03-07T16:44:01.031Z] [info]: Cleanup key token: 0 key token cleaned
[2025-03-07T16:44:01.032Z] [info]: Cleanup key token: 0 refresh token used cleaned
[2025-03-07T16:44:01.368Z] [info]: Cleanup product: Cleaned 0 products
[2025-03-07T16:45:01.788Z] [info]: Cleanup key token: 0 key token cleaned
[2025-03-07T16:45:01.788Z] [info]: Cleanup key token: 0 refresh token used cleaned
[2025-03-07T16:45:02.107Z] [info]: Cleanup product: Cleaned 0 products
[2025-03-07T16:46:02.719Z] [info]: Cleanup key token: 0 key token cleaned
[2025-03-07T16:46:02.719Z] [info]: Cleanup key token: 0 refresh token used cleaned
[2025-03-07T16:46:03.637Z] [info]: Cleanup product: Cleaned 0 products
[2025-03-07T16:47:02.113Z] [info]: Cleanup key token: 0 key token cleaned
[2025-03-07T16:47:02.113Z] [info]: Cleanup key token: 0 refresh token used cleaned
[2025-03-07T16:47:02.439Z] [info]: Cleanup product: Cleaned 0 products
[2025-03-07T16:48:02.260Z] [info]: Cleanup key token: 0 key token cleaned
[2025-03-07T16:48:02.260Z] [info]: Cleanup key token: 0 refresh token used cleaned
[2025-03-07T16:48:02.823Z] [info]: Cleanup product: Cleaned 0 products
[2025-03-07T16:52:54.291Z] [info]: Cleanup key token: 0 key token cleaned
[2025-03-07T16:52:54.291Z] [info]: Cleanup key token: 0 refresh token used cleaned
[2025-03-07T16:52:55.032Z] [info]: Cleanup product: Cleaned 0 products
[2025-03-07T16:53:00.116Z] [info]: Cleanup key token: 0 key token cleaned
[2025-03-07T16:53:00.116Z] [info]: Cleanup key token: 0 refresh token used cleaned
[2025-03-07T16:53:00.881Z] [info]: Cleanup product: Cleaned 0 products
[2025-03-07T16:54:01.807Z] [info]: Cleanup key token: 0 key token cleaned
[2025-03-07T16:54:01.807Z] [info]: Cleanup key token: 0 refresh token used cleaned
[2025-03-07T16:54:02.111Z] [info]: Cleanup product: Cleaned 0 products
[2025-03-07T16:55:01.916Z] [info]: Cleanup key token: 0 key token cleaned
[2025-03-07T16:55:01.917Z] [info]: Cleanup key token: 0 refresh token used cleaned
[2025-03-07T16:55:02.457Z] [info]: Cleanup product: Cleaned 0 products
[2025-03-07T16:56:01.017Z] [info]: Cleanup key token: 0 key token cleaned
[2025-03-07T16:56:01.017Z] [info]: Cleanup key token: 0 refresh token used cleaned
[2025-03-07T16:56:01.527Z] [info]: Cleanup product: Cleaned 0 products
[2025-03-07T16:57:02.041Z] [info]: Cleanup key token: 0 key token cleaned
[2025-03-07T16:57:02.041Z] [info]: Cleanup key token: 0 refresh token used cleaned
[2025-03-07T16:57:02.457Z] [info]: Cleanup product: Cleaned 0 products
[2025-03-07T16:58:02.113Z] [info]: Cleanup key token: 0 key token cleaned
[2025-03-07T16:58:02.114Z] [info]: Cleanup key token: 0 refresh token used cleaned
[2025-03-07T16:58:02.767Z] [info]: Cleanup product: Cleaned 0 products
[2025-03-07T16:59:02.173Z] [info]: Cleanup key token: 0 key token cleaned
[2025-03-07T16:59:02.173Z] [info]: Cleanup key token: 0 refresh token used cleaned
[2025-03-07T16:59:02.522Z] [info]: Cleanup product: Cleaned 0 products
[2025-03-07T17:00:01.271Z] [info]: Cleanup key token: 0 key token cleaned
[2025-03-07T17:00:01.272Z] [info]: Cleanup key token: 0 refresh token used cleaned
[2025-03-07T17:00:02.772Z] [info]: Cleanup product: Cleaned 0 products
[2025-03-07T17:01:02.398Z] [info]: Cleanup key token: 0 key token cleaned
[2025-03-07T17:01:02.399Z] [info]: Cleanup key token: 0 refresh token used cleaned
[2025-03-07T17:01:02.863Z] [info]: Cleanup product: Cleaned 0 products
[2025-03-07T17:02:02.613Z] [info]: Cleanup key token: 0 key token cleaned
[2025-03-07T17:02:02.613Z] [info]: Cleanup key token: 0 refresh token used cleaned
[2025-03-07T17:02:02.940Z] [info]: Cleanup product: Cleaned 0 products
[2025-03-07T17:03:02.639Z] [info]: Cleanup key token: 0 key token cleaned
[2025-03-07T17:03:02.640Z] [info]: Cleanup key token: 0 refresh token used cleaned
[2025-03-07T17:03:02.978Z] [info]: Cleanup product: Cleaned 0 products
[2025-03-07T17:04:02.181Z] [info]: Cleanup key token: 0 key token cleaned
[2025-03-07T17:04:02.182Z] [info]: Cleanup key token: 0 refresh token used cleaned
[2025-03-07T17:04:02.534Z] [info]: Cleanup product: Cleaned 0 products
[2025-03-07T17:05:02.711Z] [info]: Cleanup key token: 0 key token cleaned
[2025-03-07T17:05:02.711Z] [info]: Cleanup key token: 0 refresh token used cleaned
[2025-03-07T17:05:03.441Z] [info]: Cleanup product: Cleaned 0 products
[2025-03-07T17:06:02.365Z] [info]: Cleanup key token: 0 key token cleaned
[2025-03-07T17:06:02.366Z] [info]: Cleanup key token: 0 refresh token used cleaned
[2025-03-07T17:06:02.710Z] [info]: Cleanup product: Cleaned 0 products
[2025-03-07T17:07:02.341Z] [info]: Cleanup key token: 0 key token cleaned
[2025-03-07T17:07:02.341Z] [info]: Cleanup key token: 0 refresh token used cleaned
[2025-03-07T17:07:02.648Z] [info]: Cleanup product: Cleaned 0 products
[2025-03-07T17:08:02.314Z] [info]: Cleanup key token: 0 key token cleaned
[2025-03-07T17:08:02.315Z] [info]: Cleanup key token: 0 refresh token used cleaned
[2025-03-07T17:08:02.671Z] [info]: Cleanup product: Cleaned 0 products
[2025-03-07T17:09:02.474Z] [info]: Cleanup key token: 0 key token cleaned
[2025-03-07T17:09:02.475Z] [info]: Cleanup key token: 0 refresh token used cleaned
[2025-03-07T17:09:02.903Z] [info]: Cleanup product: Cleaned 0 products
[2025-03-07T17:10:01.537Z] [info]: Cleanup key token: 0 key token cleaned
[2025-03-07T17:10:01.537Z] [info]: Cleanup key token: 0 refresh token used cleaned
[2025-03-07T17:10:01.613Z] [info]: Cleanup product: Cleaned 0 products
[2025-03-07T17:11:02.557Z] [info]: Cleanup key token: 0 key token cleaned
[2025-03-07T17:11:02.557Z] [info]: Cleanup key token: 0 refresh token used cleaned
[2025-03-07T17:11:02.917Z] [info]: Cleanup product: Cleaned 0 products
[2025-03-07T17:12:02.704Z] [info]: Cleanup key token: 0 key token cleaned
[2025-03-07T17:12:02.704Z] [info]: Cleanup key token: 0 refresh token used cleaned
[2025-03-07T17:12:02.989Z] [info]: Cleanup product: Cleaned 0 products
[2025-03-07T17:13:03.012Z] [info]: Cleanup key token: 0 key token cleaned
[2025-03-07T17:13:03.012Z] [info]: Cleanup key token: 0 refresh token used cleaned
[2025-03-07T17:13:03.316Z] [info]: Cleanup product: Cleaned 0 products
[2025-03-07T17:14:01.320Z] [info]: Cleanup key token: 0 key token cleaned
[2025-03-07T17:14:01.321Z] [info]: Cleanup key token: 0 refresh token used cleaned
[2025-03-07T17:14:02.019Z] [info]: Cleanup product: Cleaned 0 products
[2025-03-07T17:15:02.620Z] [info]: Cleanup key token: 0 key token cleaned
[2025-03-07T17:15:02.621Z] [info]: Cleanup key token: 0 refresh token used cleaned
[2025-03-07T17:15:03.510Z] [info]: Cleanup product: Cleaned 0 products
[2025-03-07T17:16:02.591Z] [info]: Cleanup key token: 0 key token cleaned
[2025-03-07T17:16:02.592Z] [info]: Cleanup key token: 0 refresh token used cleaned
[2025-03-07T17:16:03.027Z] [info]: Cleanup product: Cleaned 0 products
[2025-03-07T17:17:02.599Z] [info]: Cleanup key token: 0 key token cleaned
[2025-03-07T17:17:02.600Z] [info]: Cleanup key token: 0 refresh token used cleaned
[2025-03-07T17:17:02.918Z] [info]: Cleanup product: Cleaned 0 products
[2025-03-07T17:18:02.623Z] [info]: Cleanup key token: 0 key token cleaned
[2025-03-07T17:18:02.623Z] [info]: Cleanup key token: 0 refresh token used cleaned
[2025-03-07T17:18:02.954Z] [info]: Cleanup product: Cleaned 0 products
[2025-03-07T17:19:01.326Z] [info]: Cleanup key token: 0 key token cleaned
[2025-03-07T17:19:01.327Z] [info]: Cleanup key token: 0 refresh token used cleaned
[2025-03-07T17:19:01.591Z] [info]: Cleanup product: Cleaned 0 products
[2025-03-07T17:20:02.658Z] [info]: Cleanup key token: 0 key token cleaned
[2025-03-07T17:20:02.659Z] [info]: Cleanup key token: 0 refresh token used cleaned
[2025-03-07T17:20:02.928Z] [info]: Cleanup product: Cleaned 0 products
[2025-03-07T17:21:02.741Z] [info]: Cleanup key token: 0 key token cleaned
[2025-03-07T17:21:02.742Z] [info]: Cleanup key token: 0 refresh token used cleaned
[2025-03-07T17:21:03.074Z] [info]: Cleanup product: Cleaned 0 products
[2025-03-07T17:22:02.876Z] [info]: Cleanup key token: 0 key token cleaned
[2025-03-07T17:22:02.877Z] [info]: Cleanup key token: 0 refresh token used cleaned
[2025-03-07T17:22:03.188Z] [info]: Cleanup product: Cleaned 0 products
[2025-03-07T17:24:00.151Z] [info]: Cleanup key token: 0 key token cleaned
[2025-03-07T17:24:00.152Z] [info]: Cleanup key token: 0 refresh token used cleaned
[2025-03-07T17:24:00.420Z] [info]: Cleanup product: Cleaned 0 products
[2025-03-07T17:25:01.466Z] [info]: Cleanup key token: 0 key token cleaned
[2025-03-07T17:25:01.467Z] [info]: Cleanup key token: 0 refresh token used cleaned
[2025-03-07T17:25:01.760Z] [info]: Cleanup product: Cleaned 0 products
[2025-03-07T17:26:00.211Z] [info]: Cleanup key token: 0 key token cleaned
[2025-03-07T17:26:00.212Z] [info]: Cleanup key token: 0 refresh token used cleaned
[2025-03-07T17:26:00.483Z] [info]: Cleanup product: Cleaned 0 products
[2025-03-07T17:27:02.700Z] [info]: Cleanup key token: 0 key token cleaned
[2025-03-07T17:27:02.701Z] [info]: Cleanup key token: 0 refresh token used cleaned
[2025-03-07T17:27:03.096Z] [info]: Cleanup product: Cleaned 0 products
[2025-03-07T17:28:01.406Z] [info]: Cleanup key token: 0 key token cleaned
[2025-03-07T17:28:01.406Z] [info]: Cleanup key token: 0 refresh token used cleaned
[2025-03-07T17:28:01.770Z] [info]: Cleanup product: Cleaned 0 products
[2025-03-07T17:29:02.909Z] [info]: Cleanup key token: 0 key token cleaned
[2025-03-07T17:29:02.909Z] [info]: Cleanup key token: 0 refresh token used cleaned
[2025-03-07T17:29:02.992Z] [info]: Cleanup product: Cleaned 0 products
[2025-03-07T17:30:02.642Z] [info]: Cleanup key token: 0 key token cleaned
[2025-03-07T17:30:02.642Z] [info]: Cleanup key token: 0 refresh token used cleaned
[2025-03-07T17:30:03.003Z] [info]: Cleanup product: Cleaned 0 products
[2025-03-07T17:31:01.602Z] [info]: Cleanup key token: 0 key token cleaned
[2025-03-07T17:31:01.603Z] [info]: Cleanup key token: 0 refresh token used cleaned
[2025-03-07T17:31:02.057Z] [info]: Cleanup product: Cleaned 0 products
[2025-03-07T17:32:01.623Z] [info]: Cleanup key token: 0 key token cleaned
[2025-03-07T17:32:01.623Z] [info]: Cleanup key token: 0 refresh token used cleaned
[2025-03-07T17:32:02.188Z] [info]: Cleanup product: Cleaned 0 products
[2025-03-07T17:33:02.932Z] [info]: Cleanup key token: 0 key token cleaned
[2025-03-07T17:33:02.933Z] [info]: Cleanup key token: 0 refresh token used cleaned
[2025-03-07T17:33:03.293Z] [info]: Cleanup product: Cleaned 0 products
[2025-03-07T17:34:01.601Z] [info]: Cleanup key token: 0 key token cleaned
[2025-03-07T17:34:01.601Z] [info]: Cleanup key token: 0 refresh token used cleaned
[2025-03-07T17:34:01.925Z] [info]: Cleanup product: Cleaned 0 products
[2025-03-07T17:35:01.739Z] [info]: Cleanup key token: 0 key token cleaned
[2025-03-07T17:35:01.739Z] [info]: Cleanup key token: 0 refresh token used cleaned
[2025-03-07T17:35:02.002Z] [info]: Cleanup product: Cleaned 0 products
[2025-03-07T17:36:00.265Z] [info]: Cleanup key token: 0 key token cleaned
[2025-03-07T17:36:00.265Z] [info]: Cleanup key token: 0 refresh token used cleaned
[2025-03-07T17:36:00.738Z] [info]: Cleanup product: Cleaned 0 products
[2025-03-07T17:37:01.523Z] [info]: Cleanup key token: 0 key token cleaned
[2025-03-07T17:37:01.523Z] [info]: Cleanup key token: 0 refresh token used cleaned
[2025-03-07T17:37:01.899Z] [info]: Cleanup product: Cleaned 0 products
[2025-03-07T17:38:03.351Z] [info]: Cleanup key token: 0 key token cleaned
[2025-03-07T17:38:03.352Z] [info]: Cleanup key token: 0 refresh token used cleaned
[2025-03-07T17:38:03.788Z] [info]: Cleanup product: Cleaned 0 products
[2025-03-07T17:39:01.454Z] [info]: Cleanup key token: 0 key token cleaned
[2025-03-07T17:39:01.454Z] [info]: Cleanup key token: 0 refresh token used cleaned
[2025-03-07T17:39:01.826Z] [info]: Cleanup product: Cleaned 0 products
[2025-03-07T17:40:02.680Z] [info]: Cleanup key token: 0 key token cleaned
[2025-03-07T17:40:02.681Z] [info]: Cleanup key token: 0 refresh token used cleaned
[2025-03-07T17:40:03.103Z] [info]: Cleanup product: Cleaned 0 products
[2025-03-07T17:41:04.247Z] [info]: Cleanup key token: 0 key token cleaned
[2025-03-07T17:41:04.247Z] [info]: Cleanup key token: 0 refresh token used cleaned
[2025-03-07T17:41:04.718Z] [info]: Cleanup product: Cleaned 0 products
[2025-03-07T17:42:02.647Z] [info]: Cleanup key token: 0 key token cleaned
[2025-03-07T17:42:02.648Z] [info]: Cleanup key token: 0 refresh token used cleaned
[2025-03-07T17:45:58.650Z] [info]: Cleanup product: Cleaned 0 products
[2025-03-07T17:46:57.378Z] [info]: Cleanup key token: 0 key token cleaned
[2025-03-07T17:46:57.378Z] [info]: Cleanup key token: 0 refresh token used cleaned
[2025-03-07T17:46:57.744Z] [info]: Cleanup product: Cleaned 0 products
[2025-03-07T17:47:00.139Z] [info]: Cleanup key token: 0 key token cleaned
[2025-03-07T17:47:00.140Z] [info]: Cleanup key token: 0 refresh token used cleaned
[2025-03-07T17:47:01.238Z] [info]: Cleanup product: Cleaned 0 products
[2025-03-07T17:48:02.040Z] [info]: Cleanup key token: 0 key token cleaned
[2025-03-07T17:48:02.041Z] [info]: Cleanup key token: 0 refresh token used cleaned
[2025-03-07T17:48:02.355Z] [info]: Cleanup product: Cleaned 0 products
[2025-03-07T17:49:02.485Z] [info]: Cleanup key token: 0 key token cleaned
[2025-03-07T17:49:02.486Z] [info]: Cleanup key token: 0 refresh token used cleaned
[2025-03-07T17:49:02.812Z] [info]: Cleanup product: Cleaned 0 products
[2025-03-07T18:31:01.310Z] [info]: Cleanup key token: 0 key token cleaned
[2025-03-07T18:31:01.311Z] [info]: Cleanup key token: 0 refresh token used cleaned
[2025-03-07T18:31:01.559Z] [info]: Cleanup product: Cleaned 0 products
[2025-03-07T18:32:01.300Z] [info]: Cleanup key token: 0 key token cleaned
[2025-03-07T18:32:01.300Z] [info]: Cleanup key token: 0 refresh token used cleaned
[2025-03-07T18:32:01.665Z] [info]: Cleanup product: Cleaned 0 products
[2025-03-07T18:33:01.220Z] [info]: Cleanup key token: 0 key token cleaned
[2025-03-07T18:33:01.220Z] [info]: Cleanup key token: 0 refresh token used cleaned
[2025-03-07T18:33:01.554Z] [info]: Cleanup product: Cleaned 0 products
[2025-03-07T18:34:03.048Z] [info]: Cleanup key token: 0 key token cleaned
[2025-03-07T18:34:03.049Z] [info]: Cleanup key token: 0 refresh token used cleaned
[2025-03-07T18:34:03.149Z] [info]: Cleanup product: Cleaned 0 products
[2025-03-07T18:35:00.476Z] [info]: Cleanup key token: 0 key token cleaned
[2025-03-07T18:35:00.477Z] [info]: Cleanup key token: 0 refresh token used cleaned
[2025-03-07T18:35:01.190Z] [info]: Cleanup product: Cleaned 0 products
[2025-03-07T18:37:01.326Z] [info]: Cleanup key token: 0 key token cleaned
[2025-03-07T18:37:01.326Z] [info]: Cleanup key token: 0 refresh token used cleaned
[2025-03-07T18:37:01.666Z] [info]: Cleanup product: Cleaned 0 products
[2025-03-07T18:38:02.605Z] [info]: Cleanup key token: 0 key token cleaned
[2025-03-07T18:38:02.606Z] [info]: Cleanup key token: 0 refresh token used cleaned
[2025-03-07T18:38:02.997Z] [info]: Cleanup product: Cleaned 0 products
[2025-03-07T18:39:02.715Z] [info]: Cleanup key token: 0 key token cleaned
[2025-03-07T18:39:02.716Z] [info]: Cleanup key token: 0 refresh token used cleaned
[2025-03-07T18:39:03.046Z] [info]: Cleanup product: Cleaned 0 products
[2025-03-07T18:40:03.055Z] [info]: Cleanup key token: 0 key token cleaned
[2025-03-07T18:40:03.055Z] [info]: Cleanup key token: 0 refresh token used cleaned
[2025-03-07T18:40:03.394Z] [info]: Cleanup product: Cleaned 0 products
[2025-03-07T18:41:00.165Z] [info]: Cleanup key token: 0 key token cleaned
[2025-03-07T18:41:00.165Z] [info]: Cleanup key token: 0 refresh token used cleaned
[2025-03-07T18:41:00.522Z] [info]: Cleanup product: Cleaned 0 products
[2025-03-07T18:42:03.590Z] [info]: Cleanup key token: 0 key token cleaned
[2025-03-07T18:42:03.591Z] [info]: Cleanup key token: 0 refresh token used cleaned
[2025-03-07T18:42:04.276Z] [info]: Cleanup product: Cleaned 0 products
[2025-03-07T18:43:02.799Z] [info]: Cleanup key token: 0 key token cleaned
[2025-03-07T18:43:02.800Z] [info]: Cleanup key token: 0 refresh token used cleaned
[2025-03-07T18:43:03.091Z] [info]: Cleanup product: Cleaned 0 products
[2025-03-07T18:44:02.902Z] [info]: Cleanup key token: 0 key token cleaned
[2025-03-07T18:44:02.903Z] [info]: Cleanup key token: 0 refresh token used cleaned
[2025-03-07T18:44:03.123Z] [info]: Cleanup product: Cleaned 0 products
[2025-03-07T18:45:02.840Z] [info]: Cleanup key token: 0 key token cleaned
[2025-03-07T18:45:02.841Z] [info]: Cleanup key token: 0 refresh token used cleaned
[2025-03-07T18:45:03.176Z] [info]: Cleanup product: Cleaned 0 products
[2025-03-07T18:46:01.578Z] [info]: Cleanup key token: 0 key token cleaned
[2025-03-07T18:46:01.579Z] [info]: Cleanup key token: 0 refresh token used cleaned
[2025-03-07T18:46:01.948Z] [info]: Cleanup product: Cleaned 0 products
[2025-03-07T18:47:00.194Z] [info]: Cleanup key token: 0 key token cleaned
[2025-03-07T18:47:00.195Z] [info]: Cleanup key token: 0 refresh token used cleaned
[2025-03-07T18:47:00.496Z] [info]: Cleanup product: Cleaned 0 products
