[2025-04-09T01:36:18.296Z] [error]: HIDE::403::Forbidden::Token is expired or invalid!::
[2025-04-09T01:36:18.330Z] [error]: HIDE::403::Forbidden::Token is expired or invalid!::
[2025-04-09T01:36:18.342Z] [error]: HIDE::403::Forbidden::Token is expired or invalid!::
[2025-04-09T01:36:18.350Z] [error]: HIDE::403::Forbidden::Token is expired or invalid!::
[2025-04-09T01:36:18.359Z] [error]: HIDE::403::Forbidden::Token is expired or invalid!::
[2025-04-09T01:36:18.364Z] [error]: HIDE::403::Forbidden::Token is expired or invalid!::
[2025-04-09T01:46:38.346Z] [error]: HIDE::403::Forbidden::Token is expired or invalid!::
[2025-04-09T01:46:38.354Z] [error]: HIDE::403::Forbidden::Token is expired or invalid!::
[2025-04-09T01:46:38.363Z] [error]: HIDE::403::Forbidden::Token is expired or invalid!::
[2025-04-09T01:46:38.367Z] [error]: HIDE::403::Forbidden::Token is expired or invalid!::
[2025-04-09T01:46:38.373Z] [error]: HIDE::403::Forbidden::Token is expired or invalid!::
[2025-04-09T01:46:38.381Z] [error]: HIDE::403::Forbidden::Token is expired or invalid!::
[2025-04-09T01:46:50.603Z] [error]: HIDE::403::Forbidden::Token is expired or invalid!::
[2025-04-09T01:46:50.672Z] [error]: HIDE::403::Forbidden::Token is expired or invalid!::
[2025-04-09T01:46:50.757Z] [error]: HIDE::403::Forbidden::Token is expired or invalid!::
[2025-04-09T01:46:50.828Z] [error]: HIDE::403::Forbidden::Token is expired or invalid!::
[2025-04-09T01:46:50.829Z] [error]: HIDE::403::Forbidden::Token is expired or invalid!::
[2025-04-09T01:46:50.837Z] [error]: HIDE::403::Forbidden::Token is expired or invalid!::
[2025-04-09T01:47:30.102Z] [error]: HIDE::403::Forbidden::Token is expired or invalid!::
[2025-04-09T01:47:30.104Z] [error]: HIDE::403::Forbidden::Token is expired or invalid!::
[2025-04-09T01:47:30.111Z] [error]: HIDE::403::Forbidden::Token is expired or invalid!::
[2025-04-09T01:47:30.112Z] [error]: HIDE::403::Forbidden::Token is expired or invalid!::
[2025-04-09T01:47:30.121Z] [error]: HIDE::403::Forbidden::Token is expired or invalid!::
[2025-04-09T01:47:30.130Z] [error]: HIDE::403::Forbidden::Token is expired or invalid!::
[2025-04-09T01:47:31.276Z] [error]: HIDE::403::Forbidden::Token is invalid!::
[2025-04-09T01:48:04.642Z] [error]: HIDE::400::ValidationError::"locationId" must only contain hexadecimal characters::
[2025-04-09T01:48:04.648Z] [error]: HIDE::400::ValidationError::"locationId" must only contain hexadecimal characters::
[2025-04-09T01:48:04.652Z] [error]: HIDE::400::ValidationError::"locationId" must only contain hexadecimal characters::
[2025-04-09T01:48:04.657Z] [error]: HIDE::400::ValidationError::"locationId" must only contain hexadecimal characters::
[2025-04-09T01:48:22.933Z] [error]: HIDE::400::ValidationError::"skuId" must only contain hexadecimal characters::
[2025-04-09T01:48:22.937Z] [error]: HIDE::400::ValidationError::"skuId" must only contain hexadecimal characters::
[2025-04-09T01:50:46.516Z] [error]: HIDE::400::ValidationError::"skuId" must only contain hexadecimal characters::
[2025-04-09T01:50:46.523Z] [error]: HIDE::400::ValidationError::"skuId" must only contain hexadecimal characters::
[2025-04-09T01:50:56.569Z] [error]: HIDE::400::ValidationError::"skuId" must only contain hexadecimal characters::
[2025-04-09T01:50:56.572Z] [error]: HIDE::400::ValidationError::"skuId" must only contain hexadecimal characters::
[2025-04-09T01:59:41.770Z] [error]: HIDE::400::ValidationError::"locationId" must only contain hexadecimal characters::
[2025-04-09T01:59:41.777Z] [error]: HIDE::400::ValidationError::"locationId" must only contain hexadecimal characters::
[2025-04-09T01:59:41.786Z] [error]: HIDE::400::ValidationError::"locationId" must only contain hexadecimal characters::
[2025-04-09T01:59:41.791Z] [error]: HIDE::400::ValidationError::"locationId" must only contain hexadecimal characters::
[2025-04-09T01:59:41.795Z] [error]: HIDE::404::NotFound::Route is not exists::
[2025-04-09T01:59:41.804Z] [error]: HIDE::404::NotFound::Route is not exists::
[2025-04-09T02:09:18.486Z] [error]: HIDE::404::NotFound::Route is not exists::
[2025-04-09T02:09:18.500Z] [error]: HIDE::404::NotFound::Route is not exists::
[2025-04-09T02:09:19.380Z] [error]: HIDE::400::ValidationError::"sort_by" is not allowed::
[2025-04-09T02:09:19.402Z] [error]: HIDE::400::ValidationError::"sort_by" is not allowed::
[2025-04-09T02:09:19.871Z] [error]: HIDE::400::ValidationError::"sort_by" is not allowed::
[2025-04-09T02:09:19.892Z] [error]: HIDE::400::ValidationError::"sort_by" is not allowed::
[2025-04-09T02:09:50.301Z] [error]: HIDE::400::ValidationError::"sort_by" is not allowed::
[2025-04-09T02:10:03.637Z] [error]: HIDE::400::ValidationError::"sort_by" is not allowed::
[2025-04-09T02:31:40.531Z] [error]: HIDE::400::ValidationError::"locationId" must only contain hexadecimal characters::
[2025-04-09T02:31:40.535Z] [error]: HIDE::400::ValidationError::"locationId" must only contain hexadecimal characters::
[2025-04-09T02:31:40.539Z] [error]: HIDE::400::ValidationError::"locationId" must only contain hexadecimal characters::
[2025-04-09T02:31:40.544Z] [error]: HIDE::400::ValidationError::"locationId" must only contain hexadecimal characters::
[2025-04-09T02:31:42.188Z] [error]: HIDE::400::ValidationError::"sort_by" is not allowed::
[2025-04-09T02:31:42.212Z] [error]: HIDE::400::ValidationError::"sort_by" is not allowed::
[2025-04-09T02:31:42.679Z] [error]: HIDE::400::ValidationError::"sort_by" is not allowed::
[2025-04-09T02:31:42.700Z] [error]: HIDE::400::ValidationError::"sort_by" is not allowed::
[2025-04-09T02:31:45.759Z] [error]: HIDE::400::ValidationError::"sort_by" is not allowed::
[2025-04-09T02:31:46.686Z] [error]: HIDE::400::ValidationError::"sort_by" is not allowed::
[2025-04-09T02:31:47.118Z] [error]: HIDE::400::ValidationError::"sort_by" is not allowed::
[2025-04-09T02:31:47.288Z] [error]: HIDE::400::ValidationError::"sort_by" is not allowed::
[2025-04-09T02:31:47.429Z] [error]: HIDE::400::ValidationError::"sort_by" is not allowed::
[2025-04-09T02:31:47.585Z] [error]: HIDE::400::ValidationError::"sort_by" is not allowed::
[2025-04-09T02:31:47.726Z] [error]: HIDE::400::ValidationError::"sort_by" is not allowed::
[2025-04-09T02:32:07.809Z] [error]: HIDE::400::ValidationError::"locationId" must only contain hexadecimal characters::
[2025-04-09T02:32:07.814Z] [error]: HIDE::400::ValidationError::"locationId" must only contain hexadecimal characters::
[2025-04-09T02:32:07.820Z] [error]: HIDE::400::ValidationError::"locationId" must only contain hexadecimal characters::
[2025-04-09T02:32:07.826Z] [error]: HIDE::400::ValidationError::"locationId" must only contain hexadecimal characters::
[2025-04-09T02:33:56.243Z] [error]: HIDE::400::ValidationError::"locationId" must only contain hexadecimal characters::
[2025-04-09T02:33:56.252Z] [error]: HIDE::400::ValidationError::"locationId" must only contain hexadecimal characters::
[2025-04-09T02:33:56.257Z] [error]: HIDE::400::ValidationError::"locationId" must only contain hexadecimal characters::
[2025-04-09T02:33:56.261Z] [error]: HIDE::400::ValidationError::"locationId" must only contain hexadecimal characters::
[2025-04-09T02:33:58.593Z] [error]: HIDE::400::ValidationError::"locationId" must only contain hexadecimal characters::
[2025-04-09T02:33:58.597Z] [error]: HIDE::400::ValidationError::"locationId" must only contain hexadecimal characters::
[2025-04-09T02:33:58.602Z] [error]: HIDE::400::ValidationError::"locationId" must only contain hexadecimal characters::
[2025-04-09T02:33:58.606Z] [error]: HIDE::400::ValidationError::"locationId" must only contain hexadecimal characters::
[2025-04-09T02:34:05.682Z] [error]: HIDE::400::ValidationError::"locationId" must only contain hexadecimal characters::
[2025-04-09T02:34:05.685Z] [error]: HIDE::400::ValidationError::"locationId" must only contain hexadecimal characters::
[2025-04-09T02:34:05.691Z] [error]: HIDE::400::ValidationError::"locationId" must only contain hexadecimal characters::
[2025-04-09T02:34:05.695Z] [error]: HIDE::400::ValidationError::"locationId" must only contain hexadecimal characters::
[2025-04-09T02:34:24.777Z] [error]: HIDE::400::ValidationError::"locationId" must only contain hexadecimal characters::
[2025-04-09T02:34:24.781Z] [error]: HIDE::400::ValidationError::"locationId" must only contain hexadecimal characters::
[2025-04-09T02:34:24.786Z] [error]: HIDE::400::ValidationError::"locationId" must only contain hexadecimal characters::
[2025-04-09T02:34:24.790Z] [error]: HIDE::400::ValidationError::"locationId" must only contain hexadecimal characters::
[2025-04-09T02:34:28.653Z] [error]: HIDE::400::ValidationError::"sort_by" is not allowed::
[2025-04-09T02:34:28.674Z] [error]: HIDE::400::ValidationError::"sort_by" is not allowed::
[2025-04-09T02:34:29.143Z] [error]: HIDE::400::ValidationError::"sort_by" is not allowed::
[2025-04-09T02:34:29.158Z] [error]: HIDE::400::ValidationError::"sort_by" is not allowed::
[2025-04-09T02:57:26.683Z] [error]: HIDE::400::ValidationError::"status" is not allowed::
[2025-04-09T02:57:28.298Z] [error]: HIDE::400::ValidationError::"status" is not allowed::
[2025-04-09T02:57:29.963Z] [error]: HIDE::400::ValidationError::"status" is not allowed::
[2025-04-09T03:04:10.554Z] [error]: HIDE::400::ValidationError::"status" is not allowed::
[2025-04-09T03:04:10.567Z] [error]: HIDE::400::ValidationError::"status" is not allowed::
[2025-04-09T03:04:28.608Z] [error]: HIDE::403::Forbidden::Token is expired or invalid!::
[2025-04-09T03:04:31.440Z] [error]: HIDE::403::Forbidden::Token is expired or invalid!::
[2025-04-09T03:04:50.295Z] [error]: VISIBLE::409::Conflict::Conflict with discount: Black friday khuyến mãi 50%!!!::
[2025-04-09T03:05:03.259Z] [error]: HIDE::403::Forbidden::Token is expired or invalid!::
[2025-04-09T03:05:03.269Z] [error]: HIDE::403::Forbidden::Token is expired or invalid!::
[2025-04-09T03:05:03.289Z] [error]: HIDE::403::Forbidden::Token is expired or invalid!::
[2025-04-09T03:05:03.344Z] [error]: HIDE::403::Forbidden::Token is expired or invalid!::
[2025-04-09T03:05:04.290Z] [error]: HIDE::403::Forbidden::Token is expired or invalid!::
[2025-04-09T03:05:04.555Z] [error]: HIDE::403::Forbidden::Token is expired or invalid!::
[2025-04-09T03:06:16.353Z] [error]: HIDE::403::Forbidden::Token is expired or invalid!::
[2025-04-09T03:06:25.490Z] [error]: HIDE::403::Forbidden::Token is expired or invalid!::
[2025-04-09T03:06:25.498Z] [error]: HIDE::403::Forbidden::Token is expired or invalid!::
[2025-04-09T03:06:25.515Z] [error]: HIDE::403::Forbidden::Token is expired or invalid!::
[2025-04-09T03:06:25.561Z] [error]: HIDE::403::Forbidden::Token is expired or invalid!::
[2025-04-09T03:06:25.734Z] [error]: HIDE::403::Forbidden::Token is expired or invalid!::
[2025-04-09T03:06:27.153Z] [error]: HIDE::403::Forbidden::Token is expired or invalid!::
[2025-04-09T03:07:50.012Z] [error]: HIDE::400::ValidationError::"locationId" must only contain hexadecimal characters::
[2025-04-09T03:07:50.015Z] [error]: HIDE::400::ValidationError::"locationId" must only contain hexadecimal characters::
[2025-04-09T03:07:50.019Z] [error]: HIDE::400::ValidationError::"locationId" must only contain hexadecimal characters::
[2025-04-09T03:07:50.022Z] [error]: HIDE::400::ValidationError::"locationId" must only contain hexadecimal characters::
[2025-04-09T03:14:21.525Z] [error]: HIDE::400::ValidationError::"locationId" must only contain hexadecimal characters::
[2025-04-09T03:14:21.529Z] [error]: HIDE::400::ValidationError::"locationId" must only contain hexadecimal characters::
[2025-04-09T03:14:21.533Z] [error]: HIDE::400::ValidationError::"locationId" must only contain hexadecimal characters::
[2025-04-09T03:14:21.537Z] [error]: HIDE::400::ValidationError::"locationId" must only contain hexadecimal characters::
[2025-04-09T03:19:02.106Z] [error]: HIDE::400::ValidationError::"skuId" must only contain hexadecimal characters::
[2025-04-09T03:19:02.111Z] [error]: HIDE::400::ValidationError::"skuId" must only contain hexadecimal characters::
[2025-04-09T03:27:28.574Z] [error]: HIDE::403::Forbidden::Token is expired or invalid!::
[2025-04-09T03:29:38.527Z] [error]: HIDE::403::Forbidden::Token is expired or invalid!::
[2025-04-09T03:29:38.537Z] [error]: HIDE::403::Forbidden::Token is expired or invalid!::
[2025-04-09T03:29:38.546Z] [error]: HIDE::403::Forbidden::Token is expired or invalid!::
[2025-04-09T03:29:38.553Z] [error]: HIDE::403::Forbidden::Token is expired or invalid!::
[2025-04-09T03:29:40.440Z] [error]: HIDE::404::NotFound::Token not found!::
[2025-04-09T03:29:42.870Z] [error]: HIDE::404::NotFound::Token not found!::
[2025-04-09T03:29:46.252Z] [error]: HIDE::404::NotFound::Token not found!::
[2025-04-09T03:29:47.654Z] [error]: HIDE::404::NotFound::Token not found!::
[2025-04-09T03:29:48.093Z] [error]: HIDE::404::NotFound::Token not found!::
[2025-04-09T03:29:48.230Z] [error]: HIDE::404::NotFound::Token not found!::
[2025-04-09T03:29:48.354Z] [error]: HIDE::404::NotFound::Token not found!::
[2025-04-09T03:29:48.473Z] [error]: HIDE::404::NotFound::Token not found!::
[2025-04-09T03:29:48.568Z] [error]: HIDE::404::NotFound::Token not found!::
[2025-04-09T03:29:48.669Z] [error]: HIDE::404::NotFound::Token not found!::
[2025-04-09T03:29:48.774Z] [error]: HIDE::404::NotFound::Token not found!::
[2025-04-09T03:29:48.884Z] [error]: HIDE::404::NotFound::Token not found!::
[2025-04-09T03:29:48.996Z] [error]: HIDE::404::NotFound::Token not found!::
[2025-04-09T03:29:49.101Z] [error]: HIDE::404::NotFound::Token not found!::
[2025-04-09T03:29:49.207Z] [error]: HIDE::404::NotFound::Token not found!::
[2025-04-09T03:29:56.918Z] [error]: HIDE::400::ValidationError::"locationId" must only contain hexadecimal characters::
[2025-04-09T03:29:56.923Z] [error]: HIDE::400::ValidationError::"locationId" must only contain hexadecimal characters::
[2025-04-09T03:29:56.928Z] [error]: HIDE::400::ValidationError::"locationId" must only contain hexadecimal characters::
[2025-04-09T03:29:56.937Z] [error]: HIDE::400::ValidationError::"locationId" must only contain hexadecimal characters::
[2025-04-09T03:33:06.860Z] [error]: HIDE::400::ValidationError::"status" is not allowed::
[2025-04-09T03:33:07.843Z] [error]: HIDE::400::ValidationError::"status" is not allowed::
[2025-04-09T03:34:37.195Z] [error]: HIDE::400::ValidationError::"skuId" must only contain hexadecimal characters::
[2025-04-09T03:34:37.201Z] [error]: HIDE::400::ValidationError::"skuId" must only contain hexadecimal characters::
[2025-04-09T03:38:31.405Z] [error]: HIDE::400::ValidationError::"locationId" must only contain hexadecimal characters::
[2025-04-09T03:38:31.412Z] [error]: HIDE::400::ValidationError::"locationId" must only contain hexadecimal characters::
[2025-04-09T03:38:31.418Z] [error]: HIDE::400::ValidationError::"locationId" must only contain hexadecimal characters::
[2025-04-09T03:38:31.424Z] [error]: HIDE::400::ValidationError::"locationId" must only contain hexadecimal characters::
[2025-04-09T03:38:35.266Z] [error]: HIDE::400::ValidationError::"skuId" must only contain hexadecimal characters::
[2025-04-09T03:38:35.271Z] [error]: HIDE::400::ValidationError::"skuId" must only contain hexadecimal characters::
[2025-04-09T03:44:53.979Z] [error]: HIDE::400::ValidationError::"keyword" is not allowed::
[2025-04-09T03:44:56.239Z] [error]: HIDE::400::ValidationError::"skuId" must only contain hexadecimal characters::
[2025-04-09T03:44:56.243Z] [error]: HIDE::400::ValidationError::"skuId" must only contain hexadecimal characters::
[2025-04-09T03:46:25.986Z] [error]: HIDE::403::Forbidden::Token is expired or invalid!::
[2025-04-09T03:46:27.681Z] [error]: HIDE::403::Forbidden::Token is expired or invalid!::
[2025-04-09T03:46:28.457Z] [error]: HIDE::403::Forbidden::Token is expired or invalid!::
[2025-04-09T03:50:14.490Z] [error]: HIDE::403::Forbidden::Token is expired or invalid!::
[2025-04-09T03:50:14.499Z] [error]: HIDE::403::Forbidden::Token is expired or invalid!::
[2025-04-09T03:50:14.504Z] [error]: HIDE::404::NotFound::Token not found!::
[2025-04-09T03:50:14.511Z] [error]: HIDE::404::NotFound::Token not found!::
[2025-04-09T03:50:14.520Z] [error]: HIDE::404::NotFound::Token not found!::
[2025-04-09T03:50:14.525Z] [error]: HIDE::404::NotFound::Token not found!::
[2025-04-09T03:50:14.531Z] [error]: HIDE::404::NotFound::Token not found!::
[2025-04-09T03:50:14.537Z] [error]: HIDE::404::NotFound::Token not found!::
[2025-04-09T03:50:14.541Z] [error]: HIDE::404::NotFound::Token not found!::
[2025-04-09T03:50:14.546Z] [error]: HIDE::404::NotFound::Token not found!::
[2025-04-09T03:50:14.552Z] [error]: HIDE::404::NotFound::Token not found!::
[2025-04-09T03:50:14.558Z] [error]: HIDE::404::NotFound::Token not found!::
[2025-04-09T03:50:14.564Z] [error]: HIDE::404::NotFound::Token not found!::
[2025-04-09T03:50:14.571Z] [error]: HIDE::404::NotFound::Token not found!::
[2025-04-09T03:50:14.576Z] [error]: HIDE::404::NotFound::Token not found!::
[2025-04-09T03:50:14.582Z] [error]: HIDE::404::NotFound::Token not found!::
[2025-04-09T03:50:14.588Z] [error]: HIDE::404::NotFound::Token not found!::
[2025-04-09T03:50:14.596Z] [error]: HIDE::404::NotFound::Token not found!::
[2025-04-09T03:50:14.604Z] [error]: HIDE::404::NotFound::Token not found!::
[2025-04-09T03:50:14.609Z] [error]: HIDE::404::NotFound::Token not found!::
[2025-04-09T03:50:14.617Z] [error]: HIDE::404::NotFound::Token not found!::
[2025-04-09T03:50:14.627Z] [error]: HIDE::404::NotFound::Token not found!::
[2025-04-09T03:50:14.633Z] [error]: HIDE::404::NotFound::Token not found!::
[2025-04-09T03:50:14.641Z] [error]: HIDE::404::NotFound::Token not found!::
[2025-04-09T03:50:14.650Z] [error]: HIDE::404::NotFound::Token not found!::
[2025-04-09T03:50:14.659Z] [error]: HIDE::404::NotFound::Token not found!::
[2025-04-09T03:50:14.666Z] [error]: HIDE::404::NotFound::Token not found!::
[2025-04-09T03:50:14.673Z] [error]: HIDE::404::NotFound::Token not found!::
[2025-04-09T03:50:14.680Z] [error]: HIDE::404::NotFound::Token not found!::
[2025-04-09T03:50:14.687Z] [error]: HIDE::404::NotFound::Token not found!::
[2025-04-09T03:50:14.694Z] [error]: HIDE::404::NotFound::Token not found!::
[2025-04-09T03:50:14.701Z] [error]: HIDE::404::NotFound::Token not found!::
[2025-04-09T03:50:14.710Z] [error]: HIDE::404::NotFound::Token not found!::
[2025-04-09T03:50:14.716Z] [error]: HIDE::404::NotFound::Token not found!::
[2025-04-09T03:50:14.726Z] [error]: HIDE::404::NotFound::Token not found!::
[2025-04-09T03:50:14.732Z] [error]: HIDE::404::NotFound::Token not found!::
[2025-04-09T03:50:14.739Z] [error]: HIDE::404::NotFound::Token not found!::
[2025-04-09T03:50:14.746Z] [error]: HIDE::404::NotFound::Token not found!::
[2025-04-09T03:50:14.753Z] [error]: HIDE::404::NotFound::Token not found!::
[2025-04-09T03:50:14.761Z] [error]: HIDE::404::NotFound::Token not found!::
[2025-04-09T03:50:14.770Z] [error]: HIDE::404::NotFound::Token not found!::
[2025-04-09T03:50:14.780Z] [error]: HIDE::404::NotFound::Token not found!::
[2025-04-09T03:50:14.791Z] [error]: HIDE::404::NotFound::Token not found!::
[2025-04-09T03:50:14.798Z] [error]: HIDE::404::NotFound::Token not found!::
[2025-04-09T03:50:14.806Z] [error]: HIDE::404::NotFound::Token not found!::
[2025-04-09T03:50:14.814Z] [error]: HIDE::404::NotFound::Token not found!::
[2025-04-09T03:50:14.824Z] [error]: HIDE::404::NotFound::Token not found!::
[2025-04-09T03:50:14.831Z] [error]: HIDE::404::NotFound::Token not found!::
[2025-04-09T03:50:14.839Z] [error]: HIDE::404::NotFound::Token not found!::
[2025-04-09T03:50:14.846Z] [error]: HIDE::404::NotFound::Token not found!::
[2025-04-09T03:50:14.853Z] [error]: HIDE::404::NotFound::Token not found!::
[2025-04-09T03:50:14.863Z] [error]: HIDE::404::NotFound::Token not found!::
[2025-04-09T03:50:14.895Z] [error]: HIDE::404::NotFound::Token not found!::
[2025-04-09T03:50:14.899Z] [error]: HIDE::404::NotFound::Token not found!::
[2025-04-09T03:50:14.907Z] [error]: HIDE::404::NotFound::Token not found!::
[2025-04-09T03:50:14.917Z] [error]: HIDE::404::NotFound::Token not found!::
[2025-04-09T03:50:14.924Z] [error]: HIDE::404::NotFound::Token not found!::
[2025-04-09T03:50:14.930Z] [error]: HIDE::404::NotFound::Token not found!::
[2025-04-09T03:50:14.939Z] [error]: HIDE::404::NotFound::Token not found!::
[2025-04-09T03:50:14.947Z] [error]: HIDE::404::NotFound::Token not found!::
[2025-04-09T03:50:14.961Z] [error]: HIDE::404::NotFound::Token not found!::
[2025-04-09T03:50:14.968Z] [error]: HIDE::404::NotFound::Token not found!::
[2025-04-09T03:50:14.987Z] [error]: HIDE::404::NotFound::Token not found!::
[2025-04-09T03:50:14.993Z] [error]: HIDE::404::NotFound::Token not found!::
[2025-04-09T03:50:14.999Z] [error]: HIDE::404::NotFound::Token not found!::
[2025-04-09T03:50:15.006Z] [error]: HIDE::404::NotFound::Token not found!::
[2025-04-09T03:50:15.015Z] [error]: HIDE::404::NotFound::Token not found!::
[2025-04-09T03:50:15.023Z] [error]: HIDE::404::NotFound::Token not found!::
[2025-04-09T03:50:15.030Z] [error]: HIDE::404::NotFound::Token not found!::
[2025-04-09T03:50:15.039Z] [error]: HIDE::404::NotFound::Token not found!::
[2025-04-09T03:50:15.048Z] [error]: HIDE::404::NotFound::Token not found!::
[2025-04-09T03:50:15.060Z] [error]: HIDE::404::NotFound::Token not found!::
[2025-04-09T03:50:15.074Z] [error]: HIDE::404::NotFound::Token not found!::
[2025-04-09T03:50:15.080Z] [error]: HIDE::404::NotFound::Token not found!::
[2025-04-09T03:50:15.087Z] [error]: HIDE::404::NotFound::Token not found!::
[2025-04-09T03:50:15.093Z] [error]: HIDE::404::NotFound::Token not found!::
[2025-04-09T03:50:15.103Z] [error]: HIDE::404::NotFound::Token not found!::
[2025-04-09T03:50:15.110Z] [error]: HIDE::404::NotFound::Token not found!::
[2025-04-09T03:50:15.121Z] [error]: HIDE::404::NotFound::Token not found!::
[2025-04-09T03:50:15.128Z] [error]: HIDE::404::NotFound::Token not found!::
[2025-04-09T03:50:15.137Z] [error]: HIDE::404::NotFound::Token not found!::
[2025-04-09T03:50:15.147Z] [error]: HIDE::404::NotFound::Token not found!::
[2025-04-09T03:50:15.157Z] [error]: HIDE::404::NotFound::Token not found!::
[2025-04-09T03:50:15.179Z] [error]: HIDE::404::NotFound::Token not found!::
[2025-04-09T03:50:15.185Z] [error]: HIDE::404::NotFound::Token not found!::
[2025-04-09T03:50:15.205Z] [error]: HIDE::404::NotFound::Token not found!::
[2025-04-09T03:50:15.211Z] [error]: HIDE::404::NotFound::Token not found!::
[2025-04-09T03:50:15.226Z] [error]: HIDE::404::NotFound::Token not found!::
[2025-04-09T03:50:15.230Z] [error]: HIDE::404::NotFound::Token not found!::
[2025-04-09T03:50:15.248Z] [error]: HIDE::404::NotFound::Token not found!::
[2025-04-09T03:50:15.252Z] [error]: HIDE::404::NotFound::Token not found!::
[2025-04-09T03:50:15.271Z] [error]: HIDE::404::NotFound::Token not found!::
[2025-04-09T03:50:15.279Z] [error]: HIDE::404::NotFound::Token not found!::
[2025-04-09T03:50:15.294Z] [error]: HIDE::404::NotFound::Token not found!::
[2025-04-09T03:50:15.302Z] [error]: HIDE::404::NotFound::Token not found!::
[2025-04-09T03:50:15.310Z] [error]: HIDE::404::NotFound::Token not found!::
[2025-04-09T03:50:15.325Z] [error]: HIDE::404::NotFound::Token not found!::
[2025-04-09T03:50:15.329Z] [error]: HIDE::404::NotFound::Token not found!::
[2025-04-09T03:50:15.349Z] [error]: HIDE::404::NotFound::Token not found!::
[2025-04-09T03:50:15.354Z] [error]: HIDE::404::NotFound::Token not found!::
[2025-04-09T03:50:15.369Z] [error]: HIDE::404::NotFound::Token not found!::
[2025-04-09T03:50:15.373Z] [error]: HIDE::404::NotFound::Token not found!::
[2025-04-09T03:50:15.393Z] [error]: HIDE::404::NotFound::Token not found!::
[2025-04-09T03:50:15.399Z] [error]: HIDE::404::NotFound::Token not found!::
[2025-04-09T03:50:15.413Z] [error]: HIDE::404::NotFound::Token not found!::
[2025-04-09T03:50:15.417Z] [error]: HIDE::404::NotFound::Token not found!::
[2025-04-09T03:50:15.436Z] [error]: HIDE::404::NotFound::Token not found!::
[2025-04-09T03:50:15.440Z] [error]: HIDE::404::NotFound::Token not found!::
[2025-04-09T03:50:15.458Z] [error]: HIDE::404::NotFound::Token not found!::
[2025-04-09T03:50:15.462Z] [error]: HIDE::404::NotFound::Token not found!::
[2025-04-09T03:50:15.480Z] [error]: HIDE::404::NotFound::Token not found!::
[2025-04-09T03:50:15.489Z] [error]: HIDE::404::NotFound::Token not found!::
[2025-04-09T03:50:15.521Z] [error]: HIDE::404::NotFound::Token not found!::
[2025-04-09T03:50:15.532Z] [error]: HIDE::404::NotFound::Token not found!::
[2025-04-09T03:50:15.556Z] [error]: HIDE::404::NotFound::Token not found!::
[2025-04-09T03:50:15.579Z] [error]: HIDE::404::NotFound::Token not found!::
[2025-04-09T03:50:15.597Z] [error]: HIDE::404::NotFound::Token not found!::
[2025-04-09T03:50:15.620Z] [error]: HIDE::404::NotFound::Token not found!::
[2025-04-09T03:50:15.645Z] [error]: HIDE::404::NotFound::Token not found!::
[2025-04-09T03:50:15.664Z] [error]: HIDE::404::NotFound::Token not found!::
[2025-04-09T03:50:15.682Z] [error]: HIDE::404::NotFound::Token not found!::
[2025-04-09T03:50:15.699Z] [error]: HIDE::404::NotFound::Token not found!::
[2025-04-09T03:50:15.719Z] [error]: HIDE::404::NotFound::Token not found!::
[2025-04-09T03:50:15.732Z] [error]: HIDE::404::NotFound::Token not found!::
[2025-04-09T03:50:15.748Z] [error]: HIDE::404::NotFound::Token not found!::
[2025-04-09T03:50:15.768Z] [error]: HIDE::404::NotFound::Token not found!::
[2025-04-09T03:50:15.786Z] [error]: HIDE::404::NotFound::Token not found!::
[2025-04-09T03:50:15.802Z] [error]: HIDE::404::NotFound::Token not found!::
[2025-04-09T03:50:15.819Z] [error]: HIDE::404::NotFound::Token not found!::
[2025-04-09T03:50:15.832Z] [error]: HIDE::404::NotFound::Token not found!::
[2025-04-09T03:50:15.850Z] [error]: HIDE::404::NotFound::Token not found!::
[2025-04-09T03:50:15.863Z] [error]: HIDE::404::NotFound::Token not found!::
[2025-04-09T03:50:15.880Z] [error]: HIDE::404::NotFound::Token not found!::
[2025-04-09T03:50:15.899Z] [error]: HIDE::404::NotFound::Token not found!::
[2025-04-09T03:50:15.913Z] [error]: HIDE::404::NotFound::Token not found!::
[2025-04-09T03:50:15.928Z] [error]: HIDE::404::NotFound::Token not found!::
[2025-04-09T03:50:15.941Z] [error]: HIDE::404::NotFound::Token not found!::
[2025-04-09T03:50:15.958Z] [error]: HIDE::404::NotFound::Token not found!::
[2025-04-09T03:50:15.977Z] [error]: HIDE::404::NotFound::Token not found!::
[2025-04-09T03:50:15.991Z] [error]: HIDE::404::NotFound::Token not found!::
[2025-04-09T03:50:16.009Z] [error]: HIDE::404::NotFound::Token not found!::
[2025-04-09T03:50:16.028Z] [error]: HIDE::404::NotFound::Token not found!::
[2025-04-09T03:50:16.049Z] [error]: HIDE::404::NotFound::Token not found!::
[2025-04-09T03:50:16.066Z] [error]: HIDE::404::NotFound::Token not found!::
[2025-04-09T03:50:16.089Z] [error]: HIDE::404::NotFound::Token not found!::
[2025-04-09T03:50:16.111Z] [error]: HIDE::404::NotFound::Token not found!::
[2025-04-09T03:50:16.132Z] [error]: HIDE::404::NotFound::Token not found!::
[2025-04-09T03:50:16.147Z] [error]: HIDE::404::NotFound::Token not found!::
[2025-04-09T03:50:16.170Z] [error]: HIDE::404::NotFound::Token not found!::
[2025-04-09T03:50:16.190Z] [error]: HIDE::404::NotFound::Token not found!::
[2025-04-09T03:50:16.209Z] [error]: HIDE::404::NotFound::Token not found!::
[2025-04-09T03:50:16.226Z] [error]: HIDE::404::NotFound::Token not found!::
[2025-04-09T03:50:16.245Z] [error]: HIDE::404::NotFound::Token not found!::
[2025-04-09T03:50:16.264Z] [error]: HIDE::404::NotFound::Token not found!::
[2025-04-09T03:50:16.285Z] [error]: HIDE::404::NotFound::Token not found!::
[2025-04-09T03:50:16.302Z] [error]: HIDE::404::NotFound::Token not found!::
[2025-04-09T03:50:16.319Z] [error]: HIDE::404::NotFound::Token not found!::
[2025-04-09T03:50:16.350Z] [error]: HIDE::404::NotFound::Token not found!::
[2025-04-09T03:50:18.996Z] [error]: HIDE::404::NotFound::Token not found!::
[2025-04-09T03:50:19.003Z] [error]: HIDE::404::NotFound::Token not found!::
[2025-04-09T03:51:16.834Z] [error]: HIDE::403::Forbidden::Token is expired or invalid!::
[2025-04-09T03:51:16.847Z] [error]: HIDE::403::Forbidden::Token is expired or invalid!::
[2025-04-09T03:51:18.863Z] [error]: HIDE::403::Forbidden::Token not found!::
[2025-04-09T03:51:18.868Z] [error]: HIDE::403::Forbidden::Token not found!::
[2025-04-09T03:51:49.494Z] [error]: HIDE::403::Forbidden::Token is expired or invalid!::
[2025-04-09T03:51:49.512Z] [error]: HIDE::403::Forbidden::Token is expired or invalid!::
[2025-04-09T03:53:08.121Z] [error]: HIDE::403::Forbidden::Token is expired or invalid!::
[2025-04-09T03:53:08.131Z] [error]: HIDE::403::Forbidden::Token is expired or invalid!::
[2025-04-09T03:55:47.922Z] [error]: HIDE::403::Forbidden::Token is expired or invalid!::
[2025-04-09T03:55:47.932Z] [error]: HIDE::403::Forbidden::Token is expired or invalid!::
[2025-04-09T03:55:47.982Z] [error]: HIDE::403::Forbidden::Token is invalid!::
