[2025-05-24T02:26:02.093Z] [error]: Redis error: Error: Failed to connect
[2025-05-24T02:26:02.101Z] [error]: Redis error: Error: Failed to connect
[2025-05-24T02:26:02.150Z] [error]: Redis error: Error: Failed to connect
[2025-05-24T02:26:02.249Z] [error]: Redis error: Error: Failed to connect
[2025-05-24T02:26:02.389Z] [error]: Redis error: Error: Failed to connect
[2025-05-24T02:26:02.579Z] [error]: Redis error: Error: Failed to connect
[2025-05-24T02:26:02.816Z] [error]: Redis error: Error: Failed to connect
[2025-05-24T02:26:03.095Z] [error]: Redis error: Error: Failed to connect
[2025-05-24T02:26:03.423Z] [error]: Redis error: Error: Failed to connect
[2025-05-24T02:26:03.797Z] [error]: Redis error: Error: Failed to connect
[2025-05-24T02:26:04.223Z] [error]: Redis error: Error: Failed to connect
[2025-05-24T02:26:04.701Z] [error]: Redis error: Error: Failed to connect
[2025-05-24T02:26:05.177Z] [error]: Redis error: Error: Failed to connect
[2025-05-24T02:26:05.649Z] [error]: Redis error: Error: Failed to connect
[2025-05-24T02:26:06.125Z] [error]: Redis error: Error: Failed to connect
[2025-05-24T02:26:06.593Z] [error]: Redis error: Error: Failed to connect
[2025-05-24T02:26:07.070Z] [error]: Redis error: Error: Failed to connect
[2025-05-24T02:26:07.545Z] [error]: Redis error: Error: Failed to connect
[2025-05-24T02:26:08.021Z] [error]: Redis error: Error: Failed to connect
[2025-05-24T02:26:08.491Z] [error]: Redis error: Error: Failed to connect
[2025-05-24T02:26:08.967Z] [error]: Redis error: Error: Failed to connect
[2025-05-24T02:26:09.442Z] [error]: Redis error: Error: Failed to connect
[2025-05-24T02:26:09.902Z] [error]: Redis error: Error: Failed to connect
[2025-05-24T02:26:10.372Z] [error]: Redis error: Error: Failed to connect
[2025-05-24T02:26:10.848Z] [error]: Redis error: Error: Failed to connect
[2025-05-24T02:26:11.314Z] [error]: Redis error: Error: Failed to connect
[2025-05-24T02:26:11.790Z] [error]: Redis error: Error: Failed to connect
[2025-05-24T02:26:12.268Z] [error]: Redis error: Error: Failed to connect
[2025-05-24T02:26:12.743Z] [error]: Redis error: Error: Failed to connect
[2025-05-24T02:26:13.221Z] [error]: Redis error: Error: Failed to connect
[2025-05-24T02:26:13.697Z] [error]: Redis error: Error: Failed to connect
[2025-05-24T02:26:14.174Z] [error]: Redis error: Error: Failed to connect
[2025-05-24T02:26:14.646Z] [error]: Redis error: Error: Failed to connect
[2025-05-24T02:26:15.124Z] [error]: Redis error: Error: Failed to connect
[2025-05-24T02:26:15.594Z] [error]: Redis error: Error: Failed to connect
[2025-05-24T02:26:16.071Z] [error]: Redis error: Error: Failed to connect
[2025-05-24T02:26:16.547Z] [error]: Redis error: Error: Failed to connect
[2025-05-24T02:26:17.022Z] [error]: Redis error: Error: Failed to connect
[2025-05-24T02:26:17.493Z] [error]: Redis error: Error: Failed to connect
[2025-05-24T02:26:17.958Z] [error]: Redis error: Error: Failed to connect
[2025-05-24T02:26:18.433Z] [error]: Redis error: Error: Failed to connect
[2025-05-24T02:26:18.911Z] [error]: Redis error: Error: Failed to connect
[2025-05-24T02:26:19.382Z] [error]: Redis error: Error: Failed to connect
[2025-05-24T02:26:19.857Z] [error]: Redis error: Error: Failed to connect
[2025-05-24T02:26:20.324Z] [error]: Redis error: Error: Failed to connect
[2025-05-24T02:26:20.799Z] [error]: Redis error: Error: Failed to connect
[2025-05-24T02:26:21.268Z] [error]: Redis error: Error: Failed to connect
[2025-05-24T02:26:24.673Z] [error]: Redis error: Error: Failed to connect
[2025-05-24T02:26:25.150Z] [error]: Redis error: Error: Failed to connect
[2025-05-24T02:26:25.625Z] [error]: Redis error: Error: Failed to connect
[2025-05-24T02:26:26.102Z] [error]: Redis error: Error: Failed to connect
[2025-05-24T02:26:26.573Z] [error]: Redis error: Error: Failed to connect
[2025-05-24T02:26:27.048Z] [error]: Redis error: Error: Failed to connect
[2025-05-24T02:26:27.514Z] [error]: Redis error: Error: Failed to connect
[2025-05-24T02:26:27.989Z] [error]: Redis error: Error: Failed to connect
[2025-05-24T02:26:28.462Z] [error]: Redis error: Error: Failed to connect
[2025-05-24T02:26:28.931Z] [error]: Redis error: Error: Failed to connect
[2025-05-24T02:26:29.400Z] [error]: Redis error: Error: Failed to connect
[2025-05-24T02:26:29.875Z] [error]: Redis error: Error: Failed to connect
[2025-05-24T02:26:30.351Z] [error]: Redis error: Error: Failed to connect
[2025-05-24T02:26:30.826Z] [error]: Redis error: Error: Failed to connect
[2025-05-24T02:26:31.295Z] [error]: Redis error: Error: Failed to connect
[2025-05-24T02:26:31.770Z] [error]: Redis error: Error: Failed to connect
[2025-05-24T02:26:32.234Z] [error]: Redis error: Error: Failed to connect
[2025-05-24T02:26:32.709Z] [error]: Redis error: Error: Failed to connect
[2025-05-24T02:26:33.184Z] [error]: Redis error: Error: Failed to connect
[2025-05-24T02:26:33.661Z] [error]: Redis error: Error: Failed to connect
[2025-05-24T02:26:34.138Z] [error]: Redis error: Error: Failed to connect
[2025-05-24T02:26:34.613Z] [error]: Redis error: Error: Failed to connect
[2025-05-24T02:26:35.088Z] [error]: Redis error: Error: Failed to connect
[2025-05-24T02:26:35.557Z] [error]: Redis error: Error: Failed to connect
[2025-05-24T02:26:36.032Z] [error]: Redis error: Error: Failed to connect
[2025-05-24T02:26:36.508Z] [error]: Redis error: Error: Failed to connect
[2025-05-24T02:26:36.982Z] [error]: Redis error: Error: Failed to connect
[2025-05-24T02:26:37.454Z] [error]: Redis error: Error: Failed to connect
[2025-05-24T02:26:37.930Z] [error]: Redis error: Error: Failed to connect
[2025-05-24T02:26:38.397Z] [error]: Redis error: Error: Failed to connect
[2025-05-24T02:26:38.872Z] [error]: Redis error: Error: Failed to connect
[2025-05-24T02:26:39.345Z] [error]: Redis error: Error: Failed to connect
[2025-05-24T02:26:39.820Z] [error]: Redis error: Error: Failed to connect
[2025-05-24T02:26:40.289Z] [error]: Redis error: Error: Failed to connect
[2025-05-24T02:26:40.764Z] [error]: Redis error: Error: Failed to connect
[2025-05-24T02:26:41.228Z] [error]: Redis error: Error: Failed to connect
[2025-05-24T02:26:41.704Z] [error]: Redis error: Error: Failed to connect
[2025-05-24T02:26:42.180Z] [error]: Redis error: Error: Failed to connect
[2025-05-24T02:26:42.656Z] [error]: Redis error: Error: Failed to connect
[2025-05-24T02:26:43.131Z] [error]: Redis error: Error: Failed to connect
[2025-05-24T02:26:43.603Z] [error]: Redis error: Error: Failed to connect
[2025-05-24T02:26:44.079Z] [error]: Redis error: Error: Failed to connect
[2025-05-24T02:26:44.548Z] [error]: Redis error: Error: Failed to connect
[2025-05-24T02:26:45.023Z] [error]: Redis error: Error: Failed to connect
[2025-05-24T02:26:45.498Z] [error]: Redis error: Error: Failed to connect
[2025-05-24T02:26:45.973Z] [error]: Redis error: Error: Failed to connect
[2025-05-24T02:26:46.445Z] [error]: Redis error: Error: Failed to connect
[2025-05-24T02:26:46.920Z] [error]: Redis error: Error: Failed to connect
[2025-05-24T02:26:47.387Z] [error]: Redis error: Error: Failed to connect
[2025-05-24T02:26:47.862Z] [error]: Redis error: Error: Failed to connect
[2025-05-24T02:26:48.336Z] [error]: Redis error: Error: Failed to connect
[2025-05-24T02:26:48.811Z] [error]: Redis error: Error: Failed to connect
[2025-05-24T02:26:49.279Z] [error]: Redis error: Error: Failed to connect
[2025-05-24T02:26:49.755Z] [error]: Redis error: Error: Failed to connect
[2025-05-24T02:26:50.220Z] [error]: Redis error: Error: Failed to connect
[2025-05-24T02:26:50.695Z] [error]: Redis error: Error: Failed to connect
[2025-05-24T02:26:51.170Z] [error]: Redis error: Error: Failed to connect
[2025-05-24T02:26:51.647Z] [error]: Redis error: Error: Failed to connect
[2025-05-24T02:26:52.122Z] [error]: Redis error: Error: Failed to connect
[2025-05-24T02:26:52.595Z] [error]: Redis error: Error: Failed to connect
[2025-05-24T02:26:53.069Z] [error]: Redis error: Error: Failed to connect
[2025-05-24T02:26:53.537Z] [error]: Redis error: Error: Failed to connect
[2025-05-24T02:26:54.013Z] [error]: Redis error: Error: Failed to connect
[2025-05-24T02:26:54.487Z] [error]: Redis error: Error: Failed to connect
[2025-05-24T02:26:54.962Z] [error]: Redis error: Error: Failed to connect
[2025-05-24T02:26:55.434Z] [error]: Redis error: Error: Failed to connect
[2025-05-24T02:26:55.909Z] [error]: Redis error: Error: Failed to connect
[2025-05-24T02:26:56.375Z] [error]: Redis error: Error: Failed to connect
[2025-05-24T02:26:59.782Z] [error]: Redis error: Error: Failed to connect
[2025-05-24T02:27:00.253Z] [error]: Redis error: Error: Failed to connect
[2025-05-24T02:27:00.728Z] [error]: Redis error: Error: Failed to connect
[2025-05-24T02:27:01.193Z] [error]: Redis error: Error: Failed to connect
[2025-05-24T02:27:01.668Z] [error]: Redis error: Error: Failed to connect
[2025-05-24T02:27:02.147Z] [error]: Redis error: Error: Failed to connect
[2025-05-24T02:27:02.622Z] [error]: Redis error: Error: Failed to connect
[2025-05-24T02:27:03.094Z] [error]: Redis error: Error: Failed to connect
[2025-05-24T02:27:03.568Z] [error]: Redis error: Error: Failed to connect
[2025-05-24T02:27:04.043Z] [error]: Redis error: Error: Failed to connect
[2025-05-24T02:27:04.514Z] [error]: Redis error: Error: Failed to connect
[2025-05-24T02:27:04.990Z] [error]: Redis error: Error: Failed to connect
[2025-05-24T02:27:05.457Z] [error]: Redis error: Error: Failed to connect
[2025-05-24T02:27:05.932Z] [error]: Redis error: Error: Failed to connect
[2025-05-24T02:27:06.406Z] [error]: Redis error: Error: Failed to connect
[2025-05-24T02:27:06.882Z] [error]: Redis error: Error: Failed to connect
[2025-05-24T02:27:07.350Z] [error]: Redis error: Error: Failed to connect
[2025-05-24T02:27:07.813Z] [error]: Redis error: Error: Failed to connect
[2025-05-24T02:27:08.287Z] [error]: Redis error: Error: Failed to connect
[2025-05-24T02:27:08.761Z] [error]: Redis error: Error: Failed to connect
[2025-05-24T02:27:09.230Z] [error]: Redis error: Error: Failed to connect
[2025-05-24T02:27:09.705Z] [error]: Redis error: Error: Failed to connect
[2025-05-24T02:27:10.168Z] [error]: Redis error: Error: Failed to connect
[2025-05-24T02:27:10.644Z] [error]: Redis error: Error: Failed to connect
[2025-05-24T02:27:11.120Z] [error]: Redis error: Error: Failed to connect
[2025-05-24T02:27:11.597Z] [error]: Redis error: Error: Failed to connect
[2025-05-24T02:27:12.073Z] [error]: Redis error: Error: Failed to connect
[2025-05-24T02:27:12.547Z] [error]: Redis error: Error: Failed to connect
[2025-05-24T02:27:13.022Z] [error]: Redis error: Error: Failed to connect
[2025-05-24T02:27:13.492Z] [error]: Redis error: Error: Failed to connect
[2025-05-24T02:27:13.966Z] [error]: Redis error: Error: Failed to connect
[2025-05-24T02:27:14.441Z] [error]: Redis error: Error: Failed to connect
[2025-05-24T02:27:14.915Z] [error]: Redis error: Error: Failed to connect
[2025-05-24T02:27:15.387Z] [error]: Redis error: Error: Failed to connect
[2025-05-24T02:27:15.854Z] [error]: Redis error: Error: Failed to connect
[2025-05-24T02:27:16.329Z] [error]: Redis error: Error: Failed to connect
[2025-05-24T02:27:16.805Z] [error]: Redis error: Error: Failed to connect
[2025-05-24T02:27:17.277Z] [error]: Redis error: Error: Failed to connect
[2025-05-24T02:27:17.753Z] [error]: Redis error: Error: Failed to connect
[2025-05-24T02:27:18.219Z] [error]: Redis error: Error: Failed to connect
[2025-05-24T02:27:18.696Z] [error]: Redis error: Error: Failed to connect
[2025-05-24T02:27:19.159Z] [error]: Redis error: Error: Failed to connect
[2025-05-24T02:27:21.448Z] [error]: Redis error: Error: Failed to connect
[2025-05-24T02:27:21.950Z] [error]: Redis error: Error: Failed to connect
[2025-05-24T02:27:22.451Z] [error]: Redis error: Error: Failed to connect
[2025-05-24T02:27:22.966Z] [error]: Redis error: Error: Failed to connect
[2025-05-24T02:27:23.469Z] [error]: Redis error: Error: Failed to connect
[2025-05-24T02:27:23.975Z] [error]: Redis error: Error: Failed to connect
[2025-05-24T02:27:24.477Z] [error]: Redis error: Error: Failed to connect
[2025-05-24T02:27:24.981Z] [error]: Redis error: Error: Failed to connect
[2025-05-24T02:27:25.483Z] [error]: Redis error: Error: Failed to connect
[2025-05-24T02:27:25.987Z] [error]: Redis error: Error: Failed to connect
[2025-05-24T02:27:26.490Z] [error]: Redis error: Error: Failed to connect
[2025-05-24T02:27:26.994Z] [error]: Redis error: Error: Failed to connect
[2025-05-24T02:27:27.496Z] [error]: Redis error: Error: Failed to connect
[2025-05-24T02:27:28.000Z] [error]: Redis error: Error: Failed to connect
[2025-05-24T02:27:28.502Z] [error]: Redis error: Error: Failed to connect
[2025-05-24T02:27:29.004Z] [error]: Redis error: Error: Failed to connect
[2025-05-24T02:27:29.506Z] [error]: Redis error: Error: Failed to connect
[2025-05-24T02:27:30.010Z] [error]: Redis error: Error: Failed to connect
[2025-05-24T02:27:30.512Z] [error]: Redis error: Error: Failed to connect
[2025-05-24T02:52:17.466Z] [error]: HIDE::400::Error::Mail command failed: 530-5.7.0 Authentication Required. For more information, go to
530 5.7.0  https://support.google.com/accounts/troubleshooter/2402620. 41be03b00d2f7-b26eaf8db5csm13443094a12.34 - gsmtp::
[2025-05-24T02:52:41.985Z] [error]: Client must be connected before running operations
[2025-05-24T02:54:21.907Z] [error]: HIDE::404::NotFound::Route is not exists::
[2025-05-24T02:54:22.780Z] [error]: HIDE::404::NotFound::Route is not exists::
[2025-05-24T02:54:24.484Z] [error]: HIDE::404::NotFound::Route is not exists::
[2025-05-24T02:54:30.629Z] [error]: HIDE::400::Error::Mail command failed: 530-5.7.0 Authentication Required. For more information, go to
530 5.7.0  https://support.google.com/accounts/troubleshooter/2402620. d2e1a72fcca58-742a96e224asm13448781b3a.36 - gsmtp::
[2025-05-24T02:55:00.009Z] [error]: Client must be connected before running operations
[2025-05-24T02:55:11.444Z] [error]: HIDE::400::MongoNotConnectedError::Client must be connected before running operations::
[2025-05-24T02:55:13.704Z] [error]: HIDE::400::MongoNotConnectedError::Client must be connected before running operations::
[2025-05-24T02:56:04.876Z] [error]: HIDE::400::Error::Mail command failed: 530-5.7.0 Authentication Required. For more information, go to
530 5.7.0  https://support.google.com/accounts/troubleshooter/2402620. d9443c01a7336-23416a0ec26sm4448555ad.196 - gsmtp::
[2025-05-24T02:58:38.618Z] [error]: HIDE::400::Error::Mail command failed: 530-5.7.0 Authentication Required. For more information, go to
530 5.7.0  https://support.google.com/accounts/troubleshooter/2402620. d9443c01a7336-231d4eedb92sm130253645ad.258 - gsmtp::
[2025-05-24T02:59:00.015Z] [error]: Client must be connected before running operations
[2025-05-24T02:59:00.016Z] [error]: Client must be connected before running operations
[2025-05-24T02:59:05.989Z] [error]: HIDE::400::MongoNotConnectedError::Client must be connected before running operations::
[2025-05-24T02:59:07.222Z] [error]: HIDE::400::MongoNotConnectedError::Client must be connected before running operations::
[2025-05-24T02:59:07.671Z] [error]: HIDE::400::MongoNotConnectedError::Client must be connected before running operations::
[2025-05-24T02:59:07.993Z] [error]: HIDE::400::MongoNotConnectedError::Client must be connected before running operations::
[2025-05-24T02:59:08.299Z] [error]: HIDE::400::MongoNotConnectedError::Client must be connected before running operations::
[2025-05-24T02:59:08.452Z] [error]: HIDE::400::MongoNotConnectedError::Client must be connected before running operations::
[2025-05-24T02:59:25.033Z] [error]: HIDE::400::Error::Mail command failed: 530-5.7.0 Authentication Required. For more information, go to
530 5.7.0  https://support.google.com/accounts/troubleshooter/2402620. 41be03b00d2f7-b26eaf8e13csm13459941a12.45 - gsmtp::
[2025-05-24T03:00:18.502Z] [error]: HIDE::400::Error::Mail command failed: 530-5.7.0 Authentication Required. For more information, go to
530 5.7.0  https://support.google.com/accounts/troubleshooter/2402620. d2e1a72fcca58-742a970bd2asm13387353b3a.44 - gsmtp::
[2025-05-24T03:01:09.126Z] [error]: HIDE::400::BadRequest::OTP is not valid::
[2025-05-24T03:01:55.910Z] [error]: HIDE::404::NotFound::Username or password is not correct!::
[2025-05-24T03:02:17.177Z] [error]: HIDE::404::NotFound::Username or password is not correct!::
[2025-05-24T03:02:19.417Z] [error]: HIDE::404::NotFound::Username or password is not correct!::
[2025-05-24T03:02:21.572Z] [error]: HIDE::404::NotFound::Username or password is not correct!::
[2025-05-24T03:02:24.300Z] [error]: HIDE::404::NotFound::Username or password is not correct!::
[2025-05-24T03:02:26.627Z] [error]: HIDE::400::ValidationError::"password" with value "Anhnam9ce" fails to match the required pattern: /^(?=.*[a-z])(?=.*[A-Z])(?=.*\d)(?=.*[@$!%*?&])[A-Za-z\d@$!%*?&]{8,}$/::
[2025-05-24T03:02:28.651Z] [error]: HIDE::404::NotFound::Username or password is not correct!::
[2025-05-24T03:02:33.815Z] [error]: HIDE::404::NotFound::Username or password is not correct!::
[2025-05-24T03:02:47.219Z] [error]: HIDE::403::Forbidden::Invalid token!::
[2025-05-24T03:05:21.228Z] [error]: Client must be connected before running operations
[2025-05-24T03:48:41.441Z] [error]: HIDE::400::BadRequest::OTP is exists and not expired::
[2025-05-24T03:48:42.618Z] [error]: HIDE::400::BadRequest::OTP is exists and not expired::
[2025-05-24T03:48:42.888Z] [error]: HIDE::400::BadRequest::OTP is exists and not expired::
[2025-05-24T03:48:43.188Z] [error]: HIDE::400::BadRequest::OTP is exists and not expired::
[2025-05-24T04:42:59.207Z] [error]: HIDE::400::BadRequest::OTP is exists and not expired::
[2025-05-24T04:43:00.155Z] [error]: HIDE::400::BadRequest::OTP is exists and not expired::
[2025-05-24T04:43:00.765Z] [error]: HIDE::400::BadRequest::OTP is exists and not expired::
[2025-05-24T04:43:01.544Z] [error]: HIDE::400::BadRequest::OTP is exists and not expired::
[2025-05-24T04:43:01.953Z] [error]: HIDE::400::BadRequest::OTP is exists and not expired::
[2025-05-24T04:44:50.894Z] [error]: HIDE::400::BadRequest::OTP is exists and not expired::
[2025-05-24T04:44:51.808Z] [error]: HIDE::400::BadRequest::OTP is exists and not expired::
[2025-05-24T04:44:52.247Z] [error]: HIDE::400::BadRequest::OTP is exists and not expired::
[2025-05-24T04:44:52.578Z] [error]: HIDE::400::BadRequest::OTP is exists and not expired::
[2025-05-24T04:44:52.976Z] [error]: HIDE::400::BadRequest::OTP is exists and not expired::
[2025-05-24T04:44:53.346Z] [error]: HIDE::400::BadRequest::OTP is exists and not expired::
[2025-05-24T04:44:53.745Z] [error]: HIDE::400::BadRequest::OTP is exists and not expired::
[2025-05-24T04:44:54.117Z] [error]: HIDE::400::BadRequest::OTP is exists and not expired::
[2025-05-24T04:44:54.480Z] [error]: HIDE::400::BadRequest::OTP is exists and not expired::
[2025-05-24T04:44:54.817Z] [error]: HIDE::400::BadRequest::OTP is exists and not expired::
[2025-05-24T04:44:55.129Z] [error]: HIDE::400::BadRequest::OTP is exists and not expired::
[2025-05-24T04:44:55.512Z] [error]: HIDE::400::BadRequest::OTP is exists and not expired::
[2025-05-24T04:44:55.831Z] [error]: HIDE::400::BadRequest::OTP is exists and not expired::
[2025-05-24T04:44:56.596Z] [error]: HIDE::400::BadRequest::OTP is exists and not expired::
[2025-05-24T04:44:57.004Z] [error]: HIDE::400::BadRequest::OTP is exists and not expired::
[2025-05-24T04:44:57.403Z] [error]: HIDE::400::BadRequest::OTP is exists and not expired::
[2025-05-24T04:44:57.739Z] [error]: HIDE::400::BadRequest::OTP is exists and not expired::
[2025-05-24T04:44:58.070Z] [error]: HIDE::400::BadRequest::OTP is exists and not expired::
[2025-05-24T04:44:58.358Z] [error]: HIDE::400::BadRequest::OTP is exists and not expired::
[2025-05-24T04:44:59.181Z] [error]: HIDE::400::BadRequest::OTP is exists and not expired::
[2025-05-24T04:44:59.579Z] [error]: HIDE::400::BadRequest::OTP is exists and not expired::
[2025-05-24T04:44:59.868Z] [error]: HIDE::400::BadRequest::OTP is exists and not expired::
[2025-05-24T04:45:00.144Z] [error]: HIDE::400::BadRequest::OTP is exists and not expired::
[2025-05-24T04:45:00.351Z] [error]: HIDE::400::BadRequest::OTP is exists and not expired::
[2025-05-24T04:45:00.506Z] [error]: HIDE::400::BadRequest::OTP is exists and not expired::
[2025-05-24T04:46:12.797Z] [error]: HIDE::400::BadRequest::Gửi OTP quá nhiều, vui lòng chờ giây lát và thử lại!::
[2025-05-24T04:52:15.387Z] [error]: HIDE::403::Forbidden::Username or password is not correct!::
[2025-05-24T05:40:11.401Z] [error]: HIDE::403::Forbidden::Username or password is not correct!::
[2025-05-24T05:40:13.833Z] [error]: HIDE::403::Forbidden::Username or password is not correct!::
[2025-05-24T05:44:55.959Z] [error]: HIDE::403::Forbidden::Token not found!::
[2025-05-24T05:50:03.951Z] [error]: HIDE::403::Forbidden::Token not found!::
[2025-05-24T05:50:20.231Z] [error]: HIDE::403::Forbidden::Username or password is not correct!::
[2025-05-24T05:55:44.277Z] [error]: HIDE::403::Forbidden::Token not found!::
[2025-05-24T05:56:00.443Z] [error]: HIDE::403::Forbidden::Token not found!::
[2025-05-24T06:01:50.556Z] [error]: HIDE::403::Forbidden::Token not found!::
[2025-05-24T06:01:57.644Z] [error]: HIDE::403::Forbidden::Token is expired or invalid!::
[2025-05-24T06:02:01.712Z] [error]: HIDE::403::Forbidden::Username or password is not correct!::
[2025-05-24T06:12:59.176Z] [error]: HIDE::403::Forbidden::Token is expired or invalid!::
[2025-05-24T06:25:27.671Z] [error]: HIDE::403::Forbidden::Token not found!::
[2025-05-24T06:27:58.654Z] [error]: HIDE::403::Forbidden::Token not found!::
