[2025-03-28T17:00:00.010Z] [info]: Cleanup key token: 4 key token cleaned
[2025-03-28T17:00:00.011Z] [info]: Cleanup key token: 0 refresh token used cleaned
[2025-03-28T17:00:00.014Z] [info]: Cleanup product: Cleaned 0 products
[2025-03-28T17:01:00.010Z] [info]: Cleanup key token: 4 key token cleaned
[2025-03-28T17:01:00.010Z] [info]: Cleanup key token: 0 refresh token used cleaned
[2025-03-28T17:01:00.012Z] [info]: Cleanup product: Cleaned 0 products
[2025-03-28T17:02:00.013Z] [info]: Cleanup key token: 4 key token cleaned
[2025-03-28T17:02:00.013Z] [info]: Cleanup key token: 0 refresh token used cleaned
[2025-03-28T17:02:00.014Z] [info]: Cleanup product: Cleaned 0 products
[2025-03-28T17:03:00.014Z] [info]: Cleanup key token: 4 key token cleaned
[2025-03-28T17:03:00.015Z] [info]: Cleanup key token: 0 refresh token used cleaned
[2025-03-28T17:03:00.015Z] [info]: Cleanup product: Cleaned 0 products
[2025-03-28T17:04:00.017Z] [info]: Cleanup key token: 4 key token cleaned
[2025-03-28T17:04:00.017Z] [info]: Cleanup key token: 0 refresh token used cleaned
[2025-03-28T17:04:00.022Z] [info]: Cleanup product: Cleaned 0 products
[2025-03-28T17:05:00.013Z] [info]: Cleanup key token: 4 key token cleaned
[2025-03-28T17:05:00.014Z] [info]: Cleanup key token: 0 refresh token used cleaned
[2025-03-28T17:05:00.017Z] [info]: Cleanup product: Cleaned 0 products
[2025-03-28T17:06:00.014Z] [info]: Cleanup key token: 4 key token cleaned
[2025-03-28T17:06:00.014Z] [info]: Cleanup key token: 0 refresh token used cleaned
[2025-03-28T17:06:00.018Z] [info]: Cleanup product: Cleaned 0 products
[2025-03-28T17:07:00.991Z] [info]: Cleanup key token: 4 key token cleaned
[2025-03-28T17:07:00.991Z] [info]: Cleanup key token: 0 refresh token used cleaned
[2025-03-28T17:07:00.995Z] [info]: Cleanup product: Cleaned 0 products
[2025-03-28T17:08:00.012Z] [info]: Cleanup key token: 4 key token cleaned
[2025-03-28T17:08:00.012Z] [info]: Cleanup key token: 0 refresh token used cleaned
[2025-03-28T17:08:00.013Z] [info]: Cleanup product: Cleaned 0 products
[2025-03-28T17:09:00.011Z] [info]: Cleanup key token: 4 key token cleaned
[2025-03-28T17:09:00.011Z] [info]: Cleanup key token: 0 refresh token used cleaned
[2025-03-28T17:09:00.012Z] [info]: Cleanup product: Cleaned 0 products
[2025-03-28T17:10:00.013Z] [info]: Cleanup key token: 4 key token cleaned
[2025-03-28T17:10:00.014Z] [info]: Cleanup key token: 0 refresh token used cleaned
[2025-03-28T17:10:00.014Z] [info]: Cleanup product: Cleaned 0 products
[2025-03-28T17:11:00.013Z] [info]: Cleanup key token: 4 key token cleaned
[2025-03-28T17:11:00.013Z] [info]: Cleanup key token: 0 refresh token used cleaned
[2025-03-28T17:11:00.015Z] [info]: Cleanup product: Cleaned 0 products
[2025-03-28T17:12:00.022Z] [info]: Cleanup key token: 4 key token cleaned
[2025-03-28T17:12:00.023Z] [info]: Cleanup key token: 0 refresh token used cleaned
[2025-03-28T17:12:00.029Z] [info]: Cleanup product: Cleaned 0 products
[2025-03-28T17:13:00.011Z] [info]: Cleanup key token: 4 key token cleaned
[2025-03-28T17:13:00.011Z] [info]: Cleanup key token: 0 refresh token used cleaned
[2025-03-28T17:13:00.013Z] [info]: Cleanup product: Cleaned 0 products
[2025-03-28T17:14:00.009Z] [info]: Cleanup key token: 4 key token cleaned
[2025-03-28T17:14:00.009Z] [info]: Cleanup key token: 0 refresh token used cleaned
[2025-03-28T17:14:00.012Z] [info]: Cleanup product: Cleaned 0 products
[2025-03-28T17:15:00.008Z] [info]: Cleanup key token: 4 key token cleaned
[2025-03-28T17:15:00.008Z] [info]: Cleanup key token: 0 refresh token used cleaned
[2025-03-28T17:15:00.012Z] [info]: Cleanup product: Cleaned 0 products
[2025-03-28T17:16:00.030Z] [info]: Cleanup key token: 4 key token cleaned
[2025-03-28T17:16:00.031Z] [info]: Cleanup key token: 0 refresh token used cleaned
[2025-03-28T17:16:00.039Z] [info]: Cleanup product: Cleaned 0 products
[2025-03-28T17:17:00.006Z] [info]: Cleanup key token: 4 key token cleaned
[2025-03-28T17:17:00.007Z] [info]: Cleanup key token: 0 refresh token used cleaned
[2025-03-28T17:17:00.009Z] [info]: Cleanup product: Cleaned 0 products
[2025-03-28T17:18:00.007Z] [info]: Cleanup key token: 4 key token cleaned
[2025-03-28T17:18:00.007Z] [info]: Cleanup key token: 0 refresh token used cleaned
[2025-03-28T17:18:00.007Z] [info]: Cleanup product: Cleaned 0 products
[2025-03-28T17:19:00.060Z] [info]: Cleanup key token: 4 key token cleaned
[2025-03-28T17:19:00.061Z] [info]: Cleanup key token: 0 refresh token used cleaned
[2025-03-28T17:19:00.067Z] [info]: Cleanup product: Cleaned 0 products
[2025-03-28T17:20:00.015Z] [info]: Cleanup key token: 4 key token cleaned
[2025-03-28T17:20:00.016Z] [info]: Cleanup key token: 0 refresh token used cleaned
[2025-03-28T17:20:00.019Z] [info]: Cleanup product: Cleaned 0 products
[2025-03-28T17:21:00.014Z] [info]: Cleanup key token: 4 key token cleaned
[2025-03-28T17:21:00.014Z] [info]: Cleanup key token: 0 refresh token used cleaned
[2025-03-28T17:21:00.016Z] [info]: Cleanup product: Cleaned 0 products
[2025-03-28T17:22:00.010Z] [info]: Cleanup key token: 4 key token cleaned
[2025-03-28T17:22:00.010Z] [info]: Cleanup key token: 0 refresh token used cleaned
[2025-03-28T17:22:00.010Z] [info]: Cleanup product: Cleaned 0 products
[2025-03-28T17:47:00.042Z] [info]: Cleanup key token: 4 key token cleaned
[2025-03-28T17:47:00.043Z] [info]: Cleanup key token: 0 refresh token used cleaned
[2025-03-28T17:47:00.047Z] [info]: Cleanup product: Cleaned 0 products
[2025-03-28T17:48:00.011Z] [info]: Cleanup key token: 4 key token cleaned
[2025-03-28T17:48:00.011Z] [info]: Cleanup key token: 0 refresh token used cleaned
[2025-03-28T17:48:00.012Z] [info]: Cleanup product: Cleaned 0 products
[2025-03-28T17:49:00.013Z] [info]: Cleanup key token: 4 key token cleaned
[2025-03-28T17:49:00.014Z] [info]: Cleanup key token: 0 refresh token used cleaned
[2025-03-28T17:49:00.014Z] [info]: Cleanup product: Cleaned 0 products
[2025-03-28T17:50:00.010Z] [info]: Cleanup key token: 4 key token cleaned
[2025-03-28T17:50:00.010Z] [info]: Cleanup key token: 0 refresh token used cleaned
[2025-03-28T17:50:00.012Z] [info]: Cleanup product: Cleaned 0 products
[2025-03-28T17:50:22.725Z] [info]: Server closed
[2025-03-28T17:50:22.744Z] [info]: Server closed
[2025-03-28T17:50:22.756Z] [info]: Server closed
[2025-03-28T17:50:22.756Z] [info]: Server closed
[2025-03-28T17:51:00.019Z] [info]: Cleanup key token: 4 key token cleaned
[2025-03-28T17:51:00.020Z] [info]: Cleanup key token: 0 refresh token used cleaned
[2025-03-28T17:51:00.024Z] [info]: Cleanup product: Cleaned 0 products
[2025-03-28T17:52:00.035Z] [info]: Cleanup key token: 4 key token cleaned
[2025-03-28T17:52:00.035Z] [info]: Cleanup key token: 0 refresh token used cleaned
[2025-03-28T17:52:00.040Z] [info]: Cleanup product: Cleaned 0 products
[2025-03-28T17:53:00.051Z] [info]: Cleanup key token: 4 key token cleaned
[2025-03-28T17:53:00.051Z] [info]: Cleanup key token: 0 refresh token used cleaned
[2025-03-28T17:53:00.058Z] [info]: Cleanup product: Cleaned 0 products
[2025-03-28T17:54:00.023Z] [info]: Cleanup key token: 4 key token cleaned
[2025-03-28T17:54:00.023Z] [info]: Cleanup key token: 0 refresh token used cleaned
[2025-03-28T17:54:00.028Z] [info]: Cleanup product: Cleaned 0 products
[2025-03-28T17:55:00.009Z] [info]: Cleanup key token: 4 key token cleaned
[2025-03-28T17:55:00.009Z] [info]: Cleanup key token: 0 refresh token used cleaned
[2025-03-28T17:55:00.012Z] [info]: Cleanup product: Cleaned 0 products
[2025-03-28T17:56:00.055Z] [info]: Cleanup key token: 4 key token cleaned
[2025-03-28T17:56:00.056Z] [info]: Cleanup key token: 0 refresh token used cleaned
[2025-03-28T17:56:00.062Z] [info]: Cleanup product: Cleaned 0 products
[2025-03-28T17:57:00.027Z] [info]: Cleanup key token: 4 key token cleaned
[2025-03-28T17:57:00.027Z] [info]: Cleanup key token: 0 refresh token used cleaned
[2025-03-28T17:57:00.028Z] [info]: Cleanup product: Cleaned 0 products
[2025-03-28T17:58:00.010Z] [info]: Cleanup key token: 4 key token cleaned
[2025-03-28T17:58:00.010Z] [info]: Cleanup key token: 0 refresh token used cleaned
[2025-03-28T17:58:00.011Z] [info]: Cleanup product: Cleaned 0 products
[2025-03-28T17:59:00.016Z] [info]: Cleanup key token: 4 key token cleaned
[2025-03-28T17:59:00.017Z] [info]: Cleanup key token: 0 refresh token used cleaned
[2025-03-28T17:59:00.017Z] [info]: Cleanup product: Cleaned 0 products
[2025-03-28T18:00:00.009Z] [info]: Cleanup product: Cleaned 0 products
[2025-03-28T18:00:00.013Z] [info]: Cleanup key token: 4 key token cleaned
[2025-03-28T18:00:00.014Z] [info]: Cleanup key token: 0 refresh token used cleaned
[2025-03-28T18:01:00.024Z] [info]: Cleanup key token: 4 key token cleaned
[2025-03-28T18:01:00.024Z] [info]: Cleanup key token: 0 refresh token used cleaned
[2025-03-28T18:01:00.025Z] [info]: Cleanup product: Cleaned 0 products
[2025-03-28T18:02:00.047Z] [info]: Cleanup key token: 4 key token cleaned
[2025-03-28T18:02:00.047Z] [info]: Cleanup key token: 0 refresh token used cleaned
[2025-03-28T18:02:00.055Z] [info]: Cleanup product: Cleaned 0 products
[2025-03-28T18:03:00.068Z] [info]: Cleanup product: Cleaned 0 products
[2025-03-28T18:03:00.071Z] [info]: Cleanup key token: 4 key token cleaned
[2025-03-28T18:03:00.071Z] [info]: Cleanup key token: 0 refresh token used cleaned
[2025-03-28T18:04:00.034Z] [info]: Cleanup key token: 4 key token cleaned
[2025-03-28T18:04:00.035Z] [info]: Cleanup key token: 0 refresh token used cleaned
[2025-03-28T18:04:00.039Z] [info]: Cleanup product: Cleaned 0 products
[2025-03-28T18:05:00.015Z] [info]: Cleanup key token: 4 key token cleaned
[2025-03-28T18:05:00.015Z] [info]: Cleanup key token: 0 refresh token used cleaned
[2025-03-28T18:05:00.017Z] [info]: Cleanup product: Cleaned 0 products
[2025-03-28T18:06:00.017Z] [info]: Cleanup key token: 4 key token cleaned
[2025-03-28T18:06:00.017Z] [info]: Cleanup key token: 0 refresh token used cleaned
[2025-03-28T18:06:00.021Z] [info]: Cleanup product: Cleaned 0 products
[2025-03-28T18:07:00.019Z] [info]: Cleanup key token: 4 key token cleaned
[2025-03-28T18:07:00.019Z] [info]: Cleanup key token: 0 refresh token used cleaned
[2025-03-28T18:07:00.020Z] [info]: Cleanup product: Cleaned 0 products
[2025-03-28T18:08:00.114Z] [info]: Cleanup key token: 4 key token cleaned
[2025-03-28T18:08:00.115Z] [info]: Cleanup key token: 0 refresh token used cleaned
[2025-03-28T18:08:00.123Z] [info]: Cleanup product: Cleaned 0 products
[2025-03-28T18:08:23.031Z] [info]: Server closed
[2025-03-28T18:08:23.049Z] [info]: Server closed
[2025-03-28T18:08:23.061Z] [info]: Server closed
[2025-03-28T18:09:00.034Z] [info]: Cleanup key token: 4 key token cleaned
[2025-03-28T18:09:00.034Z] [info]: Cleanup key token: 0 refresh token used cleaned
[2025-03-28T18:09:00.036Z] [info]: Cleanup product: Cleaned 0 products
[2025-03-28T18:10:00.010Z] [info]: Cleanup key token: 4 key token cleaned
[2025-03-28T18:10:00.010Z] [info]: Cleanup key token: 0 refresh token used cleaned
[2025-03-28T18:10:00.011Z] [info]: Cleanup product: Cleaned 0 products
[2025-03-28T18:11:00.015Z] [info]: Cleanup key token: 4 key token cleaned
[2025-03-28T18:11:00.015Z] [info]: Cleanup key token: 0 refresh token used cleaned
[2025-03-28T18:11:00.016Z] [info]: Cleanup product: Cleaned 0 products
[2025-03-28T18:12:00.060Z] [info]: Cleanup key token: 4 key token cleaned
[2025-03-28T18:12:00.061Z] [info]: Cleanup key token: 0 refresh token used cleaned
[2025-03-28T18:12:00.064Z] [info]: Cleanup product: Cleaned 0 products
[2025-03-28T18:13:00.033Z] [info]: Cleanup key token: 4 key token cleaned
[2025-03-28T18:13:00.033Z] [info]: Cleanup key token: 0 refresh token used cleaned
[2025-03-28T18:13:00.037Z] [info]: Cleanup product: Cleaned 0 products
[2025-03-28T18:14:00.037Z] [info]: Cleanup key token: 4 key token cleaned
[2025-03-28T18:14:00.038Z] [info]: Cleanup key token: 0 refresh token used cleaned
[2025-03-28T18:14:00.043Z] [info]: Cleanup product: Cleaned 0 products
[2025-03-28T18:15:00.038Z] [info]: Cleanup key token: 4 key token cleaned
[2025-03-28T18:15:00.039Z] [info]: Cleanup key token: 0 refresh token used cleaned
[2025-03-28T18:15:00.040Z] [info]: Cleanup product: Cleaned 0 products
[2025-03-28T18:16:00.030Z] [info]: Cleanup key token: 4 key token cleaned
[2025-03-28T18:16:00.031Z] [info]: Cleanup key token: 0 refresh token used cleaned
[2025-03-28T18:16:00.034Z] [info]: Cleanup product: Cleaned 0 products
[2025-03-28T18:18:00.033Z] [info]: Cleanup key token: 4 key token cleaned
[2025-03-28T18:18:00.033Z] [info]: Cleanup key token: 0 refresh token used cleaned
[2025-03-28T18:18:00.037Z] [info]: Cleanup product: Cleaned 0 products
[2025-03-28T18:19:00.012Z] [info]: Cleanup key token: 4 key token cleaned
[2025-03-28T18:19:00.013Z] [info]: Cleanup key token: 0 refresh token used cleaned
[2025-03-28T18:19:00.013Z] [info]: Cleanup product: Cleaned 0 products
[2025-03-28T18:20:00.010Z] [info]: Cleanup key token: 4 key token cleaned
[2025-03-28T18:20:00.010Z] [info]: Cleanup key token: 0 refresh token used cleaned
[2025-03-28T18:20:00.012Z] [info]: Cleanup product: Cleaned 0 products
[2025-03-28T18:21:00.008Z] [info]: Cleanup key token: 4 key token cleaned
[2025-03-28T18:21:00.009Z] [info]: Cleanup key token: 0 refresh token used cleaned
[2025-03-28T18:21:00.011Z] [info]: Cleanup product: Cleaned 0 products
[2025-03-28T18:22:00.009Z] [info]: Cleanup key token: 4 key token cleaned
[2025-03-28T18:22:00.009Z] [info]: Cleanup key token: 0 refresh token used cleaned
[2025-03-28T18:22:00.011Z] [info]: Cleanup product: Cleaned 0 products
[2025-03-28T18:23:00.010Z] [info]: Cleanup key token: 4 key token cleaned
[2025-03-28T18:23:00.010Z] [info]: Cleanup key token: 0 refresh token used cleaned
[2025-03-28T18:23:00.012Z] [info]: Cleanup product: Cleaned 0 products
[2025-03-28T18:24:00.008Z] [info]: Cleanup product: Cleaned 0 products
[2025-03-28T18:24:00.010Z] [info]: Cleanup key token: 4 key token cleaned
[2025-03-28T18:24:00.010Z] [info]: Cleanup key token: 0 refresh token used cleaned
[2025-03-28T18:25:00.008Z] [info]: Cleanup key token: 4 key token cleaned
[2025-03-28T18:25:00.008Z] [info]: Cleanup key token: 0 refresh token used cleaned
[2025-03-28T18:25:00.011Z] [info]: Cleanup product: Cleaned 0 products
[2025-03-28T18:26:00.007Z] [info]: Cleanup key token: 4 key token cleaned
[2025-03-28T18:26:00.007Z] [info]: Cleanup key token: 0 refresh token used cleaned
[2025-03-28T18:26:00.009Z] [info]: Cleanup product: Cleaned 0 products
[2025-03-28T18:27:00.011Z] [info]: Cleanup key token: 4 key token cleaned
[2025-03-28T18:27:00.012Z] [info]: Cleanup key token: 0 refresh token used cleaned
[2025-03-28T18:27:00.014Z] [info]: Cleanup product: Cleaned 0 products
[2025-03-28T18:28:00.008Z] [info]: Cleanup product: Cleaned 0 products
[2025-03-28T18:28:00.010Z] [info]: Cleanup key token: 4 key token cleaned
[2025-03-28T18:28:00.010Z] [info]: Cleanup key token: 0 refresh token used cleaned
[2025-03-28T18:29:00.009Z] [info]: Cleanup key token: 4 key token cleaned
[2025-03-28T18:29:00.009Z] [info]: Cleanup key token: 0 refresh token used cleaned
[2025-03-28T18:29:00.010Z] [info]: Cleanup product: Cleaned 0 products
[2025-03-28T18:30:00.008Z] [info]: Cleanup key token: 4 key token cleaned
[2025-03-28T18:30:00.009Z] [info]: Cleanup key token: 0 refresh token used cleaned
[2025-03-28T18:30:00.009Z] [info]: Cleanup product: Cleaned 0 products
[2025-03-28T18:31:00.010Z] [info]: Cleanup key token: 4 key token cleaned
[2025-03-28T18:31:00.010Z] [info]: Cleanup key token: 0 refresh token used cleaned
[2025-03-28T18:31:00.010Z] [info]: Cleanup product: Cleaned 0 products
[2025-03-28T18:32:00.010Z] [info]: Cleanup product: Cleaned 0 products
[2025-03-28T18:32:00.013Z] [info]: Cleanup key token: 4 key token cleaned
[2025-03-28T18:32:00.013Z] [info]: Cleanup key token: 0 refresh token used cleaned
[2025-03-29T01:29:12.246Z] [info]: Cleanup key token: 4 key token cleaned
[2025-03-29T01:29:12.249Z] [info]: Cleanup key token: 0 refresh token used cleaned
[2025-03-29T01:29:12.258Z] [info]: Cleanup product: Cleaned 0 products
[2025-03-29T01:30:00.499Z] [info]: Cleanup key token: 4 key token cleaned
[2025-03-29T01:30:00.506Z] [info]: Cleanup key token: 0 refresh token used cleaned
[2025-03-29T01:30:00.571Z] [info]: Cleanup product: Cleaned 0 products
[2025-03-29T01:31:00.040Z] [info]: Cleanup key token: 4 key token cleaned
[2025-03-29T01:31:00.041Z] [info]: Cleanup key token: 0 refresh token used cleaned
[2025-03-29T01:31:00.048Z] [info]: Cleanup product: Cleaned 0 products
[2025-03-29T01:32:00.012Z] [info]: Cleanup key token: 4 key token cleaned
[2025-03-29T01:32:00.013Z] [info]: Cleanup key token: 0 refresh token used cleaned
[2025-03-29T01:32:00.015Z] [info]: Cleanup product: Cleaned 0 products
[2025-03-29T01:33:00.039Z] [info]: Cleanup key token: 4 key token cleaned
[2025-03-29T01:33:00.039Z] [info]: Cleanup key token: 0 refresh token used cleaned
[2025-03-29T01:33:00.044Z] [info]: Cleanup product: Cleaned 0 products
[2025-03-29T01:34:00.031Z] [info]: Cleanup key token: 4 key token cleaned
[2025-03-29T01:34:00.032Z] [info]: Cleanup key token: 0 refresh token used cleaned
[2025-03-29T01:34:00.036Z] [info]: Cleanup product: Cleaned 0 products
[2025-03-29T01:35:00.033Z] [info]: Cleanup key token: 4 key token cleaned
[2025-03-29T01:35:00.034Z] [info]: Cleanup key token: 0 refresh token used cleaned
[2025-03-29T01:35:00.037Z] [info]: Cleanup product: Cleaned 0 products
[2025-03-29T01:36:00.043Z] [info]: Cleanup key token: 4 key token cleaned
[2025-03-29T01:36:00.044Z] [info]: Cleanup key token: 0 refresh token used cleaned
[2025-03-29T01:36:00.047Z] [info]: Cleanup product: Cleaned 0 products
[2025-03-29T01:37:00.035Z] [info]: Cleanup key token: 4 key token cleaned
[2025-03-29T01:37:00.036Z] [info]: Cleanup key token: 0 refresh token used cleaned
[2025-03-29T01:37:00.039Z] [info]: Cleanup product: Cleaned 0 products
[2025-03-29T01:38:00.033Z] [info]: Cleanup key token: 4 key token cleaned
[2025-03-29T01:38:00.034Z] [info]: Cleanup key token: 0 refresh token used cleaned
[2025-03-29T01:38:00.037Z] [info]: Cleanup product: Cleaned 0 products
[2025-03-29T01:39:00.017Z] [info]: Cleanup key token: 4 key token cleaned
[2025-03-29T01:39:00.017Z] [info]: Cleanup key token: 0 refresh token used cleaned
[2025-03-29T01:39:00.021Z] [info]: Cleanup product: Cleaned 0 products
[2025-03-29T01:40:00.036Z] [info]: Cleanup key token: 4 key token cleaned
[2025-03-29T01:40:00.037Z] [info]: Cleanup key token: 0 refresh token used cleaned
[2025-03-29T01:40:00.041Z] [info]: Cleanup product: Cleaned 0 products
[2025-03-29T01:41:00.014Z] [info]: Cleanup key token: 5 key token cleaned
[2025-03-29T01:41:00.014Z] [info]: Cleanup key token: 0 refresh token used cleaned
[2025-03-29T01:41:00.017Z] [info]: Cleanup product: Cleaned 0 products
[2025-03-29T01:42:00.014Z] [info]: Cleanup key token: 5 key token cleaned
[2025-03-29T01:42:00.014Z] [info]: Cleanup key token: 0 refresh token used cleaned
[2025-03-29T01:42:00.015Z] [info]: Cleanup product: Cleaned 0 products
[2025-03-29T01:43:00.012Z] [info]: Cleanup key token: 5 key token cleaned
[2025-03-29T01:43:00.012Z] [info]: Cleanup key token: 0 refresh token used cleaned
[2025-03-29T01:43:00.013Z] [info]: Cleanup product: Cleaned 0 products
[2025-03-29T01:44:00.012Z] [info]: Cleanup key token: 5 key token cleaned
[2025-03-29T01:44:00.012Z] [info]: Cleanup key token: 0 refresh token used cleaned
[2025-03-29T01:44:00.013Z] [info]: Cleanup product: Cleaned 0 products
[2025-03-29T01:45:00.009Z] [info]: Cleanup key token: 5 key token cleaned
[2025-03-29T01:45:00.009Z] [info]: Cleanup key token: 0 refresh token used cleaned
[2025-03-29T01:45:00.010Z] [info]: Cleanup product: Cleaned 0 products
[2025-03-29T01:46:00.012Z] [info]: Cleanup key token: 5 key token cleaned
[2025-03-29T01:46:00.012Z] [info]: Cleanup key token: 0 refresh token used cleaned
[2025-03-29T01:46:00.012Z] [info]: Cleanup product: Cleaned 0 products
[2025-03-29T01:47:00.012Z] [info]: Cleanup key token: 5 key token cleaned
[2025-03-29T01:47:00.012Z] [info]: Cleanup key token: 0 refresh token used cleaned
[2025-03-29T01:47:00.012Z] [info]: Cleanup product: Cleaned 0 products
[2025-03-29T01:48:00.010Z] [info]: Cleanup key token: 5 key token cleaned
[2025-03-29T01:48:00.010Z] [info]: Cleanup key token: 0 refresh token used cleaned
[2025-03-29T01:48:00.010Z] [info]: Cleanup product: Cleaned 0 products
[2025-03-29T01:49:00.011Z] [info]: Cleanup product: Cleaned 0 products
[2025-03-29T01:49:00.015Z] [info]: Cleanup key token: 5 key token cleaned
[2025-03-29T01:49:00.015Z] [info]: Cleanup key token: 0 refresh token used cleaned
[2025-03-29T01:50:00.013Z] [info]: Cleanup key token: 5 key token cleaned
[2025-03-29T01:50:00.014Z] [info]: Cleanup key token: 0 refresh token used cleaned
[2025-03-29T01:50:00.014Z] [info]: Cleanup product: Cleaned 0 products
[2025-03-29T01:51:00.007Z] [info]: Cleanup product: Cleaned 0 products
[2025-03-29T01:51:00.011Z] [info]: Cleanup key token: 5 key token cleaned
[2025-03-29T01:51:00.011Z] [info]: Cleanup key token: 0 refresh token used cleaned
[2025-03-29T01:52:00.009Z] [info]: Cleanup key token: 5 key token cleaned
[2025-03-29T01:52:00.009Z] [info]: Cleanup key token: 0 refresh token used cleaned
[2025-03-29T01:52:00.009Z] [info]: Cleanup product: Cleaned 0 products
[2025-03-29T01:53:00.013Z] [info]: Cleanup key token: 5 key token cleaned
[2025-03-29T01:53:00.013Z] [info]: Cleanup key token: 0 refresh token used cleaned
[2025-03-29T01:53:00.013Z] [info]: Cleanup product: Cleaned 0 products
[2025-03-29T01:54:00.010Z] [info]: Cleanup key token: 5 key token cleaned
[2025-03-29T01:54:00.010Z] [info]: Cleanup key token: 0 refresh token used cleaned
[2025-03-29T01:54:00.011Z] [info]: Cleanup product: Cleaned 0 products
[2025-03-29T01:55:00.008Z] [info]: Cleanup key token: 5 key token cleaned
[2025-03-29T01:55:00.008Z] [info]: Cleanup key token: 0 refresh token used cleaned
[2025-03-29T01:55:00.010Z] [info]: Cleanup product: Cleaned 0 products
[2025-03-29T01:56:00.009Z] [info]: Cleanup key token: 5 key token cleaned
[2025-03-29T01:56:00.009Z] [info]: Cleanup key token: 0 refresh token used cleaned
[2025-03-29T01:56:00.011Z] [info]: Cleanup product: Cleaned 0 products
[2025-03-29T01:57:50.908Z] [info]: Cleanup key token: 5 key token cleaned
[2025-03-29T01:57:50.908Z] [info]: Cleanup key token: 0 refresh token used cleaned
[2025-03-29T01:57:50.911Z] [info]: Cleanup product: Cleaned 0 products
[2025-03-29T01:58:00.012Z] [info]: Cleanup key token: 5 key token cleaned
[2025-03-29T01:58:00.012Z] [info]: Cleanup key token: 0 refresh token used cleaned
[2025-03-29T01:58:00.014Z] [info]: Cleanup product: Cleaned 0 products
[2025-03-29T01:59:00.012Z] [info]: Cleanup key token: 5 key token cleaned
[2025-03-29T01:59:00.012Z] [info]: Cleanup key token: 0 refresh token used cleaned
[2025-03-29T01:59:00.014Z] [info]: Cleanup product: Cleaned 0 products
[2025-03-29T02:00:00.009Z] [info]: Cleanup key token: 5 key token cleaned
[2025-03-29T02:00:00.009Z] [info]: Cleanup key token: 0 refresh token used cleaned
[2025-03-29T02:00:00.011Z] [info]: Cleanup product: Cleaned 0 products
[2025-03-29T02:01:00.009Z] [info]: Cleanup key token: 5 key token cleaned
[2025-03-29T02:01:00.009Z] [info]: Cleanup key token: 0 refresh token used cleaned
[2025-03-29T02:01:00.011Z] [info]: Cleanup product: Cleaned 0 products
[2025-03-29T02:02:00.016Z] [info]: Cleanup key token: 5 key token cleaned
[2025-03-29T02:02:00.016Z] [info]: Cleanup key token: 0 refresh token used cleaned
[2025-03-29T02:02:00.017Z] [info]: Cleanup product: Cleaned 0 products
[2025-03-29T02:03:00.008Z] [info]: Cleanup product: Cleaned 0 products
[2025-03-29T02:03:00.011Z] [info]: Cleanup key token: 5 key token cleaned
[2025-03-29T02:03:00.011Z] [info]: Cleanup key token: 0 refresh token used cleaned
[2025-03-29T02:04:00.813Z] [info]: Cleanup product: Cleaned 0 products
[2025-03-29T02:04:00.817Z] [info]: Cleanup key token: 5 key token cleaned
[2025-03-29T02:04:00.817Z] [info]: Cleanup key token: 0 refresh token used cleaned
[2025-03-29T02:05:00.009Z] [info]: Cleanup key token: 5 key token cleaned
[2025-03-29T02:05:00.009Z] [info]: Cleanup key token: 0 refresh token used cleaned
[2025-03-29T02:05:00.009Z] [info]: Cleanup product: Cleaned 0 products
[2025-03-29T02:06:00.010Z] [info]: Cleanup key token: 5 key token cleaned
[2025-03-29T02:06:00.010Z] [info]: Cleanup key token: 0 refresh token used cleaned
[2025-03-29T02:06:00.012Z] [info]: Cleanup product: Cleaned 0 products
[2025-03-29T02:07:00.010Z] [info]: Cleanup key token: 5 key token cleaned
[2025-03-29T02:07:00.010Z] [info]: Cleanup key token: 0 refresh token used cleaned
[2025-03-29T02:07:00.013Z] [info]: Cleanup product: Cleaned 0 products
[2025-03-29T02:08:00.010Z] [info]: Cleanup key token: 5 key token cleaned
[2025-03-29T02:08:00.010Z] [info]: Cleanup key token: 0 refresh token used cleaned
[2025-03-29T02:08:00.010Z] [info]: Cleanup product: Cleaned 0 products
[2025-03-29T02:09:00.012Z] [info]: Cleanup key token: 5 key token cleaned
[2025-03-29T02:09:00.012Z] [info]: Cleanup key token: 0 refresh token used cleaned
[2025-03-29T02:09:00.015Z] [info]: Cleanup product: Cleaned 0 products
[2025-03-29T02:10:00.010Z] [info]: Cleanup key token: 5 key token cleaned
[2025-03-29T02:10:00.010Z] [info]: Cleanup key token: 0 refresh token used cleaned
[2025-03-29T02:10:00.013Z] [info]: Cleanup product: Cleaned 0 products
[2025-03-29T02:11:00.012Z] [info]: Cleanup key token: 5 key token cleaned
[2025-03-29T02:11:00.012Z] [info]: Cleanup key token: 0 refresh token used cleaned
[2025-03-29T02:11:00.015Z] [info]: Cleanup product: Cleaned 0 products
[2025-03-29T02:12:00.011Z] [info]: Cleanup key token: 5 key token cleaned
[2025-03-29T02:12:00.011Z] [info]: Cleanup key token: 0 refresh token used cleaned
[2025-03-29T02:12:00.013Z] [info]: Cleanup product: Cleaned 0 products
[2025-03-29T02:13:00.008Z] [info]: Cleanup key token: 5 key token cleaned
[2025-03-29T02:13:00.008Z] [info]: Cleanup key token: 0 refresh token used cleaned
[2025-03-29T02:13:00.010Z] [info]: Cleanup product: Cleaned 0 products
[2025-03-29T02:14:00.011Z] [info]: Cleanup key token: 5 key token cleaned
[2025-03-29T02:14:00.011Z] [info]: Cleanup key token: 0 refresh token used cleaned
[2025-03-29T02:14:00.013Z] [info]: Cleanup product: Cleaned 0 products
[2025-03-29T02:15:00.008Z] [info]: Cleanup key token: 5 key token cleaned
[2025-03-29T02:15:00.008Z] [info]: Cleanup key token: 0 refresh token used cleaned
[2025-03-29T02:15:00.010Z] [info]: Cleanup product: Cleaned 0 products
[2025-03-29T02:16:00.008Z] [info]: Cleanup key token: 5 key token cleaned
[2025-03-29T02:16:00.008Z] [info]: Cleanup key token: 0 refresh token used cleaned
[2025-03-29T02:16:00.010Z] [info]: Cleanup product: Cleaned 0 products
[2025-03-29T02:17:00.011Z] [info]: Cleanup key token: 5 key token cleaned
[2025-03-29T02:17:00.011Z] [info]: Cleanup key token: 0 refresh token used cleaned
[2025-03-29T02:17:00.014Z] [info]: Cleanup product: Cleaned 0 products
[2025-03-29T02:18:00.010Z] [info]: Cleanup key token: 5 key token cleaned
[2025-03-29T02:18:00.010Z] [info]: Cleanup key token: 0 refresh token used cleaned
[2025-03-29T02:18:00.010Z] [info]: Cleanup product: Cleaned 0 products
[2025-03-29T02:19:00.013Z] [info]: Cleanup key token: 5 key token cleaned
[2025-03-29T02:19:00.013Z] [info]: Cleanup key token: 0 refresh token used cleaned
[2025-03-29T02:19:00.017Z] [info]: Cleanup product: Cleaned 0 products
[2025-03-29T02:20:00.011Z] [info]: Cleanup key token: 5 key token cleaned
[2025-03-29T02:20:00.011Z] [info]: Cleanup key token: 0 refresh token used cleaned
[2025-03-29T02:20:00.013Z] [info]: Cleanup product: Cleaned 0 products
[2025-03-29T02:21:00.009Z] [info]: Cleanup key token: 5 key token cleaned
[2025-03-29T02:21:00.009Z] [info]: Cleanup key token: 0 refresh token used cleaned
[2025-03-29T02:21:00.010Z] [info]: Cleanup product: Cleaned 0 products
[2025-03-29T02:22:00.012Z] [info]: Cleanup key token: 5 key token cleaned
[2025-03-29T02:22:00.013Z] [info]: Cleanup key token: 0 refresh token used cleaned
[2025-03-29T02:22:00.015Z] [info]: Cleanup product: Cleaned 0 products
[2025-03-29T02:23:00.009Z] [info]: Cleanup key token: 5 key token cleaned
[2025-03-29T02:23:00.009Z] [info]: Cleanup key token: 0 refresh token used cleaned
[2025-03-29T02:23:00.012Z] [info]: Cleanup product: Cleaned 0 products
[2025-03-29T02:24:00.014Z] [info]: Cleanup key token: 5 key token cleaned
[2025-03-29T02:24:00.014Z] [info]: Cleanup key token: 0 refresh token used cleaned
[2025-03-29T02:24:00.014Z] [info]: Cleanup product: Cleaned 0 products
[2025-03-29T02:25:00.008Z] [info]: Cleanup key token: 5 key token cleaned
[2025-03-29T02:25:00.008Z] [info]: Cleanup key token: 0 refresh token used cleaned
[2025-03-29T02:25:00.010Z] [info]: Cleanup product: Cleaned 0 products
[2025-03-29T02:26:00.013Z] [info]: Cleanup key token: 5 key token cleaned
[2025-03-29T02:26:00.013Z] [info]: Cleanup key token: 0 refresh token used cleaned
[2025-03-29T02:26:00.015Z] [info]: Cleanup product: Cleaned 0 products
[2025-03-29T02:27:00.010Z] [info]: Cleanup key token: 5 key token cleaned
[2025-03-29T02:27:00.010Z] [info]: Cleanup key token: 0 refresh token used cleaned
[2025-03-29T02:27:00.012Z] [info]: Cleanup product: Cleaned 0 products
[2025-03-29T02:28:00.009Z] [info]: Cleanup key token: 5 key token cleaned
[2025-03-29T02:28:00.009Z] [info]: Cleanup key token: 0 refresh token used cleaned
[2025-03-29T02:28:00.011Z] [info]: Cleanup product: Cleaned 0 products
[2025-03-29T02:29:00.011Z] [info]: Cleanup key token: 5 key token cleaned
[2025-03-29T02:29:00.012Z] [info]: Cleanup key token: 0 refresh token used cleaned
[2025-03-29T02:29:00.012Z] [info]: Cleanup product: Cleaned 0 products
[2025-03-29T02:30:00.008Z] [info]: Cleanup key token: 5 key token cleaned
[2025-03-29T02:30:00.008Z] [info]: Cleanup key token: 0 refresh token used cleaned
[2025-03-29T02:30:00.009Z] [info]: Cleanup product: Cleaned 0 products
[2025-03-29T02:31:00.012Z] [info]: Cleanup key token: 5 key token cleaned
[2025-03-29T02:31:00.012Z] [info]: Cleanup key token: 0 refresh token used cleaned
[2025-03-29T02:31:00.014Z] [info]: Cleanup product: Cleaned 0 products
[2025-03-29T02:46:50.133Z] [info]: Cleanup key token: 5 key token cleaned
[2025-03-29T02:46:50.133Z] [info]: Cleanup key token: 0 refresh token used cleaned
[2025-03-29T02:46:50.139Z] [info]: Cleanup product: Cleaned 0 products
[2025-03-29T02:47:00.022Z] [info]: Cleanup key token: 5 key token cleaned
[2025-03-29T02:47:00.022Z] [info]: Cleanup key token: 0 refresh token used cleaned
[2025-03-29T02:47:00.027Z] [info]: Cleanup product: Cleaned 0 products
[2025-03-29T02:48:00.020Z] [info]: Cleanup key token: 5 key token cleaned
[2025-03-29T02:48:00.020Z] [info]: Cleanup key token: 0 refresh token used cleaned
[2025-03-29T02:48:00.026Z] [info]: Cleanup product: Cleaned 0 products
[2025-03-29T02:49:00.025Z] [info]: Cleanup key token: 5 key token cleaned
[2025-03-29T02:49:00.026Z] [info]: Cleanup key token: 0 refresh token used cleaned
[2025-03-29T02:49:00.027Z] [info]: Cleanup product: Cleaned 0 products
[2025-03-29T02:50:00.022Z] [info]: Cleanup key token: 5 key token cleaned
[2025-03-29T02:50:00.022Z] [info]: Cleanup key token: 0 refresh token used cleaned
[2025-03-29T02:50:00.023Z] [info]: Cleanup product: Cleaned 0 products
[2025-03-29T02:51:00.023Z] [info]: Cleanup key token: 5 key token cleaned
[2025-03-29T02:51:00.023Z] [info]: Cleanup key token: 0 refresh token used cleaned
[2025-03-29T02:51:00.024Z] [info]: Cleanup product: Cleaned 0 products
[2025-03-29T02:52:00.023Z] [info]: Cleanup product: Cleaned 0 products
[2025-03-29T02:52:00.030Z] [info]: Cleanup key token: 5 key token cleaned
[2025-03-29T02:52:00.031Z] [info]: Cleanup key token: 0 refresh token used cleaned
[2025-03-29T02:53:00.019Z] [info]: Cleanup key token: 5 key token cleaned
[2025-03-29T02:53:00.019Z] [info]: Cleanup key token: 0 refresh token used cleaned
[2025-03-29T02:53:00.020Z] [info]: Cleanup product: Cleaned 0 products
[2025-03-29T02:54:00.033Z] [info]: Cleanup key token: 5 key token cleaned
[2025-03-29T02:54:00.034Z] [info]: Cleanup key token: 0 refresh token used cleaned
[2025-03-29T02:54:00.036Z] [info]: Cleanup product: Cleaned 0 products
[2025-03-29T02:55:00.015Z] [info]: Cleanup key token: 5 key token cleaned
[2025-03-29T02:55:00.016Z] [info]: Cleanup key token: 0 refresh token used cleaned
[2025-03-29T02:55:00.016Z] [info]: Cleanup product: Cleaned 0 products
[2025-03-29T02:56:00.028Z] [info]: Cleanup key token: 5 key token cleaned
[2025-03-29T02:56:00.028Z] [info]: Cleanup key token: 0 refresh token used cleaned
[2025-03-29T02:56:00.029Z] [info]: Cleanup product: Cleaned 0 products
[2025-03-29T02:57:00.012Z] [info]: Cleanup key token: 5 key token cleaned
[2025-03-29T02:57:00.013Z] [info]: Cleanup key token: 0 refresh token used cleaned
[2025-03-29T02:57:00.013Z] [info]: Cleanup product: Cleaned 0 products
[2025-03-29T02:58:00.008Z] [info]: Cleanup key token: 5 key token cleaned
[2025-03-29T02:58:00.008Z] [info]: Cleanup key token: 0 refresh token used cleaned
[2025-03-29T02:58:00.008Z] [info]: Cleanup product: Cleaned 0 products
[2025-03-29T02:59:00.013Z] [info]: Cleanup key token: 5 key token cleaned
[2025-03-29T02:59:00.013Z] [info]: Cleanup key token: 0 refresh token used cleaned
[2025-03-29T02:59:00.014Z] [info]: Cleanup product: Cleaned 0 products
[2025-03-29T03:00:00.011Z] [info]: Cleanup key token: 5 key token cleaned
[2025-03-29T03:00:00.011Z] [info]: Cleanup key token: 0 refresh token used cleaned
[2025-03-29T03:00:00.013Z] [info]: Cleanup product: Cleaned 0 products
[2025-03-29T03:01:00.013Z] [info]: Cleanup key token: 5 key token cleaned
[2025-03-29T03:01:00.013Z] [info]: Cleanup key token: 0 refresh token used cleaned
[2025-03-29T03:01:00.014Z] [info]: Cleanup product: Cleaned 0 products
[2025-03-29T03:02:00.012Z] [info]: Cleanup key token: 5 key token cleaned
[2025-03-29T03:02:00.012Z] [info]: Cleanup key token: 0 refresh token used cleaned
[2025-03-29T03:02:00.014Z] [info]: Cleanup product: Cleaned 0 products
[2025-03-29T03:03:00.008Z] [info]: Cleanup key token: 5 key token cleaned
[2025-03-29T03:03:00.008Z] [info]: Cleanup key token: 0 refresh token used cleaned
[2025-03-29T03:03:00.008Z] [info]: Cleanup product: Cleaned 0 products
[2025-03-29T03:04:00.841Z] [info]: Cleanup key token: 5 key token cleaned
[2025-03-29T03:04:00.841Z] [info]: Cleanup key token: 0 refresh token used cleaned
[2025-03-29T03:04:00.842Z] [info]: Cleanup product: Cleaned 0 products
[2025-03-29T03:05:00.012Z] [info]: Cleanup key token: 5 key token cleaned
[2025-03-29T03:05:00.012Z] [info]: Cleanup key token: 0 refresh token used cleaned
[2025-03-29T03:05:00.012Z] [info]: Cleanup product: Cleaned 0 products
[2025-03-29T03:06:00.008Z] [info]: Cleanup key token: 5 key token cleaned
[2025-03-29T03:06:00.008Z] [info]: Cleanup key token: 0 refresh token used cleaned
[2025-03-29T03:06:00.008Z] [info]: Cleanup product: Cleaned 0 products
[2025-03-29T03:07:00.013Z] [info]: Cleanup key token: 5 key token cleaned
[2025-03-29T03:07:00.013Z] [info]: Cleanup key token: 0 refresh token used cleaned
[2025-03-29T03:07:00.014Z] [info]: Cleanup product: Cleaned 0 products
[2025-03-29T03:08:00.008Z] [info]: Cleanup key token: 5 key token cleaned
[2025-03-29T03:08:00.008Z] [info]: Cleanup key token: 0 refresh token used cleaned
[2025-03-29T03:08:00.010Z] [info]: Cleanup product: Cleaned 0 products
[2025-03-29T03:09:00.010Z] [info]: Cleanup key token: 5 key token cleaned
[2025-03-29T03:09:00.010Z] [info]: Cleanup key token: 0 refresh token used cleaned
[2025-03-29T03:09:00.012Z] [info]: Cleanup product: Cleaned 0 products
[2025-03-29T03:10:00.010Z] [info]: Cleanup key token: 5 key token cleaned
[2025-03-29T03:10:00.010Z] [info]: Cleanup key token: 0 refresh token used cleaned
[2025-03-29T03:10:00.012Z] [info]: Cleanup product: Cleaned 0 products
[2025-03-29T03:11:00.010Z] [info]: Cleanup key token: 5 key token cleaned
[2025-03-29T03:11:00.010Z] [info]: Cleanup key token: 0 refresh token used cleaned
[2025-03-29T03:11:00.012Z] [info]: Cleanup product: Cleaned 0 products
[2025-03-29T04:25:25.872Z] [info]: Server closed
[2025-03-29T04:25:25.891Z] [info]: Server closed
[2025-03-29T04:25:25.903Z] [info]: Server closed
[2025-03-29T04:26:00.038Z] [info]: Cleanup key token: 0 key token cleaned
[2025-03-29T04:26:00.039Z] [info]: Cleanup key token: 0 refresh token used cleaned
[2025-03-29T04:26:00.048Z] [info]: Cleanup product: Cleaned 0 products
[2025-03-29T04:26:21.234Z] [info]: Server closed
[2025-03-29T04:26:21.286Z] [info]: Server closed
[2025-03-29T04:26:21.288Z] [info]: Server closed
[2025-03-29T04:26:21.289Z] [info]: Server closed
[2025-03-29T04:27:00.932Z] [info]: Cleanup key token: 0 key token cleaned
[2025-03-29T04:27:00.934Z] [info]: Cleanup key token: 0 refresh token used cleaned
[2025-03-29T04:27:00.945Z] [info]: Cleanup product: Cleaned 0 products
[2025-03-29T04:28:00.027Z] [info]: Cleanup key token: 0 key token cleaned
[2025-03-29T04:28:00.028Z] [info]: Cleanup key token: 0 refresh token used cleaned
[2025-03-29T04:28:00.034Z] [info]: Cleanup product: Cleaned 0 products
[2025-03-29T04:29:02.009Z] [info]: Cleanup key token: 0 key token cleaned
[2025-03-29T04:29:02.009Z] [info]: Cleanup key token: 0 refresh token used cleaned
[2025-03-29T04:29:02.013Z] [info]: Cleanup product: Cleaned 0 products
[2025-03-29T04:50:01.248Z] [info]: Cleanup key token: 1 key token cleaned
[2025-03-29T04:50:01.249Z] [info]: Cleanup key token: 0 refresh token used cleaned
[2025-03-29T04:50:01.258Z] [info]: Cleanup product: Cleaned 0 products
[2025-03-29T04:51:01.330Z] [info]: Cleanup key token: 1 key token cleaned
[2025-03-29T04:51:01.330Z] [info]: Cleanup key token: 0 refresh token used cleaned
[2025-03-29T04:51:01.332Z] [info]: Cleanup product: Cleaned 0 products
[2025-03-29T04:52:02.057Z] [info]: Cleanup key token: 1 key token cleaned
[2025-03-29T04:52:02.057Z] [info]: Cleanup key token: 0 refresh token used cleaned
[2025-03-29T04:52:02.061Z] [info]: Cleanup product: Cleaned 0 products
[2025-03-29T04:53:00.566Z] [info]: Cleanup key token: 1 key token cleaned
[2025-03-29T04:53:00.567Z] [info]: Cleanup key token: 0 refresh token used cleaned
[2025-03-29T04:53:00.572Z] [info]: Cleanup product: Cleaned 0 products
[2025-03-29T04:54:02.013Z] [info]: Cleanup key token: 1 key token cleaned
[2025-03-29T04:54:02.013Z] [info]: Cleanup key token: 0 refresh token used cleaned
[2025-03-29T04:54:02.016Z] [info]: Cleanup product: Cleaned 0 products
[2025-03-29T04:56:00.044Z] [info]: Cleanup key token: 1 key token cleaned
[2025-03-29T04:56:00.045Z] [info]: Cleanup key token: 0 refresh token used cleaned
[2025-03-29T04:56:00.050Z] [info]: Cleanup product: Cleaned 0 products
[2025-03-29T04:57:03.530Z] [info]: Cleanup key token: 1 key token cleaned
[2025-03-29T04:57:03.531Z] [info]: Cleanup key token: 0 refresh token used cleaned
[2025-03-29T04:57:03.539Z] [info]: Cleanup product: Cleaned 0 products
[2025-03-29T04:58:01.099Z] [info]: Cleanup key token: 1 key token cleaned
[2025-03-29T04:58:01.100Z] [info]: Cleanup key token: 0 refresh token used cleaned
[2025-03-29T04:58:01.106Z] [info]: Cleanup product: Cleaned 0 products
[2025-03-29T04:59:01.584Z] [info]: Cleanup key token: 1 key token cleaned
[2025-03-29T04:59:01.585Z] [info]: Cleanup key token: 0 refresh token used cleaned
[2025-03-29T04:59:01.588Z] [info]: Cleanup product: Cleaned 0 products
[2025-03-29T05:00:01.547Z] [info]: Cleanup key token: 1 key token cleaned
[2025-03-29T05:00:01.548Z] [info]: Cleanup key token: 0 refresh token used cleaned
[2025-03-29T05:00:01.550Z] [info]: Cleanup product: Cleaned 0 products
[2025-03-29T05:01:00.890Z] [info]: Cleanup key token: 1 key token cleaned
[2025-03-29T05:01:00.890Z] [info]: Cleanup key token: 0 refresh token used cleaned
[2025-03-29T05:01:00.891Z] [info]: Cleanup product: Cleaned 0 products
[2025-03-29T05:02:03.219Z] [info]: Cleanup key token: 1 key token cleaned
[2025-03-29T05:02:03.219Z] [info]: Cleanup key token: 0 refresh token used cleaned
[2025-03-29T05:02:03.220Z] [info]: Cleanup product: Cleaned 0 products
[2025-03-29T05:03:00.741Z] [info]: Cleanup key token: 1 key token cleaned
[2025-03-29T05:03:00.744Z] [info]: Cleanup key token: 0 refresh token used cleaned
[2025-03-29T05:03:00.755Z] [info]: Cleanup product: Cleaned 0 products
[2025-03-29T05:04:01.553Z] [info]: Cleanup key token: 1 key token cleaned
[2025-03-29T05:04:01.554Z] [info]: Cleanup key token: 0 refresh token used cleaned
[2025-03-29T05:04:01.556Z] [info]: Cleanup product: Cleaned 0 products
[2025-03-29T05:05:00.919Z] [info]: Cleanup key token: 1 key token cleaned
[2025-03-29T05:05:00.920Z] [info]: Cleanup key token: 0 refresh token used cleaned
[2025-03-29T05:05:00.934Z] [info]: Cleanup product: Cleaned 0 products
[2025-03-29T05:06:01.522Z] [info]: Cleanup key token: 1 key token cleaned
[2025-03-29T05:06:01.522Z] [info]: Cleanup key token: 0 refresh token used cleaned
[2025-03-29T05:06:01.531Z] [info]: Cleanup product: Cleaned 0 products
[2025-03-29T05:07:01.437Z] [info]: Cleanup key token: 1 key token cleaned
[2025-03-29T05:07:01.437Z] [info]: Cleanup key token: 0 refresh token used cleaned
[2025-03-29T05:07:01.439Z] [info]: Cleanup product: Cleaned 0 products
[2025-03-29T05:08:02.206Z] [info]: Cleanup key token: 1 key token cleaned
[2025-03-29T05:08:02.207Z] [info]: Cleanup key token: 0 refresh token used cleaned
[2025-03-29T05:08:02.208Z] [info]: Cleanup product: Cleaned 0 products
[2025-03-29T05:09:00.872Z] [info]: Cleanup key token: 1 key token cleaned
[2025-03-29T05:09:00.873Z] [info]: Cleanup key token: 0 refresh token used cleaned
[2025-03-29T05:09:00.879Z] [info]: Cleanup product: Cleaned 0 products
[2025-03-29T05:18:00.035Z] [info]: Cleanup key token: 1 key token cleaned
[2025-03-29T05:18:00.036Z] [info]: Cleanup key token: 0 refresh token used cleaned
[2025-03-29T05:18:00.041Z] [info]: Cleanup product: Cleaned 0 products
[2025-03-29T05:20:02.272Z] [info]: Cleanup key token: 1 key token cleaned
[2025-03-29T05:20:02.273Z] [info]: Cleanup key token: 0 refresh token used cleaned
[2025-03-29T05:20:02.278Z] [info]: Cleanup product: Cleaned 0 products
[2025-03-29T05:21:02.746Z] [info]: Cleanup key token: 1 key token cleaned
[2025-03-29T05:21:02.747Z] [info]: Cleanup key token: 0 refresh token used cleaned
[2025-03-29T05:21:02.750Z] [info]: Cleanup product: Cleaned 0 products
[2025-03-29T05:22:05.448Z] [info]: Cleanup key token: 1 key token cleaned
[2025-03-29T05:22:05.449Z] [info]: Cleanup key token: 0 refresh token used cleaned
[2025-03-29T05:22:05.450Z] [info]: Cleanup product: Cleaned 0 products
[2025-03-29T05:23:00.804Z] [info]: Cleanup key token: 1 key token cleaned
[2025-03-29T05:23:00.804Z] [info]: Cleanup key token: 0 refresh token used cleaned
[2025-03-29T05:23:00.807Z] [info]: Cleanup product: Cleaned 0 products
[2025-03-29T05:24:01.803Z] [info]: Cleanup key token: 1 key token cleaned
[2025-03-29T05:24:01.803Z] [info]: Cleanup key token: 0 refresh token used cleaned
[2025-03-29T05:24:01.806Z] [info]: Cleanup product: Cleaned 0 products
[2025-03-29T05:25:00.783Z] [info]: Cleanup key token: 1 key token cleaned
[2025-03-29T05:25:00.784Z] [info]: Cleanup key token: 0 refresh token used cleaned
[2025-03-29T05:25:00.786Z] [info]: Cleanup product: Cleaned 0 products
[2025-03-29T05:26:01.747Z] [info]: Cleanup key token: 1 key token cleaned
[2025-03-29T05:26:01.747Z] [info]: Cleanup key token: 0 refresh token used cleaned
[2025-03-29T05:26:01.751Z] [info]: Cleanup product: Cleaned 0 products
[2025-03-29T05:27:01.726Z] [info]: Cleanup key token: 1 key token cleaned
[2025-03-29T05:27:01.726Z] [info]: Cleanup key token: 0 refresh token used cleaned
[2025-03-29T05:27:01.731Z] [info]: Cleanup product: Cleaned 0 products
[2025-03-29T05:29:01.707Z] [info]: Cleanup key token: 1 key token cleaned
[2025-03-29T05:29:01.708Z] [info]: Cleanup key token: 0 refresh token used cleaned
[2025-03-29T05:29:01.713Z] [info]: Cleanup product: Cleaned 0 products
[2025-03-29T05:30:00.586Z] [info]: Cleanup key token: 1 key token cleaned
[2025-03-29T05:30:00.587Z] [info]: Cleanup key token: 0 refresh token used cleaned
[2025-03-29T05:30:00.591Z] [info]: Cleanup product: Cleaned 0 products
[2025-03-29T05:31:01.673Z] [info]: Cleanup key token: 1 key token cleaned
[2025-03-29T05:31:01.674Z] [info]: Cleanup key token: 0 refresh token used cleaned
[2025-03-29T05:31:01.677Z] [info]: Cleanup product: Cleaned 0 products
[2025-03-29T05:32:01.657Z] [info]: Cleanup key token: 1 key token cleaned
[2025-03-29T05:32:01.657Z] [info]: Cleanup key token: 0 refresh token used cleaned
[2025-03-29T05:32:01.661Z] [info]: Cleanup product: Cleaned 0 products
[2025-03-29T05:33:01.511Z] [info]: Cleanup key token: 1 key token cleaned
[2025-03-29T05:33:01.511Z] [info]: Cleanup key token: 0 refresh token used cleaned
[2025-03-29T05:33:01.516Z] [info]: Cleanup product: Cleaned 0 products
[2025-03-29T05:34:01.779Z] [info]: Cleanup key token: 1 key token cleaned
[2025-03-29T05:34:01.780Z] [info]: Cleanup key token: 0 refresh token used cleaned
[2025-03-29T05:34:01.781Z] [info]: Cleanup product: Cleaned 0 products
[2025-03-29T05:35:01.606Z] [info]: Cleanup key token: 1 key token cleaned
[2025-03-29T05:35:01.607Z] [info]: Cleanup key token: 0 refresh token used cleaned
[2025-03-29T05:35:01.608Z] [info]: Cleanup product: Cleaned 0 products
[2025-03-29T05:36:01.457Z] [info]: Cleanup key token: 1 key token cleaned
[2025-03-29T05:36:01.458Z] [info]: Cleanup key token: 0 refresh token used cleaned
[2025-03-29T05:36:01.458Z] [info]: Cleanup product: Cleaned 0 products
[2025-03-29T05:37:01.618Z] [info]: Cleanup key token: 1 key token cleaned
[2025-03-29T05:37:01.618Z] [info]: Cleanup key token: 0 refresh token used cleaned
[2025-03-29T05:37:01.620Z] [info]: Cleanup product: Cleaned 0 products
[2025-03-29T05:38:01.688Z] [info]: Cleanup key token: 1 key token cleaned
[2025-03-29T05:38:01.688Z] [info]: Cleanup key token: 0 refresh token used cleaned
[2025-03-29T05:38:01.688Z] [info]: Cleanup product: Cleaned 0 products
[2025-03-29T05:39:01.560Z] [info]: Cleanup key token: 1 key token cleaned
[2025-03-29T05:39:01.560Z] [info]: Cleanup key token: 0 refresh token used cleaned
[2025-03-29T05:39:01.562Z] [info]: Cleanup product: Cleaned 0 products
[2025-03-29T05:40:01.547Z] [info]: Cleanup key token: 1 key token cleaned
[2025-03-29T05:40:01.547Z] [info]: Cleanup key token: 0 refresh token used cleaned
[2025-03-29T05:40:01.548Z] [info]: Cleanup product: Cleaned 0 products
[2025-03-29T05:41:01.529Z] [info]: Cleanup key token: 1 key token cleaned
[2025-03-29T05:41:01.529Z] [info]: Cleanup key token: 0 refresh token used cleaned
[2025-03-29T05:41:01.530Z] [info]: Cleanup product: Cleaned 0 products
[2025-03-29T05:42:01.511Z] [info]: Cleanup key token: 1 key token cleaned
[2025-03-29T05:42:01.512Z] [info]: Cleanup key token: 0 refresh token used cleaned
[2025-03-29T05:42:01.514Z] [info]: Cleanup product: Cleaned 0 products
[2025-03-29T05:43:01.502Z] [info]: Cleanup key token: 1 key token cleaned
[2025-03-29T05:43:01.503Z] [info]: Cleanup key token: 0 refresh token used cleaned
[2025-03-29T05:43:01.504Z] [info]: Cleanup product: Cleaned 0 products
[2025-03-29T05:44:02.732Z] [info]: Cleanup key token: 1 key token cleaned
[2025-03-29T05:44:02.732Z] [info]: Cleanup key token: 0 refresh token used cleaned
[2025-03-29T05:44:02.734Z] [info]: Cleanup product: Cleaned 0 products
[2025-03-29T05:45:01.834Z] [info]: Cleanup key token: 1 key token cleaned
[2025-03-29T05:45:01.834Z] [info]: Cleanup key token: 0 refresh token used cleaned
[2025-03-29T05:45:01.834Z] [info]: Cleanup product: Cleaned 0 products
[2025-03-29T05:46:01.814Z] [info]: Cleanup key token: 1 key token cleaned
[2025-03-29T05:46:01.815Z] [info]: Cleanup key token: 0 refresh token used cleaned
[2025-03-29T05:46:01.818Z] [info]: Cleanup product: Cleaned 0 products
[2025-03-29T05:47:01.826Z] [info]: Cleanup key token: 1 key token cleaned
[2025-03-29T05:47:01.826Z] [info]: Cleanup key token: 0 refresh token used cleaned
[2025-03-29T05:47:01.828Z] [info]: Cleanup product: Cleaned 0 products
[2025-03-29T05:48:00.617Z] [info]: Cleanup key token: 1 key token cleaned
[2025-03-29T05:48:00.618Z] [info]: Cleanup key token: 0 refresh token used cleaned
[2025-03-29T05:48:00.622Z] [info]: Cleanup product: Cleaned 0 products
[2025-03-29T05:49:01.779Z] [info]: Cleanup key token: 1 key token cleaned
[2025-03-29T05:49:01.780Z] [info]: Cleanup key token: 0 refresh token used cleaned
[2025-03-29T05:49:01.782Z] [info]: Cleanup product: Cleaned 0 products
[2025-03-29T05:50:03.346Z] [info]: Cleanup key token: 1 key token cleaned
[2025-03-29T05:50:03.346Z] [info]: Cleanup key token: 0 refresh token used cleaned
[2025-03-29T05:50:03.350Z] [info]: Cleanup product: Cleaned 0 products
[2025-03-29T05:51:01.745Z] [info]: Cleanup key token: 1 key token cleaned
[2025-03-29T05:51:01.745Z] [info]: Cleanup key token: 0 refresh token used cleaned
[2025-03-29T05:51:01.749Z] [info]: Cleanup product: Cleaned 0 products
[2025-03-29T05:52:01.133Z] [info]: Cleanup key token: 1 key token cleaned
[2025-03-29T05:52:01.133Z] [info]: Cleanup key token: 0 refresh token used cleaned
[2025-03-29T05:52:01.134Z] [info]: Cleanup product: Cleaned 0 products
[2025-03-29T05:54:01.426Z] [info]: Cleanup key token: 1 key token cleaned
[2025-03-29T05:54:01.426Z] [info]: Cleanup key token: 0 refresh token used cleaned
[2025-03-29T05:54:01.427Z] [info]: Cleanup product: Cleaned 0 products
[2025-03-29T05:55:01.691Z] [info]: Cleanup key token: 1 key token cleaned
[2025-03-29T05:55:01.691Z] [info]: Cleanup key token: 0 refresh token used cleaned
[2025-03-29T05:55:01.693Z] [info]: Cleanup product: Cleaned 0 products
[2025-03-29T05:56:03.304Z] [info]: Cleanup key token: 1 key token cleaned
[2025-03-29T05:56:03.305Z] [info]: Cleanup key token: 0 refresh token used cleaned
[2025-03-29T05:56:03.305Z] [info]: Cleanup product: Cleaned 0 products
[2025-03-29T05:57:01.646Z] [info]: Cleanup key token: 1 key token cleaned
[2025-03-29T05:57:01.646Z] [info]: Cleanup key token: 0 refresh token used cleaned
[2025-03-29T05:57:01.649Z] [info]: Cleanup product: Cleaned 0 products
[2025-03-29T05:58:01.630Z] [info]: Cleanup key token: 1 key token cleaned
[2025-03-29T05:58:01.631Z] [info]: Cleanup key token: 0 refresh token used cleaned
[2025-03-29T05:58:01.633Z] [info]: Cleanup product: Cleaned 0 products
[2025-03-29T05:59:01.689Z] [info]: Cleanup key token: 1 key token cleaned
[2025-03-29T05:59:01.690Z] [info]: Cleanup key token: 0 refresh token used cleaned
[2025-03-29T05:59:01.700Z] [info]: Cleanup product: Cleaned 0 products
[2025-03-29T06:01:01.221Z] [info]: Cleanup key token: 1 key token cleaned
[2025-03-29T06:01:01.222Z] [info]: Cleanup key token: 0 refresh token used cleaned
[2025-03-29T06:01:01.223Z] [info]: Cleanup product: Cleaned 0 products
[2025-03-29T06:02:01.236Z] [info]: Cleanup product: Cleaned 0 products
[2025-03-29T06:02:01.241Z] [info]: Cleanup key token: 1 key token cleaned
[2025-03-29T06:02:01.241Z] [info]: Cleanup key token: 0 refresh token used cleaned
[2025-03-29T06:03:03.594Z] [info]: Cleanup key token: 1 key token cleaned
[2025-03-29T06:03:03.595Z] [info]: Cleanup key token: 0 refresh token used cleaned
[2025-03-29T06:03:03.596Z] [info]: Cleanup product: Cleaned 0 products
[2025-03-29T06:04:01.192Z] [info]: Cleanup key token: 1 key token cleaned
[2025-03-29T06:04:01.193Z] [info]: Cleanup key token: 0 refresh token used cleaned
[2025-03-29T06:04:01.194Z] [info]: Cleanup product: Cleaned 0 products
[2025-03-29T06:05:01.907Z] [info]: Cleanup key token: 1 key token cleaned
[2025-03-29T06:05:01.907Z] [info]: Cleanup key token: 0 refresh token used cleaned
[2025-03-29T06:05:01.908Z] [info]: Cleanup product: Cleaned 0 products
[2025-03-29T06:06:01.164Z] [info]: Cleanup key token: 1 key token cleaned
[2025-03-29T06:06:01.165Z] [info]: Cleanup key token: 0 refresh token used cleaned
[2025-03-29T06:06:01.166Z] [info]: Cleanup product: Cleaned 0 products
[2025-03-29T06:07:01.877Z] [info]: Cleanup key token: 1 key token cleaned
[2025-03-29T06:07:01.877Z] [info]: Cleanup key token: 0 refresh token used cleaned
[2025-03-29T06:07:01.878Z] [info]: Cleanup product: Cleaned 0 products
[2025-03-29T06:08:01.135Z] [info]: Cleanup key token: 1 key token cleaned
[2025-03-29T06:08:01.135Z] [info]: Cleanup key token: 0 refresh token used cleaned
[2025-03-29T06:08:01.138Z] [info]: Cleanup product: Cleaned 0 products
[2025-03-29T06:09:01.840Z] [info]: Cleanup key token: 1 key token cleaned
[2025-03-29T06:09:01.841Z] [info]: Cleanup key token: 0 refresh token used cleaned
[2025-03-29T06:09:01.845Z] [info]: Cleanup product: Cleaned 0 products
[2025-03-29T06:10:01.839Z] [info]: Cleanup key token: 1 key token cleaned
[2025-03-29T06:10:01.839Z] [info]: Cleanup key token: 0 refresh token used cleaned
[2025-03-29T06:10:01.842Z] [info]: Cleanup product: Cleaned 0 products
[2025-03-29T06:11:01.814Z] [info]: Cleanup key token: 1 key token cleaned
[2025-03-29T06:11:01.815Z] [info]: Cleanup key token: 0 refresh token used cleaned
[2025-03-29T06:11:01.817Z] [info]: Cleanup product: Cleaned 0 products
[2025-03-29T06:12:00.665Z] [info]: Cleanup key token: 1 key token cleaned
[2025-03-29T06:12:00.665Z] [info]: Cleanup key token: 0 refresh token used cleaned
[2025-03-29T06:12:00.670Z] [info]: Cleanup product: Cleaned 0 products
[2025-03-29T06:13:01.757Z] [info]: Cleanup key token: 1 key token cleaned
[2025-03-29T06:13:01.757Z] [info]: Cleanup key token: 0 refresh token used cleaned
[2025-03-29T06:13:01.758Z] [info]: Cleanup product: Cleaned 0 products
[2025-03-29T06:14:03.361Z] [info]: Cleanup key token: 1 key token cleaned
[2025-03-29T06:14:03.362Z] [info]: Cleanup key token: 0 refresh token used cleaned
[2025-03-29T06:14:03.363Z] [info]: Cleanup product: Cleaned 0 products
[2025-03-29T06:15:01.582Z] [info]: Cleanup key token: 1 key token cleaned
[2025-03-29T06:15:01.583Z] [info]: Cleanup key token: 0 refresh token used cleaned
[2025-03-29T06:15:01.584Z] [info]: Cleanup product: Cleaned 0 products
[2025-03-29T06:16:01.905Z] [info]: Cleanup key token: 1 key token cleaned
[2025-03-29T06:16:01.906Z] [info]: Cleanup key token: 0 refresh token used cleaned
[2025-03-29T06:16:01.911Z] [info]: Cleanup product: Cleaned 0 products
[2025-03-29T06:17:01.724Z] [info]: Cleanup key token: 1 key token cleaned
[2025-03-29T06:17:01.724Z] [info]: Cleanup key token: 0 refresh token used cleaned
[2025-03-29T06:17:01.729Z] [info]: Cleanup product: Cleaned 0 products
[2025-03-29T06:18:00.574Z] [info]: Cleanup key token: 1 key token cleaned
[2025-03-29T06:18:00.574Z] [info]: Cleanup key token: 0 refresh token used cleaned
[2025-03-29T06:18:00.579Z] [info]: Cleanup product: Cleaned 0 products
[2025-03-29T06:19:02.052Z] [info]: Cleanup key token: 1 key token cleaned
[2025-03-29T06:19:02.053Z] [info]: Cleanup key token: 0 refresh token used cleaned
[2025-03-29T06:19:02.056Z] [info]: Cleanup product: Cleaned 0 products
[2025-03-29T06:20:01.334Z] [info]: Cleanup key token: 1 key token cleaned
[2025-03-29T06:20:01.334Z] [info]: Cleanup key token: 0 refresh token used cleaned
[2025-03-29T06:20:01.336Z] [info]: Cleanup product: Cleaned 0 products
[2025-03-29T06:21:05.444Z] [info]: Cleanup key token: 1 key token cleaned
[2025-03-29T06:21:05.444Z] [info]: Cleanup key token: 0 refresh token used cleaned
[2025-03-29T06:21:05.447Z] [info]: Cleanup product: Cleaned 0 products
[2025-03-29T06:22:01.290Z] [info]: Cleanup key token: 1 key token cleaned
[2025-03-29T06:22:01.291Z] [info]: Cleanup key token: 0 refresh token used cleaned
[2025-03-29T06:22:01.294Z] [info]: Cleanup product: Cleaned 0 products
[2025-03-29T06:23:01.118Z] [info]: Cleanup key token: 1 key token cleaned
[2025-03-29T06:23:01.118Z] [info]: Cleanup key token: 0 refresh token used cleaned
[2025-03-29T06:23:01.121Z] [info]: Cleanup product: Cleaned 0 products
[2025-03-29T06:24:03.437Z] [info]: Cleanup key token: 1 key token cleaned
[2025-03-29T06:24:03.437Z] [info]: Cleanup key token: 0 refresh token used cleaned
[2025-03-29T06:24:03.441Z] [info]: Cleanup product: Cleaned 0 products
[2025-03-29T06:25:01.963Z] [info]: Cleanup key token: 1 key token cleaned
[2025-03-29T06:25:01.964Z] [info]: Cleanup key token: 0 refresh token used cleaned
[2025-03-29T06:25:01.966Z] [info]: Cleanup product: Cleaned 0 products
[2025-03-29T06:26:01.228Z] [info]: Cleanup key token: 1 key token cleaned
[2025-03-29T06:26:01.229Z] [info]: Cleanup key token: 0 refresh token used cleaned
[2025-03-29T06:26:01.230Z] [info]: Cleanup product: Cleaned 0 products
[2025-03-29T06:27:01.991Z] [info]: Cleanup key token: 1 key token cleaned
[2025-03-29T06:27:01.993Z] [info]: Cleanup key token: 0 refresh token used cleaned
[2025-03-29T06:27:01.997Z] [info]: Cleanup product: Cleaned 0 products
[2025-03-29T06:50:02.995Z] [info]: Cleanup key token: 1 key token cleaned
[2025-03-29T06:50:02.996Z] [info]: Cleanup key token: 0 refresh token used cleaned
[2025-03-29T06:50:03.007Z] [info]: Cleanup product: Cleaned 0 products
[2025-03-29T06:54:00.053Z] [info]: Cleanup key token: 1 key token cleaned
[2025-03-29T06:54:00.054Z] [info]: Cleanup key token: 0 refresh token used cleaned
[2025-03-29T06:54:00.065Z] [info]: Cleanup product: Cleaned 0 products
[2025-03-29T06:55:01.705Z] [info]: Cleanup key token: 1 key token cleaned
[2025-03-29T06:55:01.706Z] [info]: Cleanup key token: 0 refresh token used cleaned
[2025-03-29T06:55:01.709Z] [info]: Cleanup product: Cleaned 0 products
[2025-03-29T06:56:01.691Z] [info]: Cleanup key token: 1 key token cleaned
[2025-03-29T06:56:01.692Z] [info]: Cleanup key token: 0 refresh token used cleaned
[2025-03-29T06:56:01.693Z] [info]: Cleanup product: Cleaned 0 products
[2025-03-29T06:57:01.675Z] [info]: Cleanup key token: 1 key token cleaned
[2025-03-29T06:57:01.675Z] [info]: Cleanup key token: 0 refresh token used cleaned
[2025-03-29T06:57:01.678Z] [info]: Cleanup product: Cleaned 0 products
[2025-03-29T06:58:01.676Z] [info]: Cleanup key token: 1 key token cleaned
[2025-03-29T06:58:01.676Z] [info]: Cleanup key token: 0 refresh token used cleaned
[2025-03-29T06:58:01.681Z] [info]: Cleanup product: Cleaned 0 products
[2025-03-29T06:59:01.643Z] [info]: Cleanup key token: 1 key token cleaned
[2025-03-29T06:59:01.645Z] [info]: Cleanup key token: 0 refresh token used cleaned
[2025-03-29T06:59:01.651Z] [info]: Cleanup product: Cleaned 0 products
[2025-03-29T07:00:01.644Z] [info]: Cleanup key token: 1 key token cleaned
[2025-03-29T07:00:01.644Z] [info]: Cleanup key token: 0 refresh token used cleaned
[2025-03-29T07:00:01.645Z] [info]: Cleanup product: Cleaned 0 products
[2025-03-29T07:01:00.743Z] [info]: Cleanup key token: 1 key token cleaned
[2025-03-29T07:01:00.743Z] [info]: Cleanup key token: 0 refresh token used cleaned
[2025-03-29T07:01:00.750Z] [info]: Cleanup product: Cleaned 0 products
[2025-03-29T07:03:00.032Z] [info]: Cleanup key token: 1 key token cleaned
[2025-03-29T07:03:00.033Z] [info]: Cleanup key token: 0 refresh token used cleaned
[2025-03-29T07:03:00.036Z] [info]: Cleanup product: Cleaned 0 products
[2025-03-29T07:04:01.226Z] [info]: Cleanup key token: 1 key token cleaned
[2025-03-29T07:04:01.227Z] [info]: Cleanup key token: 0 refresh token used cleaned
[2025-03-29T07:04:01.230Z] [info]: Cleanup product: Cleaned 0 products
[2025-03-29T07:05:00.052Z] [info]: Cleanup key token: 1 key token cleaned
[2025-03-29T07:05:00.053Z] [info]: Cleanup key token: 0 refresh token used cleaned
[2025-03-29T07:05:00.060Z] [info]: Cleanup product: Cleaned 0 products
[2025-03-29T07:06:01.194Z] [info]: Cleanup key token: 1 key token cleaned
[2025-03-29T07:06:01.195Z] [info]: Cleanup key token: 0 refresh token used cleaned
[2025-03-29T07:06:01.198Z] [info]: Cleanup product: Cleaned 0 products
[2025-03-29T07:07:01.904Z] [info]: Cleanup key token: 1 key token cleaned
[2025-03-29T07:07:01.905Z] [info]: Cleanup key token: 0 refresh token used cleaned
[2025-03-29T07:07:01.908Z] [info]: Cleanup product: Cleaned 0 products
[2025-03-29T07:08:01.135Z] [info]: Cleanup key token: 1 key token cleaned
[2025-03-29T07:08:01.135Z] [info]: Cleanup key token: 0 refresh token used cleaned
[2025-03-29T07:08:01.139Z] [info]: Cleanup product: Cleaned 0 products
[2025-03-29T07:09:01.884Z] [info]: Cleanup key token: 1 key token cleaned
[2025-03-29T07:09:01.885Z] [info]: Cleanup key token: 0 refresh token used cleaned
[2025-03-29T07:09:01.887Z] [info]: Cleanup product: Cleaned 0 products
[2025-03-29T07:10:00.037Z] [info]: Cleanup key token: 1 key token cleaned
[2025-03-29T07:10:00.038Z] [info]: Cleanup key token: 0 refresh token used cleaned
[2025-03-29T07:10:00.043Z] [info]: Cleanup product: Cleaned 0 products
[2025-03-29T07:11:00.839Z] [info]: Cleanup key token: 1 key token cleaned
[2025-03-29T07:11:00.840Z] [info]: Cleanup key token: 0 refresh token used cleaned
[2025-03-29T07:11:00.845Z] [info]: Cleanup product: Cleaned 0 products
[2025-03-29T07:12:01.198Z] [info]: Cleanup key token: 1 key token cleaned
[2025-03-29T07:12:01.199Z] [info]: Cleanup key token: 0 refresh token used cleaned
[2025-03-29T07:12:01.199Z] [info]: Cleanup product: Cleaned 0 products
[2025-03-29T07:13:01.809Z] [info]: Cleanup key token: 1 key token cleaned
[2025-03-29T07:13:01.809Z] [info]: Cleanup key token: 0 refresh token used cleaned
[2025-03-29T07:13:01.812Z] [info]: Cleanup product: Cleaned 0 products
[2025-03-29T07:15:00.039Z] [info]: Cleanup key token: 1 key token cleaned
[2025-03-29T07:15:00.040Z] [info]: Cleanup key token: 0 refresh token used cleaned
[2025-03-29T07:15:00.046Z] [info]: Cleanup product: Cleaned 0 products
[2025-03-29T07:17:01.767Z] [info]: Cleanup key token: 1 key token cleaned
[2025-03-29T07:17:01.767Z] [info]: Cleanup key token: 0 refresh token used cleaned
[2025-03-29T07:17:01.773Z] [info]: Cleanup product: Cleaned 0 products
[2025-03-29T07:19:01.732Z] [info]: Cleanup key token: 1 key token cleaned
[2025-03-29T07:19:01.732Z] [info]: Cleanup key token: 0 refresh token used cleaned
[2025-03-29T07:19:01.738Z] [info]: Cleanup product: Cleaned 0 products
[2025-03-29T07:20:01.690Z] [info]: Cleanup key token: 1 key token cleaned
[2025-03-29T07:20:01.691Z] [info]: Cleanup key token: 0 refresh token used cleaned
[2025-03-29T07:20:01.694Z] [info]: Cleanup product: Cleaned 0 products
[2025-03-29T07:22:00.577Z] [info]: Cleanup key token: 1 key token cleaned
[2025-03-29T07:22:00.578Z] [info]: Cleanup key token: 0 refresh token used cleaned
[2025-03-29T07:22:00.582Z] [info]: Cleanup product: Cleaned 0 products
[2025-03-29T07:23:00.911Z] [info]: Cleanup key token: 1 key token cleaned
[2025-03-29T07:23:00.912Z] [info]: Cleanup key token: 0 refresh token used cleaned
[2025-03-29T07:23:00.916Z] [info]: Cleanup product: Cleaned 0 products
[2025-03-29T07:24:01.274Z] [info]: Cleanup key token: 1 key token cleaned
[2025-03-29T07:24:01.274Z] [info]: Cleanup key token: 0 refresh token used cleaned
[2025-03-29T07:24:01.277Z] [info]: Cleanup product: Cleaned 0 products
[2025-03-29T07:25:01.177Z] [info]: Cleanup key token: 1 key token cleaned
[2025-03-29T07:25:01.178Z] [info]: Cleanup key token: 0 refresh token used cleaned
[2025-03-29T07:25:01.184Z] [info]: Cleanup product: Cleaned 0 products
[2025-03-29T07:26:00.558Z] [info]: Cleanup key token: 1 key token cleaned
[2025-03-29T07:26:00.559Z] [info]: Cleanup key token: 0 refresh token used cleaned
[2025-03-29T07:26:00.564Z] [info]: Cleanup product: Cleaned 0 products
[2025-03-29T07:27:01.963Z] [info]: Cleanup key token: 1 key token cleaned
[2025-03-29T07:27:01.964Z] [info]: Cleanup key token: 0 refresh token used cleaned
[2025-03-29T07:27:01.967Z] [info]: Cleanup product: Cleaned 0 products
[2025-03-29T07:28:00.541Z] [info]: Cleanup key token: 1 key token cleaned
[2025-03-29T07:28:00.542Z] [info]: Cleanup key token: 0 refresh token used cleaned
[2025-03-29T07:28:00.543Z] [info]: Cleanup product: Cleaned 0 products
[2025-03-29T07:29:01.908Z] [info]: Cleanup key token: 1 key token cleaned
[2025-03-29T07:29:01.909Z] [info]: Cleanup key token: 0 refresh token used cleaned
[2025-03-29T07:29:01.911Z] [info]: Cleanup product: Cleaned 0 products
[2025-03-29T07:30:00.498Z] [info]: Cleanup key token: 1 key token cleaned
[2025-03-29T07:30:00.499Z] [info]: Cleanup key token: 0 refresh token used cleaned
[2025-03-29T07:30:00.500Z] [info]: Cleanup product: Cleaned 0 products
[2025-03-29T07:31:00.037Z] [info]: Cleanup key token: 1 key token cleaned
[2025-03-29T07:31:00.037Z] [info]: Cleanup key token: 0 refresh token used cleaned
[2025-03-29T07:31:00.042Z] [info]: Cleanup product: Cleaned 0 products
[2025-03-29T07:32:01.142Z] [info]: Cleanup key token: 1 key token cleaned
[2025-03-29T07:32:01.142Z] [info]: Cleanup key token: 0 refresh token used cleaned
[2025-03-29T07:32:01.145Z] [info]: Cleanup product: Cleaned 0 products
[2025-03-29T07:33:01.891Z] [info]: Cleanup key token: 1 key token cleaned
[2025-03-29T07:33:01.892Z] [info]: Cleanup key token: 0 refresh token used cleaned
[2025-03-29T07:33:01.895Z] [info]: Cleanup product: Cleaned 0 products
[2025-03-29T07:34:00.106Z] [info]: Cleanup key token: 1 key token cleaned
[2025-03-29T07:34:00.107Z] [info]: Cleanup key token: 0 refresh token used cleaned
[2025-03-29T07:34:00.128Z] [info]: Cleanup product: Cleaned 0 products
[2025-03-29T07:35:00.038Z] [info]: Cleanup key token: 1 key token cleaned
[2025-03-29T07:35:00.039Z] [info]: Cleanup key token: 0 refresh token used cleaned
[2025-03-29T07:35:00.040Z] [info]: Cleanup product: Cleaned 0 products
[2025-03-29T07:36:01.825Z] [info]: Cleanup key token: 1 key token cleaned
[2025-03-29T07:36:01.826Z] [info]: Cleanup key token: 0 refresh token used cleaned
[2025-03-29T07:36:01.827Z] [info]: Cleanup product: Cleaned 0 products
[2025-03-29T07:37:00.842Z] [info]: Cleanup key token: 1 key token cleaned
[2025-03-29T07:37:00.843Z] [info]: Cleanup key token: 0 refresh token used cleaned
[2025-03-29T07:37:00.849Z] [info]: Cleanup product: Cleaned 0 products
[2025-03-29T07:38:01.834Z] [info]: Cleanup key token: 1 key token cleaned
[2025-03-29T07:38:01.836Z] [info]: Cleanup key token: 0 refresh token used cleaned
[2025-03-29T07:38:01.844Z] [info]: Cleanup product: Cleaned 0 products
[2025-03-29T07:39:01.815Z] [info]: Cleanup key token: 1 key token cleaned
[2025-03-29T07:39:01.816Z] [info]: Cleanup key token: 0 refresh token used cleaned
[2025-03-29T07:39:01.820Z] [info]: Cleanup product: Cleaned 0 products
[2025-03-29T07:40:00.607Z] [info]: Cleanup key token: 1 key token cleaned
[2025-03-29T07:40:00.608Z] [info]: Cleanup key token: 0 refresh token used cleaned
[2025-03-29T07:40:00.611Z] [info]: Cleanup product: Cleaned 0 products
[2025-03-29T07:42:00.636Z] [info]: Cleanup key token: 1 key token cleaned
[2025-03-29T07:42:00.637Z] [info]: Cleanup key token: 0 refresh token used cleaned
[2025-03-29T07:42:00.644Z] [info]: Cleanup product: Cleaned 0 products
[2025-03-29T07:43:02.059Z] [info]: Cleanup key token: 1 key token cleaned
[2025-03-29T07:43:02.060Z] [info]: Cleanup key token: 0 refresh token used cleaned
[2025-03-29T07:43:02.065Z] [info]: Cleanup product: Cleaned 0 products
[2025-03-29T07:44:01.326Z] [info]: Cleanup key token: 1 key token cleaned
[2025-03-29T07:44:01.327Z] [info]: Cleanup key token: 0 refresh token used cleaned
[2025-03-29T07:44:01.332Z] [info]: Cleanup product: Cleaned 0 products
[2025-03-29T07:45:00.982Z] [info]: Cleanup key token: 1 key token cleaned
[2025-03-29T07:45:00.983Z] [info]: Cleanup key token: 0 refresh token used cleaned
[2025-03-29T07:45:00.988Z] [info]: Cleanup product: Cleaned 0 products
[2025-03-29T07:46:00.039Z] [info]: Cleanup key token: 1 key token cleaned
[2025-03-29T07:46:00.040Z] [info]: Cleanup key token: 0 refresh token used cleaned
[2025-03-29T07:46:00.045Z] [info]: Cleanup product: Cleaned 0 products
[2025-03-29T07:47:02.046Z] [info]: Cleanup key token: 1 key token cleaned
[2025-03-29T07:47:02.047Z] [info]: Cleanup key token: 0 refresh token used cleaned
[2025-03-29T07:47:02.052Z] [info]: Cleanup product: Cleaned 0 products
[2025-03-29T07:48:00.038Z] [info]: Cleanup key token: 1 key token cleaned
[2025-03-29T07:48:00.038Z] [info]: Cleanup key token: 0 refresh token used cleaned
[2025-03-29T07:48:00.043Z] [info]: Cleanup product: Cleaned 0 products
[2025-03-29T07:49:01.566Z] [info]: Cleanup key token: 1 key token cleaned
[2025-03-29T07:49:01.567Z] [info]: Cleanup key token: 0 refresh token used cleaned
[2025-03-29T07:49:01.573Z] [info]: Cleanup product: Cleaned 0 products
[2025-03-29T07:50:01.247Z] [info]: Cleanup key token: 1 key token cleaned
[2025-03-29T07:50:01.247Z] [info]: Cleanup key token: 0 refresh token used cleaned
[2025-03-29T07:50:01.251Z] [info]: Cleanup product: Cleaned 0 products
[2025-03-29T07:51:00.954Z] [info]: Cleanup key token: 1 key token cleaned
[2025-03-29T07:51:00.956Z] [info]: Cleanup key token: 0 refresh token used cleaned
[2025-03-29T07:51:00.968Z] [info]: Cleanup product: Cleaned 0 products
[2025-03-29T07:52:01.195Z] [info]: Cleanup key token: 1 key token cleaned
[2025-03-29T07:52:01.195Z] [info]: Cleanup key token: 0 refresh token used cleaned
[2025-03-29T07:52:01.200Z] [info]: Cleanup product: Cleaned 0 products
[2025-03-29T07:53:01.926Z] [info]: Cleanup key token: 1 key token cleaned
[2025-03-29T07:53:01.927Z] [info]: Cleanup key token: 0 refresh token used cleaned
[2025-03-29T07:53:01.929Z] [info]: Cleanup product: Cleaned 0 products
[2025-03-29T07:54:01.184Z] [info]: Cleanup key token: 1 key token cleaned
[2025-03-29T07:54:01.185Z] [info]: Cleanup key token: 0 refresh token used cleaned
[2025-03-29T07:54:01.189Z] [info]: Cleanup product: Cleaned 0 products
[2025-03-29T07:55:01.960Z] [info]: Cleanup key token: 1 key token cleaned
[2025-03-29T07:55:01.961Z] [info]: Cleanup key token: 0 refresh token used cleaned
[2025-03-29T07:55:01.968Z] [info]: Cleanup product: Cleaned 0 products
[2025-03-29T07:56:01.152Z] [info]: Cleanup key token: 1 key token cleaned
[2025-03-29T07:56:01.152Z] [info]: Cleanup key token: 0 refresh token used cleaned
[2025-03-29T07:56:01.157Z] [info]: Cleanup product: Cleaned 0 products
[2025-03-29T07:57:01.856Z] [info]: Cleanup key token: 1 key token cleaned
[2025-03-29T07:57:01.856Z] [info]: Cleanup key token: 0 refresh token used cleaned
[2025-03-29T07:57:01.857Z] [info]: Cleanup product: Cleaned 0 products
[2025-03-29T07:58:01.161Z] [info]: Cleanup key token: 1 key token cleaned
[2025-03-29T07:58:01.162Z] [info]: Cleanup key token: 0 refresh token used cleaned
[2025-03-29T07:58:01.163Z] [info]: Cleanup product: Cleaned 0 products
[2025-03-29T07:59:01.003Z] [info]: Cleanup key token: 1 key token cleaned
[2025-03-29T07:59:01.004Z] [info]: Cleanup key token: 0 refresh token used cleaned
[2025-03-29T07:59:01.007Z] [info]: Cleanup product: Cleaned 0 products
[2025-03-29T08:00:01.466Z] [info]: Cleanup key token: 1 key token cleaned
[2025-03-29T08:00:01.467Z] [info]: Cleanup key token: 0 refresh token used cleaned
[2025-03-29T08:00:01.469Z] [info]: Cleanup product: Cleaned 0 products
[2025-03-29T08:01:02.197Z] [info]: Cleanup key token: 1 key token cleaned
[2025-03-29T08:01:02.197Z] [info]: Cleanup key token: 0 refresh token used cleaned
[2025-03-29T08:01:02.198Z] [info]: Cleanup product: Cleaned 0 products
[2025-03-29T08:03:00.058Z] [info]: Cleanup key token: 1 key token cleaned
[2025-03-29T08:03:00.059Z] [info]: Cleanup key token: 0 refresh token used cleaned
[2025-03-29T08:03:00.060Z] [info]: Cleanup product: Cleaned 0 products
[2025-03-29T08:04:00.046Z] [info]: Cleanup key token: 1 key token cleaned
[2025-03-29T08:04:00.047Z] [info]: Cleanup key token: 0 refresh token used cleaned
[2025-03-29T08:04:00.052Z] [info]: Cleanup product: Cleaned 0 products
[2025-03-29T08:05:00.036Z] [info]: Cleanup key token: 1 key token cleaned
[2025-03-29T08:05:00.037Z] [info]: Cleanup key token: 0 refresh token used cleaned
[2025-03-29T08:05:00.042Z] [info]: Cleanup product: Cleaned 0 products
[2025-03-29T08:06:01.376Z] [info]: Cleanup key token: 2 key token cleaned
[2025-03-29T08:06:01.376Z] [info]: Cleanup key token: 0 refresh token used cleaned
[2025-03-29T08:06:01.380Z] [info]: Cleanup product: Cleaned 0 products
[2025-03-29T08:07:02.096Z] [info]: Cleanup key token: 2 key token cleaned
[2025-03-29T08:07:02.097Z] [info]: Cleanup key token: 0 refresh token used cleaned
[2025-03-29T08:07:02.101Z] [info]: Cleanup product: Cleaned 0 products
[2025-03-29T08:08:00.617Z] [info]: Cleanup key token: 3 key token cleaned
[2025-03-29T08:08:00.617Z] [info]: Cleanup key token: 0 refresh token used cleaned
[2025-03-29T08:08:00.625Z] [info]: Cleanup product: Cleaned 0 products
[2025-03-29T08:09:02.066Z] [info]: Cleanup key token: 4 key token cleaned
[2025-03-29T08:09:02.066Z] [info]: Cleanup key token: 0 refresh token used cleaned
[2025-03-29T08:09:02.070Z] [info]: Cleanup product: Cleaned 0 products
[2025-03-29T08:10:01.336Z] [info]: Cleanup key token: 4 key token cleaned
[2025-03-29T08:10:01.336Z] [info]: Cleanup key token: 0 refresh token used cleaned
[2025-03-29T08:10:01.343Z] [info]: Cleanup product: Cleaned 0 products
[2025-03-29T08:11:02.069Z] [info]: Cleanup key token: 4 key token cleaned
[2025-03-29T08:11:02.069Z] [info]: Cleanup key token: 0 refresh token used cleaned
[2025-03-29T08:11:02.074Z] [info]: Cleanup product: Cleaned 0 products
[2025-03-29T08:12:01.302Z] [info]: Cleanup key token: 4 key token cleaned
[2025-03-29T08:12:01.302Z] [info]: Cleanup key token: 0 refresh token used cleaned
[2025-03-29T08:12:01.306Z] [info]: Cleanup product: Cleaned 0 products
[2025-03-29T08:13:02.016Z] [info]: Cleanup key token: 4 key token cleaned
[2025-03-29T08:13:02.016Z] [info]: Cleanup key token: 0 refresh token used cleaned
[2025-03-29T08:13:02.021Z] [info]: Cleanup product: Cleaned 0 products
[2025-03-29T08:14:01.266Z] [info]: Cleanup key token: 4 key token cleaned
[2025-03-29T08:14:01.267Z] [info]: Cleanup key token: 0 refresh token used cleaned
[2025-03-29T08:14:01.271Z] [info]: Cleanup product: Cleaned 0 products
[2025-03-29T08:15:01.987Z] [info]: Cleanup key token: 5 key token cleaned
[2025-03-29T08:15:01.988Z] [info]: Cleanup key token: 0 refresh token used cleaned
[2025-03-29T08:15:01.992Z] [info]: Cleanup product: Cleaned 0 products
[2025-03-29T08:18:00.721Z] [info]: Cleanup key token: 5 key token cleaned
[2025-03-29T08:18:00.722Z] [info]: Cleanup key token: 0 refresh token used cleaned
[2025-03-29T08:18:00.728Z] [info]: Cleanup product: Cleaned 0 products
[2025-03-29T08:19:00.051Z] [info]: Cleanup key token: 5 key token cleaned
[2025-03-29T08:19:00.052Z] [info]: Cleanup key token: 0 refresh token used cleaned
[2025-03-29T08:19:00.058Z] [info]: Cleanup product: Cleaned 0 products
[2025-03-29T08:20:00.710Z] [info]: Cleanup key token: 5 key token cleaned
[2025-03-29T08:20:00.711Z] [info]: Cleanup key token: 0 refresh token used cleaned
[2025-03-29T08:20:00.715Z] [info]: Cleanup product: Cleaned 0 products
[2025-03-29T08:21:01.559Z] [info]: Cleanup key token: 5 key token cleaned
[2025-03-29T08:21:01.560Z] [info]: Cleanup key token: 0 refresh token used cleaned
[2025-03-29T08:21:01.564Z] [info]: Cleanup product: Cleaned 0 products
[2025-03-29T08:22:01.509Z] [info]: Cleanup key token: 5 key token cleaned
[2025-03-29T08:22:01.509Z] [info]: Cleanup key token: 0 refresh token used cleaned
[2025-03-29T08:22:01.510Z] [info]: Cleanup product: Cleaned 0 products
[2025-03-29T08:23:01.052Z] [info]: Cleanup key token: 5 key token cleaned
[2025-03-29T08:23:01.053Z] [info]: Cleanup key token: 0 refresh token used cleaned
[2025-03-29T08:23:01.054Z] [info]: Cleanup product: Cleaned 0 products
[2025-03-29T08:24:03.893Z] [info]: Cleanup key token: 5 key token cleaned
[2025-03-29T08:24:03.894Z] [info]: Cleanup key token: 0 refresh token used cleaned
[2025-03-29T08:24:03.907Z] [info]: Cleanup product: Cleaned 0 products
[2025-03-29T08:25:00.023Z] [info]: Cleanup key token: 5 key token cleaned
[2025-03-29T08:25:00.024Z] [info]: Cleanup key token: 0 refresh token used cleaned
[2025-03-29T08:25:00.027Z] [info]: Cleanup product: Cleaned 0 products
[2025-03-29T08:26:00.668Z] [info]: Cleanup key token: 5 key token cleaned
[2025-03-29T08:26:00.668Z] [info]: Cleanup key token: 0 refresh token used cleaned
[2025-03-29T08:26:00.674Z] [info]: Cleanup product: Cleaned 0 products
[2025-03-29T08:27:00.256Z] [info]: Cleanup key token: 7 key token cleaned
[2025-03-29T08:27:00.257Z] [info]: Cleanup key token: 0 refresh token used cleaned
[2025-03-29T08:27:00.269Z] [info]: Cleanup product: Cleaned 0 products
[2025-03-29T08:28:01.434Z] [info]: Cleanup key token: 8 key token cleaned
[2025-03-29T08:28:01.435Z] [info]: Cleanup key token: 0 refresh token used cleaned
[2025-03-29T08:28:01.441Z] [info]: Cleanup product: Cleaned 0 products
