[2025-06-02T13:39:14.980Z] [error]: HIDE::404::NotFound::Route is not exists::
[2025-06-02T13:39:15.700Z] [error]: HIDE::404::NotFound::Route is not exists::
[2025-06-02T13:39:45.781Z] [error]: HIDE::403::Forbidden::Token is expired or invalid!::
[2025-06-02T13:39:50.028Z] [error]: HIDE::403::Forbidden::Token is expired or invalid!::
[2025-06-02T13:39:50.373Z] [error]: HIDE::403::Forbidden::Token is expired or invalid!::
[2025-06-02T13:39:50.445Z] [error]: HIDE::403::Forbidden::Token is expired or invalid!::
[2025-06-02T13:39:50.834Z] [error]: HIDE::403::Forbidden::Token is expired or invalid!::
[2025-06-02T13:41:46.727Z] [error]: HIDE::404::NotFound::Not found file!::
[2025-06-02T13:41:51.143Z] [error]: HIDE::404::NotFound::Not found file!::
[2025-06-02T13:42:31.562Z] [error]: HIDE::404::NotFound::Not found file!::
[2025-06-02T13:42:33.809Z] [error]: HIDE::404::NotFound::Not found file!::
[2025-06-02T13:42:36.170Z] [error]: HIDE::404::NotFound::Not found file!::
[2025-06-02T13:42:59.511Z] [error]: HIDE::404::NotFound::Not found file!::
[2025-06-02T13:45:02.279Z] [error]: HIDE::404::NotFound::Not found file!::
[2025-06-02T13:45:48.525Z] [error]: Redis error: Error: Socket closed unexpectedly
[2025-06-02T13:53:22.830Z] [error]: HIDE::404::NotFound::Not found file!::
[2025-06-02T13:56:51.176Z] [error]: HIDE::403::Forbidden::Token is expired or invalid!::
[2025-06-02T13:58:49.535Z] [error]: HIDE::404::NotFound::Not found file!::
[2025-06-02T13:58:51.293Z] [error]: HIDE::400::MongoServerError::invalid argument to $limit stage: Expected a number in: $limit: "10"::
[2025-06-02T13:58:53.095Z] [error]: HIDE::404::NotFound::Not found file!::
[2025-06-02T14:00:36.609Z] [error]: HIDE::403::Forbidden::Token is expired or invalid!::
[2025-06-02T14:00:37.256Z] [error]: HIDE::403::Forbidden::Token is expired or invalid!::
[2025-06-02T14:00:48.553Z] [error]: HIDE::403::Forbidden::Token is expired or invalid!::
[2025-06-02T14:00:49.145Z] [error]: HIDE::403::Forbidden::Token is expired or invalid!::
[2025-06-02T14:01:02.810Z] [error]: HIDE::403::Forbidden::Token is expired or invalid!::
[2025-06-02T14:01:08.978Z] [error]: HIDE::403::Forbidden::Token is expired or invalid!::
[2025-06-02T14:01:12.281Z] [error]: HIDE::403::Forbidden::Token is expired or invalid!::
[2025-06-02T14:01:12.502Z] [error]: HIDE::403::Forbidden::Token is expired or invalid!::
[2025-06-02T14:01:12.967Z] [error]: HIDE::403::Forbidden::Token is expired or invalid!::
[2025-06-02T14:01:13.890Z] [error]: HIDE::403::Forbidden::Token is expired or invalid!::
[2025-06-02T14:01:24.191Z] [error]: HIDE::404::NotFound::Not found file!::
[2025-06-02T14:02:28.534Z] [error]: HIDE::400::MongoServerError::invalid argument to $limit stage: Expected a number in: $limit: "10"::
[2025-06-02T14:02:29.173Z] [error]: HIDE::400::MongoServerError::invalid argument to $limit stage: Expected a number in: $limit: "10"::
[2025-06-02T14:02:29.500Z] [error]: HIDE::400::MongoServerError::invalid argument to $limit stage: Expected a number in: $limit: "10"::
[2025-06-02T14:02:29.877Z] [error]: HIDE::400::MongoServerError::invalid argument to $limit stage: Expected a number in: $limit: "10"::
[2025-06-02T14:02:30.381Z] [error]: HIDE::400::MongoServerError::invalid argument to $limit stage: Expected a number in: $limit: "10"::
[2025-06-02T14:03:08.060Z] [error]: HIDE::403::Forbidden::Token is expired or invalid!::
[2025-06-02T14:03:09.732Z] [error]: HIDE::404::NotFound::Not found file!::
[2025-06-02T14:06:37.074Z] [error]: HIDE::404::NotFound::Not found file!::
[2025-06-02T14:06:52.067Z] [error]: HIDE::403::Forbidden::Token not found!::
[2025-06-02T14:06:52.609Z] [error]: HIDE::404::NotFound::Not found file!::
[2025-06-02T14:06:55.295Z] [error]: HIDE::404::NotFound::Not found file!::
[2025-06-02T14:07:10.082Z] [error]: HIDE::404::NotFound::Not found file!::
[2025-06-02T14:07:11.279Z] [error]: HIDE::404::NotFound::Not found file!::
[2025-06-02T14:07:42.459Z] [error]: HIDE::404::NotFound::Not found file!::
[2025-06-02T14:08:18.043Z] [error]: HIDE::404::NotFound::Not found file!::
[2025-06-02T14:08:36.999Z] [error]: HIDE::404::NotFound::Not found file!::
[2025-06-02T14:09:09.102Z] [error]: HIDE::404::NotFound::Not found file!::
[2025-06-02T14:09:10.793Z] [error]: HIDE::404::NotFound::Not found file!::
[2025-06-02T14:09:37.786Z] [error]: HIDE::404::NotFound::Not found file!::
[2025-06-02T14:18:31.157Z] [error]: HIDE::404::NotFound::Not found file!::
[2025-06-02T14:19:53.723Z] [error]: HIDE::404::NotFound::Not found file!::
[2025-06-02T14:24:37.814Z] [error]: HIDE::404::NotFound::Not found file!::
[2025-06-02T14:25:20.883Z] [error]: HIDE::404::NotFound::Not found file!::
[2025-06-02T14:26:30.672Z] [error]: HIDE::404::NotFound::Not found file!::
[2025-06-02T14:26:34.070Z] [error]: HIDE::404::NotFound::Not found file!::
[2025-06-02T14:30:23.618Z] [error]: HIDE::404::NotFound::Not found file!::
[2025-06-02T14:30:36.905Z] [error]: HIDE::404::NotFound::Not found file!::
[2025-06-02T14:32:42.078Z] [error]: HIDE::403::Forbidden::Token is expired or invalid!::
[2025-06-02T14:34:07.267Z] [error]: HIDE::404::NotFound::Not found file!::
[2025-06-02T14:34:11.449Z] [error]: HIDE::404::NotFound::Not found file!::
[2025-06-02T14:34:34.523Z] [error]: HIDE::404::NotFound::Not found file!::
[2025-06-02T14:36:35.898Z] [error]: HIDE::404::NotFound::Not found file!::
[2025-06-02T14:36:38.028Z] [error]: HIDE::404::NotFound::Not found file!::
[2025-06-02T14:36:39.872Z] [error]: HIDE::400::TypeError::null is not an object (evaluating 'user._id')::
[2025-06-02T14:39:25.548Z] [error]: HIDE::404::NotFound::Not found file!::
[2025-06-02T14:39:29.060Z] [error]: HIDE::400::TypeError::null is not an object (evaluating 'user._id')::
[2025-06-02T14:40:52.623Z] [error]: HIDE::404::NotFound::Not found file!::
[2025-06-02T14:43:31.130Z] [error]: HIDE::404::NotFound::Not found file!::
[2025-06-02T14:47:05.620Z] [error]: HIDE::404::NotFound::Not found file!::
[2025-06-02T14:47:32.249Z] [error]: HIDE::404::NotFound::Not found file!::
[2025-06-02T14:49:27.420Z] [error]: HIDE::404::NotFound::Not found file!::
[2025-06-02T14:49:29.042Z] [error]: HIDE::400::TypeError::null is not an object (evaluating 'user._id')::
[2025-06-02T14:50:10.588Z] [error]: HIDE::404::NotFound::Not found file!::
[2025-06-02T14:50:11.181Z] [error]: HIDE::400::TypeError::null is not an object (evaluating 'user._id')::
[2025-06-02T14:53:22.086Z] [error]: HIDE::404::NotFound::Not found file!::
[2025-06-02T14:53:23.672Z] [error]: HIDE::404::NotFound::Not found file!::
[2025-06-02T14:54:43.004Z] [error]: HIDE::404::NotFound::Not found file!::
[2025-06-02T14:55:47.836Z] [error]: HIDE::404::NotFound::Not found file!::
[2025-06-02T14:55:49.725Z] [error]: HIDE::400::TypeError::null is not an object (evaluating 'user._id')::
[2025-06-02T14:58:19.910Z] [error]: HIDE::404::NotFound::Not found file!::
[2025-06-02T14:58:24.123Z] [error]: HIDE::404::NotFound::Not found file!::
[2025-06-02T14:58:25.203Z] [error]: HIDE::400::TypeError::null is not an object (evaluating 'user._id')::
[2025-06-02T15:00:12.863Z] [error]: HIDE::404::NotFound::Not found file!::
[2025-06-02T15:00:19.178Z] [error]: HIDE::404::NotFound::Not found file!::
[2025-06-02T15:00:22.471Z] [error]: HIDE::400::TypeError::null is not an object (evaluating 'user._id')::
[2025-06-02T15:01:29.970Z] [error]: HIDE::404::NotFound::Not found file!::
[2025-06-02T15:02:10.741Z] [error]: HIDE::404::NotFound::Not found file!::
[2025-06-02T15:02:14.553Z] [error]: HIDE::400::TypeError::null is not an object (evaluating 'user._id')::
[2025-06-02T15:12:58.262Z] [error]: HIDE::404::NotFound::Not found file!::
[2025-06-02T15:12:58.918Z] [error]: HIDE::404::NotFound::Not found file!::
[2025-06-02T15:14:17.982Z] [error]: HIDE::404::NotFound::Not found file!::
[2025-06-02T15:14:22.121Z] [error]: HIDE::404::NotFound::Not found file!::
[2025-06-02T15:14:22.951Z] [error]: HIDE::400::BadRequest::Cannot start conversation with yourself!::
[2025-06-02T15:15:13.537Z] [error]: HIDE::404::NotFound::Not found file!::
[2025-06-02T15:15:20.699Z] [error]: HIDE::404::NotFound::Not found file!::
[2025-06-02T15:15:20.864Z] [error]: HIDE::404::NotFound::Not found file!::
[2025-06-02T15:15:22.695Z] [error]: HIDE::404::NotFound::Not found file!::
[2025-06-02T15:15:23.663Z] [error]: HIDE::400::BadRequest::Cannot start conversation with yourself!::
[2025-06-02T15:15:40.587Z] [error]: HIDE::404::NotFound::Not found file!::
[2025-06-02T15:15:52.885Z] [error]: HIDE::404::NotFound::Not found file!::
[2025-06-02T15:15:56.605Z] [error]: HIDE::404::NotFound::Not found file!::
[2025-06-02T15:15:58.366Z] [error]: HIDE::404::NotFound::Not found file!::
[2025-06-02T15:16:14.928Z] [error]: HIDE::403::Forbidden::Token is expired or invalid!::
[2025-06-02T15:16:15.057Z] [error]: HIDE::403::Forbidden::Token is expired or invalid!::
[2025-06-02T15:16:15.157Z] [error]: HIDE::403::Forbidden::Token is expired or invalid!::
[2025-06-02T15:16:15.240Z] [error]: HIDE::403::Forbidden::Token is expired or invalid!::
[2025-06-02T15:16:23.673Z] [error]: HIDE::404::NotFound::Not found file!::
[2025-06-02T15:16:55.755Z] [error]: HIDE::404::NotFound::Not found file!::
[2025-06-02T15:16:56.036Z] [error]: HIDE::404::NotFound::Not found file!::
[2025-06-02T15:16:56.382Z] [error]: HIDE::404::NotFound::Not found file!::
[2025-06-02T15:16:57.601Z] [error]: HIDE::404::NotFound::Not found file!::
[2025-06-02T15:16:58.444Z] [error]: HIDE::400::MissingSchemaError::Schema hasn't been registered for model "users".
Use mongoose.model(name, schema)::
[2025-06-02T15:16:59.517Z] [error]: HIDE::400::MissingSchemaError::Schema hasn't been registered for model "users".
Use mongoose.model(name, schema)::
[2025-06-02T15:17:04.620Z] [error]: HIDE::404::NotFound::Not found file!::
[2025-06-02T15:17:05.452Z] [error]: HIDE::400::MissingSchemaError::Schema hasn't been registered for model "users".
Use mongoose.model(name, schema)::
[2025-06-02T15:17:06.549Z] [error]: HIDE::400::MissingSchemaError::Schema hasn't been registered for model "users".
Use mongoose.model(name, schema)::
[2025-06-02T15:25:56.794Z] [error]: HIDE::404::NotFound::Not found file!::
[2025-06-02T15:25:57.457Z] [error]: HIDE::404::NotFound::Not found file!::
[2025-06-02T15:27:43.233Z] [error]: Redis error: Error: Socket closed unexpectedly
[2025-06-02T15:28:06.786Z] [error]: HIDE::400::MissingSchemaError::Schema hasn't been registered for model "medias".
Use mongoose.model(name, schema)::
[2025-06-02T15:28:06.993Z] [error]: HIDE::404::NotFound::Not found file!::
[2025-06-02T15:29:52.650Z] [error]: HIDE::404::NotFound::Not found file!::
[2025-06-02T15:29:53.647Z] [error]: HIDE::404::NotFound::Not found file!::
[2025-06-02T15:29:58.001Z] [error]: HIDE::404::NotFound::Not found file!::
[2025-06-02T15:30:00.228Z] [error]: HIDE::400::MissingSchemaError::Schema hasn't been registered for model "medias".
Use mongoose.model(name, schema)::
[2025-06-02T15:59:12.298Z] [error]: HIDE::404::NotFound::Not found file!::
[2025-06-02T15:59:13.247Z] [error]: HIDE::404::NotFound::Not found file!::
[2025-06-02T15:59:14.131Z] [error]: HIDE::404::NotFound::Not found file!::
[2025-06-02T16:00:13.038Z] [error]: HIDE::404::NotFound::Not found file!::
[2025-06-02T16:02:33.139Z] [error]: HIDE::400::BadRequest::[
  {
    "validation": "regex",
    "code": "invalid_string",
    "message": "Password must contain at least one uppercase letter, one lowercase letter, one number, and one special character",
    "path": [
      "password"
    ]
  }
]::
[2025-06-02T16:02:45.090Z] [error]: HIDE::404::NotFound::Not found file!::
[2025-06-02T16:12:14.727Z] [error]: HIDE::403::Forbidden::Token is expired or invalid!::
[2025-06-02T16:12:16.467Z] [error]: HIDE::403::Forbidden::Token is expired or invalid!::
[2025-06-02T16:12:28.698Z] [error]: HIDE::404::NotFound::Not found file!::
[2025-06-02T16:12:29.627Z] [error]: HIDE::403::Forbidden::Token is expired or invalid!::
[2025-06-02T16:17:01.882Z] [error]: Redis error: Error: Socket closed unexpectedly
[2025-06-02T16:17:46.318Z] [error]: HIDE::404::NotFound::Not found file!::
[2025-06-02T16:19:35.284Z] [error]: HIDE::404::NotFound::Not found file!::
[2025-06-02T16:19:35.876Z] [error]: HIDE::403::Forbidden::Token is expired or invalid!::
[2025-06-02T16:19:58.531Z] [error]: HIDE::404::NotFound::Not found file!::
[2025-06-02T16:26:17.940Z] [error]: HIDE::404::NotFound::Not found file!::
[2025-06-02T16:26:22.130Z] [error]: HIDE::403::Forbidden::Token is expired or invalid!::
[2025-06-02T16:26:22.782Z] [error]: HIDE::404::NotFound::Not found file!::
[2025-06-02T16:26:23.251Z] [error]: HIDE::403::Forbidden::Token is expired or invalid!::
[2025-06-02T16:26:23.935Z] [error]: HIDE::403::Forbidden::Token is expired or invalid!::
[2025-06-02T16:26:24.159Z] [error]: HIDE::403::Forbidden::Token is expired or invalid!::
[2025-06-02T16:26:24.174Z] [error]: HIDE::403::Forbidden::Token is expired or invalid!::
[2025-06-02T16:26:24.542Z] [error]: HIDE::404::NotFound::Not found file!::
[2025-06-02T16:26:25.296Z] [error]: HIDE::403::Forbidden::Token is expired or invalid!::
[2025-06-02T16:26:25.354Z] [error]: HIDE::403::Forbidden::Token is expired or invalid!::
[2025-06-02T16:26:27.470Z] [error]: HIDE::403::Forbidden::Token is expired or invalid!::
[2025-06-02T16:26:31.110Z] [error]: HIDE::404::NotFound::Not found file!::
[2025-06-02T16:26:40.057Z] [error]: HIDE::404::NotFound::Not found file!::
[2025-06-02T16:28:00.558Z] [error]: HIDE::404::NotFound::Not found file!::
[2025-06-02T16:28:01.016Z] [error]: Socket authentication failed: HIDE::403::Forbidden::Token is expired or invalid!::
[2025-06-02T16:28:02.870Z] [error]: Socket authentication failed: HIDE::403::Forbidden::Token is expired or invalid!::
[2025-06-02T16:28:05.456Z] [error]: Socket authentication failed: HIDE::403::Forbidden::Token is expired or invalid!::
[2025-06-02T16:28:10.360Z] [error]: Socket authentication failed: HIDE::403::Forbidden::Token is expired or invalid!::
[2025-06-02T16:28:21.279Z] [error]: Socket authentication failed: HIDE::403::Forbidden::Token is expired or invalid!::
[2025-06-02T16:28:38.035Z] [error]: Socket authentication failed: HIDE::403::Forbidden::Token is expired or invalid!::
[2025-06-02T16:31:09.744Z] [error]: HIDE::404::NotFound::Not found file!::
[2025-06-02T16:34:25.431Z] [error]: HIDE::404::NotFound::Not found file!::
[2025-06-02T16:40:12.042Z] [error]: Redis error: Error: Failed to connect
[2025-06-02T16:40:12.070Z] [error]: Redis error: Error: Failed to connect
[2025-06-02T16:40:12.132Z] [error]: Redis error: Error: Failed to connect
[2025-06-02T16:40:12.238Z] [error]: Redis error: Error: Failed to connect
[2025-06-02T16:40:12.395Z] [error]: Redis error: Error: Failed to connect
[2025-06-02T16:40:12.599Z] [error]: Redis error: Error: Failed to connect
[2025-06-02T16:40:12.855Z] [error]: Redis error: Error: Failed to connect
[2025-06-02T16:40:13.166Z] [error]: Redis error: Error: Failed to connect
[2025-06-02T16:40:13.520Z] [error]: Redis error: Error: Failed to connect
[2025-06-02T16:40:13.925Z] [error]: Redis error: Error: Failed to connect
[2025-06-02T16:40:14.382Z] [error]: Redis error: Error: Failed to connect
[2025-06-02T16:40:14.888Z] [error]: Redis error: Error: Failed to connect
[2025-06-02T16:40:15.392Z] [error]: Redis error: Error: Failed to connect
[2025-06-02T16:40:15.895Z] [error]: Redis error: Error: Failed to connect
[2025-06-02T16:40:16.399Z] [error]: Redis error: Error: Failed to connect
[2025-06-02T16:40:16.904Z] [error]: Redis error: Error: Failed to connect
[2025-06-02T16:40:17.409Z] [error]: Redis error: Error: Failed to connect
[2025-06-02T16:40:17.913Z] [error]: Redis error: Error: Failed to connect
[2025-06-02T16:40:18.418Z] [error]: Redis error: Error: Failed to connect
[2025-06-02T16:40:18.923Z] [error]: Redis error: Error: Failed to connect
[2025-06-02T16:40:19.426Z] [error]: Redis error: Error: Failed to connect
[2025-06-02T16:40:19.929Z] [error]: Redis error: Error: Failed to connect
[2025-06-02T16:40:20.432Z] [error]: Redis error: Error: Failed to connect
[2025-06-02T16:40:20.937Z] [error]: Redis error: Error: Failed to connect
[2025-06-02T16:40:21.440Z] [error]: Redis error: Error: Failed to connect
[2025-06-02T16:40:21.945Z] [error]: Redis error: Error: Failed to connect
[2025-06-02T16:40:22.449Z] [error]: Redis error: Error: Failed to connect
[2025-06-02T16:40:22.953Z] [error]: Redis error: Error: Failed to connect
[2025-06-02T16:40:23.458Z] [error]: Redis error: Error: Failed to connect
[2025-06-02T16:40:23.963Z] [error]: Redis error: Error: Failed to connect
[2025-06-02T16:40:24.468Z] [error]: Redis error: Error: Failed to connect
[2025-06-02T16:40:24.981Z] [error]: Redis error: Error: Failed to connect
[2025-06-02T16:40:25.489Z] [error]: Redis error: Error: Failed to connect
[2025-06-02T16:40:26.000Z] [error]: Redis error: Error: Failed to connect
[2025-06-02T16:40:26.506Z] [error]: Redis error: Error: Failed to connect
[2025-06-02T16:40:27.016Z] [error]: Redis error: Error: Failed to connect
[2025-06-02T16:40:27.521Z] [error]: Redis error: Error: Failed to connect
[2025-06-02T16:40:28.025Z] [error]: Redis error: Error: Failed to connect
[2025-06-02T16:40:28.528Z] [error]: Redis error: Error: Failed to connect
[2025-06-02T16:40:29.032Z] [error]: Redis error: Error: Failed to connect
[2025-06-02T16:40:29.535Z] [error]: Redis error: Error: Failed to connect
[2025-06-02T16:40:30.053Z] [error]: Redis error: Error: Failed to connect
[2025-06-02T16:40:30.559Z] [error]: Redis error: Error: Failed to connect
[2025-06-02T16:40:31.065Z] [error]: Redis error: Error: Failed to connect
[2025-06-02T16:40:31.571Z] [error]: Redis error: Error: Failed to connect
[2025-06-02T16:40:32.077Z] [error]: Redis error: Error: Failed to connect
[2025-06-02T16:40:32.593Z] [error]: Redis error: Error: Failed to connect
[2025-06-02T16:40:33.098Z] [error]: Redis error: Error: Failed to connect
[2025-06-02T16:40:33.603Z] [error]: Redis error: Error: Failed to connect
[2025-06-02T16:40:34.110Z] [error]: Redis error: Error: Failed to connect
[2025-06-02T16:40:34.614Z] [error]: Redis error: Error: Failed to connect
[2025-06-02T16:40:35.117Z] [error]: Redis error: Error: Failed to connect
[2025-06-02T16:40:35.621Z] [error]: Redis error: Error: Failed to connect
[2025-06-02T16:40:36.129Z] [error]: Redis error: Error: Failed to connect
[2025-06-02T16:40:36.632Z] [error]: Redis error: Error: Failed to connect
[2025-06-02T16:40:37.135Z] [error]: Redis error: Error: Failed to connect
[2025-06-02T16:40:37.639Z] [error]: Redis error: Error: Failed to connect
[2025-06-02T16:40:38.143Z] [error]: Redis error: Error: Failed to connect
[2025-06-02T16:40:38.646Z] [error]: Redis error: Error: Failed to connect
[2025-06-02T16:40:39.149Z] [error]: Redis error: Error: Failed to connect
[2025-06-02T16:40:39.655Z] [error]: Redis error: Error: Failed to connect
[2025-06-02T16:40:40.158Z] [error]: Redis error: Error: Failed to connect
[2025-06-02T16:40:40.661Z] [error]: Redis error: Error: Failed to connect
[2025-06-02T16:40:41.165Z] [error]: Redis error: Error: Failed to connect
[2025-06-02T16:40:41.668Z] [error]: Redis error: Error: Failed to connect
[2025-06-02T16:40:42.179Z] [error]: Redis error: Error: Failed to connect
[2025-06-02T16:40:42.685Z] [error]: Redis error: Error: Failed to connect
[2025-06-02T16:40:43.188Z] [error]: Redis error: Error: Failed to connect
[2025-06-02T16:40:43.691Z] [error]: Redis error: Error: Failed to connect
[2025-06-02T16:40:44.198Z] [error]: Redis error: Error: Failed to connect
[2025-06-02T16:40:44.701Z] [error]: Redis error: Error: Failed to connect
[2025-06-02T16:40:45.204Z] [error]: Redis error: Error: Failed to connect
[2025-06-02T16:40:45.708Z] [error]: Redis error: Error: Failed to connect
[2025-06-02T16:40:46.211Z] [error]: Redis error: Error: Failed to connect
[2025-06-02T16:40:46.714Z] [error]: Redis error: Error: Failed to connect
[2025-06-02T16:40:47.216Z] [error]: Redis error: Error: Failed to connect
[2025-06-02T16:40:47.719Z] [error]: Redis error: Error: Failed to connect
[2025-06-02T16:40:48.221Z] [error]: Redis error: Error: Failed to connect
[2025-06-02T16:40:48.724Z] [error]: Redis error: Error: Failed to connect
[2025-06-02T16:40:49.230Z] [error]: Redis error: Error: Failed to connect
[2025-06-02T16:40:49.734Z] [error]: Redis error: Error: Failed to connect
[2025-06-02T16:40:50.242Z] [error]: Redis error: Error: Failed to connect
[2025-06-02T16:40:50.747Z] [error]: Redis error: Error: Failed to connect
[2025-06-02T16:40:51.252Z] [error]: Redis error: Error: Failed to connect
[2025-06-02T16:40:51.757Z] [error]: Redis error: Error: Failed to connect
[2025-06-02T16:40:52.264Z] [error]: Redis error: Error: Failed to connect
[2025-06-02T16:40:52.770Z] [error]: Redis error: Error: Failed to connect
[2025-06-02T16:40:53.274Z] [error]: Redis error: Error: Failed to connect
[2025-06-02T16:40:53.777Z] [error]: Redis error: Error: Failed to connect
[2025-06-02T16:40:54.283Z] [error]: Redis error: Error: Failed to connect
[2025-06-02T16:40:54.786Z] [error]: Redis error: Error: Failed to connect
[2025-06-02T16:40:55.289Z] [error]: Redis error: Error: Failed to connect
[2025-06-02T16:40:55.793Z] [error]: Redis error: Error: Failed to connect
[2025-06-02T16:40:56.298Z] [error]: Redis error: Error: Failed to connect
[2025-06-02T16:40:56.802Z] [error]: Redis error: Error: Failed to connect
[2025-06-02T16:40:57.306Z] [error]: Redis error: Error: Failed to connect
[2025-06-02T16:40:57.810Z] [error]: Redis error: Error: Failed to connect
[2025-06-02T16:40:59.334Z] [error]: Redis error: Error: Failed to connect
[2025-06-02T16:40:59.842Z] [error]: Redis error: Error: Failed to connect
[2025-06-02T16:41:00.345Z] [error]: Redis error: Error: Failed to connect
[2025-06-02T16:41:00.853Z] [error]: Redis error: Error: Failed to connect
[2025-06-02T16:41:01.357Z] [error]: Redis error: Error: Failed to connect
[2025-06-02T16:41:01.865Z] [error]: Redis error: Error: Failed to connect
[2025-06-02T16:41:02.371Z] [error]: Redis error: Error: Failed to connect
[2025-06-02T16:41:02.878Z] [error]: Redis error: Error: Failed to connect
[2025-06-02T16:41:03.384Z] [error]: Redis error: Error: Failed to connect
[2025-06-02T16:41:03.888Z] [error]: Redis error: Error: Failed to connect
[2025-06-02T16:41:04.394Z] [error]: Redis error: Error: Failed to connect
[2025-06-02T16:41:04.902Z] [error]: Redis error: Error: Failed to connect
[2025-06-02T16:41:05.406Z] [error]: Redis error: Error: Failed to connect
[2025-06-02T16:41:05.910Z] [error]: Redis error: Error: Failed to connect
[2025-06-02T16:41:06.415Z] [error]: Redis error: Error: Failed to connect
[2025-06-02T16:41:06.923Z] [error]: Redis error: Error: Failed to connect
[2025-06-02T16:41:07.426Z] [error]: Redis error: Error: Failed to connect
[2025-06-02T16:41:07.939Z] [error]: Redis error: Error: Failed to connect
[2025-06-02T16:41:08.443Z] [error]: Redis error: Error: Failed to connect
[2025-06-02T16:41:08.947Z] [error]: Redis error: Error: Failed to connect
[2025-06-02T16:41:09.450Z] [error]: Redis error: Error: Failed to connect
[2025-06-02T16:41:09.956Z] [error]: Redis error: Error: Failed to connect
[2025-06-02T16:41:10.461Z] [error]: Redis error: Error: Failed to connect
[2025-06-02T16:41:10.968Z] [error]: Redis error: Error: Failed to connect
[2025-06-02T16:41:11.471Z] [error]: Redis error: Error: Failed to connect
[2025-06-02T16:41:11.973Z] [error]: Redis error: Error: Failed to connect
[2025-06-02T16:41:12.477Z] [error]: Redis error: Error: Failed to connect
[2025-06-02T16:41:12.980Z] [error]: Redis error: Error: Failed to connect
[2025-06-02T16:41:13.491Z] [error]: Redis error: Error: Failed to connect
[2025-06-02T16:41:13.996Z] [error]: Redis error: Error: Failed to connect
[2025-06-02T16:41:14.500Z] [error]: Redis error: Error: Failed to connect
[2025-06-02T16:41:15.008Z] [error]: Redis error: Error: Failed to connect
[2025-06-02T16:41:15.512Z] [error]: Redis error: Error: Failed to connect
[2025-06-02T16:41:16.017Z] [error]: Redis error: Error: Failed to connect
[2025-06-02T16:41:16.522Z] [error]: Redis error: Error: Failed to connect
[2025-06-02T16:41:17.030Z] [error]: Redis error: Error: Failed to connect
[2025-06-02T16:41:17.535Z] [error]: Redis error: Error: Failed to connect
[2025-06-02T16:41:18.040Z] [error]: Redis error: Error: Failed to connect
[2025-06-02T16:41:18.549Z] [error]: Redis error: Error: Failed to connect
[2025-06-02T16:41:19.052Z] [error]: Redis error: Error: Failed to connect
[2025-06-02T16:41:19.557Z] [error]: Redis error: Error: Failed to connect
[2025-06-02T16:41:20.062Z] [error]: Redis error: Error: Failed to connect
[2025-06-02T16:41:20.565Z] [error]: Redis error: Error: Failed to connect
[2025-06-02T16:41:21.069Z] [error]: Redis error: Error: Failed to connect
[2025-06-02T16:41:21.572Z] [error]: Redis error: Error: Failed to connect
[2025-06-02T16:41:22.077Z] [error]: Redis error: Error: Failed to connect
[2025-06-02T16:41:22.581Z] [error]: Redis error: Error: Failed to connect
[2025-06-02T16:41:23.085Z] [error]: Redis error: Error: Failed to connect
[2025-06-02T16:41:23.589Z] [error]: Redis error: Error: Failed to connect
[2025-06-02T16:41:24.093Z] [error]: Redis error: Error: Failed to connect
[2025-06-02T16:41:24.595Z] [error]: Redis error: Error: Failed to connect
[2025-06-02T16:41:25.099Z] [error]: Redis error: Error: Failed to connect
[2025-06-02T16:41:25.602Z] [error]: Redis error: Error: Failed to connect
[2025-06-02T16:41:26.106Z] [error]: Redis error: Error: Failed to connect
[2025-06-02T16:41:26.609Z] [error]: Redis error: Error: Failed to connect
[2025-06-02T16:41:27.114Z] [error]: Redis error: Error: Failed to connect
[2025-06-02T16:41:27.618Z] [error]: Redis error: Error: Failed to connect
[2025-06-02T16:41:28.122Z] [error]: Redis error: Error: Failed to connect
[2025-06-02T16:41:28.625Z] [error]: Redis error: Error: Failed to connect
[2025-06-02T16:41:29.128Z] [error]: Redis error: Error: Failed to connect
[2025-06-02T16:41:29.632Z] [error]: Redis error: Error: Failed to connect
[2025-06-02T16:41:30.137Z] [error]: Redis error: Error: Failed to connect
[2025-06-02T16:41:30.641Z] [error]: Redis error: Error: Failed to connect
[2025-06-02T16:41:31.145Z] [error]: Redis error: Error: Failed to connect
[2025-06-02T16:41:31.651Z] [error]: Redis error: Error: Failed to connect
[2025-06-02T16:41:32.156Z] [error]: Redis error: Error: Failed to connect
[2025-06-02T16:41:32.660Z] [error]: Redis error: Error: Failed to connect
[2025-06-02T16:41:33.183Z] [error]: Redis error: Error: Failed to connect
[2025-06-02T16:41:33.718Z] [error]: Redis error: Error: Failed to connect
[2025-06-02T16:41:34.221Z] [error]: Redis error: Error: Failed to connect
[2025-06-02T16:41:34.724Z] [error]: Redis error: Error: Failed to connect
[2025-06-02T16:41:35.230Z] [error]: Redis error: Error: Failed to connect
[2025-06-02T16:41:35.735Z] [error]: Redis error: Error: Failed to connect
[2025-06-02T16:41:36.241Z] [error]: Redis error: Error: Failed to connect
[2025-06-02T16:41:36.745Z] [error]: Redis error: Error: Failed to connect
[2025-06-02T16:41:37.250Z] [error]: Redis error: Error: Failed to connect
[2025-06-02T16:41:37.753Z] [error]: Redis error: Error: Failed to connect
[2025-06-02T16:41:38.256Z] [error]: Redis error: Error: Failed to connect
[2025-06-02T16:41:38.759Z] [error]: Redis error: Error: Failed to connect
[2025-06-02T16:41:39.263Z] [error]: Redis error: Error: Failed to connect
[2025-06-02T16:41:39.767Z] [error]: Redis error: Error: Failed to connect
[2025-06-02T16:41:40.271Z] [error]: Redis error: Error: Failed to connect
[2025-06-02T16:41:40.775Z] [error]: Redis error: Error: Failed to connect
[2025-06-02T16:41:41.279Z] [error]: Redis error: Error: Failed to connect
[2025-06-02T16:41:41.783Z] [error]: Redis error: Error: Failed to connect
[2025-06-02T16:41:42.288Z] [error]: Redis error: Error: Failed to connect
[2025-06-02T16:41:42.794Z] [error]: Redis error: Error: Failed to connect
[2025-06-02T16:41:43.297Z] [error]: Redis error: Error: Failed to connect
[2025-06-02T16:41:43.802Z] [error]: Redis error: Error: Failed to connect
[2025-06-02T16:41:44.314Z] [error]: Redis error: Error: Failed to connect
[2025-06-02T16:41:44.820Z] [error]: Redis error: Error: Failed to connect
[2025-06-02T16:41:45.323Z] [error]: Redis error: Error: Failed to connect
[2025-06-02T16:41:45.826Z] [error]: Redis error: Error: Failed to connect
[2025-06-02T16:41:46.330Z] [error]: Redis error: Error: Failed to connect
[2025-06-02T16:41:46.834Z] [error]: Redis error: Error: Failed to connect
[2025-06-02T16:41:47.339Z] [error]: Redis error: Error: Failed to connect
[2025-06-02T16:41:47.845Z] [error]: Redis error: Error: Failed to connect
[2025-06-02T16:41:48.348Z] [error]: Redis error: Error: Failed to connect
[2025-06-02T16:41:48.854Z] [error]: Redis error: Error: Failed to connect
[2025-06-02T16:41:49.357Z] [error]: Redis error: Error: Failed to connect
[2025-06-02T16:41:49.861Z] [error]: Redis error: Error: Failed to connect
[2025-06-02T16:41:50.365Z] [error]: Redis error: Error: Failed to connect
[2025-06-02T16:41:50.869Z] [error]: Redis error: Error: Failed to connect
[2025-06-02T16:41:51.373Z] [error]: Redis error: Error: Failed to connect
[2025-06-02T16:41:51.877Z] [error]: Redis error: Error: Failed to connect
[2025-06-02T16:41:53.412Z] [error]: Redis error: Error: Failed to connect
[2025-06-02T16:41:53.918Z] [error]: Redis error: Error: Failed to connect
[2025-06-02T16:41:54.423Z] [error]: Redis error: Error: Failed to connect
[2025-06-02T16:41:54.930Z] [error]: Redis error: Error: Failed to connect
[2025-06-02T16:41:55.434Z] [error]: Redis error: Error: Failed to connect
[2025-06-02T16:41:55.937Z] [error]: Redis error: Error: Failed to connect
[2025-06-02T16:41:56.442Z] [error]: Redis error: Error: Failed to connect
[2025-06-02T16:41:56.949Z] [error]: Redis error: Error: Failed to connect
[2025-06-02T16:41:57.454Z] [error]: Redis error: Error: Failed to connect
[2025-06-02T16:41:57.962Z] [error]: Redis error: Error: Failed to connect
[2025-06-02T16:41:58.465Z] [error]: Redis error: Error: Failed to connect
[2025-06-02T16:41:58.972Z] [error]: Redis error: Error: Failed to connect
[2025-06-02T16:41:59.476Z] [error]: Redis error: Error: Failed to connect
[2025-06-02T16:41:59.981Z] [error]: Redis error: Error: Failed to connect
[2025-06-02T16:42:00.490Z] [error]: Redis error: Error: Failed to connect
[2025-06-02T16:42:00.996Z] [error]: Redis error: Error: Failed to connect
[2025-06-02T16:42:01.499Z] [error]: Redis error: Error: Failed to connect
[2025-06-02T16:42:02.006Z] [error]: Redis error: Error: Failed to connect
[2025-06-02T16:42:02.510Z] [error]: Redis error: Error: Failed to connect
[2025-06-02T16:42:03.016Z] [error]: Redis error: Error: Failed to connect
[2025-06-02T16:42:03.520Z] [error]: Redis error: Error: Failed to connect
[2025-06-02T16:42:04.024Z] [error]: Redis error: Error: Failed to connect
[2025-06-02T16:42:04.528Z] [error]: Redis error: Error: Failed to connect
[2025-06-02T16:42:05.035Z] [error]: Redis error: Error: Failed to connect
[2025-06-02T16:42:05.539Z] [error]: Redis error: Error: Failed to connect
[2025-06-02T16:42:06.045Z] [error]: Redis error: Error: Failed to connect
[2025-06-02T16:42:06.550Z] [error]: Redis error: Error: Failed to connect
[2025-06-02T16:42:07.054Z] [error]: Redis error: Error: Failed to connect
[2025-06-02T16:42:07.558Z] [error]: Redis error: Error: Failed to connect
[2025-06-02T16:42:08.063Z] [error]: Redis error: Error: Failed to connect
[2025-06-02T16:42:08.570Z] [error]: Redis error: Error: Failed to connect
[2025-06-02T16:42:09.075Z] [error]: Redis error: Error: Failed to connect
[2025-06-02T16:42:09.581Z] [error]: Redis error: Error: Failed to connect
[2025-06-02T16:42:10.086Z] [error]: Redis error: Error: Failed to connect
[2025-06-02T16:42:10.591Z] [error]: Redis error: Error: Failed to connect
[2025-06-02T16:42:11.094Z] [error]: Redis error: Error: Failed to connect
[2025-06-02T16:42:11.598Z] [error]: Redis error: Error: Failed to connect
[2025-06-02T16:42:12.102Z] [error]: Redis error: Error: Failed to connect
[2025-06-02T16:42:12.605Z] [error]: Redis error: Error: Failed to connect
[2025-06-02T16:42:13.107Z] [error]: Redis error: Error: Failed to connect
[2025-06-02T16:42:13.611Z] [error]: Redis error: Error: Failed to connect
[2025-06-02T16:42:14.113Z] [error]: Redis error: Error: Failed to connect
[2025-06-02T16:42:14.617Z] [error]: Redis error: Error: Failed to connect
[2025-06-02T16:42:15.132Z] [error]: Redis error: Error: Failed to connect
[2025-06-02T16:42:15.640Z] [error]: Redis error: Error: Failed to connect
[2025-06-02T16:42:16.143Z] [error]: Redis error: Error: Failed to connect
[2025-06-02T16:42:16.647Z] [error]: Redis error: Error: Failed to connect
[2025-06-02T16:42:17.154Z] [error]: Redis error: Error: Failed to connect
[2025-06-02T16:42:17.661Z] [error]: Redis error: Error: Failed to connect
[2025-06-02T16:42:18.164Z] [error]: Redis error: Error: Failed to connect
[2025-06-02T16:42:18.668Z] [error]: Redis error: Error: Failed to connect
[2025-06-02T16:42:19.174Z] [error]: Redis error: Error: Failed to connect
[2025-06-02T16:42:19.676Z] [error]: Redis error: Error: Failed to connect
[2025-06-02T16:42:20.178Z] [error]: Redis error: Error: Failed to connect
[2025-06-02T16:42:20.682Z] [error]: Redis error: Error: Failed to connect
[2025-06-02T16:42:21.186Z] [error]: Redis error: Error: Failed to connect
[2025-06-02T16:42:21.690Z] [error]: Redis error: Error: Failed to connect
[2025-06-02T16:42:22.193Z] [error]: Redis error: Error: Failed to connect
[2025-06-02T16:42:22.698Z] [error]: Redis error: Error: Failed to connect
[2025-06-02T16:42:23.203Z] [error]: Redis error: Error: Failed to connect
[2025-06-02T16:42:23.708Z] [error]: Redis error: Error: Failed to connect
[2025-06-02T16:42:24.211Z] [error]: Redis error: Error: Failed to connect
[2025-06-02T16:42:24.714Z] [error]: Redis error: Error: Failed to connect
[2025-06-02T16:42:25.217Z] [error]: Redis error: Error: Failed to connect
[2025-06-02T16:42:25.720Z] [error]: Redis error: Error: Failed to connect
[2025-06-02T16:42:26.223Z] [error]: Redis error: Error: Failed to connect
[2025-06-02T16:42:26.726Z] [error]: Redis error: Error: Failed to connect
[2025-06-02T16:42:27.247Z] [error]: Redis error: Error: Failed to connect
[2025-06-02T16:42:27.781Z] [error]: Redis error: Error: Failed to connect
[2025-06-02T16:42:28.284Z] [error]: Redis error: Error: Failed to connect
[2025-06-02T16:42:28.786Z] [error]: Redis error: Error: Failed to connect
[2025-06-02T16:42:29.289Z] [error]: Redis error: Error: Failed to connect
[2025-06-02T16:42:29.794Z] [error]: Redis error: Error: Failed to connect
[2025-06-02T16:45:12.011Z] [error]: HIDE::404::NotFound::Not found file!::
[2025-06-02T16:45:17.848Z] [error]: HIDE::404::NotFound::Not found file!::
[2025-06-02T16:48:07.797Z] [error]: HIDE::404::NotFound::Not found file!::
[2025-06-02T16:48:39.656Z] [error]: HIDE::403::Forbidden::Token is expired or invalid!::
[2025-06-02T16:48:39.724Z] [error]: HIDE::403::Forbidden::Token is expired or invalid!::
[2025-06-02T16:48:39.913Z] [error]: HIDE::403::Forbidden::Token is expired or invalid!::
[2025-06-02T16:48:40.490Z] [error]: HIDE::403::Forbidden::Token is expired or invalid!::
[2025-06-02T16:52:27.543Z] [error]: HIDE::404::NotFound::Not found file!::
[2025-06-02T16:54:04.088Z] [error]: Socket authentication failed: HIDE::403::Forbidden::Token is expired or invalid!::
[2025-06-02T16:54:06.942Z] [error]: Socket authentication failed: HIDE::403::Forbidden::Token is expired or invalid!::
[2025-06-02T16:54:12.071Z] [error]: Socket authentication failed: HIDE::403::Forbidden::Token is expired or invalid!::
[2025-06-02T16:54:22.529Z] [error]: Socket authentication failed: HIDE::403::Forbidden::Token is expired or invalid!::
[2025-06-02T16:54:41.745Z] [error]: Socket authentication failed: HIDE::403::Forbidden::Token is expired or invalid!::
[2025-06-02T16:58:13.879Z] [error]: HIDE::403::Forbidden::Token is expired or invalid!::
[2025-06-02T16:58:15.131Z] [error]: HIDE::403::Forbidden::Token is expired or invalid!::
[2025-06-02T16:58:18.518Z] [error]: HIDE::403::Forbidden::Token not found!::
[2025-06-02T16:58:27.232Z] [error]: HIDE::404::NotFound::Not found file!::
[2025-06-02T16:58:31.668Z] [error]: HIDE::404::NotFound::Not found file!::
[2025-06-02T16:59:10.234Z] [error]: HIDE::404::NotFound::Not found file!::
[2025-06-02T16:59:23.005Z] [error]: HIDE::404::NotFound::Not found file!::
[2025-06-02T16:59:27.723Z] [error]: HIDE::404::NotFound::Not found file!::
[2025-06-02T17:06:51.450Z] [error]: HIDE::404::NotFound::Not found file!::
[2025-06-02T17:07:15.893Z] [error]: HIDE::404::NotFound::Not found file!::
[2025-06-02T17:14:10.537Z] [error]: HIDE::404::NotFound::Not found file!::
[2025-06-02T17:15:32.621Z] [error]: HIDE::404::NotFound::Not found file!::
[2025-06-02T17:23:39.726Z] [error]: HIDE::404::NotFound::Not found file!::
[2025-06-02T17:25:37.410Z] [error]: HIDE::404::NotFound::Not found file!::
[2025-06-02T17:28:55.959Z] [error]: HIDE::404::NotFound::Not found file!::
[2025-06-02T17:29:38.305Z] [error]: HIDE::404::NotFound::Not found file!::
