[2025-04-03T03:07:23.719Z] [error]: HIDE::400::ValidationError::"sku_list[0].sku_tier_idx" must be an array::
[2025-04-03T03:09:01.427Z] [error]: HIDE::400::ValidationError::SPU validation failed: product_quantity: Path `product_quantity` is required.::
[2025-04-03T03:09:58.711Z] [error]: HIDE::400::ValidationError::SPU validation failed: product_quantity: Path `product_quantity` is required.::
[2025-04-03T03:13:12.754Z] [error]: HIDE::400::MongoServerError::E11000 duplicate key error collection: test.spus index: product_slug_1 dup key: { product_slug: "iphone-16-pro-max" }::
[2025-04-03T03:13:47.044Z] [error]: HIDE::400::MongoServerError::E11000 duplicate key error collection: test.spus index: product_slug_1 dup key: { product_slug: "iphone-16-pro-max" }::
[2025-04-03T03:32:36.885Z] [error]: HIDE::400::ValidationError::"sku_list[0].sku_price" must be a number::
[2025-04-03T03:36:19.408Z] [error]: HIDE::404::NotFound::Route is not exists::
[2025-04-03T03:36:33.013Z] [error]: HIDE::404::NotFound::Not found file!::
[2025-04-03T03:36:51.647Z] [error]: HIDE::400::ValidationError::"sku_list[0].sku_price" must be a number::
[2025-04-03T03:37:15.204Z] [error]: HIDE::400::ValidationError::"sku_list[0].sku_price" must be a number::
[2025-04-03T06:35:18.344Z] [error]: HIDE::404::NotFound::Token not found!::
[2025-04-03T06:35:18.615Z] [error]: HIDE::404::NotFound::Route is not exists::
[2025-04-03T06:35:20.378Z] [error]: HIDE::404::NotFound::Token not found!::
[2025-04-03T06:35:21.972Z] [error]: HIDE::404::NotFound::Token not found!::
[2025-04-03T07:23:07.904Z] [error]: HIDE::400::MulterError::Unexpected field::
[2025-04-03T07:23:15.958Z] [error]: HIDE::400::MulterError::Unexpected field::
[2025-04-03T07:23:21.937Z] [error]: HIDE::404::NotFound::Token not found!::
[2025-04-03T07:32:52.986Z] [error]: HIDE::400::MulterError::Unexpected field::
[2025-04-03T08:03:44.502Z] [error]: HIDE::400::ValidationError::"sku_images" is required::
[2025-04-03T08:04:11.179Z] [error]: HIDE::400::ValidationError::"sku_images" is required::
[2025-04-03T08:04:31.419Z] [error]: HIDE::400::ValidationError::"sku_images" is required::
[2025-04-03T08:07:06.577Z] [error]: HIDE::400::ValidationError::"sku_images" is required::
[2025-04-03T08:47:04.075Z] [error]: Client must be connected before running operations
[2025-04-03T08:48:02.066Z] [error]: Client must be connected before running operations
[2025-04-03T08:49:04.173Z] [error]: Client must be connected before running operations
[2025-04-03T08:50:04.055Z] [error]: Client must be connected before running operations
[2025-04-03T08:51:04.074Z] [error]: Client must be connected before running operations
[2025-04-03T08:52:04.116Z] [error]: Client must be connected before running operations
[2025-04-03T08:53:04.056Z] [error]: Client must be connected before running operations
[2025-04-03T08:54:04.095Z] [error]: Client must be connected before running operations
[2025-04-03T08:55:04.178Z] [error]: Client must be connected before running operations
[2025-04-03T08:56:02.031Z] [error]: Client must be connected before running operations
[2025-04-03T08:57:04.123Z] [error]: Client must be connected before running operations
[2025-04-03T08:58:04.074Z] [error]: Client must be connected before running operations
