[2025-05-31T02:52:55.830Z] [error]: HIDE::400::BadRequest::[
  {
    "code": "invalid_type",
    "expected": "string",
    "received": "undefined",
    "path": [
      "bankCode"
    ],
    "message": "Required"
  }
]::
[2025-05-31T02:53:03.302Z] [error]: HIDE::400::MongoServerError::E11000 duplicate key error collection: test.Payments index: txn_ref_1 dup key: { txn_ref: "683a6e8eaf7f30a1f93327f1" }::
[2025-05-31T02:55:51.779Z] [error]: HIDE::400::BadRequest::[
  {
    "code": "invalid_type",
    "expected": "string",
    "received": "undefined",
    "path": [
      "bankCode"
    ],
    "message": "Required"
  }
]::
[2025-05-31T03:06:17.067Z] [error]: HIDE::400::BadRequest::[
  {
    "code": "invalid_type",
    "expected": "string",
    "received": "undefined",
    "path": [
      "bankCode"
    ],
    "message": "Required"
  }
]::
[2025-05-31T03:06:19.445Z] [error]: HIDE::400::MongoServerError::E11000 duplicate key error collection: test.Payments index: txn_ref_1 dup key: { txn_ref: "683a70d9af7f30a1f93328b7" }::
[2025-05-31T03:07:22.338Z] [error]: HIDE::400::BadRequest::[
  {
    "code": "invalid_type",
    "expected": "string",
    "received": "undefined",
    "path": [
      "bankCode"
    ],
    "message": "Required"
  }
]::
[2025-05-31T03:10:14.195Z] [error]: HIDE::400::BadRequest::[
  {
    "code": "invalid_type",
    "expected": "string",
    "received": "undefined",
    "path": [
      "bankCode"
    ],
    "message": "Required"
  }
]::
[2025-05-31T03:13:49.005Z] [error]: HIDE::400::MongoServerError::E11000 duplicate key error collection: test.Payments index: txn_ref_1 dup key: { txn_ref: "683a7316af7f30a1f933324a" }::
[2025-05-31T03:14:13.780Z] [error]: HIDE::400::BadRequest::[
  {
    "code": "invalid_type",
    "expected": "string",
    "received": "undefined",
    "path": [
      "bankCode"
    ],
    "message": "Required"
  }
]::
[2025-05-31T03:31:51.690Z] [error]: HIDE::400::VersionError::No matching document found for id "6839d2e08bfad2e05971a5bd" version 37 modifiedPaths "cart_shop"::
[2025-05-31T03:31:57.968Z] [error]: HIDE::400::BadRequest::[
  {
    "code": "invalid_type",
    "expected": "string",
    "received": "undefined",
    "path": [
      "bankCode"
    ],
    "message": "Required"
  }
]::
[2025-05-31T03:31:57.984Z] [error]: HIDE::400::BadRequest::[
  {
    "code": "invalid_type",
    "expected": "string",
    "received": "undefined",
    "path": [
      "bankCode"
    ],
    "message": "Required"
  }
]::
[2025-05-31T03:57:08.758Z] [error]: HIDE::404::NotFound::Route is not exists::
[2025-05-31T03:57:08.916Z] [error]: HIDE::404::NotFound::Route is not exists::
[2025-05-31T03:59:34.772Z] [error]: HIDE::404::NotFound::Route is not exists::
[2025-05-31T03:59:35.034Z] [error]: HIDE::404::NotFound::Route is not exists::
[2025-05-31T04:03:33.176Z] [error]: HIDE::400::BadRequest::[
  {
    "validation": "regex",
    "code": "invalid_string",
    "message": "Password must contain at least one uppercase letter, one lowercase letter, one number, and one special character",
    "path": [
      "password"
    ]
  }
]::
[2025-05-31T04:06:48.338Z] [error]: HIDE::400::BadRequest::[
  {
    "code": "invalid_type",
    "expected": "string",
    "received": "undefined",
    "path": [
      "bankCode"
    ],
    "message": "Required"
  }
]::
[2025-05-31T04:22:03.672Z] [error]: HIDE::404::NotFound::No checkout data found!::
[2025-05-31T04:22:03.835Z] [error]: HIDE::404::NotFound::No checkout data found!::
[2025-05-31T04:22:16.323Z] [error]: HIDE::403::Forbidden::Token not found!::
[2025-05-31T04:22:56.149Z] [error]: HIDE::400::BadRequest::[
  {
    "code": "invalid_type",
    "expected": "string",
    "received": "undefined",
    "path": [
      "bankCode"
    ],
    "message": "Required"
  }
]::
[2025-05-31T04:34:50.136Z] [error]: HIDE::404::NotFound::Route is not exists::
[2025-05-31T04:34:50.324Z] [error]: HIDE::404::NotFound::Route is not exists::
[2025-05-31T04:37:24.607Z] [error]: HIDE::404::NotFound::Route is not exists::
[2025-05-31T04:37:24.869Z] [error]: HIDE::404::NotFound::Route is not exists::
[2025-05-31T04:39:41.190Z] [error]: HIDE::404::NotFound::Route is not exists::
[2025-05-31T04:39:41.374Z] [error]: HIDE::404::NotFound::Route is not exists::
[2025-05-31T04:39:59.596Z] [error]: HIDE::403::Forbidden::Token not found!::
[2025-05-31T04:39:59.727Z] [error]: HIDE::403::Forbidden::Token not found!::
[2025-05-31T04:39:59.945Z] [error]: HIDE::403::Forbidden::Token not found!::
[2025-05-31T04:40:00.014Z] [error]: HIDE::403::Forbidden::Token not found!::
[2025-05-31T04:50:36.954Z] [error]: HIDE::400::BadRequest::[
  {
    "code": "invalid_type",
    "expected": "string",
    "received": "undefined",
    "path": [
      "bankCode"
    ],
    "message": "Required"
  }
]::
[2025-05-31T04:51:32.598Z] [error]: HIDE::400::BadRequest::[
  {
    "code": "invalid_type",
    "expected": "string",
    "received": "undefined",
    "path": [
      "bankCode"
    ],
    "message": "Required"
  }
]::
[2025-05-31T05:39:06.744Z] [error]: HIDE::400::BadRequest::[
  {
    "code": "too_small",
    "minimum": 6,
    "type": "string",
    "inclusive": true,
    "exact": false,
    "message": "String must contain at least 6 character(s)",
    "path": [
      "shop_name"
    ]
  },
  {
    "code": "too_small",
    "minimum": 6,
    "type": "string",
    "inclusive": true,
    "exact": false,
    "message": "String must contain at least 6 character(s)",
    "path": [
      "shop_owner_fullName"
    ]
  }
]::
[2025-05-31T05:39:44.369Z] [error]: HIDE::400::BadRequest::[
  {
    "code": "too_small",
    "minimum": 6,
    "type": "string",
    "inclusive": true,
    "exact": false,
    "message": "String must contain at least 6 character(s)",
    "path": [
      "shop_name"
    ]
  },
  {
    "code": "too_small",
    "minimum": 6,
    "type": "string",
    "inclusive": true,
    "exact": false,
    "message": "String must contain at least 6 character(s)",
    "path": [
      "shop_owner_fullName"
    ]
  }
]::
[2025-05-31T05:40:37.190Z] [error]: HIDE::404::NotFound::Username or password is not correct!::
[2025-05-31T05:41:12.391Z] [error]: HIDE::404::NotFound::Not found checkout info!::
[2025-05-31T05:49:11.169Z] [error]: HIDE::403::Forbidden::Username or password is not correct!::
[2025-05-31T05:49:13.821Z] [error]: HIDE::403::Forbidden::Username or password is not correct!::
[2025-05-31T05:49:22.740Z] [error]: HIDE::403::Forbidden::Username or password is not correct!::
[2025-05-31T05:54:35.926Z] [error]: HIDE::403::Forbidden::Token is expired or invalid!::
[2025-05-31T06:07:17.143Z] [error]: Redis error: Error: Socket closed unexpectedly
[2025-05-31T06:07:17.174Z] [error]: Redis error: Error: Socket closed unexpectedly
[2025-05-31T06:07:17.174Z] [error]: Redis error: Error: Socket closed unexpectedly
[2025-05-31T06:07:17.179Z] [error]: Redis error: Error: Socket closed unexpectedly
[2025-05-31T06:07:17.179Z] [error]: Redis error: Error: Socket closed unexpectedly
[2025-05-31T06:07:17.232Z] [error]: Redis error: Error: Socket closed unexpectedly
[2025-05-31T06:07:17.233Z] [error]: Redis error: Error: Socket closed unexpectedly
[2025-05-31T06:07:17.335Z] [error]: Redis error: Error: Socket closed unexpectedly
[2025-05-31T06:07:17.335Z] [error]: Redis error: Error: Socket closed unexpectedly
[2025-05-31T06:07:17.487Z] [error]: Redis error: Error: Socket closed unexpectedly
[2025-05-31T06:07:17.487Z] [error]: Redis error: Error: Socket closed unexpectedly
[2025-05-31T06:07:17.689Z] [error]: Redis error: Error: Failed to connect
[2025-05-31T06:07:17.940Z] [error]: Redis error: Error: Failed to connect
[2025-05-31T06:07:18.242Z] [error]: Redis error: Error: Failed to connect
[2025-05-31T06:07:18.594Z] [error]: Redis error: Error: Failed to connect
[2025-05-31T06:07:18.995Z] [error]: Redis error: Error: Failed to connect
[2025-05-31T06:07:19.446Z] [error]: Redis error: Error: Failed to connect
[2025-05-31T06:07:19.948Z] [error]: Redis error: Error: Failed to connect
[2025-05-31T06:07:20.449Z] [error]: Redis error: Error: Failed to connect
[2025-05-31T06:07:20.951Z] [error]: Redis error: Error: Failed to connect
[2025-05-31T06:07:21.453Z] [error]: Redis error: Error: Failed to connect
[2025-05-31T06:07:21.955Z] [error]: Redis error: Error: Failed to connect
[2025-05-31T06:07:22.456Z] [error]: Redis error: Error: Failed to connect
[2025-05-31T06:07:22.957Z] [error]: Redis error: Error: Failed to connect
[2025-05-31T06:07:23.459Z] [error]: Redis error: Error: Failed to connect
[2025-05-31T06:07:23.960Z] [error]: Redis error: Error: Failed to connect
[2025-05-31T06:07:24.463Z] [error]: Redis error: Error: Failed to connect
[2025-05-31T06:07:24.964Z] [error]: Redis error: Error: Failed to connect
[2025-05-31T06:07:25.466Z] [error]: Redis error: Error: Failed to connect
[2025-05-31T06:07:25.967Z] [error]: Redis error: Error: Failed to connect
[2025-05-31T06:07:26.470Z] [error]: Redis error: Error: Failed to connect
[2025-05-31T06:07:26.971Z] [error]: Redis error: Error: Failed to connect
[2025-05-31T06:07:27.473Z] [error]: Redis error: Error: Failed to connect
[2025-05-31T06:07:27.974Z] [error]: Redis error: Error: Failed to connect
[2025-05-31T06:07:28.475Z] [error]: Redis error: Error: Failed to connect
[2025-05-31T06:07:28.976Z] [error]: Redis error: Error: Failed to connect
[2025-05-31T06:07:29.478Z] [error]: Redis error: Error: Failed to connect
[2025-05-31T06:07:29.984Z] [error]: Redis error: Error: Failed to connect
[2025-05-31T06:07:30.486Z] [error]: Redis error: Error: Failed to connect
[2025-05-31T06:07:30.987Z] [error]: Redis error: Error: Failed to connect
[2025-05-31T06:07:31.489Z] [error]: Redis error: Error: Failed to connect
[2025-05-31T06:07:31.990Z] [error]: Redis error: Error: Failed to connect
[2025-05-31T06:07:32.491Z] [error]: Redis error: Error: Failed to connect
[2025-05-31T06:07:32.993Z] [error]: Redis error: Error: Failed to connect
[2025-05-31T06:07:33.494Z] [error]: Redis error: Error: Failed to connect
[2025-05-31T06:07:33.996Z] [error]: Redis error: Error: Failed to connect
[2025-05-31T06:07:34.498Z] [error]: Redis error: Error: Failed to connect
[2025-05-31T06:07:34.999Z] [error]: Redis error: Error: Failed to connect
[2025-05-31T06:07:35.501Z] [error]: Redis error: Error: Failed to connect
[2025-05-31T06:07:36.002Z] [error]: Redis error: Error: Failed to connect
[2025-05-31T06:07:36.503Z] [error]: Redis error: Error: Failed to connect
[2025-05-31T06:07:37.004Z] [error]: Redis error: Error: Failed to connect
[2025-05-31T06:07:37.506Z] [error]: Redis error: Error: Failed to connect
[2025-05-31T06:07:38.007Z] [error]: Redis error: Error: Failed to connect
[2025-05-31T06:07:38.511Z] [error]: Redis error: Error: Failed to connect
[2025-05-31T06:07:39.014Z] [error]: Redis error: Error: Failed to connect
[2025-05-31T06:07:39.515Z] [error]: Redis error: Error: Failed to connect
[2025-05-31T06:07:40.016Z] [error]: Redis error: Error: Failed to connect
[2025-05-31T06:07:40.518Z] [error]: Redis error: Error: Failed to connect
[2025-05-31T06:07:41.019Z] [error]: Redis error: Error: Failed to connect
[2025-05-31T06:07:41.520Z] [error]: Redis error: Error: Failed to connect
[2025-05-31T06:07:42.021Z] [error]: Redis error: Error: Failed to connect
[2025-05-31T06:07:42.522Z] [error]: Redis error: Error: Failed to connect
[2025-05-31T06:07:43.023Z] [error]: Redis error: Error: Failed to connect
[2025-05-31T06:07:43.525Z] [error]: Redis error: Error: Failed to connect
[2025-05-31T06:07:44.025Z] [error]: Redis error: Error: Failed to connect
[2025-05-31T06:07:44.528Z] [error]: Redis error: Error: Failed to connect
[2025-05-31T06:07:45.029Z] [error]: Redis error: Error: Failed to connect
[2025-05-31T06:07:45.530Z] [error]: Redis error: Error: Failed to connect
[2025-05-31T06:07:46.032Z] [error]: Redis error: Error: Failed to connect
[2025-05-31T06:07:46.533Z] [error]: Redis error: Error: Failed to connect
[2025-05-31T06:07:47.035Z] [error]: Redis error: Error: Failed to connect
[2025-05-31T06:07:47.536Z] [error]: Redis error: Error: Failed to connect
[2025-05-31T06:07:48.038Z] [error]: Redis error: Error: Failed to connect
[2025-05-31T06:07:48.539Z] [error]: Redis error: Error: Failed to connect
[2025-05-31T06:07:49.041Z] [error]: Redis error: Error: Failed to connect
[2025-05-31T06:07:49.543Z] [error]: Redis error: Error: Failed to connect
[2025-05-31T06:07:50.044Z] [error]: Redis error: Error: Failed to connect
[2025-05-31T06:07:50.546Z] [error]: Redis error: Error: Failed to connect
[2025-05-31T06:07:51.047Z] [error]: Redis error: Error: Failed to connect
[2025-05-31T06:07:51.548Z] [error]: Redis error: Error: Failed to connect
[2025-05-31T06:07:52.050Z] [error]: Redis error: Error: Failed to connect
[2025-05-31T06:07:52.552Z] [error]: Redis error: Error: Failed to connect
[2025-05-31T06:07:53.053Z] [error]: Redis error: Error: Failed to connect
[2025-05-31T06:07:53.555Z] [error]: Redis error: Error: Failed to connect
[2025-05-31T06:07:54.056Z] [error]: Redis error: Error: Failed to connect
[2025-05-31T06:07:54.558Z] [error]: Redis error: Error: Failed to connect
[2025-05-31T06:07:55.059Z] [error]: Redis error: Error: Failed to connect
[2025-05-31T06:07:55.560Z] [error]: Redis error: Error: Failed to connect
[2025-05-31T06:07:56.061Z] [error]: Redis error: Error: Failed to connect
[2025-05-31T06:07:56.563Z] [error]: Redis error: Error: Failed to connect
[2025-05-31T06:07:57.064Z] [error]: Redis error: Error: Failed to connect
[2025-05-31T06:07:57.565Z] [error]: Redis error: Error: Failed to connect
[2025-05-31T06:07:58.066Z] [error]: Redis error: Error: Failed to connect
[2025-05-31T06:07:58.568Z] [error]: Redis error: Error: Failed to connect
[2025-05-31T06:07:59.069Z] [error]: Redis error: Error: Failed to connect
[2025-05-31T06:07:59.570Z] [error]: Redis error: Error: Failed to connect
[2025-05-31T06:08:00.072Z] [error]: Redis error: Error: Failed to connect
[2025-05-31T06:08:00.574Z] [error]: Redis error: Error: Failed to connect
[2025-05-31T06:08:01.075Z] [error]: Redis error: Error: Failed to connect
[2025-05-31T06:08:01.576Z] [error]: Redis error: Error: Failed to connect
[2025-05-31T06:08:02.078Z] [error]: Redis error: Error: Failed to connect
[2025-05-31T06:08:02.579Z] [error]: Redis error: Error: Failed to connect
[2025-05-31T06:08:03.080Z] [error]: Redis error: Error: Failed to connect
[2025-05-31T06:08:03.581Z] [error]: Redis error: Error: Failed to connect
[2025-05-31T06:08:04.082Z] [error]: Redis error: Error: Failed to connect
[2025-05-31T06:08:04.583Z] [error]: Redis error: Error: Failed to connect
[2025-05-31T06:08:05.084Z] [error]: Redis error: Error: Failed to connect
[2025-05-31T06:08:05.586Z] [error]: Redis error: Error: Failed to connect
[2025-05-31T06:08:06.087Z] [error]: Redis error: Error: Failed to connect
[2025-05-31T06:08:06.588Z] [error]: Redis error: Error: Failed to connect
[2025-05-31T06:08:07.089Z] [error]: Redis error: Error: Failed to connect
[2025-05-31T06:08:07.590Z] [error]: Redis error: Error: Failed to connect
[2025-05-31T06:08:08.091Z] [error]: Redis error: Error: Failed to connect
[2025-05-31T06:08:08.593Z] [error]: Redis error: Error: Failed to connect
[2025-05-31T06:08:09.094Z] [error]: Redis error: Error: Failed to connect
[2025-05-31T06:08:09.596Z] [error]: Redis error: Error: Failed to connect
[2025-05-31T06:08:10.097Z] [error]: Redis error: Error: Failed to connect
[2025-05-31T06:08:10.599Z] [error]: Redis error: Error: Failed to connect
[2025-05-31T06:08:11.100Z] [error]: Redis error: Error: Failed to connect
[2025-05-31T06:08:11.601Z] [error]: Redis error: Error: Failed to connect
[2025-05-31T06:08:12.103Z] [error]: Redis error: Error: Failed to connect
[2025-05-31T06:08:12.605Z] [error]: Redis error: Error: Failed to connect
[2025-05-31T06:08:13.106Z] [error]: Redis error: Error: Failed to connect
[2025-05-31T06:08:13.607Z] [error]: Redis error: Error: Failed to connect
[2025-05-31T06:08:14.108Z] [error]: Redis error: Error: Failed to connect
[2025-05-31T06:08:14.611Z] [error]: Redis error: Error: Failed to connect
[2025-05-31T06:08:15.112Z] [error]: Redis error: Error: Failed to connect
[2025-05-31T06:08:15.614Z] [error]: Redis error: Error: Failed to connect
[2025-05-31T06:08:16.115Z] [error]: Redis error: Error: Failed to connect
[2025-05-31T06:08:16.618Z] [error]: Redis error: Error: Failed to connect
[2025-05-31T06:08:17.120Z] [error]: Redis error: Error: Failed to connect
[2025-05-31T06:08:17.622Z] [error]: Redis error: Error: Failed to connect
[2025-05-31T06:08:18.124Z] [error]: Redis error: Error: Failed to connect
[2025-05-31T06:08:18.626Z] [error]: Redis error: Error: Failed to connect
[2025-05-31T06:08:19.128Z] [error]: Redis error: Error: Failed to connect
[2025-05-31T06:08:19.630Z] [error]: Redis error: Error: Failed to connect
[2025-05-31T06:08:20.131Z] [error]: Redis error: Error: Failed to connect
[2025-05-31T06:08:20.633Z] [error]: Redis error: Error: Failed to connect
[2025-05-31T06:08:21.134Z] [error]: Redis error: Error: Failed to connect
[2025-05-31T06:08:21.636Z] [error]: Redis error: Error: Failed to connect
[2025-05-31T06:08:22.137Z] [error]: Redis error: Error: Failed to connect
[2025-05-31T06:08:22.639Z] [error]: Redis error: Error: Failed to connect
[2025-05-31T06:08:23.141Z] [error]: Redis error: Error: Failed to connect
[2025-05-31T06:08:23.642Z] [error]: Redis error: Error: Failed to connect
[2025-05-31T06:08:24.143Z] [error]: Redis error: Error: Failed to connect
[2025-05-31T06:08:24.647Z] [error]: Redis error: Error: Failed to connect
[2025-05-31T06:08:25.148Z] [error]: Redis error: Error: Failed to connect
[2025-05-31T06:08:25.650Z] [error]: Redis error: Error: Failed to connect
[2025-05-31T06:08:26.151Z] [error]: Redis error: Error: Failed to connect
[2025-05-31T06:08:26.653Z] [error]: Redis error: Error: Failed to connect
[2025-05-31T06:08:27.154Z] [error]: Redis error: Error: Failed to connect
[2025-05-31T06:08:27.656Z] [error]: Redis error: Error: Failed to connect
[2025-05-31T06:08:28.157Z] [error]: Redis error: Error: Failed to connect
[2025-05-31T06:08:28.659Z] [error]: Redis error: Error: Failed to connect
[2025-05-31T06:08:29.161Z] [error]: Redis error: Error: Failed to connect
[2025-05-31T06:08:29.662Z] [error]: Redis error: Error: Failed to connect
[2025-05-31T06:08:30.163Z] [error]: Redis error: Error: Failed to connect
[2025-05-31T06:08:30.664Z] [error]: Redis error: Error: Failed to connect
[2025-05-31T06:08:31.165Z] [error]: Redis error: Error: Failed to connect
[2025-05-31T06:08:31.666Z] [error]: Redis error: Error: Failed to connect
[2025-05-31T06:08:32.168Z] [error]: Redis error: Error: Failed to connect
[2025-05-31T06:08:32.669Z] [error]: Redis error: Error: Failed to connect
[2025-05-31T06:08:33.171Z] [error]: Redis error: Error: Failed to connect
[2025-05-31T06:08:33.672Z] [error]: Redis error: Error: Failed to connect
[2025-05-31T06:08:34.173Z] [error]: Redis error: Error: Failed to connect
[2025-05-31T06:08:34.677Z] [error]: Redis error: Error: Failed to connect
[2025-05-31T06:08:35.178Z] [error]: Redis error: Error: Failed to connect
[2025-05-31T06:08:35.680Z] [error]: Redis error: Error: Failed to connect
[2025-05-31T06:08:36.181Z] [error]: Redis error: Error: Failed to connect
[2025-05-31T06:08:36.682Z] [error]: Redis error: Error: Failed to connect
[2025-05-31T06:08:37.183Z] [error]: Redis error: Error: Failed to connect
[2025-05-31T06:08:37.684Z] [error]: Redis error: Error: Failed to connect
[2025-05-31T06:08:38.186Z] [error]: Redis error: Error: Failed to connect
[2025-05-31T06:08:38.687Z] [error]: Redis error: Error: Failed to connect
[2025-05-31T06:08:39.188Z] [error]: Redis error: Error: Failed to connect
[2025-05-31T06:08:39.690Z] [error]: Redis error: Error: Failed to connect
[2025-05-31T06:08:40.191Z] [error]: Redis error: Error: Failed to connect
[2025-05-31T06:08:40.692Z] [error]: Redis error: Error: Failed to connect
[2025-05-31T06:08:41.193Z] [error]: Redis error: Error: Failed to connect
[2025-05-31T06:08:41.695Z] [error]: Redis error: Error: Failed to connect
[2025-05-31T06:08:42.196Z] [error]: Redis error: Error: Failed to connect
[2025-05-31T06:08:42.697Z] [error]: Redis error: Error: Failed to connect
[2025-05-31T06:08:43.198Z] [error]: Redis error: Error: Failed to connect
[2025-05-31T06:08:43.699Z] [error]: Redis error: Error: Failed to connect
[2025-05-31T06:08:44.201Z] [error]: Redis error: Error: Failed to connect
[2025-05-31T06:08:44.702Z] [error]: Redis error: Error: Failed to connect
[2025-05-31T06:08:45.205Z] [error]: Redis error: Error: Failed to connect
[2025-05-31T06:08:45.707Z] [error]: Redis error: Error: Failed to connect
[2025-05-31T06:08:46.209Z] [error]: Redis error: Error: Failed to connect
[2025-05-31T06:08:46.710Z] [error]: Redis error: Error: Failed to connect
[2025-05-31T06:08:47.211Z] [error]: Redis error: Error: Failed to connect
[2025-05-31T06:08:47.713Z] [error]: Redis error: Error: Failed to connect
[2025-05-31T06:08:48.214Z] [error]: Redis error: Error: Failed to connect
[2025-05-31T06:08:48.716Z] [error]: Redis error: Error: Failed to connect
[2025-05-31T06:08:49.218Z] [error]: Redis error: Error: Failed to connect
[2025-05-31T06:08:49.720Z] [error]: Redis error: Error: Failed to connect
[2025-05-31T06:08:50.223Z] [error]: Redis error: Error: Failed to connect
[2025-05-31T06:08:50.724Z] [error]: Redis error: Error: Failed to connect
[2025-05-31T06:08:51.226Z] [error]: Redis error: Error: Failed to connect
[2025-05-31T06:08:51.728Z] [error]: Redis error: Error: Failed to connect
[2025-05-31T06:08:52.233Z] [error]: Redis error: Error: Failed to connect
[2025-05-31T06:08:52.734Z] [error]: Redis error: Error: Failed to connect
[2025-05-31T06:08:53.235Z] [error]: Redis error: Error: Failed to connect
[2025-05-31T06:08:53.737Z] [error]: Redis error: Error: Failed to connect
[2025-05-31T06:08:54.238Z] [error]: Redis error: Error: Failed to connect
[2025-05-31T06:08:54.743Z] [error]: Redis error: Error: Failed to connect
[2025-05-31T06:08:55.244Z] [error]: Redis error: Error: Failed to connect
[2025-05-31T06:08:55.745Z] [error]: Redis error: Error: Failed to connect
[2025-05-31T06:08:56.247Z] [error]: Redis error: Error: Failed to connect
[2025-05-31T06:08:56.748Z] [error]: Redis error: Error: Failed to connect
[2025-05-31T06:08:57.250Z] [error]: Redis error: Error: Failed to connect
[2025-05-31T06:08:57.751Z] [error]: Redis error: Error: Failed to connect
[2025-05-31T06:08:58.253Z] [error]: Redis error: Error: Failed to connect
[2025-05-31T06:08:58.754Z] [error]: Redis error: Error: Failed to connect
[2025-05-31T06:08:59.256Z] [error]: Redis error: Error: Failed to connect
[2025-05-31T06:08:59.757Z] [error]: Redis error: Error: Failed to connect
[2025-05-31T06:09:00.259Z] [error]: Redis error: Error: Failed to connect
[2025-05-31T06:09:00.760Z] [error]: Redis error: Error: Failed to connect
[2025-05-31T06:09:01.262Z] [error]: Redis error: Error: Failed to connect
[2025-05-31T06:09:01.763Z] [error]: Redis error: Error: Failed to connect
[2025-05-31T06:09:02.264Z] [error]: Redis error: Error: Failed to connect
[2025-05-31T06:09:04.171Z] [error]: Redis error: Error: Failed to connect
[2025-05-31T06:09:04.174Z] [error]: Redis error: Error: Failed to connect
[2025-05-31T06:09:04.227Z] [error]: Redis error: Error: Failed to connect
[2025-05-31T06:09:04.329Z] [error]: Redis error: Error: Failed to connect
[2025-05-31T06:09:04.483Z] [error]: Redis error: Error: Failed to connect
[2025-05-31T06:09:04.685Z] [error]: Redis error: Error: Failed to connect
[2025-05-31T06:09:04.938Z] [error]: Redis error: Error: Failed to connect
[2025-05-31T06:09:05.240Z] [error]: Redis error: Error: Failed to connect
[2025-05-31T06:09:05.592Z] [error]: Redis error: Error: Failed to connect
[2025-05-31T06:09:05.994Z] [error]: Redis error: Error: Failed to connect
[2025-05-31T06:09:06.445Z] [error]: Redis error: Error: Failed to connect
[2025-05-31T06:09:06.948Z] [error]: Redis error: Error: Failed to connect
[2025-05-31T06:09:07.450Z] [error]: Redis error: Error: Failed to connect
[2025-05-31T06:09:07.952Z] [error]: Redis error: Error: Failed to connect
[2025-05-31T06:09:08.454Z] [error]: Redis error: Error: Failed to connect
[2025-05-31T06:09:09.411Z] [error]: Redis error: Error: Failed to connect
[2025-05-31T06:09:09.414Z] [error]: Redis error: Error: Failed to connect
[2025-05-31T06:09:09.467Z] [error]: Redis error: Error: Failed to connect
[2025-05-31T06:09:09.570Z] [error]: Redis error: Error: Failed to connect
[2025-05-31T06:09:09.721Z] [error]: Redis error: Error: Failed to connect
[2025-05-31T06:09:09.923Z] [error]: Redis error: Error: Failed to connect
[2025-05-31T06:09:10.818Z] [error]: Redis error: Error: Failed to connect
[2025-05-31T06:09:10.822Z] [error]: Redis error: Error: Failed to connect
[2025-05-31T06:09:10.874Z] [error]: Redis error: Error: Failed to connect
[2025-05-31T06:09:10.977Z] [error]: Redis error: Error: Failed to connect
[2025-05-31T06:09:11.130Z] [error]: Redis error: Error: Failed to connect
[2025-05-31T06:09:11.332Z] [error]: Redis error: Error: Failed to connect
[2025-05-31T06:09:11.585Z] [error]: Redis error: Error: Failed to connect
[2025-05-31T06:09:11.886Z] [error]: Redis error: Error: Failed to connect
[2025-05-31T06:09:12.238Z] [error]: Redis error: Error: Failed to connect
[2025-05-31T06:09:12.641Z] [error]: Redis error: Error: Failed to connect
[2025-05-31T06:09:14.318Z] [error]: Redis error: Error: Failed to connect
[2025-05-31T06:09:14.327Z] [error]: Redis error: Error: Failed to connect
[2025-05-31T06:09:14.381Z] [error]: Redis error: Error: Failed to connect
[2025-05-31T06:09:14.486Z] [error]: Redis error: Error: Failed to connect
[2025-05-31T06:09:14.638Z] [error]: Redis error: Error: Failed to connect
[2025-05-31T06:09:14.840Z] [error]: Redis error: Error: Failed to connect
[2025-05-31T06:09:15.093Z] [error]: Redis error: Error: Failed to connect
[2025-05-31T06:09:15.395Z] [error]: Redis error: Error: Failed to connect
[2025-05-31T06:09:15.747Z] [error]: Redis error: Error: Failed to connect
[2025-05-31T06:09:16.149Z] [error]: Redis error: Error: Failed to connect
[2025-05-31T06:09:16.601Z] [error]: Redis error: Error: Failed to connect
[2025-05-31T06:09:17.103Z] [error]: Redis error: Error: Failed to connect
[2025-05-31T06:09:17.605Z] [error]: Redis error: Error: Failed to connect
[2025-05-31T06:09:18.107Z] [error]: Redis error: Error: Failed to connect
[2025-05-31T06:09:18.608Z] [error]: Redis error: Error: Failed to connect
[2025-05-31T06:09:19.110Z] [error]: Redis error: Error: Failed to connect
[2025-05-31T06:09:19.612Z] [error]: Redis error: Error: Failed to connect
[2025-05-31T06:09:20.113Z] [error]: Redis error: Error: Failed to connect
[2025-05-31T06:09:20.615Z] [error]: Redis error: Error: Failed to connect
[2025-05-31T06:09:21.117Z] [error]: Redis error: Error: Failed to connect
[2025-05-31T06:09:21.618Z] [error]: Redis error: Error: Failed to connect
[2025-05-31T06:09:22.120Z] [error]: Redis error: Error: Failed to connect
[2025-05-31T06:09:22.622Z] [error]: Redis error: Error: Failed to connect
[2025-05-31T06:09:23.123Z] [error]: Redis error: Error: Failed to connect
[2025-05-31T06:09:23.624Z] [error]: Redis error: Error: Failed to connect
[2025-05-31T06:09:24.126Z] [error]: Redis error: Error: Failed to connect
[2025-05-31T06:09:24.628Z] [error]: Redis error: Error: Failed to connect
[2025-05-31T06:09:25.129Z] [error]: Redis error: Error: Failed to connect
[2025-05-31T06:09:25.631Z] [error]: Redis error: Error: Failed to connect
[2025-05-31T06:09:26.133Z] [error]: Redis error: Error: Failed to connect
[2025-05-31T06:09:26.635Z] [error]: Redis error: Error: Failed to connect
[2025-05-31T06:09:27.137Z] [error]: Redis error: Error: Failed to connect
[2025-05-31T06:09:27.640Z] [error]: Redis error: Error: Failed to connect
[2025-05-31T06:09:28.142Z] [error]: Redis error: Error: Failed to connect
[2025-05-31T06:09:28.645Z] [error]: Redis error: Error: Failed to connect
[2025-05-31T06:09:29.147Z] [error]: Redis error: Error: Failed to connect
[2025-05-31T06:09:29.649Z] [error]: Redis error: Error: Failed to connect
[2025-05-31T06:09:30.150Z] [error]: Redis error: Error: Failed to connect
[2025-05-31T06:09:30.651Z] [error]: Redis error: Error: Failed to connect
[2025-05-31T06:09:31.153Z] [error]: Redis error: Error: Failed to connect
[2025-05-31T06:09:31.654Z] [error]: Redis error: Error: Failed to connect
[2025-05-31T06:09:32.155Z] [error]: Redis error: Error: Failed to connect
[2025-05-31T06:09:32.657Z] [error]: Redis error: Error: Failed to connect
[2025-05-31T06:09:33.158Z] [error]: Redis error: Error: Failed to connect
[2025-05-31T06:09:33.659Z] [error]: Redis error: Error: Failed to connect
[2025-05-31T06:09:34.160Z] [error]: Redis error: Error: Failed to connect
[2025-05-31T06:09:34.662Z] [error]: Redis error: Error: Failed to connect
[2025-05-31T06:09:35.164Z] [error]: Redis error: Error: Failed to connect
[2025-05-31T06:09:35.665Z] [error]: Redis error: Error: Failed to connect
[2025-05-31T06:09:36.166Z] [error]: Redis error: Error: Failed to connect
[2025-05-31T06:09:36.668Z] [error]: Redis error: Error: Failed to connect
[2025-05-31T06:09:37.169Z] [error]: Redis error: Error: Failed to connect
[2025-05-31T06:09:37.670Z] [error]: Redis error: Error: Failed to connect
[2025-05-31T06:09:38.171Z] [error]: Redis error: Error: Failed to connect
[2025-05-31T06:09:38.672Z] [error]: Redis error: Error: Failed to connect
[2025-05-31T06:09:39.174Z] [error]: Redis error: Error: Failed to connect
[2025-05-31T06:09:39.676Z] [error]: Redis error: Error: Failed to connect
[2025-05-31T06:09:40.178Z] [error]: Redis error: Error: Failed to connect
[2025-05-31T06:09:40.679Z] [error]: Redis error: Error: Failed to connect
[2025-05-31T06:09:41.180Z] [error]: Redis error: Error: Failed to connect
[2025-05-31T06:09:41.681Z] [error]: Redis error: Error: Failed to connect
[2025-05-31T06:09:42.183Z] [error]: Redis error: Error: Failed to connect
[2025-05-31T06:09:42.684Z] [error]: Redis error: Error: Failed to connect
[2025-05-31T06:09:43.185Z] [error]: Redis error: Error: Failed to connect
[2025-05-31T06:09:43.687Z] [error]: Redis error: Error: Failed to connect
[2025-05-31T06:09:44.188Z] [error]: Redis error: Error: Failed to connect
[2025-05-31T06:09:44.690Z] [error]: Redis error: Error: Failed to connect
[2025-05-31T06:09:45.191Z] [error]: Redis error: Error: Failed to connect
[2025-05-31T06:09:45.693Z] [error]: Redis error: Error: Failed to connect
[2025-05-31T06:09:46.194Z] [error]: Redis error: Error: Failed to connect
[2025-05-31T06:09:46.696Z] [error]: Redis error: Error: Failed to connect
[2025-05-31T06:09:47.197Z] [error]: Redis error: Error: Failed to connect
[2025-05-31T06:09:47.699Z] [error]: Redis error: Error: Failed to connect
[2025-05-31T06:09:48.200Z] [error]: Redis error: Error: Failed to connect
[2025-05-31T06:09:48.702Z] [error]: Redis error: Error: Failed to connect
[2025-05-31T06:09:49.203Z] [error]: Redis error: Error: Failed to connect
[2025-05-31T06:09:49.705Z] [error]: Redis error: Error: Failed to connect
[2025-05-31T06:09:50.206Z] [error]: Redis error: Error: Failed to connect
[2025-05-31T06:09:50.707Z] [error]: Redis error: Error: Failed to connect
[2025-05-31T06:09:51.208Z] [error]: Redis error: Error: Failed to connect
[2025-05-31T06:09:51.710Z] [error]: Redis error: Error: Failed to connect
[2025-05-31T06:09:52.211Z] [error]: Redis error: Error: Failed to connect
[2025-05-31T06:09:52.712Z] [error]: Redis error: Error: Failed to connect
[2025-05-31T06:09:53.214Z] [error]: Redis error: Error: Failed to connect
[2025-05-31T06:09:53.715Z] [error]: Redis error: Error: Failed to connect
[2025-05-31T06:09:54.216Z] [error]: Redis error: Error: Failed to connect
[2025-05-31T06:09:54.718Z] [error]: Redis error: Error: Failed to connect
[2025-05-31T06:09:55.219Z] [error]: Redis error: Error: Failed to connect
[2025-05-31T06:09:55.721Z] [error]: Redis error: Error: Failed to connect
[2025-05-31T06:09:56.222Z] [error]: Redis error: Error: Failed to connect
[2025-05-31T06:09:56.723Z] [error]: Redis error: Error: Failed to connect
[2025-05-31T06:09:57.225Z] [error]: Redis error: Error: Failed to connect
[2025-05-31T06:09:57.726Z] [error]: Redis error: Error: Failed to connect
[2025-05-31T06:09:58.227Z] [error]: Redis error: Error: Failed to connect
[2025-05-31T06:09:58.729Z] [error]: Redis error: Error: Failed to connect
[2025-05-31T06:09:59.230Z] [error]: Redis error: Error: Failed to connect
[2025-05-31T06:09:59.732Z] [error]: Redis error: Error: Failed to connect
[2025-05-31T06:10:00.233Z] [error]: Redis error: Error: Failed to connect
[2025-05-31T06:10:00.735Z] [error]: Redis error: Error: Failed to connect
[2025-05-31T06:10:01.236Z] [error]: Redis error: Error: Failed to connect
[2025-05-31T06:10:01.738Z] [error]: Redis error: Error: Failed to connect
[2025-05-31T06:10:02.239Z] [error]: Redis error: Error: Failed to connect
[2025-05-31T06:10:32.545Z] [error]: Redis error: Error: Failed to connect
[2025-05-31T06:10:32.549Z] [error]: Redis error: Error: Failed to connect
[2025-05-31T06:10:32.602Z] [error]: Redis error: Error: Failed to connect
[2025-05-31T06:10:32.705Z] [error]: Redis error: Error: Failed to connect
[2025-05-31T06:10:32.858Z] [error]: Redis error: Error: Failed to connect
[2025-05-31T06:10:33.062Z] [error]: Redis error: Error: Failed to connect
[2025-05-31T06:10:33.315Z] [error]: Redis error: Error: Failed to connect
[2025-05-31T06:10:33.617Z] [error]: Redis error: Error: Failed to connect
[2025-05-31T06:10:35.533Z] [error]: Redis error: Error: WRONGPASS invalid username-password pair
[2025-05-31T06:10:35.601Z] [error]: Redis error: Error: WRONGPASS invalid username-password pair
[2025-05-31T06:10:35.719Z] [error]: Redis error: Error: WRONGPASS invalid username-password pair
[2025-05-31T06:10:35.889Z] [error]: Redis error: Error: WRONGPASS invalid username-password pair
[2025-05-31T06:10:36.103Z] [error]: Redis error: Error: WRONGPASS invalid username-password pair
[2025-05-31T06:10:36.375Z] [error]: Redis error: Error: WRONGPASS invalid username-password pair
[2025-05-31T06:10:36.697Z] [error]: Redis error: Error: WRONGPASS invalid username-password pair
[2025-05-31T06:10:37.055Z] [error]: Redis error: Error: WRONGPASS invalid username-password pair
[2025-05-31T06:10:37.464Z] [error]: Redis error: Error: WRONGPASS invalid username-password pair
[2025-05-31T06:10:37.923Z] [error]: Redis error: Error: WRONGPASS invalid username-password pair
[2025-05-31T06:10:38.431Z] [error]: Redis error: Error: WRONGPASS invalid username-password pair
[2025-05-31T06:10:38.994Z] [error]: Redis error: Error: WRONGPASS invalid username-password pair
[2025-05-31T06:10:39.553Z] [error]: Redis error: Error: WRONGPASS invalid username-password pair
[2025-05-31T06:10:40.114Z] [error]: Redis error: Error: WRONGPASS invalid username-password pair
[2025-05-31T06:10:40.677Z] [error]: Redis error: Error: WRONGPASS invalid username-password pair
[2025-05-31T06:10:41.238Z] [error]: Redis error: Error: WRONGPASS invalid username-password pair
[2025-05-31T06:10:41.798Z] [error]: Redis error: Error: WRONGPASS invalid username-password pair
[2025-05-31T06:10:42.359Z] [error]: Redis error: Error: WRONGPASS invalid username-password pair
[2025-05-31T06:10:42.917Z] [error]: Redis error: Error: WRONGPASS invalid username-password pair
[2025-05-31T06:10:43.488Z] [error]: Redis error: Error: WRONGPASS invalid username-password pair
[2025-05-31T06:10:44.059Z] [error]: Redis error: Error: WRONGPASS invalid username-password pair
[2025-05-31T06:10:44.622Z] [error]: Redis error: Error: WRONGPASS invalid username-password pair
[2025-05-31T06:10:45.206Z] [error]: Redis error: Error: WRONGPASS invalid username-password pair
[2025-05-31T06:10:45.766Z] [error]: Redis error: Error: WRONGPASS invalid username-password pair
[2025-05-31T06:10:46.328Z] [error]: Redis error: Error: WRONGPASS invalid username-password pair
[2025-05-31T06:10:46.887Z] [error]: Redis error: Error: WRONGPASS invalid username-password pair
[2025-05-31T06:10:47.444Z] [error]: Redis error: Error: WRONGPASS invalid username-password pair
[2025-05-31T06:10:48.005Z] [error]: Redis error: Error: WRONGPASS invalid username-password pair
[2025-05-31T06:10:48.575Z] [error]: Redis error: Error: WRONGPASS invalid username-password pair
[2025-05-31T06:10:49.134Z] [error]: Redis error: Error: WRONGPASS invalid username-password pair
[2025-05-31T06:10:49.692Z] [error]: Redis error: Error: WRONGPASS invalid username-password pair
[2025-05-31T06:10:50.251Z] [error]: Redis error: Error: WRONGPASS invalid username-password pair
[2025-05-31T06:10:50.812Z] [error]: Redis error: Error: WRONGPASS invalid username-password pair
[2025-05-31T06:10:51.372Z] [error]: Redis error: Error: WRONGPASS invalid username-password pair
[2025-05-31T06:10:51.930Z] [error]: Redis error: Error: WRONGPASS invalid username-password pair
[2025-05-31T06:10:52.491Z] [error]: Redis error: Error: WRONGPASS invalid username-password pair
[2025-05-31T06:10:53.048Z] [error]: Redis error: Error: WRONGPASS invalid username-password pair
[2025-05-31T06:10:53.609Z] [error]: Redis error: Error: WRONGPASS invalid username-password pair
[2025-05-31T06:10:54.168Z] [error]: Redis error: Error: WRONGPASS invalid username-password pair
[2025-05-31T06:10:54.728Z] [error]: Redis error: Error: WRONGPASS invalid username-password pair
[2025-05-31T06:10:55.289Z] [error]: Redis error: Error: WRONGPASS invalid username-password pair
[2025-05-31T06:10:55.849Z] [error]: Redis error: Error: WRONGPASS invalid username-password pair
[2025-05-31T06:10:56.406Z] [error]: Redis error: Error: WRONGPASS invalid username-password pair
[2025-05-31T06:10:56.970Z] [error]: Redis error: Error: WRONGPASS invalid username-password pair
[2025-05-31T06:10:57.539Z] [error]: Redis error: Error: WRONGPASS invalid username-password pair
[2025-05-31T06:10:58.096Z] [error]: Redis error: Error: WRONGPASS invalid username-password pair
[2025-05-31T06:10:58.658Z] [error]: Redis error: Error: WRONGPASS invalid username-password pair
[2025-05-31T06:10:59.218Z] [error]: Redis error: Error: WRONGPASS invalid username-password pair
[2025-05-31T06:15:47.521Z] [error]: Redis error: Error: Failed to connect
[2025-05-31T06:15:47.536Z] [error]: Redis error: Error: Failed to connect
[2025-05-31T06:15:47.592Z] [error]: Redis error: Error: Failed to connect
[2025-05-31T06:15:47.696Z] [error]: Redis error: Error: Failed to connect
[2025-05-31T06:15:47.849Z] [error]: Redis error: Error: Failed to connect
[2025-05-31T06:15:48.052Z] [error]: Redis error: Error: Failed to connect
[2025-05-31T06:15:48.306Z] [error]: Redis error: Error: Failed to connect
[2025-05-31T06:15:48.608Z] [error]: Redis error: Error: Failed to connect
[2025-05-31T06:15:48.962Z] [error]: Redis error: Error: Failed to connect
[2025-05-31T06:15:49.365Z] [error]: Redis error: Error: Failed to connect
[2025-05-31T06:15:49.816Z] [error]: Redis error: Error: Failed to connect
[2025-05-31T06:15:50.318Z] [error]: Redis error: Error: Failed to connect
[2025-05-31T06:15:50.820Z] [error]: Redis error: Error: Failed to connect
[2025-05-31T06:15:51.321Z] [error]: Redis error: Error: Failed to connect
[2025-05-31T06:15:51.823Z] [error]: Redis error: Error: Failed to connect
[2025-05-31T06:15:52.324Z] [error]: Redis error: Error: Failed to connect
[2025-05-31T06:15:52.826Z] [error]: Redis error: Error: Failed to connect
[2025-05-31T06:15:53.327Z] [error]: Redis error: Error: Failed to connect
[2025-05-31T06:15:53.829Z] [error]: Redis error: Error: Failed to connect
[2025-05-31T06:15:54.330Z] [error]: Redis error: Error: Failed to connect
[2025-05-31T06:15:54.831Z] [error]: Redis error: Error: Failed to connect
[2025-05-31T06:15:55.333Z] [error]: Redis error: Error: Failed to connect
[2025-05-31T06:15:55.834Z] [error]: Redis error: Error: Failed to connect
[2025-05-31T06:15:56.336Z] [error]: Redis error: Error: Failed to connect
[2025-05-31T06:15:56.838Z] [error]: Redis error: Error: Failed to connect
[2025-05-31T06:15:57.340Z] [error]: Redis error: Error: Failed to connect
[2025-05-31T06:15:57.842Z] [error]: Redis error: Error: Failed to connect
[2025-05-31T06:15:59.299Z] [error]: Redis error: Error: Failed to connect
[2025-05-31T06:15:59.313Z] [error]: Redis error: Error: Failed to connect
[2025-05-31T06:15:59.367Z] [error]: Redis error: Error: Failed to connect
[2025-05-31T06:15:59.470Z] [error]: Redis error: Error: Failed to connect
[2025-05-31T06:15:59.623Z] [error]: Redis error: Error: Failed to connect
[2025-05-31T06:15:59.827Z] [error]: Redis error: Error: Failed to connect
[2025-05-31T06:16:00.081Z] [error]: Redis error: Error: Failed to connect
[2025-05-31T06:16:00.382Z] [error]: Redis error: Error: Failed to connect
[2025-05-31T06:16:00.735Z] [error]: Redis error: Error: Failed to connect
[2025-05-31T06:16:01.137Z] [error]: Redis error: Error: Failed to connect
[2025-05-31T06:16:01.588Z] [error]: Redis error: Error: Failed to connect
[2025-05-31T06:16:02.090Z] [error]: Redis error: Error: Failed to connect
[2025-05-31T06:16:02.591Z] [error]: Redis error: Error: Failed to connect
[2025-05-31T06:16:03.093Z] [error]: Redis error: Error: Failed to connect
[2025-05-31T06:16:03.595Z] [error]: Redis error: Error: Failed to connect
[2025-05-31T06:16:04.097Z] [error]: Redis error: Error: Failed to connect
[2025-05-31T06:16:04.598Z] [error]: Redis error: Error: Failed to connect
[2025-05-31T06:16:05.101Z] [error]: Redis error: Error: Failed to connect
[2025-05-31T06:16:05.602Z] [error]: Redis error: Error: Failed to connect
[2025-05-31T06:16:06.104Z] [error]: Redis error: Error: Failed to connect
[2025-05-31T06:16:06.605Z] [error]: Redis error: Error: Failed to connect
[2025-05-31T06:16:07.107Z] [error]: Redis error: Error: Failed to connect
[2025-05-31T06:16:07.608Z] [error]: Redis error: Error: Failed to connect
[2025-05-31T06:16:08.110Z] [error]: Redis error: Error: Failed to connect
[2025-05-31T06:16:08.611Z] [error]: Redis error: Error: Failed to connect
[2025-05-31T06:16:09.113Z] [error]: Redis error: Error: Failed to connect
[2025-05-31T06:16:09.615Z] [error]: Redis error: Error: Failed to connect
[2025-05-31T06:16:10.117Z] [error]: Redis error: Error: Failed to connect
[2025-05-31T06:16:10.620Z] [error]: Redis error: Error: Failed to connect
[2025-05-31T06:16:11.122Z] [error]: Redis error: Error: Failed to connect
[2025-05-31T06:16:11.624Z] [error]: Redis error: Error: Failed to connect
[2025-05-31T06:16:12.126Z] [error]: Redis error: Error: Failed to connect
[2025-05-31T06:16:12.628Z] [error]: Redis error: Error: Failed to connect
[2025-05-31T06:16:13.130Z] [error]: Redis error: Error: Failed to connect
[2025-05-31T06:16:13.632Z] [error]: Redis error: Error: Failed to connect
[2025-05-31T06:16:14.134Z] [error]: Redis error: Error: Failed to connect
[2025-05-31T06:16:14.635Z] [error]: Redis error: Error: Failed to connect
[2025-05-31T06:16:15.137Z] [error]: Redis error: Error: Failed to connect
[2025-05-31T06:16:15.639Z] [error]: Redis error: Error: Failed to connect
[2025-05-31T06:16:16.141Z] [error]: Redis error: Error: Failed to connect
[2025-05-31T06:16:16.643Z] [error]: Redis error: Error: Failed to connect
[2025-05-31T06:16:17.146Z] [error]: Redis error: Error: Failed to connect
[2025-05-31T06:16:17.648Z] [error]: Redis error: Error: Failed to connect
[2025-05-31T06:16:18.150Z] [error]: Redis error: Error: Failed to connect
[2025-05-31T06:16:19.414Z] [error]: Redis error: Error: Failed to connect
[2025-05-31T06:16:19.417Z] [error]: Redis error: Error: Failed to connect
[2025-05-31T06:16:19.469Z] [error]: Redis error: Error: Failed to connect
[2025-05-31T06:16:19.571Z] [error]: Redis error: Error: Failed to connect
[2025-05-31T06:16:19.723Z] [error]: Redis error: Error: Failed to connect
[2025-05-31T06:16:19.924Z] [error]: Redis error: Error: Failed to connect
[2025-05-31T06:16:20.176Z] [error]: Redis error: Error: Failed to connect
[2025-05-31T06:16:20.477Z] [error]: Redis error: Error: Failed to connect
[2025-05-31T06:16:20.829Z] [error]: Redis error: Error: Failed to connect
[2025-05-31T06:16:21.230Z] [error]: Redis error: Error: Failed to connect
[2025-05-31T06:16:21.681Z] [error]: Redis error: Error: Failed to connect
[2025-05-31T06:16:22.183Z] [error]: Redis error: Error: Failed to connect
[2025-05-31T06:16:22.685Z] [error]: Redis error: Error: Failed to connect
[2025-05-31T06:16:23.187Z] [error]: Redis error: Error: Failed to connect
[2025-05-31T06:16:23.689Z] [error]: Redis error: Error: Failed to connect
[2025-05-31T06:16:24.190Z] [error]: Redis error: Error: Failed to connect
[2025-05-31T06:16:24.692Z] [error]: Redis error: Error: Failed to connect
[2025-05-31T06:16:25.194Z] [error]: Redis error: Error: Failed to connect
[2025-05-31T06:16:25.696Z] [error]: Redis error: Error: Failed to connect
[2025-05-31T06:16:26.197Z] [error]: Redis error: Error: Failed to connect
[2025-05-31T06:16:26.700Z] [error]: Redis error: Error: Failed to connect
[2025-05-31T06:16:27.202Z] [error]: Redis error: Error: Failed to connect
[2025-05-31T06:16:27.703Z] [error]: Redis error: Error: Failed to connect
[2025-05-31T06:16:28.205Z] [error]: Redis error: Error: Failed to connect
[2025-05-31T06:18:20.737Z] [error]: HIDE::403::Forbidden::Invalid token!::
[2025-05-31T06:18:20.788Z] [error]: HIDE::403::Forbidden::Invalid token!::
[2025-05-31T06:18:20.837Z] [error]: HIDE::403::Forbidden::Invalid token!::
[2025-05-31T06:18:20.890Z] [error]: HIDE::403::Forbidden::Invalid token!::
[2025-05-31T06:18:20.933Z] [error]: HIDE::403::Forbidden::Invalid token!::
[2025-05-31T06:18:20.992Z] [error]: HIDE::403::Forbidden::Invalid token!::
[2025-05-31T06:18:21.035Z] [error]: HIDE::403::Forbidden::Invalid token!::
[2025-05-31T06:18:21.078Z] [error]: HIDE::403::Forbidden::Invalid token!::
[2025-05-31T06:18:21.125Z] [error]: HIDE::403::Forbidden::Invalid token!::
[2025-05-31T06:18:21.172Z] [error]: HIDE::403::Forbidden::Invalid token!::
[2025-05-31T06:18:21.211Z] [error]: HIDE::403::Forbidden::Invalid token!::
[2025-05-31T06:18:21.253Z] [error]: HIDE::403::Forbidden::Invalid token!::
[2025-05-31T06:18:21.318Z] [error]: HIDE::403::Forbidden::Invalid token!::
[2025-05-31T06:18:21.380Z] [error]: HIDE::403::Forbidden::Invalid token!::
[2025-05-31T06:18:21.435Z] [error]: HIDE::403::Forbidden::Invalid token!::
[2025-05-31T06:18:21.480Z] [error]: HIDE::403::Forbidden::Invalid token!::
[2025-05-31T06:18:21.536Z] [error]: HIDE::403::Forbidden::Invalid token!::
[2025-05-31T06:18:21.587Z] [error]: HIDE::403::Forbidden::Invalid token!::
[2025-05-31T06:18:21.636Z] [error]: HIDE::403::Forbidden::Invalid token!::
[2025-05-31T06:18:21.683Z] [error]: HIDE::403::Forbidden::Invalid token!::
[2025-05-31T06:18:21.741Z] [error]: HIDE::403::Forbidden::Invalid token!::
[2025-05-31T06:18:21.789Z] [error]: HIDE::403::Forbidden::Invalid token!::
[2025-05-31T06:18:21.848Z] [error]: HIDE::403::Forbidden::Invalid token!::
[2025-05-31T06:18:21.900Z] [error]: HIDE::403::Forbidden::Invalid token!::
[2025-05-31T06:18:21.941Z] [error]: HIDE::403::Forbidden::Invalid token!::
[2025-05-31T06:18:21.987Z] [error]: HIDE::403::Forbidden::Invalid token!::
[2025-05-31T06:18:22.035Z] [error]: HIDE::403::Forbidden::Invalid token!::
[2025-05-31T06:18:22.087Z] [error]: HIDE::403::Forbidden::Invalid token!::
[2025-05-31T06:18:22.140Z] [error]: HIDE::403::Forbidden::Invalid token!::
[2025-05-31T06:18:22.185Z] [error]: HIDE::403::Forbidden::Invalid token!::
[2025-05-31T06:18:22.232Z] [error]: HIDE::403::Forbidden::Invalid token!::
[2025-05-31T06:18:22.284Z] [error]: HIDE::403::Forbidden::Invalid token!::
[2025-05-31T06:18:22.331Z] [error]: HIDE::403::Forbidden::Invalid token!::
[2025-05-31T06:18:22.375Z] [error]: HIDE::403::Forbidden::Invalid token!::
[2025-05-31T06:18:22.424Z] [error]: HIDE::403::Forbidden::Invalid token!::
[2025-05-31T06:18:22.472Z] [error]: HIDE::403::Forbidden::Invalid token!::
[2025-05-31T06:18:22.518Z] [error]: HIDE::403::Forbidden::Invalid token!::
[2025-05-31T06:18:22.569Z] [error]: HIDE::403::Forbidden::Invalid token!::
[2025-05-31T06:18:22.609Z] [error]: HIDE::403::Forbidden::Invalid token!::
[2025-05-31T06:18:22.648Z] [error]: HIDE::403::Forbidden::Invalid token!::
[2025-05-31T06:18:22.696Z] [error]: HIDE::403::Forbidden::Invalid token!::
[2025-05-31T06:18:22.736Z] [error]: HIDE::403::Forbidden::Invalid token!::
[2025-05-31T06:18:22.776Z] [error]: HIDE::403::Forbidden::Invalid token!::
[2025-05-31T06:18:22.816Z] [error]: HIDE::403::Forbidden::Invalid token!::
[2025-05-31T06:18:22.860Z] [error]: HIDE::403::Forbidden::Invalid token!::
[2025-05-31T06:18:22.903Z] [error]: HIDE::403::Forbidden::Invalid token!::
[2025-05-31T06:18:22.943Z] [error]: HIDE::403::Forbidden::Invalid token!::
[2025-05-31T06:18:22.987Z] [error]: HIDE::403::Forbidden::Invalid token!::
[2025-05-31T06:18:23.027Z] [error]: HIDE::403::Forbidden::Invalid token!::
[2025-05-31T06:18:23.069Z] [error]: HIDE::403::Forbidden::Invalid token!::
[2025-05-31T06:18:23.107Z] [error]: HIDE::403::Forbidden::Invalid token!::
[2025-05-31T06:18:23.148Z] [error]: HIDE::403::Forbidden::Invalid token!::
[2025-05-31T06:18:23.188Z] [error]: HIDE::403::Forbidden::Invalid token!::
[2025-05-31T06:18:23.229Z] [error]: HIDE::403::Forbidden::Invalid token!::
[2025-05-31T06:18:23.268Z] [error]: HIDE::403::Forbidden::Invalid token!::
[2025-05-31T06:18:23.311Z] [error]: HIDE::403::Forbidden::Invalid token!::
[2025-05-31T06:18:23.353Z] [error]: HIDE::403::Forbidden::Invalid token!::
[2025-05-31T06:18:23.392Z] [error]: HIDE::403::Forbidden::Invalid token!::
[2025-05-31T06:18:23.440Z] [error]: HIDE::403::Forbidden::Invalid token!::
[2025-05-31T06:18:23.481Z] [error]: HIDE::403::Forbidden::Invalid token!::
[2025-05-31T06:18:23.521Z] [error]: HIDE::403::Forbidden::Invalid token!::
[2025-05-31T06:18:23.572Z] [error]: HIDE::403::Forbidden::Invalid token!::
[2025-05-31T06:18:23.609Z] [error]: HIDE::403::Forbidden::Invalid token!::
[2025-05-31T06:18:23.649Z] [error]: HIDE::403::Forbidden::Invalid token!::
[2025-05-31T06:18:23.687Z] [error]: HIDE::403::Forbidden::Invalid token!::
[2025-05-31T06:18:23.723Z] [error]: HIDE::403::Forbidden::Invalid token!::
[2025-05-31T06:18:23.763Z] [error]: HIDE::403::Forbidden::Invalid token!::
[2025-05-31T06:18:23.800Z] [error]: HIDE::403::Forbidden::Invalid token!::
[2025-05-31T06:18:23.847Z] [error]: HIDE::403::Forbidden::Invalid token!::
[2025-05-31T06:18:23.892Z] [error]: HIDE::403::Forbidden::Invalid token!::
[2025-05-31T06:18:23.933Z] [error]: HIDE::403::Forbidden::Invalid token!::
[2025-05-31T06:18:23.977Z] [error]: HIDE::403::Forbidden::Invalid token!::
[2025-05-31T06:18:24.015Z] [error]: HIDE::403::Forbidden::Invalid token!::
[2025-05-31T06:18:24.062Z] [error]: HIDE::403::Forbidden::Invalid token!::
[2025-05-31T06:18:24.106Z] [error]: HIDE::403::Forbidden::Invalid token!::
[2025-05-31T06:18:24.148Z] [error]: HIDE::403::Forbidden::Invalid token!::
[2025-05-31T06:18:24.188Z] [error]: HIDE::403::Forbidden::Invalid token!::
[2025-05-31T06:18:24.225Z] [error]: HIDE::403::Forbidden::Invalid token!::
[2025-05-31T06:18:24.270Z] [error]: HIDE::403::Forbidden::Invalid token!::
[2025-05-31T06:18:24.300Z] [error]: HIDE::403::Forbidden::Invalid token!::
[2025-05-31T06:18:24.318Z] [error]: HIDE::403::Forbidden::Invalid token!::
[2025-05-31T06:18:24.341Z] [error]: HIDE::403::Forbidden::Invalid token!::
[2025-05-31T06:18:24.365Z] [error]: HIDE::403::Forbidden::Invalid token!::
[2025-05-31T06:18:24.406Z] [error]: HIDE::403::Forbidden::Invalid token!::
[2025-05-31T06:18:24.446Z] [error]: HIDE::403::Forbidden::Invalid token!::
[2025-05-31T06:18:24.639Z] [error]: HIDE::403::Forbidden::Invalid token!::
[2025-05-31T06:18:24.681Z] [error]: HIDE::403::Forbidden::Invalid token!::
[2025-05-31T06:18:24.768Z] [error]: HIDE::403::Forbidden::Invalid token!::
[2025-05-31T06:18:24.809Z] [error]: HIDE::403::Forbidden::Invalid token!::
[2025-05-31T06:18:25.119Z] [error]: HIDE::403::Forbidden::Invalid token!::
[2025-05-31T06:18:27.193Z] [error]: HIDE::403::Forbidden::Invalid token!::
[2025-05-31T06:18:27.244Z] [error]: HIDE::403::Forbidden::Invalid token!::
[2025-05-31T06:18:38.133Z] [error]: HIDE::403::Forbidden::Invalid token!::
[2025-05-31T06:18:38.175Z] [error]: HIDE::403::Forbidden::Invalid token!::
[2025-05-31T06:18:38.221Z] [error]: HIDE::403::Forbidden::Invalid token!::
[2025-05-31T06:18:38.261Z] [error]: HIDE::403::Forbidden::Invalid token!::
[2025-05-31T06:18:38.305Z] [error]: HIDE::403::Forbidden::Invalid token!::
[2025-05-31T06:18:38.353Z] [error]: HIDE::403::Forbidden::Invalid token!::
[2025-05-31T06:18:38.400Z] [error]: HIDE::403::Forbidden::Invalid token!::
[2025-05-31T06:18:38.443Z] [error]: HIDE::403::Forbidden::Invalid token!::
[2025-05-31T06:18:38.489Z] [error]: HIDE::403::Forbidden::Invalid token!::
[2025-05-31T06:18:38.530Z] [error]: HIDE::403::Forbidden::Invalid token!::
[2025-05-31T06:18:38.580Z] [error]: HIDE::403::Forbidden::Invalid token!::
[2025-05-31T06:18:38.633Z] [error]: HIDE::403::Forbidden::Invalid token!::
[2025-05-31T06:18:38.678Z] [error]: HIDE::403::Forbidden::Invalid token!::
[2025-05-31T06:18:38.731Z] [error]: HIDE::403::Forbidden::Invalid token!::
[2025-05-31T06:18:38.776Z] [error]: HIDE::403::Forbidden::Invalid token!::
[2025-05-31T06:18:38.825Z] [error]: HIDE::403::Forbidden::Invalid token!::
[2025-05-31T06:18:38.886Z] [error]: HIDE::403::Forbidden::Invalid token!::
[2025-05-31T06:18:38.935Z] [error]: HIDE::403::Forbidden::Invalid token!::
[2025-05-31T06:18:38.987Z] [error]: HIDE::403::Forbidden::Invalid token!::
[2025-05-31T06:18:39.033Z] [error]: HIDE::403::Forbidden::Invalid token!::
[2025-05-31T06:18:39.076Z] [error]: HIDE::403::Forbidden::Invalid token!::
[2025-05-31T06:18:39.115Z] [error]: HIDE::403::Forbidden::Invalid token!::
[2025-05-31T06:18:39.153Z] [error]: HIDE::403::Forbidden::Invalid token!::
[2025-05-31T06:18:39.195Z] [error]: HIDE::403::Forbidden::Invalid token!::
[2025-05-31T06:18:39.233Z] [error]: HIDE::403::Forbidden::Invalid token!::
[2025-05-31T06:18:39.276Z] [error]: HIDE::403::Forbidden::Invalid token!::
[2025-05-31T06:18:39.318Z] [error]: HIDE::403::Forbidden::Invalid token!::
[2025-05-31T06:18:39.357Z] [error]: HIDE::403::Forbidden::Invalid token!::
[2025-05-31T06:18:39.396Z] [error]: HIDE::403::Forbidden::Invalid token!::
[2025-05-31T06:18:39.437Z] [error]: HIDE::403::Forbidden::Invalid token!::
[2025-05-31T06:18:39.487Z] [error]: HIDE::403::Forbidden::Invalid token!::
[2025-05-31T06:18:39.534Z] [error]: HIDE::403::Forbidden::Invalid token!::
[2025-05-31T06:18:39.585Z] [error]: HIDE::403::Forbidden::Invalid token!::
[2025-05-31T06:18:39.638Z] [error]: HIDE::403::Forbidden::Invalid token!::
[2025-05-31T06:18:39.682Z] [error]: HIDE::403::Forbidden::Invalid token!::
[2025-05-31T06:18:39.723Z] [error]: HIDE::403::Forbidden::Invalid token!::
[2025-05-31T06:18:39.762Z] [error]: HIDE::403::Forbidden::Invalid token!::
[2025-05-31T06:18:39.800Z] [error]: HIDE::403::Forbidden::Invalid token!::
[2025-05-31T06:18:39.841Z] [error]: HIDE::403::Forbidden::Invalid token!::
[2025-05-31T06:18:59.827Z] [error]: HIDE::403::Forbidden::Invalid token!::
[2025-05-31T06:18:59.829Z] [error]: HIDE::403::Forbidden::Invalid token!::
[2025-05-31T06:18:59.870Z] [error]: HIDE::403::Forbidden::Invalid token!::
[2025-05-31T06:18:59.871Z] [error]: HIDE::403::Forbidden::Invalid token!::
[2025-05-31T06:31:35.858Z] [error]: HIDE::400::BadRequest::[
  {
    "code": "invalid_type",
    "expected": "boolean",
    "received": "string",
    "path": [
      "is_draft"
    ],
    "message": "Expected boolean, received string"
  },
  {
    "code": "invalid_type",
    "expected": "boolean",
    "received": "string",
    "path": [
      "is_publish"
    ],
    "message": "Expected boolean, received string"
  }
]::
[2025-05-31T06:35:57.677Z] [error]: HIDE::403::Forbidden::Invalid role!::
[2025-05-31T06:35:57.784Z] [error]: HIDE::403::Forbidden::Invalid role!::
[2025-05-31T06:35:58.077Z] [error]: HIDE::403::Forbidden::Invalid role!::
[2025-05-31T06:36:06.203Z] [error]: HIDE::403::Forbidden::Invalid role!::
[2025-05-31T06:36:06.310Z] [error]: HIDE::403::Forbidden::Invalid role!::
[2025-05-31T06:36:06.593Z] [error]: HIDE::403::Forbidden::Invalid role!::
[2025-05-31T06:36:06.693Z] [error]: HIDE::403::Forbidden::Invalid role!::
[2025-05-31T06:36:06.696Z] [error]: HIDE::403::Forbidden::Invalid role!::
[2025-05-31T06:36:06.803Z] [error]: HIDE::403::Forbidden::Invalid role!::
[2025-05-31T06:36:07.111Z] [error]: HIDE::403::Forbidden::Invalid role!::
[2025-05-31T06:36:07.328Z] [error]: HIDE::403::Forbidden::Invalid role!::
[2025-05-31T06:36:07.431Z] [error]: HIDE::403::Forbidden::Invalid role!::
[2025-05-31T06:36:07.833Z] [error]: HIDE::403::Forbidden::Invalid role!::
[2025-05-31T06:36:07.938Z] [error]: HIDE::403::Forbidden::Invalid role!::
[2025-05-31T06:36:09.496Z] [error]: HIDE::403::Forbidden::Invalid role!::
[2025-05-31T06:36:09.596Z] [error]: HIDE::403::Forbidden::Invalid role!::
[2025-05-31T06:36:10.006Z] [error]: HIDE::403::Forbidden::Invalid role!::
[2025-05-31T06:38:16.299Z] [error]: HIDE::403::Forbidden::Invalid role!::
[2025-05-31T06:38:16.436Z] [error]: HIDE::403::Forbidden::Invalid role!::
[2025-05-31T06:38:16.555Z] [error]: HIDE::403::Forbidden::Invalid role!::
[2025-05-31T06:38:16.664Z] [error]: HIDE::403::Forbidden::Invalid role!::
[2025-05-31T06:38:22.146Z] [error]: HIDE::403::Forbidden::Invalid role!::
[2025-05-31T06:38:22.288Z] [error]: HIDE::403::Forbidden::Invalid role!::
[2025-05-31T06:38:22.450Z] [error]: HIDE::403::Forbidden::Invalid role!::
[2025-05-31T06:38:22.574Z] [error]: HIDE::403::Forbidden::Invalid role!::
[2025-05-31T06:42:18.554Z] [error]: HIDE::403::Forbidden::Invalid role!::
[2025-05-31T06:42:18.660Z] [error]: HIDE::403::Forbidden::Invalid role!::
[2025-05-31T06:42:18.955Z] [error]: HIDE::403::Forbidden::Invalid role!::
[2025-05-31T06:42:19.057Z] [error]: HIDE::403::Forbidden::Invalid role!::
[2025-05-31T06:48:34.184Z] [error]: HIDE::400::BadRequest::[
  {
    "code": "invalid_type",
    "expected": "number",
    "received": "undefined",
    "path": [
      "discount_min_order_cost"
    ],
    "message": "Minimum order cost is required"
  }
]::
[2025-05-31T06:48:50.246Z] [error]: HIDE::400::BadRequest::[
  {
    "code": "invalid_type",
    "expected": "number",
    "received": "undefined",
    "path": [
      "discount_min_order_cost"
    ],
    "message": "Minimum order cost is required"
  }
]::
[2025-05-31T06:48:52.556Z] [error]: HIDE::400::BadRequest::[
  {
    "code": "invalid_type",
    "expected": "number",
    "received": "undefined",
    "path": [
      "discount_min_order_cost"
    ],
    "message": "Minimum order cost is required"
  }
]::
[2025-05-31T06:48:53.060Z] [error]: HIDE::400::BadRequest::[
  {
    "code": "invalid_type",
    "expected": "number",
    "received": "undefined",
    "path": [
      "discount_min_order_cost"
    ],
    "message": "Minimum order cost is required"
  }
]::
[2025-05-31T06:53:45.576Z] [error]: HIDE::403::Forbidden::Token is expired or invalid!::
[2025-05-31T08:08:09.743Z] [error]: HIDE::404::NotFound::Route is not exists::
[2025-05-31T13:13:03.870Z] [error]: HIDE::404::NotFound::Route is not exists::
[2025-05-31T13:13:04.181Z] [error]: HIDE::404::NotFound::Route is not exists::
[2025-05-31T13:14:18.536Z] [error]: HIDE::404::NotFound::Route is not exists::
[2025-05-31T13:17:32.416Z] [error]: HIDE::403::Forbidden::Token not found!::
[2025-05-31T13:17:37.843Z] [error]: HIDE::403::Forbidden::Token not found!::
[2025-05-31T13:18:00.169Z] [error]: HIDE::403::Forbidden::Token is expired or invalid!::
[2025-05-31T13:18:03.118Z] [error]: HIDE::404::NotFound::Not found file!::
[2025-05-31T13:18:03.126Z] [error]: HIDE::404::NotFound::Not found file!::
[2025-05-31T13:18:11.269Z] [error]: HIDE::404::NotFound::Not found file!::
[2025-05-31T13:18:11.271Z] [error]: HIDE::404::NotFound::Not found file!::
[2025-05-31T13:18:11.495Z] [error]: HIDE::404::NotFound::Not found file!::
[2025-05-31T13:18:15.981Z] [error]: HIDE::404::NotFound::Not found file!::
[2025-05-31T13:18:20.686Z] [error]: HIDE::404::NotFound::Not found file!::
[2025-05-31T13:18:20.689Z] [error]: HIDE::404::NotFound::Not found file!::
[2025-05-31T13:18:43.009Z] [error]: HIDE::404::NotFound::Not found file!::
[2025-05-31T13:18:43.011Z] [error]: HIDE::404::NotFound::Not found file!::
[2025-05-31T13:18:47.836Z] [error]: HIDE::404::NotFound::Not found file!::
[2025-05-31T13:19:00.088Z] [error]: HIDE::404::NotFound::Not found file!::
[2025-05-31T13:19:00.089Z] [error]: HIDE::404::NotFound::Not found file!::
[2025-05-31T14:22:07.929Z] [error]: Redis error: Error: Socket closed unexpectedly
[2025-05-31T14:22:18.403Z] [error]: Redis error: Error: Failed to connect
[2025-05-31T14:22:18.408Z] [error]: Redis error: Error: Failed to connect
[2025-05-31T14:22:31.099Z] [error]: Redis error: Error: Failed to connect
[2025-05-31T14:22:31.211Z] [error]: Redis error: Error: Failed to connect
[2025-05-31T14:22:41.387Z] [error]: Redis error: Error: Failed to connect
[2025-05-31T14:22:41.589Z] [error]: Redis error: Error: Failed to connect
[2025-05-31T14:22:52.214Z] [error]: Redis error: Error: Failed to connect
[2025-05-31T14:22:52.512Z] [error]: Redis error: Error: Failed to connect
[2025-05-31T14:22:57.621Z] [error]: Failed to connect
[2025-05-31T14:23:02.883Z] [error]: Redis error: Error: Failed to connect
[2025-05-31T14:23:03.295Z] [error]: Redis error: Error: Failed to connect
[2025-05-31T14:23:13.789Z] [error]: Redis error: Error: Failed to connect
[2025-05-31T14:23:14.296Z] [error]: Redis error: Error: Failed to connect
[2025-05-31T14:23:25.084Z] [error]: Redis error: Error: Failed to connect
[2025-05-31T14:23:25.583Z] [error]: Redis error: Error: Failed to connect
[2025-05-31T14:23:30.013Z] [error]: Failed to connect
[2025-05-31T14:23:36.114Z] [error]: Redis error: Error: Failed to connect
[2025-05-31T14:23:36.619Z] [error]: Redis error: Error: Failed to connect
[2025-05-31T14:23:47.491Z] [error]: Redis error: Error: Failed to connect
[2025-05-31T14:23:47.981Z] [error]: Redis error: Error: Failed to connect
[2025-05-31T14:23:58.493Z] [error]: Redis error: Error: Failed to connect
[2025-05-31T14:23:58.987Z] [error]: Redis error: Error: Failed to connect
[2025-05-31T14:24:09.497Z] [error]: Redis error: Error: Failed to connect
[2025-05-31T14:24:10.017Z] [error]: Redis error: Error: Failed to connect
[2025-05-31T14:24:20.858Z] [error]: Redis error: Error: Failed to connect
[2025-05-31T14:24:21.353Z] [error]: Redis error: Error: Failed to connect
[2025-05-31T14:24:30.127Z] [error]: Failed to connect
[2025-05-31T14:24:31.913Z] [error]: Redis error: Error: Failed to connect
[2025-05-31T14:24:32.423Z] [error]: Redis error: Error: Failed to connect
[2025-05-31T14:24:42.943Z] [error]: Redis error: Error: Failed to connect
[2025-05-31T14:24:43.437Z] [error]: Redis error: Error: Failed to connect
[2025-05-31T14:24:54.180Z] [error]: Redis error: Error: Failed to connect
[2025-05-31T14:24:54.674Z] [error]: Redis error: Error: Failed to connect
[2025-05-31T14:25:05.184Z] [error]: Redis error: Error: Failed to connect
[2025-05-31T14:25:05.701Z] [error]: Redis error: Error: Failed to connect
[2025-05-31T14:30:33.210Z] [error]: Redis error: Error: Failed to connect
[2025-05-31T14:30:33.700Z] [error]: Redis error: Error: Failed to connect
[2025-05-31T14:30:44.206Z] [error]: Redis error: Error: Failed to connect
[2025-05-31T14:30:44.695Z] [error]: Redis error: Error: Failed to connect
[2025-05-31T14:30:46.544Z] [error]: Failed to connect
[2025-05-31T14:30:55.199Z] [error]: Redis error: Error: Failed to connect
[2025-05-31T14:30:55.728Z] [error]: Redis error: Error: Failed to connect
[2025-05-31T14:31:06.392Z] [error]: Redis error: Error: Failed to connect
[2025-05-31T14:31:06.882Z] [error]: Redis error: Error: Failed to connect
[2025-05-31T14:31:17.476Z] [error]: Redis error: Error: Failed to connect
[2025-05-31T14:31:17.993Z] [error]: Redis error: Error: Failed to connect
[2025-05-31T14:31:28.532Z] [error]: Redis error: Error: Failed to connect
[2025-05-31T14:31:29.026Z] [error]: Redis error: Error: Failed to connect
[2025-05-31T14:31:39.821Z] [error]: Redis error: Error: Failed to connect
[2025-05-31T14:31:40.313Z] [error]: Redis error: Error: Failed to connect
[2025-05-31T14:31:46.743Z] [error]: Failed to connect
[2025-05-31T14:31:50.819Z] [error]: Redis error: Error: Failed to connect
[2025-05-31T14:31:51.335Z] [error]: Redis error: Error: Failed to connect
[2025-05-31T14:32:01.867Z] [error]: Redis error: Error: Failed to connect
[2025-05-31T14:32:02.361Z] [error]: Redis error: Error: Failed to connect
[2025-05-31T14:32:13.048Z] [error]: Redis error: Error: Failed to connect
[2025-05-31T14:32:13.539Z] [error]: Redis error: Error: Failed to connect
[2025-05-31T14:32:24.048Z] [error]: Redis error: Error: Failed to connect
[2025-05-31T14:32:24.577Z] [error]: Redis error: Error: Failed to connect
[2025-05-31T14:32:29.991Z] [error]: Failed to connect
[2025-05-31T14:32:35.209Z] [error]: Redis error: Error: Failed to connect
[2025-05-31T14:32:35.701Z] [error]: Redis error: Error: Failed to connect
[2025-05-31T14:32:46.205Z] [error]: Redis error: Error: Failed to connect
[2025-05-31T14:32:46.704Z] [error]: Redis error: Error: Failed to connect
[2025-05-31T14:54:34.146Z] [error]: HIDE::404::NotFound::Route is not exists::
[2025-05-31T14:54:34.327Z] [error]: HIDE::404::NotFound::Route is not exists::
[2025-05-31T14:55:02.044Z] [error]: HIDE::404::NotFound::Route is not exists::
[2025-05-31T14:55:02.125Z] [error]: HIDE::404::NotFound::Route is not exists::
[2025-05-31T14:55:59.546Z] [error]: HIDE::404::NotFound::Not found file!::
[2025-05-31T14:55:59.582Z] [error]: HIDE::404::NotFound::Not found file!::
[2025-05-31T14:56:04.884Z] [error]: HIDE::404::NotFound::Not found file!::
[2025-05-31T14:56:04.886Z] [error]: HIDE::404::NotFound::Not found file!::
[2025-05-31T14:56:08.297Z] [error]: HIDE::404::NotFound::Not found file!::
[2025-05-31T14:56:08.301Z] [error]: HIDE::404::NotFound::Not found file!::
[2025-05-31T14:56:08.394Z] [error]: HIDE::404::NotFound::Not found file!::
[2025-05-31T14:56:20.606Z] [error]: HIDE::404::NotFound::Not found file!::
[2025-05-31T14:56:20.613Z] [error]: HIDE::404::NotFound::Not found file!::
[2025-05-31T14:56:48.404Z] [error]: HIDE::404::NotFound::Not found file!::
[2025-05-31T14:56:48.408Z] [error]: HIDE::404::NotFound::Not found file!::
[2025-05-31T14:56:48.410Z] [error]: HIDE::404::NotFound::Not found file!::
[2025-05-31T14:56:57.509Z] [error]: HIDE::404::NotFound::No checkout data found!::
[2025-05-31T14:56:57.768Z] [error]: HIDE::404::NotFound::No checkout data found!::
[2025-05-31T14:56:58.270Z] [error]: HIDE::404::NotFound::Not found file!::
[2025-05-31T14:56:58.283Z] [error]: HIDE::404::NotFound::Not found file!::
[2025-05-31T14:56:58.285Z] [error]: HIDE::404::NotFound::Not found file!::
[2025-05-31T14:57:01.281Z] [error]: HIDE::404::NotFound::Not found file!::
[2025-05-31T14:57:01.284Z] [error]: HIDE::404::NotFound::Not found file!::
[2025-05-31T14:57:01.582Z] [error]: HIDE::404::NotFound::Not found file!::
[2025-05-31T14:57:03.124Z] [error]: HIDE::404::NotFound::Not found file!::
[2025-05-31T14:57:03.143Z] [error]: HIDE::404::NotFound::Not found file!::
[2025-05-31T14:57:04.114Z] [error]: HIDE::404::NotFound::Not found file!::
[2025-05-31T14:57:04.131Z] [error]: HIDE::404::NotFound::Not found file!::
[2025-05-31T14:57:04.133Z] [error]: HIDE::404::NotFound::Not found file!::
[2025-05-31T14:57:11.135Z] [error]: HIDE::404::NotFound::Not found file!::
[2025-05-31T14:57:24.064Z] [error]: HIDE::404::NotFound::Not found file!::
[2025-05-31T14:57:24.065Z] [error]: HIDE::404::NotFound::Not found file!::
[2025-05-31T14:57:24.066Z] [error]: HIDE::404::NotFound::Not found file!::
[2025-05-31T14:57:57.258Z] [error]: HIDE::404::NotFound::Not found file!::
[2025-05-31T14:57:57.264Z] [error]: HIDE::404::NotFound::Not found file!::
[2025-05-31T14:57:57.672Z] [error]: HIDE::404::NotFound::Not found file!::
[2025-05-31T14:58:00.382Z] [error]: HIDE::404::NotFound::Not found file!::
[2025-05-31T14:58:06.354Z] [error]: HIDE::404::NotFound::Not found file!::
[2025-05-31T14:58:06.439Z] [error]: HIDE::404::NotFound::Not found file!::
[2025-05-31T14:58:13.926Z] [error]: HIDE::404::NotFound::Not found file!::
[2025-05-31T14:58:33.893Z] [error]: HIDE::404::NotFound::Not found file!::
[2025-05-31T14:58:33.895Z] [error]: HIDE::404::NotFound::Not found file!::
[2025-05-31T14:58:33.899Z] [error]: HIDE::404::NotFound::Not found file!::
[2025-05-31T15:00:16.786Z] [error]: HIDE::404::NotFound::Not found file!::
[2025-05-31T15:00:16.800Z] [error]: HIDE::404::NotFound::Not found file!::
[2025-05-31T15:00:17.290Z] [error]: HIDE::404::NotFound::Not found file!::
[2025-05-31T15:00:20.353Z] [error]: HIDE::404::NotFound::Not found file!::
[2025-05-31T15:00:21.117Z] [error]: HIDE::404::NotFound::Not found file!::
[2025-05-31T15:00:21.135Z] [error]: HIDE::404::NotFound::Not found file!::
[2025-05-31T15:00:30.485Z] [error]: HIDE::404::NotFound::Not found file!::
[2025-05-31T15:00:47.347Z] [error]: HIDE::404::NotFound::Not found file!::
[2025-05-31T15:00:47.349Z] [error]: HIDE::404::NotFound::Not found file!::
[2025-05-31T15:00:47.352Z] [error]: HIDE::404::NotFound::Not found file!::
[2025-05-31T15:02:02.409Z] [error]: HIDE::404::NotFound::No checkout data found!::
[2025-05-31T15:02:02.589Z] [error]: HIDE::404::NotFound::No checkout data found!::
[2025-05-31T15:02:03.331Z] [error]: HIDE::404::NotFound::Not found file!::
[2025-05-31T15:02:03.362Z] [error]: HIDE::404::NotFound::Not found file!::
[2025-05-31T15:02:06.829Z] [error]: HIDE::404::NotFound::Not found file!::
[2025-05-31T15:02:06.832Z] [error]: HIDE::404::NotFound::Not found file!::
[2025-05-31T15:02:07.158Z] [error]: HIDE::404::NotFound::Not found file!::
[2025-05-31T15:02:09.019Z] [error]: HIDE::404::NotFound::Not found file!::
[2025-05-31T15:02:12.861Z] [error]: HIDE::404::NotFound::Not found file!::
[2025-05-31T15:02:12.867Z] [error]: HIDE::404::NotFound::Not found file!::
[2025-05-31T15:02:23.004Z] [error]: HIDE::404::NotFound::Not found file!::
[2025-05-31T15:02:32.783Z] [error]: HIDE::400::TypeError::undefined is not an object (evaluating 'this.vnpayConfig.returnUrl')::
[2025-05-31T15:02:36.088Z] [error]: HIDE::404::NotFound::Not found file!::
[2025-05-31T15:02:36.089Z] [error]: HIDE::404::NotFound::Not found file!::
[2025-05-31T15:02:36.098Z] [error]: HIDE::404::NotFound::Not found file!::
[2025-05-31T15:02:50.363Z] [error]: HIDE::404::NotFound::Not found file!::
[2025-05-31T15:02:50.368Z] [error]: HIDE::404::NotFound::Not found file!::
[2025-05-31T15:02:50.650Z] [error]: HIDE::404::NotFound::Not found file!::
[2025-05-31T15:02:55.223Z] [error]: HIDE::404::NotFound::Not found file!::
[2025-05-31T15:02:55.226Z] [error]: HIDE::404::NotFound::Not found file!::
[2025-05-31T15:02:55.236Z] [error]: HIDE::404::NotFound::Not found file!::
[2025-05-31T15:03:10.062Z] [error]: HIDE::404::NotFound::Not found file!::
[2025-05-31T15:03:11.482Z] [error]: HIDE::404::NotFound::Not found file!::
[2025-05-31T15:03:11.488Z] [error]: HIDE::404::NotFound::Not found file!::
[2025-05-31T15:03:21.161Z] [error]: HIDE::404::NotFound::Not found file!::
[2025-05-31T15:03:29.162Z] [error]: HIDE::400::TypeError::undefined is not an object (evaluating 'this.vnpayConfig.returnUrl')::
[2025-05-31T15:03:33.762Z] [error]: HIDE::404::NotFound::Not found file!::
[2025-05-31T15:03:33.790Z] [error]: HIDE::404::NotFound::Not found file!::
[2025-05-31T15:03:33.792Z] [error]: HIDE::404::NotFound::Not found file!::
[2025-05-31T15:04:36.181Z] [error]: HIDE::404::NotFound::Not found file!::
[2025-05-31T15:04:36.201Z] [error]: HIDE::404::NotFound::Not found file!::
[2025-05-31T15:04:36.478Z] [error]: HIDE::404::NotFound::Not found file!::
[2025-05-31T15:04:41.870Z] [error]: HIDE::404::NotFound::Not found file!::
[2025-05-31T15:04:43.165Z] [error]: HIDE::404::NotFound::Not found file!::
[2025-05-31T15:04:43.174Z] [error]: HIDE::404::NotFound::Not found file!::
[2025-05-31T15:04:48.276Z] [error]: HIDE::404::NotFound::Not found file!::
[2025-05-31T15:05:03.342Z] [error]: HIDE::404::NotFound::Not found file!::
[2025-05-31T15:05:03.370Z] [error]: HIDE::404::NotFound::Not found file!::
[2025-05-31T15:05:03.372Z] [error]: HIDE::404::NotFound::Not found file!::
[2025-05-31T15:05:52.050Z] [error]: HIDE::404::NotFound::Not found file!::
[2025-05-31T15:05:52.085Z] [error]: HIDE::404::NotFound::Not found file!::
[2025-05-31T15:05:52.586Z] [error]: HIDE::404::NotFound::Not found file!::
[2025-05-31T15:05:55.960Z] [error]: HIDE::404::NotFound::Not found file!::
[2025-05-31T15:05:56.797Z] [error]: HIDE::404::NotFound::Not found file!::
[2025-05-31T15:05:56.807Z] [error]: HIDE::404::NotFound::Not found file!::
[2025-05-31T15:06:01.063Z] [error]: HIDE::404::NotFound::Not found file!::
[2025-05-31T15:06:10.562Z] [error]: HIDE::404::NotFound::Not found file!::
[2025-05-31T15:06:10.580Z] [error]: HIDE::404::NotFound::Not found file!::
[2025-05-31T15:06:10.581Z] [error]: HIDE::404::NotFound::Not found file!::
[2025-05-31T15:20:02.206Z] [error]: HIDE::404::NotFound::Not found file!::
[2025-05-31T15:20:02.262Z] [error]: HIDE::404::NotFound::Not found file!::
[2025-05-31T15:20:09.740Z] [error]: HIDE::404::NotFound::Not found file!::
[2025-05-31T15:20:09.741Z] [error]: HIDE::404::NotFound::Not found file!::
[2025-05-31T15:20:09.947Z] [error]: HIDE::404::NotFound::Not found file!::
[2025-05-31T15:20:12.519Z] [error]: HIDE::404::NotFound::Not found file!::
[2025-05-31T15:20:12.531Z] [error]: HIDE::404::NotFound::Not found file!::
[2025-05-31T15:20:13.056Z] [error]: HIDE::404::NotFound::Not found file!::
[2025-05-31T15:20:13.057Z] [error]: HIDE::404::NotFound::Not found file!::
[2025-05-31T15:20:13.067Z] [error]: HIDE::404::NotFound::Not found file!::
[2025-05-31T15:20:16.935Z] [error]: HIDE::404::NotFound::Not found file!::
[2025-05-31T15:20:16.943Z] [error]: HIDE::404::NotFound::Not found file!::
[2025-05-31T15:20:23.858Z] [error]: HIDE::404::NotFound::Not found file!::
[2025-05-31T15:20:23.865Z] [error]: HIDE::404::NotFound::Not found file!::
[2025-05-31T15:20:23.866Z] [error]: HIDE::404::NotFound::Not found file!::
[2025-05-31T15:20:54.890Z] [error]: HIDE::404::NotFound::Not found file!::
[2025-05-31T15:20:54.905Z] [error]: HIDE::404::NotFound::Not found file!::
[2025-05-31T15:20:54.942Z] [error]: HIDE::404::NotFound::Not found file!::
[2025-05-31T15:20:55.219Z] [error]: HIDE::404::NotFound::Not found file!::
[2025-05-31T15:20:55.283Z] [error]: HIDE::404::NotFound::Not found file!::
[2025-05-31T15:20:59.545Z] [error]: HIDE::404::NotFound::Not found file!::
[2025-05-31T15:20:59.546Z] [error]: HIDE::404::NotFound::Not found file!::
[2025-05-31T15:20:59.757Z] [error]: HIDE::404::NotFound::Not found file!::
[2025-05-31T15:21:01.411Z] [error]: HIDE::404::NotFound::Not found file!::
[2025-05-31T15:21:01.414Z] [error]: HIDE::404::NotFound::Not found file!::
[2025-05-31T15:21:01.592Z] [error]: HIDE::404::NotFound::Not found file!::
[2025-05-31T15:22:17.643Z] [error]: HIDE::404::NotFound::Not found file!::
[2025-05-31T15:22:17.665Z] [error]: HIDE::404::NotFound::Not found file!::
[2025-05-31T15:22:18.314Z] [error]: HIDE::404::NotFound::Not found file!::
[2025-05-31T15:22:18.315Z] [error]: HIDE::404::NotFound::Not found file!::
[2025-05-31T15:22:18.319Z] [error]: HIDE::404::NotFound::Not found file!::
[2025-05-31T15:22:25.135Z] [error]: HIDE::404::NotFound::Not found file!::
[2025-05-31T15:22:25.143Z] [error]: HIDE::404::NotFound::Not found file!::
[2025-05-31T15:22:32.832Z] [error]: HIDE::404::NotFound::Not found file!::
[2025-05-31T15:22:32.834Z] [error]: HIDE::404::NotFound::Not found file!::
[2025-05-31T15:22:32.836Z] [error]: HIDE::404::NotFound::Not found file!::
[2025-05-31T15:54:32.082Z] [error]: HIDE::404::NotFound::Not found file!::
[2025-05-31T15:54:32.083Z] [error]: HIDE::404::NotFound::Not found file!::
[2025-05-31T15:54:32.086Z] [error]: HIDE::404::NotFound::Not found file!::
[2025-05-31T15:59:22.384Z] [error]: HIDE::404::NotFound::Not found file!::
[2025-05-31T15:59:22.385Z] [error]: HIDE::404::NotFound::Not found file!::
[2025-05-31T15:59:22.395Z] [error]: HIDE::404::NotFound::Not found file!::
[2025-05-31T15:59:39.595Z] [error]: HIDE::404::NotFound::Not found file!::
[2025-05-31T15:59:39.599Z] [error]: HIDE::404::NotFound::Not found file!::
[2025-05-31T15:59:39.600Z] [error]: HIDE::404::NotFound::Not found file!::
[2025-05-31T15:59:39.600Z] [error]: HIDE::404::NotFound::Not found file!::
[2025-05-31T15:59:39.611Z] [error]: HIDE::404::NotFound::Not found file!::
[2025-05-31T15:59:39.617Z] [error]: HIDE::404::NotFound::Not found file!::
[2025-05-31T16:07:37.331Z] [error]: HIDE::404::NotFound::Not found file!::
[2025-05-31T16:07:37.337Z] [error]: HIDE::404::NotFound::Not found file!::
[2025-05-31T16:07:37.341Z] [error]: HIDE::404::NotFound::Not found file!::
[2025-05-31T16:07:37.354Z] [error]: HIDE::404::NotFound::Not found file!::
[2025-05-31T16:07:37.360Z] [error]: HIDE::404::NotFound::Not found file!::
[2025-05-31T16:07:37.361Z] [error]: HIDE::404::NotFound::Not found file!::
[2025-05-31T16:13:34.519Z] [error]: HIDE::404::NotFound::Not found file!::
[2025-05-31T16:13:34.520Z] [error]: HIDE::404::NotFound::Not found file!::
[2025-05-31T16:13:34.521Z] [error]: HIDE::404::NotFound::Not found file!::
[2025-05-31T16:13:34.522Z] [error]: HIDE::404::NotFound::Not found file!::
[2025-05-31T16:13:34.523Z] [error]: HIDE::404::NotFound::Not found file!::
[2025-05-31T16:13:34.524Z] [error]: HIDE::404::NotFound::Not found file!::
[2025-05-31T16:14:11.081Z] [error]: HIDE::404::NotFound::Not found file!::
[2025-05-31T16:14:11.100Z] [error]: HIDE::404::NotFound::Not found file!::
[2025-05-31T16:15:23.433Z] [error]: HIDE::409::Conflict::User is exists!::
[2025-05-31T16:16:02.193Z] [error]: HIDE::403::Forbidden::Token is expired or invalid!::
[2025-05-31T16:16:02.328Z] [error]: HIDE::404::NotFound::Not found file!::
[2025-05-31T16:16:02.336Z] [error]: HIDE::404::NotFound::Not found file!::
[2025-05-31T16:17:06.275Z] [error]: HIDE::404::NotFound::Not found file!::
[2025-05-31T16:17:06.278Z] [error]: HIDE::404::NotFound::Not found file!::
[2025-05-31T16:17:29.024Z] [error]: HIDE::404::NotFound::Not found file!::
[2025-05-31T16:17:29.027Z] [error]: HIDE::404::NotFound::Not found file!::
[2025-05-31T16:17:37.629Z] [error]: HIDE::404::NotFound::Not found file!::
[2025-05-31T16:17:39.503Z] [error]: HIDE::404::NotFound::Not found file!::
[2025-05-31T16:17:43.549Z] [error]: HIDE::404::NotFound::Not found file!::
[2025-05-31T16:17:43.572Z] [error]: HIDE::404::NotFound::Not found file!::
[2025-05-31T16:18:04.254Z] [error]: HIDE::403::Forbidden::Token not found!::
[2025-05-31T16:18:19.927Z] [error]: HIDE::404::NotFound::Not found file!::
[2025-05-31T16:50:02.541Z] [error]: HIDE::404::NotFound::Not found file!::
[2025-05-31T16:50:16.788Z] [error]: HIDE::404::NotFound::Not found file!::
[2025-05-31T16:50:16.790Z] [error]: HIDE::404::NotFound::Not found file!::
[2025-05-31T16:50:16.795Z] [error]: HIDE::404::NotFound::Not found file!::
[2025-05-31T16:50:59.998Z] [error]: HIDE::404::NotFound::Not found file!::
[2025-05-31T16:51:02.410Z] [error]: HIDE::404::NotFound::Not found file!::
[2025-05-31T16:51:16.671Z] [error]: HIDE::404::NotFound::Not found file!::
[2025-05-31T16:51:16.672Z] [error]: HIDE::404::NotFound::Not found file!::
[2025-05-31T16:51:16.673Z] [error]: HIDE::404::NotFound::Not found file!::
[2025-05-31T16:59:26.904Z] [error]: HIDE::404::NotFound::Not found file!::
[2025-05-31T16:59:26.937Z] [error]: HIDE::404::NotFound::Not found file!::
[2025-05-31T16:59:26.939Z] [error]: HIDE::404::NotFound::Not found file!::
[2025-05-31T16:59:27.551Z] [error]: HIDE::404::NotFound::Not found file!::
[2025-05-31T16:59:30.261Z] [error]: HIDE::404::NotFound::Not found file!::
[2025-05-31T16:59:41.202Z] [error]: HIDE::404::NotFound::Not found file!::
[2025-05-31T16:59:41.203Z] [error]: HIDE::404::NotFound::Not found file!::
[2025-05-31T16:59:41.206Z] [error]: HIDE::404::NotFound::Not found file!::
[2025-05-31T17:07:13.169Z] [error]: HIDE::404::NotFound::Not found file!::
[2025-05-31T17:07:13.177Z] [error]: HIDE::404::NotFound::Not found file!::
[2025-05-31T17:07:13.180Z] [error]: HIDE::404::NotFound::Not found file!::
[2025-05-31T17:07:29.516Z] [error]: HIDE::404::NotFound::Not found file!::
[2025-05-31T17:07:44.094Z] [error]: HIDE::404::NotFound::Not found file!::
[2025-05-31T17:07:44.095Z] [error]: HIDE::404::NotFound::Not found file!::
[2025-05-31T17:07:44.099Z] [error]: HIDE::404::NotFound::Not found file!::
[2025-05-31T17:21:55.255Z] [error]: HIDE::404::NotFound::Not found file!::
[2025-05-31T17:22:03.329Z] [error]: HIDE::400::BadRequest::No shops found in checkout!::
[2025-05-31T17:22:09.862Z] [error]: HIDE::400::BadRequest::No shops found in checkout!::
[2025-05-31T17:22:16.491Z] [error]: HIDE::400::BadRequest::No shops found in checkout!::
[2025-05-31T17:39:58.617Z] [error]: HIDE::404::NotFound::Not found file!::
[2025-05-31T17:40:04.732Z] [error]: HIDE::404::NotFound::Not found file!::
[2025-05-31T17:41:45.071Z] [error]: HIDE::404::NotFound::No checkout data found!::
[2025-05-31T17:41:48.608Z] [error]: HIDE::404::NotFound::Not found file!::
[2025-05-31T17:41:51.514Z] [error]: HIDE::404::NotFound::Not found file!::
[2025-05-31T17:43:49.163Z] [error]: HIDE::404::NotFound::Not found file!::
[2025-05-31T17:43:49.165Z] [error]: HIDE::404::NotFound::Not found file!::
[2025-05-31T17:43:49.168Z] [error]: HIDE::404::NotFound::Not found file!::
[2025-05-31T17:43:53.530Z] [error]: HIDE::404::NotFound::Not found file!::
[2025-05-31T17:43:53.532Z] [error]: HIDE::404::NotFound::Not found file!::
[2025-05-31T17:43:53.538Z] [error]: HIDE::404::NotFound::Not found file!::
[2025-05-31T18:04:11.874Z] [error]: HIDE::404::NotFound::Not found file!::
[2025-05-31T18:04:27.594Z] [error]: HIDE::400::ValidationError::Payment validation failed: order_id: Path `order_id` is required., txn_ref: Path `txn_ref` is required.::
[2025-05-31T18:06:31.317Z] [error]: HIDE::400::ValidationError::Payment validation failed: order_id: Path `order_id` is required.::
[2025-05-31T18:06:38.618Z] [error]: HIDE::400::ValidationError::Payment validation failed: order_id: Path `order_id` is required.::
[2025-05-31T18:06:45.261Z] [error]: HIDE::404::NotFound::Not found file!::
[2025-05-31T18:06:58.408Z] [error]: HIDE::400::ValidationError::Payment validation failed: order_id: Path `order_id` is required.::
[2025-05-31T18:12:58.181Z] [error]: HIDE::404::NotFound::Not found file!::
[2025-05-31T18:12:58.224Z] [error]: HIDE::404::NotFound::Not found file!::
[2025-05-31T18:12:58.226Z] [error]: HIDE::404::NotFound::Not found file!::
[2025-05-31T18:13:00.948Z] [error]: HIDE::404::NotFound::Not found file!::
[2025-05-31T18:13:04.756Z] [error]: HIDE::404::NotFound::Not found file!::
[2025-05-31T18:38:17.969Z] [error]: HIDE::404::NotFound::Not found file!::
[2025-05-31T18:38:17.973Z] [error]: HIDE::404::NotFound::Not found file!::
[2025-05-31T18:38:17.993Z] [error]: HIDE::404::NotFound::Not found file!::
[2025-05-31T18:38:24.863Z] [error]: HIDE::404::NotFound::Not found file!::
[2025-05-31T18:38:34.702Z] [error]: HIDE::404::NotFound::Not found file!::
[2025-05-31T18:39:23.238Z] [error]: HIDE::404::NotFound::Not found file!::
[2025-05-31T18:39:38.064Z] [error]: HIDE::404::NotFound::Not found file!::
[2025-05-31T18:40:44.648Z] [error]: HIDE::404::NotFound::Not found file!::
[2025-05-31T18:40:50.757Z] [error]: HIDE::404::NotFound::Not found file!::
[2025-05-31T18:46:46.217Z] [error]: HIDE::404::NotFound::Not found file!::
[2025-05-31T18:58:28.373Z] [error]: Redis error: Error: Socket closed unexpectedly
[2025-05-31T19:01:15.297Z] [error]: HIDE::404::NotFound::Not found file!::
[2025-05-31T19:01:20.414Z] [error]: HIDE::404::NotFound::Not found file!::
[2025-05-31T19:02:24.217Z] [error]: HIDE::404::NotFound::Not found file!::
[2025-05-31T19:02:40.061Z] [error]: HIDE::404::NotFound::Not found file!::
[2025-05-31T19:08:11.374Z] [error]: HIDE::404::NotFound::Not found file!::
[2025-05-31T19:08:22.956Z] [error]: HIDE::404::NotFound::Not found file!::
[2025-05-31T19:08:22.958Z] [error]: HIDE::404::NotFound::Not found file!::
[2025-05-31T19:08:22.993Z] [error]: HIDE::404::NotFound::Not found file!::
[2025-05-31T20:01:14.050Z] [error]: HIDE::404::NotFound::Not found file!::
[2025-05-31T20:02:18.680Z] [error]: HIDE::404::NotFound::Not found file!::
[2025-05-31T20:02:32.165Z] [error]: HIDE::404::NotFound::Not found file!::
[2025-05-31T20:13:00.717Z] [error]: HIDE::403::Forbidden::Token is expired or invalid!::
[2025-05-31T20:13:01.066Z] [error]: HIDE::403::Forbidden::Token is expired or invalid!::
[2025-05-31T20:15:18.083Z] [error]: HIDE::403::Forbidden::Token not found!::
[2025-05-31T20:15:20.714Z] [error]: HIDE::403::Forbidden::Token not found!::
[2025-05-31T20:15:21.323Z] [error]: HIDE::403::Forbidden::Token not found!::
[2025-05-31T20:15:22.102Z] [error]: HIDE::403::Forbidden::Token not found!::
[2025-05-31T20:15:22.956Z] [error]: HIDE::403::Forbidden::Token not found!::
[2025-05-31T20:15:27.233Z] [error]: HIDE::403::Forbidden::Token not found!::
[2025-05-31T20:15:36.634Z] [error]: HIDE::403::Forbidden::Token not found!::
[2025-05-31T20:15:44.757Z] [error]: HIDE::403::Forbidden::Token not found!::
[2025-05-31T20:15:44.765Z] [error]: HIDE::403::Forbidden::Token not found!::
[2025-05-31T20:16:07.267Z] [error]: HIDE::404::NotFound::Not found file!::
[2025-05-31T20:16:15.812Z] [error]: HIDE::404::NotFound::Not found file!::
[2025-05-31T20:17:11.459Z] [error]: HIDE::404::NotFound::Not found file!::
[2025-05-31T20:17:26.337Z] [error]: HIDE::404::NotFound::Not found file!::
[2025-05-31T20:18:04.806Z] [error]: HIDE::403::Forbidden::Token is expired or invalid!::
[2025-05-31T20:18:04.892Z] [error]: HIDE::403::Forbidden::Token is expired or invalid!::
[2025-05-31T20:18:04.990Z] [error]: HIDE::403::Forbidden::Token is expired or invalid!::
[2025-05-31T20:18:05.053Z] [error]: HIDE::403::Forbidden::Token is expired or invalid!::
[2025-05-31T20:18:13.714Z] [error]: HIDE::404::NotFound::Not found file!::
[2025-05-31T20:25:51.676Z] [error]: HIDE::403::Forbidden::Token is expired or invalid!::
[2025-05-31T20:25:51.805Z] [error]: HIDE::403::Forbidden::Token is expired or invalid!::
[2025-05-31T20:26:10.327Z] [error]: HIDE::403::Forbidden::Token is expired or invalid!::
[2025-05-31T20:26:37.811Z] [error]: HIDE::404::NotFound::Not found file!::
[2025-05-31T20:31:22.983Z] [error]: HIDE::404::NotFound::Not found file!::
[2025-05-31T20:43:14.067Z] [error]: HIDE::404::NotFound::Not found file!::
[2025-05-31T20:43:19.757Z] [error]: HIDE::404::NotFound::Not found file!::
[2025-05-31T20:43:34.965Z] [error]: HIDE::404::NotFound::Not found file!::
[2025-05-31T20:44:20.039Z] [error]: HIDE::404::NotFound::Not found file!::
[2025-05-31T20:45:30.858Z] [error]: HIDE::404::NotFound::Not found file!::
[2025-05-31T20:48:20.571Z] [error]: HIDE::404::NotFound::Not found file!::
[2025-05-31T20:48:26.523Z] [error]: HIDE::404::NotFound::Not found file!::
[2025-05-31T21:11:11.330Z] [error]: HIDE::404::NotFound::Not found file!::
[2025-05-31T21:11:12.616Z] [error]: HIDE::404::NotFound::Not found file!::
[2025-05-31T21:11:55.751Z] [error]: HIDE::404::NotFound::Not found file!::
[2025-05-31T21:12:00.652Z] [error]: HIDE::404::NotFound::Not found file!::
[2025-05-31T21:12:34.160Z] [error]: HIDE::404::NotFound::Not found file!::
[2025-05-31T21:15:36.987Z] [error]: HIDE::404::NotFound::Not found file!::
[2025-05-31T21:15:40.687Z] [error]: HIDE::404::NotFound::Not found file!::
