[2025-05-31T02:34:06.411Z] [info]: Cleanup key token: 3 key token cleaned
[2025-05-31T02:34:06.440Z] [info]: Cleanup key token: 0 refresh token used cleaned
[2025-05-31T02:35:01.252Z] [info]: Cleanup key token: 3 key token cleaned
[2025-05-31T02:35:01.252Z] [info]: Cleanup key token: 0 refresh token used cleaned
[2025-05-31T02:36:00.013Z] [info]: Cleanup key token: 3 key token cleaned
[2025-05-31T02:36:00.013Z] [info]: Cleanup key token: 0 refresh token used cleaned
[2025-05-31T02:37:00.023Z] [info]: Cleanup key token: 3 key token cleaned
[2025-05-31T02:37:00.024Z] [info]: Cleanup key token: 0 refresh token used cleaned
[2025-05-31T02:37:01.256Z] [info]: Server closed
[2025-05-31T02:38:00.086Z] [info]: Cleanup key token: 3 key token cleaned
[2025-05-31T02:38:00.087Z] [info]: Cleanup key token: 0 refresh token used cleaned
[2025-05-31T02:39:00.025Z] [info]: Cleanup key token: 3 key token cleaned
[2025-05-31T02:39:00.026Z] [info]: Cleanup key token: 0 refresh token used cleaned
[2025-05-31T02:40:00.020Z] [info]: Cleanup key token: 3 key token cleaned
[2025-05-31T02:40:00.020Z] [info]: Cleanup key token: 0 refresh token used cleaned
[2025-05-31T02:41:00.030Z] [info]: Cleanup key token: 3 key token cleaned
[2025-05-31T02:41:00.031Z] [info]: Cleanup key token: 0 refresh token used cleaned
[2025-05-31T02:42:00.035Z] [info]: Cleanup key token: 3 key token cleaned
[2025-05-31T02:42:00.035Z] [info]: Cleanup key token: 0 refresh token used cleaned
[2025-05-31T02:43:00.015Z] [info]: Cleanup key token: 3 key token cleaned
[2025-05-31T02:43:00.016Z] [info]: Cleanup key token: 0 refresh token used cleaned
[2025-05-31T02:44:00.012Z] [info]: Cleanup key token: 3 key token cleaned
[2025-05-31T02:44:00.013Z] [info]: Cleanup key token: 0 refresh token used cleaned
[2025-05-31T02:45:00.011Z] [info]: Cleanup key token: 3 key token cleaned
[2025-05-31T02:45:00.011Z] [info]: Cleanup key token: 0 refresh token used cleaned
[2025-05-31T02:46:00.032Z] [info]: Cleanup key token: 3 key token cleaned
[2025-05-31T02:46:00.033Z] [info]: Cleanup key token: 0 refresh token used cleaned
[2025-05-31T02:47:00.016Z] [info]: Cleanup key token: 3 key token cleaned
[2025-05-31T02:47:00.018Z] [info]: Cleanup key token: 0 refresh token used cleaned
[2025-05-31T02:48:00.017Z] [info]: Cleanup key token: 3 key token cleaned
[2025-05-31T02:48:00.019Z] [info]: Cleanup key token: 0 refresh token used cleaned
[2025-05-31T02:49:00.024Z] [info]: Cleanup key token: 3 key token cleaned
[2025-05-31T02:49:00.025Z] [info]: Cleanup key token: 0 refresh token used cleaned
[2025-05-31T02:50:00.015Z] [info]: Cleanup key token: 3 key token cleaned
[2025-05-31T02:50:00.016Z] [info]: Cleanup key token: 0 refresh token used cleaned
[2025-05-31T02:51:00.049Z] [info]: Cleanup key token: 3 key token cleaned
[2025-05-31T02:51:00.050Z] [info]: Cleanup key token: 0 refresh token used cleaned
[2025-05-31T02:52:00.036Z] [info]: Cleanup key token: 3 key token cleaned
[2025-05-31T02:52:00.050Z] [info]: Cleanup key token: 0 refresh token used cleaned
[2025-05-31T02:53:00.014Z] [info]: Cleanup key token: 3 key token cleaned
[2025-05-31T02:53:00.015Z] [info]: Cleanup key token: 0 refresh token used cleaned
[2025-05-31T02:54:00.022Z] [info]: Cleanup key token: 3 key token cleaned
[2025-05-31T02:54:00.023Z] [info]: Cleanup key token: 0 refresh token used cleaned
[2025-05-31T02:55:00.041Z] [info]: Cleanup key token: 3 key token cleaned
[2025-05-31T02:55:00.042Z] [info]: Cleanup key token: 0 refresh token used cleaned
[2025-05-31T02:56:00.011Z] [info]: Cleanup key token: 3 key token cleaned
[2025-05-31T02:56:00.011Z] [info]: Cleanup key token: 0 refresh token used cleaned
[2025-05-31T02:57:00.016Z] [info]: Cleanup key token: 3 key token cleaned
[2025-05-31T02:57:00.016Z] [info]: Cleanup key token: 0 refresh token used cleaned
[2025-05-31T02:58:00.018Z] [info]: Cleanup key token: 3 key token cleaned
[2025-05-31T02:58:00.019Z] [info]: Cleanup key token: 0 refresh token used cleaned
[2025-05-31T02:59:00.019Z] [info]: Cleanup key token: 3 key token cleaned
[2025-05-31T02:59:00.020Z] [info]: Cleanup key token: 0 refresh token used cleaned
[2025-05-31T03:00:00.043Z] [info]: Cleanup key token: 3 key token cleaned
[2025-05-31T03:00:00.044Z] [info]: Cleanup key token: 0 refresh token used cleaned
[2025-05-31T03:01:00.022Z] [info]: Cleanup key token: 3 key token cleaned
[2025-05-31T03:01:00.022Z] [info]: Cleanup key token: 0 refresh token used cleaned
[2025-05-31T03:02:00.012Z] [info]: Cleanup key token: 3 key token cleaned
[2025-05-31T03:02:00.012Z] [info]: Cleanup key token: 0 refresh token used cleaned
[2025-05-31T03:03:00.017Z] [info]: Cleanup key token: 3 key token cleaned
[2025-05-31T03:03:00.019Z] [info]: Cleanup key token: 0 refresh token used cleaned
[2025-05-31T03:04:00.027Z] [info]: Cleanup key token: 3 key token cleaned
[2025-05-31T03:04:00.028Z] [info]: Cleanup key token: 0 refresh token used cleaned
[2025-05-31T03:05:00.019Z] [info]: Cleanup key token: 3 key token cleaned
[2025-05-31T03:05:00.020Z] [info]: Cleanup key token: 0 refresh token used cleaned
[2025-05-31T03:06:00.013Z] [info]: Cleanup key token: 3 key token cleaned
[2025-05-31T03:06:00.015Z] [info]: Cleanup key token: 0 refresh token used cleaned
[2025-05-31T03:07:00.024Z] [info]: Cleanup key token: 3 key token cleaned
[2025-05-31T03:07:00.026Z] [info]: Cleanup key token: 0 refresh token used cleaned
[2025-05-31T03:08:00.011Z] [info]: Cleanup key token: 3 key token cleaned
[2025-05-31T03:08:00.012Z] [info]: Cleanup key token: 0 refresh token used cleaned
[2025-05-31T03:09:00.009Z] [info]: Cleanup key token: 3 key token cleaned
[2025-05-31T03:09:00.010Z] [info]: Cleanup key token: 0 refresh token used cleaned
[2025-05-31T03:10:00.019Z] [info]: Cleanup key token: 3 key token cleaned
[2025-05-31T03:10:00.021Z] [info]: Cleanup key token: 0 refresh token used cleaned
[2025-05-31T03:11:00.011Z] [info]: Cleanup key token: 3 key token cleaned
[2025-05-31T03:11:00.011Z] [info]: Cleanup key token: 0 refresh token used cleaned
[2025-05-31T03:12:00.022Z] [info]: Cleanup key token: 3 key token cleaned
[2025-05-31T03:12:00.023Z] [info]: Cleanup key token: 0 refresh token used cleaned
[2025-05-31T03:13:00.012Z] [info]: Cleanup key token: 3 key token cleaned
[2025-05-31T03:13:00.013Z] [info]: Cleanup key token: 0 refresh token used cleaned
[2025-05-31T03:14:00.065Z] [info]: Cleanup key token: 3 key token cleaned
[2025-05-31T03:14:00.069Z] [info]: Cleanup key token: 0 refresh token used cleaned
[2025-05-31T03:15:00.010Z] [info]: Cleanup key token: 3 key token cleaned
[2025-05-31T03:15:00.011Z] [info]: Cleanup key token: 0 refresh token used cleaned
[2025-05-31T03:16:00.027Z] [info]: Cleanup key token: 3 key token cleaned
[2025-05-31T03:16:00.028Z] [info]: Cleanup key token: 0 refresh token used cleaned
[2025-05-31T03:17:00.010Z] [info]: Cleanup key token: 3 key token cleaned
[2025-05-31T03:17:00.011Z] [info]: Cleanup key token: 0 refresh token used cleaned
[2025-05-31T03:18:00.011Z] [info]: Cleanup key token: 3 key token cleaned
[2025-05-31T03:18:00.011Z] [info]: Cleanup key token: 0 refresh token used cleaned
[2025-05-31T03:19:00.071Z] [info]: Cleanup key token: 3 key token cleaned
[2025-05-31T03:19:00.072Z] [info]: Cleanup key token: 0 refresh token used cleaned
[2025-05-31T03:20:00.056Z] [info]: Cleanup key token: 3 key token cleaned
[2025-05-31T03:20:00.057Z] [info]: Cleanup key token: 0 refresh token used cleaned
[2025-05-31T03:21:00.020Z] [info]: Cleanup key token: 3 key token cleaned
[2025-05-31T03:21:00.021Z] [info]: Cleanup key token: 0 refresh token used cleaned
[2025-05-31T03:22:00.101Z] [info]: Cleanup key token: 3 key token cleaned
[2025-05-31T03:22:00.102Z] [info]: Cleanup key token: 0 refresh token used cleaned
[2025-05-31T03:23:00.106Z] [info]: Cleanup key token: 3 key token cleaned
[2025-05-31T03:23:00.107Z] [info]: Cleanup key token: 0 refresh token used cleaned
[2025-05-31T03:24:00.024Z] [info]: Cleanup key token: 3 key token cleaned
[2025-05-31T03:24:00.025Z] [info]: Cleanup key token: 0 refresh token used cleaned
[2025-05-31T03:25:00.025Z] [info]: Cleanup key token: 3 key token cleaned
[2025-05-31T03:25:00.026Z] [info]: Cleanup key token: 0 refresh token used cleaned
[2025-05-31T03:26:00.028Z] [info]: Cleanup key token: 3 key token cleaned
[2025-05-31T03:26:00.030Z] [info]: Cleanup key token: 0 refresh token used cleaned
[2025-05-31T03:27:00.015Z] [info]: Cleanup key token: 3 key token cleaned
[2025-05-31T03:27:00.016Z] [info]: Cleanup key token: 0 refresh token used cleaned
[2025-05-31T03:28:00.016Z] [info]: Cleanup key token: 3 key token cleaned
[2025-05-31T03:28:00.018Z] [info]: Cleanup key token: 0 refresh token used cleaned
[2025-05-31T03:29:00.045Z] [info]: Cleanup key token: 3 key token cleaned
[2025-05-31T03:29:00.047Z] [info]: Cleanup key token: 0 refresh token used cleaned
[2025-05-31T03:30:00.022Z] [info]: Cleanup key token: 3 key token cleaned
[2025-05-31T03:30:00.023Z] [info]: Cleanup key token: 0 refresh token used cleaned
[2025-05-31T03:31:00.029Z] [info]: Cleanup key token: 3 key token cleaned
[2025-05-31T03:31:00.030Z] [info]: Cleanup key token: 0 refresh token used cleaned
[2025-05-31T03:32:00.019Z] [info]: Cleanup key token: 3 key token cleaned
[2025-05-31T03:32:00.020Z] [info]: Cleanup key token: 0 refresh token used cleaned
[2025-05-31T03:33:00.027Z] [info]: Cleanup key token: 3 key token cleaned
[2025-05-31T03:33:00.028Z] [info]: Cleanup key token: 0 refresh token used cleaned
[2025-05-31T03:34:00.049Z] [info]: Cleanup key token: 3 key token cleaned
[2025-05-31T03:34:00.050Z] [info]: Cleanup key token: 0 refresh token used cleaned
[2025-05-31T03:35:00.055Z] [info]: Cleanup key token: 3 key token cleaned
[2025-05-31T03:35:00.056Z] [info]: Cleanup key token: 0 refresh token used cleaned
[2025-05-31T03:37:00.078Z] [info]: Cleanup key token: 3 key token cleaned
[2025-05-31T03:37:00.080Z] [info]: Cleanup key token: 0 refresh token used cleaned
[2025-05-31T03:38:00.047Z] [info]: Cleanup key token: 3 key token cleaned
[2025-05-31T03:38:00.048Z] [info]: Cleanup key token: 0 refresh token used cleaned
[2025-05-31T03:39:00.049Z] [info]: Cleanup key token: 3 key token cleaned
[2025-05-31T03:39:00.049Z] [info]: Cleanup key token: 0 refresh token used cleaned
[2025-05-31T03:40:00.041Z] [info]: Cleanup key token: 3 key token cleaned
[2025-05-31T03:40:00.043Z] [info]: Cleanup key token: 0 refresh token used cleaned
[2025-05-31T03:41:00.034Z] [info]: Cleanup key token: 3 key token cleaned
[2025-05-31T03:41:00.034Z] [info]: Cleanup key token: 0 refresh token used cleaned
[2025-05-31T03:42:00.018Z] [info]: Cleanup key token: 3 key token cleaned
[2025-05-31T03:42:00.018Z] [info]: Cleanup key token: 0 refresh token used cleaned
[2025-05-31T03:43:00.013Z] [info]: Cleanup key token: 3 key token cleaned
[2025-05-31T03:43:00.013Z] [info]: Cleanup key token: 0 refresh token used cleaned
[2025-05-31T03:44:00.022Z] [info]: Cleanup key token: 3 key token cleaned
[2025-05-31T03:44:00.023Z] [info]: Cleanup key token: 0 refresh token used cleaned
[2025-05-31T03:45:00.012Z] [info]: Cleanup key token: 3 key token cleaned
[2025-05-31T03:45:00.013Z] [info]: Cleanup key token: 0 refresh token used cleaned
[2025-05-31T03:46:00.014Z] [info]: Cleanup key token: 3 key token cleaned
[2025-05-31T03:46:00.015Z] [info]: Cleanup key token: 0 refresh token used cleaned
[2025-05-31T03:47:00.056Z] [info]: Cleanup key token: 3 key token cleaned
[2025-05-31T03:47:00.057Z] [info]: Cleanup key token: 0 refresh token used cleaned
[2025-05-31T03:48:00.058Z] [info]: Cleanup key token: 3 key token cleaned
[2025-05-31T03:48:00.058Z] [info]: Cleanup key token: 0 refresh token used cleaned
[2025-05-31T03:49:00.067Z] [info]: Cleanup key token: 3 key token cleaned
[2025-05-31T03:49:00.068Z] [info]: Cleanup key token: 0 refresh token used cleaned
[2025-05-31T03:50:00.053Z] [info]: Cleanup key token: 3 key token cleaned
[2025-05-31T03:50:00.054Z] [info]: Cleanup key token: 0 refresh token used cleaned
[2025-05-31T03:51:00.035Z] [info]: Cleanup key token: 3 key token cleaned
[2025-05-31T03:51:00.036Z] [info]: Cleanup key token: 0 refresh token used cleaned
[2025-05-31T03:52:00.013Z] [info]: Cleanup key token: 3 key token cleaned
[2025-05-31T03:52:00.014Z] [info]: Cleanup key token: 0 refresh token used cleaned
[2025-05-31T03:53:00.033Z] [info]: Cleanup key token: 3 key token cleaned
[2025-05-31T03:53:00.034Z] [info]: Cleanup key token: 0 refresh token used cleaned
[2025-05-31T03:54:00.019Z] [info]: Cleanup key token: 3 key token cleaned
[2025-05-31T03:54:00.020Z] [info]: Cleanup key token: 0 refresh token used cleaned
[2025-05-31T03:55:00.021Z] [info]: Cleanup key token: 3 key token cleaned
[2025-05-31T03:55:00.022Z] [info]: Cleanup key token: 0 refresh token used cleaned
[2025-05-31T03:56:00.028Z] [info]: Cleanup key token: 3 key token cleaned
[2025-05-31T03:56:00.029Z] [info]: Cleanup key token: 0 refresh token used cleaned
[2025-05-31T03:57:00.012Z] [info]: Cleanup key token: 3 key token cleaned
[2025-05-31T03:57:00.012Z] [info]: Cleanup key token: 0 refresh token used cleaned
[2025-05-31T03:58:00.018Z] [info]: Cleanup key token: 3 key token cleaned
[2025-05-31T03:58:00.018Z] [info]: Cleanup key token: 0 refresh token used cleaned
[2025-05-31T03:59:00.017Z] [info]: Cleanup key token: 3 key token cleaned
[2025-05-31T03:59:00.018Z] [info]: Cleanup key token: 0 refresh token used cleaned
[2025-05-31T04:00:00.027Z] [info]: Cleanup key token: 3 key token cleaned
[2025-05-31T04:00:00.027Z] [info]: Cleanup key token: 0 refresh token used cleaned
[2025-05-31T04:01:00.015Z] [info]: Cleanup key token: 3 key token cleaned
[2025-05-31T04:01:00.016Z] [info]: Cleanup key token: 0 refresh token used cleaned
[2025-05-31T04:02:00.022Z] [info]: Cleanup key token: 3 key token cleaned
[2025-05-31T04:02:00.023Z] [info]: Cleanup key token: 0 refresh token used cleaned
[2025-05-31T04:03:00.027Z] [info]: Cleanup key token: 3 key token cleaned
[2025-05-31T04:03:00.028Z] [info]: Cleanup key token: 0 refresh token used cleaned
[2025-05-31T04:04:00.020Z] [info]: Cleanup key token: 4 key token cleaned
[2025-05-31T04:04:00.021Z] [info]: Cleanup key token: 0 refresh token used cleaned
[2025-05-31T04:05:00.015Z] [info]: Cleanup key token: 4 key token cleaned
[2025-05-31T04:05:00.015Z] [info]: Cleanup key token: 0 refresh token used cleaned
[2025-05-31T04:06:00.022Z] [info]: Cleanup key token: 4 key token cleaned
[2025-05-31T04:06:00.023Z] [info]: Cleanup key token: 0 refresh token used cleaned
[2025-05-31T04:07:00.021Z] [info]: Cleanup key token: 4 key token cleaned
[2025-05-31T04:07:00.021Z] [info]: Cleanup key token: 0 refresh token used cleaned
[2025-05-31T04:08:00.038Z] [info]: Cleanup key token: 4 key token cleaned
[2025-05-31T04:08:00.040Z] [info]: Cleanup key token: 0 refresh token used cleaned
[2025-05-31T04:09:00.019Z] [info]: Cleanup key token: 4 key token cleaned
[2025-05-31T04:09:00.020Z] [info]: Cleanup key token: 0 refresh token used cleaned
[2025-05-31T04:10:00.012Z] [info]: Cleanup key token: 4 key token cleaned
[2025-05-31T04:10:00.013Z] [info]: Cleanup key token: 0 refresh token used cleaned
[2025-05-31T04:11:00.045Z] [info]: Cleanup key token: 4 key token cleaned
[2025-05-31T04:11:00.048Z] [info]: Cleanup key token: 0 refresh token used cleaned
[2025-05-31T04:12:00.023Z] [info]: Cleanup key token: 4 key token cleaned
[2025-05-31T04:12:00.024Z] [info]: Cleanup key token: 0 refresh token used cleaned
[2025-05-31T04:13:00.075Z] [info]: Cleanup key token: 4 key token cleaned
[2025-05-31T04:13:00.076Z] [info]: Cleanup key token: 0 refresh token used cleaned
[2025-05-31T04:14:00.268Z] [info]: Cleanup key token: 4 key token cleaned
[2025-05-31T04:14:00.273Z] [info]: Cleanup key token: 0 refresh token used cleaned
[2025-05-31T04:15:00.078Z] [info]: Cleanup key token: 4 key token cleaned
[2025-05-31T04:15:00.079Z] [info]: Cleanup key token: 0 refresh token used cleaned
[2025-05-31T04:16:00.034Z] [info]: Cleanup key token: 4 key token cleaned
[2025-05-31T04:16:00.035Z] [info]: Cleanup key token: 0 refresh token used cleaned
[2025-05-31T04:17:00.086Z] [info]: Cleanup key token: 4 key token cleaned
[2025-05-31T04:17:00.087Z] [info]: Cleanup key token: 0 refresh token used cleaned
[2025-05-31T04:18:00.075Z] [info]: Cleanup key token: 4 key token cleaned
[2025-05-31T04:18:00.077Z] [info]: Cleanup key token: 0 refresh token used cleaned
[2025-05-31T04:19:00.030Z] [info]: Cleanup key token: 4 key token cleaned
[2025-05-31T04:19:00.032Z] [info]: Cleanup key token: 0 refresh token used cleaned
[2025-05-31T04:20:00.041Z] [info]: Cleanup key token: 4 key token cleaned
[2025-05-31T04:20:00.042Z] [info]: Cleanup key token: 0 refresh token used cleaned
[2025-05-31T04:21:00.105Z] [info]: Cleanup key token: 4 key token cleaned
[2025-05-31T04:21:00.106Z] [info]: Cleanup key token: 0 refresh token used cleaned
[2025-05-31T04:22:00.037Z] [info]: Cleanup key token: 4 key token cleaned
[2025-05-31T04:22:00.039Z] [info]: Cleanup key token: 0 refresh token used cleaned
[2025-05-31T04:23:00.032Z] [info]: Cleanup key token: 4 key token cleaned
[2025-05-31T04:23:00.032Z] [info]: Cleanup key token: 0 refresh token used cleaned
[2025-05-31T04:24:00.028Z] [info]: Cleanup key token: 4 key token cleaned
[2025-05-31T04:24:00.029Z] [info]: Cleanup key token: 0 refresh token used cleaned
[2025-05-31T04:25:00.036Z] [info]: Cleanup key token: 4 key token cleaned
[2025-05-31T04:25:00.036Z] [info]: Cleanup key token: 0 refresh token used cleaned
[2025-05-31T04:26:00.098Z] [info]: Cleanup key token: 4 key token cleaned
[2025-05-31T04:26:00.100Z] [info]: Cleanup key token: 0 refresh token used cleaned
[2025-05-31T04:27:00.038Z] [info]: Cleanup key token: 4 key token cleaned
[2025-05-31T04:27:00.039Z] [info]: Cleanup key token: 0 refresh token used cleaned
[2025-05-31T04:28:00.030Z] [info]: Cleanup key token: 4 key token cleaned
[2025-05-31T04:28:00.031Z] [info]: Cleanup key token: 0 refresh token used cleaned
[2025-05-31T04:29:00.035Z] [info]: Cleanup key token: 4 key token cleaned
[2025-05-31T04:29:00.036Z] [info]: Cleanup key token: 0 refresh token used cleaned
[2025-05-31T04:30:00.057Z] [info]: Cleanup key token: 4 key token cleaned
[2025-05-31T04:30:00.059Z] [info]: Cleanup key token: 0 refresh token used cleaned
[2025-05-31T04:31:00.018Z] [info]: Cleanup key token: 4 key token cleaned
[2025-05-31T04:31:00.019Z] [info]: Cleanup key token: 0 refresh token used cleaned
[2025-05-31T04:32:00.027Z] [info]: Cleanup key token: 4 key token cleaned
[2025-05-31T04:32:00.028Z] [info]: Cleanup key token: 0 refresh token used cleaned
[2025-05-31T04:33:00.036Z] [info]: Cleanup key token: 4 key token cleaned
[2025-05-31T04:33:00.037Z] [info]: Cleanup key token: 0 refresh token used cleaned
[2025-05-31T04:34:00.052Z] [info]: Cleanup key token: 4 key token cleaned
[2025-05-31T04:34:00.055Z] [info]: Cleanup key token: 0 refresh token used cleaned
[2025-05-31T04:35:00.121Z] [info]: Cleanup key token: 4 key token cleaned
[2025-05-31T04:35:00.123Z] [info]: Cleanup key token: 0 refresh token used cleaned
[2025-05-31T04:36:00.052Z] [info]: Cleanup key token: 4 key token cleaned
[2025-05-31T04:36:00.053Z] [info]: Cleanup key token: 0 refresh token used cleaned
[2025-05-31T04:37:00.080Z] [info]: Cleanup key token: 4 key token cleaned
[2025-05-31T04:37:00.084Z] [info]: Cleanup key token: 0 refresh token used cleaned
[2025-05-31T04:38:00.136Z] [info]: Cleanup key token: 4 key token cleaned
[2025-05-31T04:38:00.138Z] [info]: Cleanup key token: 0 refresh token used cleaned
[2025-05-31T04:39:00.024Z] [info]: Cleanup key token: 4 key token cleaned
[2025-05-31T04:39:00.024Z] [info]: Cleanup key token: 0 refresh token used cleaned
[2025-05-31T04:40:00.069Z] [info]: Cleanup key token: 4 key token cleaned
[2025-05-31T04:40:00.070Z] [info]: Cleanup key token: 0 refresh token used cleaned
[2025-05-31T04:41:00.066Z] [info]: Cleanup key token: 4 key token cleaned
[2025-05-31T04:41:00.069Z] [info]: Cleanup key token: 0 refresh token used cleaned
[2025-05-31T04:42:00.042Z] [info]: Cleanup key token: 4 key token cleaned
[2025-05-31T04:42:00.044Z] [info]: Cleanup key token: 0 refresh token used cleaned
[2025-05-31T04:43:00.081Z] [info]: Cleanup key token: 4 key token cleaned
[2025-05-31T04:43:00.083Z] [info]: Cleanup key token: 0 refresh token used cleaned
[2025-05-31T04:44:00.025Z] [info]: Cleanup key token: 4 key token cleaned
[2025-05-31T04:44:00.025Z] [info]: Cleanup key token: 0 refresh token used cleaned
[2025-05-31T04:45:00.021Z] [info]: Cleanup key token: 4 key token cleaned
[2025-05-31T04:45:00.022Z] [info]: Cleanup key token: 0 refresh token used cleaned
[2025-05-31T04:46:00.053Z] [info]: Cleanup key token: 4 key token cleaned
[2025-05-31T04:46:00.055Z] [info]: Cleanup key token: 0 refresh token used cleaned
[2025-05-31T04:47:00.098Z] [info]: Cleanup key token: 4 key token cleaned
[2025-05-31T04:47:00.099Z] [info]: Cleanup key token: 0 refresh token used cleaned
[2025-05-31T04:48:00.037Z] [info]: Cleanup key token: 4 key token cleaned
[2025-05-31T04:48:00.039Z] [info]: Cleanup key token: 0 refresh token used cleaned
[2025-05-31T04:49:00.047Z] [info]: Cleanup key token: 4 key token cleaned
[2025-05-31T04:49:00.049Z] [info]: Cleanup key token: 0 refresh token used cleaned
[2025-05-31T04:50:00.041Z] [info]: Cleanup key token: 4 key token cleaned
[2025-05-31T04:50:00.042Z] [info]: Cleanup key token: 0 refresh token used cleaned
[2025-05-31T04:51:00.034Z] [info]: Cleanup key token: 4 key token cleaned
[2025-05-31T04:51:00.034Z] [info]: Cleanup key token: 0 refresh token used cleaned
[2025-05-31T04:52:00.026Z] [info]: Cleanup key token: 4 key token cleaned
[2025-05-31T04:52:00.027Z] [info]: Cleanup key token: 0 refresh token used cleaned
[2025-05-31T04:53:00.036Z] [info]: Cleanup key token: 4 key token cleaned
[2025-05-31T04:53:00.038Z] [info]: Cleanup key token: 0 refresh token used cleaned
[2025-05-31T04:54:00.023Z] [info]: Cleanup key token: 4 key token cleaned
[2025-05-31T04:54:00.025Z] [info]: Cleanup key token: 0 refresh token used cleaned
[2025-05-31T04:55:00.046Z] [info]: Cleanup key token: 4 key token cleaned
[2025-05-31T04:55:00.046Z] [info]: Cleanup key token: 0 refresh token used cleaned
[2025-05-31T04:56:00.059Z] [info]: Cleanup key token: 4 key token cleaned
[2025-05-31T04:56:00.060Z] [info]: Cleanup key token: 0 refresh token used cleaned
[2025-05-31T04:57:00.015Z] [info]: Cleanup key token: 4 key token cleaned
[2025-05-31T04:57:00.015Z] [info]: Cleanup key token: 0 refresh token used cleaned
[2025-05-31T04:58:00.033Z] [info]: Cleanup key token: 4 key token cleaned
[2025-05-31T04:58:00.033Z] [info]: Cleanup key token: 0 refresh token used cleaned
[2025-05-31T04:59:00.033Z] [info]: Cleanup key token: 4 key token cleaned
[2025-05-31T04:59:00.034Z] [info]: Cleanup key token: 0 refresh token used cleaned
[2025-05-31T05:00:00.027Z] [info]: Cleanup key token: 4 key token cleaned
[2025-05-31T05:00:00.028Z] [info]: Cleanup key token: 0 refresh token used cleaned
[2025-05-31T05:01:00.080Z] [info]: Cleanup key token: 4 key token cleaned
[2025-05-31T05:01:00.085Z] [info]: Cleanup key token: 0 refresh token used cleaned
[2025-05-31T05:02:00.046Z] [info]: Cleanup key token: 4 key token cleaned
[2025-05-31T05:02:00.048Z] [info]: Cleanup key token: 0 refresh token used cleaned
[2025-05-31T05:03:00.016Z] [info]: Cleanup key token: 4 key token cleaned
[2025-05-31T05:03:00.017Z] [info]: Cleanup key token: 0 refresh token used cleaned
[2025-05-31T05:04:00.060Z] [info]: Cleanup key token: 4 key token cleaned
[2025-05-31T05:04:00.061Z] [info]: Cleanup key token: 0 refresh token used cleaned
[2025-05-31T05:05:00.033Z] [info]: Cleanup key token: 4 key token cleaned
[2025-05-31T05:05:00.036Z] [info]: Cleanup key token: 0 refresh token used cleaned
[2025-05-31T05:06:00.044Z] [info]: Cleanup key token: 4 key token cleaned
[2025-05-31T05:06:00.054Z] [info]: Cleanup key token: 0 refresh token used cleaned
[2025-05-31T05:07:00.021Z] [info]: Cleanup key token: 4 key token cleaned
[2025-05-31T05:07:00.022Z] [info]: Cleanup key token: 0 refresh token used cleaned
[2025-05-31T05:08:00.023Z] [info]: Cleanup key token: 4 key token cleaned
[2025-05-31T05:08:00.024Z] [info]: Cleanup key token: 0 refresh token used cleaned
[2025-05-31T05:09:00.021Z] [info]: Cleanup key token: 4 key token cleaned
[2025-05-31T05:09:00.021Z] [info]: Cleanup key token: 0 refresh token used cleaned
[2025-05-31T05:10:00.036Z] [info]: Cleanup key token: 4 key token cleaned
[2025-05-31T05:10:00.038Z] [info]: Cleanup key token: 0 refresh token used cleaned
[2025-05-31T05:11:00.063Z] [info]: Cleanup key token: 4 key token cleaned
[2025-05-31T05:11:00.064Z] [info]: Cleanup key token: 0 refresh token used cleaned
[2025-05-31T05:12:00.130Z] [info]: Cleanup key token: 4 key token cleaned
[2025-05-31T05:12:00.132Z] [info]: Cleanup key token: 0 refresh token used cleaned
[2025-05-31T05:13:00.066Z] [info]: Cleanup key token: 4 key token cleaned
[2025-05-31T05:13:00.069Z] [info]: Cleanup key token: 0 refresh token used cleaned
[2025-05-31T05:14:00.039Z] [info]: Cleanup key token: 4 key token cleaned
[2025-05-31T05:14:00.041Z] [info]: Cleanup key token: 0 refresh token used cleaned
[2025-05-31T05:15:00.032Z] [info]: Cleanup key token: 4 key token cleaned
[2025-05-31T05:15:00.033Z] [info]: Cleanup key token: 0 refresh token used cleaned
[2025-05-31T05:16:00.039Z] [info]: Cleanup key token: 4 key token cleaned
[2025-05-31T05:16:00.040Z] [info]: Cleanup key token: 0 refresh token used cleaned
[2025-05-31T05:17:00.074Z] [info]: Cleanup key token: 4 key token cleaned
[2025-05-31T05:17:00.076Z] [info]: Cleanup key token: 0 refresh token used cleaned
[2025-05-31T05:18:00.022Z] [info]: Cleanup key token: 4 key token cleaned
[2025-05-31T05:18:00.023Z] [info]: Cleanup key token: 0 refresh token used cleaned
[2025-05-31T05:19:00.070Z] [info]: Cleanup key token: 4 key token cleaned
[2025-05-31T05:19:00.071Z] [info]: Cleanup key token: 0 refresh token used cleaned
[2025-05-31T05:20:00.053Z] [info]: Cleanup key token: 4 key token cleaned
[2025-05-31T05:20:00.054Z] [info]: Cleanup key token: 0 refresh token used cleaned
[2025-05-31T05:21:00.125Z] [info]: Cleanup key token: 4 key token cleaned
[2025-05-31T05:21:00.125Z] [info]: Cleanup key token: 0 refresh token used cleaned
[2025-05-31T05:22:00.062Z] [info]: Cleanup key token: 4 key token cleaned
[2025-05-31T05:22:00.063Z] [info]: Cleanup key token: 0 refresh token used cleaned
[2025-05-31T05:23:00.079Z] [info]: Cleanup key token: 4 key token cleaned
[2025-05-31T05:23:00.082Z] [info]: Cleanup key token: 0 refresh token used cleaned
[2025-05-31T05:24:00.020Z] [info]: Cleanup key token: 4 key token cleaned
[2025-05-31T05:24:00.020Z] [info]: Cleanup key token: 0 refresh token used cleaned
[2025-05-31T05:25:00.021Z] [info]: Cleanup key token: 4 key token cleaned
[2025-05-31T05:25:00.021Z] [info]: Cleanup key token: 0 refresh token used cleaned
[2025-05-31T05:26:00.032Z] [info]: Cleanup key token: 4 key token cleaned
[2025-05-31T05:26:00.033Z] [info]: Cleanup key token: 0 refresh token used cleaned
[2025-05-31T05:27:00.042Z] [info]: Cleanup key token: 4 key token cleaned
[2025-05-31T05:27:00.044Z] [info]: Cleanup key token: 0 refresh token used cleaned
[2025-05-31T05:28:00.037Z] [info]: Cleanup key token: 4 key token cleaned
[2025-05-31T05:28:00.038Z] [info]: Cleanup key token: 0 refresh token used cleaned
[2025-05-31T05:29:00.015Z] [info]: Cleanup key token: 4 key token cleaned
[2025-05-31T05:29:00.015Z] [info]: Cleanup key token: 0 refresh token used cleaned
[2025-05-31T05:30:00.042Z] [info]: Cleanup key token: 4 key token cleaned
[2025-05-31T05:30:00.043Z] [info]: Cleanup key token: 0 refresh token used cleaned
[2025-05-31T05:31:00.011Z] [info]: Cleanup key token: 4 key token cleaned
[2025-05-31T05:31:00.011Z] [info]: Cleanup key token: 0 refresh token used cleaned
[2025-05-31T05:32:00.028Z] [info]: Cleanup key token: 4 key token cleaned
[2025-05-31T05:32:00.029Z] [info]: Cleanup key token: 0 refresh token used cleaned
[2025-05-31T05:33:00.018Z] [info]: Cleanup key token: 4 key token cleaned
[2025-05-31T05:33:00.019Z] [info]: Cleanup key token: 0 refresh token used cleaned
[2025-05-31T05:34:00.015Z] [info]: Cleanup key token: 4 key token cleaned
[2025-05-31T05:34:00.016Z] [info]: Cleanup key token: 0 refresh token used cleaned
[2025-05-31T05:35:01.199Z] [info]: Cleanup key token: 4 key token cleaned
[2025-05-31T05:35:01.200Z] [info]: Cleanup key token: 0 refresh token used cleaned
[2025-05-31T05:36:00.047Z] [info]: Cleanup key token: 4 key token cleaned
[2025-05-31T05:36:00.049Z] [info]: Cleanup key token: 0 refresh token used cleaned
[2025-05-31T05:37:00.028Z] [info]: Cleanup key token: 4 key token cleaned
[2025-05-31T05:37:00.029Z] [info]: Cleanup key token: 0 refresh token used cleaned
[2025-05-31T05:39:00.130Z] [info]: Cleanup key token: 4 key token cleaned
[2025-05-31T05:39:00.131Z] [info]: Cleanup key token: 0 refresh token used cleaned
[2025-05-31T05:40:00.019Z] [info]: Cleanup key token: 4 key token cleaned
[2025-05-31T05:40:00.020Z] [info]: Cleanup key token: 0 refresh token used cleaned
[2025-05-31T05:41:00.154Z] [info]: Cleanup key token: 4 key token cleaned
[2025-05-31T05:41:00.155Z] [info]: Cleanup key token: 0 refresh token used cleaned
[2025-05-31T05:42:00.027Z] [info]: Cleanup key token: 4 key token cleaned
[2025-05-31T05:42:00.028Z] [info]: Cleanup key token: 0 refresh token used cleaned
[2025-05-31T05:43:00.021Z] [info]: Cleanup key token: 4 key token cleaned
[2025-05-31T05:43:00.022Z] [info]: Cleanup key token: 0 refresh token used cleaned
[2025-05-31T05:44:00.015Z] [info]: Cleanup key token: 4 key token cleaned
[2025-05-31T05:44:00.015Z] [info]: Cleanup key token: 0 refresh token used cleaned
[2025-05-31T05:45:00.015Z] [info]: Cleanup key token: 4 key token cleaned
[2025-05-31T05:45:00.016Z] [info]: Cleanup key token: 0 refresh token used cleaned
[2025-05-31T05:46:00.016Z] [info]: Cleanup key token: 4 key token cleaned
[2025-05-31T05:46:00.016Z] [info]: Cleanup key token: 0 refresh token used cleaned
[2025-05-31T05:47:00.020Z] [info]: Cleanup key token: 4 key token cleaned
[2025-05-31T05:47:00.021Z] [info]: Cleanup key token: 0 refresh token used cleaned
[2025-05-31T05:48:00.027Z] [info]: Cleanup key token: 4 key token cleaned
[2025-05-31T05:48:00.028Z] [info]: Cleanup key token: 0 refresh token used cleaned
[2025-05-31T05:49:00.061Z] [info]: Cleanup key token: 4 key token cleaned
[2025-05-31T05:49:00.063Z] [info]: Cleanup key token: 0 refresh token used cleaned
[2025-05-31T05:50:00.014Z] [info]: Cleanup key token: 4 key token cleaned
[2025-05-31T05:50:00.014Z] [info]: Cleanup key token: 0 refresh token used cleaned
[2025-05-31T05:51:00.010Z] [info]: Cleanup key token: 4 key token cleaned
[2025-05-31T05:51:00.011Z] [info]: Cleanup key token: 0 refresh token used cleaned
[2025-05-31T05:52:00.025Z] [info]: Cleanup key token: 4 key token cleaned
[2025-05-31T05:52:00.026Z] [info]: Cleanup key token: 0 refresh token used cleaned
[2025-05-31T05:53:00.015Z] [info]: Cleanup key token: 4 key token cleaned
[2025-05-31T05:53:00.017Z] [info]: Cleanup key token: 0 refresh token used cleaned
[2025-05-31T05:54:00.034Z] [info]: Cleanup key token: 4 key token cleaned
[2025-05-31T05:54:00.036Z] [info]: Cleanup key token: 0 refresh token used cleaned
[2025-05-31T05:55:00.015Z] [info]: Cleanup key token: 4 key token cleaned
[2025-05-31T05:55:00.016Z] [info]: Cleanup key token: 0 refresh token used cleaned
[2025-05-31T05:56:00.022Z] [info]: Cleanup key token: 4 key token cleaned
[2025-05-31T05:56:00.023Z] [info]: Cleanup key token: 0 refresh token used cleaned
[2025-05-31T05:57:00.012Z] [info]: Cleanup key token: 4 key token cleaned
[2025-05-31T05:57:00.013Z] [info]: Cleanup key token: 0 refresh token used cleaned
[2025-05-31T05:58:00.023Z] [info]: Cleanup key token: 4 key token cleaned
[2025-05-31T05:58:00.024Z] [info]: Cleanup key token: 0 refresh token used cleaned
[2025-05-31T05:59:00.024Z] [info]: Cleanup key token: 4 key token cleaned
[2025-05-31T05:59:00.024Z] [info]: Cleanup key token: 0 refresh token used cleaned
[2025-05-31T06:00:00.022Z] [info]: Cleanup key token: 4 key token cleaned
[2025-05-31T06:00:00.024Z] [info]: Cleanup key token: 0 refresh token used cleaned
[2025-05-31T06:01:00.016Z] [info]: Cleanup key token: 4 key token cleaned
[2025-05-31T06:01:00.017Z] [info]: Cleanup key token: 0 refresh token used cleaned
[2025-05-31T06:02:00.025Z] [info]: Cleanup key token: 4 key token cleaned
[2025-05-31T06:02:00.026Z] [info]: Cleanup key token: 0 refresh token used cleaned
[2025-05-31T06:03:00.025Z] [info]: Cleanup key token: 4 key token cleaned
[2025-05-31T06:03:00.026Z] [info]: Cleanup key token: 0 refresh token used cleaned
[2025-05-31T06:04:00.025Z] [info]: Cleanup key token: 4 key token cleaned
[2025-05-31T06:04:00.026Z] [info]: Cleanup key token: 0 refresh token used cleaned
[2025-05-31T06:05:00.016Z] [info]: Cleanup key token: 4 key token cleaned
[2025-05-31T06:05:00.016Z] [info]: Cleanup key token: 0 refresh token used cleaned
[2025-05-31T06:06:00.027Z] [info]: Cleanup key token: 4 key token cleaned
[2025-05-31T06:06:00.028Z] [info]: Cleanup key token: 0 refresh token used cleaned
[2025-05-31T06:07:00.039Z] [info]: Cleanup key token: 4 key token cleaned
[2025-05-31T06:07:00.040Z] [info]: Cleanup key token: 0 refresh token used cleaned
[2025-05-31T06:12:00.073Z] [info]: Cleanup key token: 4 key token cleaned
[2025-05-31T06:12:00.074Z] [info]: Cleanup key token: 0 refresh token used cleaned
[2025-05-31T06:13:00.058Z] [info]: Cleanup key token: 4 key token cleaned
[2025-05-31T06:13:00.059Z] [info]: Cleanup key token: 0 refresh token used cleaned
[2025-05-31T06:13:01.924Z] [info]: Redis connected successfully
[2025-05-31T06:13:01.958Z] [info]: Redis client ready
[2025-05-31T06:14:01.177Z] [info]: Cleanup key token: 4 key token cleaned
[2025-05-31T06:14:01.178Z] [info]: Cleanup key token: 0 refresh token used cleaned
[2025-05-31T06:15:00.047Z] [info]: Cleanup key token: 4 key token cleaned
[2025-05-31T06:15:00.048Z] [info]: Cleanup key token: 0 refresh token used cleaned
[2025-05-31T06:17:00.066Z] [info]: Cleanup key token: 4 key token cleaned
[2025-05-31T06:17:00.067Z] [info]: Cleanup key token: 0 refresh token used cleaned
[2025-05-31T06:18:00.032Z] [info]: Cleanup key token: 4 key token cleaned
[2025-05-31T06:18:00.034Z] [info]: Cleanup key token: 0 refresh token used cleaned
[2025-05-31T06:19:00.030Z] [info]: Cleanup key token: 4 key token cleaned
[2025-05-31T06:19:00.030Z] [info]: Cleanup key token: 0 refresh token used cleaned
[2025-05-31T06:20:00.009Z] [info]: Cleanup key token: 4 key token cleaned
[2025-05-31T06:20:00.010Z] [info]: Cleanup key token: 0 refresh token used cleaned
[2025-05-31T06:21:00.016Z] [info]: Cleanup key token: 4 key token cleaned
[2025-05-31T06:21:00.016Z] [info]: Cleanup key token: 0 refresh token used cleaned
[2025-05-31T06:22:00.013Z] [info]: Cleanup key token: 4 key token cleaned
[2025-05-31T06:22:00.014Z] [info]: Cleanup key token: 0 refresh token used cleaned
[2025-05-31T06:23:00.016Z] [info]: Cleanup key token: 4 key token cleaned
[2025-05-31T06:23:00.017Z] [info]: Cleanup key token: 0 refresh token used cleaned
[2025-05-31T06:24:00.020Z] [info]: Cleanup key token: 4 key token cleaned
[2025-05-31T06:24:00.020Z] [info]: Cleanup key token: 0 refresh token used cleaned
[2025-05-31T06:25:00.015Z] [info]: Cleanup key token: 4 key token cleaned
[2025-05-31T06:25:00.016Z] [info]: Cleanup key token: 0 refresh token used cleaned
[2025-05-31T06:26:00.048Z] [info]: Cleanup key token: 4 key token cleaned
[2025-05-31T06:26:00.048Z] [info]: Cleanup key token: 0 refresh token used cleaned
[2025-05-31T06:28:00.172Z] [info]: Cleanup key token: 4 key token cleaned
[2025-05-31T06:28:00.174Z] [info]: Cleanup key token: 0 refresh token used cleaned
[2025-05-31T06:29:00.021Z] [info]: Cleanup key token: 4 key token cleaned
[2025-05-31T06:29:00.023Z] [info]: Cleanup key token: 0 refresh token used cleaned
[2025-05-31T06:30:00.013Z] [info]: Cleanup key token: 4 key token cleaned
[2025-05-31T06:30:00.013Z] [info]: Cleanup key token: 0 refresh token used cleaned
[2025-05-31T06:31:00.044Z] [info]: Cleanup key token: 4 key token cleaned
[2025-05-31T06:31:00.045Z] [info]: Cleanup key token: 0 refresh token used cleaned
[2025-05-31T06:32:00.019Z] [info]: Cleanup key token: 4 key token cleaned
[2025-05-31T06:32:00.020Z] [info]: Cleanup key token: 0 refresh token used cleaned
[2025-05-31T06:33:00.028Z] [info]: Cleanup key token: 4 key token cleaned
[2025-05-31T06:33:00.029Z] [info]: Cleanup key token: 0 refresh token used cleaned
[2025-05-31T06:34:00.018Z] [info]: Cleanup key token: 4 key token cleaned
[2025-05-31T06:34:00.020Z] [info]: Cleanup key token: 0 refresh token used cleaned
[2025-05-31T06:36:06.224Z] [info]: Cleanup key token: 1 key token cleaned
[2025-05-31T06:36:06.225Z] [info]: Cleanup key token: 0 refresh token used cleaned
[2025-05-31T06:38:31.585Z] [info]: Server closed
[2025-05-31T06:40:54.549Z] [info]: Cleanup key token: 0 key token cleaned
[2025-05-31T06:40:54.550Z] [info]: Cleanup key token: 0 refresh token used cleaned
[2025-05-31T06:41:00.041Z] [info]: Cleanup key token: 0 key token cleaned
[2025-05-31T06:41:00.042Z] [info]: Cleanup key token: 0 refresh token used cleaned
[2025-05-31T06:42:00.040Z] [info]: Cleanup key token: 0 key token cleaned
[2025-05-31T06:42:00.041Z] [info]: Cleanup key token: 0 refresh token used cleaned
[2025-05-31T06:43:00.041Z] [info]: Cleanup key token: 0 key token cleaned
[2025-05-31T06:43:00.042Z] [info]: Cleanup key token: 0 refresh token used cleaned
[2025-05-31T06:44:00.043Z] [info]: Cleanup key token: 0 key token cleaned
[2025-05-31T06:44:00.044Z] [info]: Cleanup key token: 0 refresh token used cleaned
[2025-05-31T06:46:22.623Z] [info]: Cleanup key token: 0 key token cleaned
[2025-05-31T06:46:22.623Z] [info]: Cleanup key token: 0 refresh token used cleaned
[2025-05-31T06:47:00.045Z] [info]: Cleanup key token: 0 key token cleaned
[2025-05-31T06:47:00.046Z] [info]: Cleanup key token: 0 refresh token used cleaned
[2025-05-31T06:48:00.031Z] [info]: Cleanup key token: 0 key token cleaned
[2025-05-31T06:48:00.031Z] [info]: Cleanup key token: 0 refresh token used cleaned
[2025-05-31T06:49:00.044Z] [info]: Cleanup key token: 0 key token cleaned
[2025-05-31T06:49:00.045Z] [info]: Cleanup key token: 0 refresh token used cleaned
[2025-05-31T06:50:00.040Z] [info]: Cleanup key token: 0 key token cleaned
[2025-05-31T06:50:00.040Z] [info]: Cleanup key token: 0 refresh token used cleaned
[2025-05-31T06:51:00.043Z] [info]: Cleanup key token: 0 key token cleaned
[2025-05-31T06:51:00.044Z] [info]: Cleanup key token: 0 refresh token used cleaned
[2025-05-31T06:52:00.041Z] [info]: Cleanup key token: 0 key token cleaned
[2025-05-31T06:52:00.042Z] [info]: Cleanup key token: 0 refresh token used cleaned
[2025-05-31T06:53:57.893Z] [info]: Server closed
[2025-05-31T06:54:00.198Z] [info]: Cleanup key token: 0 key token cleaned
[2025-05-31T06:54:00.199Z] [info]: Cleanup key token: 0 refresh token used cleaned
[2025-05-31T06:55:28.027Z] [info]: Cleanup key token: 0 key token cleaned
[2025-05-31T06:55:28.029Z] [info]: Cleanup key token: 0 refresh token used cleaned
[2025-05-31T06:56:00.039Z] [info]: Cleanup key token: 0 key token cleaned
[2025-05-31T06:56:00.039Z] [info]: Cleanup key token: 0 refresh token used cleaned
[2025-05-31T07:45:14.870Z] [info]: Cleanup key token: 0 key token cleaned
[2025-05-31T07:45:14.871Z] [info]: Cleanup key token: 0 refresh token used cleaned
[2025-05-31T07:46:00.039Z] [info]: Cleanup key token: 0 key token cleaned
[2025-05-31T07:46:00.041Z] [info]: Cleanup key token: 0 refresh token used cleaned
[2025-05-31T07:55:00.185Z] [info]: Cleanup key token: 0 key token cleaned
[2025-05-31T07:55:00.186Z] [info]: Cleanup key token: 0 refresh token used cleaned
[2025-05-31T07:56:00.042Z] [info]: Cleanup key token: 0 key token cleaned
[2025-05-31T07:56:00.043Z] [info]: Cleanup key token: 0 refresh token used cleaned
[2025-05-31T07:57:00.036Z] [info]: Cleanup key token: 0 key token cleaned
[2025-05-31T07:57:00.036Z] [info]: Cleanup key token: 0 refresh token used cleaned
[2025-05-31T07:58:00.041Z] [info]: Cleanup key token: 0 key token cleaned
[2025-05-31T07:58:00.041Z] [info]: Cleanup key token: 0 refresh token used cleaned
[2025-05-31T08:04:00.465Z] [info]: Cleanup key token: 0 key token cleaned
[2025-05-31T08:04:00.466Z] [info]: Cleanup key token: 0 refresh token used cleaned
[2025-05-31T08:04:03.702Z] [info]: Server closed
[2025-05-31T08:05:00.401Z] [info]: Cleanup key token: 0 key token cleaned
[2025-05-31T08:05:00.402Z] [info]: Cleanup key token: 0 refresh token used cleaned
[2025-05-31T08:06:00.121Z] [info]: Cleanup key token: 0 key token cleaned
[2025-05-31T08:06:00.122Z] [info]: Cleanup key token: 0 refresh token used cleaned
[2025-05-31T08:07:00.030Z] [info]: Cleanup key token: 0 key token cleaned
[2025-05-31T08:07:00.031Z] [info]: Cleanup key token: 0 refresh token used cleaned
[2025-05-31T08:08:00.085Z] [info]: Cleanup key token: 0 key token cleaned
[2025-05-31T08:08:00.086Z] [info]: Cleanup key token: 0 refresh token used cleaned
[2025-05-31T08:09:00.075Z] [info]: Cleanup key token: 0 key token cleaned
[2025-05-31T08:09:00.076Z] [info]: Cleanup key token: 0 refresh token used cleaned
[2025-05-31T08:10:00.191Z] [info]: Cleanup key token: 0 key token cleaned
[2025-05-31T08:10:00.191Z] [info]: Cleanup key token: 0 refresh token used cleaned
[2025-05-31T08:11:00.207Z] [info]: Cleanup key token: 0 key token cleaned
[2025-05-31T08:11:00.208Z] [info]: Cleanup key token: 0 refresh token used cleaned
[2025-05-31T08:12:00.513Z] [info]: Cleanup key token: 0 key token cleaned
[2025-05-31T08:12:00.513Z] [info]: Cleanup key token: 0 refresh token used cleaned
[2025-05-31T08:13:00.052Z] [info]: Cleanup key token: 0 key token cleaned
[2025-05-31T08:13:00.052Z] [info]: Cleanup key token: 0 refresh token used cleaned
[2025-05-31T13:13:00.126Z] [info]: Cleanup key token: 3 key token cleaned
[2025-05-31T13:13:00.128Z] [info]: Cleanup key token: 0 refresh token used cleaned
[2025-05-31T13:14:00.282Z] [info]: Cleanup key token: 3 key token cleaned
[2025-05-31T13:14:00.282Z] [info]: Cleanup key token: 0 refresh token used cleaned
[2025-05-31T13:15:00.164Z] [info]: Cleanup key token: 3 key token cleaned
[2025-05-31T13:15:00.164Z] [info]: Cleanup key token: 0 refresh token used cleaned
[2025-05-31T13:16:00.231Z] [info]: Cleanup key token: 3 key token cleaned
[2025-05-31T13:16:00.232Z] [info]: Cleanup key token: 0 refresh token used cleaned
[2025-05-31T13:17:58.940Z] [info]: Cleanup key token: 3 key token cleaned
[2025-05-31T13:17:58.941Z] [info]: Cleanup key token: 0 refresh token used cleaned
[2025-05-31T13:18:00.238Z] [info]: Cleanup key token: 3 key token cleaned
[2025-05-31T13:18:00.239Z] [info]: Cleanup key token: 0 refresh token used cleaned
[2025-05-31T13:19:00.345Z] [info]: Cleanup key token: 3 key token cleaned
[2025-05-31T13:19:00.346Z] [info]: Cleanup key token: 0 refresh token used cleaned
[2025-05-31T13:20:00.564Z] [info]: Cleanup key token: 3 key token cleaned
[2025-05-31T13:20:00.566Z] [info]: Cleanup key token: 0 refresh token used cleaned
[2025-05-31T13:21:00.124Z] [info]: Cleanup key token: 3 key token cleaned
[2025-05-31T13:21:00.124Z] [info]: Cleanup key token: 0 refresh token used cleaned
[2025-05-31T13:22:00.218Z] [info]: Cleanup key token: 3 key token cleaned
[2025-05-31T13:22:00.219Z] [info]: Cleanup key token: 0 refresh token used cleaned
[2025-05-31T13:24:12.735Z] [info]: Cleanup key token: 3 key token cleaned
[2025-05-31T13:24:12.736Z] [info]: Cleanup key token: 0 refresh token used cleaned
[2025-05-31T13:25:00.478Z] [info]: Cleanup key token: 3 key token cleaned
[2025-05-31T13:25:00.480Z] [info]: Cleanup key token: 0 refresh token used cleaned
[2025-05-31T13:26:00.570Z] [info]: Cleanup key token: 3 key token cleaned
[2025-05-31T13:26:00.571Z] [info]: Cleanup key token: 0 refresh token used cleaned
[2025-05-31T13:27:00.153Z] [info]: Cleanup key token: 3 key token cleaned
[2025-05-31T13:27:00.154Z] [info]: Cleanup key token: 0 refresh token used cleaned
[2025-05-31T13:28:00.200Z] [info]: Cleanup key token: 3 key token cleaned
[2025-05-31T13:28:00.201Z] [info]: Cleanup key token: 0 refresh token used cleaned
[2025-05-31T13:29:00.162Z] [info]: Cleanup key token: 3 key token cleaned
[2025-05-31T13:29:00.163Z] [info]: Cleanup key token: 0 refresh token used cleaned
[2025-05-31T13:30:00.235Z] [info]: Cleanup key token: 3 key token cleaned
[2025-05-31T13:30:00.236Z] [info]: Cleanup key token: 0 refresh token used cleaned
[2025-05-31T13:31:00.363Z] [info]: Cleanup key token: 3 key token cleaned
[2025-05-31T13:31:00.364Z] [info]: Cleanup key token: 0 refresh token used cleaned
[2025-05-31T13:32:00.128Z] [info]: Cleanup key token: 3 key token cleaned
[2025-05-31T13:32:00.129Z] [info]: Cleanup key token: 0 refresh token used cleaned
[2025-05-31T13:33:00.293Z] [info]: Cleanup key token: 3 key token cleaned
[2025-05-31T13:33:00.293Z] [info]: Cleanup key token: 0 refresh token used cleaned
[2025-05-31T13:34:00.220Z] [info]: Cleanup key token: 3 key token cleaned
[2025-05-31T13:34:00.221Z] [info]: Cleanup key token: 0 refresh token used cleaned
[2025-05-31T13:35:00.184Z] [info]: Cleanup key token: 3 key token cleaned
[2025-05-31T13:35:00.184Z] [info]: Cleanup key token: 0 refresh token used cleaned
[2025-05-31T13:36:58.004Z] [info]: Cleanup key token: 3 key token cleaned
[2025-05-31T13:36:58.005Z] [info]: Cleanup key token: 0 refresh token used cleaned
[2025-05-31T13:37:00.237Z] [info]: Cleanup key token: 3 key token cleaned
[2025-05-31T13:37:00.238Z] [info]: Cleanup key token: 0 refresh token used cleaned
[2025-05-31T13:38:00.708Z] [info]: Cleanup key token: 3 key token cleaned
[2025-05-31T13:38:00.709Z] [info]: Cleanup key token: 0 refresh token used cleaned
[2025-05-31T13:39:00.321Z] [info]: Cleanup key token: 3 key token cleaned
[2025-05-31T13:39:00.322Z] [info]: Cleanup key token: 0 refresh token used cleaned
[2025-05-31T13:40:00.161Z] [info]: Cleanup key token: 3 key token cleaned
[2025-05-31T13:40:00.161Z] [info]: Cleanup key token: 0 refresh token used cleaned
[2025-05-31T13:41:00.183Z] [info]: Cleanup key token: 3 key token cleaned
[2025-05-31T13:41:00.184Z] [info]: Cleanup key token: 0 refresh token used cleaned
[2025-05-31T13:42:00.220Z] [info]: Cleanup key token: 3 key token cleaned
[2025-05-31T13:42:00.221Z] [info]: Cleanup key token: 0 refresh token used cleaned
[2025-05-31T13:43:00.342Z] [info]: Cleanup key token: 3 key token cleaned
[2025-05-31T13:43:00.342Z] [info]: Cleanup key token: 0 refresh token used cleaned
[2025-05-31T13:44:00.325Z] [info]: Cleanup key token: 3 key token cleaned
[2025-05-31T13:44:00.326Z] [info]: Cleanup key token: 0 refresh token used cleaned
[2025-05-31T13:45:00.144Z] [info]: Cleanup key token: 3 key token cleaned
[2025-05-31T13:45:00.146Z] [info]: Cleanup key token: 0 refresh token used cleaned
[2025-05-31T13:46:00.174Z] [info]: Cleanup key token: 3 key token cleaned
[2025-05-31T13:46:00.174Z] [info]: Cleanup key token: 0 refresh token used cleaned
[2025-05-31T13:47:00.242Z] [info]: Cleanup key token: 3 key token cleaned
[2025-05-31T13:47:00.242Z] [info]: Cleanup key token: 0 refresh token used cleaned
[2025-05-31T13:48:00.177Z] [info]: Cleanup key token: 3 key token cleaned
[2025-05-31T13:48:00.178Z] [info]: Cleanup key token: 0 refresh token used cleaned
[2025-05-31T13:49:00.174Z] [info]: Cleanup key token: 3 key token cleaned
[2025-05-31T13:49:00.174Z] [info]: Cleanup key token: 0 refresh token used cleaned
[2025-05-31T13:50:00.164Z] [info]: Cleanup key token: 3 key token cleaned
[2025-05-31T13:50:00.164Z] [info]: Cleanup key token: 0 refresh token used cleaned
[2025-05-31T13:51:00.257Z] [info]: Cleanup key token: 3 key token cleaned
[2025-05-31T13:51:00.258Z] [info]: Cleanup key token: 0 refresh token used cleaned
[2025-05-31T13:52:00.140Z] [info]: Cleanup key token: 3 key token cleaned
[2025-05-31T13:52:00.140Z] [info]: Cleanup key token: 0 refresh token used cleaned
[2025-05-31T13:53:00.159Z] [info]: Cleanup key token: 3 key token cleaned
[2025-05-31T13:53:00.159Z] [info]: Cleanup key token: 0 refresh token used cleaned
[2025-05-31T13:54:00.163Z] [info]: Cleanup key token: 3 key token cleaned
[2025-05-31T13:54:00.163Z] [info]: Cleanup key token: 0 refresh token used cleaned
[2025-05-31T13:55:00.233Z] [info]: Cleanup key token: 3 key token cleaned
[2025-05-31T13:55:00.234Z] [info]: Cleanup key token: 0 refresh token used cleaned
[2025-05-31T13:56:00.268Z] [info]: Cleanup key token: 3 key token cleaned
[2025-05-31T13:56:00.269Z] [info]: Cleanup key token: 0 refresh token used cleaned
[2025-05-31T13:57:01.254Z] [info]: Cleanup key token: 3 key token cleaned
[2025-05-31T13:57:01.255Z] [info]: Cleanup key token: 0 refresh token used cleaned
[2025-05-31T13:58:00.231Z] [info]: Cleanup key token: 3 key token cleaned
[2025-05-31T13:58:00.232Z] [info]: Cleanup key token: 0 refresh token used cleaned
[2025-05-31T13:59:00.159Z] [info]: Cleanup key token: 3 key token cleaned
[2025-05-31T13:59:00.160Z] [info]: Cleanup key token: 0 refresh token used cleaned
[2025-05-31T14:00:00.162Z] [info]: Cleanup key token: 3 key token cleaned
[2025-05-31T14:00:00.163Z] [info]: Cleanup key token: 0 refresh token used cleaned
[2025-05-31T14:00:44.125Z] [info]: Server closed
[2025-05-31T14:01:00.179Z] [info]: Cleanup key token: 3 key token cleaned
[2025-05-31T14:01:00.181Z] [info]: Cleanup key token: 0 refresh token used cleaned
[2025-05-31T14:35:19.365Z] [info]: Cleanup key token: 3 key token cleaned
[2025-05-31T14:35:19.366Z] [info]: Cleanup key token: 0 refresh token used cleaned
[2025-05-31T14:36:00.761Z] [info]: Cleanup key token: 3 key token cleaned
[2025-05-31T14:36:00.762Z] [info]: Cleanup key token: 0 refresh token used cleaned
[2025-05-31T14:37:01.915Z] [info]: Cleanup key token: 3 key token cleaned
[2025-05-31T14:37:01.915Z] [info]: Cleanup key token: 0 refresh token used cleaned
[2025-05-31T14:38:00.544Z] [info]: Cleanup key token: 3 key token cleaned
[2025-05-31T14:38:00.545Z] [info]: Cleanup key token: 0 refresh token used cleaned
[2025-05-31T14:39:01.258Z] [info]: Cleanup key token: 3 key token cleaned
[2025-05-31T14:39:01.258Z] [info]: Cleanup key token: 0 refresh token used cleaned
[2025-05-31T14:40:01.344Z] [info]: Cleanup key token: 3 key token cleaned
[2025-05-31T14:40:01.344Z] [info]: Cleanup key token: 0 refresh token used cleaned
[2025-05-31T14:41:00.322Z] [info]: Cleanup key token: 3 key token cleaned
[2025-05-31T14:41:00.323Z] [info]: Cleanup key token: 0 refresh token used cleaned
[2025-05-31T14:42:00.677Z] [info]: Cleanup key token: 3 key token cleaned
[2025-05-31T14:42:00.678Z] [info]: Cleanup key token: 0 refresh token used cleaned
[2025-05-31T14:43:00.461Z] [info]: Cleanup key token: 3 key token cleaned
[2025-05-31T14:43:00.461Z] [info]: Cleanup key token: 0 refresh token used cleaned
[2025-05-31T14:44:02.349Z] [info]: Cleanup key token: 3 key token cleaned
[2025-05-31T14:44:02.350Z] [info]: Cleanup key token: 0 refresh token used cleaned
[2025-05-31T14:45:00.234Z] [info]: Cleanup key token: 3 key token cleaned
[2025-05-31T14:45:00.236Z] [info]: Cleanup key token: 0 refresh token used cleaned
[2025-05-31T14:46:01.032Z] [info]: Cleanup key token: 3 key token cleaned
[2025-05-31T14:46:01.032Z] [info]: Cleanup key token: 0 refresh token used cleaned
[2025-05-31T14:50:38.311Z] [info]: Cleanup key token: 3 key token cleaned
[2025-05-31T14:50:38.312Z] [info]: Cleanup key token: 0 refresh token used cleaned
[2025-05-31T14:51:00.271Z] [info]: Cleanup key token: 3 key token cleaned
[2025-05-31T14:51:00.272Z] [info]: Cleanup key token: 0 refresh token used cleaned
[2025-05-31T14:52:02.525Z] [info]: Cleanup key token: 3 key token cleaned
[2025-05-31T14:52:02.527Z] [info]: Cleanup key token: 0 refresh token used cleaned
[2025-05-31T14:53:00.335Z] [info]: Cleanup key token: 3 key token cleaned
[2025-05-31T14:53:00.336Z] [info]: Cleanup key token: 0 refresh token used cleaned
[2025-05-31T14:53:41.013Z] [info]: Server closed
[2025-05-31T14:56:00.156Z] [info]: Cleanup key token: 3 key token cleaned
[2025-05-31T14:56:00.157Z] [info]: Cleanup key token: 0 refresh token used cleaned
[2025-05-31T14:57:00.706Z] [info]: Cleanup key token: 3 key token cleaned
[2025-05-31T14:57:00.706Z] [info]: Cleanup key token: 0 refresh token used cleaned
[2025-05-31T14:58:01.736Z] [info]: Cleanup key token: 3 key token cleaned
[2025-05-31T14:58:01.736Z] [info]: Cleanup key token: 0 refresh token used cleaned
[2025-05-31T14:59:01.579Z] [info]: Cleanup key token: 3 key token cleaned
[2025-05-31T14:59:01.579Z] [info]: Cleanup key token: 0 refresh token used cleaned
[2025-05-31T15:00:00.459Z] [info]: Cleanup key token: 3 key token cleaned
[2025-05-31T15:00:00.460Z] [info]: Cleanup key token: 0 refresh token used cleaned
[2025-05-31T15:01:00.313Z] [info]: Cleanup key token: 3 key token cleaned
[2025-05-31T15:01:00.314Z] [info]: Cleanup key token: 0 refresh token used cleaned
[2025-05-31T15:02:00.219Z] [info]: Cleanup key token: 3 key token cleaned
[2025-05-31T15:02:00.220Z] [info]: Cleanup key token: 0 refresh token used cleaned
[2025-05-31T15:03:01.082Z] [info]: Cleanup key token: 3 key token cleaned
[2025-05-31T15:03:01.082Z] [info]: Cleanup key token: 0 refresh token used cleaned
[2025-05-31T15:05:00.855Z] [info]: Cleanup key token: 3 key token cleaned
[2025-05-31T15:05:00.856Z] [info]: Cleanup key token: 0 refresh token used cleaned
[2025-05-31T15:06:00.150Z] [info]: Cleanup key token: 3 key token cleaned
[2025-05-31T15:06:00.151Z] [info]: Cleanup key token: 0 refresh token used cleaned
[2025-05-31T15:14:00.216Z] [info]: Cleanup key token: 3 key token cleaned
[2025-05-31T15:14:00.216Z] [info]: Cleanup key token: 0 refresh token used cleaned
[2025-05-31T15:15:00.999Z] [info]: Cleanup key token: 3 key token cleaned
[2025-05-31T15:15:01.000Z] [info]: Cleanup key token: 0 refresh token used cleaned
[2025-05-31T15:16:02.618Z] [info]: Cleanup key token: 3 key token cleaned
[2025-05-31T15:16:02.618Z] [info]: Cleanup key token: 0 refresh token used cleaned
[2025-05-31T15:17:00.190Z] [info]: Cleanup key token: 3 key token cleaned
[2025-05-31T15:17:00.191Z] [info]: Cleanup key token: 0 refresh token used cleaned
[2025-05-31T15:18:00.977Z] [info]: Cleanup key token: 3 key token cleaned
[2025-05-31T15:18:00.978Z] [info]: Cleanup key token: 0 refresh token used cleaned
[2025-05-31T15:19:01.028Z] [info]: Cleanup key token: 3 key token cleaned
[2025-05-31T15:19:01.029Z] [info]: Cleanup key token: 0 refresh token used cleaned
[2025-05-31T15:20:00.208Z] [info]: Cleanup key token: 3 key token cleaned
[2025-05-31T15:20:00.209Z] [info]: Cleanup key token: 0 refresh token used cleaned
[2025-05-31T15:21:01.041Z] [info]: Cleanup key token: 3 key token cleaned
[2025-05-31T15:21:01.042Z] [info]: Cleanup key token: 0 refresh token used cleaned
[2025-05-31T15:22:01.504Z] [info]: Cleanup key token: 3 key token cleaned
[2025-05-31T15:22:01.505Z] [info]: Cleanup key token: 0 refresh token used cleaned
[2025-05-31T15:23:02.081Z] [info]: Cleanup key token: 3 key token cleaned
[2025-05-31T15:23:02.082Z] [info]: Cleanup key token: 0 refresh token used cleaned
[2025-05-31T15:24:00.185Z] [info]: Cleanup key token: 3 key token cleaned
[2025-05-31T15:24:00.185Z] [info]: Cleanup key token: 0 refresh token used cleaned
[2025-05-31T15:25:00.202Z] [info]: Cleanup key token: 3 key token cleaned
[2025-05-31T15:25:00.203Z] [info]: Cleanup key token: 0 refresh token used cleaned
[2025-05-31T15:26:01.263Z] [info]: Cleanup key token: 3 key token cleaned
[2025-05-31T15:26:01.264Z] [info]: Cleanup key token: 0 refresh token used cleaned
[2025-05-31T15:27:00.165Z] [info]: Cleanup key token: 3 key token cleaned
[2025-05-31T15:27:00.166Z] [info]: Cleanup key token: 0 refresh token used cleaned
[2025-05-31T15:28:00.966Z] [info]: Cleanup key token: 3 key token cleaned
[2025-05-31T15:28:00.967Z] [info]: Cleanup key token: 0 refresh token used cleaned
[2025-05-31T15:29:01.461Z] [info]: Cleanup key token: 3 key token cleaned
[2025-05-31T15:29:01.461Z] [info]: Cleanup key token: 0 refresh token used cleaned
[2025-05-31T15:30:00.276Z] [info]: Cleanup key token: 3 key token cleaned
[2025-05-31T15:30:00.277Z] [info]: Cleanup key token: 0 refresh token used cleaned
[2025-05-31T15:31:00.162Z] [info]: Cleanup key token: 3 key token cleaned
[2025-05-31T15:31:00.163Z] [info]: Cleanup key token: 0 refresh token used cleaned
[2025-05-31T15:32:00.932Z] [info]: Cleanup key token: 3 key token cleaned
[2025-05-31T15:32:00.932Z] [info]: Cleanup key token: 0 refresh token used cleaned
[2025-05-31T15:33:01.213Z] [info]: Cleanup key token: 3 key token cleaned
[2025-05-31T15:33:01.214Z] [info]: Cleanup key token: 0 refresh token used cleaned
[2025-05-31T15:34:00.662Z] [info]: Cleanup key token: 3 key token cleaned
[2025-05-31T15:34:00.662Z] [info]: Cleanup key token: 0 refresh token used cleaned
[2025-05-31T15:35:00.230Z] [info]: Cleanup key token: 3 key token cleaned
[2025-05-31T15:35:00.230Z] [info]: Cleanup key token: 0 refresh token used cleaned
[2025-05-31T15:36:00.686Z] [info]: Cleanup key token: 3 key token cleaned
[2025-05-31T15:36:00.686Z] [info]: Cleanup key token: 0 refresh token used cleaned
[2025-05-31T15:37:01.167Z] [info]: Cleanup key token: 3 key token cleaned
[2025-05-31T15:37:01.168Z] [info]: Cleanup key token: 0 refresh token used cleaned
[2025-05-31T15:38:02.562Z] [info]: Cleanup key token: 3 key token cleaned
[2025-05-31T15:38:02.562Z] [info]: Cleanup key token: 0 refresh token used cleaned
[2025-05-31T15:39:00.794Z] [info]: Cleanup key token: 3 key token cleaned
[2025-05-31T15:39:00.794Z] [info]: Cleanup key token: 0 refresh token used cleaned
[2025-05-31T15:40:00.958Z] [info]: Cleanup key token: 3 key token cleaned
[2025-05-31T15:40:00.959Z] [info]: Cleanup key token: 0 refresh token used cleaned
[2025-05-31T15:41:01.049Z] [info]: Cleanup key token: 3 key token cleaned
[2025-05-31T15:41:01.050Z] [info]: Cleanup key token: 0 refresh token used cleaned
[2025-05-31T15:42:00.210Z] [info]: Cleanup key token: 3 key token cleaned
[2025-05-31T15:42:00.211Z] [info]: Cleanup key token: 0 refresh token used cleaned
[2025-05-31T15:43:01.006Z] [info]: Cleanup key token: 3 key token cleaned
[2025-05-31T15:43:01.006Z] [info]: Cleanup key token: 0 refresh token used cleaned
[2025-05-31T15:44:01.063Z] [info]: Cleanup key token: 3 key token cleaned
[2025-05-31T15:44:01.064Z] [info]: Cleanup key token: 0 refresh token used cleaned
[2025-05-31T15:45:00.862Z] [info]: Cleanup key token: 3 key token cleaned
[2025-05-31T15:45:00.862Z] [info]: Cleanup key token: 0 refresh token used cleaned
[2025-05-31T15:46:00.517Z] [info]: Cleanup key token: 3 key token cleaned
[2025-05-31T15:46:00.517Z] [info]: Cleanup key token: 0 refresh token used cleaned
[2025-05-31T15:47:01.153Z] [info]: Cleanup key token: 3 key token cleaned
[2025-05-31T15:47:01.154Z] [info]: Cleanup key token: 0 refresh token used cleaned
[2025-05-31T15:49:00.312Z] [info]: Cleanup key token: 3 key token cleaned
[2025-05-31T15:49:00.313Z] [info]: Cleanup key token: 0 refresh token used cleaned
[2025-05-31T15:50:00.845Z] [info]: Cleanup key token: 3 key token cleaned
[2025-05-31T15:50:00.845Z] [info]: Cleanup key token: 0 refresh token used cleaned
[2025-05-31T15:51:00.953Z] [info]: Cleanup key token: 3 key token cleaned
[2025-05-31T15:51:00.953Z] [info]: Cleanup key token: 0 refresh token used cleaned
[2025-05-31T15:52:00.941Z] [info]: Cleanup key token: 3 key token cleaned
[2025-05-31T15:52:00.942Z] [info]: Cleanup key token: 0 refresh token used cleaned
[2025-05-31T15:53:00.503Z] [info]: Cleanup key token: 3 key token cleaned
[2025-05-31T15:53:00.504Z] [info]: Cleanup key token: 0 refresh token used cleaned
[2025-05-31T15:54:01.061Z] [info]: Cleanup key token: 3 key token cleaned
[2025-05-31T15:54:01.062Z] [info]: Cleanup key token: 0 refresh token used cleaned
[2025-05-31T15:55:00.998Z] [info]: Cleanup key token: 3 key token cleaned
[2025-05-31T15:55:00.999Z] [info]: Cleanup key token: 0 refresh token used cleaned
[2025-05-31T15:56:02.698Z] [info]: Cleanup key token: 3 key token cleaned
[2025-05-31T15:56:02.699Z] [info]: Cleanup key token: 0 refresh token used cleaned
[2025-05-31T15:57:00.155Z] [info]: Cleanup key token: 3 key token cleaned
[2025-05-31T15:57:00.155Z] [info]: Cleanup key token: 0 refresh token used cleaned
[2025-05-31T15:58:01.026Z] [info]: Cleanup key token: 3 key token cleaned
[2025-05-31T15:58:01.027Z] [info]: Cleanup key token: 0 refresh token used cleaned
[2025-05-31T15:59:01.090Z] [info]: Cleanup key token: 3 key token cleaned
[2025-05-31T15:59:01.090Z] [info]: Cleanup key token: 0 refresh token used cleaned
[2025-05-31T16:00:00.210Z] [info]: Cleanup key token: 3 key token cleaned
[2025-05-31T16:00:00.211Z] [info]: Cleanup key token: 0 refresh token used cleaned
[2025-05-31T16:01:00.232Z] [info]: Cleanup key token: 3 key token cleaned
[2025-05-31T16:01:00.233Z] [info]: Cleanup key token: 0 refresh token used cleaned
[2025-05-31T16:02:01.078Z] [info]: Cleanup key token: 3 key token cleaned
[2025-05-31T16:02:01.079Z] [info]: Cleanup key token: 0 refresh token used cleaned
[2025-05-31T16:03:02.933Z] [info]: Cleanup key token: 3 key token cleaned
[2025-05-31T16:03:02.933Z] [info]: Cleanup key token: 0 refresh token used cleaned
[2025-05-31T16:04:00.186Z] [info]: Cleanup key token: 3 key token cleaned
[2025-05-31T16:04:00.187Z] [info]: Cleanup key token: 0 refresh token used cleaned
[2025-05-31T16:05:00.970Z] [info]: Cleanup key token: 3 key token cleaned
[2025-05-31T16:05:00.971Z] [info]: Cleanup key token: 0 refresh token used cleaned
[2025-05-31T16:06:00.945Z] [info]: Cleanup key token: 3 key token cleaned
[2025-05-31T16:06:00.946Z] [info]: Cleanup key token: 0 refresh token used cleaned
[2025-05-31T16:07:00.849Z] [info]: Cleanup key token: 3 key token cleaned
[2025-05-31T16:07:00.849Z] [info]: Cleanup key token: 0 refresh token used cleaned
[2025-05-31T16:08:02.550Z] [info]: Cleanup key token: 3 key token cleaned
[2025-05-31T16:08:02.550Z] [info]: Cleanup key token: 0 refresh token used cleaned
[2025-05-31T16:09:01.080Z] [info]: Cleanup key token: 3 key token cleaned
[2025-05-31T16:09:01.080Z] [info]: Cleanup key token: 0 refresh token used cleaned
[2025-05-31T16:10:03.542Z] [info]: Cleanup key token: 3 key token cleaned
[2025-05-31T16:10:03.542Z] [info]: Cleanup key token: 0 refresh token used cleaned
[2025-05-31T16:11:00.181Z] [info]: Cleanup key token: 3 key token cleaned
[2025-05-31T16:11:00.181Z] [info]: Cleanup key token: 0 refresh token used cleaned
[2025-05-31T16:12:00.983Z] [info]: Cleanup key token: 3 key token cleaned
[2025-05-31T16:12:00.983Z] [info]: Cleanup key token: 0 refresh token used cleaned
[2025-05-31T16:13:01.151Z] [info]: Cleanup key token: 3 key token cleaned
[2025-05-31T16:13:01.152Z] [info]: Cleanup key token: 0 refresh token used cleaned
[2025-05-31T16:15:00.197Z] [info]: Cleanup key token: 3 key token cleaned
[2025-05-31T16:15:00.199Z] [info]: Cleanup key token: 0 refresh token used cleaned
[2025-05-31T16:16:00.942Z] [info]: Cleanup key token: 3 key token cleaned
[2025-05-31T16:16:00.943Z] [info]: Cleanup key token: 0 refresh token used cleaned
[2025-05-31T16:17:02.662Z] [info]: Cleanup key token: 3 key token cleaned
[2025-05-31T16:17:02.663Z] [info]: Cleanup key token: 0 refresh token used cleaned
[2025-05-31T16:18:00.196Z] [info]: Cleanup key token: 3 key token cleaned
[2025-05-31T16:18:00.197Z] [info]: Cleanup key token: 0 refresh token used cleaned
[2025-05-31T16:19:01.094Z] [info]: Cleanup key token: 3 key token cleaned
[2025-05-31T16:19:01.095Z] [info]: Cleanup key token: 0 refresh token used cleaned
[2025-05-31T16:20:01.395Z] [info]: Cleanup key token: 3 key token cleaned
[2025-05-31T16:20:01.395Z] [info]: Cleanup key token: 0 refresh token used cleaned
[2025-05-31T16:21:00.385Z] [info]: Cleanup key token: 3 key token cleaned
[2025-05-31T16:21:00.386Z] [info]: Cleanup key token: 0 refresh token used cleaned
[2025-05-31T16:22:02.223Z] [info]: Cleanup key token: 3 key token cleaned
[2025-05-31T16:22:02.224Z] [info]: Cleanup key token: 0 refresh token used cleaned
[2025-05-31T16:23:01.165Z] [info]: Cleanup key token: 3 key token cleaned
[2025-05-31T16:23:01.166Z] [info]: Cleanup key token: 0 refresh token used cleaned
[2025-05-31T16:24:03.121Z] [info]: Cleanup key token: 3 key token cleaned
[2025-05-31T16:24:03.122Z] [info]: Cleanup key token: 0 refresh token used cleaned
[2025-05-31T16:25:00.455Z] [info]: Cleanup key token: 3 key token cleaned
[2025-05-31T16:25:00.456Z] [info]: Cleanup key token: 0 refresh token used cleaned
[2025-05-31T16:26:01.281Z] [info]: Cleanup key token: 3 key token cleaned
[2025-05-31T16:26:01.282Z] [info]: Cleanup key token: 0 refresh token used cleaned
[2025-05-31T16:27:00.941Z] [info]: Cleanup key token: 3 key token cleaned
[2025-05-31T16:27:00.942Z] [info]: Cleanup key token: 0 refresh token used cleaned
[2025-05-31T16:28:00.165Z] [info]: Cleanup key token: 3 key token cleaned
[2025-05-31T16:28:00.166Z] [info]: Cleanup key token: 0 refresh token used cleaned
[2025-05-31T16:29:00.374Z] [info]: Cleanup key token: 3 key token cleaned
[2025-05-31T16:29:00.374Z] [info]: Cleanup key token: 0 refresh token used cleaned
[2025-05-31T16:30:00.975Z] [info]: Cleanup key token: 3 key token cleaned
[2025-05-31T16:30:00.975Z] [info]: Cleanup key token: 0 refresh token used cleaned
[2025-05-31T16:31:00.442Z] [info]: Cleanup key token: 3 key token cleaned
[2025-05-31T16:31:00.443Z] [info]: Cleanup key token: 0 refresh token used cleaned
[2025-05-31T16:33:00.242Z] [info]: Cleanup key token: 3 key token cleaned
[2025-05-31T16:33:00.242Z] [info]: Cleanup key token: 0 refresh token used cleaned
[2025-05-31T16:34:00.801Z] [info]: Cleanup key token: 3 key token cleaned
[2025-05-31T16:34:00.802Z] [info]: Cleanup key token: 0 refresh token used cleaned
[2025-05-31T16:35:00.216Z] [info]: Cleanup key token: 3 key token cleaned
[2025-05-31T16:35:00.216Z] [info]: Cleanup key token: 0 refresh token used cleaned
[2025-05-31T16:36:01.017Z] [info]: Cleanup key token: 3 key token cleaned
[2025-05-31T16:36:01.018Z] [info]: Cleanup key token: 0 refresh token used cleaned
[2025-05-31T16:37:00.987Z] [info]: Cleanup key token: 3 key token cleaned
[2025-05-31T16:37:00.988Z] [info]: Cleanup key token: 0 refresh token used cleaned
[2025-05-31T16:38:02.695Z] [info]: Cleanup key token: 3 key token cleaned
[2025-05-31T16:38:02.696Z] [info]: Cleanup key token: 0 refresh token used cleaned
[2025-05-31T16:39:00.232Z] [info]: Cleanup key token: 3 key token cleaned
[2025-05-31T16:39:00.232Z] [info]: Cleanup key token: 0 refresh token used cleaned
[2025-05-31T16:40:00.970Z] [info]: Cleanup key token: 3 key token cleaned
[2025-05-31T16:40:00.970Z] [info]: Cleanup key token: 0 refresh token used cleaned
[2025-05-31T16:41:02.577Z] [info]: Cleanup key token: 3 key token cleaned
[2025-05-31T16:41:02.578Z] [info]: Cleanup key token: 0 refresh token used cleaned
[2025-05-31T16:42:00.241Z] [info]: Cleanup key token: 3 key token cleaned
[2025-05-31T16:42:00.241Z] [info]: Cleanup key token: 0 refresh token used cleaned
[2025-05-31T16:43:01.362Z] [info]: Cleanup key token: 3 key token cleaned
[2025-05-31T16:43:01.363Z] [info]: Cleanup key token: 0 refresh token used cleaned
[2025-05-31T16:44:00.201Z] [info]: Cleanup key token: 3 key token cleaned
[2025-05-31T16:44:00.203Z] [info]: Cleanup key token: 0 refresh token used cleaned
[2025-05-31T16:45:00.219Z] [info]: Cleanup key token: 3 key token cleaned
[2025-05-31T16:45:00.220Z] [info]: Cleanup key token: 0 refresh token used cleaned
[2025-05-31T16:46:00.228Z] [info]: Cleanup key token: 3 key token cleaned
[2025-05-31T16:46:00.229Z] [info]: Cleanup key token: 0 refresh token used cleaned
[2025-05-31T16:47:00.235Z] [info]: Cleanup key token: 3 key token cleaned
[2025-05-31T16:47:00.236Z] [info]: Cleanup key token: 0 refresh token used cleaned
