[2025-03-15T17:01:42.829Z] [error]: HIDE::404::NotFound::Route not exist!::
[2025-03-15T17:01:52.163Z] [error]: HIDE::404::NotFound::Route not exist!::
[2025-03-15T17:01:59.908Z] [error]: HIDE::404::NotFound::Not found cart of cart is not active!::
[2025-03-15T17:02:05.093Z] [error]: HIDE::404::NotFound::Not found cart of cart is not inactive!::
[2025-03-15T17:04:40.975Z] [error]: HIDE::404::NotFound::Not found cart of cart is not inactive!::
[2025-03-15T17:04:45.579Z] [error]: HIDE::404::NotFound::Not found cart of cart is not active!::
[2025-03-15T17:04:46.474Z] [error]: HIDE::404::NotFound::Not found cart of cart is not active!::
[2025-03-15T17:05:04.634Z] [error]: HIDE::404::NotFound::Cart not found!::
[2025-03-15T17:05:34.596Z] [error]: HIDE::404::NotFound::Not found cart of cart is not inactive!::
[2025-03-15T17:05:38.783Z] [error]: HIDE::404::NotFound::Not found cart of cart is not active!::
[2025-03-15T17:30:18.542Z] [error]: HIDE::404::NotFound::Not found cart of cart is not active!::
[2025-03-15T17:30:19.606Z] [error]: HIDE::404::NotFound::Not found cart of cart is not active!::
[2025-03-15T17:30:19.961Z] [error]: HIDE::404::NotFound::Not found cart of cart is not active!::
[2025-03-15T17:30:20.609Z] [error]: HIDE::404::NotFound::Not found cart of cart is not active!::
[2025-03-15T18:12:29.923Z] [error]: HIDE::404::NotFound::Cart not found!::
[2025-03-15T23:50:12.002Z] [error]: HIDE::404::NotFound::Not found cart of cart is not inactive!::
[2025-03-15T23:50:13.135Z] [error]: HIDE::404::NotFound::Not found cart of cart is not inactive!::
[2025-03-15T23:50:13.873Z] [error]: HIDE::404::NotFound::Not found cart of cart is not inactive!::
[2025-03-15T23:50:16.450Z] [error]: HIDE::404::NotFound::Not found cart of cart is not active!::
[2025-03-15T23:50:18.199Z] [error]: HIDE::404::NotFound::Not found cart of cart is not active!::
[2025-03-16T02:41:37.377Z] [error]: HIDE::500::ValidationError::Cart validation failed: cart_shop.0.price: Path `price` is required., cart_shop.0.quantity: Path `quantity` is required., cart_shop.0.thumb: Path `thumb` is required., cart_shop.0.name: Path `name` is required., cart_shop.0.id: Path `id` is required.::
[2025-03-16T02:43:08.305Z] [error]: HIDE::500::ValidationError::Cart validation failed: cart_shop.0.price: Path `price` is required., cart_shop.0.quantity: Path `quantity` is required., cart_shop.0.thumb: Path `thumb` is required., cart_shop.0.name: Path `name` is required., cart_shop.0.id: Path `id` is required.::
[2025-03-16T02:43:30.534Z] [error]: HIDE::500::ValidationError::Cart validation failed: cart_shop.0.price: Path `price` is required., cart_shop.0.quantity: Path `quantity` is required., cart_shop.0.thumb: Path `thumb` is required., cart_shop.0.name: Path `name` is required., cart_shop.0.id: Path `id` is required.::
[2025-03-16T02:44:03.971Z] [error]: HIDE::500::ValidationError::Cart validation failed: cart_shop.0.price: Path `price` is required., cart_shop.0.quantity: Path `quantity` is required., cart_shop.0.thumb: Path `thumb` is required., cart_shop.0.name: Path `name` is required., cart_shop.0.id: Path `id` is required.::
[2025-03-16T02:44:32.741Z] [error]: HIDE::500::ValidationError::Cart validation failed: cart_shop.0.price: Path `price` is required., cart_shop.0.quantity: Path `quantity` is required., cart_shop.0.thumb: Path `thumb` is required., cart_shop.0.name: Path `name` is required., cart_shop.0.id: Path `id` is required.::
[2025-03-16T02:44:58.037Z] [error]: HIDE::500::ValidationError::Cart validation failed: cart_shop.0.price: Path `price` is required., cart_shop.0.quantity: Path `quantity` is required., cart_shop.0.thumb: Path `thumb` is required., cart_shop.0.name: Path `name` is required., cart_shop.0.id: Path `id` is required.::
[2025-03-16T02:45:48.533Z] [error]: HIDE::500::ValidationError::Cart validation failed: cart_shop.0.price: Path `price` is required., cart_shop.0.quantity: Path `quantity` is required., cart_shop.0.thumb: Path `thumb` is required., cart_shop.0.name: Path `name` is required., cart_shop.0.id: Path `id` is required.::
[2025-03-16T02:46:11.205Z] [error]: HIDE::500::ValidationError::Cart validation failed: cart_shop.0.price: Path `price` is required., cart_shop.0.quantity: Path `quantity` is required., cart_shop.0.thumb: Path `thumb` is required., cart_shop.0.name: Path `name` is required., cart_shop.0.id: Path `id` is required.::
[2025-03-16T02:46:40.240Z] [error]: HIDE::500::ValidationError::Cart validation failed: cart_shop.0.price: Path `price` is required., cart_shop.0.quantity: Path `quantity` is required., cart_shop.0.thumb: Path `thumb` is required., cart_shop.0.name: Path `name` is required., cart_shop.0.id: Path `id` is required.::
[2025-03-16T02:46:57.104Z] [error]: HIDE::500::ValidationError::Cart validation failed: cart_shop.0.price: Path `price` is required., cart_shop.0.quantity: Path `quantity` is required., cart_shop.0.thumb: Path `thumb` is required., cart_shop.0.name: Path `name` is required., cart_shop.0.id: Path `id` is required.::
[2025-03-16T02:47:18.267Z] [error]: HIDE::500::ValidationError::Cart validation failed: cart_shop.0.price: Path `price` is required., cart_shop.0.quantity: Path `quantity` is required., cart_shop.0.thumb: Path `thumb` is required., cart_shop.0.name: Path `name` is required., cart_shop.0.id: Path `id` is required.::
[2025-03-16T02:49:32.736Z] [error]: HIDE::500::TypeError::cart.cart_shop.find is not a function::
[2025-03-16T03:21:47.277Z] [error]: HIDE::404::NotFound::Route not exist!::
[2025-03-16T03:21:50.833Z] [error]: HIDE::500::ValidationError::"user" length must be 24 characters long::
[2025-03-16T03:22:17.746Z] [error]: HIDE::500::ValidationError::"cartShop" is required::
[2025-03-16T03:22:26.177Z] [error]: HIDE::500::ValidationError::"cartShop" must contain at least 1 items::
[2025-03-16T03:22:32.630Z] [error]: HIDE::500::ValidationError::"cartShop[0]" must be of type object::
[2025-03-16T03:22:37.912Z] [error]: HIDE::500::ValidationError::"cartShop[0].shopId" is required::
[2025-03-16T03:22:46.845Z] [error]: HIDE::500::ValidationError::"cartShop[0].products" is required::
[2025-03-16T03:22:57.118Z] [error]: HIDE::500::ValidationError::"cartShop[0].products" must contain at least 1 items::
[2025-03-16T03:23:01.495Z] [error]: HIDE::500::ValidationError::"cartShop[0].products[0]" must be of type object::
[2025-03-16T03:23:05.985Z] [error]: HIDE::500::ValidationError::"cartShop[0].products[0].id" is required::
[2025-03-16T03:23:10.022Z] [error]: HIDE::500::SyntaxError::Expected property name or '}' in JSON at position 142 (line 6 column 13)::
[2025-03-16T03:23:12.588Z] [error]: HIDE::500::ValidationError::"cartShop[0].products[0].id" length must be 24 characters long::
[2025-03-16T03:23:18.337Z] [error]: HIDE::500::ValidationError::"cartShop[0].products[0].quantity" is required::
[2025-03-16T03:25:43.624Z] [error]: HIDE::500::ValidationError::"cartShop[0].products[0].status" is required::
[2025-03-16T03:25:50.671Z] [error]: HIDE::500::ValidationError::"cartShop[0].products[0].status" must be one of [active, inactive]::
[2025-03-16T06:20:31.273Z] [error]: HIDE::500::ValidationError::"user" is not allowed::
[2025-03-16T06:20:36.998Z] [error]: HIDE::500::StrictModeError::Path "userId" is not in schema, strict mode is `true`, and upsert is `true`.::
[2025-03-16T06:21:22.276Z] [error]: HIDE::500::StrictModeError::Path "userId" is not in schema, strict mode is `true`, and upsert is `true`.::
[2025-03-16T06:22:21.498Z] [error]: HIDE::404::NotFound::Not found shop in cart!::
[2025-03-16T06:22:22.930Z] [error]: HIDE::404::NotFound::Not found shop in cart!::
[2025-03-16T06:23:29.440Z] [error]: HIDE::404::NotFound::Not found shop in cart!::
[2025-03-16T06:23:55.674Z] [error]: HIDE::400::BadRequest::Some product is invalid to add cart!::
[2025-03-16T06:23:58.655Z] [error]: HIDE::404::NotFound::Not found shop in cart!::
[2025-03-16T06:24:16.446Z] [error]: HIDE::404::NotFound::Not found shop in cart!::
[2025-03-16T06:24:20.214Z] [error]: HIDE::404::NotFound::Not found shop in cart!::
[2025-03-16T06:24:21.034Z] [error]: HIDE::404::NotFound::Not found shop in cart!::
[2025-03-16T06:24:22.841Z] [error]: HIDE::404::NotFound::Not found shop in cart!::
[2025-03-16T06:24:31.721Z] [error]: HIDE::500::TypeError::cart.save is not a function::
[2025-03-16T06:24:36.062Z] [error]: HIDE::500::TypeError::cart.save is not a function::
[2025-03-16T06:24:59.591Z] [error]: HIDE::404::NotFound::Not found shop in cart!::
[2025-03-16T06:26:15.882Z] [error]: HIDE::404::NotFound::Not found shop in cart!::
[2025-03-16T06:26:16.752Z] [error]: HIDE::404::NotFound::Not found shop in cart!::
[2025-03-16T06:26:30.893Z] [error]: HIDE::404::NotFound::Not found product in cart!::
[2025-03-16T06:26:31.865Z] [error]: HIDE::404::NotFound::Not found product in cart!::
[2025-03-16T08:08:25.628Z] [error]: HIDE::404::NotFound::Not found shop in cart!::
[2025-03-16T08:10:15.595Z] [error]: HIDE::500::ReferenceError::ObjectId is not defined::
[2025-03-16T08:11:41.967Z] [error]: HIDE::404::NotFound::Not found shop in cart!::
[2025-03-16T08:11:54.147Z] [error]: HIDE::404::NotFound::Not found shop in cart!::
[2025-03-16T08:13:36.266Z] [error]: HIDE::404::NotFound::Not found shop in cart!::
[2025-03-16T08:15:24.387Z] [error]: HIDE::500::TypeError::midValue.localeCompare is not a function::
[2025-03-16T08:15:36.219Z] [error]: HIDE::404::NotFound::Not found shop in cart!::
[2025-03-16T08:16:16.349Z] [error]: HIDE::404::NotFound::Not found shop in cart!::
[2025-03-16T08:17:00.314Z] [error]: HIDE::404::NotFound::Not found product in cart!::
[2025-03-16T08:23:37.665Z] [error]: HIDE::404::NotFound::Not found product in cart!::
[2025-03-16T08:24:15.369Z] [error]: HIDE::404::NotFound::Not found product in cart!::
[2025-03-16T08:25:12.251Z] [error]: HIDE::404::NotFound::Not found product in cart!::
[2025-03-16T08:25:40.381Z] [error]: HIDE::404::NotFound::Not found product in cart!::
[2025-03-16T08:26:10.111Z] [error]: HIDE::404::NotFound::Not found product in cart!::
[2025-03-16T08:26:38.947Z] [error]: HIDE::404::NotFound::Not found product in cart!::
[2025-03-16T08:30:44.163Z] [error]: HIDE::404::NotFound::Not found product in cart!::
[2025-03-16T08:31:25.145Z] [error]: HIDE::404::NotFound::Not found product in cart!::
[2025-03-16T08:32:12.472Z] [error]: HIDE::404::NotFound::Not found product in cart!::
[2025-03-16T08:35:20.869Z] [error]: HIDE::404::NotFound::Not found product in cart!::
[2025-03-16T08:37:58.109Z] [error]: HIDE::404::NotFound::Not found product in cart!::
[2025-03-16T08:40:03.335Z] [error]: HIDE::404::NotFound::Not found product in cart!::
[2025-03-16T08:40:05.342Z] [error]: HIDE::404::NotFound::Not found product in cart!::
[2025-03-16T08:41:04.625Z] [error]: HIDE::404::NotFound::Not found product in cart!::
[2025-03-16T08:42:04.119Z] [error]: HIDE::404::NotFound::Not found product in cart!::
[2025-03-16T08:44:39.411Z] [error]: HIDE::404::NotFound::Not found product in cart!::
[2025-03-16T08:55:31.283Z] [error]: HIDE::404::NotFound::Not found product in cart!::
[2025-03-16T08:58:33.343Z] [error]: HIDE::404::NotFound::Not found product in cart!::
[2025-03-16T08:59:00.789Z] [error]: HIDE::404::NotFound::Not found product in cart!::
[2025-03-16T08:59:18.786Z] [error]: HIDE::404::NotFound::Not found product in cart!::
[2025-03-16T08:59:34.198Z] [error]: HIDE::404::NotFound::Not found product in cart!::
[2025-03-16T08:59:50.179Z] [error]: HIDE::404::NotFound::Not found product in cart!::
[2025-03-16T09:01:07.149Z] [error]: HIDE::404::NotFound::Not found product in cart!::
[2025-03-16T09:01:41.177Z] [error]: HIDE::404::NotFound::Not found product in cart!::
[2025-03-16T09:01:53.946Z] [error]: HIDE::404::NotFound::Not found product in cart!::
[2025-03-16T09:02:16.270Z] [error]: HIDE::404::NotFound::Not found product in cart!::
[2025-03-16T09:02:31.331Z] [error]: HIDE::404::NotFound::Not found product in cart!::
[2025-03-16T09:03:53.758Z] [error]: HIDE::404::NotFound::Not found product in cart!::
[2025-03-16T09:07:30.722Z] [error]: HIDE::404::NotFound::Not found product in cart!::
[2025-03-16T09:07:49.287Z] [error]: HIDE::404::NotFound::Not found product in cart!::
[2025-03-16T09:08:17.090Z] [error]: HIDE::404::NotFound::Not found product in cart!::
[2025-03-16T09:13:28.198Z] [error]: HIDE::500::MongoServerError::PlanExecutor error during aggregation :: caused by :: The input argument to $sortArray must be an array, but was of type: string::
[2025-03-16T09:14:15.571Z] [error]: HIDE::404::NotFound::Not found product in cart!::
[2025-03-16T09:14:47.393Z] [error]: HIDE::404::NotFound::Not found product in cart!::
[2025-03-16T09:15:18.840Z] [error]: HIDE::404::NotFound::Not found product in cart!::
[2025-03-16T09:15:33.071Z] [error]: HIDE::404::NotFound::Not found product in cart!::
[2025-03-16T09:16:18.249Z] [error]: HIDE::500::MongoServerError::Invalid $project :: caused by :: FieldPath field names may not be empty strings.::
[2025-03-16T09:18:06.679Z] [error]: HIDE::404::NotFound::Not found product in cart!::
[2025-03-16T09:19:15.292Z] [error]: HIDE::404::NotFound::Not found product in cart!::
[2025-03-16T09:19:48.238Z] [error]: HIDE::404::NotFound::Not found product in cart!::
[2025-03-16T09:25:46.852Z] [error]: HIDE::500::MongoServerError::PlanExecutor error during aggregation :: caused by :: The input argument to $sortArray must be an array, but was of type: object::
[2025-03-16T09:26:12.784Z] [error]: HIDE::404::NotFound::Not found product in cart!::
[2025-03-16T09:26:32.171Z] [error]: HIDE::404::NotFound::Not found product in cart!::
[2025-03-16T09:26:43.199Z] [error]: HIDE::404::NotFound::Not found product in cart!::
[2025-03-16T09:27:47.624Z] [error]: HIDE::500::MongoServerError::Invalid $project :: caused by :: FieldPath field names may not start with '$'. Consider using $getField or $setField.::
[2025-03-16T09:28:48.289Z] [error]: HIDE::404::NotFound::Not found product in cart!::
[2025-03-16T09:29:57.157Z] [error]: HIDE::404::NotFound::Not found product in cart!::
[2025-03-16T09:30:05.853Z] [error]: HIDE::404::NotFound::Not found product in cart!::
[2025-03-16T09:32:35.688Z] [error]: HIDE::500::MongoServerError::FieldPath field names may not start with '$'. Consider using $getField or $setField.::
[2025-03-16T09:32:47.122Z] [error]: HIDE::404::NotFound::Not found product in cart!::
[2025-03-16T09:35:49.889Z] [error]: HIDE::403::Forbidden::Not permission to get this product!::
[2025-03-16T09:37:58.974Z] [error]: HIDE::404::NotFound::Not found product in cart!::
[2025-03-16T09:38:46.727Z] [error]: HIDE::404::NotFound::Not found product in cart!::
[2025-03-16T09:39:03.186Z] [error]: HIDE::404::NotFound::Not found product in cart!::
[2025-03-16T09:39:21.687Z] [error]: HIDE::404::NotFound::Not found product in cart!::
