[2025-03-04T01:31:22.845Z] [error]: MongoNotConnectedError: Client must be connected before running operations
[2025-03-04T01:32:01.347Z] [error]: MongoNotConnectedError: Client must be connected before running operations
[2025-03-04T01:33:03.124Z] [error]: MongoNotConnectedError: Client must be connected before running operations
[2025-03-04T01:34:03.025Z] [error]: MongoNotConnectedError: Client must be connected before running operations
[2025-03-04T01:35:01.564Z] [error]: MongoNotConnectedError: Client must be connected before running operations
[2025-03-04T01:36:03.118Z] [error]: MongoNotConnectedError: Client must be connected before running operations
[2025-03-04T04:21:41.838Z] [error]: HIDE::404::NotFound::User is exists!::
[2025-03-04T04:24:09.048Z] [error]: HIDE::400::ErrorResponse::Invalid request body!::
[2025-03-04T04:31:36.512Z] [error]: HIDE::500::Error::::
[2025-03-04T04:46:25.535Z] [error]: HIDE::403::Forbidden::Invalid token!::
[2025-03-04T04:46:28.512Z] [error]: HIDE::404::NotFound::Key token not found!::
[2025-03-04T04:53:02.074Z] [error]: HIDE::400::ErrorResponse::Invalid request body!::
[2025-03-04T05:50:20.363Z] [error]: MongoServerSelectionError: getaddrinfo EAI_AGAIN cluster0-shard-00-00.q7xyq.mongodb.net
[2025-03-04T05:51:08.363Z] [error]: MongoServerSelectionError: getaddrinfo EAI_AGAIN cluster0-shard-00-00.q7xyq.mongodb.net
[2025-03-04T05:54:28.464Z] [error]: Server closed
[2025-03-04T05:54:28.505Z] [error]: Server closed
[2025-03-04T05:54:28.517Z] [error]: Server closed
[2025-03-04T05:55:02.553Z] [error]: MongoNotConnectedError: Client must be connected before running operations
[2025-03-04T05:55:29.597Z] [error]: HIDE::400::ErrorResponse::Invalid request body!::
[2025-03-04T05:56:02.747Z] [error]: MongoNotConnectedError: Client must be connected before running operations
[2025-03-04T05:56:34.348Z] [error]: HIDE::400::ErrorResponse::Invalid request body!::
[2025-03-04T05:57:02.944Z] [error]: MongoNotConnectedError: Client must be connected before running operations
[2025-03-04T05:57:15.746Z] [error]: HIDE::400::ErrorResponse::Invalid request body!::
[2025-03-04T05:57:56.761Z] [error]: HIDE::400::ErrorResponse::Invalid request body!::
[2025-03-04T05:58:01.558Z] [error]: MongoNotConnectedError: Client must be connected before running operations
[2025-03-04T05:58:38.651Z] [error]: HIDE::400::ErrorResponse::"product_category" must be [[object Object]]::
[2025-03-04T05:58:43.179Z] [error]: HIDE::400::ErrorResponse::"product_id" is required::
[2025-03-04T05:58:46.363Z] [error]: HIDE::400::ErrorResponse::"product_category" must be [[object Object]]::
[2025-03-04T05:59:03.275Z] [error]: MongoNotConnectedError: Client must be connected before running operations
[2025-03-04T05:59:13.027Z] [error]: HIDE::400::ErrorResponse::"product_category" must be [[object Object]]::
[2025-03-04T06:00:03.119Z] [error]: MongoNotConnectedError: Client must be connected before running operations
[2025-03-04T06:01:03.096Z] [error]: MongoNotConnectedError: Client must be connected before running operations
[2025-03-04T06:02:03.039Z] [error]: MongoNotConnectedError: Client must be connected before running operations
[2025-03-04T06:03:01.600Z] [error]: MongoNotConnectedError: Client must be connected before running operations
[2025-03-04T06:03:54.756Z] [error]: HIDE::400::ErrorResponse::"product_category" must be one of [Phone, Clothes]::
[2025-03-04T06:04:03.374Z] [error]: MongoNotConnectedError: Client must be connected before running operations
[2025-03-04T06:05:03.729Z] [error]: MongoNotConnectedError: Client must be connected before running operations
[2025-03-04T06:05:18.761Z] [error]: Server closed
[2025-03-04T06:05:18.798Z] [error]: Server closed
[2025-03-04T06:05:18.800Z] [error]: Server closed
[2025-03-04T06:06:02.989Z] [error]: MongoNotConnectedError: Client must be connected before running operations
[2025-03-04T06:06:02.995Z] [error]: MongoNotConnectedError: Client must be connected before running operations
[2025-03-04T06:07:01.640Z] [error]: MongoNotConnectedError: Client must be connected before running operations
[2025-03-04T06:07:01.654Z] [error]: MongoNotConnectedError: Client must be connected before running operations
[2025-03-04T06:08:03.229Z] [error]: MongoNotConnectedError: Client must be connected before running operations
[2025-03-04T06:08:03.236Z] [error]: MongoNotConnectedError: Client must be connected before running operations
[2025-03-04T07:43:02.476Z] [error]: ReferenceError: jwtPayloadWithHeaderSchema is not defined
[2025-03-04T07:43:02.480Z] [error]: ReferenceError: jwtPayloadWithHeaderSchema is not defined
[2025-03-04T07:43:02.481Z] [error]: ReferenceError: jwtPayloadWithHeaderSchema is not defined
[2025-03-04T07:44:03.011Z] [error]: ReferenceError: jwtPayloadWithHeaderSchema is not defined
[2025-03-04T07:44:03.012Z] [error]: ReferenceError: jwtPayloadWithHeaderSchema is not defined
[2025-03-04T07:44:03.013Z] [error]: ReferenceError: jwtPayloadWithHeaderSchema is not defined
[2025-03-04T07:45:05.896Z] [error]: ReferenceError: jwtPayloadWithHeaderSchema is not defined
[2025-03-04T07:45:05.897Z] [error]: ReferenceError: jwtPayloadWithHeaderSchema is not defined
[2025-03-04T07:45:05.899Z] [error]: ReferenceError: jwtPayloadWithHeaderSchema is not defined
[2025-03-04T07:46:04.925Z] [error]: ReferenceError: jwtPayloadWithHeaderSchema is not defined
[2025-03-04T07:46:04.926Z] [error]: ReferenceError: jwtPayloadWithHeaderSchema is not defined
[2025-03-04T07:46:04.927Z] [error]: ReferenceError: jwtPayloadWithHeaderSchema is not defined
[2025-03-04T07:47:02.961Z] [error]: ReferenceError: jwtPayloadWithHeaderSchema is not defined
[2025-03-04T07:47:02.963Z] [error]: ReferenceError: jwtPayloadWithHeaderSchema is not defined
[2025-03-04T07:47:02.963Z] [error]: ReferenceError: jwtPayloadWithHeaderSchema is not defined
[2025-03-04T07:49:02.569Z] [error]: ReferenceError: jwtPayloadWithHeaderSchema is not defined
[2025-03-04T07:49:02.571Z] [error]: ReferenceError: jwtPayloadWithHeaderSchema is not defined
[2025-03-04T07:49:02.571Z] [error]: ReferenceError: jwtPayloadWithHeaderSchema is not defined
[2025-03-04T07:50:02.582Z] [error]: ReferenceError: jwtPayloadWithHeaderSchema is not defined
[2025-03-04T07:50:02.584Z] [error]: ReferenceError: jwtPayloadWithHeaderSchema is not defined
[2025-03-04T07:50:02.585Z] [error]: ReferenceError: jwtPayloadWithHeaderSchema is not defined
[2025-03-04T07:51:05.008Z] [error]: ReferenceError: jwtPayloadWithHeaderSchema is not defined
[2025-03-04T07:51:05.009Z] [error]: ReferenceError: jwtPayloadWithHeaderSchema is not defined
[2025-03-04T07:51:05.010Z] [error]: ReferenceError: jwtPayloadWithHeaderSchema is not defined
[2025-03-04T07:52:04.905Z] [error]: ReferenceError: jwtPayloadWithHeaderSchema is not defined
[2025-03-04T07:52:04.906Z] [error]: ReferenceError: jwtPayloadWithHeaderSchema is not defined
[2025-03-04T07:52:04.907Z] [error]: ReferenceError: jwtPayloadWithHeaderSchema is not defined
[2025-03-04T07:53:04.505Z] [error]: ReferenceError: jwtPayloadWithHeaderSchema is not defined
[2025-03-04T07:53:04.507Z] [error]: ReferenceError: jwtPayloadWithHeaderSchema is not defined
[2025-03-04T07:53:04.508Z] [error]: ReferenceError: jwtPayloadWithHeaderSchema is not defined
[2025-03-04T07:54:03.323Z] [error]: ReferenceError: jwtPayloadWithHeaderSchema is not defined
[2025-03-04T07:54:03.324Z] [error]: ReferenceError: jwtPayloadWithHeaderSchema is not defined
[2025-03-04T07:54:03.325Z] [error]: ReferenceError: jwtPayloadWithHeaderSchema is not defined
[2025-03-04T07:55:00.160Z] [error]: ReferenceError: jwtPayloadWithHeaderSchema is not defined
[2025-03-04T07:55:00.162Z] [error]: ReferenceError: jwtPayloadWithHeaderSchema is not defined
[2025-03-04T07:55:00.163Z] [error]: ReferenceError: jwtPayloadWithHeaderSchema is not defined
[2025-03-04T07:56:02.892Z] [error]: ReferenceError: jwtPayloadWithHeaderSchema is not defined
[2025-03-04T07:56:02.894Z] [error]: ReferenceError: jwtPayloadWithHeaderSchema is not defined
[2025-03-04T07:56:02.894Z] [error]: ReferenceError: jwtPayloadWithHeaderSchema is not defined
[2025-03-04T07:57:02.861Z] [error]: ReferenceError: jwtPayloadWithHeaderSchema is not defined
[2025-03-04T07:57:02.864Z] [error]: ReferenceError: jwtPayloadWithHeaderSchema is not defined
[2025-03-04T07:57:02.865Z] [error]: ReferenceError: jwtPayloadWithHeaderSchema is not defined
[2025-03-04T07:58:05.427Z] [error]: ReferenceError: jwtPayloadWithHeaderSchema is not defined
[2025-03-04T07:58:05.430Z] [error]: ReferenceError: jwtPayloadWithHeaderSchema is not defined
[2025-03-04T07:58:05.431Z] [error]: ReferenceError: jwtPayloadWithHeaderSchema is not defined
[2025-03-04T07:59:05.432Z] [error]: ReferenceError: jwtPayloadWithHeaderSchema is not defined
[2025-03-04T07:59:05.433Z] [error]: ReferenceError: jwtPayloadWithHeaderSchema is not defined
[2025-03-04T07:59:05.433Z] [error]: ReferenceError: jwtPayloadWithHeaderSchema is not defined
[2025-03-04T08:00:02.757Z] [error]: ReferenceError: jwtPayloadWithHeaderSchema is not defined
[2025-03-04T08:00:02.758Z] [error]: ReferenceError: jwtPayloadWithHeaderSchema is not defined
[2025-03-04T08:00:02.759Z] [error]: ReferenceError: jwtPayloadWithHeaderSchema is not defined
[2025-03-04T08:01:05.619Z] [error]: ReferenceError: jwtPayloadWithHeaderSchema is not defined
[2025-03-04T08:01:05.620Z] [error]: ReferenceError: jwtPayloadWithHeaderSchema is not defined
[2025-03-04T08:01:05.620Z] [error]: ReferenceError: jwtPayloadWithHeaderSchema is not defined
[2025-03-04T08:03:05.183Z] [error]: ReferenceError: jwtPayloadWithHeaderSchema is not defined
[2025-03-04T08:03:05.185Z] [error]: ReferenceError: jwtPayloadWithHeaderSchema is not defined
[2025-03-04T08:03:05.185Z] [error]: ReferenceError: jwtPayloadWithHeaderSchema is not defined
[2025-03-04T08:04:02.645Z] [error]: ReferenceError: jwtPayloadWithHeaderSchema is not defined
[2025-03-04T08:04:02.647Z] [error]: ReferenceError: jwtPayloadWithHeaderSchema is not defined
[2025-03-04T08:04:02.647Z] [error]: ReferenceError: jwtPayloadWithHeaderSchema is not defined
[2025-03-04T08:05:05.300Z] [error]: ReferenceError: jwtPayloadWithHeaderSchema is not defined
[2025-03-04T08:05:05.302Z] [error]: ReferenceError: jwtPayloadWithHeaderSchema is not defined
[2025-03-04T08:05:05.303Z] [error]: ReferenceError: jwtPayloadWithHeaderSchema is not defined
[2025-03-04T08:06:00.396Z] [error]: ReferenceError: jwtPayloadWithHeaderSchema is not defined
[2025-03-04T08:06:00.398Z] [error]: ReferenceError: jwtPayloadWithHeaderSchema is not defined
[2025-03-04T08:06:00.399Z] [error]: ReferenceError: jwtPayloadWithHeaderSchema is not defined
[2025-03-04T08:07:02.755Z] [error]: ReferenceError: jwtPayloadWithHeaderSchema is not defined
[2025-03-04T08:07:02.756Z] [error]: ReferenceError: jwtPayloadWithHeaderSchema is not defined
[2025-03-04T08:07:02.757Z] [error]: ReferenceError: jwtPayloadWithHeaderSchema is not defined
[2025-03-04T08:08:05.288Z] [error]: ReferenceError: jwtPayloadWithHeaderSchema is not defined
[2025-03-04T08:08:05.290Z] [error]: ReferenceError: jwtPayloadWithHeaderSchema is not defined
[2025-03-04T08:08:05.291Z] [error]: ReferenceError: jwtPayloadWithHeaderSchema is not defined
[2025-03-04T08:09:05.440Z] [error]: ReferenceError: jwtPayloadWithHeaderSchema is not defined
[2025-03-04T08:09:05.441Z] [error]: ReferenceError: jwtPayloadWithHeaderSchema is not defined
[2025-03-04T08:09:05.441Z] [error]: ReferenceError: jwtPayloadWithHeaderSchema is not defined
[2025-03-04T08:10:05.208Z] [error]: ReferenceError: jwtPayloadWithHeaderSchema is not defined
[2025-03-04T08:10:05.210Z] [error]: ReferenceError: jwtPayloadWithHeaderSchema is not defined
[2025-03-04T08:10:05.211Z] [error]: ReferenceError: jwtPayloadWithHeaderSchema is not defined
[2025-03-04T08:12:05.282Z] [error]: ReferenceError: jwtPayloadWithHeaderSchema is not defined
[2025-03-04T08:12:05.284Z] [error]: ReferenceError: jwtPayloadWithHeaderSchema is not defined
[2025-03-04T08:12:05.285Z] [error]: ReferenceError: jwtPayloadWithHeaderSchema is not defined
[2025-03-04T08:33:00.080Z] [error]: ReferenceError: jwtPayloadWithHeaderSchema is not defined
[2025-03-04T08:33:00.081Z] [error]: ReferenceError: jwtPayloadWithHeaderSchema is not defined
[2025-03-04T08:33:00.081Z] [error]: ReferenceError: jwtPayloadWithHeaderSchema is not defined
[2025-03-04T08:34:04.353Z] [error]: ReferenceError: jwtPayloadWithHeaderSchema is not defined
[2025-03-04T08:34:04.354Z] [error]: ReferenceError: jwtPayloadWithHeaderSchema is not defined
[2025-03-04T08:34:04.354Z] [error]: ReferenceError: jwtPayloadWithHeaderSchema is not defined
[2025-03-04T08:35:04.057Z] [error]: ReferenceError: jwtPayloadWithHeaderSchema is not defined
[2025-03-04T08:35:04.057Z] [error]: ReferenceError: jwtPayloadWithHeaderSchema is not defined
[2025-03-04T08:35:04.057Z] [error]: ReferenceError: jwtPayloadWithHeaderSchema is not defined
[2025-03-04T08:36:03.451Z] [error]: ReferenceError: jwtPayloadWithHeaderSchema is not defined
[2025-03-04T08:36:03.451Z] [error]: ReferenceError: jwtPayloadWithHeaderSchema is not defined
[2025-03-04T08:36:03.451Z] [error]: ReferenceError: jwtPayloadWithHeaderSchema is not defined
[2025-03-04T08:37:01.831Z] [error]: ReferenceError: jwtPayloadWithHeaderSchema is not defined
[2025-03-04T08:37:01.832Z] [error]: ReferenceError: jwtPayloadWithHeaderSchema is not defined
[2025-03-04T08:37:01.832Z] [error]: ReferenceError: jwtPayloadWithHeaderSchema is not defined
[2025-03-04T08:38:03.620Z] [error]: ReferenceError: jwtPayloadWithHeaderSchema is not defined
[2025-03-04T08:38:03.620Z] [error]: ReferenceError: jwtPayloadWithHeaderSchema is not defined
[2025-03-04T08:38:03.621Z] [error]: ReferenceError: jwtPayloadWithHeaderSchema is not defined
[2025-03-04T08:39:03.631Z] [error]: ReferenceError: jwtPayloadWithHeaderSchema is not defined
[2025-03-04T08:39:03.632Z] [error]: ReferenceError: jwtPayloadWithHeaderSchema is not defined
[2025-03-04T08:39:03.632Z] [error]: ReferenceError: jwtPayloadWithHeaderSchema is not defined
[2025-03-04T08:40:03.867Z] [error]: ReferenceError: jwtPayloadWithHeaderSchema is not defined
[2025-03-04T08:40:03.867Z] [error]: ReferenceError: jwtPayloadWithHeaderSchema is not defined
[2025-03-04T08:40:03.868Z] [error]: ReferenceError: jwtPayloadWithHeaderSchema is not defined
[2025-03-04T08:41:01.958Z] [error]: ReferenceError: jwtPayloadWithHeaderSchema is not defined
[2025-03-04T08:41:01.959Z] [error]: ReferenceError: jwtPayloadWithHeaderSchema is not defined
[2025-03-04T08:41:01.959Z] [error]: ReferenceError: jwtPayloadWithHeaderSchema is not defined
[2025-03-04T08:42:03.847Z] [error]: ReferenceError: jwtPayloadWithHeaderSchema is not defined
[2025-03-04T08:42:03.847Z] [error]: ReferenceError: jwtPayloadWithHeaderSchema is not defined
[2025-03-04T08:42:03.847Z] [error]: ReferenceError: jwtPayloadWithHeaderSchema is not defined
[2025-03-04T08:43:03.749Z] [error]: ReferenceError: jwtPayloadWithHeaderSchema is not defined
[2025-03-04T08:43:03.749Z] [error]: ReferenceError: jwtPayloadWithHeaderSchema is not defined
[2025-03-04T08:43:03.750Z] [error]: ReferenceError: jwtPayloadWithHeaderSchema is not defined
[2025-03-04T08:44:04.279Z] [error]: ReferenceError: jwtPayloadWithHeaderSchema is not defined
[2025-03-04T08:44:04.280Z] [error]: ReferenceError: jwtPayloadWithHeaderSchema is not defined
[2025-03-04T08:44:04.280Z] [error]: ReferenceError: jwtPayloadWithHeaderSchema is not defined
[2025-03-04T08:45:02.169Z] [error]: ReferenceError: jwtPayloadWithHeaderSchema is not defined
[2025-03-04T08:45:02.169Z] [error]: ReferenceError: jwtPayloadWithHeaderSchema is not defined
[2025-03-04T08:45:02.169Z] [error]: ReferenceError: jwtPayloadWithHeaderSchema is not defined
[2025-03-04T08:46:04.478Z] [error]: ReferenceError: jwtPayloadWithHeaderSchema is not defined
[2025-03-04T08:46:04.478Z] [error]: ReferenceError: jwtPayloadWithHeaderSchema is not defined
[2025-03-04T08:46:04.478Z] [error]: ReferenceError: jwtPayloadWithHeaderSchema is not defined
[2025-03-04T08:47:04.142Z] [error]: ReferenceError: jwtPayloadWithHeaderSchema is not defined
[2025-03-04T08:47:04.143Z] [error]: ReferenceError: jwtPayloadWithHeaderSchema is not defined
[2025-03-04T08:47:04.143Z] [error]: ReferenceError: jwtPayloadWithHeaderSchema is not defined
[2025-03-04T08:48:04.032Z] [error]: ReferenceError: jwtPayloadWithHeaderSchema is not defined
[2025-03-04T08:48:04.033Z] [error]: ReferenceError: jwtPayloadWithHeaderSchema is not defined
[2025-03-04T08:48:04.033Z] [error]: ReferenceError: jwtPayloadWithHeaderSchema is not defined
[2025-03-04T08:49:02.915Z] [error]: ReferenceError: jwtPayloadWithHeaderSchema is not defined
[2025-03-04T08:49:02.915Z] [error]: ReferenceError: jwtPayloadWithHeaderSchema is not defined
[2025-03-04T08:49:02.915Z] [error]: ReferenceError: jwtPayloadWithHeaderSchema is not defined
[2025-03-04T08:50:04.046Z] [error]: ReferenceError: jwtPayloadWithHeaderSchema is not defined
[2025-03-04T08:50:04.046Z] [error]: ReferenceError: jwtPayloadWithHeaderSchema is not defined
[2025-03-04T08:50:04.046Z] [error]: ReferenceError: jwtPayloadWithHeaderSchema is not defined
[2025-03-04T08:51:02.095Z] [error]: ReferenceError: jwtPayloadWithHeaderSchema is not defined
[2025-03-04T08:51:02.096Z] [error]: ReferenceError: jwtPayloadWithHeaderSchema is not defined
[2025-03-04T08:51:02.096Z] [error]: ReferenceError: jwtPayloadWithHeaderSchema is not defined
[2025-03-04T08:52:04.130Z] [error]: ReferenceError: jwtPayloadWithHeaderSchema is not defined
[2025-03-04T08:52:04.130Z] [error]: ReferenceError: jwtPayloadWithHeaderSchema is not defined
[2025-03-04T08:52:04.130Z] [error]: ReferenceError: jwtPayloadWithHeaderSchema is not defined
[2025-03-04T08:52:09.578Z] [error]: Server closed
[2025-03-04T08:52:09.592Z] [error]: Server closed
[2025-03-04T08:52:09.609Z] [error]: Server closed
[2025-03-04T08:53:04.068Z] [error]: MongoNotConnectedError: Client must be connected before running operations
[2025-03-04T08:54:04.150Z] [error]: MongoNotConnectedError: Client must be connected before running operations
[2025-03-04T08:55:02.097Z] [error]: MongoNotConnectedError: Client must be connected before running operations
[2025-03-04T08:56:04.628Z] [error]: MongoNotConnectedError: Client must be connected before running operations
[2025-03-04T08:57:05.055Z] [error]: MongoNotConnectedError: Client must be connected before running operations
[2025-03-04T08:58:02.572Z] [error]: MongoNotConnectedError: Client must be connected before running operations
[2025-03-04T08:59:04.714Z] [error]: MongoNotConnectedError: Client must be connected before running operations
[2025-03-04T09:00:05.118Z] [error]: MongoNotConnectedError: Client must be connected before running operations
[2025-03-04T09:01:05.016Z] [error]: MongoNotConnectedError: Client must be connected before running operations
[2025-03-04T09:02:02.564Z] [error]: MongoNotConnectedError: Client must be connected before running operations
[2025-03-04T09:03:04.965Z] [error]: MongoNotConnectedError: Client must be connected before running operations
[2025-03-04T09:04:04.840Z] [error]: MongoNotConnectedError: Client must be connected before running operations
[2025-03-04T09:05:04.684Z] [error]: MongoNotConnectedError: Client must be connected before running operations
[2025-03-04T09:06:02.337Z] [error]: MongoNotConnectedError: Client must be connected before running operations
[2025-03-04T09:07:04.255Z] [error]: MongoNotConnectedError: Client must be connected before running operations
[2025-03-04T09:08:04.167Z] [error]: MongoNotConnectedError: Client must be connected before running operations
[2025-03-04T09:09:02.446Z] [error]: MongoNotConnectedError: Client must be connected before running operations
[2025-03-04T09:10:04.922Z] [error]: MongoNotConnectedError: Client must be connected before running operations
[2025-03-04T09:11:04.892Z] [error]: MongoNotConnectedError: Client must be connected before running operations
[2025-03-04T09:12:05.017Z] [error]: MongoNotConnectedError: Client must be connected before running operations
[2025-03-04T09:13:02.524Z] [error]: MongoNotConnectedError: Client must be connected before running operations
[2025-03-04T09:14:04.291Z] [error]: MongoNotConnectedError: Client must be connected before running operations
[2025-03-04T09:15:03.303Z] [error]: MongoNotConnectedError: Client must be connected before running operations
[2025-03-04T09:16:03.407Z] [error]: MongoNotConnectedError: Client must be connected before running operations
[2025-03-04T09:17:01.781Z] [error]: MongoNotConnectedError: Client must be connected before running operations
[2025-03-04T09:18:03.681Z] [error]: MongoNotConnectedError: Client must be connected before running operations
[2025-03-04T09:19:03.576Z] [error]: MongoNotConnectedError: Client must be connected before running operations
[2025-03-04T09:20:03.512Z] [error]: MongoNotConnectedError: Client must be connected before running operations
[2025-03-04T09:21:01.892Z] [error]: MongoNotConnectedError: Client must be connected before running operations
[2025-03-04T09:22:03.867Z] [error]: MongoNotConnectedError: Client must be connected before running operations
[2025-03-04T09:23:04.021Z] [error]: MongoNotConnectedError: Client must be connected before running operations
[2025-03-04T09:24:03.952Z] [error]: MongoNotConnectedError: Client must be connected before running operations
[2025-03-04T09:25:02.045Z] [error]: MongoNotConnectedError: Client must be connected before running operations
[2025-03-04T09:26:04.198Z] [error]: MongoNotConnectedError: Client must be connected before running operations
[2025-03-04T09:27:04.179Z] [error]: MongoNotConnectedError: Client must be connected before running operations
[2025-03-04T09:28:04.194Z] [error]: MongoNotConnectedError: Client must be connected before running operations
[2025-03-04T09:29:02.164Z] [error]: MongoNotConnectedError: Client must be connected before running operations
[2025-03-04T09:30:01.452Z] [error]: MongoNotConnectedError: Client must be connected before running operations
[2025-03-04T09:31:03.185Z] [error]: MongoNotConnectedError: Client must be connected before running operations
[2025-03-04T09:32:03.798Z] [error]: MongoNotConnectedError: Client must be connected before running operations
[2025-03-04T09:33:02.029Z] [error]: MongoNotConnectedError: Client must be connected before running operations
[2025-03-04T09:34:03.616Z] [error]: MongoNotConnectedError: Client must be connected before running operations
[2025-03-04T09:35:03.383Z] [error]: MongoNotConnectedError: Client must be connected before running operations
[2025-03-04T09:36:03.920Z] [error]: MongoNotConnectedError: Client must be connected before running operations
[2025-03-04T09:37:01.999Z] [error]: MongoNotConnectedError: Client must be connected before running operations
[2025-03-04T09:38:03.417Z] [error]: MongoNotConnectedError: Client must be connected before running operations
[2025-03-04T09:39:03.436Z] [error]: MongoNotConnectedError: Client must be connected before running operations
[2025-03-04T09:40:03.493Z] [error]: MongoNotConnectedError: Client must be connected before running operations
[2025-03-04T09:41:01.747Z] [error]: MongoNotConnectedError: Client must be connected before running operations
[2025-03-04T09:42:03.515Z] [error]: MongoNotConnectedError: Client must be connected before running operations
[2025-03-04T09:43:03.520Z] [error]: MongoNotConnectedError: Client must be connected before running operations
[2025-03-04T09:44:03.462Z] [error]: MongoNotConnectedError: Client must be connected before running operations
