[2025-06-07T01:40:19.225Z] [error]: connection <monitor> to 159.143.58.14:27017 timed out
[2025-06-07T01:41:30.207Z] [error]: Failed to connect
[2025-06-07T01:42:01.447Z] [error]: Redis error: Error: Failed to connect
[2025-06-07T04:51:57.071Z] [error]: HIDE::404::NotFound::Route is not exists::
[2025-06-07T04:51:57.215Z] [error]: HIDE::404::NotFound::Route is not exists::
[2025-06-07T04:53:42.542Z] [error]: HIDE::404::NotFound::Route is not exists::
[2025-06-07T04:55:29.760Z] [error]: Redis error: Error: Socket closed unexpectedly
[2025-06-07T04:56:50.420Z] [error]: HIDE::403::Forbidden::Token not found!::
[2025-06-07T04:56:50.550Z] [error]: HIDE::404::NotFound::Route is not exists::
[2025-06-07T04:56:52.221Z] [error]: HIDE::403::Forbidden::Username or password is not correct!::
[2025-06-07T04:56:56.879Z] [error]: HIDE::404::NotFound::Not found file!::
[2025-06-07T04:58:37.820Z] [error]: HIDE::403::Forbidden::Token not found!::
[2025-06-07T04:58:37.826Z] [error]: HIDE::403::Forbidden::Token not found!::
[2025-06-07T04:58:38.506Z] [error]: HIDE::404::NotFound::Not found file!::
[2025-06-07T04:58:41.210Z] [error]: HIDE::403::Forbidden::Token not found!::
[2025-06-07T04:58:41.215Z] [error]: HIDE::403::Forbidden::Token not found!::
[2025-06-07T04:58:41.540Z] [error]: HIDE::403::Forbidden::Token not found!::
[2025-06-07T04:58:41.561Z] [error]: HIDE::403::Forbidden::Token not found!::
[2025-06-07T04:59:15.287Z] [error]: HIDE::403::Forbidden::Token not found!::
[2025-06-07T04:59:16.219Z] [error]: HIDE::403::Forbidden::Token not found!::
[2025-06-07T04:59:16.227Z] [error]: HIDE::403::Forbidden::Token not found!::
[2025-06-07T04:59:54.239Z] [error]: HIDE::404::NotFound::Not found file!::
[2025-06-07T05:46:27.012Z] [error]: HIDE::404::NotFound::Not found file!::
[2025-06-07T05:46:38.035Z] [error]: HIDE::404::NotFound::Not found file!::
[2025-06-07T06:46:26.905Z] [error]: Redis error: Error: Socket closed unexpectedly
[2025-06-07T06:46:41.623Z] [error]: Redis error: Error: Socket closed unexpectedly
[2025-06-07T06:47:08.186Z] [error]: Redis error: Error: Socket closed unexpectedly
[2025-06-07T06:47:18.316Z] [error]: Redis error: Error: Failed to connect
[2025-06-07T06:47:18.318Z] [error]: Redis error: Error: Failed to connect
[2025-06-07T06:47:32.307Z] [error]: Redis error: Error: Socket closed unexpectedly
[2025-06-07T06:47:41.755Z] [error]: Redis error: Error: Socket closed unexpectedly
[2025-06-07T06:47:53.024Z] [error]: Redis error: Error: Socket closed unexpectedly
[2025-06-07T15:01:17.675Z] [error]: HIDE::404::NotFound::Not found file!::
[2025-06-07T15:01:21.296Z] [error]: HIDE::404::NotFound::Not found file!::
[2025-06-07T15:05:47.531Z] [error]: Redis error: Error: Socket closed unexpectedly
[2025-06-07T15:09:34.685Z] [error]: Redis error: Error: Socket closed unexpectedly
[2025-06-07T15:09:46.213Z] [error]: Redis error: Error: Socket closed unexpectedly
[2025-06-07T15:18:58.652Z] [error]: Redis error: Error: Socket closed unexpectedly
[2025-06-07T15:21:23.917Z] [error]: HIDE::404::NotFound::Not found file!::
[2025-06-07T15:23:30.592Z] [error]: HIDE::400::ValidationError::"product_thumb" is required::
[2025-06-07T15:23:38.157Z] [error]: HIDE::400::ValidationError::"product_thumb" is required::
[2025-06-07T15:26:33.471Z] [error]: HIDE::400::ValidationError::"product_thumb" is required::
[2025-06-07T15:27:25.432Z] [error]: HIDE::400::ValidationError::"product_thumb" is required::
[2025-06-07T15:30:14.931Z] [error]: HIDE::400::BadRequest::[
  {
    "code": "invalid_type",
    "expected": "array",
    "received": "string",
    "path": [
      "sku_updates"
    ],
    "message": "Expected array, received string"
  }
]::
[2025-06-07T15:33:42.396Z] [error]: HIDE::404::NotFound::Not found file!::
[2025-06-07T15:39:04.837Z] [error]: HIDE::404::NotFound::Not found file!::
[2025-06-07T15:40:27.920Z] [error]: HIDE::404::NotFound::Not found file!::
[2025-06-07T15:42:09.713Z] [error]: HIDE::404::NotFound::Not found file!::
[2025-06-07T15:45:29.213Z] [error]: HIDE::404::NotFound::Not found file!::
[2025-06-07T15:46:14.433Z] [error]: HIDE::404::NotFound::Not found file!::
[2025-06-07T15:49:34.982Z] [error]: HIDE::404::NotFound::Not found file!::
[2025-06-07T15:52:37.019Z] [error]: HIDE::404::NotFound::Not found file!::
[2025-06-07T15:54:49.086Z] [error]: HIDE::400::BadRequest::[
  {
    "code": "too_small",
    "minimum": 24,
    "type": "string",
    "inclusive": true,
    "exact": true,
    "message": "String must contain exactly 24 character(s)",
    "path": []
  },
  {
    "validation": "regex",
    "code": "invalid_string",
    "message": "Invalid",
    "path": []
  }
]::
[2025-06-07T15:54:49.804Z] [error]: HIDE::400::BadRequest::[
  {
    "code": "too_small",
    "minimum": 24,
    "type": "string",
    "inclusive": true,
    "exact": true,
    "message": "String must contain exactly 24 character(s)",
    "path": []
  },
  {
    "validation": "regex",
    "code": "invalid_string",
    "message": "Invalid",
    "path": []
  }
]::
[2025-06-07T15:54:58.528Z] [error]: HIDE::404::NotFound::Not found file!::
[2025-06-07T15:55:01.860Z] [error]: HIDE::400::BadRequest::[
  {
    "code": "too_small",
    "minimum": 24,
    "type": "string",
    "inclusive": true,
    "exact": true,
    "message": "String must contain exactly 24 character(s)",
    "path": []
  },
  {
    "validation": "regex",
    "code": "invalid_string",
    "message": "Invalid",
    "path": []
  }
]::
[2025-06-07T15:55:14.331Z] [error]: HIDE::400::BadRequest::[
  {
    "code": "too_small",
    "minimum": 24,
    "type": "string",
    "inclusive": true,
    "exact": true,
    "message": "String must contain exactly 24 character(s)",
    "path": []
  },
  {
    "validation": "regex",
    "code": "invalid_string",
    "message": "Invalid",
    "path": []
  }
]::
[2025-06-07T15:55:25.584Z] [error]: HIDE::400::BadRequest::[
  {
    "code": "too_small",
    "minimum": 24,
    "type": "string",
    "inclusive": true,
    "exact": true,
    "message": "String must contain exactly 24 character(s)",
    "path": []
  },
  {
    "validation": "regex",
    "code": "invalid_string",
    "message": "Invalid",
    "path": []
  }
]::
[2025-06-07T15:55:40.435Z] [error]: HIDE::400::BadRequest::[
  {
    "code": "too_small",
    "minimum": 24,
    "type": "string",
    "inclusive": true,
    "exact": true,
    "message": "String must contain exactly 24 character(s)",
    "path": []
  },
  {
    "validation": "regex",
    "code": "invalid_string",
    "message": "Invalid",
    "path": []
  }
]::
[2025-06-07T15:56:13.434Z] [error]: HIDE::400::BadRequest::[
  {
    "code": "too_small",
    "minimum": 24,
    "type": "string",
    "inclusive": true,
    "exact": true,
    "message": "String must contain exactly 24 character(s)",
    "path": []
  },
  {
    "validation": "regex",
    "code": "invalid_string",
    "message": "Invalid",
    "path": []
  }
]::
[2025-06-07T16:27:55.459Z] [error]: HIDE::400::BadRequest::[
  {
    "code": "invalid_type",
    "expected": "string",
    "received": "null",
    "path": [
      "sku_updates",
      0,
      "sku_images_to_remove",
      0
    ],
    "message": "Expected string, received null"
  },
  {
    "code": "invalid_type",
    "expected": "string",
    "received": "null",
    "path": [
      "sku_updates",
      0,
      "sku_images_to_remove",
      1
    ],
    "message": "Expected string, received null"
  },
  {
    "code": "invalid_type",
    "expected": "string",
    "received": "null",
    "path": [
      "sku_updates",
      0,
      "sku_images_to_remove",
      2
    ],
    "message": "Expected string, received null"
  },
  {
    "code": "invalid_type",
    "expected": "string",
    "received": "null",
    "path": [
      "sku_updates",
      0,
      "sku_images_to_remove",
      3
    ],
    "message": "Expected string, received null"
  }
]::
[2025-06-07T16:28:03.702Z] [error]: HIDE::400::BadRequest::[
  {
    "code": "invalid_type",
    "expected": "string",
    "received": "null",
    "path": [
      "sku_updates",
      0,
      "sku_images_to_remove",
      0
    ],
    "message": "Expected string, received null"
  },
  {
    "code": "invalid_type",
    "expected": "string",
    "received": "null",
    "path": [
      "sku_updates",
      0,
      "sku_images_to_remove",
      1
    ],
    "message": "Expected string, received null"
  },
  {
    "code": "invalid_type",
    "expected": "string",
    "received": "null",
    "path": [
      "sku_updates",
      0,
      "sku_images_to_remove",
      2
    ],
    "message": "Expected string, received null"
  },
  {
    "code": "invalid_type",
    "expected": "string",
    "received": "null",
    "path": [
      "sku_updates",
      0,
      "sku_images_to_remove",
      3
    ],
    "message": "Expected string, received null"
  }
]::
[2025-06-07T16:39:55.972Z] [error]: HIDE::404::NotFound::Not found file!::
