[2025-06-07T01:42:03.260Z] [info]: Cleanup key token: 1 key token cleaned
[2025-06-07T01:42:03.266Z] [info]: Cleanup key token: 0 refresh token used cleaned
[2025-06-07T01:43:00.166Z] [info]: Cleanup key token: 1 key token cleaned
[2025-06-07T01:43:00.168Z] [info]: Cleanup key token: 0 refresh token used cleaned
[2025-06-07T01:44:00.112Z] [info]: Cleanup key token: 1 key token cleaned
[2025-06-07T01:44:00.114Z] [info]: Cleanup key token: 0 refresh token used cleaned
[2025-06-07T01:45:00.129Z] [info]: Cleanup key token: 1 key token cleaned
[2025-06-07T01:45:00.130Z] [info]: Cleanup key token: 0 refresh token used cleaned
[2025-06-07T01:46:00.249Z] [info]: Cleanup key token: 1 key token cleaned
[2025-06-07T01:46:00.250Z] [info]: Cleanup key token: 0 refresh token used cleaned
[2025-06-07T01:47:00.284Z] [info]: Cleanup key token: 1 key token cleaned
[2025-06-07T01:47:00.287Z] [info]: Cleanup key token: 0 refresh token used cleaned
[2025-06-07T01:48:00.118Z] [info]: Cleanup key token: 1 key token cleaned
[2025-06-07T01:48:00.120Z] [info]: Cleanup key token: 0 refresh token used cleaned
[2025-06-07T01:49:00.178Z] [info]: Cleanup key token: 1 key token cleaned
[2025-06-07T01:49:00.179Z] [info]: Cleanup key token: 0 refresh token used cleaned
[2025-06-07T01:50:00.131Z] [info]: Cleanup key token: 1 key token cleaned
[2025-06-07T01:50:00.132Z] [info]: Cleanup key token: 0 refresh token used cleaned
[2025-06-07T01:51:00.179Z] [info]: Cleanup key token: 1 key token cleaned
[2025-06-07T01:51:00.180Z] [info]: Cleanup key token: 0 refresh token used cleaned
[2025-06-07T01:52:00.180Z] [info]: Cleanup key token: 1 key token cleaned
[2025-06-07T01:52:00.181Z] [info]: Cleanup key token: 0 refresh token used cleaned
[2025-06-07T01:53:00.181Z] [info]: Cleanup key token: 1 key token cleaned
[2025-06-07T01:53:00.183Z] [info]: Cleanup key token: 0 refresh token used cleaned
[2025-06-07T01:54:00.281Z] [info]: Cleanup key token: 1 key token cleaned
[2025-06-07T01:54:00.282Z] [info]: Cleanup key token: 0 refresh token used cleaned
[2025-06-07T01:55:00.152Z] [info]: Cleanup key token: 1 key token cleaned
[2025-06-07T01:55:00.153Z] [info]: Cleanup key token: 0 refresh token used cleaned
[2025-06-07T01:56:00.111Z] [info]: Cleanup key token: 1 key token cleaned
[2025-06-07T01:56:00.113Z] [info]: Cleanup key token: 0 refresh token used cleaned
[2025-06-07T01:57:00.121Z] [info]: Cleanup key token: 1 key token cleaned
[2025-06-07T01:57:00.123Z] [info]: Cleanup key token: 0 refresh token used cleaned
[2025-06-07T01:58:00.196Z] [info]: Cleanup key token: 1 key token cleaned
[2025-06-07T01:58:00.197Z] [info]: Cleanup key token: 0 refresh token used cleaned
[2025-06-07T01:59:00.206Z] [info]: Cleanup key token: 1 key token cleaned
[2025-06-07T01:59:00.207Z] [info]: Cleanup key token: 0 refresh token used cleaned
[2025-06-07T02:00:00.210Z] [info]: Cleanup key token: 1 key token cleaned
[2025-06-07T02:00:00.212Z] [info]: Cleanup key token: 0 refresh token used cleaned
[2025-06-07T02:01:00.421Z] [info]: Cleanup key token: 1 key token cleaned
[2025-06-07T02:01:00.423Z] [info]: Cleanup key token: 0 refresh token used cleaned
[2025-06-07T02:02:00.223Z] [info]: Cleanup key token: 1 key token cleaned
[2025-06-07T02:02:00.225Z] [info]: Cleanup key token: 0 refresh token used cleaned
[2025-06-07T02:03:00.151Z] [info]: Cleanup key token: 1 key token cleaned
[2025-06-07T02:03:00.152Z] [info]: Cleanup key token: 0 refresh token used cleaned
[2025-06-07T02:04:00.135Z] [info]: Cleanup key token: 1 key token cleaned
[2025-06-07T02:04:00.136Z] [info]: Cleanup key token: 0 refresh token used cleaned
[2025-06-07T02:05:00.441Z] [info]: Cleanup key token: 1 key token cleaned
[2025-06-07T02:05:00.441Z] [info]: Cleanup key token: 0 refresh token used cleaned
[2025-06-07T02:06:00.218Z] [info]: Cleanup key token: 1 key token cleaned
[2025-06-07T02:06:00.219Z] [info]: Cleanup key token: 0 refresh token used cleaned
[2025-06-07T02:07:00.148Z] [info]: Cleanup key token: 1 key token cleaned
[2025-06-07T02:07:00.148Z] [info]: Cleanup key token: 0 refresh token used cleaned
[2025-06-07T02:08:00.579Z] [info]: Cleanup key token: 1 key token cleaned
[2025-06-07T02:08:00.580Z] [info]: Cleanup key token: 0 refresh token used cleaned
[2025-06-07T02:09:00.263Z] [info]: Cleanup key token: 1 key token cleaned
[2025-06-07T02:09:00.266Z] [info]: Cleanup key token: 0 refresh token used cleaned
[2025-06-07T02:10:00.151Z] [info]: Cleanup key token: 1 key token cleaned
[2025-06-07T02:10:00.154Z] [info]: Cleanup key token: 0 refresh token used cleaned
[2025-06-07T02:11:00.243Z] [info]: Cleanup key token: 1 key token cleaned
[2025-06-07T02:11:00.244Z] [info]: Cleanup key token: 0 refresh token used cleaned
[2025-06-07T02:12:00.237Z] [info]: Cleanup key token: 1 key token cleaned
[2025-06-07T02:12:00.238Z] [info]: Cleanup key token: 0 refresh token used cleaned
[2025-06-07T02:13:00.231Z] [info]: Cleanup key token: 1 key token cleaned
[2025-06-07T02:13:00.232Z] [info]: Cleanup key token: 0 refresh token used cleaned
[2025-06-07T02:14:00.281Z] [info]: Cleanup key token: 1 key token cleaned
[2025-06-07T02:14:00.283Z] [info]: Cleanup key token: 0 refresh token used cleaned
[2025-06-07T02:15:00.145Z] [info]: Cleanup key token: 1 key token cleaned
[2025-06-07T02:15:00.147Z] [info]: Cleanup key token: 0 refresh token used cleaned
[2025-06-07T02:16:00.226Z] [info]: Cleanup key token: 1 key token cleaned
[2025-06-07T02:16:00.227Z] [info]: Cleanup key token: 0 refresh token used cleaned
[2025-06-07T02:17:00.299Z] [info]: Cleanup key token: 1 key token cleaned
[2025-06-07T02:17:00.300Z] [info]: Cleanup key token: 0 refresh token used cleaned
[2025-06-07T02:18:00.491Z] [info]: Cleanup key token: 1 key token cleaned
[2025-06-07T02:18:00.493Z] [info]: Cleanup key token: 0 refresh token used cleaned
[2025-06-07T02:19:00.265Z] [info]: Cleanup key token: 1 key token cleaned
[2025-06-07T02:19:00.266Z] [info]: Cleanup key token: 0 refresh token used cleaned
[2025-06-07T02:20:00.318Z] [info]: Cleanup key token: 1 key token cleaned
[2025-06-07T02:20:00.319Z] [info]: Cleanup key token: 0 refresh token used cleaned
[2025-06-07T02:21:00.223Z] [info]: Cleanup key token: 1 key token cleaned
[2025-06-07T02:21:00.224Z] [info]: Cleanup key token: 0 refresh token used cleaned
[2025-06-07T02:22:00.301Z] [info]: Cleanup key token: 1 key token cleaned
[2025-06-07T02:22:00.301Z] [info]: Cleanup key token: 0 refresh token used cleaned
[2025-06-07T02:23:00.362Z] [info]: Cleanup key token: 1 key token cleaned
[2025-06-07T02:23:00.363Z] [info]: Cleanup key token: 0 refresh token used cleaned
[2025-06-07T02:24:00.205Z] [info]: Cleanup key token: 1 key token cleaned
[2025-06-07T02:24:00.206Z] [info]: Cleanup key token: 0 refresh token used cleaned
[2025-06-07T02:25:00.400Z] [info]: Cleanup key token: 1 key token cleaned
[2025-06-07T02:25:00.401Z] [info]: Cleanup key token: 0 refresh token used cleaned
[2025-06-07T02:26:00.253Z] [info]: Cleanup key token: 1 key token cleaned
[2025-06-07T02:26:00.254Z] [info]: Cleanup key token: 0 refresh token used cleaned
[2025-06-07T02:27:00.260Z] [info]: Cleanup key token: 1 key token cleaned
[2025-06-07T02:27:00.261Z] [info]: Cleanup key token: 0 refresh token used cleaned
[2025-06-07T02:28:00.270Z] [info]: Cleanup key token: 1 key token cleaned
[2025-06-07T02:28:00.271Z] [info]: Cleanup key token: 0 refresh token used cleaned
[2025-06-07T02:29:01.612Z] [info]: Cleanup key token: 1 key token cleaned
[2025-06-07T02:29:01.614Z] [info]: Cleanup key token: 0 refresh token used cleaned
[2025-06-07T02:30:00.516Z] [info]: Cleanup key token: 1 key token cleaned
[2025-06-07T02:30:00.517Z] [info]: Cleanup key token: 0 refresh token used cleaned
[2025-06-07T02:31:00.229Z] [info]: Cleanup key token: 1 key token cleaned
[2025-06-07T02:31:00.230Z] [info]: Cleanup key token: 0 refresh token used cleaned
[2025-06-07T02:32:00.215Z] [info]: Cleanup key token: 1 key token cleaned
[2025-06-07T02:32:00.216Z] [info]: Cleanup key token: 0 refresh token used cleaned
[2025-06-07T02:33:00.224Z] [info]: Cleanup key token: 1 key token cleaned
[2025-06-07T02:33:00.225Z] [info]: Cleanup key token: 0 refresh token used cleaned
[2025-06-07T02:34:00.656Z] [info]: Cleanup key token: 1 key token cleaned
[2025-06-07T02:34:00.657Z] [info]: Cleanup key token: 0 refresh token used cleaned
[2025-06-07T02:35:00.197Z] [info]: Cleanup key token: 1 key token cleaned
[2025-06-07T02:35:00.198Z] [info]: Cleanup key token: 0 refresh token used cleaned
[2025-06-07T02:36:00.298Z] [info]: Cleanup key token: 1 key token cleaned
[2025-06-07T02:36:00.299Z] [info]: Cleanup key token: 0 refresh token used cleaned
[2025-06-07T02:37:00.240Z] [info]: Cleanup key token: 1 key token cleaned
[2025-06-07T02:37:00.241Z] [info]: Cleanup key token: 0 refresh token used cleaned
[2025-06-07T02:38:00.203Z] [info]: Cleanup key token: 1 key token cleaned
[2025-06-07T02:38:00.204Z] [info]: Cleanup key token: 0 refresh token used cleaned
[2025-06-07T02:39:00.188Z] [info]: Cleanup key token: 1 key token cleaned
[2025-06-07T02:39:00.190Z] [info]: Cleanup key token: 0 refresh token used cleaned
[2025-06-07T02:40:00.217Z] [info]: Cleanup key token: 1 key token cleaned
[2025-06-07T02:40:00.218Z] [info]: Cleanup key token: 0 refresh token used cleaned
[2025-06-07T02:41:00.145Z] [info]: Cleanup key token: 1 key token cleaned
[2025-06-07T02:41:00.146Z] [info]: Cleanup key token: 0 refresh token used cleaned
[2025-06-07T02:42:00.544Z] [info]: Cleanup key token: 1 key token cleaned
[2025-06-07T02:42:00.545Z] [info]: Cleanup key token: 0 refresh token used cleaned
[2025-06-07T02:43:00.229Z] [info]: Cleanup key token: 1 key token cleaned
[2025-06-07T02:43:00.229Z] [info]: Cleanup key token: 0 refresh token used cleaned
[2025-06-07T02:44:00.231Z] [info]: Cleanup key token: 1 key token cleaned
[2025-06-07T02:44:00.232Z] [info]: Cleanup key token: 0 refresh token used cleaned
[2025-06-07T02:45:00.152Z] [info]: Cleanup key token: 1 key token cleaned
[2025-06-07T02:45:00.152Z] [info]: Cleanup key token: 0 refresh token used cleaned
[2025-06-07T02:46:00.231Z] [info]: Cleanup key token: 1 key token cleaned
[2025-06-07T02:46:00.232Z] [info]: Cleanup key token: 0 refresh token used cleaned
[2025-06-07T02:47:00.210Z] [info]: Cleanup key token: 1 key token cleaned
[2025-06-07T02:47:00.210Z] [info]: Cleanup key token: 0 refresh token used cleaned
[2025-06-07T02:48:00.365Z] [info]: Cleanup key token: 1 key token cleaned
[2025-06-07T02:48:00.366Z] [info]: Cleanup key token: 0 refresh token used cleaned
[2025-06-07T02:49:00.264Z] [info]: Cleanup key token: 1 key token cleaned
[2025-06-07T02:49:00.265Z] [info]: Cleanup key token: 0 refresh token used cleaned
[2025-06-07T02:50:00.736Z] [info]: Cleanup key token: 1 key token cleaned
[2025-06-07T02:50:00.737Z] [info]: Cleanup key token: 0 refresh token used cleaned
[2025-06-07T02:51:00.152Z] [info]: Cleanup key token: 1 key token cleaned
[2025-06-07T02:51:00.153Z] [info]: Cleanup key token: 0 refresh token used cleaned
[2025-06-07T02:52:00.357Z] [info]: Cleanup key token: 1 key token cleaned
[2025-06-07T02:52:00.358Z] [info]: Cleanup key token: 0 refresh token used cleaned
[2025-06-07T02:53:00.688Z] [info]: Cleanup key token: 1 key token cleaned
[2025-06-07T02:53:00.689Z] [info]: Cleanup key token: 0 refresh token used cleaned
[2025-06-07T02:54:00.431Z] [info]: Cleanup key token: 1 key token cleaned
[2025-06-07T02:54:00.431Z] [info]: Cleanup key token: 0 refresh token used cleaned
[2025-06-07T02:55:00.259Z] [info]: Cleanup key token: 1 key token cleaned
[2025-06-07T02:55:00.260Z] [info]: Cleanup key token: 0 refresh token used cleaned
[2025-06-07T02:56:00.147Z] [info]: Cleanup key token: 1 key token cleaned
[2025-06-07T02:56:00.148Z] [info]: Cleanup key token: 0 refresh token used cleaned
[2025-06-07T02:57:00.210Z] [info]: Cleanup key token: 1 key token cleaned
[2025-06-07T02:57:00.211Z] [info]: Cleanup key token: 0 refresh token used cleaned
[2025-06-07T02:58:00.316Z] [info]: Cleanup key token: 1 key token cleaned
[2025-06-07T02:58:00.317Z] [info]: Cleanup key token: 0 refresh token used cleaned
[2025-06-07T02:59:00.299Z] [info]: Cleanup key token: 1 key token cleaned
[2025-06-07T02:59:00.302Z] [info]: Cleanup key token: 0 refresh token used cleaned
[2025-06-07T04:50:07.586Z] [info]: Socket.IO service initialized
[2025-06-07T04:51:01.650Z] [info]: Cleanup key token: 1 key token cleaned
[2025-06-07T04:51:01.652Z] [info]: Cleanup key token: 0 refresh token used cleaned
[2025-06-07T04:52:00.067Z] [info]: Cleanup key token: 0 key token cleaned
[2025-06-07T04:52:00.067Z] [info]: Cleanup key token: 0 refresh token used cleaned
[2025-06-07T04:53:00.403Z] [info]: Cleanup key token: 0 key token cleaned
[2025-06-07T04:53:00.403Z] [info]: Cleanup key token: 0 refresh token used cleaned
[2025-06-07T04:54:01.549Z] [info]: Cleanup key token: 0 key token cleaned
[2025-06-07T04:54:01.549Z] [info]: Cleanup key token: 0 refresh token used cleaned
[2025-06-07T04:55:00.088Z] [info]: Cleanup key token: 0 key token cleaned
[2025-06-07T04:55:00.089Z] [info]: Cleanup key token: 0 refresh token used cleaned
[2025-06-07T04:56:00.970Z] [info]: Cleanup key token: 0 key token cleaned
[2025-06-07T04:56:00.970Z] [info]: Cleanup key token: 0 refresh token used cleaned
[2025-06-07T04:57:00.904Z] [info]: Cleanup key token: 1 key token cleaned
[2025-06-07T04:57:00.905Z] [info]: Cleanup key token: 0 refresh token used cleaned
[2025-06-07T04:58:01.031Z] [info]: Cleanup key token: 1 key token cleaned
[2025-06-07T04:58:01.032Z] [info]: Cleanup key token: 0 refresh token used cleaned
[2025-06-07T04:59:00.120Z] [info]: Cleanup key token: 1 key token cleaned
[2025-06-07T04:59:00.123Z] [info]: Cleanup key token: 0 refresh token used cleaned
[2025-06-07T05:00:01.102Z] [info]: Cleanup key token: 2 key token cleaned
[2025-06-07T05:00:01.103Z] [info]: Cleanup key token: 0 refresh token used cleaned
[2025-06-07T05:01:01.079Z] [info]: Cleanup key token: 2 key token cleaned
[2025-06-07T05:01:01.079Z] [info]: Cleanup key token: 0 refresh token used cleaned
[2025-06-07T05:02:00.116Z] [info]: Cleanup key token: 2 key token cleaned
[2025-06-07T05:02:00.117Z] [info]: Cleanup key token: 0 refresh token used cleaned
[2025-06-07T05:03:01.005Z] [info]: Cleanup key token: 2 key token cleaned
[2025-06-07T05:03:01.005Z] [info]: Cleanup key token: 0 refresh token used cleaned
[2025-06-07T05:04:01.025Z] [info]: Cleanup key token: 2 key token cleaned
[2025-06-07T05:04:01.026Z] [info]: Cleanup key token: 0 refresh token used cleaned
[2025-06-07T05:05:00.989Z] [info]: Cleanup key token: 2 key token cleaned
[2025-06-07T05:05:00.990Z] [info]: Cleanup key token: 0 refresh token used cleaned
[2025-06-07T05:06:00.111Z] [info]: Cleanup key token: 2 key token cleaned
[2025-06-07T05:06:00.111Z] [info]: Cleanup key token: 0 refresh token used cleaned
[2025-06-07T05:07:00.960Z] [info]: Cleanup key token: 2 key token cleaned
[2025-06-07T05:07:00.961Z] [info]: Cleanup key token: 0 refresh token used cleaned
[2025-06-07T05:08:00.981Z] [info]: Cleanup key token: 2 key token cleaned
[2025-06-07T05:08:00.981Z] [info]: Cleanup key token: 0 refresh token used cleaned
[2025-06-07T05:09:00.272Z] [info]: Cleanup key token: 2 key token cleaned
[2025-06-07T05:09:00.273Z] [info]: Cleanup key token: 0 refresh token used cleaned
[2025-06-07T05:10:01.217Z] [info]: Cleanup key token: 2 key token cleaned
[2025-06-07T05:10:01.217Z] [info]: Cleanup key token: 0 refresh token used cleaned
[2025-06-07T05:11:01.490Z] [info]: Cleanup key token: 2 key token cleaned
[2025-06-07T05:11:01.491Z] [info]: Cleanup key token: 0 refresh token used cleaned
[2025-06-07T05:12:00.182Z] [info]: Cleanup key token: 2 key token cleaned
[2025-06-07T05:12:00.182Z] [info]: Cleanup key token: 0 refresh token used cleaned
[2025-06-07T05:13:00.820Z] [info]: Cleanup key token: 2 key token cleaned
[2025-06-07T05:13:00.822Z] [info]: Cleanup key token: 0 refresh token used cleaned
[2025-06-07T05:14:01.098Z] [info]: Cleanup key token: 2 key token cleaned
[2025-06-07T05:14:01.099Z] [info]: Cleanup key token: 0 refresh token used cleaned
[2025-06-07T05:15:00.897Z] [info]: Cleanup key token: 2 key token cleaned
[2025-06-07T05:15:00.899Z] [info]: Cleanup key token: 0 refresh token used cleaned
[2025-06-07T05:16:00.121Z] [info]: Cleanup key token: 2 key token cleaned
[2025-06-07T05:16:00.122Z] [info]: Cleanup key token: 0 refresh token used cleaned
[2025-06-07T05:17:00.956Z] [info]: Cleanup key token: 2 key token cleaned
[2025-06-07T05:17:00.957Z] [info]: Cleanup key token: 0 refresh token used cleaned
[2025-06-07T05:18:00.989Z] [info]: Cleanup key token: 2 key token cleaned
[2025-06-07T05:18:00.989Z] [info]: Cleanup key token: 0 refresh token used cleaned
[2025-06-07T05:19:00.133Z] [info]: Cleanup key token: 2 key token cleaned
[2025-06-07T05:19:00.133Z] [info]: Cleanup key token: 0 refresh token used cleaned
[2025-06-07T05:20:00.883Z] [info]: Cleanup key token: 2 key token cleaned
[2025-06-07T05:20:00.883Z] [info]: Cleanup key token: 0 refresh token used cleaned
[2025-06-07T05:21:01.420Z] [info]: Cleanup key token: 2 key token cleaned
[2025-06-07T05:21:01.421Z] [info]: Cleanup key token: 0 refresh token used cleaned
[2025-06-07T05:22:00.115Z] [info]: Cleanup key token: 2 key token cleaned
[2025-06-07T05:22:00.116Z] [info]: Cleanup key token: 0 refresh token used cleaned
[2025-06-07T05:23:00.762Z] [info]: Cleanup key token: 2 key token cleaned
[2025-06-07T05:23:00.763Z] [info]: Cleanup key token: 0 refresh token used cleaned
[2025-06-07T05:24:01.031Z] [info]: Cleanup key token: 2 key token cleaned
[2025-06-07T05:24:01.031Z] [info]: Cleanup key token: 0 refresh token used cleaned
[2025-06-07T05:25:01.218Z] [info]: Cleanup key token: 2 key token cleaned
[2025-06-07T05:25:01.219Z] [info]: Cleanup key token: 0 refresh token used cleaned
[2025-06-07T05:26:00.518Z] [info]: Cleanup key token: 2 key token cleaned
[2025-06-07T05:26:00.519Z] [info]: Cleanup key token: 0 refresh token used cleaned
[2025-06-07T05:27:00.913Z] [info]: Cleanup key token: 2 key token cleaned
[2025-06-07T05:27:00.914Z] [info]: Cleanup key token: 0 refresh token used cleaned
[2025-06-07T05:28:01.011Z] [info]: Cleanup key token: 2 key token cleaned
[2025-06-07T05:28:01.013Z] [info]: Cleanup key token: 0 refresh token used cleaned
[2025-06-07T05:29:00.175Z] [info]: Cleanup key token: 2 key token cleaned
[2025-06-07T05:29:00.176Z] [info]: Cleanup key token: 0 refresh token used cleaned
[2025-06-07T05:30:00.729Z] [info]: Cleanup key token: 2 key token cleaned
[2025-06-07T05:30:00.729Z] [info]: Cleanup key token: 0 refresh token used cleaned
[2025-06-07T05:31:01.323Z] [info]: Cleanup key token: 2 key token cleaned
[2025-06-07T05:31:01.324Z] [info]: Cleanup key token: 0 refresh token used cleaned
[2025-06-07T05:32:03.112Z] [info]: Cleanup key token: 2 key token cleaned
[2025-06-07T05:32:03.113Z] [info]: Cleanup key token: 0 refresh token used cleaned
[2025-06-07T05:33:00.112Z] [info]: Cleanup key token: 2 key token cleaned
[2025-06-07T05:33:00.112Z] [info]: Cleanup key token: 0 refresh token used cleaned
[2025-06-07T05:34:00.857Z] [info]: Cleanup key token: 2 key token cleaned
[2025-06-07T05:34:00.857Z] [info]: Cleanup key token: 0 refresh token used cleaned
[2025-06-07T05:35:00.980Z] [info]: Cleanup key token: 2 key token cleaned
[2025-06-07T05:35:00.980Z] [info]: Cleanup key token: 0 refresh token used cleaned
[2025-06-07T05:36:00.132Z] [info]: Cleanup key token: 2 key token cleaned
[2025-06-07T05:36:00.133Z] [info]: Cleanup key token: 0 refresh token used cleaned
[2025-06-07T05:37:00.950Z] [info]: Cleanup key token: 2 key token cleaned
[2025-06-07T05:37:00.952Z] [info]: Cleanup key token: 0 refresh token used cleaned
[2025-06-07T05:38:01.035Z] [info]: Cleanup key token: 2 key token cleaned
[2025-06-07T05:38:01.035Z] [info]: Cleanup key token: 0 refresh token used cleaned
[2025-06-07T05:39:00.172Z] [info]: Cleanup key token: 2 key token cleaned
[2025-06-07T05:39:00.172Z] [info]: Cleanup key token: 0 refresh token used cleaned
[2025-06-07T05:40:01.029Z] [info]: Cleanup key token: 2 key token cleaned
[2025-06-07T05:40:01.030Z] [info]: Cleanup key token: 0 refresh token used cleaned
[2025-06-07T05:41:01.109Z] [info]: Cleanup key token: 2 key token cleaned
[2025-06-07T05:41:01.111Z] [info]: Cleanup key token: 0 refresh token used cleaned
[2025-06-07T05:42:03.163Z] [info]: Cleanup key token: 2 key token cleaned
[2025-06-07T05:42:03.164Z] [info]: Cleanup key token: 0 refresh token used cleaned
[2025-06-07T05:43:00.097Z] [info]: Cleanup key token: 2 key token cleaned
[2025-06-07T05:43:00.098Z] [info]: Cleanup key token: 0 refresh token used cleaned
[2025-06-07T05:44:01.218Z] [info]: Cleanup key token: 2 key token cleaned
[2025-06-07T05:44:01.219Z] [info]: Cleanup key token: 0 refresh token used cleaned
[2025-06-07T05:45:01.213Z] [info]: Cleanup key token: 2 key token cleaned
[2025-06-07T05:45:01.214Z] [info]: Cleanup key token: 0 refresh token used cleaned
[2025-06-07T05:46:00.161Z] [info]: Cleanup key token: 2 key token cleaned
[2025-06-07T05:46:00.162Z] [info]: Cleanup key token: 0 refresh token used cleaned
[2025-06-07T05:47:00.995Z] [info]: Cleanup key token: 2 key token cleaned
[2025-06-07T05:47:00.996Z] [info]: Cleanup key token: 0 refresh token used cleaned
[2025-06-07T05:48:01.038Z] [info]: Cleanup key token: 2 key token cleaned
[2025-06-07T05:48:01.040Z] [info]: Cleanup key token: 0 refresh token used cleaned
[2025-06-07T05:49:00.110Z] [info]: Cleanup key token: 2 key token cleaned
[2025-06-07T05:49:00.110Z] [info]: Cleanup key token: 0 refresh token used cleaned
[2025-06-07T05:50:00.937Z] [info]: Cleanup key token: 2 key token cleaned
[2025-06-07T05:50:00.938Z] [info]: Cleanup key token: 0 refresh token used cleaned
[2025-06-07T05:51:01.094Z] [info]: Cleanup key token: 2 key token cleaned
[2025-06-07T05:51:01.094Z] [info]: Cleanup key token: 0 refresh token used cleaned
[2025-06-07T05:52:00.183Z] [info]: Cleanup key token: 2 key token cleaned
[2025-06-07T05:52:00.185Z] [info]: Cleanup key token: 0 refresh token used cleaned
[2025-06-07T05:53:00.689Z] [info]: Cleanup key token: 2 key token cleaned
[2025-06-07T05:53:00.690Z] [info]: Cleanup key token: 0 refresh token used cleaned
[2025-06-07T05:54:01.173Z] [info]: Cleanup key token: 2 key token cleaned
[2025-06-07T05:54:01.174Z] [info]: Cleanup key token: 0 refresh token used cleaned
[2025-06-07T05:55:04.369Z] [info]: Socket.IO service initialized
[2025-06-07T05:56:00.887Z] [info]: Cleanup key token: 2 key token cleaned
[2025-06-07T05:56:00.889Z] [info]: Cleanup key token: 0 refresh token used cleaned
[2025-06-07T05:57:01.324Z] [info]: Cleanup key token: 2 key token cleaned
[2025-06-07T05:57:01.325Z] [info]: Cleanup key token: 0 refresh token used cleaned
[2025-06-07T05:58:01.153Z] [info]: Cleanup key token: 2 key token cleaned
[2025-06-07T05:58:01.153Z] [info]: Cleanup key token: 0 refresh token used cleaned
[2025-06-07T05:59:00.442Z] [info]: Cleanup key token: 2 key token cleaned
[2025-06-07T05:59:00.442Z] [info]: Cleanup key token: 0 refresh token used cleaned
[2025-06-07T06:00:01.168Z] [info]: Cleanup key token: 2 key token cleaned
[2025-06-07T06:00:01.169Z] [info]: Cleanup key token: 0 refresh token used cleaned
[2025-06-07T06:01:01.257Z] [info]: Cleanup key token: 2 key token cleaned
[2025-06-07T06:01:01.258Z] [info]: Cleanup key token: 0 refresh token used cleaned
[2025-06-07T06:02:00.139Z] [info]: Cleanup key token: 2 key token cleaned
[2025-06-07T06:02:00.140Z] [info]: Cleanup key token: 0 refresh token used cleaned
[2025-06-07T06:02:30.144Z] [info]: Socket.IO service initialized
[2025-06-07T06:03:01.008Z] [info]: Cleanup key token: 2 key token cleaned
[2025-06-07T06:03:01.009Z] [info]: Cleanup key token: 0 refresh token used cleaned
[2025-06-07T06:04:01.010Z] [info]: Cleanup key token: 2 key token cleaned
[2025-06-07T06:04:01.012Z] [info]: Cleanup key token: 0 refresh token used cleaned
[2025-06-07T06:05:00.135Z] [info]: Cleanup key token: 2 key token cleaned
[2025-06-07T06:05:00.135Z] [info]: Cleanup key token: 0 refresh token used cleaned
[2025-06-07T06:06:01.096Z] [info]: Cleanup key token: 2 key token cleaned
[2025-06-07T06:06:01.097Z] [info]: Cleanup key token: 0 refresh token used cleaned
[2025-06-07T06:07:01.388Z] [info]: Cleanup key token: 2 key token cleaned
[2025-06-07T06:07:01.389Z] [info]: Cleanup key token: 0 refresh token used cleaned
[2025-06-07T06:08:02.923Z] [info]: Cleanup key token: 2 key token cleaned
[2025-06-07T06:08:02.924Z] [info]: Cleanup key token: 0 refresh token used cleaned
[2025-06-07T06:09:01.473Z] [info]: Cleanup key token: 2 key token cleaned
[2025-06-07T06:09:01.475Z] [info]: Cleanup key token: 0 refresh token used cleaned
[2025-06-07T06:10:01.107Z] [info]: Cleanup key token: 2 key token cleaned
[2025-06-07T06:10:01.112Z] [info]: Cleanup key token: 0 refresh token used cleaned
[2025-06-07T06:11:01.181Z] [info]: Cleanup key token: 2 key token cleaned
[2025-06-07T06:11:01.183Z] [info]: Cleanup key token: 0 refresh token used cleaned
[2025-06-07T06:12:00.177Z] [info]: Cleanup key token: 2 key token cleaned
[2025-06-07T06:12:00.179Z] [info]: Cleanup key token: 0 refresh token used cleaned
[2025-06-07T06:13:01.300Z] [info]: Cleanup key token: 2 key token cleaned
[2025-06-07T06:13:01.301Z] [info]: Cleanup key token: 0 refresh token used cleaned
[2025-06-07T06:14:01.593Z] [info]: Cleanup key token: 2 key token cleaned
[2025-06-07T06:14:01.601Z] [info]: Cleanup key token: 0 refresh token used cleaned
[2025-06-07T06:15:00.186Z] [info]: Cleanup key token: 2 key token cleaned
[2025-06-07T06:15:00.187Z] [info]: Cleanup key token: 0 refresh token used cleaned
[2025-06-07T06:16:01.321Z] [info]: Cleanup key token: 2 key token cleaned
[2025-06-07T06:16:01.324Z] [info]: Cleanup key token: 0 refresh token used cleaned
[2025-06-07T06:17:01.357Z] [info]: Cleanup key token: 2 key token cleaned
[2025-06-07T06:17:01.358Z] [info]: Cleanup key token: 0 refresh token used cleaned
[2025-06-07T06:18:00.146Z] [info]: Cleanup key token: 2 key token cleaned
[2025-06-07T06:18:00.147Z] [info]: Cleanup key token: 0 refresh token used cleaned
[2025-06-07T06:19:01.012Z] [info]: Cleanup key token: 2 key token cleaned
[2025-06-07T06:19:01.013Z] [info]: Cleanup key token: 0 refresh token used cleaned
[2025-06-07T06:20:01.137Z] [info]: Cleanup key token: 2 key token cleaned
[2025-06-07T06:20:01.140Z] [info]: Cleanup key token: 0 refresh token used cleaned
[2025-06-07T06:21:02.840Z] [info]: Cleanup key token: 2 key token cleaned
[2025-06-07T06:21:02.841Z] [info]: Cleanup key token: 0 refresh token used cleaned
[2025-06-07T06:22:00.152Z] [info]: Cleanup key token: 2 key token cleaned
[2025-06-07T06:22:00.153Z] [info]: Cleanup key token: 0 refresh token used cleaned
[2025-06-07T06:23:01.005Z] [info]: Cleanup key token: 2 key token cleaned
[2025-06-07T06:23:01.005Z] [info]: Cleanup key token: 0 refresh token used cleaned
[2025-06-07T06:23:16.180Z] [info]: Socket.IO service initialized
[2025-06-07T06:23:28.156Z] [info]: Socket.IO service initialized
[2025-06-07T06:23:31.135Z] [info]: Socket.IO service initialized
[2025-06-07T06:23:36.684Z] [info]: Socket.IO service initialized
[2025-06-07T06:23:41.538Z] [info]: Socket.IO service initialized
[2025-06-07T06:23:47.788Z] [info]: Socket.IO service initialized
[2025-06-07T06:23:49.850Z] [info]: Socket.IO service initialized
[2025-06-07T06:23:52.537Z] [info]: Socket.IO service initialized
[2025-06-07T06:23:59.501Z] [info]: Socket.IO service initialized
[2025-06-07T06:24:01.519Z] [info]: Socket.IO service initialized
[2025-06-07T06:24:12.691Z] [info]: Socket.IO service initialized
[2025-06-07T06:25:00.208Z] [info]: Cleanup key token: 2 key token cleaned
[2025-06-07T06:25:00.209Z] [info]: Cleanup key token: 0 refresh token used cleaned
[2025-06-07T06:26:00.985Z] [info]: Cleanup key token: 2 key token cleaned
[2025-06-07T06:26:00.986Z] [info]: Cleanup key token: 0 refresh token used cleaned
[2025-06-07T06:27:01.151Z] [info]: Cleanup key token: 2 key token cleaned
[2025-06-07T06:27:01.153Z] [info]: Cleanup key token: 0 refresh token used cleaned
[2025-06-07T06:28:00.169Z] [info]: Cleanup key token: 2 key token cleaned
[2025-06-07T06:28:00.170Z] [info]: Cleanup key token: 0 refresh token used cleaned
[2025-06-07T06:29:01.118Z] [info]: Cleanup key token: 2 key token cleaned
[2025-06-07T06:29:01.118Z] [info]: Cleanup key token: 0 refresh token used cleaned
[2025-06-07T06:30:01.551Z] [info]: Cleanup key token: 2 key token cleaned
[2025-06-07T06:30:01.552Z] [info]: Cleanup key token: 0 refresh token used cleaned
[2025-06-07T06:31:00.180Z] [info]: Cleanup key token: 2 key token cleaned
[2025-06-07T06:31:00.181Z] [info]: Cleanup key token: 0 refresh token used cleaned
[2025-06-07T06:32:01.077Z] [info]: Cleanup key token: 2 key token cleaned
[2025-06-07T06:32:01.078Z] [info]: Cleanup key token: 0 refresh token used cleaned
[2025-06-07T06:33:01.406Z] [info]: Cleanup key token: 2 key token cleaned
[2025-06-07T06:33:01.406Z] [info]: Cleanup key token: 0 refresh token used cleaned
[2025-06-07T06:34:00.124Z] [info]: Cleanup key token: 2 key token cleaned
[2025-06-07T06:34:00.125Z] [info]: Cleanup key token: 0 refresh token used cleaned
[2025-06-07T06:35:01.045Z] [info]: Cleanup key token: 2 key token cleaned
[2025-06-07T06:35:01.046Z] [info]: Cleanup key token: 0 refresh token used cleaned
[2025-06-07T06:36:01.424Z] [info]: Cleanup key token: 2 key token cleaned
[2025-06-07T06:36:01.424Z] [info]: Cleanup key token: 0 refresh token used cleaned
[2025-06-07T06:37:03.007Z] [info]: Cleanup key token: 2 key token cleaned
[2025-06-07T06:37:03.007Z] [info]: Cleanup key token: 0 refresh token used cleaned
[2025-06-07T06:38:00.133Z] [info]: Cleanup key token: 2 key token cleaned
[2025-06-07T06:38:00.134Z] [info]: Cleanup key token: 0 refresh token used cleaned
[2025-06-07T06:39:01.002Z] [info]: Cleanup key token: 2 key token cleaned
[2025-06-07T06:39:01.003Z] [info]: Cleanup key token: 0 refresh token used cleaned
[2025-06-07T06:40:01.025Z] [info]: Cleanup key token: 2 key token cleaned
[2025-06-07T06:40:01.026Z] [info]: Cleanup key token: 0 refresh token used cleaned
[2025-06-07T06:41:00.132Z] [info]: Cleanup key token: 2 key token cleaned
[2025-06-07T06:41:00.133Z] [info]: Cleanup key token: 0 refresh token used cleaned
[2025-06-07T06:42:00.939Z] [info]: Cleanup key token: 2 key token cleaned
[2025-06-07T06:42:00.941Z] [info]: Cleanup key token: 0 refresh token used cleaned
[2025-06-07T06:43:01.128Z] [info]: Cleanup key token: 2 key token cleaned
[2025-06-07T06:43:01.129Z] [info]: Cleanup key token: 0 refresh token used cleaned
[2025-06-07T06:44:00.173Z] [info]: Cleanup key token: 2 key token cleaned
[2025-06-07T06:44:00.174Z] [info]: Cleanup key token: 0 refresh token used cleaned
[2025-06-07T06:45:00.623Z] [info]: Cleanup key token: 2 key token cleaned
[2025-06-07T06:45:00.624Z] [info]: Cleanup key token: 0 refresh token used cleaned
[2025-06-07T06:46:01.218Z] [info]: Cleanup key token: 2 key token cleaned
[2025-06-07T06:46:01.219Z] [info]: Cleanup key token: 0 refresh token used cleaned
[2025-06-07T06:47:26.174Z] [info]: Cleanup key token: 2 key token cleaned
[2025-06-07T06:47:26.176Z] [info]: Cleanup key token: 0 refresh token used cleaned
[2025-06-07T14:58:57.185Z] [info]: Socket.IO service initialized
[2025-06-07T14:59:00.154Z] [info]: Cleanup key token: 2 key token cleaned
[2025-06-07T14:59:00.154Z] [info]: Cleanup key token: 0 refresh token used cleaned
[2025-06-07T15:00:52.396Z] [info]: Socket.IO service initialized
[2025-06-07T15:01:00.133Z] [info]: Cleanup key token: 2 key token cleaned
[2025-06-07T15:01:00.134Z] [info]: Cleanup key token: 0 refresh token used cleaned
[2025-06-07T15:02:00.898Z] [info]: Cleanup key token: 2 key token cleaned
[2025-06-07T15:02:00.899Z] [info]: Cleanup key token: 0 refresh token used cleaned
[2025-06-07T15:03:00.991Z] [info]: Cleanup key token: 2 key token cleaned
[2025-06-07T15:03:00.991Z] [info]: Cleanup key token: 0 refresh token used cleaned
[2025-06-07T15:04:00.093Z] [info]: Cleanup key token: 2 key token cleaned
[2025-06-07T15:04:00.094Z] [info]: Cleanup key token: 0 refresh token used cleaned
[2025-06-07T15:05:01.157Z] [info]: Cleanup key token: 2 key token cleaned
[2025-06-07T15:05:01.158Z] [info]: Cleanup key token: 0 refresh token used cleaned
[2025-06-07T15:06:03.395Z] [info]: Cleanup key token: 2 key token cleaned
[2025-06-07T15:06:03.396Z] [info]: Cleanup key token: 0 refresh token used cleaned
[2025-06-07T15:07:02.942Z] [info]: Cleanup key token: 2 key token cleaned
[2025-06-07T15:07:02.943Z] [info]: Cleanup key token: 0 refresh token used cleaned
[2025-06-07T15:08:01.172Z] [info]: Cleanup key token: 2 key token cleaned
[2025-06-07T15:08:01.172Z] [info]: Cleanup key token: 0 refresh token used cleaned
[2025-06-07T15:09:01.512Z] [info]: Cleanup key token: 2 key token cleaned
[2025-06-07T15:09:01.512Z] [info]: Cleanup key token: 0 refresh token used cleaned
[2025-06-07T15:10:03.373Z] [info]: Cleanup key token: 2 key token cleaned
[2025-06-07T15:10:03.373Z] [info]: Cleanup key token: 0 refresh token used cleaned
[2025-06-07T15:11:00.268Z] [info]: Cleanup key token: 2 key token cleaned
[2025-06-07T15:11:00.269Z] [info]: Cleanup key token: 0 refresh token used cleaned
[2025-06-07T15:12:00.973Z] [info]: Cleanup key token: 2 key token cleaned
[2025-06-07T15:12:00.974Z] [info]: Cleanup key token: 0 refresh token used cleaned
[2025-06-07T15:13:01.097Z] [info]: Cleanup key token: 2 key token cleaned
[2025-06-07T15:13:01.097Z] [info]: Cleanup key token: 0 refresh token used cleaned
[2025-06-07T15:14:02.250Z] [info]: Cleanup key token: 2 key token cleaned
[2025-06-07T15:14:02.251Z] [info]: Cleanup key token: 0 refresh token used cleaned
[2025-06-07T15:15:00.207Z] [info]: Cleanup key token: 2 key token cleaned
[2025-06-07T15:15:00.208Z] [info]: Cleanup key token: 0 refresh token used cleaned
[2025-06-07T15:16:01.389Z] [info]: Cleanup key token: 2 key token cleaned
[2025-06-07T15:16:01.390Z] [info]: Cleanup key token: 0 refresh token used cleaned
[2025-06-07T15:17:00.736Z] [info]: Cleanup key token: 2 key token cleaned
[2025-06-07T15:17:00.737Z] [info]: Cleanup key token: 0 refresh token used cleaned
[2025-06-07T15:18:00.252Z] [info]: Cleanup key token: 2 key token cleaned
[2025-06-07T15:18:00.252Z] [info]: Cleanup key token: 0 refresh token used cleaned
[2025-06-07T15:19:02.051Z] [info]: Cleanup key token: 2 key token cleaned
[2025-06-07T15:19:02.051Z] [info]: Cleanup key token: 0 refresh token used cleaned
[2025-06-07T15:20:01.382Z] [info]: Cleanup key token: 2 key token cleaned
[2025-06-07T15:20:01.383Z] [info]: Cleanup key token: 0 refresh token used cleaned
[2025-06-07T15:21:00.173Z] [info]: Cleanup key token: 2 key token cleaned
[2025-06-07T15:21:00.174Z] [info]: Cleanup key token: 0 refresh token used cleaned
[2025-06-07T15:22:01.351Z] [info]: Cleanup key token: 2 key token cleaned
[2025-06-07T15:22:01.353Z] [info]: Cleanup key token: 0 refresh token used cleaned
[2025-06-07T15:23:01.170Z] [info]: Cleanup key token: 2 key token cleaned
[2025-06-07T15:23:01.170Z] [info]: Cleanup key token: 0 refresh token used cleaned
[2025-06-07T15:24:00.191Z] [info]: Cleanup key token: 2 key token cleaned
[2025-06-07T15:24:00.191Z] [info]: Cleanup key token: 0 refresh token used cleaned
[2025-06-07T15:25:01.533Z] [info]: Cleanup key token: 2 key token cleaned
[2025-06-07T15:25:01.534Z] [info]: Cleanup key token: 0 refresh token used cleaned
[2025-06-07T15:25:27.695Z] [info]: Socket.IO service initialized
[2025-06-07T15:25:31.413Z] [info]: Socket.IO service initialized
[2025-06-07T15:25:35.899Z] [info]: Socket.IO service initialized
[2025-06-07T15:25:46.515Z] [info]: Socket.IO service initialized
[2025-06-07T15:26:03.244Z] [info]: Cleanup key token: 2 key token cleaned
[2025-06-07T15:26:03.244Z] [info]: Cleanup key token: 0 refresh token used cleaned
[2025-06-07T15:27:02.796Z] [info]: Cleanup key token: 2 key token cleaned
[2025-06-07T15:27:02.796Z] [info]: Cleanup key token: 0 refresh token used cleaned
[2025-06-07T15:28:00.185Z] [info]: Cleanup key token: 2 key token cleaned
[2025-06-07T15:28:00.189Z] [info]: Cleanup key token: 0 refresh token used cleaned
[2025-06-07T15:28:53.489Z] [info]: Socket.IO service initialized
[2025-06-07T15:29:00.146Z] [info]: Cleanup key token: 2 key token cleaned
[2025-06-07T15:29:00.146Z] [info]: Cleanup key token: 0 refresh token used cleaned
[2025-06-07T15:29:03.634Z] [info]: Socket.IO service initialized
[2025-06-07T15:29:12.956Z] [info]: Socket.IO service initialized
[2025-06-07T15:29:33.213Z] [info]: Socket.IO service initialized
[2025-06-07T15:30:00.716Z] [info]: Cleanup key token: 2 key token cleaned
[2025-06-07T15:30:00.717Z] [info]: Cleanup key token: 0 refresh token used cleaned
[2025-06-07T15:31:00.133Z] [info]: Cleanup key token: 2 key token cleaned
[2025-06-07T15:31:00.134Z] [info]: Cleanup key token: 0 refresh token used cleaned
[2025-06-07T15:31:20.720Z] [info]: Socket.IO service initialized
[2025-06-07T15:31:27.057Z] [info]: Socket.IO service initialized
[2025-06-07T15:31:36.566Z] [info]: Socket.IO service initialized
[2025-06-07T15:31:45.160Z] [info]: Socket.IO service initialized
[2025-06-07T15:31:55.243Z] [info]: Socket.IO service initialized
[2025-06-07T15:32:00.142Z] [info]: Cleanup key token: 2 key token cleaned
[2025-06-07T15:32:00.143Z] [info]: Cleanup key token: 0 refresh token used cleaned
[2025-06-07T15:32:10.843Z] [info]: Socket.IO service initialized
[2025-06-07T15:33:00.985Z] [info]: Cleanup key token: 2 key token cleaned
[2025-06-07T15:33:00.986Z] [info]: Cleanup key token: 0 refresh token used cleaned
[2025-06-07T15:34:02.690Z] [info]: Cleanup key token: 2 key token cleaned
[2025-06-07T15:34:02.691Z] [info]: Cleanup key token: 0 refresh token used cleaned
[2025-06-07T15:35:00.127Z] [info]: Cleanup key token: 2 key token cleaned
[2025-06-07T15:35:00.127Z] [info]: Cleanup key token: 0 refresh token used cleaned
[2025-06-07T15:36:00.961Z] [info]: Cleanup key token: 2 key token cleaned
[2025-06-07T15:36:00.962Z] [info]: Cleanup key token: 0 refresh token used cleaned
[2025-06-07T15:37:00.894Z] [info]: Cleanup key token: 2 key token cleaned
[2025-06-07T15:37:00.894Z] [info]: Cleanup key token: 0 refresh token used cleaned
[2025-06-07T15:37:37.566Z] [info]: Socket.IO service initialized
[2025-06-07T15:37:50.491Z] [info]: Socket.IO service initialized
[2025-06-07T15:37:50.491Z] [info]: Socket.IO service initialized
[2025-06-07T15:37:50.540Z] [info]: Socket.IO service initialized
[2025-06-07T15:37:50.545Z] [info]: Socket.IO service initialized
[2025-06-07T15:38:00.222Z] [info]: Cleanup key token: 2 key token cleaned
[2025-06-07T15:38:00.225Z] [info]: Cleanup key token: 0 refresh token used cleaned
[2025-06-07T15:38:20.257Z] [info]: Socket.IO service initialized
[2025-06-07T15:38:20.297Z] [info]: Socket.IO service initialized
[2025-06-07T15:38:20.355Z] [info]: Socket.IO service initialized
[2025-06-07T15:38:20.367Z] [info]: Socket.IO service initialized
[2025-06-07T15:38:36.093Z] [info]: Socket.IO service initialized
[2025-06-07T15:38:36.093Z] [info]: Socket.IO service initialized
[2025-06-07T15:38:36.162Z] [info]: Socket.IO service initialized
[2025-06-07T15:38:36.168Z] [info]: Socket.IO service initialized
[2025-06-07T15:39:01.037Z] [info]: Cleanup key token: 2 key token cleaned
[2025-06-07T15:39:01.039Z] [info]: Cleanup key token: 0 refresh token used cleaned
[2025-06-07T15:39:27.591Z] [info]: Server closed
[2025-06-07T15:40:01.139Z] [info]: Cleanup key token: 2 key token cleaned
[2025-06-07T15:40:01.141Z] [info]: Cleanup key token: 0 refresh token used cleaned
[2025-06-07T15:40:21.251Z] [info]: Socket.IO service initialized
[2025-06-07T15:40:21.280Z] [info]: Socket.IO service initialized
[2025-06-07T15:40:21.294Z] [info]: Socket.IO service initialized
[2025-06-07T15:40:40.050Z] [info]: Socket.IO service initialized
[2025-06-07T15:40:40.052Z] [info]: Socket.IO service initialized
[2025-06-07T15:40:40.070Z] [info]: Socket.IO service initialized
[2025-06-07T15:40:59.123Z] [info]: Socket.IO service initialized
[2025-06-07T15:41:00.146Z] [info]: Cleanup key token: 2 key token cleaned
[2025-06-07T15:41:00.147Z] [info]: Cleanup key token: 0 refresh token used cleaned
[2025-06-07T15:41:04.148Z] [info]: Socket.IO service initialized
[2025-06-07T15:41:14.502Z] [info]: Socket.IO service initialized
[2025-06-07T15:41:21.542Z] [info]: Socket.IO service initialized
[2025-06-07T15:42:00.168Z] [info]: Cleanup key token: 2 key token cleaned
[2025-06-07T15:42:00.169Z] [info]: Cleanup key token: 0 refresh token used cleaned
[2025-06-07T15:42:04.543Z] [info]: Server closed
[2025-06-07T15:42:08.339Z] [info]: Socket.IO service initialized
[2025-06-07T15:43:02.017Z] [info]: Cleanup key token: 2 key token cleaned
[2025-06-07T15:43:02.017Z] [info]: Cleanup key token: 0 refresh token used cleaned
[2025-06-07T15:44:00.149Z] [info]: Cleanup key token: 2 key token cleaned
[2025-06-07T15:44:00.151Z] [info]: Cleanup key token: 0 refresh token used cleaned
[2025-06-07T15:44:38.998Z] [info]: Socket.IO service initialized
[2025-06-07T15:44:50.622Z] [info]: Socket.IO service initialized
[2025-06-07T15:44:59.743Z] [info]: Socket.IO service initialized
[2025-06-07T15:45:00.661Z] [info]: Cleanup key token: 2 key token cleaned
[2025-06-07T15:45:00.661Z] [info]: Cleanup key token: 0 refresh token used cleaned
[2025-06-07T15:45:07.594Z] [info]: Socket.IO service initialized
[2025-06-07T15:45:15.216Z] [info]: Socket.IO service initialized
[2025-06-07T15:45:25.096Z] [info]: Socket.IO service initialized
[2025-06-07T15:45:33.070Z] [info]: Socket.IO service initialized
[2025-06-07T15:45:41.524Z] [info]: Socket.IO service initialized
[2025-06-07T15:45:47.227Z] [info]: Socket.IO service initialized
[2025-06-07T15:46:05.991Z] [info]: Socket.IO service initialized
[2025-06-07T15:47:00.253Z] [info]: Cleanup key token: 2 key token cleaned
[2025-06-07T15:47:00.257Z] [info]: Cleanup key token: 0 refresh token used cleaned
[2025-06-07T15:48:01.254Z] [info]: Cleanup key token: 2 key token cleaned
[2025-06-07T15:48:01.255Z] [info]: Cleanup key token: 0 refresh token used cleaned
[2025-06-07T15:48:48.129Z] [info]: Socket.IO service initialized
[2025-06-07T15:49:02.112Z] [info]: Cleanup key token: 2 key token cleaned
[2025-06-07T15:49:02.113Z] [info]: Cleanup key token: 0 refresh token used cleaned
[2025-06-07T15:50:00.222Z] [info]: Cleanup key token: 2 key token cleaned
[2025-06-07T15:50:00.225Z] [info]: Cleanup key token: 0 refresh token used cleaned
[2025-06-07T15:50:06.407Z] [info]: Socket.IO service initialized
[2025-06-07T15:50:15.613Z] [info]: Socket.IO service initialized
[2025-06-07T15:50:24.254Z] [info]: Socket.IO service initialized
[2025-06-07T15:51:00.172Z] [info]: Cleanup key token: 2 key token cleaned
[2025-06-07T15:51:00.172Z] [info]: Cleanup key token: 0 refresh token used cleaned
[2025-06-07T15:52:01.074Z] [info]: Cleanup key token: 2 key token cleaned
[2025-06-07T15:52:01.074Z] [info]: Cleanup key token: 0 refresh token used cleaned
[2025-06-07T15:53:02.929Z] [info]: Cleanup key token: 2 key token cleaned
[2025-06-07T15:53:02.930Z] [info]: Cleanup key token: 0 refresh token used cleaned
[2025-06-07T15:54:00.128Z] [info]: Cleanup key token: 2 key token cleaned
[2025-06-07T15:54:00.128Z] [info]: Cleanup key token: 0 refresh token used cleaned
[2025-06-07T15:55:01.060Z] [info]: Cleanup key token: 2 key token cleaned
[2025-06-07T15:55:01.060Z] [info]: Cleanup key token: 0 refresh token used cleaned
[2025-06-07T15:56:01.225Z] [info]: Cleanup key token: 2 key token cleaned
[2025-06-07T15:56:01.225Z] [info]: Cleanup key token: 0 refresh token used cleaned
[2025-06-07T15:57:00.172Z] [info]: Cleanup key token: 2 key token cleaned
[2025-06-07T15:57:00.174Z] [info]: Cleanup key token: 0 refresh token used cleaned
[2025-06-07T15:58:01.125Z] [info]: Cleanup key token: 2 key token cleaned
[2025-06-07T15:58:01.125Z] [info]: Cleanup key token: 0 refresh token used cleaned
[2025-06-07T15:59:01.337Z] [info]: Cleanup key token: 2 key token cleaned
[2025-06-07T15:59:01.339Z] [info]: Cleanup key token: 0 refresh token used cleaned
[2025-06-07T16:00:00.156Z] [info]: Cleanup key token: 2 key token cleaned
[2025-06-07T16:00:00.157Z] [info]: Cleanup key token: 0 refresh token used cleaned
[2025-06-07T16:01:01.027Z] [info]: Cleanup key token: 2 key token cleaned
[2025-06-07T16:01:01.028Z] [info]: Cleanup key token: 0 refresh token used cleaned
[2025-06-07T16:02:01.188Z] [info]: Cleanup key token: 2 key token cleaned
[2025-06-07T16:02:01.189Z] [info]: Cleanup key token: 0 refresh token used cleaned
[2025-06-07T16:03:00.150Z] [info]: Cleanup key token: 2 key token cleaned
[2025-06-07T16:03:00.151Z] [info]: Cleanup key token: 0 refresh token used cleaned
[2025-06-07T16:04:01.173Z] [info]: Cleanup key token: 2 key token cleaned
[2025-06-07T16:04:01.175Z] [info]: Cleanup key token: 0 refresh token used cleaned
[2025-06-07T16:05:01.170Z] [info]: Cleanup key token: 2 key token cleaned
[2025-06-07T16:05:01.171Z] [info]: Cleanup key token: 0 refresh token used cleaned
[2025-06-07T16:06:00.145Z] [info]: Cleanup key token: 2 key token cleaned
[2025-06-07T16:06:00.146Z] [info]: Cleanup key token: 0 refresh token used cleaned
[2025-06-07T16:07:00.927Z] [info]: Cleanup key token: 2 key token cleaned
[2025-06-07T16:07:00.927Z] [info]: Cleanup key token: 0 refresh token used cleaned
[2025-06-07T16:08:01.423Z] [info]: Cleanup key token: 2 key token cleaned
[2025-06-07T16:08:01.424Z] [info]: Cleanup key token: 0 refresh token used cleaned
[2025-06-07T16:09:03.171Z] [info]: Cleanup key token: 2 key token cleaned
[2025-06-07T16:09:03.172Z] [info]: Cleanup key token: 0 refresh token used cleaned
[2025-06-07T16:10:01.194Z] [info]: Cleanup key token: 2 key token cleaned
[2025-06-07T16:10:01.197Z] [info]: Cleanup key token: 0 refresh token used cleaned
[2025-06-07T16:11:01.212Z] [info]: Cleanup key token: 2 key token cleaned
[2025-06-07T16:11:01.213Z] [info]: Cleanup key token: 0 refresh token used cleaned
[2025-06-07T16:12:03.146Z] [info]: Cleanup key token: 2 key token cleaned
[2025-06-07T16:12:03.147Z] [info]: Cleanup key token: 0 refresh token used cleaned
[2025-06-07T16:13:00.144Z] [info]: Cleanup key token: 2 key token cleaned
[2025-06-07T16:13:00.145Z] [info]: Cleanup key token: 0 refresh token used cleaned
[2025-06-07T16:14:01.016Z] [info]: Cleanup key token: 2 key token cleaned
[2025-06-07T16:14:01.016Z] [info]: Cleanup key token: 0 refresh token used cleaned
[2025-06-07T16:15:01.132Z] [info]: Cleanup key token: 2 key token cleaned
[2025-06-07T16:15:01.133Z] [info]: Cleanup key token: 0 refresh token used cleaned
[2025-06-07T16:16:00.145Z] [info]: Cleanup key token: 2 key token cleaned
[2025-06-07T16:16:00.146Z] [info]: Cleanup key token: 0 refresh token used cleaned
[2025-06-07T16:17:01.091Z] [info]: Cleanup key token: 2 key token cleaned
[2025-06-07T16:17:01.092Z] [info]: Cleanup key token: 0 refresh token used cleaned
[2025-06-07T16:18:01.110Z] [info]: Cleanup key token: 2 key token cleaned
[2025-06-07T16:18:01.111Z] [info]: Cleanup key token: 0 refresh token used cleaned
[2025-06-07T16:19:00.158Z] [info]: Cleanup key token: 2 key token cleaned
[2025-06-07T16:19:00.159Z] [info]: Cleanup key token: 0 refresh token used cleaned
[2025-06-07T16:20:01.486Z] [info]: Cleanup key token: 2 key token cleaned
[2025-06-07T16:20:01.487Z] [info]: Cleanup key token: 0 refresh token used cleaned
[2025-06-07T16:21:01.245Z] [info]: Cleanup key token: 2 key token cleaned
[2025-06-07T16:21:01.245Z] [info]: Cleanup key token: 0 refresh token used cleaned
[2025-06-07T16:22:00.147Z] [info]: Cleanup key token: 2 key token cleaned
[2025-06-07T16:22:00.147Z] [info]: Cleanup key token: 0 refresh token used cleaned
[2025-06-07T16:23:01.084Z] [info]: Cleanup key token: 2 key token cleaned
[2025-06-07T16:23:01.085Z] [info]: Cleanup key token: 0 refresh token used cleaned
[2025-06-07T16:24:01.125Z] [info]: Cleanup key token: 2 key token cleaned
[2025-06-07T16:24:01.126Z] [info]: Cleanup key token: 0 refresh token used cleaned
[2025-06-07T16:25:03.159Z] [info]: Cleanup key token: 2 key token cleaned
[2025-06-07T16:25:03.160Z] [info]: Cleanup key token: 0 refresh token used cleaned
[2025-06-07T16:26:01.094Z] [info]: Cleanup key token: 2 key token cleaned
[2025-06-07T16:26:01.095Z] [info]: Cleanup key token: 0 refresh token used cleaned
[2025-06-07T16:27:01.160Z] [info]: Cleanup key token: 2 key token cleaned
[2025-06-07T16:27:01.161Z] [info]: Cleanup key token: 0 refresh token used cleaned
[2025-06-07T16:28:01.378Z] [info]: Cleanup key token: 2 key token cleaned
[2025-06-07T16:28:01.380Z] [info]: Cleanup key token: 0 refresh token used cleaned
[2025-06-07T16:28:10.646Z] [info]: Socket.IO service initialized
[2025-06-07T16:28:53.626Z] [info]: Socket.IO service initialized
[2025-06-07T16:29:00.152Z] [info]: Cleanup key token: 2 key token cleaned
[2025-06-07T16:29:00.153Z] [info]: Cleanup key token: 0 refresh token used cleaned
[2025-06-07T16:30:01.169Z] [info]: Cleanup key token: 2 key token cleaned
[2025-06-07T16:30:01.170Z] [info]: Cleanup key token: 0 refresh token used cleaned
[2025-06-07T16:31:01.136Z] [info]: Cleanup key token: 2 key token cleaned
[2025-06-07T16:31:01.139Z] [info]: Cleanup key token: 0 refresh token used cleaned
[2025-06-07T16:32:00.141Z] [info]: Cleanup key token: 2 key token cleaned
[2025-06-07T16:32:00.142Z] [info]: Cleanup key token: 0 refresh token used cleaned
[2025-06-07T16:32:48.567Z] [info]: Server closed
